[2025-12-01T13:17:34.221+0000] {local_task_job_runner.py:120} INFO - ::group::Pre task execution logs
[2025-12-01T13:17:34.504+0000] {taskinstance.py:2076} INFO - Dependencies all met for dep_context=non-requeueable deps ti=<TaskInstance: mongo_to_iceberg_dag.run_mongo_to_iceberg manual__2025-12-01T13:17:31.845597+00:00 [queued]>
[2025-12-01T13:17:34.518+0000] {taskinstance.py:2076} INFO - Dependencies all met for dep_context=requeueable deps ti=<TaskInstance: mongo_to_iceberg_dag.run_mongo_to_iceberg manual__2025-12-01T13:17:31.845597+00:00 [queued]>
[2025-12-01T13:17:34.539+0000] {taskinstance.py:2306} INFO - Starting attempt 1 of 1
[2025-12-01T13:17:34.615+0000] {taskinstance.py:2330} INFO - Executing <Task(PythonOperator): run_mongo_to_iceberg> on 2025-12-01 13:17:31.845597+00:00
[2025-12-01T13:17:34.622+0000] {standard_task_runner.py:63} INFO - Started process 240 to run task
[2025-12-01T13:17:34.693+0000] {standard_task_runner.py:90} INFO - Running: ['***', 'tasks', 'run', 'mongo_to_iceberg_dag', 'run_mongo_to_iceberg', 'manual__2025-12-01T13:17:31.845597+00:00', '--job-id', '21', '--raw', '--subdir', 'DAGS_FOLDER/spark_read_mongo_dag.py', '--cfg-path', '/tmp/tmpyc1901cx']
[2025-12-01T13:17:34.703+0000] {standard_task_runner.py:91} INFO - Job 21: Subtask run_mongo_to_iceberg
[2025-12-01T13:17:35.112+0000] {task_command.py:426} INFO - Running <TaskInstance: mongo_to_iceberg_dag.run_mongo_to_iceberg manual__2025-12-01T13:17:31.845597+00:00 [running]> on host 50d2a8719cf2
[2025-12-01T13:17:35.846+0000] {taskinstance.py:2648} INFO - Exporting env vars: AIRFLOW_CTX_DAG_OWNER='deeku' AIRFLOW_CTX_DAG_ID='mongo_to_iceberg_dag' AIRFLOW_CTX_TASK_ID='run_mongo_to_iceberg' AIRFLOW_CTX_EXECUTION_DATE='2025-12-01T13:17:31.845597+00:00' AIRFLOW_CTX_TRY_NUMBER='1' AIRFLOW_CTX_DAG_RUN_ID='manual__2025-12-01T13:17:31.845597+00:00'
[2025-12-01T13:17:35.847+0000] {taskinstance.py:430} INFO - ::endgroup::
[2025-12-01T13:17:36.365+0000] {logging_mixin.py:188} INFO - Running: spark-submit --jars /opt/***/jars/mongo-spark-connector_2.12-10.1.1.jar,/opt/***/jars/iceberg-spark-runtime-3.5_2.12-1.5.2.jar,/opt/***/jars/hadoop-aws-3.3.4.jar,/opt/***/jars/aws-java-sdk-bundle-1.12.772.jar /opt/***/spark_jobs/mongo_pyspark.py
[2025-12-01T13:17:36.366+0000] {logging_mixin.py:188} INFO - Env PATH (start): ['/opt/spark/bin', '/usr/lib/jvm/java-17-openjdk-amd64/bin', '/opt/spark/bin']
[2025-12-01T13:17:36.601+0000] {logging_mixin.py:188} INFO - === spark-submit stdout ===
[2025-12-01T13:17:36.602+0000] {logging_mixin.py:188} INFO - === spark-submit stderr ===
[2025-12-01T13:17:36.603+0000] {logging_mixin.py:188} INFO - /home/***/.local/bin/spark-submit: line 27: /opt/spark/bin/spark-class: No such file or directory
[2025-12-01T13:17:36.604+0000] {taskinstance.py:441} INFO - ::group::Post task execution logs
[2025-12-01T13:17:36.605+0000] {taskinstance.py:2905} ERROR - Task failed with exception
Traceback (most recent call last):
  File "/home/airflow/.local/lib/python3.9/site-packages/airflow/models/taskinstance.py", line 465, in _execute_task
    result = _execute_callable(context=context, **execute_callable_kwargs)
  File "/home/airflow/.local/lib/python3.9/site-packages/airflow/models/taskinstance.py", line 432, in _execute_callable
    return execute_callable(context=context, **execute_callable_kwargs)
  File "/home/airflow/.local/lib/python3.9/site-packages/airflow/models/baseoperator.py", line 401, in wrapper
    return func(self, *args, **kwargs)
  File "/home/airflow/.local/lib/python3.9/site-packages/airflow/operators/python.py", line 235, in execute
    return_value = self.execute_callable()
  File "/home/airflow/.local/lib/python3.9/site-packages/airflow/operators/python.py", line 252, in execute_callable
    return self.python_callable(*self.op_args, **self.op_kwargs)
  File "/opt/airflow/dags/spark_read_mongo_dag.py", line 51, in run_spark_job
    raise RuntimeError(f"spark-submit failed (exit {process.returncode}). stderr:\n{process.stderr}")
RuntimeError: spark-submit failed (exit 127). stderr:
/home/***/.local/bin/spark-submit: line 27: /opt/spark/bin/spark-class: No such file or directory

[2025-12-01T13:17:36.692+0000] {taskinstance.py:1206} INFO - Marking task as FAILED. dag_id=mongo_to_iceberg_dag, task_id=run_mongo_to_iceberg, run_id=manual__2025-12-01T13:17:31.845597+00:00, execution_date=20251201T131731, start_date=20251201T131734, end_date=20251201T131736
[2025-12-01T13:17:37.005+0000] {standard_task_runner.py:110} ERROR - Failed to execute job 21 for task run_mongo_to_iceberg (spark-submit failed (exit 127). stderr:
/home/***/.local/bin/spark-submit: line 27: /opt/spark/bin/spark-class: No such file or directory
; 240)
[2025-12-01T13:17:37.046+0000] {local_task_job_runner.py:240} INFO - Task exited with return code 1
[2025-12-01T13:17:37.087+0000] {taskinstance.py:3503} INFO - 0 downstream tasks scheduled from follow-on schedule check
[2025-12-01T13:17:37.117+0000] {local_task_job_runner.py:222} INFO - ::endgroup::
