[2025-12-08T09:31:23.402+0000] {local_task_job_runner.py:120} INFO - ::group::Pre task execution logs
[2025-12-08T09:31:23.481+0000] {taskinstance.py:2076} INFO - Dependencies all met for dep_context=non-requeueable deps ti=<TaskInstance: mongo_iceberg_dremio_dag.dremio_verify_table manual__2025-12-08T09:30:39.210628+00:00 [queued]>
[2025-12-08T09:31:23.494+0000] {taskinstance.py:2076} INFO - Dependencies all met for dep_context=requeueable deps ti=<TaskInstance: mongo_iceberg_dremio_dag.dremio_verify_table manual__2025-12-08T09:30:39.210628+00:00 [queued]>
[2025-12-08T09:31:23.496+0000] {taskinstance.py:2306} INFO - Starting attempt 1 of 2
[2025-12-08T09:31:23.589+0000] {taskinstance.py:2330} INFO - Executing <Task(PythonOperator): dremio_verify_table> on 2025-12-08 09:30:39.210628+00:00
[2025-12-08T09:31:23.608+0000] {standard_task_runner.py:63} INFO - Started process 2906 to run task
[2025-12-08T09:31:23.624+0000] {standard_task_runner.py:90} INFO - Running: ['***', 'tasks', 'run', 'mongo_iceberg_dremio_dag', 'dremio_verify_table', 'manual__2025-12-08T09:30:39.210628+00:00', '--job-id', '87', '--raw', '--subdir', 'DAGS_FOLDER/spark_read_mongo_dag.py', '--cfg-path', '/tmp/tmp1phsof91']
[2025-12-08T09:31:23.635+0000] {standard_task_runner.py:91} INFO - Job 87: Subtask dremio_verify_table
[2025-12-08T09:31:24.080+0000] {task_command.py:426} INFO - Running <TaskInstance: mongo_iceberg_dremio_dag.dremio_verify_table manual__2025-12-08T09:30:39.210628+00:00 [running]> on host ef1c6bdacaab
[2025-12-08T09:31:24.315+0000] {taskinstance.py:2648} INFO - Exporting env vars: AIRFLOW_CTX_DAG_OWNER='deeku' AIRFLOW_CTX_DAG_ID='mongo_iceberg_dremio_dag' AIRFLOW_CTX_TASK_ID='dremio_verify_table' AIRFLOW_CTX_EXECUTION_DATE='2025-12-08T09:30:39.210628+00:00' AIRFLOW_CTX_TRY_NUMBER='1' AIRFLOW_CTX_DAG_RUN_ID='manual__2025-12-08T09:30:39.210628+00:00'
[2025-12-08T09:31:24.317+0000] {taskinstance.py:430} INFO - ::endgroup::
[2025-12-08T09:31:24.342+0000] {spark_read_mongo_dag.py:526} INFO - Trying SQL: SELECT COUNT(*) AS cnt FROM "iceberg"."ai_segmentation"."conversations"
[2025-12-08T09:32:25.633+0000] {spark_read_mongo_dag.py:533} WARNING - SQL failed: SELECT COUNT(*) AS cnt FROM "iceberg"."ai_segmentation"."conversations" - Error: Timed out waiting for Dremio job to finish
[2025-12-08T09:32:25.637+0000] {spark_read_mongo_dag.py:526} INFO - Trying SQL: SELECT COUNT(*) AS cnt FROM "iceberg"."conversations"
[2025-12-08T09:33:26.094+0000] {spark_read_mongo_dag.py:533} WARNING - SQL failed: SELECT COUNT(*) AS cnt FROM "iceberg"."conversations" - Error: Timed out waiting for Dremio job to finish
[2025-12-08T09:33:26.096+0000] {spark_read_mongo_dag.py:526} INFO - Trying SQL: SHOW TABLES IN "iceberg"."ai_segmentation"
[2025-12-08T09:34:26.657+0000] {spark_read_mongo_dag.py:533} WARNING - SQL failed: SHOW TABLES IN "iceberg"."ai_segmentation" - Error: Timed out waiting for Dremio job to finish
[2025-12-08T09:34:26.658+0000] {spark_read_mongo_dag.py:526} INFO - Trying SQL: SHOW TABLES IN "iceberg"
[2025-12-08T09:35:26.894+0000] {spark_read_mongo_dag.py:533} WARNING - SQL failed: SHOW TABLES IN "iceberg" - Error: Timed out waiting for Dremio job to finish
[2025-12-08T09:35:26.897+0000] {taskinstance.py:441} INFO - ::group::Post task execution logs
[2025-12-08T09:35:26.910+0000] {taskinstance.py:2905} ERROR - Task failed with exception
Traceback (most recent call last):
  File "/home/airflow/.local/lib/python3.9/site-packages/airflow/models/taskinstance.py", line 465, in _execute_task
    result = _execute_callable(context=context, **execute_callable_kwargs)
  File "/home/airflow/.local/lib/python3.9/site-packages/airflow/models/taskinstance.py", line 432, in _execute_callable
    return execute_callable(context=context, **execute_callable_kwargs)
  File "/home/airflow/.local/lib/python3.9/site-packages/airflow/models/baseoperator.py", line 401, in wrapper
    return func(self, *args, **kwargs)
  File "/home/airflow/.local/lib/python3.9/site-packages/airflow/operators/python.py", line 235, in execute
    return_value = self.execute_callable()
  File "/home/airflow/.local/lib/python3.9/site-packages/airflow/operators/python.py", line 252, in execute_callable
    return self.python_callable(*self.op_args, **self.op_kwargs)
  File "/opt/airflow/dags/spark_read_mongo_dag.py", line 536, in dremio_query_task
    raise RuntimeError("All SQL attempts failed")
RuntimeError: All SQL attempts failed
[2025-12-08T09:35:26.950+0000] {taskinstance.py:1206} INFO - Marking task as UP_FOR_RETRY. dag_id=mongo_iceberg_dremio_dag, task_id=dremio_verify_table, run_id=manual__2025-12-08T09:30:39.210628+00:00, execution_date=20251208T093039, start_date=20251208T093123, end_date=20251208T093526
[2025-12-08T09:35:27.032+0000] {standard_task_runner.py:110} ERROR - Failed to execute job 87 for task dremio_verify_table (All SQL attempts failed; 2906)
[2025-12-08T09:35:27.082+0000] {local_task_job_runner.py:240} INFO - Task exited with return code 1
[2025-12-08T09:35:27.106+0000] {taskinstance.py:3503} INFO - 0 downstream tasks scheduled from follow-on schedule check
[2025-12-08T09:35:27.140+0000] {local_task_job_runner.py:222} INFO - ::endgroup::
