[2025-12-03T06:41:33.149+0000] {local_task_job_runner.py:120} INFO - ::group::Pre task execution logs
[2025-12-03T06:41:33.200+0000] {taskinstance.py:2076} INFO - Dependencies all met for dep_context=non-requeueable deps ti=<TaskInstance: mongo_iceberg_dag.run_mongo_to_iceberg manual__2025-12-03T06:41:31.661637+00:00 [queued]>
[2025-12-03T06:41:33.209+0000] {taskinstance.py:2076} INFO - Dependencies all met for dep_context=requeueable deps ti=<TaskInstance: mongo_iceberg_dag.run_mongo_to_iceberg manual__2025-12-03T06:41:31.661637+00:00 [queued]>
[2025-12-03T06:41:33.235+0000] {taskinstance.py:2306} INFO - Starting attempt 1 of 1
[2025-12-03T06:41:33.350+0000] {taskinstance.py:2330} INFO - Executing <Task(PythonOperator): run_mongo_to_iceberg> on 2025-12-03 06:41:31.661637+00:00
[2025-12-03T06:41:33.356+0000] {standard_task_runner.py:63} INFO - Started process 210 to run task
[2025-12-03T06:41:33.361+0000] {standard_task_runner.py:90} INFO - Running: ['***', 'tasks', 'run', 'mongo_iceberg_dag', 'run_mongo_to_iceberg', 'manual__2025-12-03T06:41:31.661637+00:00', '--job-id', '33', '--raw', '--subdir', 'DAGS_FOLDER/spark_read_mongo_dag.py', '--cfg-path', '/tmp/tmpy3740per']
[2025-12-03T06:41:33.364+0000] {standard_task_runner.py:91} INFO - Job 33: Subtask run_mongo_to_iceberg
[2025-12-03T06:41:33.562+0000] {task_command.py:426} INFO - Running <TaskInstance: mongo_iceberg_dag.run_mongo_to_iceberg manual__2025-12-03T06:41:31.661637+00:00 [running]> on host cceea9414d94
[2025-12-03T06:41:33.914+0000] {taskinstance.py:2648} INFO - Exporting env vars: AIRFLOW_CTX_DAG_OWNER='deeku' AIRFLOW_CTX_DAG_ID='mongo_iceberg_dag' AIRFLOW_CTX_TASK_ID='run_mongo_to_iceberg' AIRFLOW_CTX_EXECUTION_DATE='2025-12-03T06:41:31.661637+00:00' AIRFLOW_CTX_TRY_NUMBER='1' AIRFLOW_CTX_DAG_RUN_ID='manual__2025-12-03T06:41:31.661637+00:00'
[2025-12-03T06:41:33.915+0000] {taskinstance.py:430} INFO - ::endgroup::
[2025-12-03T06:41:33.980+0000] {spark_read_mongo_dag.py:28} INFO - START run_spark_job
[2025-12-03T06:41:33.983+0000] {spark_read_mongo_dag.py:30} INFO - Checking path: /opt/***/spark_jobs/mongo_pyspark.py exists=True
[2025-12-03T06:41:33.984+0000] {spark_read_mongo_dag.py:30} INFO - Checking path: /opt/***/jars exists=True
[2025-12-03T06:41:33.987+0000] {spark_read_mongo_dag.py:34} INFO - Jar check: /opt/***/jars/mongo-spark-connector_2.12-10.1.1.jar exists=True size=156368
[2025-12-03T06:41:33.988+0000] {spark_read_mongo_dag.py:34} INFO - Jar check: /opt/***/jars/bson-4.11.2.jar exists=True size=511356
[2025-12-03T06:41:33.990+0000] {spark_read_mongo_dag.py:34} INFO - Jar check: /opt/***/jars/mongodb-driver-core-4.11.2.jar exists=True size=1670650
[2025-12-03T06:41:33.991+0000] {spark_read_mongo_dag.py:34} INFO - Jar check: /opt/***/jars/mongodb-driver-sync-4.11.2.jar exists=True size=151808
[2025-12-03T06:41:33.993+0000] {spark_read_mongo_dag.py:34} INFO - Jar check: /opt/***/jars/iceberg-spark-runtime-3.5_2.12-1.5.2.jar exists=True size=41604737
[2025-12-03T06:41:33.995+0000] {spark_read_mongo_dag.py:34} INFO - Jar check: /opt/***/jars/hadoop-aws-3.3.4.jar exists=True size=962685
[2025-12-03T06:41:33.996+0000] {spark_read_mongo_dag.py:34} INFO - Jar check: /opt/***/jars/aws-java-sdk-bundle-1.12.772.jar exists=True size=388405806
[2025-12-03T06:41:33.997+0000] {spark_read_mongo_dag.py:36} INFO - which spark-submit -> /home/***/.local/bin/spark-submit
[2025-12-03T06:41:33.998+0000] {spark_read_mongo_dag.py:45} INFO - ENV SPARK_HOME=/opt/spark/spark-3.4.1-bin-hadoop3 JAVA_HOME=/usr/lib/jvm/java-17-openjdk-amd64
[2025-12-03T06:41:33.998+0000] {spark_read_mongo_dag.py:46} INFO - Env PATH head: ['/opt/spark/spark-3.4.1-bin-hadoop3/bin', '/usr/lib/jvm/java-17-openjdk-amd64/bin', '/opt/spark/bin', '/usr/lib/jvm/java-17-openjdk-amd64/bin', '/root/bin']
[2025-12-03T06:41:33.998+0000] {spark_read_mongo_dag.py:49} INFO - Running command: spark-submit --jars /opt/***/jars/mongo-spark-connector_2.12-10.1.1.jar,/opt/***/jars/bson-4.11.2.jar,/opt/***/jars/mongodb-driver-core-4.11.2.jar,/opt/***/jars/mongodb-driver-sync-4.11.2.jar,/opt/***/jars/iceberg-spark-runtime-3.5_2.12-1.5.2.jar,/opt/***/jars/hadoop-aws-3.3.4.jar,/opt/***/jars/aws-java-sdk-bundle-1.12.772.jar /opt/***/spark_jobs/mongo_pyspark.py
[2025-12-03T06:42:15.632+0000] {spark_read_mongo_dag.py:51} INFO - Process finished. returncode=1
[2025-12-03T06:42:15.633+0000] {spark_read_mongo_dag.py:54} INFO - spark-submit stdout | 2025-12-03 06:41:36,987 INFO mongo_to_iceberg - START main at 2025-12-03 06:41:36
[2025-12-03T06:42:15.634+0000] {spark_read_mongo_dag.py:54} INFO - spark-submit stdout | 2025-12-03 06:41:36,987 INFO mongo_to_iceberg - Checking required JARs under /opt/***/jars
[2025-12-03T06:42:15.634+0000] {spark_read_mongo_dag.py:54} INFO - spark-submit stdout | 2025-12-03 06:41:36,990 INFO mongo_to_iceberg - JAR: /opt/***/jars/mongo-spark-connector_2.12-10.1.1.jar exists=True size=156368
[2025-12-03T06:42:15.635+0000] {spark_read_mongo_dag.py:54} INFO - spark-submit stdout | 2025-12-03 06:41:36,994 INFO mongo_to_iceberg - JAR: /opt/***/jars/bson-4.11.2.jar exists=True size=511356
[2025-12-03T06:42:15.636+0000] {spark_read_mongo_dag.py:54} INFO - spark-submit stdout | 2025-12-03 06:41:36,998 INFO mongo_to_iceberg - JAR: /opt/***/jars/mongodb-driver-core-4.11.2.jar exists=True size=1670650
[2025-12-03T06:42:15.636+0000] {spark_read_mongo_dag.py:54} INFO - spark-submit stdout | 2025-12-03 06:41:37,001 INFO mongo_to_iceberg - JAR: /opt/***/jars/mongodb-driver-sync-4.11.2.jar exists=True size=151808
[2025-12-03T06:42:15.637+0000] {spark_read_mongo_dag.py:54} INFO - spark-submit stdout | 2025-12-03 06:41:37,006 INFO mongo_to_iceberg - JAR: /opt/***/jars/iceberg-spark-runtime-3.5_2.12-1.5.2.jar exists=True size=41604737
[2025-12-03T06:42:15.637+0000] {spark_read_mongo_dag.py:54} INFO - spark-submit stdout | 2025-12-03 06:41:37,010 INFO mongo_to_iceberg - JAR: /opt/***/jars/hadoop-aws-3.3.4.jar exists=True size=962685
[2025-12-03T06:42:15.638+0000] {spark_read_mongo_dag.py:54} INFO - spark-submit stdout | 2025-12-03 06:41:37,013 INFO mongo_to_iceberg - JAR: /opt/***/jars/aws-java-sdk-bundle-1.12.772.jar exists=True size=388405806
[2025-12-03T06:42:15.638+0000] {spark_read_mongo_dag.py:54} INFO - spark-submit stdout | 2025-12-03 06:41:37,013 INFO mongo_to_iceberg - Mongo URI (masked): mongodb://172.168.168.206:27017/ai_segmentation.conversations
[2025-12-03T06:42:15.639+0000] {spark_read_mongo_dag.py:54} INFO - spark-submit stdout | 2025-12-03 06:41:37,013 INFO mongo_to_iceberg - Using Iceberg warehouse (must be s3a://): s3a://iceberg/
[2025-12-03T06:42:15.639+0000] {spark_read_mongo_dag.py:54} INFO - spark-submit stdout | 2025-12-03 06:41:37,013 INFO mongo_to_iceberg - S3 endpoint=http://minio:9000 path_style=true ssl_enabled=false
[2025-12-03T06:42:15.640+0000] {spark_read_mongo_dag.py:54} INFO - spark-submit stdout | 2025-12-03 06:41:37,013 INFO mongo_to_iceberg - Creating SparkSession...
[2025-12-03T06:42:15.640+0000] {spark_read_mongo_dag.py:54} INFO - spark-submit stdout | 2025-12-03 06:41:43,567 INFO mongo_to_iceberg - SparkSession created. Spark version=3.4.1
[2025-12-03T06:42:15.641+0000] {spark_read_mongo_dag.py:54} INFO - spark-submit stdout | 2025-12-03 06:41:44,320 INFO mongo_to_iceberg - spark.jars config=/opt/***/jars/mongo-spark-connector_2.12-10.1.1.jar,/opt/***/jars/bson-4.11.2.jar,/opt/***/jars/mongodb-driver-core-4.11.2.jar,/opt/***/jars/mongodb-driver-sync-4.11.2.jar,/opt/***/jars/iceberg-spark-runtime-3.5_2.12-1.5.2.jar,/opt/***/jars/hadoop-aws-3.3.4.jar,/opt/***/jars/aws-java-sdk-bundle-1.12.772.jar
[2025-12-03T06:42:15.641+0000] {spark_read_mongo_dag.py:54} INFO - spark-submit stdout | 2025-12-03 06:41:44,321 INFO mongo_to_iceberg - spark.mongodb.read.connection.uri=mongodb://172.168.168.206:27017/ai_segmentation.conversations
[2025-12-03T06:42:15.642+0000] {spark_read_mongo_dag.py:54} INFO - spark-submit stdout | 2025-12-03 06:41:44,322 INFO mongo_to_iceberg - spark.sql.catalog.iceberg_catalog.warehouse=s3a://iceberg/
[2025-12-03T06:42:15.642+0000] {spark_read_mongo_dag.py:54} INFO - spark-submit stdout | 2025-12-03 06:41:44,322 INFO mongo_to_iceberg - Starting read from MongoDB collection ai_segmentation.conversations
[2025-12-03T06:42:15.642+0000] {spark_read_mongo_dag.py:54} INFO - spark-submit stdout | 2025-12-03 06:42:15,004 ERROR mongo_to_iceberg - Exception during job: An error occurred while calling o62.load.
[2025-12-03T06:42:15.643+0000] {spark_read_mongo_dag.py:54} INFO - spark-submit stdout | : com.mongodb.MongoTimeoutException: Timed out after 30000 ms while waiting for a server that matches ReadPreferenceServerSelector{readPreference=primary}. Client view of cluster state is {type=UNKNOWN, servers=[{address=172.168.168.206:27017, type=UNKNOWN, state=CONNECTING, exception={com.mongodb.MongoSocketOpenException: Exception opening socket}, caused by {java.net.SocketTimeoutException: Connect timed out}}]
[2025-12-03T06:42:15.643+0000] {spark_read_mongo_dag.py:54} INFO - spark-submit stdout | 	at com.mongodb.internal.connection.BaseCluster.createTimeoutException(BaseCluster.java:380)
[2025-12-03T06:42:15.644+0000] {spark_read_mongo_dag.py:54} INFO - spark-submit stdout | 	at com.mongodb.internal.connection.BaseCluster.selectServer(BaseCluster.java:125)
[2025-12-03T06:42:15.644+0000] {spark_read_mongo_dag.py:54} INFO - spark-submit stdout | 	at com.mongodb.internal.connection.SingleServerCluster.selectServer(SingleServerCluster.java:46)
[2025-12-03T06:42:15.644+0000] {spark_read_mongo_dag.py:54} INFO - spark-submit stdout | 	at com.mongodb.internal.binding.ClusterBinding.getReadConnectionSource(ClusterBinding.java:116)
[2025-12-03T06:42:15.644+0000] {spark_read_mongo_dag.py:54} INFO - spark-submit stdout | 	at com.mongodb.client.internal.ClientSessionBinding.getConnectionSource(ClientSessionBinding.java:128)
[2025-12-03T06:42:15.645+0000] {spark_read_mongo_dag.py:54} INFO - spark-submit stdout | 	at com.mongodb.client.internal.ClientSessionBinding.getReadConnectionSource(ClientSessionBinding.java:92)
[2025-12-03T06:42:15.645+0000] {spark_read_mongo_dag.py:54} INFO - spark-submit stdout | 	at com.mongodb.internal.operation.SyncOperationHelper.withSuppliedResource(SyncOperationHelper.java:144)
[2025-12-03T06:42:15.645+0000] {spark_read_mongo_dag.py:54} INFO - spark-submit stdout | 	at com.mongodb.internal.operation.SyncOperationHelper.withSourceAndConnection(SyncOperationHelper.java:125)
[2025-12-03T06:42:15.646+0000] {spark_read_mongo_dag.py:54} INFO - spark-submit stdout | 	at com.mongodb.internal.operation.SyncOperationHelper.lambda$executeRetryableRead$4(SyncOperationHelper.java:189)
[2025-12-03T06:42:15.646+0000] {spark_read_mongo_dag.py:54} INFO - spark-submit stdout | 	at com.mongodb.internal.operation.SyncOperationHelper.lambda$decorateReadWithRetries$12(SyncOperationHelper.java:292)
[2025-12-03T06:42:15.646+0000] {spark_read_mongo_dag.py:54} INFO - spark-submit stdout | 	at com.mongodb.internal.async.function.RetryingSyncSupplier.get(RetryingSyncSupplier.java:67)
[2025-12-03T06:42:15.647+0000] {spark_read_mongo_dag.py:54} INFO - spark-submit stdout | 	at com.mongodb.internal.operation.SyncOperationHelper.executeRetryableRead(SyncOperationHelper.java:194)
[2025-12-03T06:42:15.647+0000] {spark_read_mongo_dag.py:54} INFO - spark-submit stdout | 	at com.mongodb.internal.operation.SyncOperationHelper.executeRetryableRead(SyncOperationHelper.java:176)
[2025-12-03T06:42:15.647+0000] {spark_read_mongo_dag.py:54} INFO - spark-submit stdout | 	at com.mongodb.internal.operation.AggregateOperationImpl.execute(AggregateOperationImpl.java:193)
[2025-12-03T06:42:15.647+0000] {spark_read_mongo_dag.py:54} INFO - spark-submit stdout | 	at com.mongodb.internal.operation.AggregateOperation.execute(AggregateOperation.java:153)
[2025-12-03T06:42:15.648+0000] {spark_read_mongo_dag.py:54} INFO - spark-submit stdout | 	at com.mongodb.internal.operation.AggregateOperation.execute(AggregateOperation.java:44)
[2025-12-03T06:42:15.648+0000] {spark_read_mongo_dag.py:54} INFO - spark-submit stdout | 	at com.mongodb.client.internal.MongoClientDelegate$DelegateOperationExecutor.execute(MongoClientDelegate.java:153)
[2025-12-03T06:42:15.648+0000] {spark_read_mongo_dag.py:54} INFO - spark-submit stdout | 	at com.mongodb.client.internal.MongoIterableImpl.execute(MongoIterableImpl.java:130)
[2025-12-03T06:42:15.649+0000] {spark_read_mongo_dag.py:54} INFO - spark-submit stdout | 	at com.mongodb.client.internal.MongoIterableImpl.iterator(MongoIterableImpl.java:90)
[2025-12-03T06:42:15.649+0000] {spark_read_mongo_dag.py:54} INFO - spark-submit stdout | 	at com.mongodb.client.internal.MongoIterableImpl.forEach(MongoIterableImpl.java:116)
[2025-12-03T06:42:15.649+0000] {spark_read_mongo_dag.py:54} INFO - spark-submit stdout | 	at com.mongodb.client.internal.MongoIterableImpl.into(MongoIterableImpl.java:125)
[2025-12-03T06:42:15.650+0000] {spark_read_mongo_dag.py:54} INFO - spark-submit stdout | 	at com.mongodb.spark.sql.connector.schema.InferSchema.lambda$inferSchema$0(InferSchema.java:86)
[2025-12-03T06:42:15.650+0000] {spark_read_mongo_dag.py:54} INFO - spark-submit stdout | 	at com.mongodb.spark.sql.connector.config.AbstractMongoConfig.withCollection(AbstractMongoConfig.java:173)
[2025-12-03T06:42:15.650+0000] {spark_read_mongo_dag.py:54} INFO - spark-submit stdout | 	at com.mongodb.spark.sql.connector.config.ReadConfig.withCollection(ReadConfig.java:45)
[2025-12-03T06:42:15.651+0000] {spark_read_mongo_dag.py:54} INFO - spark-submit stdout | 	at com.mongodb.spark.sql.connector.schema.InferSchema.inferSchema(InferSchema.java:82)
[2025-12-03T06:42:15.651+0000] {spark_read_mongo_dag.py:54} INFO - spark-submit stdout | 	at com.mongodb.spark.sql.connector.MongoTableProvider.inferSchema(MongoTableProvider.java:62)
[2025-12-03T06:42:15.651+0000] {spark_read_mongo_dag.py:54} INFO - spark-submit stdout | 	at org.apache.spark.sql.execution.datasources.v2.DataSourceV2Utils$.getTableFromProvider(DataSourceV2Utils.scala:90)
[2025-12-03T06:42:15.651+0000] {spark_read_mongo_dag.py:54} INFO - spark-submit stdout | 	at org.apache.spark.sql.execution.datasources.v2.DataSourceV2Utils$.loadV2Source(DataSourceV2Utils.scala:140)
[2025-12-03T06:42:15.652+0000] {spark_read_mongo_dag.py:54} INFO - spark-submit stdout | 	at org.apache.spark.sql.DataFrameReader.$anonfun$load$1(DataFrameReader.scala:210)
[2025-12-03T06:42:15.652+0000] {spark_read_mongo_dag.py:54} INFO - spark-submit stdout | 	at scala.Option.flatMap(Option.scala:271)
[2025-12-03T06:42:15.652+0000] {spark_read_mongo_dag.py:54} INFO - spark-submit stdout | 	at org.apache.spark.sql.DataFrameReader.load(DataFrameReader.scala:208)
[2025-12-03T06:42:15.653+0000] {spark_read_mongo_dag.py:54} INFO - spark-submit stdout | 	at org.apache.spark.sql.DataFrameReader.load(DataFrameReader.scala:172)
[2025-12-03T06:42:15.653+0000] {spark_read_mongo_dag.py:54} INFO - spark-submit stdout | 	at java.base/jdk.internal.reflect.NativeMethodAccessorImpl.invoke0(Native Method)
[2025-12-03T06:42:15.653+0000] {spark_read_mongo_dag.py:54} INFO - spark-submit stdout | 	at java.base/jdk.internal.reflect.NativeMethodAccessorImpl.invoke(NativeMethodAccessorImpl.java:77)
[2025-12-03T06:42:15.654+0000] {spark_read_mongo_dag.py:54} INFO - spark-submit stdout | 	at java.base/jdk.internal.reflect.DelegatingMethodAccessorImpl.invoke(DelegatingMethodAccessorImpl.java:43)
[2025-12-03T06:42:15.654+0000] {spark_read_mongo_dag.py:54} INFO - spark-submit stdout | 	at java.base/java.lang.reflect.Method.invoke(Method.java:569)
[2025-12-03T06:42:15.654+0000] {spark_read_mongo_dag.py:54} INFO - spark-submit stdout | 	at py4j.reflection.MethodInvoker.invoke(MethodInvoker.java:244)
[2025-12-03T06:42:15.655+0000] {spark_read_mongo_dag.py:54} INFO - spark-submit stdout | 	at py4j.reflection.ReflectionEngine.invoke(ReflectionEngine.java:374)
[2025-12-03T06:42:15.655+0000] {spark_read_mongo_dag.py:54} INFO - spark-submit stdout | 	at py4j.Gateway.invoke(Gateway.java:282)
[2025-12-03T06:42:15.655+0000] {spark_read_mongo_dag.py:54} INFO - spark-submit stdout | 	at py4j.commands.AbstractCommand.invokeMethod(AbstractCommand.java:132)
[2025-12-03T06:42:15.655+0000] {spark_read_mongo_dag.py:54} INFO - spark-submit stdout | 	at py4j.commands.CallCommand.execute(CallCommand.java:79)
[2025-12-03T06:42:15.656+0000] {spark_read_mongo_dag.py:54} INFO - spark-submit stdout | 	at py4j.ClientServerConnection.waitForCommands(ClientServerConnection.java:182)
[2025-12-03T06:42:15.656+0000] {spark_read_mongo_dag.py:54} INFO - spark-submit stdout | 	at py4j.ClientServerConnection.run(ClientServerConnection.java:106)
[2025-12-03T06:42:15.656+0000] {spark_read_mongo_dag.py:54} INFO - spark-submit stdout | 	at java.base/java.lang.Thread.run(Thread.java:840)
[2025-12-03T06:42:15.657+0000] {spark_read_mongo_dag.py:54} INFO - spark-submit stdout | 
[2025-12-03T06:42:15.657+0000] {spark_read_mongo_dag.py:54} INFO - spark-submit stdout | 2025-12-03 06:42:15,020 ERROR mongo_to_iceberg - Traceback:
[2025-12-03T06:42:15.657+0000] {spark_read_mongo_dag.py:54} INFO - spark-submit stdout | Traceback (most recent call last):
[2025-12-03T06:42:15.658+0000] {spark_read_mongo_dag.py:54} INFO - spark-submit stdout |   File "/opt/***/spark_jobs/mongo_pyspark.py", line 526, in main
[2025-12-03T06:42:15.658+0000] {spark_read_mongo_dag.py:54} INFO - spark-submit stdout |     spark.read
[2025-12-03T06:42:15.658+0000] {spark_read_mongo_dag.py:54} INFO - spark-submit stdout |   File "/opt/spark/spark-3.4.1-bin-hadoop3/python/lib/pyspark.zip/pyspark/sql/readwriter.py", line 307, in load
[2025-12-03T06:42:15.658+0000] {spark_read_mongo_dag.py:54} INFO - spark-submit stdout |     return self._df(self._jreader.load())
[2025-12-03T06:42:15.659+0000] {spark_read_mongo_dag.py:54} INFO - spark-submit stdout |   File "/opt/spark/spark-3.4.1-bin-hadoop3/python/lib/py4j-0.10.9.7-src.zip/py4j/java_gateway.py", line 1322, in __call__
[2025-12-03T06:42:15.659+0000] {spark_read_mongo_dag.py:54} INFO - spark-submit stdout |     return_value = get_return_value(
[2025-12-03T06:42:15.659+0000] {spark_read_mongo_dag.py:54} INFO - spark-submit stdout |   File "/opt/spark/spark-3.4.1-bin-hadoop3/python/lib/pyspark.zip/pyspark/errors/exceptions/captured.py", line 169, in deco
[2025-12-03T06:42:15.660+0000] {spark_read_mongo_dag.py:54} INFO - spark-submit stdout |     return f(*a, **kw)
[2025-12-03T06:42:15.660+0000] {spark_read_mongo_dag.py:54} INFO - spark-submit stdout |   File "/opt/spark/spark-3.4.1-bin-hadoop3/python/lib/py4j-0.10.9.7-src.zip/py4j/protocol.py", line 326, in get_return_value
[2025-12-03T06:42:15.660+0000] {spark_read_mongo_dag.py:54} INFO - spark-submit stdout |     raise Py4JJavaError(
[2025-12-03T06:42:15.660+0000] {spark_read_mongo_dag.py:54} INFO - spark-submit stdout | py4j.protocol.Py4JJavaError: An error occurred while calling o62.load.
[2025-12-03T06:42:15.661+0000] {spark_read_mongo_dag.py:54} INFO - spark-submit stdout | : com.mongodb.MongoTimeoutException: Timed out after 30000 ms while waiting for a server that matches ReadPreferenceServerSelector{readPreference=primary}. Client view of cluster state is {type=UNKNOWN, servers=[{address=172.168.168.206:27017, type=UNKNOWN, state=CONNECTING, exception={com.mongodb.MongoSocketOpenException: Exception opening socket}, caused by {java.net.SocketTimeoutException: Connect timed out}}]
[2025-12-03T06:42:15.661+0000] {spark_read_mongo_dag.py:54} INFO - spark-submit stdout | 	at com.mongodb.internal.connection.BaseCluster.createTimeoutException(BaseCluster.java:380)
[2025-12-03T06:42:15.661+0000] {spark_read_mongo_dag.py:54} INFO - spark-submit stdout | 	at com.mongodb.internal.connection.BaseCluster.selectServer(BaseCluster.java:125)
[2025-12-03T06:42:15.662+0000] {spark_read_mongo_dag.py:54} INFO - spark-submit stdout | 	at com.mongodb.internal.connection.SingleServerCluster.selectServer(SingleServerCluster.java:46)
[2025-12-03T06:42:15.662+0000] {spark_read_mongo_dag.py:54} INFO - spark-submit stdout | 	at com.mongodb.internal.binding.ClusterBinding.getReadConnectionSource(ClusterBinding.java:116)
[2025-12-03T06:42:15.662+0000] {spark_read_mongo_dag.py:54} INFO - spark-submit stdout | 	at com.mongodb.client.internal.ClientSessionBinding.getConnectionSource(ClientSessionBinding.java:128)
[2025-12-03T06:42:15.663+0000] {spark_read_mongo_dag.py:54} INFO - spark-submit stdout | 	at com.mongodb.client.internal.ClientSessionBinding.getReadConnectionSource(ClientSessionBinding.java:92)
[2025-12-03T06:42:15.663+0000] {spark_read_mongo_dag.py:54} INFO - spark-submit stdout | 	at com.mongodb.internal.operation.SyncOperationHelper.withSuppliedResource(SyncOperationHelper.java:144)
[2025-12-03T06:42:15.663+0000] {spark_read_mongo_dag.py:54} INFO - spark-submit stdout | 	at com.mongodb.internal.operation.SyncOperationHelper.withSourceAndConnection(SyncOperationHelper.java:125)
[2025-12-03T06:42:15.663+0000] {spark_read_mongo_dag.py:54} INFO - spark-submit stdout | 	at com.mongodb.internal.operation.SyncOperationHelper.lambda$executeRetryableRead$4(SyncOperationHelper.java:189)
[2025-12-03T06:42:15.664+0000] {spark_read_mongo_dag.py:54} INFO - spark-submit stdout | 	at com.mongodb.internal.operation.SyncOperationHelper.lambda$decorateReadWithRetries$12(SyncOperationHelper.java:292)
[2025-12-03T06:42:15.664+0000] {spark_read_mongo_dag.py:54} INFO - spark-submit stdout | 	at com.mongodb.internal.async.function.RetryingSyncSupplier.get(RetryingSyncSupplier.java:67)
[2025-12-03T06:42:15.664+0000] {spark_read_mongo_dag.py:54} INFO - spark-submit stdout | 	at com.mongodb.internal.operation.SyncOperationHelper.executeRetryableRead(SyncOperationHelper.java:194)
[2025-12-03T06:42:15.665+0000] {spark_read_mongo_dag.py:54} INFO - spark-submit stdout | 	at com.mongodb.internal.operation.SyncOperationHelper.executeRetryableRead(SyncOperationHelper.java:176)
[2025-12-03T06:42:15.665+0000] {spark_read_mongo_dag.py:54} INFO - spark-submit stdout | 	at com.mongodb.internal.operation.AggregateOperationImpl.execute(AggregateOperationImpl.java:193)
[2025-12-03T06:42:15.665+0000] {spark_read_mongo_dag.py:54} INFO - spark-submit stdout | 	at com.mongodb.internal.operation.AggregateOperation.execute(AggregateOperation.java:153)
[2025-12-03T06:42:15.665+0000] {spark_read_mongo_dag.py:54} INFO - spark-submit stdout | 	at com.mongodb.internal.operation.AggregateOperation.execute(AggregateOperation.java:44)
[2025-12-03T06:42:15.666+0000] {spark_read_mongo_dag.py:54} INFO - spark-submit stdout | 	at com.mongodb.client.internal.MongoClientDelegate$DelegateOperationExecutor.execute(MongoClientDelegate.java:153)
[2025-12-03T06:42:15.666+0000] {spark_read_mongo_dag.py:54} INFO - spark-submit stdout | 	at com.mongodb.client.internal.MongoIterableImpl.execute(MongoIterableImpl.java:130)
[2025-12-03T06:42:15.666+0000] {spark_read_mongo_dag.py:54} INFO - spark-submit stdout | 	at com.mongodb.client.internal.MongoIterableImpl.iterator(MongoIterableImpl.java:90)
[2025-12-03T06:42:15.666+0000] {spark_read_mongo_dag.py:54} INFO - spark-submit stdout | 	at com.mongodb.client.internal.MongoIterableImpl.forEach(MongoIterableImpl.java:116)
[2025-12-03T06:42:15.667+0000] {spark_read_mongo_dag.py:54} INFO - spark-submit stdout | 	at com.mongodb.client.internal.MongoIterableImpl.into(MongoIterableImpl.java:125)
[2025-12-03T06:42:15.667+0000] {spark_read_mongo_dag.py:54} INFO - spark-submit stdout | 	at com.mongodb.spark.sql.connector.schema.InferSchema.lambda$inferSchema$0(InferSchema.java:86)
[2025-12-03T06:42:15.667+0000] {spark_read_mongo_dag.py:54} INFO - spark-submit stdout | 	at com.mongodb.spark.sql.connector.config.AbstractMongoConfig.withCollection(AbstractMongoConfig.java:173)
[2025-12-03T06:42:15.667+0000] {spark_read_mongo_dag.py:54} INFO - spark-submit stdout | 	at com.mongodb.spark.sql.connector.config.ReadConfig.withCollection(ReadConfig.java:45)
[2025-12-03T06:42:15.668+0000] {spark_read_mongo_dag.py:54} INFO - spark-submit stdout | 	at com.mongodb.spark.sql.connector.schema.InferSchema.inferSchema(InferSchema.java:82)
[2025-12-03T06:42:15.668+0000] {spark_read_mongo_dag.py:54} INFO - spark-submit stdout | 	at com.mongodb.spark.sql.connector.MongoTableProvider.inferSchema(MongoTableProvider.java:62)
[2025-12-03T06:42:15.668+0000] {spark_read_mongo_dag.py:54} INFO - spark-submit stdout | 	at org.apache.spark.sql.execution.datasources.v2.DataSourceV2Utils$.getTableFromProvider(DataSourceV2Utils.scala:90)
[2025-12-03T06:42:15.669+0000] {spark_read_mongo_dag.py:54} INFO - spark-submit stdout | 	at org.apache.spark.sql.execution.datasources.v2.DataSourceV2Utils$.loadV2Source(DataSourceV2Utils.scala:140)
[2025-12-03T06:42:15.669+0000] {spark_read_mongo_dag.py:54} INFO - spark-submit stdout | 	at org.apache.spark.sql.DataFrameReader.$anonfun$load$1(DataFrameReader.scala:210)
[2025-12-03T06:42:15.669+0000] {spark_read_mongo_dag.py:54} INFO - spark-submit stdout | 	at scala.Option.flatMap(Option.scala:271)
[2025-12-03T06:42:15.669+0000] {spark_read_mongo_dag.py:54} INFO - spark-submit stdout | 	at org.apache.spark.sql.DataFrameReader.load(DataFrameReader.scala:208)
[2025-12-03T06:42:15.670+0000] {spark_read_mongo_dag.py:54} INFO - spark-submit stdout | 	at org.apache.spark.sql.DataFrameReader.load(DataFrameReader.scala:172)
[2025-12-03T06:42:15.670+0000] {spark_read_mongo_dag.py:54} INFO - spark-submit stdout | 	at java.base/jdk.internal.reflect.NativeMethodAccessorImpl.invoke0(Native Method)
[2025-12-03T06:42:15.670+0000] {spark_read_mongo_dag.py:54} INFO - spark-submit stdout | 	at java.base/jdk.internal.reflect.NativeMethodAccessorImpl.invoke(NativeMethodAccessorImpl.java:77)
[2025-12-03T06:42:15.671+0000] {spark_read_mongo_dag.py:54} INFO - spark-submit stdout | 	at java.base/jdk.internal.reflect.DelegatingMethodAccessorImpl.invoke(DelegatingMethodAccessorImpl.java:43)
[2025-12-03T06:42:15.671+0000] {spark_read_mongo_dag.py:54} INFO - spark-submit stdout | 	at java.base/java.lang.reflect.Method.invoke(Method.java:569)
[2025-12-03T06:42:15.671+0000] {spark_read_mongo_dag.py:54} INFO - spark-submit stdout | 	at py4j.reflection.MethodInvoker.invoke(MethodInvoker.java:244)
[2025-12-03T06:42:15.672+0000] {spark_read_mongo_dag.py:54} INFO - spark-submit stdout | 	at py4j.reflection.ReflectionEngine.invoke(ReflectionEngine.java:374)
[2025-12-03T06:42:15.672+0000] {spark_read_mongo_dag.py:54} INFO - spark-submit stdout | 	at py4j.Gateway.invoke(Gateway.java:282)
[2025-12-03T06:42:15.672+0000] {spark_read_mongo_dag.py:54} INFO - spark-submit stdout | 	at py4j.commands.AbstractCommand.invokeMethod(AbstractCommand.java:132)
[2025-12-03T06:42:15.673+0000] {spark_read_mongo_dag.py:54} INFO - spark-submit stdout | 	at py4j.commands.CallCommand.execute(CallCommand.java:79)
[2025-12-03T06:42:15.673+0000] {spark_read_mongo_dag.py:54} INFO - spark-submit stdout | 	at py4j.ClientServerConnection.waitForCommands(ClientServerConnection.java:182)
[2025-12-03T06:42:15.673+0000] {spark_read_mongo_dag.py:54} INFO - spark-submit stdout | 	at py4j.ClientServerConnection.run(ClientServerConnection.java:106)
[2025-12-03T06:42:15.674+0000] {spark_read_mongo_dag.py:54} INFO - spark-submit stdout | 	at java.base/java.lang.Thread.run(Thread.java:840)
[2025-12-03T06:42:15.674+0000] {spark_read_mongo_dag.py:54} INFO - spark-submit stdout | 
[2025-12-03T06:42:15.674+0000] {spark_read_mongo_dag.py:54} INFO - spark-submit stdout | 
[2025-12-03T06:42:15.674+0000] {spark_read_mongo_dag.py:54} INFO - spark-submit stdout | 2025-12-03 06:42:15,020 ERROR mongo_to_iceberg - HINTS: - Ensure Mongo credentials are correct and authSource is right.
[2025-12-03T06:42:15.675+0000] {spark_read_mongo_dag.py:54} INFO - spark-submit stdout | 2025-12-03 06:42:15,020 ERROR mongo_to_iceberg -        - Verify mongo container user/password (MONGO_INITDB_ROOT_USERNAME/PASSWORD).
[2025-12-03T06:42:15.675+0000] {spark_read_mongo_dag.py:54} INFO - spark-submit stdout | 2025-12-03 06:42:15,020 ERROR mongo_to_iceberg -        - If using docker-compose, ensure 'mongo' and 'minio' hostnames resolve from Spark executors.
[2025-12-03T06:42:15.675+0000] {spark_read_mongo_dag.py:54} INFO - spark-submit stdout | 2025-12-03 06:42:15,020 ERROR mongo_to_iceberg -        - Ensure ICEBERG_WAREHOUSE uses s3a:// and that hadoop-aws + aws-java-sdk + iceberg-spark-runtime jars are present.
[2025-12-03T06:42:15.676+0000] {spark_read_mongo_dag.py:54} INFO - spark-submit stdout | Traceback (most recent call last):
[2025-12-03T06:42:15.676+0000] {spark_read_mongo_dag.py:54} INFO - spark-submit stdout |   File "/opt/***/spark_jobs/mongo_pyspark.py", line 648, in <module>
[2025-12-03T06:42:15.676+0000] {spark_read_mongo_dag.py:54} INFO - spark-submit stdout |     main()
[2025-12-03T06:42:15.677+0000] {spark_read_mongo_dag.py:54} INFO - spark-submit stdout |   File "/opt/***/spark_jobs/mongo_pyspark.py", line 526, in main
[2025-12-03T06:42:15.677+0000] {spark_read_mongo_dag.py:54} INFO - spark-submit stdout |     spark.read
[2025-12-03T06:42:15.677+0000] {spark_read_mongo_dag.py:54} INFO - spark-submit stdout |   File "/opt/spark/spark-3.4.1-bin-hadoop3/python/lib/pyspark.zip/pyspark/sql/readwriter.py", line 307, in load
[2025-12-03T06:42:15.677+0000] {spark_read_mongo_dag.py:54} INFO - spark-submit stdout |   File "/opt/spark/spark-3.4.1-bin-hadoop3/python/lib/py4j-0.10.9.7-src.zip/py4j/java_gateway.py", line 1322, in __call__
[2025-12-03T06:42:15.678+0000] {spark_read_mongo_dag.py:54} INFO - spark-submit stdout |   File "/opt/spark/spark-3.4.1-bin-hadoop3/python/lib/pyspark.zip/pyspark/errors/exceptions/captured.py", line 169, in deco
[2025-12-03T06:42:15.678+0000] {spark_read_mongo_dag.py:54} INFO - spark-submit stdout |   File "/opt/spark/spark-3.4.1-bin-hadoop3/python/lib/py4j-0.10.9.7-src.zip/py4j/protocol.py", line 326, in get_return_value
[2025-12-03T06:42:15.678+0000] {spark_read_mongo_dag.py:54} INFO - spark-submit stdout | py4j.protocol.Py4JJavaError: An error occurred while calling o62.load.
[2025-12-03T06:42:15.679+0000] {spark_read_mongo_dag.py:54} INFO - spark-submit stdout | : com.mongodb.MongoTimeoutException: Timed out after 30000 ms while waiting for a server that matches ReadPreferenceServerSelector{readPreference=primary}. Client view of cluster state is {type=UNKNOWN, servers=[{address=172.168.168.206:27017, type=UNKNOWN, state=CONNECTING, exception={com.mongodb.MongoSocketOpenException: Exception opening socket}, caused by {java.net.SocketTimeoutException: Connect timed out}}]
[2025-12-03T06:42:15.679+0000] {spark_read_mongo_dag.py:54} INFO - spark-submit stdout | 	at com.mongodb.internal.connection.BaseCluster.createTimeoutException(BaseCluster.java:380)
[2025-12-03T06:42:15.679+0000] {spark_read_mongo_dag.py:54} INFO - spark-submit stdout | 	at com.mongodb.internal.connection.BaseCluster.selectServer(BaseCluster.java:125)
[2025-12-03T06:42:15.679+0000] {spark_read_mongo_dag.py:54} INFO - spark-submit stdout | 	at com.mongodb.internal.connection.SingleServerCluster.selectServer(SingleServerCluster.java:46)
[2025-12-03T06:42:15.680+0000] {spark_read_mongo_dag.py:54} INFO - spark-submit stdout | 	at com.mongodb.internal.binding.ClusterBinding.getReadConnectionSource(ClusterBinding.java:116)
[2025-12-03T06:42:15.680+0000] {spark_read_mongo_dag.py:54} INFO - spark-submit stdout | 	at com.mongodb.client.internal.ClientSessionBinding.getConnectionSource(ClientSessionBinding.java:128)
[2025-12-03T06:42:15.680+0000] {spark_read_mongo_dag.py:54} INFO - spark-submit stdout | 	at com.mongodb.client.internal.ClientSessionBinding.getReadConnectionSource(ClientSessionBinding.java:92)
[2025-12-03T06:42:15.681+0000] {spark_read_mongo_dag.py:54} INFO - spark-submit stdout | 	at com.mongodb.internal.operation.SyncOperationHelper.withSuppliedResource(SyncOperationHelper.java:144)
[2025-12-03T06:42:15.681+0000] {spark_read_mongo_dag.py:54} INFO - spark-submit stdout | 	at com.mongodb.internal.operation.SyncOperationHelper.withSourceAndConnection(SyncOperationHelper.java:125)
[2025-12-03T06:42:15.681+0000] {spark_read_mongo_dag.py:54} INFO - spark-submit stdout | 	at com.mongodb.internal.operation.SyncOperationHelper.lambda$executeRetryableRead$4(SyncOperationHelper.java:189)
[2025-12-03T06:42:15.682+0000] {spark_read_mongo_dag.py:54} INFO - spark-submit stdout | 	at com.mongodb.internal.operation.SyncOperationHelper.lambda$decorateReadWithRetries$12(SyncOperationHelper.java:292)
[2025-12-03T06:42:15.682+0000] {spark_read_mongo_dag.py:54} INFO - spark-submit stdout | 	at com.mongodb.internal.async.function.RetryingSyncSupplier.get(RetryingSyncSupplier.java:67)
[2025-12-03T06:42:15.682+0000] {spark_read_mongo_dag.py:54} INFO - spark-submit stdout | 	at com.mongodb.internal.operation.SyncOperationHelper.executeRetryableRead(SyncOperationHelper.java:194)
[2025-12-03T06:42:15.683+0000] {spark_read_mongo_dag.py:54} INFO - spark-submit stdout | 	at com.mongodb.internal.operation.SyncOperationHelper.executeRetryableRead(SyncOperationHelper.java:176)
[2025-12-03T06:42:15.683+0000] {spark_read_mongo_dag.py:54} INFO - spark-submit stdout | 	at com.mongodb.internal.operation.AggregateOperationImpl.execute(AggregateOperationImpl.java:193)
[2025-12-03T06:42:15.683+0000] {spark_read_mongo_dag.py:54} INFO - spark-submit stdout | 	at com.mongodb.internal.operation.AggregateOperation.execute(AggregateOperation.java:153)
[2025-12-03T06:42:15.684+0000] {spark_read_mongo_dag.py:54} INFO - spark-submit stdout | 	at com.mongodb.internal.operation.AggregateOperation.execute(AggregateOperation.java:44)
[2025-12-03T06:42:15.684+0000] {spark_read_mongo_dag.py:54} INFO - spark-submit stdout | 	at com.mongodb.client.internal.MongoClientDelegate$DelegateOperationExecutor.execute(MongoClientDelegate.java:153)
[2025-12-03T06:42:15.684+0000] {spark_read_mongo_dag.py:54} INFO - spark-submit stdout | 	at com.mongodb.client.internal.MongoIterableImpl.execute(MongoIterableImpl.java:130)
[2025-12-03T06:42:15.685+0000] {spark_read_mongo_dag.py:54} INFO - spark-submit stdout | 	at com.mongodb.client.internal.MongoIterableImpl.iterator(MongoIterableImpl.java:90)
[2025-12-03T06:42:15.685+0000] {spark_read_mongo_dag.py:54} INFO - spark-submit stdout | 	at com.mongodb.client.internal.MongoIterableImpl.forEach(MongoIterableImpl.java:116)
[2025-12-03T06:42:15.686+0000] {spark_read_mongo_dag.py:54} INFO - spark-submit stdout | 	at com.mongodb.client.internal.MongoIterableImpl.into(MongoIterableImpl.java:125)
[2025-12-03T06:42:15.686+0000] {spark_read_mongo_dag.py:54} INFO - spark-submit stdout | 	at com.mongodb.spark.sql.connector.schema.InferSchema.lambda$inferSchema$0(InferSchema.java:86)
[2025-12-03T06:42:15.686+0000] {spark_read_mongo_dag.py:54} INFO - spark-submit stdout | 	at com.mongodb.spark.sql.connector.config.AbstractMongoConfig.withCollection(AbstractMongoConfig.java:173)
[2025-12-03T06:42:15.687+0000] {spark_read_mongo_dag.py:54} INFO - spark-submit stdout | 	at com.mongodb.spark.sql.connector.config.ReadConfig.withCollection(ReadConfig.java:45)
[2025-12-03T06:42:15.687+0000] {spark_read_mongo_dag.py:54} INFO - spark-submit stdout | 	at com.mongodb.spark.sql.connector.schema.InferSchema.inferSchema(InferSchema.java:82)
[2025-12-03T06:42:15.688+0000] {spark_read_mongo_dag.py:54} INFO - spark-submit stdout | 	at com.mongodb.spark.sql.connector.MongoTableProvider.inferSchema(MongoTableProvider.java:62)
[2025-12-03T06:42:15.688+0000] {spark_read_mongo_dag.py:54} INFO - spark-submit stdout | 	at org.apache.spark.sql.execution.datasources.v2.DataSourceV2Utils$.getTableFromProvider(DataSourceV2Utils.scala:90)
[2025-12-03T06:42:15.689+0000] {spark_read_mongo_dag.py:54} INFO - spark-submit stdout | 	at org.apache.spark.sql.execution.datasources.v2.DataSourceV2Utils$.loadV2Source(DataSourceV2Utils.scala:140)
[2025-12-03T06:42:15.689+0000] {spark_read_mongo_dag.py:54} INFO - spark-submit stdout | 	at org.apache.spark.sql.DataFrameReader.$anonfun$load$1(DataFrameReader.scala:210)
[2025-12-03T06:42:15.689+0000] {spark_read_mongo_dag.py:54} INFO - spark-submit stdout | 	at scala.Option.flatMap(Option.scala:271)
[2025-12-03T06:42:15.690+0000] {spark_read_mongo_dag.py:54} INFO - spark-submit stdout | 	at org.apache.spark.sql.DataFrameReader.load(DataFrameReader.scala:208)
[2025-12-03T06:42:15.690+0000] {spark_read_mongo_dag.py:54} INFO - spark-submit stdout | 	at org.apache.spark.sql.DataFrameReader.load(DataFrameReader.scala:172)
[2025-12-03T06:42:15.690+0000] {spark_read_mongo_dag.py:54} INFO - spark-submit stdout | 	at java.base/jdk.internal.reflect.NativeMethodAccessorImpl.invoke0(Native Method)
[2025-12-03T06:42:15.691+0000] {spark_read_mongo_dag.py:54} INFO - spark-submit stdout | 	at java.base/jdk.internal.reflect.NativeMethodAccessorImpl.invoke(NativeMethodAccessorImpl.java:77)
[2025-12-03T06:42:15.691+0000] {spark_read_mongo_dag.py:54} INFO - spark-submit stdout | 	at java.base/jdk.internal.reflect.DelegatingMethodAccessorImpl.invoke(DelegatingMethodAccessorImpl.java:43)
[2025-12-03T06:42:15.692+0000] {spark_read_mongo_dag.py:54} INFO - spark-submit stdout | 	at java.base/java.lang.reflect.Method.invoke(Method.java:569)
[2025-12-03T06:42:15.692+0000] {spark_read_mongo_dag.py:54} INFO - spark-submit stdout | 	at py4j.reflection.MethodInvoker.invoke(MethodInvoker.java:244)
[2025-12-03T06:42:15.692+0000] {spark_read_mongo_dag.py:54} INFO - spark-submit stdout | 	at py4j.reflection.ReflectionEngine.invoke(ReflectionEngine.java:374)
[2025-12-03T06:42:15.693+0000] {spark_read_mongo_dag.py:54} INFO - spark-submit stdout | 	at py4j.Gateway.invoke(Gateway.java:282)
[2025-12-03T06:42:15.693+0000] {spark_read_mongo_dag.py:54} INFO - spark-submit stdout | 	at py4j.commands.AbstractCommand.invokeMethod(AbstractCommand.java:132)
[2025-12-03T06:42:15.694+0000] {spark_read_mongo_dag.py:54} INFO - spark-submit stdout | 	at py4j.commands.CallCommand.execute(CallCommand.java:79)
[2025-12-03T06:42:15.694+0000] {spark_read_mongo_dag.py:54} INFO - spark-submit stdout | 	at py4j.ClientServerConnection.waitForCommands(ClientServerConnection.java:182)
[2025-12-03T06:42:15.694+0000] {spark_read_mongo_dag.py:54} INFO - spark-submit stdout | 	at py4j.ClientServerConnection.run(ClientServerConnection.java:106)
[2025-12-03T06:42:15.695+0000] {spark_read_mongo_dag.py:54} INFO - spark-submit stdout | 	at java.base/java.lang.Thread.run(Thread.java:840)
[2025-12-03T06:42:15.695+0000] {spark_read_mongo_dag.py:54} INFO - spark-submit stdout | 
[2025-12-03T06:42:15.695+0000] {spark_read_mongo_dag.py:54} INFO - spark-submit stdout | 2025-12-03 06:42:15,031 INFO py4j.clientserver - Closing down clientserver connection
[2025-12-03T06:42:15.696+0000] {spark_read_mongo_dag.py:57} ERROR - spark-submit stderr | 25/12/03 06:41:35 WARN NativeCodeLoader: Unable to load native-hadoop library for your platform... using builtin-java classes where applicable
[2025-12-03T06:42:15.696+0000] {spark_read_mongo_dag.py:57} ERROR - spark-submit stderr | 25/12/03 06:41:38 INFO SparkContext: Running Spark version 3.4.1
[2025-12-03T06:42:15.697+0000] {spark_read_mongo_dag.py:57} ERROR - spark-submit stderr | 25/12/03 06:41:38 INFO ResourceUtils: ==============================================================
[2025-12-03T06:42:15.697+0000] {spark_read_mongo_dag.py:57} ERROR - spark-submit stderr | 25/12/03 06:41:38 INFO ResourceUtils: No custom resources configured for spark.driver.
[2025-12-03T06:42:15.697+0000] {spark_read_mongo_dag.py:57} ERROR - spark-submit stderr | 25/12/03 06:41:38 INFO ResourceUtils: ==============================================================
[2025-12-03T06:42:15.698+0000] {spark_read_mongo_dag.py:57} ERROR - spark-submit stderr | 25/12/03 06:41:38 INFO SparkContext: Submitted application: MongoToIceberg
[2025-12-03T06:42:15.698+0000] {spark_read_mongo_dag.py:57} ERROR - spark-submit stderr | 25/12/03 06:41:38 INFO ResourceProfile: Default ResourceProfile created, executor resources: Map(cores -> name: cores, amount: 1, script: , vendor: , memory -> name: memory, amount: 1024, script: , vendor: , offHeap -> name: offHeap, amount: 0, script: , vendor: ), task resources: Map(cpus -> name: cpus, amount: 1.0)
[2025-12-03T06:42:15.699+0000] {spark_read_mongo_dag.py:57} ERROR - spark-submit stderr | 25/12/03 06:41:38 INFO ResourceProfile: Limiting resource is cpu
[2025-12-03T06:42:15.699+0000] {spark_read_mongo_dag.py:57} ERROR - spark-submit stderr | 25/12/03 06:41:38 INFO ResourceProfileManager: Added ResourceProfile id: 0
[2025-12-03T06:42:15.699+0000] {spark_read_mongo_dag.py:57} ERROR - spark-submit stderr | 25/12/03 06:41:38 INFO SecurityManager: Changing view acls to: ***
[2025-12-03T06:42:15.700+0000] {spark_read_mongo_dag.py:57} ERROR - spark-submit stderr | 25/12/03 06:41:38 INFO SecurityManager: Changing modify acls to: ***
[2025-12-03T06:42:15.700+0000] {spark_read_mongo_dag.py:57} ERROR - spark-submit stderr | 25/12/03 06:41:38 INFO SecurityManager: Changing view acls groups to: 
[2025-12-03T06:42:15.701+0000] {spark_read_mongo_dag.py:57} ERROR - spark-submit stderr | 25/12/03 06:41:38 INFO SecurityManager: Changing modify acls groups to: 
[2025-12-03T06:42:15.701+0000] {spark_read_mongo_dag.py:57} ERROR - spark-submit stderr | 25/12/03 06:41:38 INFO SecurityManager: SecurityManager: authentication disabled; ui acls disabled; users with view permissions: ***; groups with view permissions: EMPTY; users with modify permissions: ***; groups with modify permissions: EMPTY
[2025-12-03T06:42:15.701+0000] {spark_read_mongo_dag.py:57} ERROR - spark-submit stderr | 25/12/03 06:41:38 INFO Utils: Successfully started service 'sparkDriver' on port 44125.
[2025-12-03T06:42:15.702+0000] {spark_read_mongo_dag.py:57} ERROR - spark-submit stderr | 25/12/03 06:41:38 INFO SparkEnv: Registering MapOutputTracker
[2025-12-03T06:42:15.702+0000] {spark_read_mongo_dag.py:57} ERROR - spark-submit stderr | 25/12/03 06:41:38 INFO SparkEnv: Registering BlockManagerMaster
[2025-12-03T06:42:15.703+0000] {spark_read_mongo_dag.py:57} ERROR - spark-submit stderr | 25/12/03 06:41:38 INFO BlockManagerMasterEndpoint: Using org.apache.spark.storage.DefaultTopologyMapper for getting topology information
[2025-12-03T06:42:15.703+0000] {spark_read_mongo_dag.py:57} ERROR - spark-submit stderr | 25/12/03 06:41:38 INFO BlockManagerMasterEndpoint: BlockManagerMasterEndpoint up
[2025-12-03T06:42:15.703+0000] {spark_read_mongo_dag.py:57} ERROR - spark-submit stderr | 25/12/03 06:41:38 INFO SparkEnv: Registering BlockManagerMasterHeartbeat
[2025-12-03T06:42:15.704+0000] {spark_read_mongo_dag.py:57} ERROR - spark-submit stderr | 25/12/03 06:41:38 INFO DiskBlockManager: Created local directory at /tmp/blockmgr-b6d39495-6aa0-4847-9491-40363c18dc3f
[2025-12-03T06:42:15.704+0000] {spark_read_mongo_dag.py:57} ERROR - spark-submit stderr | 25/12/03 06:41:38 INFO MemoryStore: MemoryStore started with capacity 434.4 MiB
[2025-12-03T06:42:15.704+0000] {spark_read_mongo_dag.py:57} ERROR - spark-submit stderr | 25/12/03 06:41:38 INFO SparkEnv: Registering OutputCommitCoordinator
[2025-12-03T06:42:15.705+0000] {spark_read_mongo_dag.py:57} ERROR - spark-submit stderr | 25/12/03 06:41:38 INFO JettyUtils: Start Jetty 0.0.0.0:4040 for SparkUI
[2025-12-03T06:42:15.705+0000] {spark_read_mongo_dag.py:57} ERROR - spark-submit stderr | 25/12/03 06:41:38 INFO Utils: Successfully started service 'SparkUI' on port 4040.
[2025-12-03T06:42:15.705+0000] {spark_read_mongo_dag.py:57} ERROR - spark-submit stderr | 25/12/03 06:41:38 INFO SparkContext: Added JAR /opt/***/jars/mongo-spark-connector_2.12-10.1.1.jar at spark://cceea9414d94:44125/jars/mongo-spark-connector_2.12-10.1.1.jar with timestamp 1764744097997
[2025-12-03T06:42:15.706+0000] {spark_read_mongo_dag.py:57} ERROR - spark-submit stderr | 25/12/03 06:41:38 INFO SparkContext: Added JAR /opt/***/jars/bson-4.11.2.jar at spark://cceea9414d94:44125/jars/bson-4.11.2.jar with timestamp 1764744097997
[2025-12-03T06:42:15.706+0000] {spark_read_mongo_dag.py:57} ERROR - spark-submit stderr | 25/12/03 06:41:38 INFO SparkContext: Added JAR /opt/***/jars/mongodb-driver-core-4.11.2.jar at spark://cceea9414d94:44125/jars/mongodb-driver-core-4.11.2.jar with timestamp 1764744097997
[2025-12-03T06:42:15.706+0000] {spark_read_mongo_dag.py:57} ERROR - spark-submit stderr | 25/12/03 06:41:38 INFO SparkContext: Added JAR /opt/***/jars/mongodb-driver-sync-4.11.2.jar at spark://cceea9414d94:44125/jars/mongodb-driver-sync-4.11.2.jar with timestamp 1764744097997
[2025-12-03T06:42:15.707+0000] {spark_read_mongo_dag.py:57} ERROR - spark-submit stderr | 25/12/03 06:41:38 INFO SparkContext: Added JAR /opt/***/jars/iceberg-spark-runtime-3.5_2.12-1.5.2.jar at spark://cceea9414d94:44125/jars/iceberg-spark-runtime-3.5_2.12-1.5.2.jar with timestamp 1764744097997
[2025-12-03T06:42:15.707+0000] {spark_read_mongo_dag.py:57} ERROR - spark-submit stderr | 25/12/03 06:41:38 INFO SparkContext: Added JAR /opt/***/jars/hadoop-aws-3.3.4.jar at spark://cceea9414d94:44125/jars/hadoop-aws-3.3.4.jar with timestamp 1764744097997
[2025-12-03T06:42:15.707+0000] {spark_read_mongo_dag.py:57} ERROR - spark-submit stderr | 25/12/03 06:41:38 INFO SparkContext: Added JAR /opt/***/jars/aws-java-sdk-bundle-1.12.772.jar at spark://cceea9414d94:44125/jars/aws-java-sdk-bundle-1.12.772.jar with timestamp 1764744097997
[2025-12-03T06:42:15.708+0000] {spark_read_mongo_dag.py:57} ERROR - spark-submit stderr | 25/12/03 06:41:38 INFO Executor: Starting executor ID driver on host cceea9414d94
[2025-12-03T06:42:15.708+0000] {spark_read_mongo_dag.py:57} ERROR - spark-submit stderr | 25/12/03 06:41:38 INFO Executor: Starting executor with user classpath (userClassPathFirst = false): ''
[2025-12-03T06:42:15.708+0000] {spark_read_mongo_dag.py:57} ERROR - spark-submit stderr | 25/12/03 06:41:38 INFO Executor: Fetching spark://cceea9414d94:44125/jars/bson-4.11.2.jar with timestamp 1764744097997
[2025-12-03T06:42:15.708+0000] {spark_read_mongo_dag.py:57} ERROR - spark-submit stderr | 25/12/03 06:41:38 INFO TransportClientFactory: Successfully created connection to cceea9414d94/172.19.0.11:44125 after 34 ms (0 ms spent in bootstraps)
[2025-12-03T06:42:15.709+0000] {spark_read_mongo_dag.py:57} ERROR - spark-submit stderr | 25/12/03 06:41:38 INFO Utils: Fetching spark://cceea9414d94:44125/jars/bson-4.11.2.jar to /tmp/spark-9b604f79-22ed-41cf-b6bd-a64769a763ac/userFiles-17bee05b-c49a-42ec-b186-71259b1b9ad1/fetchFileTemp13591509755050718293.tmp
[2025-12-03T06:42:15.709+0000] {spark_read_mongo_dag.py:57} ERROR - spark-submit stderr | 25/12/03 06:41:39 INFO Executor: Adding file:/tmp/spark-9b604f79-22ed-41cf-b6bd-a64769a763ac/userFiles-17bee05b-c49a-42ec-b186-71259b1b9ad1/bson-4.11.2.jar to class loader
[2025-12-03T06:42:15.709+0000] {spark_read_mongo_dag.py:57} ERROR - spark-submit stderr | 25/12/03 06:41:39 INFO Executor: Fetching spark://cceea9414d94:44125/jars/mongodb-driver-sync-4.11.2.jar with timestamp 1764744097997
[2025-12-03T06:42:15.710+0000] {spark_read_mongo_dag.py:57} ERROR - spark-submit stderr | 25/12/03 06:41:39 INFO Utils: Fetching spark://cceea9414d94:44125/jars/mongodb-driver-sync-4.11.2.jar to /tmp/spark-9b604f79-22ed-41cf-b6bd-a64769a763ac/userFiles-17bee05b-c49a-42ec-b186-71259b1b9ad1/fetchFileTemp15900221101820354767.tmp
[2025-12-03T06:42:15.710+0000] {spark_read_mongo_dag.py:57} ERROR - spark-submit stderr | 25/12/03 06:41:39 INFO Executor: Adding file:/tmp/spark-9b604f79-22ed-41cf-b6bd-a64769a763ac/userFiles-17bee05b-c49a-42ec-b186-71259b1b9ad1/mongodb-driver-sync-4.11.2.jar to class loader
[2025-12-03T06:42:15.710+0000] {spark_read_mongo_dag.py:57} ERROR - spark-submit stderr | 25/12/03 06:41:39 INFO Executor: Fetching spark://cceea9414d94:44125/jars/mongodb-driver-core-4.11.2.jar with timestamp 1764744097997
[2025-12-03T06:42:15.711+0000] {spark_read_mongo_dag.py:57} ERROR - spark-submit stderr | 25/12/03 06:41:39 INFO Utils: Fetching spark://cceea9414d94:44125/jars/mongodb-driver-core-4.11.2.jar to /tmp/spark-9b604f79-22ed-41cf-b6bd-a64769a763ac/userFiles-17bee05b-c49a-42ec-b186-71259b1b9ad1/fetchFileTemp13114064304585080668.tmp
[2025-12-03T06:42:15.711+0000] {spark_read_mongo_dag.py:57} ERROR - spark-submit stderr | 25/12/03 06:41:39 INFO Executor: Adding file:/tmp/spark-9b604f79-22ed-41cf-b6bd-a64769a763ac/userFiles-17bee05b-c49a-42ec-b186-71259b1b9ad1/mongodb-driver-core-4.11.2.jar to class loader
[2025-12-03T06:42:15.711+0000] {spark_read_mongo_dag.py:57} ERROR - spark-submit stderr | 25/12/03 06:41:39 INFO Executor: Fetching spark://cceea9414d94:44125/jars/aws-java-sdk-bundle-1.12.772.jar with timestamp 1764744097997
[2025-12-03T06:42:15.712+0000] {spark_read_mongo_dag.py:57} ERROR - spark-submit stderr | 25/12/03 06:41:39 INFO Utils: Fetching spark://cceea9414d94:44125/jars/aws-java-sdk-bundle-1.12.772.jar to /tmp/spark-9b604f79-22ed-41cf-b6bd-a64769a763ac/userFiles-17bee05b-c49a-42ec-b186-71259b1b9ad1/fetchFileTemp12623334079085572289.tmp
[2025-12-03T06:42:15.712+0000] {spark_read_mongo_dag.py:57} ERROR - spark-submit stderr | 25/12/03 06:41:42 INFO Executor: Adding file:/tmp/spark-9b604f79-22ed-41cf-b6bd-a64769a763ac/userFiles-17bee05b-c49a-42ec-b186-71259b1b9ad1/aws-java-sdk-bundle-1.12.772.jar to class loader
[2025-12-03T06:42:15.712+0000] {spark_read_mongo_dag.py:57} ERROR - spark-submit stderr | 25/12/03 06:41:42 INFO Executor: Fetching spark://cceea9414d94:44125/jars/hadoop-aws-3.3.4.jar with timestamp 1764744097997
[2025-12-03T06:42:15.713+0000] {spark_read_mongo_dag.py:57} ERROR - spark-submit stderr | 25/12/03 06:41:42 INFO Utils: Fetching spark://cceea9414d94:44125/jars/hadoop-aws-3.3.4.jar to /tmp/spark-9b604f79-22ed-41cf-b6bd-a64769a763ac/userFiles-17bee05b-c49a-42ec-b186-71259b1b9ad1/fetchFileTemp16226016635584995815.tmp
[2025-12-03T06:42:15.713+0000] {spark_read_mongo_dag.py:57} ERROR - spark-submit stderr | 25/12/03 06:41:42 INFO Executor: Adding file:/tmp/spark-9b604f79-22ed-41cf-b6bd-a64769a763ac/userFiles-17bee05b-c49a-42ec-b186-71259b1b9ad1/hadoop-aws-3.3.4.jar to class loader
[2025-12-03T06:42:15.713+0000] {spark_read_mongo_dag.py:57} ERROR - spark-submit stderr | 25/12/03 06:41:42 INFO Executor: Fetching spark://cceea9414d94:44125/jars/iceberg-spark-runtime-3.5_2.12-1.5.2.jar with timestamp 1764744097997
[2025-12-03T06:42:15.713+0000] {spark_read_mongo_dag.py:57} ERROR - spark-submit stderr | 25/12/03 06:41:42 INFO Utils: Fetching spark://cceea9414d94:44125/jars/iceberg-spark-runtime-3.5_2.12-1.5.2.jar to /tmp/spark-9b604f79-22ed-41cf-b6bd-a64769a763ac/userFiles-17bee05b-c49a-42ec-b186-71259b1b9ad1/fetchFileTemp8683142531021346754.tmp
[2025-12-03T06:42:15.714+0000] {spark_read_mongo_dag.py:57} ERROR - spark-submit stderr | 25/12/03 06:41:43 INFO Executor: Adding file:/tmp/spark-9b604f79-22ed-41cf-b6bd-a64769a763ac/userFiles-17bee05b-c49a-42ec-b186-71259b1b9ad1/iceberg-spark-runtime-3.5_2.12-1.5.2.jar to class loader
[2025-12-03T06:42:15.714+0000] {spark_read_mongo_dag.py:57} ERROR - spark-submit stderr | 25/12/03 06:41:43 INFO Executor: Fetching spark://cceea9414d94:44125/jars/mongo-spark-connector_2.12-10.1.1.jar with timestamp 1764744097997
[2025-12-03T06:42:15.714+0000] {spark_read_mongo_dag.py:57} ERROR - spark-submit stderr | 25/12/03 06:41:43 INFO Utils: Fetching spark://cceea9414d94:44125/jars/mongo-spark-connector_2.12-10.1.1.jar to /tmp/spark-9b604f79-22ed-41cf-b6bd-a64769a763ac/userFiles-17bee05b-c49a-42ec-b186-71259b1b9ad1/fetchFileTemp15336369604015730998.tmp
[2025-12-03T06:42:15.715+0000] {spark_read_mongo_dag.py:57} ERROR - spark-submit stderr | 25/12/03 06:41:43 INFO Executor: Adding file:/tmp/spark-9b604f79-22ed-41cf-b6bd-a64769a763ac/userFiles-17bee05b-c49a-42ec-b186-71259b1b9ad1/mongo-spark-connector_2.12-10.1.1.jar to class loader
[2025-12-03T06:42:15.715+0000] {spark_read_mongo_dag.py:57} ERROR - spark-submit stderr | 25/12/03 06:41:43 INFO Utils: Successfully started service 'org.apache.spark.network.netty.NettyBlockTransferService' on port 43587.
[2025-12-03T06:42:15.715+0000] {spark_read_mongo_dag.py:57} ERROR - spark-submit stderr | 25/12/03 06:41:43 INFO NettyBlockTransferService: Server created on cceea9414d94:43587
[2025-12-03T06:42:15.715+0000] {spark_read_mongo_dag.py:57} ERROR - spark-submit stderr | 25/12/03 06:41:43 INFO BlockManager: Using org.apache.spark.storage.RandomBlockReplicationPolicy for block replication policy
[2025-12-03T06:42:15.716+0000] {spark_read_mongo_dag.py:57} ERROR - spark-submit stderr | 25/12/03 06:41:43 INFO BlockManagerMaster: Registering BlockManager BlockManagerId(driver, cceea9414d94, 43587, None)
[2025-12-03T06:42:15.716+0000] {spark_read_mongo_dag.py:57} ERROR - spark-submit stderr | 25/12/03 06:41:43 INFO BlockManagerMasterEndpoint: Registering block manager cceea9414d94:43587 with 434.4 MiB RAM, BlockManagerId(driver, cceea9414d94, 43587, None)
[2025-12-03T06:42:15.716+0000] {spark_read_mongo_dag.py:57} ERROR - spark-submit stderr | 25/12/03 06:41:43 INFO BlockManagerMaster: Registered BlockManager BlockManagerId(driver, cceea9414d94, 43587, None)
[2025-12-03T06:42:15.716+0000] {spark_read_mongo_dag.py:57} ERROR - spark-submit stderr | 25/12/03 06:41:43 INFO BlockManager: Initialized BlockManager: BlockManagerId(driver, cceea9414d94, 43587, None)
[2025-12-03T06:42:15.717+0000] {spark_read_mongo_dag.py:57} ERROR - spark-submit stderr | 25/12/03 06:41:43 INFO SharedState: Setting hive.metastore.warehouse.dir ('null') to the value of spark.sql.warehouse.dir.
[2025-12-03T06:42:15.717+0000] {spark_read_mongo_dag.py:57} ERROR - spark-submit stderr | 25/12/03 06:41:43 INFO SharedState: Warehouse path is 'file:/opt/***/spark-warehouse'.
[2025-12-03T06:42:15.717+0000] {spark_read_mongo_dag.py:57} ERROR - spark-submit stderr | 25/12/03 06:41:44 INFO client: MongoClient with metadata {"driver": {"name": "mongo-java-driver|sync|mongo-spark-connector|source", "version": "4.11.2|10.1.1"}, "os": {"type": "Linux", "name": "Linux", "architecture": "amd64", "version": "6.6.87.2-microsoft-standard-WSL2"}, "platform": "Java/Debian/17.0.17+10-Debian-1deb12u1|Scala/2.12.17/Spark/3.4.1"} created with settings MongoClientSettings{readPreference=primary, writeConcern=WriteConcern{w=null, wTimeout=null ms, journal=null}, retryWrites=true, retryReads=true, readConcern=ReadConcern{level=null}, credential=null, transportSettings=null, streamFactoryFactory=null, commandListeners=[], codecRegistry=ProvidersCodecRegistry{codecProviders=[ValueCodecProvider{}, BsonValueCodecProvider{}, DBRefCodecProvider{}, DBObjectCodecProvider{}, DocumentCodecProvider{}, CollectionCodecProvider{}, IterableCodecProvider{}, MapCodecProvider{}, GeoJsonCodecProvider{}, GridFSFileCodecProvider{}, Jsr310CodecProvider{}, JsonObjectCodecProvider{}, BsonCodecProvider{}, EnumCodecProvider{}, com.mongodb.client.model.mql.ExpressionCodecProvider@1ff60dcb, com.mongodb.Jep395RecordCodecProvider@435530c6, com.mongodb.KotlinCodecProvider@1b2a3ca6]}, loggerSettings=LoggerSettings{maxDocumentLength=1000}, clusterSettings={hosts=[172.168.168.206:27017], srvServiceName=mongodb, mode=SINGLE, requiredClusterType=UNKNOWN, requiredReplicaSetName='null', serverSelector='null', clusterListeners='[]', serverSelectionTimeout='30000 ms', localThreshold='15 ms'}, socketSettings=SocketSettings{connectTimeoutMS=10000, readTimeoutMS=0, receiveBufferSize=0, proxySettings=ProxySettings{host=null, port=null, username=null, password=null}}, heartbeatSocketSettings=SocketSettings{connectTimeoutMS=10000, readTimeoutMS=10000, receiveBufferSize=0, proxySettings=ProxySettings{host=null, port=null, username=null, password=null}}, connectionPoolSettings=ConnectionPoolSettings{maxSize=100, minSize=0, maxWaitTimeMS=120000, maxConnectionLifeTimeMS=0, maxConnectionIdleTimeMS=0, maintenanceInitialDelayMS=0, maintenanceFrequencyMS=60000, connectionPoolListeners=[], maxConnecting=2}, serverSettings=ServerSettings{heartbeatFrequencyMS=10000, minHeartbeatFrequencyMS=500, serverListeners='[]', serverMonitorListeners='[]'}, sslSettings=SslSettings{enabled=false, invalidHostNameAllowed=false, context=null}, applicationName='null', compressorList=[], uuidRepresentation=UNSPECIFIED, serverApi=null, autoEncryptionSettings=null, dnsClient=null, inetAddressResolver=null, contextProvider=null}
[2025-12-03T06:42:15.718+0000] {spark_read_mongo_dag.py:57} ERROR - spark-submit stderr | 25/12/03 06:41:44 INFO cluster: No server chosen by ReadPreferenceServerSelector{readPreference=primary} from cluster description ClusterDescription{type=UNKNOWN, connectionMode=SINGLE, serverDescriptions=[ServerDescription{address=172.168.168.206:27017, type=UNKNOWN, state=CONNECTING}]}. Waiting for 30000 ms before timing out
[2025-12-03T06:42:15.718+0000] {spark_read_mongo_dag.py:57} ERROR - spark-submit stderr | 25/12/03 06:41:54 INFO cluster: Exception in monitor thread while connecting to server 172.168.168.206:27017
[2025-12-03T06:42:15.718+0000] {spark_read_mongo_dag.py:57} ERROR - spark-submit stderr | com.mongodb.MongoSocketOpenException: Exception opening socket
[2025-12-03T06:42:15.718+0000] {spark_read_mongo_dag.py:57} ERROR - spark-submit stderr | 	at com.mongodb.internal.connection.SocketStream.lambda$open$0(SocketStream.java:84)
[2025-12-03T06:42:15.719+0000] {spark_read_mongo_dag.py:57} ERROR - spark-submit stderr | 	at java.base/java.util.Optional.orElseThrow(Optional.java:403)
[2025-12-03T06:42:15.719+0000] {spark_read_mongo_dag.py:57} ERROR - spark-submit stderr | 	at com.mongodb.internal.connection.SocketStream.open(SocketStream.java:84)
[2025-12-03T06:42:15.719+0000] {spark_read_mongo_dag.py:57} ERROR - spark-submit stderr | 	at com.mongodb.internal.connection.InternalStreamConnection.open(InternalStreamConnection.java:211)
[2025-12-03T06:42:15.719+0000] {spark_read_mongo_dag.py:57} ERROR - spark-submit stderr | 	at com.mongodb.internal.connection.DefaultServerMonitor$ServerMonitorRunnable.lookupServerDescription(DefaultServerMonitor.java:193)
[2025-12-03T06:42:15.720+0000] {spark_read_mongo_dag.py:57} ERROR - spark-submit stderr | 	at com.mongodb.internal.connection.DefaultServerMonitor$ServerMonitorRunnable.run(DefaultServerMonitor.java:153)
[2025-12-03T06:42:15.720+0000] {spark_read_mongo_dag.py:57} ERROR - spark-submit stderr | 	at java.base/java.lang.Thread.run(Thread.java:840)
[2025-12-03T06:42:15.720+0000] {spark_read_mongo_dag.py:57} ERROR - spark-submit stderr | Caused by: java.net.SocketTimeoutException: Connect timed out
[2025-12-03T06:42:15.720+0000] {spark_read_mongo_dag.py:57} ERROR - spark-submit stderr | 	at java.base/sun.nio.ch.NioSocketImpl.timedFinishConnect(NioSocketImpl.java:551)
[2025-12-03T06:42:15.721+0000] {spark_read_mongo_dag.py:57} ERROR - spark-submit stderr | 	at java.base/sun.nio.ch.NioSocketImpl.connect(NioSocketImpl.java:602)
[2025-12-03T06:42:15.721+0000] {spark_read_mongo_dag.py:57} ERROR - spark-submit stderr | 	at java.base/java.net.SocksSocketImpl.connect(SocksSocketImpl.java:327)
[2025-12-03T06:42:15.721+0000] {spark_read_mongo_dag.py:57} ERROR - spark-submit stderr | 	at java.base/java.net.Socket.connect(Socket.java:633)
[2025-12-03T06:42:15.721+0000] {spark_read_mongo_dag.py:57} ERROR - spark-submit stderr | 	at com.mongodb.internal.connection.SocketStreamHelper.initialize(SocketStreamHelper.java:76)
[2025-12-03T06:42:15.722+0000] {spark_read_mongo_dag.py:57} ERROR - spark-submit stderr | 	at com.mongodb.internal.connection.SocketStream.initializeSocket(SocketStream.java:104)
[2025-12-03T06:42:15.722+0000] {spark_read_mongo_dag.py:57} ERROR - spark-submit stderr | 	at com.mongodb.internal.connection.SocketStream.open(SocketStream.java:78)
[2025-12-03T06:42:15.722+0000] {spark_read_mongo_dag.py:57} ERROR - spark-submit stderr | 	... 4 more
[2025-12-03T06:42:15.722+0000] {spark_read_mongo_dag.py:57} ERROR - spark-submit stderr | 25/12/03 06:42:15 INFO SparkContext: Invoking stop() from shutdown hook
[2025-12-03T06:42:15.723+0000] {spark_read_mongo_dag.py:57} ERROR - spark-submit stderr | 25/12/03 06:42:15 INFO SparkContext: SparkContext is stopping with exitCode 0.
[2025-12-03T06:42:15.723+0000] {spark_read_mongo_dag.py:57} ERROR - spark-submit stderr | 25/12/03 06:42:15 INFO SparkUI: Stopped Spark web UI at http://cceea9414d94:4040
[2025-12-03T06:42:15.723+0000] {spark_read_mongo_dag.py:57} ERROR - spark-submit stderr | 25/12/03 06:42:15 INFO MapOutputTrackerMasterEndpoint: MapOutputTrackerMasterEndpoint stopped!
[2025-12-03T06:42:15.724+0000] {spark_read_mongo_dag.py:57} ERROR - spark-submit stderr | 25/12/03 06:42:15 INFO MemoryStore: MemoryStore cleared
[2025-12-03T06:42:15.724+0000] {spark_read_mongo_dag.py:57} ERROR - spark-submit stderr | 25/12/03 06:42:15 INFO BlockManager: BlockManager stopped
[2025-12-03T06:42:15.724+0000] {spark_read_mongo_dag.py:57} ERROR - spark-submit stderr | 25/12/03 06:42:15 INFO BlockManagerMaster: BlockManagerMaster stopped
[2025-12-03T06:42:15.724+0000] {spark_read_mongo_dag.py:57} ERROR - spark-submit stderr | 25/12/03 06:42:15 INFO OutputCommitCoordinator$OutputCommitCoordinatorEndpoint: OutputCommitCoordinator stopped!
[2025-12-03T06:42:15.725+0000] {spark_read_mongo_dag.py:57} ERROR - spark-submit stderr | 25/12/03 06:42:15 INFO SparkContext: Successfully stopped SparkContext
[2025-12-03T06:42:15.725+0000] {spark_read_mongo_dag.py:57} ERROR - spark-submit stderr | 25/12/03 06:42:15 INFO ShutdownHookManager: Shutdown hook called
[2025-12-03T06:42:15.725+0000] {spark_read_mongo_dag.py:57} ERROR - spark-submit stderr | 25/12/03 06:42:15 INFO ShutdownHookManager: Deleting directory /tmp/spark-9b604f79-22ed-41cf-b6bd-a64769a763ac/pyspark-b3e16c46-ae8a-4743-b8dd-6aa24c348927
[2025-12-03T06:42:15.725+0000] {spark_read_mongo_dag.py:57} ERROR - spark-submit stderr | 25/12/03 06:42:15 INFO ShutdownHookManager: Deleting directory /tmp/spark-e9bf6e5e-7a6e-4762-8a16-c90ae8698536
[2025-12-03T06:42:15.726+0000] {spark_read_mongo_dag.py:57} ERROR - spark-submit stderr | 25/12/03 06:42:15 INFO ShutdownHookManager: Deleting directory /tmp/spark-9b604f79-22ed-41cf-b6bd-a64769a763ac
[2025-12-03T06:42:15.728+0000] {spark_read_mongo_dag.py:63} ERROR - Exception in run_spark_job: spark-submit failed with exit 1
[2025-12-03T06:42:15.728+0000] {spark_read_mongo_dag.py:64} ERROR - Traceback:
Traceback (most recent call last):
  File "/opt/***/dags/spark_read_mongo_dag.py", line 59, in run_spark_job
    raise RuntimeError(f"spark-submit failed with exit {proc.returncode}")
RuntimeError: spark-submit failed with exit 1

[2025-12-03T06:42:15.729+0000] {taskinstance.py:441} INFO - ::group::Post task execution logs
[2025-12-03T06:42:15.730+0000] {taskinstance.py:2905} ERROR - Task failed with exception
Traceback (most recent call last):
  File "/home/airflow/.local/lib/python3.9/site-packages/airflow/models/taskinstance.py", line 465, in _execute_task
    result = _execute_callable(context=context, **execute_callable_kwargs)
  File "/home/airflow/.local/lib/python3.9/site-packages/airflow/models/taskinstance.py", line 432, in _execute_callable
    return execute_callable(context=context, **execute_callable_kwargs)
  File "/home/airflow/.local/lib/python3.9/site-packages/airflow/models/baseoperator.py", line 401, in wrapper
    return func(self, *args, **kwargs)
  File "/home/airflow/.local/lib/python3.9/site-packages/airflow/operators/python.py", line 235, in execute
    return_value = self.execute_callable()
  File "/home/airflow/.local/lib/python3.9/site-packages/airflow/operators/python.py", line 252, in execute_callable
    return self.python_callable(*self.op_args, **self.op_kwargs)
  File "/opt/airflow/dags/spark_read_mongo_dag.py", line 59, in run_spark_job
    raise RuntimeError(f"spark-submit failed with exit {proc.returncode}")
RuntimeError: spark-submit failed with exit 1
[2025-12-03T06:42:15.760+0000] {taskinstance.py:1206} INFO - Marking task as FAILED. dag_id=mongo_iceberg_dag, task_id=run_mongo_to_iceberg, run_id=manual__2025-12-03T06:41:31.661637+00:00, execution_date=20251203T064131, start_date=20251203T064133, end_date=20251203T064215
[2025-12-03T06:42:15.847+0000] {standard_task_runner.py:110} ERROR - Failed to execute job 33 for task run_mongo_to_iceberg (spark-submit failed with exit 1; 210)
[2025-12-03T06:42:15.869+0000] {local_task_job_runner.py:240} INFO - Task exited with return code 1
[2025-12-03T06:42:15.888+0000] {taskinstance.py:3503} INFO - 0 downstream tasks scheduled from follow-on schedule check
[2025-12-03T06:42:15.918+0000] {local_task_job_runner.py:222} INFO - ::endgroup::
