[2025-12-02T07:11:46.215+0000] {local_task_job_runner.py:120} INFO - ::group::Pre task execution logs
[2025-12-02T07:11:46.258+0000] {taskinstance.py:2076} INFO - Dependencies all met for dep_context=non-requeueable deps ti=<TaskInstance: mongo_iceberg_dag.run_mongo_to_iceberg manual__2025-12-02T07:11:44.490992+00:00 [queued]>
[2025-12-02T07:11:46.267+0000] {taskinstance.py:2076} INFO - Dependencies all met for dep_context=requeueable deps ti=<TaskInstance: mongo_iceberg_dag.run_mongo_to_iceberg manual__2025-12-02T07:11:44.490992+00:00 [queued]>
[2025-12-02T07:11:46.271+0000] {taskinstance.py:2306} INFO - Starting attempt 1 of 1
[2025-12-02T07:11:46.332+0000] {taskinstance.py:2330} INFO - Executing <Task(PythonOperator): run_mongo_to_iceberg> on 2025-12-02 07:11:44.490992+00:00
[2025-12-02T07:11:46.337+0000] {standard_task_runner.py:63} INFO - Started process 2520 to run task
[2025-12-02T07:11:46.340+0000] {standard_task_runner.py:90} INFO - Running: ['***', 'tasks', 'run', 'mongo_iceberg_dag', 'run_mongo_to_iceberg', 'manual__2025-12-02T07:11:44.490992+00:00', '--job-id', '6', '--raw', '--subdir', 'DAGS_FOLDER/spark_read_mongo_dag.py', '--cfg-path', '/tmp/tmp_1hknowx']
[2025-12-02T07:11:46.342+0000] {standard_task_runner.py:91} INFO - Job 6: Subtask run_mongo_to_iceberg
[2025-12-02T07:11:46.504+0000] {task_command.py:426} INFO - Running <TaskInstance: mongo_iceberg_dag.run_mongo_to_iceberg manual__2025-12-02T07:11:44.490992+00:00 [running]> on host 1914c6b7747c
[2025-12-02T07:11:46.743+0000] {taskinstance.py:2648} INFO - Exporting env vars: AIRFLOW_CTX_DAG_OWNER='deeku' AIRFLOW_CTX_DAG_ID='mongo_iceberg_dag' AIRFLOW_CTX_TASK_ID='run_mongo_to_iceberg' AIRFLOW_CTX_EXECUTION_DATE='2025-12-02T07:11:44.490992+00:00' AIRFLOW_CTX_TRY_NUMBER='1' AIRFLOW_CTX_DAG_RUN_ID='manual__2025-12-02T07:11:44.490992+00:00'
[2025-12-02T07:11:46.745+0000] {taskinstance.py:430} INFO - ::endgroup::
[2025-12-02T07:11:46.757+0000] {spark_read_mongo_dag.py:28} INFO - START run_spark_job
[2025-12-02T07:11:46.759+0000] {spark_read_mongo_dag.py:30} INFO - Checking path: /opt/***/spark_jobs/mongo_pyspark.py exists=True
[2025-12-02T07:11:46.761+0000] {spark_read_mongo_dag.py:30} INFO - Checking path: /opt/***/jars exists=True
[2025-12-02T07:11:46.764+0000] {spark_read_mongo_dag.py:34} INFO - Jar check: /opt/***/jars/mongo-spark-connector_2.12-10.1.1.jar exists=True size=156368
[2025-12-02T07:11:46.767+0000] {spark_read_mongo_dag.py:34} INFO - Jar check: /opt/***/jars/bson-4.11.2.jar exists=True size=511356
[2025-12-02T07:11:46.769+0000] {spark_read_mongo_dag.py:34} INFO - Jar check: /opt/***/jars/mongodb-driver-core-4.11.2.jar exists=True size=1670650
[2025-12-02T07:11:46.770+0000] {spark_read_mongo_dag.py:34} INFO - Jar check: /opt/***/jars/mongodb-driver-sync-4.11.2.jar exists=True size=151808
[2025-12-02T07:11:46.772+0000] {spark_read_mongo_dag.py:34} INFO - Jar check: /opt/***/jars/iceberg-spark-runtime-3.5_2.12-1.5.2.jar exists=True size=41604737
[2025-12-02T07:11:46.774+0000] {spark_read_mongo_dag.py:34} INFO - Jar check: /opt/***/jars/hadoop-aws-3.3.4.jar exists=True size=962685
[2025-12-02T07:11:46.775+0000] {spark_read_mongo_dag.py:34} INFO - Jar check: /opt/***/jars/aws-java-sdk-bundle-1.12.772.jar exists=True size=388405806
[2025-12-02T07:11:46.776+0000] {spark_read_mongo_dag.py:36} INFO - which spark-submit -> /home/***/.local/bin/spark-submit
[2025-12-02T07:11:46.777+0000] {spark_read_mongo_dag.py:45} INFO - ENV SPARK_HOME=/opt/spark/spark-3.4.1-bin-hadoop3 JAVA_HOME=/usr/lib/jvm/java-17-openjdk-amd64
[2025-12-02T07:11:46.778+0000] {spark_read_mongo_dag.py:46} INFO - Env PATH head: ['/opt/spark/spark-3.4.1-bin-hadoop3/bin', '/usr/lib/jvm/java-17-openjdk-amd64/bin', '/opt/spark/bin', '/usr/lib/jvm/java-17-openjdk-amd64/bin', '/root/bin']
[2025-12-02T07:11:46.779+0000] {spark_read_mongo_dag.py:49} INFO - Running command: spark-submit --jars /opt/***/jars/mongo-spark-connector_2.12-10.1.1.jar,/opt/***/jars/bson-4.11.2.jar,/opt/***/jars/mongodb-driver-core-4.11.2.jar,/opt/***/jars/mongodb-driver-sync-4.11.2.jar,/opt/***/jars/iceberg-spark-runtime-3.5_2.12-1.5.2.jar,/opt/***/jars/hadoop-aws-3.3.4.jar,/opt/***/jars/aws-java-sdk-bundle-1.12.772.jar /opt/***/spark_jobs/mongo_pyspark.py
[2025-12-02T07:12:17.387+0000] {spark_read_mongo_dag.py:51} INFO - Process finished. returncode=0
[2025-12-02T07:12:17.388+0000] {spark_read_mongo_dag.py:54} INFO - spark-submit stdout | 2025-12-02 07:11:52,249 INFO mongo_to_iceberg - START main at 2025-12-02 07:11:52
[2025-12-02T07:12:17.388+0000] {spark_read_mongo_dag.py:54} INFO - spark-submit stdout | 2025-12-02 07:11:52,249 INFO mongo_to_iceberg - Checking required JARs under /opt/***/jars
[2025-12-02T07:12:17.389+0000] {spark_read_mongo_dag.py:54} INFO - spark-submit stdout | 2025-12-02 07:11:52,251 INFO mongo_to_iceberg - JAR: /opt/***/jars/mongo-spark-connector_2.12-10.1.1.jar exists=True size=156368
[2025-12-02T07:12:17.390+0000] {spark_read_mongo_dag.py:54} INFO - spark-submit stdout | 2025-12-02 07:11:52,253 INFO mongo_to_iceberg - JAR: /opt/***/jars/bson-4.11.2.jar exists=True size=511356
[2025-12-02T07:12:17.390+0000] {spark_read_mongo_dag.py:54} INFO - spark-submit stdout | 2025-12-02 07:11:52,255 INFO mongo_to_iceberg - JAR: /opt/***/jars/mongodb-driver-core-4.11.2.jar exists=True size=1670650
[2025-12-02T07:12:17.391+0000] {spark_read_mongo_dag.py:54} INFO - spark-submit stdout | 2025-12-02 07:11:52,257 INFO mongo_to_iceberg - JAR: /opt/***/jars/mongodb-driver-sync-4.11.2.jar exists=True size=151808
[2025-12-02T07:12:17.391+0000] {spark_read_mongo_dag.py:54} INFO - spark-submit stdout | 2025-12-02 07:11:52,259 INFO mongo_to_iceberg - JAR: /opt/***/jars/iceberg-spark-runtime-3.5_2.12-1.5.2.jar exists=True size=41604737
[2025-12-02T07:12:17.392+0000] {spark_read_mongo_dag.py:54} INFO - spark-submit stdout | 2025-12-02 07:11:52,260 INFO mongo_to_iceberg - JAR: /opt/***/jars/hadoop-aws-3.3.4.jar exists=True size=962685
[2025-12-02T07:12:17.393+0000] {spark_read_mongo_dag.py:54} INFO - spark-submit stdout | 2025-12-02 07:11:52,262 INFO mongo_to_iceberg - JAR: /opt/***/jars/aws-java-sdk-bundle-1.12.772.jar exists=True size=388405806
[2025-12-02T07:12:17.393+0000] {spark_read_mongo_dag.py:54} INFO - spark-submit stdout | 2025-12-02 07:11:52,262 INFO mongo_to_iceberg - Mongo URI (masked): mongodb://admin:****@mongo:27017/ai_segmentation.conversations?authSource=admin
[2025-12-02T07:12:17.394+0000] {spark_read_mongo_dag.py:54} INFO - spark-submit stdout | 2025-12-02 07:11:52,262 INFO mongo_to_iceberg - Using Iceberg warehouse (must be s3a://): s3a://iceberg/
[2025-12-02T07:12:17.394+0000] {spark_read_mongo_dag.py:54} INFO - spark-submit stdout | 2025-12-02 07:11:52,262 INFO mongo_to_iceberg - S3 endpoint=http://minio:9000 path_style=true ssl_enabled=false
[2025-12-02T07:12:17.395+0000] {spark_read_mongo_dag.py:54} INFO - spark-submit stdout | 2025-12-02 07:11:52,262 INFO mongo_to_iceberg - Creating SparkSession...
[2025-12-02T07:12:17.395+0000] {spark_read_mongo_dag.py:54} INFO - spark-submit stdout | 2025-12-02 07:11:57,628 INFO mongo_to_iceberg - SparkSession created. Spark version=3.4.1
[2025-12-02T07:12:17.396+0000] {spark_read_mongo_dag.py:54} INFO - spark-submit stdout | 2025-12-02 07:12:00,373 INFO mongo_to_iceberg - spark.jars config=/opt/***/jars/mongo-spark-connector_2.12-10.1.1.jar,/opt/***/jars/bson-4.11.2.jar,/opt/***/jars/mongodb-driver-core-4.11.2.jar,/opt/***/jars/mongodb-driver-sync-4.11.2.jar,/opt/***/jars/iceberg-spark-runtime-3.5_2.12-1.5.2.jar,/opt/***/jars/hadoop-aws-3.3.4.jar,/opt/***/jars/aws-java-sdk-bundle-1.12.772.jar
[2025-12-02T07:12:17.396+0000] {spark_read_mongo_dag.py:54} INFO - spark-submit stdout | 2025-12-02 07:12:00,375 INFO mongo_to_iceberg - spark.mongodb.read.connection.uri=mongodb://admin:example@mongo:27017/ai_segmentation.conversations?authSource=admin
[2025-12-02T07:12:17.396+0000] {spark_read_mongo_dag.py:54} INFO - spark-submit stdout | 2025-12-02 07:12:00,376 INFO mongo_to_iceberg - spark.sql.catalog.iceberg_catalog.warehouse=s3a://iceberg/
[2025-12-02T07:12:17.397+0000] {spark_read_mongo_dag.py:54} INFO - spark-submit stdout | 2025-12-02 07:12:00,376 INFO mongo_to_iceberg - Starting read from MongoDB collection ai_segmentation.conversations
[2025-12-02T07:12:17.397+0000] {spark_read_mongo_dag.py:54} INFO - spark-submit stdout | 2025-12-02 07:12:03,897 INFO mongo_to_iceberg - Read succeeded. Counting rows (this may be slow)...
[2025-12-02T07:12:17.398+0000] {spark_read_mongo_dag.py:54} INFO - spark-submit stdout | 2025-12-02 07:12:08,300 INFO mongo_to_iceberg - Rows read from MongoDB: 0
[2025-12-02T07:12:17.398+0000] {spark_read_mongo_dag.py:54} INFO - spark-submit stdout | 2025-12-02 07:12:08,301 INFO mongo_to_iceberg - Showing up to 5 rows:
[2025-12-02T07:12:17.399+0000] {spark_read_mongo_dag.py:54} INFO - spark-submit stdout | 2025-12-02 07:12:08,535 INFO mongo_to_iceberg - Preparing to write DataFrame as Parquet to S3 path: s3a://iceberg/ai_segmentation/conversations/parquet/
[2025-12-02T07:12:17.399+0000] {spark_read_mongo_dag.py:54} INFO - spark-submit stdout | 2025-12-02 07:12:08,601 INFO mongo_to_iceberg - Schema fields count=0, columns=0, rows=0
[2025-12-02T07:12:17.400+0000] {spark_read_mongo_dag.py:54} INFO - spark-submit stdout | 2025-12-02 07:12:08,601 WARNING mongo_to_iceberg - DataFrame appears empty or has no columns (rows=0, cols=0). Skipping Parquet write.
[2025-12-02T07:12:17.400+0000] {spark_read_mongo_dag.py:54} INFO - spark-submit stdout | 2025-12-02 07:12:08,601 INFO mongo_to_iceberg - Writing tiny job marker CSV to s3a://iceberg/ai_segmentation/conversations/_job_marker/
[2025-12-02T07:12:17.400+0000] {spark_read_mongo_dag.py:54} INFO - spark-submit stdout | 2025-12-02 07:12:16,412 INFO mongo_to_iceberg - Job marker written to s3a://iceberg/ai_segmentation/conversations/_job_marker/
[2025-12-02T07:12:17.401+0000] {spark_read_mongo_dag.py:54} INFO - spark-submit stdout | 2025-12-02 07:12:16,413 INFO mongo_to_iceberg - Stopping Spark.
[2025-12-02T07:12:17.401+0000] {spark_read_mongo_dag.py:54} INFO - spark-submit stdout | 2025-12-02 07:12:16,941 INFO mongo_to_iceberg - END main SUCCESS at 2025-12-02 07:12:16
[2025-12-02T07:12:17.402+0000] {spark_read_mongo_dag.py:54} INFO - spark-submit stdout | 2025-12-02 07:12:16,942 INFO py4j.clientserver - Closing down clientserver connection
[2025-12-02T07:12:17.402+0000] {spark_read_mongo_dag.py:57} ERROR - spark-submit stderr | 25/12/02 07:11:50 WARN NativeCodeLoader: Unable to load native-hadoop library for your platform... using builtin-java classes where applicable
[2025-12-02T07:12:17.403+0000] {spark_read_mongo_dag.py:57} ERROR - spark-submit stderr | 25/12/02 07:11:52 INFO SparkContext: Running Spark version 3.4.1
[2025-12-02T07:12:17.403+0000] {spark_read_mongo_dag.py:57} ERROR - spark-submit stderr | 25/12/02 07:11:52 INFO ResourceUtils: ==============================================================
[2025-12-02T07:12:17.404+0000] {spark_read_mongo_dag.py:57} ERROR - spark-submit stderr | 25/12/02 07:11:52 INFO ResourceUtils: No custom resources configured for spark.driver.
[2025-12-02T07:12:17.404+0000] {spark_read_mongo_dag.py:57} ERROR - spark-submit stderr | 25/12/02 07:11:52 INFO ResourceUtils: ==============================================================
[2025-12-02T07:12:17.404+0000] {spark_read_mongo_dag.py:57} ERROR - spark-submit stderr | 25/12/02 07:11:52 INFO SparkContext: Submitted application: MongoToParquetToMinIO
[2025-12-02T07:12:17.405+0000] {spark_read_mongo_dag.py:57} ERROR - spark-submit stderr | 25/12/02 07:11:52 INFO ResourceProfile: Default ResourceProfile created, executor resources: Map(cores -> name: cores, amount: 1, script: , vendor: , memory -> name: memory, amount: 1024, script: , vendor: , offHeap -> name: offHeap, amount: 0, script: , vendor: ), task resources: Map(cpus -> name: cpus, amount: 1.0)
[2025-12-02T07:12:17.405+0000] {spark_read_mongo_dag.py:57} ERROR - spark-submit stderr | 25/12/02 07:11:52 INFO ResourceProfile: Limiting resource is cpu
[2025-12-02T07:12:17.406+0000] {spark_read_mongo_dag.py:57} ERROR - spark-submit stderr | 25/12/02 07:11:52 INFO ResourceProfileManager: Added ResourceProfile id: 0
[2025-12-02T07:12:17.406+0000] {spark_read_mongo_dag.py:57} ERROR - spark-submit stderr | 25/12/02 07:11:53 INFO SecurityManager: Changing view acls to: ***
[2025-12-02T07:12:17.407+0000] {spark_read_mongo_dag.py:57} ERROR - spark-submit stderr | 25/12/02 07:11:53 INFO SecurityManager: Changing modify acls to: ***
[2025-12-02T07:12:17.407+0000] {spark_read_mongo_dag.py:57} ERROR - spark-submit stderr | 25/12/02 07:11:53 INFO SecurityManager: Changing view acls groups to: 
[2025-12-02T07:12:17.407+0000] {spark_read_mongo_dag.py:57} ERROR - spark-submit stderr | 25/12/02 07:11:53 INFO SecurityManager: Changing modify acls groups to: 
[2025-12-02T07:12:17.408+0000] {spark_read_mongo_dag.py:57} ERROR - spark-submit stderr | 25/12/02 07:11:53 INFO SecurityManager: SecurityManager: authentication disabled; ui acls disabled; users with view permissions: ***; groups with view permissions: EMPTY; users with modify permissions: ***; groups with modify permissions: EMPTY
[2025-12-02T07:12:17.408+0000] {spark_read_mongo_dag.py:57} ERROR - spark-submit stderr | 25/12/02 07:11:53 INFO Utils: Successfully started service 'sparkDriver' on port 42507.
[2025-12-02T07:12:17.409+0000] {spark_read_mongo_dag.py:57} ERROR - spark-submit stderr | 25/12/02 07:11:53 INFO SparkEnv: Registering MapOutputTracker
[2025-12-02T07:12:17.410+0000] {spark_read_mongo_dag.py:57} ERROR - spark-submit stderr | 25/12/02 07:11:53 INFO SparkEnv: Registering BlockManagerMaster
[2025-12-02T07:12:17.410+0000] {spark_read_mongo_dag.py:57} ERROR - spark-submit stderr | 25/12/02 07:11:53 INFO BlockManagerMasterEndpoint: Using org.apache.spark.storage.DefaultTopologyMapper for getting topology information
[2025-12-02T07:12:17.410+0000] {spark_read_mongo_dag.py:57} ERROR - spark-submit stderr | 25/12/02 07:11:53 INFO BlockManagerMasterEndpoint: BlockManagerMasterEndpoint up
[2025-12-02T07:12:17.411+0000] {spark_read_mongo_dag.py:57} ERROR - spark-submit stderr | 25/12/02 07:11:53 INFO SparkEnv: Registering BlockManagerMasterHeartbeat
[2025-12-02T07:12:17.411+0000] {spark_read_mongo_dag.py:57} ERROR - spark-submit stderr | 25/12/02 07:11:53 INFO DiskBlockManager: Created local directory at /tmp/blockmgr-cd5a08dd-c217-44d0-bf1c-e878e4aacbb1
[2025-12-02T07:12:17.412+0000] {spark_read_mongo_dag.py:57} ERROR - spark-submit stderr | 25/12/02 07:11:53 INFO MemoryStore: MemoryStore started with capacity 434.4 MiB
[2025-12-02T07:12:17.412+0000] {spark_read_mongo_dag.py:57} ERROR - spark-submit stderr | 25/12/02 07:11:53 INFO SparkEnv: Registering OutputCommitCoordinator
[2025-12-02T07:12:17.413+0000] {spark_read_mongo_dag.py:57} ERROR - spark-submit stderr | 25/12/02 07:11:53 INFO JettyUtils: Start Jetty 0.0.0.0:4040 for SparkUI
[2025-12-02T07:12:17.413+0000] {spark_read_mongo_dag.py:57} ERROR - spark-submit stderr | 25/12/02 07:11:53 INFO Utils: Successfully started service 'SparkUI' on port 4040.
[2025-12-02T07:12:17.413+0000] {spark_read_mongo_dag.py:57} ERROR - spark-submit stderr | 25/12/02 07:11:53 INFO SparkContext: Added JAR /opt/***/jars/mongo-spark-connector_2.12-10.1.1.jar at spark://1914c6b7747c:42507/jars/mongo-spark-connector_2.12-10.1.1.jar with timestamp 1764659512871
[2025-12-02T07:12:17.414+0000] {spark_read_mongo_dag.py:57} ERROR - spark-submit stderr | 25/12/02 07:11:53 INFO SparkContext: Added JAR /opt/***/jars/bson-4.11.2.jar at spark://1914c6b7747c:42507/jars/bson-4.11.2.jar with timestamp 1764659512871
[2025-12-02T07:12:17.414+0000] {spark_read_mongo_dag.py:57} ERROR - spark-submit stderr | 25/12/02 07:11:53 INFO SparkContext: Added JAR /opt/***/jars/mongodb-driver-core-4.11.2.jar at spark://1914c6b7747c:42507/jars/mongodb-driver-core-4.11.2.jar with timestamp 1764659512871
[2025-12-02T07:12:17.415+0000] {spark_read_mongo_dag.py:57} ERROR - spark-submit stderr | 25/12/02 07:11:53 INFO SparkContext: Added JAR /opt/***/jars/mongodb-driver-sync-4.11.2.jar at spark://1914c6b7747c:42507/jars/mongodb-driver-sync-4.11.2.jar with timestamp 1764659512871
[2025-12-02T07:12:17.415+0000] {spark_read_mongo_dag.py:57} ERROR - spark-submit stderr | 25/12/02 07:11:53 INFO SparkContext: Added JAR /opt/***/jars/iceberg-spark-runtime-3.5_2.12-1.5.2.jar at spark://1914c6b7747c:42507/jars/iceberg-spark-runtime-3.5_2.12-1.5.2.jar with timestamp 1764659512871
[2025-12-02T07:12:17.415+0000] {spark_read_mongo_dag.py:57} ERROR - spark-submit stderr | 25/12/02 07:11:53 INFO SparkContext: Added JAR /opt/***/jars/hadoop-aws-3.3.4.jar at spark://1914c6b7747c:42507/jars/hadoop-aws-3.3.4.jar with timestamp 1764659512871
[2025-12-02T07:12:17.416+0000] {spark_read_mongo_dag.py:57} ERROR - spark-submit stderr | 25/12/02 07:11:53 INFO SparkContext: Added JAR /opt/***/jars/aws-java-sdk-bundle-1.12.772.jar at spark://1914c6b7747c:42507/jars/aws-java-sdk-bundle-1.12.772.jar with timestamp 1764659512871
[2025-12-02T07:12:17.416+0000] {spark_read_mongo_dag.py:57} ERROR - spark-submit stderr | 25/12/02 07:11:53 INFO Executor: Starting executor ID driver on host 1914c6b7747c
[2025-12-02T07:12:17.417+0000] {spark_read_mongo_dag.py:57} ERROR - spark-submit stderr | 25/12/02 07:11:53 INFO Executor: Starting executor with user classpath (userClassPathFirst = false): ''
[2025-12-02T07:12:17.417+0000] {spark_read_mongo_dag.py:57} ERROR - spark-submit stderr | 25/12/02 07:11:53 INFO Executor: Fetching spark://1914c6b7747c:42507/jars/bson-4.11.2.jar with timestamp 1764659512871
[2025-12-02T07:12:17.417+0000] {spark_read_mongo_dag.py:57} ERROR - spark-submit stderr | 25/12/02 07:11:53 INFO TransportClientFactory: Successfully created connection to 1914c6b7747c/172.19.0.9:42507 after 29 ms (0 ms spent in bootstraps)
[2025-12-02T07:12:17.418+0000] {spark_read_mongo_dag.py:57} ERROR - spark-submit stderr | 25/12/02 07:11:53 INFO Utils: Fetching spark://1914c6b7747c:42507/jars/bson-4.11.2.jar to /tmp/spark-94833f74-c857-4f06-89d8-18ad517d0116/userFiles-8d653437-6324-4081-817b-cea64295bd3a/fetchFileTemp6689053184473529397.tmp
[2025-12-02T07:12:17.418+0000] {spark_read_mongo_dag.py:57} ERROR - spark-submit stderr | 25/12/02 07:11:53 INFO Executor: Adding file:/tmp/spark-94833f74-c857-4f06-89d8-18ad517d0116/userFiles-8d653437-6324-4081-817b-cea64295bd3a/bson-4.11.2.jar to class loader
[2025-12-02T07:12:17.418+0000] {spark_read_mongo_dag.py:57} ERROR - spark-submit stderr | 25/12/02 07:11:53 INFO Executor: Fetching spark://1914c6b7747c:42507/jars/mongodb-driver-sync-4.11.2.jar with timestamp 1764659512871
[2025-12-02T07:12:17.419+0000] {spark_read_mongo_dag.py:57} ERROR - spark-submit stderr | 25/12/02 07:11:53 INFO Utils: Fetching spark://1914c6b7747c:42507/jars/mongodb-driver-sync-4.11.2.jar to /tmp/spark-94833f74-c857-4f06-89d8-18ad517d0116/userFiles-8d653437-6324-4081-817b-cea64295bd3a/fetchFileTemp8633453090698046654.tmp
[2025-12-02T07:12:17.419+0000] {spark_read_mongo_dag.py:57} ERROR - spark-submit stderr | 25/12/02 07:11:53 INFO Executor: Adding file:/tmp/spark-94833f74-c857-4f06-89d8-18ad517d0116/userFiles-8d653437-6324-4081-817b-cea64295bd3a/mongodb-driver-sync-4.11.2.jar to class loader
[2025-12-02T07:12:17.419+0000] {spark_read_mongo_dag.py:57} ERROR - spark-submit stderr | 25/12/02 07:11:53 INFO Executor: Fetching spark://1914c6b7747c:42507/jars/mongodb-driver-core-4.11.2.jar with timestamp 1764659512871
[2025-12-02T07:12:17.419+0000] {spark_read_mongo_dag.py:57} ERROR - spark-submit stderr | 25/12/02 07:11:53 INFO Utils: Fetching spark://1914c6b7747c:42507/jars/mongodb-driver-core-4.11.2.jar to /tmp/spark-94833f74-c857-4f06-89d8-18ad517d0116/userFiles-8d653437-6324-4081-817b-cea64295bd3a/fetchFileTemp1656800948013534768.tmp
[2025-12-02T07:12:17.420+0000] {spark_read_mongo_dag.py:57} ERROR - spark-submit stderr | 25/12/02 07:11:53 INFO Executor: Adding file:/tmp/spark-94833f74-c857-4f06-89d8-18ad517d0116/userFiles-8d653437-6324-4081-817b-cea64295bd3a/mongodb-driver-core-4.11.2.jar to class loader
[2025-12-02T07:12:17.420+0000] {spark_read_mongo_dag.py:57} ERROR - spark-submit stderr | 25/12/02 07:11:53 INFO Executor: Fetching spark://1914c6b7747c:42507/jars/hadoop-aws-3.3.4.jar with timestamp 1764659512871
[2025-12-02T07:12:17.420+0000] {spark_read_mongo_dag.py:57} ERROR - spark-submit stderr | 25/12/02 07:11:53 INFO Utils: Fetching spark://1914c6b7747c:42507/jars/hadoop-aws-3.3.4.jar to /tmp/spark-94833f74-c857-4f06-89d8-18ad517d0116/userFiles-8d653437-6324-4081-817b-cea64295bd3a/fetchFileTemp5705776479904849274.tmp
[2025-12-02T07:12:17.421+0000] {spark_read_mongo_dag.py:57} ERROR - spark-submit stderr | 25/12/02 07:11:53 INFO Executor: Adding file:/tmp/spark-94833f74-c857-4f06-89d8-18ad517d0116/userFiles-8d653437-6324-4081-817b-cea64295bd3a/hadoop-aws-3.3.4.jar to class loader
[2025-12-02T07:12:17.421+0000] {spark_read_mongo_dag.py:57} ERROR - spark-submit stderr | 25/12/02 07:11:53 INFO Executor: Fetching spark://1914c6b7747c:42507/jars/iceberg-spark-runtime-3.5_2.12-1.5.2.jar with timestamp 1764659512871
[2025-12-02T07:12:17.421+0000] {spark_read_mongo_dag.py:57} ERROR - spark-submit stderr | 25/12/02 07:11:53 INFO Utils: Fetching spark://1914c6b7747c:42507/jars/iceberg-spark-runtime-3.5_2.12-1.5.2.jar to /tmp/spark-94833f74-c857-4f06-89d8-18ad517d0116/userFiles-8d653437-6324-4081-817b-cea64295bd3a/fetchFileTemp9344360931828107965.tmp
[2025-12-02T07:12:17.422+0000] {spark_read_mongo_dag.py:57} ERROR - spark-submit stderr | 25/12/02 07:11:54 INFO Executor: Adding file:/tmp/spark-94833f74-c857-4f06-89d8-18ad517d0116/userFiles-8d653437-6324-4081-817b-cea64295bd3a/iceberg-spark-runtime-3.5_2.12-1.5.2.jar to class loader
[2025-12-02T07:12:17.422+0000] {spark_read_mongo_dag.py:57} ERROR - spark-submit stderr | 25/12/02 07:11:54 INFO Executor: Fetching spark://1914c6b7747c:42507/jars/mongo-spark-connector_2.12-10.1.1.jar with timestamp 1764659512871
[2025-12-02T07:12:17.422+0000] {spark_read_mongo_dag.py:57} ERROR - spark-submit stderr | 25/12/02 07:11:54 INFO Utils: Fetching spark://1914c6b7747c:42507/jars/mongo-spark-connector_2.12-10.1.1.jar to /tmp/spark-94833f74-c857-4f06-89d8-18ad517d0116/userFiles-8d653437-6324-4081-817b-cea64295bd3a/fetchFileTemp9844029303004009769.tmp
[2025-12-02T07:12:17.423+0000] {spark_read_mongo_dag.py:57} ERROR - spark-submit stderr | 25/12/02 07:11:54 INFO Executor: Adding file:/tmp/spark-94833f74-c857-4f06-89d8-18ad517d0116/userFiles-8d653437-6324-4081-817b-cea64295bd3a/mongo-spark-connector_2.12-10.1.1.jar to class loader
[2025-12-02T07:12:17.423+0000] {spark_read_mongo_dag.py:57} ERROR - spark-submit stderr | 25/12/02 07:11:54 INFO Executor: Fetching spark://1914c6b7747c:42507/jars/aws-java-sdk-bundle-1.12.772.jar with timestamp 1764659512871
[2025-12-02T07:12:17.423+0000] {spark_read_mongo_dag.py:57} ERROR - spark-submit stderr | 25/12/02 07:11:54 INFO Utils: Fetching spark://1914c6b7747c:42507/jars/aws-java-sdk-bundle-1.12.772.jar to /tmp/spark-94833f74-c857-4f06-89d8-18ad517d0116/userFiles-8d653437-6324-4081-817b-cea64295bd3a/fetchFileTemp13125107559980540832.tmp
[2025-12-02T07:12:17.424+0000] {spark_read_mongo_dag.py:57} ERROR - spark-submit stderr | 25/12/02 07:11:57 INFO Executor: Adding file:/tmp/spark-94833f74-c857-4f06-89d8-18ad517d0116/userFiles-8d653437-6324-4081-817b-cea64295bd3a/aws-java-sdk-bundle-1.12.772.jar to class loader
[2025-12-02T07:12:17.424+0000] {spark_read_mongo_dag.py:57} ERROR - spark-submit stderr | 25/12/02 07:11:57 INFO Utils: Successfully started service 'org.apache.spark.network.netty.NettyBlockTransferService' on port 36475.
[2025-12-02T07:12:17.424+0000] {spark_read_mongo_dag.py:57} ERROR - spark-submit stderr | 25/12/02 07:11:57 INFO NettyBlockTransferService: Server created on 1914c6b7747c:36475
[2025-12-02T07:12:17.425+0000] {spark_read_mongo_dag.py:57} ERROR - spark-submit stderr | 25/12/02 07:11:57 INFO BlockManager: Using org.apache.spark.storage.RandomBlockReplicationPolicy for block replication policy
[2025-12-02T07:12:17.425+0000] {spark_read_mongo_dag.py:57} ERROR - spark-submit stderr | 25/12/02 07:11:57 INFO BlockManagerMaster: Registering BlockManager BlockManagerId(driver, 1914c6b7747c, 36475, None)
[2025-12-02T07:12:17.426+0000] {spark_read_mongo_dag.py:57} ERROR - spark-submit stderr | 25/12/02 07:11:57 INFO BlockManagerMasterEndpoint: Registering block manager 1914c6b7747c:36475 with 434.4 MiB RAM, BlockManagerId(driver, 1914c6b7747c, 36475, None)
[2025-12-02T07:12:17.426+0000] {spark_read_mongo_dag.py:57} ERROR - spark-submit stderr | 25/12/02 07:11:57 INFO BlockManagerMaster: Registered BlockManager BlockManagerId(driver, 1914c6b7747c, 36475, None)
[2025-12-02T07:12:17.427+0000] {spark_read_mongo_dag.py:57} ERROR - spark-submit stderr | 25/12/02 07:11:57 INFO BlockManager: Initialized BlockManager: BlockManagerId(driver, 1914c6b7747c, 36475, None)
[2025-12-02T07:12:17.427+0000] {spark_read_mongo_dag.py:57} ERROR - spark-submit stderr | 25/12/02 07:11:57 INFO SharedState: Setting hive.metastore.warehouse.dir ('null') to the value of spark.sql.warehouse.dir.
[2025-12-02T07:12:17.427+0000] {spark_read_mongo_dag.py:57} ERROR - spark-submit stderr | 25/12/02 07:11:57 INFO SharedState: Warehouse path is 'file:/opt/***/spark-warehouse'.
[2025-12-02T07:12:17.428+0000] {spark_read_mongo_dag.py:57} ERROR - spark-submit stderr | 25/12/02 07:12:00 INFO client: MongoClient with metadata {"driver": {"name": "mongo-java-driver|sync|mongo-spark-connector|source", "version": "4.11.2|10.1.1"}, "os": {"type": "Linux", "name": "Linux", "architecture": "amd64", "version": "6.6.87.2-microsoft-standard-WSL2"}, "platform": "Java/Debian/17.0.17+10-Debian-1deb12u1|Scala/2.12.17/Spark/3.4.1"} created with settings MongoClientSettings{readPreference=primary, writeConcern=WriteConcern{w=null, wTimeout=null ms, journal=null}, retryWrites=true, retryReads=true, readConcern=ReadConcern{level=null}, credential=MongoCredential{mechanism=null, userName='admin', source='admin', password=<hidden>, mechanismProperties=<hidden>}, transportSettings=null, streamFactoryFactory=null, commandListeners=[], codecRegistry=ProvidersCodecRegistry{codecProviders=[ValueCodecProvider{}, BsonValueCodecProvider{}, DBRefCodecProvider{}, DBObjectCodecProvider{}, DocumentCodecProvider{}, CollectionCodecProvider{}, IterableCodecProvider{}, MapCodecProvider{}, GeoJsonCodecProvider{}, GridFSFileCodecProvider{}, Jsr310CodecProvider{}, JsonObjectCodecProvider{}, BsonCodecProvider{}, EnumCodecProvider{}, com.mongodb.client.model.mql.ExpressionCodecProvider@593bb061, com.mongodb.Jep395RecordCodecProvider@11d5716e, com.mongodb.KotlinCodecProvider@2f253639]}, loggerSettings=LoggerSettings{maxDocumentLength=1000}, clusterSettings={hosts=[mongo:27017], srvServiceName=mongodb, mode=SINGLE, requiredClusterType=UNKNOWN, requiredReplicaSetName='null', serverSelector='null', clusterListeners='[]', serverSelectionTimeout='30000 ms', localThreshold='15 ms'}, socketSettings=SocketSettings{connectTimeoutMS=10000, readTimeoutMS=0, receiveBufferSize=0, proxySettings=ProxySettings{host=null, port=null, username=null, password=null}}, heartbeatSocketSettings=SocketSettings{connectTimeoutMS=10000, readTimeoutMS=10000, receiveBufferSize=0, proxySettings=ProxySettings{host=null, port=null, username=null, password=null}}, connectionPoolSettings=ConnectionPoolSettings{maxSize=100, minSize=0, maxWaitTimeMS=120000, maxConnectionLifeTimeMS=0, maxConnectionIdleTimeMS=0, maintenanceInitialDelayMS=0, maintenanceFrequencyMS=60000, connectionPoolListeners=[], maxConnecting=2}, serverSettings=ServerSettings{heartbeatFrequencyMS=10000, minHeartbeatFrequencyMS=500, serverListeners='[]', serverMonitorListeners='[]'}, sslSettings=SslSettings{enabled=false, invalidHostNameAllowed=false, context=null}, applicationName='null', compressorList=[], uuidRepresentation=UNSPECIFIED, serverApi=null, autoEncryptionSettings=null, dnsClient=null, inetAddressResolver=null, contextProvider=null}
[2025-12-02T07:12:17.428+0000] {spark_read_mongo_dag.py:57} ERROR - spark-submit stderr | 25/12/02 07:12:01 INFO cluster: Monitor thread successfully connected to server with description ServerDescription{address=mongo:27017, type=STANDALONE, state=CONNECTED, ok=true, minWireVersion=0, maxWireVersion=17, maxDocumentSize=16777216, logicalSessionTimeoutMinutes=30, roundTripTimeNanos=55683394}
[2025-12-02T07:12:17.429+0000] {spark_read_mongo_dag.py:57} ERROR - spark-submit stderr | 25/12/02 07:12:01 INFO MongoTable: Creating MongoTable: mongo-spark-connector-10.1.1
[2025-12-02T07:12:17.429+0000] {spark_read_mongo_dag.py:57} ERROR - spark-submit stderr | 25/12/02 07:12:04 WARN MetricsConfig: Cannot locate configuration: tried hadoop-metrics2-s3a-file-system.properties,hadoop-metrics2.properties
[2025-12-02T07:12:17.429+0000] {spark_read_mongo_dag.py:57} ERROR - spark-submit stderr | 25/12/02 07:12:04 INFO MetricsSystemImpl: Scheduled Metric snapshot period at 10 second(s).
[2025-12-02T07:12:17.430+0000] {spark_read_mongo_dag.py:57} ERROR - spark-submit stderr | 25/12/02 07:12:04 INFO MetricsSystemImpl: s3a-file-system metrics system started
[2025-12-02T07:12:17.430+0000] {spark_read_mongo_dag.py:57} ERROR - spark-submit stderr | 25/12/02 07:12:04 WARN VersionInfoUtils: The AWS SDK for Java 1.x entered maintenance mode starting July 31, 2024 and will reach end of support on December 31, 2025. For more information, see https://aws.amazon.com/blogs/developer/the-aws-sdk-for-java-1-x-is-in-maintenance-mode-effective-july-31-2024/
[2025-12-02T07:12:17.430+0000] {spark_read_mongo_dag.py:57} ERROR - spark-submit stderr | You can print where on the file system the AWS SDK for Java 1.x core runtime is located by setting the AWS_JAVA_V1_PRINT_LOCATION environment variable or aws.java.v1.printLocation system property to 'true'.
[2025-12-02T07:12:17.431+0000] {spark_read_mongo_dag.py:57} ERROR - spark-submit stderr | This message can be disabled by setting the AWS_JAVA_V1_DISABLE_DEPRECATION_ANNOUNCEMENT environment variable or aws.java.v1.disableDeprecationAnnouncement system property to 'true'.
[2025-12-02T07:12:17.431+0000] {spark_read_mongo_dag.py:57} ERROR - spark-submit stderr | The AWS SDK for Java 1.x is being used here:
[2025-12-02T07:12:17.431+0000] {spark_read_mongo_dag.py:57} ERROR - spark-submit stderr | at java.base/java.lang.Thread.getStackTrace(Thread.java:1619)
[2025-12-02T07:12:17.431+0000] {spark_read_mongo_dag.py:57} ERROR - spark-submit stderr | at com.amazonaws.util.VersionInfoUtils.printDeprecationAnnouncement(VersionInfoUtils.java:81)
[2025-12-02T07:12:17.432+0000] {spark_read_mongo_dag.py:57} ERROR - spark-submit stderr | at com.amazonaws.util.VersionInfoUtils.<clinit>(VersionInfoUtils.java:59)
[2025-12-02T07:12:17.432+0000] {spark_read_mongo_dag.py:57} ERROR - spark-submit stderr | at com.amazonaws.internal.EC2ResourceFetcher.<clinit>(EC2ResourceFetcher.java:44)
[2025-12-02T07:12:17.432+0000] {spark_read_mongo_dag.py:57} ERROR - spark-submit stderr | at com.amazonaws.auth.InstanceMetadataServiceCredentialsFetcher.<init>(InstanceMetadataServiceCredentialsFetcher.java:38)
[2025-12-02T07:12:17.433+0000] {spark_read_mongo_dag.py:57} ERROR - spark-submit stderr | at com.amazonaws.auth.InstanceProfileCredentialsProvider.<init>(InstanceProfileCredentialsProvider.java:111)
[2025-12-02T07:12:17.433+0000] {spark_read_mongo_dag.py:57} ERROR - spark-submit stderr | at com.amazonaws.auth.InstanceProfileCredentialsProvider.<init>(InstanceProfileCredentialsProvider.java:91)
[2025-12-02T07:12:17.433+0000] {spark_read_mongo_dag.py:57} ERROR - spark-submit stderr | at com.amazonaws.auth.InstanceProfileCredentialsProvider.<init>(InstanceProfileCredentialsProvider.java:75)
[2025-12-02T07:12:17.433+0000] {spark_read_mongo_dag.py:57} ERROR - spark-submit stderr | at com.amazonaws.auth.InstanceProfileCredentialsProvider.<clinit>(InstanceProfileCredentialsProvider.java:58)
[2025-12-02T07:12:17.434+0000] {spark_read_mongo_dag.py:57} ERROR - spark-submit stderr | at com.amazonaws.auth.EC2ContainerCredentialsProviderWrapper.initializeProvider(EC2ContainerCredentialsProviderWrapper.java:66)
[2025-12-02T07:12:17.434+0000] {spark_read_mongo_dag.py:57} ERROR - spark-submit stderr | at com.amazonaws.auth.EC2ContainerCredentialsProviderWrapper.<init>(EC2ContainerCredentialsProviderWrapper.java:55)
[2025-12-02T07:12:17.434+0000] {spark_read_mongo_dag.py:57} ERROR - spark-submit stderr | at org.apache.hadoop.fs.s3a.auth.IAMInstanceCredentialsProvider.<init>(IAMInstanceCredentialsProvider.java:49)
[2025-12-02T07:12:17.434+0000] {spark_read_mongo_dag.py:57} ERROR - spark-submit stderr | at java.base/jdk.internal.reflect.NativeConstructorAccessorImpl.newInstance0(Native Method)
[2025-12-02T07:12:17.435+0000] {spark_read_mongo_dag.py:57} ERROR - spark-submit stderr | at java.base/jdk.internal.reflect.NativeConstructorAccessorImpl.newInstance(NativeConstructorAccessorImpl.java:77)
[2025-12-02T07:12:17.435+0000] {spark_read_mongo_dag.py:57} ERROR - spark-submit stderr | at java.base/jdk.internal.reflect.DelegatingConstructorAccessorImpl.newInstance(DelegatingConstructorAccessorImpl.java:45)
[2025-12-02T07:12:17.435+0000] {spark_read_mongo_dag.py:57} ERROR - spark-submit stderr | at java.base/java.lang.reflect.Constructor.newInstanceWithCaller(Constructor.java:500)
[2025-12-02T07:12:17.436+0000] {spark_read_mongo_dag.py:57} ERROR - spark-submit stderr | at java.base/java.lang.reflect.Constructor.newInstance(Constructor.java:481)
[2025-12-02T07:12:17.436+0000] {spark_read_mongo_dag.py:57} ERROR - spark-submit stderr | at org.apache.hadoop.fs.s3a.S3AUtils.createAWSCredentialProvider(S3AUtils.java:766)
[2025-12-02T07:12:17.436+0000] {spark_read_mongo_dag.py:57} ERROR - spark-submit stderr | at org.apache.hadoop.fs.s3a.S3AUtils.buildAWSProviderList(S3AUtils.java:698)
[2025-12-02T07:12:17.436+0000] {spark_read_mongo_dag.py:57} ERROR - spark-submit stderr | at org.apache.hadoop.fs.s3a.S3AUtils.createAWSCredentialProviderSet(S3AUtils.java:631)
[2025-12-02T07:12:17.437+0000] {spark_read_mongo_dag.py:57} ERROR - spark-submit stderr | at org.apache.hadoop.fs.s3a.S3AFileSystem.bindAWSClient(S3AFileSystem.java:877)
[2025-12-02T07:12:17.437+0000] {spark_read_mongo_dag.py:57} ERROR - spark-submit stderr | at org.apache.hadoop.fs.s3a.S3AFileSystem.initialize(S3AFileSystem.java:534)
[2025-12-02T07:12:17.437+0000] {spark_read_mongo_dag.py:57} ERROR - spark-submit stderr | at org.apache.hadoop.fs.FileSystem.createFileSystem(FileSystem.java:3469)
[2025-12-02T07:12:17.437+0000] {spark_read_mongo_dag.py:57} ERROR - spark-submit stderr | at org.apache.hadoop.fs.FileSystem.access$300(FileSystem.java:174)
[2025-12-02T07:12:17.438+0000] {spark_read_mongo_dag.py:57} ERROR - spark-submit stderr | at org.apache.hadoop.fs.FileSystem$Cache.getInternal(FileSystem.java:3574)
[2025-12-02T07:12:17.438+0000] {spark_read_mongo_dag.py:57} ERROR - spark-submit stderr | at org.apache.hadoop.fs.FileSystem$Cache.get(FileSystem.java:3521)
[2025-12-02T07:12:17.438+0000] {spark_read_mongo_dag.py:57} ERROR - spark-submit stderr | at org.apache.hadoop.fs.FileSystem.get(FileSystem.java:540)
[2025-12-02T07:12:17.439+0000] {spark_read_mongo_dag.py:57} ERROR - spark-submit stderr | at org.apache.hadoop.fs.Path.getFileSystem(Path.java:365)
[2025-12-02T07:12:17.439+0000] {spark_read_mongo_dag.py:57} ERROR - spark-submit stderr | at org.apache.iceberg.hadoop.Util.getFs(Util.java:56)
[2025-12-02T07:12:17.439+0000] {spark_read_mongo_dag.py:57} ERROR - spark-submit stderr | at org.apache.iceberg.hadoop.HadoopCatalog.initialize(HadoopCatalog.java:112)
[2025-12-02T07:12:17.439+0000] {spark_read_mongo_dag.py:57} ERROR - spark-submit stderr | at org.apache.iceberg.CatalogUtil.loadCatalog(CatalogUtil.java:255)
[2025-12-02T07:12:17.440+0000] {spark_read_mongo_dag.py:57} ERROR - spark-submit stderr | at org.apache.iceberg.CatalogUtil.buildIcebergCatalog(CatalogUtil.java:309)
[2025-12-02T07:12:17.440+0000] {spark_read_mongo_dag.py:57} ERROR - spark-submit stderr | at org.apache.iceberg.spark.SparkCatalog.buildIcebergCatalog(SparkCatalog.java:154)
[2025-12-02T07:12:17.440+0000] {spark_read_mongo_dag.py:57} ERROR - spark-submit stderr | at org.apache.iceberg.spark.SparkCatalog.initialize(SparkCatalog.java:751)
[2025-12-02T07:12:17.441+0000] {spark_read_mongo_dag.py:57} ERROR - spark-submit stderr | at org.apache.spark.sql.connector.catalog.Catalogs$.load(Catalogs.scala:65)
[2025-12-02T07:12:17.441+0000] {spark_read_mongo_dag.py:57} ERROR - spark-submit stderr | at org.apache.spark.sql.connector.catalog.CatalogManager.$anonfun$catalog$1(CatalogManager.scala:53)
[2025-12-02T07:12:17.441+0000] {spark_read_mongo_dag.py:57} ERROR - spark-submit stderr | at scala.collection.mutable.HashMap.getOrElseUpdate(HashMap.scala:86)
[2025-12-02T07:12:17.441+0000] {spark_read_mongo_dag.py:57} ERROR - spark-submit stderr | at org.apache.spark.sql.connector.catalog.CatalogManager.catalog(CatalogManager.scala:53)
[2025-12-02T07:12:17.442+0000] {spark_read_mongo_dag.py:57} ERROR - spark-submit stderr | at org.apache.spark.sql.connector.catalog.CatalogManager.currentCatalog(CatalogManager.scala:122)
[2025-12-02T07:12:17.443+0000] {spark_read_mongo_dag.py:57} ERROR - spark-submit stderr | at org.apache.spark.sql.connector.catalog.CatalogManager.currentNamespace(CatalogManager.scala:93)
[2025-12-02T07:12:17.443+0000] {spark_read_mongo_dag.py:57} ERROR - spark-submit stderr | at org.apache.spark.sql.catalyst.optimizer.ReplaceCurrentLike.apply(finishAnalysis.scala:110)
[2025-12-02T07:12:17.444+0000] {spark_read_mongo_dag.py:57} ERROR - spark-submit stderr | at org.apache.spark.sql.catalyst.optimizer.ReplaceCurrentLike.apply(finishAnalysis.scala:107)
[2025-12-02T07:12:17.444+0000] {spark_read_mongo_dag.py:57} ERROR - spark-submit stderr | at org.apache.spark.sql.catalyst.optimizer.Optimizer$FinishAnalysis$.$anonfun$apply$1(Optimizer.scala:289)
[2025-12-02T07:12:17.444+0000] {spark_read_mongo_dag.py:57} ERROR - spark-submit stderr | at scala.collection.LinearSeqOptimized.foldLeft(LinearSeqOptimized.scala:126)
[2025-12-02T07:12:17.445+0000] {spark_read_mongo_dag.py:57} ERROR - spark-submit stderr | at scala.collection.LinearSeqOptimized.foldLeft$(LinearSeqOptimized.scala:122)
[2025-12-02T07:12:17.445+0000] {spark_read_mongo_dag.py:57} ERROR - spark-submit stderr | at scala.collection.immutable.List.foldLeft(List.scala:91)
[2025-12-02T07:12:17.445+0000] {spark_read_mongo_dag.py:57} ERROR - spark-submit stderr | at org.apache.spark.sql.catalyst.optimizer.Optimizer$FinishAnalysis$.apply(Optimizer.scala:289)
[2025-12-02T07:12:17.446+0000] {spark_read_mongo_dag.py:57} ERROR - spark-submit stderr | at org.apache.spark.sql.catalyst.optimizer.Optimizer$FinishAnalysis$.apply(Optimizer.scala:271)
[2025-12-02T07:12:17.446+0000] {spark_read_mongo_dag.py:57} ERROR - spark-submit stderr | at org.apache.spark.sql.catalyst.rules.RuleExecutor.$anonfun$execute$2(RuleExecutor.scala:222)
[2025-12-02T07:12:17.446+0000] {spark_read_mongo_dag.py:57} ERROR - spark-submit stderr | at scala.collection.IndexedSeqOptimized.foldLeft(IndexedSeqOptimized.scala:60)
[2025-12-02T07:12:17.447+0000] {spark_read_mongo_dag.py:57} ERROR - spark-submit stderr | at scala.collection.IndexedSeqOptimized.foldLeft$(IndexedSeqOptimized.scala:68)
[2025-12-02T07:12:17.447+0000] {spark_read_mongo_dag.py:57} ERROR - spark-submit stderr | at scala.collection.mutable.WrappedArray.foldLeft(WrappedArray.scala:38)
[2025-12-02T07:12:17.447+0000] {spark_read_mongo_dag.py:57} ERROR - spark-submit stderr | at org.apache.spark.sql.catalyst.rules.RuleExecutor.$anonfun$execute$1(RuleExecutor.scala:219)
[2025-12-02T07:12:17.447+0000] {spark_read_mongo_dag.py:57} ERROR - spark-submit stderr | at org.apache.spark.sql.catalyst.rules.RuleExecutor.$anonfun$execute$1$adapted(RuleExecutor.scala:211)
[2025-12-02T07:12:17.448+0000] {spark_read_mongo_dag.py:57} ERROR - spark-submit stderr | at scala.collection.immutable.List.foreach(List.scala:431)
[2025-12-02T07:12:17.448+0000] {spark_read_mongo_dag.py:57} ERROR - spark-submit stderr | at org.apache.spark.sql.catalyst.rules.RuleExecutor.execute(RuleExecutor.scala:211)
[2025-12-02T07:12:17.448+0000] {spark_read_mongo_dag.py:57} ERROR - spark-submit stderr | at org.apache.spark.sql.catalyst.rules.RuleExecutor.$anonfun$executeAndTrack$1(RuleExecutor.scala:182)
[2025-12-02T07:12:17.449+0000] {spark_read_mongo_dag.py:57} ERROR - spark-submit stderr | at org.apache.spark.sql.catalyst.QueryPlanningTracker$.withTracker(QueryPlanningTracker.scala:88)
[2025-12-02T07:12:17.449+0000] {spark_read_mongo_dag.py:57} ERROR - spark-submit stderr | at org.apache.spark.sql.catalyst.rules.RuleExecutor.executeAndTrack(RuleExecutor.scala:182)
[2025-12-02T07:12:17.449+0000] {spark_read_mongo_dag.py:57} ERROR - spark-submit stderr | at org.apache.spark.sql.execution.QueryExecution.$anonfun$optimizedPlan$1(QueryExecution.scala:143)
[2025-12-02T07:12:17.449+0000] {spark_read_mongo_dag.py:57} ERROR - spark-submit stderr | at org.apache.spark.sql.catalyst.QueryPlanningTracker.measurePhase(QueryPlanningTracker.scala:111)
[2025-12-02T07:12:17.450+0000] {spark_read_mongo_dag.py:57} ERROR - spark-submit stderr | at org.apache.spark.sql.execution.QueryExecution.$anonfun$executePhase$2(QueryExecution.scala:202)
[2025-12-02T07:12:17.450+0000] {spark_read_mongo_dag.py:57} ERROR - spark-submit stderr | at org.apache.spark.sql.execution.QueryExecution$.withInternalError(QueryExecution.scala:526)
[2025-12-02T07:12:17.450+0000] {spark_read_mongo_dag.py:57} ERROR - spark-submit stderr | at org.apache.spark.sql.execution.QueryExecution.$anonfun$executePhase$1(QueryExecution.scala:202)
[2025-12-02T07:12:17.450+0000] {spark_read_mongo_dag.py:57} ERROR - spark-submit stderr | at org.apache.spark.sql.SparkSession.withActive(SparkSession.scala:827)
[2025-12-02T07:12:17.451+0000] {spark_read_mongo_dag.py:57} ERROR - spark-submit stderr | at org.apache.spark.sql.execution.QueryExecution.executePhase(QueryExecution.scala:201)
[2025-12-02T07:12:17.451+0000] {spark_read_mongo_dag.py:57} ERROR - spark-submit stderr | at org.apache.spark.sql.execution.QueryExecution.optimizedPlan$lzycompute(QueryExecution.scala:139)
[2025-12-02T07:12:17.451+0000] {spark_read_mongo_dag.py:57} ERROR - spark-submit stderr | at org.apache.spark.sql.execution.QueryExecution.optimizedPlan(QueryExecution.scala:135)
[2025-12-02T07:12:17.451+0000] {spark_read_mongo_dag.py:57} ERROR - spark-submit stderr | at org.apache.spark.sql.execution.QueryExecution.assertOptimized(QueryExecution.scala:153)
[2025-12-02T07:12:17.452+0000] {spark_read_mongo_dag.py:57} ERROR - spark-submit stderr | at org.apache.spark.sql.execution.QueryExecution.executedPlan$lzycompute(QueryExecution.scala:171)
[2025-12-02T07:12:17.452+0000] {spark_read_mongo_dag.py:57} ERROR - spark-submit stderr | at org.apache.spark.sql.execution.QueryExecution.executedPlan(QueryExecution.scala:168)
[2025-12-02T07:12:17.452+0000] {spark_read_mongo_dag.py:57} ERROR - spark-submit stderr | at org.apache.spark.sql.execution.QueryExecution.simpleString(QueryExecution.scala:221)
[2025-12-02T07:12:17.453+0000] {spark_read_mongo_dag.py:57} ERROR - spark-submit stderr | at org.apache.spark.sql.execution.QueryExecution.org$apache$spark$sql$execution$QueryExecution$$explainString(QueryExecution.scala:266)
[2025-12-02T07:12:17.453+0000] {spark_read_mongo_dag.py:57} ERROR - spark-submit stderr | at org.apache.spark.sql.execution.QueryExecution.explainString(QueryExecution.scala:235)
[2025-12-02T07:12:17.453+0000] {spark_read_mongo_dag.py:57} ERROR - spark-submit stderr | at org.apache.spark.sql.execution.SQLExecution$.$anonfun$withNewExecutionId$6(SQLExecution.scala:112)
[2025-12-02T07:12:17.453+0000] {spark_read_mongo_dag.py:57} ERROR - spark-submit stderr | at org.apache.spark.sql.execution.SQLExecution$.withSQLConfPropagated(SQLExecution.scala:195)
[2025-12-02T07:12:17.454+0000] {spark_read_mongo_dag.py:57} ERROR - spark-submit stderr | at org.apache.spark.sql.execution.SQLExecution$.$anonfun$withNewExecutionId$1(SQLExecution.scala:103)
[2025-12-02T07:12:17.454+0000] {spark_read_mongo_dag.py:57} ERROR - spark-submit stderr | at org.apache.spark.sql.SparkSession.withActive(SparkSession.scala:827)
[2025-12-02T07:12:17.454+0000] {spark_read_mongo_dag.py:57} ERROR - spark-submit stderr | at org.apache.spark.sql.execution.SQLExecution$.withNewExecutionId(SQLExecution.scala:65)
[2025-12-02T07:12:17.454+0000] {spark_read_mongo_dag.py:57} ERROR - spark-submit stderr | at org.apache.spark.sql.Dataset.withAction(Dataset.scala:4165)
[2025-12-02T07:12:17.455+0000] {spark_read_mongo_dag.py:57} ERROR - spark-submit stderr | at org.apache.spark.sql.Dataset.count(Dataset.scala:3458)
[2025-12-02T07:12:17.455+0000] {spark_read_mongo_dag.py:57} ERROR - spark-submit stderr | at java.base/jdk.internal.reflect.NativeMethodAccessorImpl.invoke0(Native Method)
[2025-12-02T07:12:17.455+0000] {spark_read_mongo_dag.py:57} ERROR - spark-submit stderr | at java.base/jdk.internal.reflect.NativeMethodAccessorImpl.invoke(NativeMethodAccessorImpl.java:77)
[2025-12-02T07:12:17.456+0000] {spark_read_mongo_dag.py:57} ERROR - spark-submit stderr | at java.base/jdk.internal.reflect.DelegatingMethodAccessorImpl.invoke(DelegatingMethodAccessorImpl.java:43)
[2025-12-02T07:12:17.456+0000] {spark_read_mongo_dag.py:57} ERROR - spark-submit stderr | at java.base/java.lang.reflect.Method.invoke(Method.java:569)
[2025-12-02T07:12:17.456+0000] {spark_read_mongo_dag.py:57} ERROR - spark-submit stderr | at py4j.reflection.MethodInvoker.invoke(MethodInvoker.java:244)
[2025-12-02T07:12:17.457+0000] {spark_read_mongo_dag.py:57} ERROR - spark-submit stderr | at py4j.reflection.ReflectionEngine.invoke(ReflectionEngine.java:374)
[2025-12-02T07:12:17.457+0000] {spark_read_mongo_dag.py:57} ERROR - spark-submit stderr | at py4j.Gateway.invoke(Gateway.java:282)
[2025-12-02T07:12:17.457+0000] {spark_read_mongo_dag.py:57} ERROR - spark-submit stderr | at py4j.commands.AbstractCommand.invokeMethod(AbstractCommand.java:132)
[2025-12-02T07:12:17.458+0000] {spark_read_mongo_dag.py:57} ERROR - spark-submit stderr | at py4j.commands.CallCommand.execute(CallCommand.java:79)
[2025-12-02T07:12:17.458+0000] {spark_read_mongo_dag.py:57} ERROR - spark-submit stderr | at py4j.ClientServerConnection.waitForCommands(ClientServerConnection.java:182)
[2025-12-02T07:12:17.459+0000] {spark_read_mongo_dag.py:57} ERROR - spark-submit stderr | at py4j.ClientServerConnection.run(ClientServerConnection.java:106)
[2025-12-02T07:12:17.459+0000] {spark_read_mongo_dag.py:57} ERROR - spark-submit stderr | at java.base/java.lang.Thread.run(Thread.java:840)
[2025-12-02T07:12:17.459+0000] {spark_read_mongo_dag.py:57} ERROR - spark-submit stderr | 25/12/02 07:12:06 INFO CatalogUtil: Loading custom FileIO implementation: org.apache.iceberg.hadoop.HadoopFileIO
[2025-12-02T07:12:17.460+0000] {spark_read_mongo_dag.py:57} ERROR - spark-submit stderr | 25/12/02 07:12:06 INFO V2ScanRelationPushDown: 
[2025-12-02T07:12:17.460+0000] {spark_read_mongo_dag.py:57} ERROR - spark-submit stderr | Output: 
[2025-12-02T07:12:17.461+0000] {spark_read_mongo_dag.py:57} ERROR - spark-submit stderr |          
[2025-12-02T07:12:17.461+0000] {spark_read_mongo_dag.py:57} ERROR - spark-submit stderr | 25/12/02 07:12:06 INFO Partitioner: Getting collection stats for: ai_segmentation.conversations
[2025-12-02T07:12:17.461+0000] {spark_read_mongo_dag.py:57} ERROR - spark-submit stderr | 25/12/02 07:12:06 INFO client: MongoClient with metadata {"driver": {"name": "mongo-java-driver|sync|mongo-spark-connector|source", "version": "4.11.2|10.1.1"}, "os": {"type": "Linux", "name": "Linux", "architecture": "amd64", "version": "6.6.87.2-microsoft-standard-WSL2"}, "platform": "Java/Debian/17.0.17+10-Debian-1deb12u1|Scala/2.12.17/Spark/3.4.1"} created with settings MongoClientSettings{readPreference=primary, writeConcern=WriteConcern{w=null, wTimeout=null ms, journal=null}, retryWrites=true, retryReads=true, readConcern=ReadConcern{level=null}, credential=MongoCredential{mechanism=null, userName='admin', source='admin', password=<hidden>, mechanismProperties=<hidden>}, transportSettings=null, streamFactoryFactory=null, commandListeners=[], codecRegistry=ProvidersCodecRegistry{codecProviders=[ValueCodecProvider{}, BsonValueCodecProvider{}, DBRefCodecProvider{}, DBObjectCodecProvider{}, DocumentCodecProvider{}, CollectionCodecProvider{}, IterableCodecProvider{}, MapCodecProvider{}, GeoJsonCodecProvider{}, GridFSFileCodecProvider{}, Jsr310CodecProvider{}, JsonObjectCodecProvider{}, BsonCodecProvider{}, EnumCodecProvider{}, com.mongodb.client.model.mql.ExpressionCodecProvider@593bb061, com.mongodb.Jep395RecordCodecProvider@11d5716e, com.mongodb.KotlinCodecProvider@2f253639]}, loggerSettings=LoggerSettings{maxDocumentLength=1000}, clusterSettings={hosts=[mongo:27017], srvServiceName=mongodb, mode=SINGLE, requiredClusterType=UNKNOWN, requiredReplicaSetName='null', serverSelector='null', clusterListeners='[]', serverSelectionTimeout='30000 ms', localThreshold='15 ms'}, socketSettings=SocketSettings{connectTimeoutMS=10000, readTimeoutMS=0, receiveBufferSize=0, proxySettings=ProxySettings{host=null, port=null, username=null, password=null}}, heartbeatSocketSettings=SocketSettings{connectTimeoutMS=10000, readTimeoutMS=10000, receiveBufferSize=0, proxySettings=ProxySettings{host=null, port=null, username=null, password=null}}, connectionPoolSettings=ConnectionPoolSettings{maxSize=100, minSize=0, maxWaitTimeMS=120000, maxConnectionLifeTimeMS=0, maxConnectionIdleTimeMS=0, maintenanceInitialDelayMS=0, maintenanceFrequencyMS=60000, connectionPoolListeners=[], maxConnecting=2}, serverSettings=ServerSettings{heartbeatFrequencyMS=10000, minHeartbeatFrequencyMS=500, serverListeners='[]', serverMonitorListeners='[]'}, sslSettings=SslSettings{enabled=false, invalidHostNameAllowed=false, context=null}, applicationName='null', compressorList=[], uuidRepresentation=UNSPECIFIED, serverApi=null, autoEncryptionSettings=null, dnsClient=null, inetAddressResolver=null, contextProvider=null}
[2025-12-02T07:12:17.462+0000] {spark_read_mongo_dag.py:57} ERROR - spark-submit stderr | 25/12/02 07:12:06 INFO cluster: No server chosen by ReadPreferenceServerSelector{readPreference=primary} from cluster description ClusterDescription{type=UNKNOWN, connectionMode=SINGLE, serverDescriptions=[ServerDescription{address=mongo:27017, type=UNKNOWN, state=CONNECTING}]}. Waiting for 30000 ms before timing out
[2025-12-02T07:12:17.462+0000] {spark_read_mongo_dag.py:57} ERROR - spark-submit stderr | 25/12/02 07:12:06 INFO cluster: Monitor thread successfully connected to server with description ServerDescription{address=mongo:27017, type=STANDALONE, state=CONNECTED, ok=true, minWireVersion=0, maxWireVersion=17, maxDocumentSize=16777216, logicalSessionTimeoutMinutes=30, roundTripTimeNanos=1735220}
[2025-12-02T07:12:17.462+0000] {spark_read_mongo_dag.py:57} ERROR - spark-submit stderr | 25/12/02 07:12:06 INFO Partitioner: Could not find collection: conversations
[2025-12-02T07:12:17.463+0000] {spark_read_mongo_dag.py:57} ERROR - spark-submit stderr | 25/12/02 07:12:06 WARN Partitioner: Unable to get collection stats (collstats) returning a single partition.
[2025-12-02T07:12:17.463+0000] {spark_read_mongo_dag.py:57} ERROR - spark-submit stderr | 25/12/02 07:12:06 INFO Partitioner: Getting collection stats for: ai_segmentation.conversations
[2025-12-02T07:12:17.463+0000] {spark_read_mongo_dag.py:57} ERROR - spark-submit stderr | 25/12/02 07:12:06 INFO Partitioner: Could not find collection: conversations
[2025-12-02T07:12:17.463+0000] {spark_read_mongo_dag.py:57} ERROR - spark-submit stderr | 25/12/02 07:12:06 WARN Partitioner: Unable to get collection stats (collstats) returning a single partition.
[2025-12-02T07:12:17.464+0000] {spark_read_mongo_dag.py:57} ERROR - spark-submit stderr | 25/12/02 07:12:07 INFO CodeGenerator: Code generated in 234.414647 ms
[2025-12-02T07:12:17.464+0000] {spark_read_mongo_dag.py:57} ERROR - spark-submit stderr | 25/12/02 07:12:07 INFO SparkContext: Starting job: count at NativeMethodAccessorImpl.java:0
[2025-12-02T07:12:17.464+0000] {spark_read_mongo_dag.py:57} ERROR - spark-submit stderr | 25/12/02 07:12:07 INFO DAGScheduler: Got job 0 (count at NativeMethodAccessorImpl.java:0) with 1 output partitions
[2025-12-02T07:12:17.465+0000] {spark_read_mongo_dag.py:57} ERROR - spark-submit stderr | 25/12/02 07:12:07 INFO DAGScheduler: Final stage: ResultStage 0 (count at NativeMethodAccessorImpl.java:0)
[2025-12-02T07:12:17.465+0000] {spark_read_mongo_dag.py:57} ERROR - spark-submit stderr | 25/12/02 07:12:07 INFO DAGScheduler: Parents of final stage: List()
[2025-12-02T07:12:17.465+0000] {spark_read_mongo_dag.py:57} ERROR - spark-submit stderr | 25/12/02 07:12:07 INFO DAGScheduler: Missing parents: List()
[2025-12-02T07:12:17.465+0000] {spark_read_mongo_dag.py:57} ERROR - spark-submit stderr | 25/12/02 07:12:07 INFO DAGScheduler: Submitting ResultStage 0 (MapPartitionsRDD[3] at count at NativeMethodAccessorImpl.java:0), which has no missing parents
[2025-12-02T07:12:17.466+0000] {spark_read_mongo_dag.py:57} ERROR - spark-submit stderr | 25/12/02 07:12:07 INFO MemoryStore: Block broadcast_0 stored as values in memory (estimated size 12.6 KiB, free 434.4 MiB)
[2025-12-02T07:12:17.466+0000] {spark_read_mongo_dag.py:57} ERROR - spark-submit stderr | 25/12/02 07:12:07 INFO MemoryStore: Block broadcast_0_piece0 stored as bytes in memory (estimated size 5.7 KiB, free 434.4 MiB)
[2025-12-02T07:12:17.466+0000] {spark_read_mongo_dag.py:57} ERROR - spark-submit stderr | 25/12/02 07:12:07 INFO BlockManagerInfo: Added broadcast_0_piece0 in memory on 1914c6b7747c:36475 (size: 5.7 KiB, free: 434.4 MiB)
[2025-12-02T07:12:17.467+0000] {spark_read_mongo_dag.py:57} ERROR - spark-submit stderr | 25/12/02 07:12:07 INFO SparkContext: Created broadcast 0 from broadcast at DAGScheduler.scala:1535
[2025-12-02T07:12:17.467+0000] {spark_read_mongo_dag.py:57} ERROR - spark-submit stderr | 25/12/02 07:12:07 INFO DAGScheduler: Submitting 1 missing tasks from ResultStage 0 (MapPartitionsRDD[3] at count at NativeMethodAccessorImpl.java:0) (first 15 tasks are for partitions Vector(0))
[2025-12-02T07:12:17.467+0000] {spark_read_mongo_dag.py:57} ERROR - spark-submit stderr | 25/12/02 07:12:07 INFO TaskSchedulerImpl: Adding task set 0.0 with 1 tasks resource profile 0
[2025-12-02T07:12:17.467+0000] {spark_read_mongo_dag.py:57} ERROR - spark-submit stderr | 25/12/02 07:12:08 INFO TaskSetManager: Starting task 0.0 in stage 0.0 (TID 0) (1914c6b7747c, executor driver, partition 0, PROCESS_LOCAL, 7619 bytes) 
[2025-12-02T07:12:17.468+0000] {spark_read_mongo_dag.py:57} ERROR - spark-submit stderr | 25/12/02 07:12:08 INFO Executor: Running task 0.0 in stage 0.0 (TID 0)
[2025-12-02T07:12:17.468+0000] {spark_read_mongo_dag.py:57} ERROR - spark-submit stderr | 25/12/02 07:12:08 INFO client: MongoClient with metadata {"driver": {"name": "mongo-java-driver|sync|mongo-spark-connector|source", "version": "4.11.2|10.1.1"}, "os": {"type": "Linux", "name": "Linux", "architecture": "amd64", "version": "6.6.87.2-microsoft-standard-WSL2"}, "platform": "Java/Debian/17.0.17+10-Debian-1deb12u1|Scala/2.12.17/Spark/3.4.1"} created with settings MongoClientSettings{readPreference=primary, writeConcern=WriteConcern{w=null, wTimeout=null ms, journal=null}, retryWrites=true, retryReads=true, readConcern=ReadConcern{level=null}, credential=MongoCredential{mechanism=null, userName='admin', source='admin', password=<hidden>, mechanismProperties=<hidden>}, transportSettings=null, streamFactoryFactory=null, commandListeners=[], codecRegistry=ProvidersCodecRegistry{codecProviders=[ValueCodecProvider{}, BsonValueCodecProvider{}, DBRefCodecProvider{}, DBObjectCodecProvider{}, DocumentCodecProvider{}, CollectionCodecProvider{}, IterableCodecProvider{}, MapCodecProvider{}, GeoJsonCodecProvider{}, GridFSFileCodecProvider{}, Jsr310CodecProvider{}, JsonObjectCodecProvider{}, BsonCodecProvider{}, EnumCodecProvider{}, com.mongodb.client.model.mql.ExpressionCodecProvider@593bb061, com.mongodb.Jep395RecordCodecProvider@11d5716e, com.mongodb.KotlinCodecProvider@2f253639]}, loggerSettings=LoggerSettings{maxDocumentLength=1000}, clusterSettings={hosts=[mongo:27017], srvServiceName=mongodb, mode=SINGLE, requiredClusterType=UNKNOWN, requiredReplicaSetName='null', serverSelector='null', clusterListeners='[]', serverSelectionTimeout='30000 ms', localThreshold='15 ms'}, socketSettings=SocketSettings{connectTimeoutMS=10000, readTimeoutMS=0, receiveBufferSize=0, proxySettings=ProxySettings{host=null, port=null, username=null, password=null}}, heartbeatSocketSettings=SocketSettings{connectTimeoutMS=10000, readTimeoutMS=10000, receiveBufferSize=0, proxySettings=ProxySettings{host=null, port=null, username=null, password=null}}, connectionPoolSettings=ConnectionPoolSettings{maxSize=100, minSize=0, maxWaitTimeMS=120000, maxConnectionLifeTimeMS=0, maxConnectionIdleTimeMS=0, maintenanceInitialDelayMS=0, maintenanceFrequencyMS=60000, connectionPoolListeners=[], maxConnecting=2}, serverSettings=ServerSettings{heartbeatFrequencyMS=10000, minHeartbeatFrequencyMS=500, serverListeners='[]', serverMonitorListeners='[]'}, sslSettings=SslSettings{enabled=false, invalidHostNameAllowed=false, context=null}, applicationName='null', compressorList=[], uuidRepresentation=UNSPECIFIED, serverApi=null, autoEncryptionSettings=null, dnsClient=null, inetAddressResolver=null, contextProvider=null}
[2025-12-02T07:12:17.468+0000] {spark_read_mongo_dag.py:57} ERROR - spark-submit stderr | 25/12/02 07:12:08 INFO cluster: Monitor thread successfully connected to server with description ServerDescription{address=mongo:27017, type=STANDALONE, state=CONNECTED, ok=true, minWireVersion=0, maxWireVersion=17, maxDocumentSize=16777216, logicalSessionTimeoutMinutes=30, roundTripTimeNanos=1832927}
[2025-12-02T07:12:17.469+0000] {spark_read_mongo_dag.py:57} ERROR - spark-submit stderr | 25/12/02 07:12:08 INFO cluster: No server chosen by ReadPreferenceServerSelector{readPreference=primary} from cluster description ClusterDescription{type=UNKNOWN, connectionMode=SINGLE, serverDescriptions=[ServerDescription{address=mongo:27017, type=UNKNOWN, state=CONNECTING}]}. Waiting for 30000 ms before timing out
[2025-12-02T07:12:17.469+0000] {spark_read_mongo_dag.py:57} ERROR - spark-submit stderr | 25/12/02 07:12:08 INFO Executor: Finished task 0.0 in stage 0.0 (TID 0). 1837 bytes result sent to driver
[2025-12-02T07:12:17.469+0000] {spark_read_mongo_dag.py:57} ERROR - spark-submit stderr | 25/12/02 07:12:08 INFO TaskSetManager: Finished task 0.0 in stage 0.0 (TID 0) in 250 ms on 1914c6b7747c (executor driver) (1/1)
[2025-12-02T07:12:17.469+0000] {spark_read_mongo_dag.py:57} ERROR - spark-submit stderr | 25/12/02 07:12:08 INFO TaskSchedulerImpl: Removed TaskSet 0.0, whose tasks have all completed, from pool 
[2025-12-02T07:12:17.470+0000] {spark_read_mongo_dag.py:57} ERROR - spark-submit stderr | 25/12/02 07:12:08 INFO DAGScheduler: ResultStage 0 (count at NativeMethodAccessorImpl.java:0) finished in 0.477 s
[2025-12-02T07:12:17.470+0000] {spark_read_mongo_dag.py:57} ERROR - spark-submit stderr | 25/12/02 07:12:08 INFO DAGScheduler: Job 0 is finished. Cancelling potential speculative or zombie tasks for this job
[2025-12-02T07:12:17.470+0000] {spark_read_mongo_dag.py:57} ERROR - spark-submit stderr | 25/12/02 07:12:08 INFO TaskSchedulerImpl: Killing all running tasks in stage 0: Stage finished
[2025-12-02T07:12:17.471+0000] {spark_read_mongo_dag.py:57} ERROR - spark-submit stderr | 25/12/02 07:12:08 INFO DAGScheduler: Job 0 finished: count at NativeMethodAccessorImpl.java:0, took 0.516045 s
[2025-12-02T07:12:17.471+0000] {spark_read_mongo_dag.py:57} ERROR - spark-submit stderr | 25/12/02 07:12:08 INFO V2ScanRelationPushDown: 
[2025-12-02T07:12:17.471+0000] {spark_read_mongo_dag.py:57} ERROR - spark-submit stderr | Output: 
[2025-12-02T07:12:17.471+0000] {spark_read_mongo_dag.py:57} ERROR - spark-submit stderr |          
[2025-12-02T07:12:17.472+0000] {spark_read_mongo_dag.py:57} ERROR - spark-submit stderr | 25/12/02 07:12:08 INFO Partitioner: Getting collection stats for: ai_segmentation.conversations
[2025-12-02T07:12:17.472+0000] {spark_read_mongo_dag.py:57} ERROR - spark-submit stderr | 25/12/02 07:12:08 INFO client: MongoClient with metadata {"driver": {"name": "mongo-java-driver|sync|mongo-spark-connector|source", "version": "4.11.2|10.1.1"}, "os": {"type": "Linux", "name": "Linux", "architecture": "amd64", "version": "6.6.87.2-microsoft-standard-WSL2"}, "platform": "Java/Debian/17.0.17+10-Debian-1deb12u1|Scala/2.12.17/Spark/3.4.1"} created with settings MongoClientSettings{readPreference=primary, writeConcern=WriteConcern{w=null, wTimeout=null ms, journal=null}, retryWrites=true, retryReads=true, readConcern=ReadConcern{level=null}, credential=MongoCredential{mechanism=null, userName='admin', source='admin', password=<hidden>, mechanismProperties=<hidden>}, transportSettings=null, streamFactoryFactory=null, commandListeners=[], codecRegistry=ProvidersCodecRegistry{codecProviders=[ValueCodecProvider{}, BsonValueCodecProvider{}, DBRefCodecProvider{}, DBObjectCodecProvider{}, DocumentCodecProvider{}, CollectionCodecProvider{}, IterableCodecProvider{}, MapCodecProvider{}, GeoJsonCodecProvider{}, GridFSFileCodecProvider{}, Jsr310CodecProvider{}, JsonObjectCodecProvider{}, BsonCodecProvider{}, EnumCodecProvider{}, com.mongodb.client.model.mql.ExpressionCodecProvider@593bb061, com.mongodb.Jep395RecordCodecProvider@11d5716e, com.mongodb.KotlinCodecProvider@2f253639]}, loggerSettings=LoggerSettings{maxDocumentLength=1000}, clusterSettings={hosts=[mongo:27017], srvServiceName=mongodb, mode=SINGLE, requiredClusterType=UNKNOWN, requiredReplicaSetName='null', serverSelector='null', clusterListeners='[]', serverSelectionTimeout='30000 ms', localThreshold='15 ms'}, socketSettings=SocketSettings{connectTimeoutMS=10000, readTimeoutMS=0, receiveBufferSize=0, proxySettings=ProxySettings{host=null, port=null, username=null, password=null}}, heartbeatSocketSettings=SocketSettings{connectTimeoutMS=10000, readTimeoutMS=10000, receiveBufferSize=0, proxySettings=ProxySettings{host=null, port=null, username=null, password=null}}, connectionPoolSettings=ConnectionPoolSettings{maxSize=100, minSize=0, maxWaitTimeMS=120000, maxConnectionLifeTimeMS=0, maxConnectionIdleTimeMS=0, maintenanceInitialDelayMS=0, maintenanceFrequencyMS=60000, connectionPoolListeners=[], maxConnecting=2}, serverSettings=ServerSettings{heartbeatFrequencyMS=10000, minHeartbeatFrequencyMS=500, serverListeners='[]', serverMonitorListeners='[]'}, sslSettings=SslSettings{enabled=false, invalidHostNameAllowed=false, context=null}, applicationName='null', compressorList=[], uuidRepresentation=UNSPECIFIED, serverApi=null, autoEncryptionSettings=null, dnsClient=null, inetAddressResolver=null, contextProvider=null}
[2025-12-02T07:12:17.472+0000] {spark_read_mongo_dag.py:57} ERROR - spark-submit stderr | 25/12/02 07:12:08 INFO cluster: Monitor thread successfully connected to server with description ServerDescription{address=mongo:27017, type=STANDALONE, state=CONNECTED, ok=true, minWireVersion=0, maxWireVersion=17, maxDocumentSize=16777216, logicalSessionTimeoutMinutes=30, roundTripTimeNanos=1162680}
[2025-12-02T07:12:17.473+0000] {spark_read_mongo_dag.py:57} ERROR - spark-submit stderr | 25/12/02 07:12:08 INFO cluster: No server chosen by ReadPreferenceServerSelector{readPreference=primary} from cluster description ClusterDescription{type=UNKNOWN, connectionMode=SINGLE, serverDescriptions=[ServerDescription{address=mongo:27017, type=UNKNOWN, state=CONNECTING}]}. Waiting for 30000 ms before timing out
[2025-12-02T07:12:17.473+0000] {spark_read_mongo_dag.py:57} ERROR - spark-submit stderr | 25/12/02 07:12:08 INFO Partitioner: Could not find collection: conversations
[2025-12-02T07:12:17.473+0000] {spark_read_mongo_dag.py:57} ERROR - spark-submit stderr | 25/12/02 07:12:08 WARN Partitioner: Unable to get collection stats (collstats) returning a single partition.
[2025-12-02T07:12:17.473+0000] {spark_read_mongo_dag.py:57} ERROR - spark-submit stderr | 25/12/02 07:12:08 INFO Partitioner: Getting collection stats for: ai_segmentation.conversations
[2025-12-02T07:12:17.474+0000] {spark_read_mongo_dag.py:57} ERROR - spark-submit stderr | 25/12/02 07:12:08 INFO Partitioner: Could not find collection: conversations
[2025-12-02T07:12:17.474+0000] {spark_read_mongo_dag.py:57} ERROR - spark-submit stderr | 25/12/02 07:12:08 WARN Partitioner: Unable to get collection stats (collstats) returning a single partition.
[2025-12-02T07:12:17.474+0000] {spark_read_mongo_dag.py:57} ERROR - spark-submit stderr | 25/12/02 07:12:08 INFO CodeGenerator: Code generated in 9.496755 ms
[2025-12-02T07:12:17.474+0000] {spark_read_mongo_dag.py:57} ERROR - spark-submit stderr | 25/12/02 07:12:08 INFO SparkContext: Starting job: take at /opt/***/spark_jobs/mongo_pyspark.py:304
[2025-12-02T07:12:17.475+0000] {spark_read_mongo_dag.py:57} ERROR - spark-submit stderr | 25/12/02 07:12:08 INFO DAGScheduler: Got job 1 (take at /opt/***/spark_jobs/mongo_pyspark.py:304) with 1 output partitions
[2025-12-02T07:12:17.476+0000] {spark_read_mongo_dag.py:57} ERROR - spark-submit stderr | 25/12/02 07:12:08 INFO DAGScheduler: Final stage: ResultStage 1 (take at /opt/***/spark_jobs/mongo_pyspark.py:304)
[2025-12-02T07:12:17.476+0000] {spark_read_mongo_dag.py:57} ERROR - spark-submit stderr | 25/12/02 07:12:08 INFO DAGScheduler: Parents of final stage: List()
[2025-12-02T07:12:17.476+0000] {spark_read_mongo_dag.py:57} ERROR - spark-submit stderr | 25/12/02 07:12:08 INFO DAGScheduler: Missing parents: List()
[2025-12-02T07:12:17.477+0000] {spark_read_mongo_dag.py:57} ERROR - spark-submit stderr | 25/12/02 07:12:08 INFO DAGScheduler: Submitting ResultStage 1 (MapPartitionsRDD[7] at take at /opt/***/spark_jobs/mongo_pyspark.py:304), which has no missing parents
[2025-12-02T07:12:17.477+0000] {spark_read_mongo_dag.py:57} ERROR - spark-submit stderr | 25/12/02 07:12:08 INFO MemoryStore: Block broadcast_1 stored as values in memory (estimated size 9.7 KiB, free 434.4 MiB)
[2025-12-02T07:12:17.477+0000] {spark_read_mongo_dag.py:57} ERROR - spark-submit stderr | 25/12/02 07:12:08 INFO MemoryStore: Block broadcast_1_piece0 stored as bytes in memory (estimated size 4.9 KiB, free 434.4 MiB)
[2025-12-02T07:12:17.477+0000] {spark_read_mongo_dag.py:57} ERROR - spark-submit stderr | 25/12/02 07:12:08 INFO BlockManagerInfo: Added broadcast_1_piece0 in memory on 1914c6b7747c:36475 (size: 4.9 KiB, free: 434.4 MiB)
[2025-12-02T07:12:17.478+0000] {spark_read_mongo_dag.py:57} ERROR - spark-submit stderr | 25/12/02 07:12:08 INFO SparkContext: Created broadcast 1 from broadcast at DAGScheduler.scala:1535
[2025-12-02T07:12:17.478+0000] {spark_read_mongo_dag.py:57} ERROR - spark-submit stderr | 25/12/02 07:12:08 INFO DAGScheduler: Submitting 1 missing tasks from ResultStage 1 (MapPartitionsRDD[7] at take at /opt/***/spark_jobs/mongo_pyspark.py:304) (first 15 tasks are for partitions Vector(0))
[2025-12-02T07:12:17.478+0000] {spark_read_mongo_dag.py:57} ERROR - spark-submit stderr | 25/12/02 07:12:08 INFO TaskSchedulerImpl: Adding task set 1.0 with 1 tasks resource profile 0
[2025-12-02T07:12:17.479+0000] {spark_read_mongo_dag.py:57} ERROR - spark-submit stderr | 25/12/02 07:12:08 INFO TaskSetManager: Starting task 0.0 in stage 1.0 (TID 1) (1914c6b7747c, executor driver, partition 0, PROCESS_LOCAL, 7619 bytes) 
[2025-12-02T07:12:17.479+0000] {spark_read_mongo_dag.py:57} ERROR - spark-submit stderr | 25/12/02 07:12:08 INFO Executor: Running task 0.0 in stage 1.0 (TID 1)
[2025-12-02T07:12:17.479+0000] {spark_read_mongo_dag.py:57} ERROR - spark-submit stderr | 25/12/02 07:12:08 INFO client: MongoClient with metadata {"driver": {"name": "mongo-java-driver|sync|mongo-spark-connector|source", "version": "4.11.2|10.1.1"}, "os": {"type": "Linux", "name": "Linux", "architecture": "amd64", "version": "6.6.87.2-microsoft-standard-WSL2"}, "platform": "Java/Debian/17.0.17+10-Debian-1deb12u1|Scala/2.12.17/Spark/3.4.1"} created with settings MongoClientSettings{readPreference=primary, writeConcern=WriteConcern{w=null, wTimeout=null ms, journal=null}, retryWrites=true, retryReads=true, readConcern=ReadConcern{level=null}, credential=MongoCredential{mechanism=null, userName='admin', source='admin', password=<hidden>, mechanismProperties=<hidden>}, transportSettings=null, streamFactoryFactory=null, commandListeners=[], codecRegistry=ProvidersCodecRegistry{codecProviders=[ValueCodecProvider{}, BsonValueCodecProvider{}, DBRefCodecProvider{}, DBObjectCodecProvider{}, DocumentCodecProvider{}, CollectionCodecProvider{}, IterableCodecProvider{}, MapCodecProvider{}, GeoJsonCodecProvider{}, GridFSFileCodecProvider{}, Jsr310CodecProvider{}, JsonObjectCodecProvider{}, BsonCodecProvider{}, EnumCodecProvider{}, com.mongodb.client.model.mql.ExpressionCodecProvider@593bb061, com.mongodb.Jep395RecordCodecProvider@11d5716e, com.mongodb.KotlinCodecProvider@2f253639]}, loggerSettings=LoggerSettings{maxDocumentLength=1000}, clusterSettings={hosts=[mongo:27017], srvServiceName=mongodb, mode=SINGLE, requiredClusterType=UNKNOWN, requiredReplicaSetName='null', serverSelector='null', clusterListeners='[]', serverSelectionTimeout='30000 ms', localThreshold='15 ms'}, socketSettings=SocketSettings{connectTimeoutMS=10000, readTimeoutMS=0, receiveBufferSize=0, proxySettings=ProxySettings{host=null, port=null, username=null, password=null}}, heartbeatSocketSettings=SocketSettings{connectTimeoutMS=10000, readTimeoutMS=10000, receiveBufferSize=0, proxySettings=ProxySettings{host=null, port=null, username=null, password=null}}, connectionPoolSettings=ConnectionPoolSettings{maxSize=100, minSize=0, maxWaitTimeMS=120000, maxConnectionLifeTimeMS=0, maxConnectionIdleTimeMS=0, maintenanceInitialDelayMS=0, maintenanceFrequencyMS=60000, connectionPoolListeners=[], maxConnecting=2}, serverSettings=ServerSettings{heartbeatFrequencyMS=10000, minHeartbeatFrequencyMS=500, serverListeners='[]', serverMonitorListeners='[]'}, sslSettings=SslSettings{enabled=false, invalidHostNameAllowed=false, context=null}, applicationName='null', compressorList=[], uuidRepresentation=UNSPECIFIED, serverApi=null, autoEncryptionSettings=null, dnsClient=null, inetAddressResolver=null, contextProvider=null}
[2025-12-02T07:12:17.479+0000] {spark_read_mongo_dag.py:57} ERROR - spark-submit stderr | 25/12/02 07:12:08 INFO cluster: No server chosen by ReadPreferenceServerSelector{readPreference=primary} from cluster description ClusterDescription{type=UNKNOWN, connectionMode=SINGLE, serverDescriptions=[ServerDescription{address=mongo:27017, type=UNKNOWN, state=CONNECTING}]}. Waiting for 30000 ms before timing out
[2025-12-02T07:12:17.480+0000] {spark_read_mongo_dag.py:57} ERROR - spark-submit stderr | 25/12/02 07:12:08 INFO BlockManagerInfo: Removed broadcast_0_piece0 on 1914c6b7747c:36475 in memory (size: 5.7 KiB, free: 434.4 MiB)
[2025-12-02T07:12:17.480+0000] {spark_read_mongo_dag.py:57} ERROR - spark-submit stderr | 25/12/02 07:12:08 INFO cluster: Monitor thread successfully connected to server with description ServerDescription{address=mongo:27017, type=STANDALONE, state=CONNECTED, ok=true, minWireVersion=0, maxWireVersion=17, maxDocumentSize=16777216, logicalSessionTimeoutMinutes=30, roundTripTimeNanos=3667753}
[2025-12-02T07:12:17.480+0000] {spark_read_mongo_dag.py:57} ERROR - spark-submit stderr | 25/12/02 07:12:08 INFO Executor: Finished task 0.0 in stage 1.0 (TID 1). 1495 bytes result sent to driver
[2025-12-02T07:12:17.481+0000] {spark_read_mongo_dag.py:57} ERROR - spark-submit stderr | 25/12/02 07:12:08 INFO TaskSetManager: Finished task 0.0 in stage 1.0 (TID 1) in 59 ms on 1914c6b7747c (executor driver) (1/1)
[2025-12-02T07:12:17.481+0000] {spark_read_mongo_dag.py:57} ERROR - spark-submit stderr | 25/12/02 07:12:08 INFO TaskSchedulerImpl: Removed TaskSet 1.0, whose tasks have all completed, from pool 
[2025-12-02T07:12:17.481+0000] {spark_read_mongo_dag.py:57} ERROR - spark-submit stderr | 25/12/02 07:12:08 INFO DAGScheduler: ResultStage 1 (take at /opt/***/spark_jobs/mongo_pyspark.py:304) finished in 0.074 s
[2025-12-02T07:12:17.481+0000] {spark_read_mongo_dag.py:57} ERROR - spark-submit stderr | 25/12/02 07:12:08 INFO DAGScheduler: Job 1 is finished. Cancelling potential speculative or zombie tasks for this job
[2025-12-02T07:12:17.482+0000] {spark_read_mongo_dag.py:57} ERROR - spark-submit stderr | 25/12/02 07:12:08 INFO TaskSchedulerImpl: Killing all running tasks in stage 1: Stage finished
[2025-12-02T07:12:17.482+0000] {spark_read_mongo_dag.py:57} ERROR - spark-submit stderr | 25/12/02 07:12:08 INFO DAGScheduler: Job 1 finished: take at /opt/***/spark_jobs/mongo_pyspark.py:304, took 0.081286 s
[2025-12-02T07:12:17.482+0000] {spark_read_mongo_dag.py:57} ERROR - spark-submit stderr | 25/12/02 07:12:11 WARN AbstractS3ACommitterFactory: Using standard FileOutputCommitter to commit work. This is slow and potentially unsafe.
[2025-12-02T07:12:17.482+0000] {spark_read_mongo_dag.py:57} ERROR - spark-submit stderr | 25/12/02 07:12:11 INFO FileOutputCommitter: File Output Committer Algorithm version is 1
[2025-12-02T07:12:17.483+0000] {spark_read_mongo_dag.py:57} ERROR - spark-submit stderr | 25/12/02 07:12:11 INFO FileOutputCommitter: FileOutputCommitter skip cleanup _temporary folders under output directory:false, ignore cleanup failures: false
[2025-12-02T07:12:17.483+0000] {spark_read_mongo_dag.py:57} ERROR - spark-submit stderr | 25/12/02 07:12:11 INFO AbstractS3ACommitterFactory: Using Committer FileOutputCommitter{PathOutputCommitter{context=TaskAttemptContextImpl{JobContextImpl{jobId=job_202512020712118489472466845878412_0000}; taskId=attempt_202512020712118489472466845878412_0000_m_000000_0, status=''}; org.apache.hadoop.mapreduce.lib.output.FileOutputCommitter@74928cf1}; outputPath=s3a://iceberg/ai_segmentation/conversations/_job_marker, workPath=s3a://iceberg/ai_segmentation/conversations/_job_marker/_temporary/0/_temporary/attempt_202512020712118489472466845878412_0000_m_000000_0, algorithmVersion=1, skipCleanup=false, ignoreCleanupFailures=false} for s3a://iceberg/ai_segmentation/conversations/_job_marker
[2025-12-02T07:12:17.483+0000] {spark_read_mongo_dag.py:57} ERROR - spark-submit stderr | 25/12/02 07:12:11 INFO SQLHadoopMapReduceCommitProtocol: Using output committer class org.apache.hadoop.mapreduce.lib.output.FileOutputCommitter
[2025-12-02T07:12:17.484+0000] {spark_read_mongo_dag.py:57} ERROR - spark-submit stderr | 25/12/02 07:12:12 INFO CodeGenerator: Code generated in 10.30781 ms
[2025-12-02T07:12:17.484+0000] {spark_read_mongo_dag.py:57} ERROR - spark-submit stderr | 25/12/02 07:12:12 INFO SparkContext: Starting job: csv at NativeMethodAccessorImpl.java:0
[2025-12-02T07:12:17.485+0000] {spark_read_mongo_dag.py:57} ERROR - spark-submit stderr | 25/12/02 07:12:12 INFO DAGScheduler: Got job 2 (csv at NativeMethodAccessorImpl.java:0) with 1 output partitions
[2025-12-02T07:12:17.485+0000] {spark_read_mongo_dag.py:57} ERROR - spark-submit stderr | 25/12/02 07:12:12 INFO DAGScheduler: Final stage: ResultStage 2 (csv at NativeMethodAccessorImpl.java:0)
[2025-12-02T07:12:17.485+0000] {spark_read_mongo_dag.py:57} ERROR - spark-submit stderr | 25/12/02 07:12:12 INFO DAGScheduler: Parents of final stage: List()
[2025-12-02T07:12:17.486+0000] {spark_read_mongo_dag.py:57} ERROR - spark-submit stderr | 25/12/02 07:12:12 INFO DAGScheduler: Missing parents: List()
[2025-12-02T07:12:17.486+0000] {spark_read_mongo_dag.py:57} ERROR - spark-submit stderr | 25/12/02 07:12:12 INFO DAGScheduler: Submitting ResultStage 2 (MapPartitionsRDD[15] at csv at NativeMethodAccessorImpl.java:0), which has no missing parents
[2025-12-02T07:12:17.486+0000] {spark_read_mongo_dag.py:57} ERROR - spark-submit stderr | 25/12/02 07:12:12 INFO MemoryStore: Block broadcast_2 stored as values in memory (estimated size 220.4 KiB, free 434.2 MiB)
[2025-12-02T07:12:17.487+0000] {spark_read_mongo_dag.py:57} ERROR - spark-submit stderr | 25/12/02 07:12:12 INFO MemoryStore: Block broadcast_2_piece0 stored as bytes in memory (estimated size 80.9 KiB, free 434.1 MiB)
[2025-12-02T07:12:17.487+0000] {spark_read_mongo_dag.py:57} ERROR - spark-submit stderr | 25/12/02 07:12:12 INFO BlockManagerInfo: Removed broadcast_1_piece0 on 1914c6b7747c:36475 in memory (size: 4.9 KiB, free: 434.4 MiB)
[2025-12-02T07:12:17.488+0000] {spark_read_mongo_dag.py:57} ERROR - spark-submit stderr | 25/12/02 07:12:12 INFO BlockManagerInfo: Added broadcast_2_piece0 in memory on 1914c6b7747c:36475 (size: 80.9 KiB, free: 434.3 MiB)
[2025-12-02T07:12:17.488+0000] {spark_read_mongo_dag.py:57} ERROR - spark-submit stderr | 25/12/02 07:12:12 INFO SparkContext: Created broadcast 2 from broadcast at DAGScheduler.scala:1535
[2025-12-02T07:12:17.489+0000] {spark_read_mongo_dag.py:57} ERROR - spark-submit stderr | 25/12/02 07:12:12 INFO DAGScheduler: Submitting 1 missing tasks from ResultStage 2 (MapPartitionsRDD[15] at csv at NativeMethodAccessorImpl.java:0) (first 15 tasks are for partitions Vector(0))
[2025-12-02T07:12:17.489+0000] {spark_read_mongo_dag.py:57} ERROR - spark-submit stderr | 25/12/02 07:12:12 INFO TaskSchedulerImpl: Adding task set 2.0 with 1 tasks resource profile 0
[2025-12-02T07:12:17.489+0000] {spark_read_mongo_dag.py:57} ERROR - spark-submit stderr | 25/12/02 07:12:12 INFO TaskSetManager: Starting task 0.0 in stage 2.0 (TID 2) (1914c6b7747c, executor driver, partition 0, PROCESS_LOCAL, 7892 bytes) 
[2025-12-02T07:12:17.490+0000] {spark_read_mongo_dag.py:57} ERROR - spark-submit stderr | 25/12/02 07:12:12 INFO Executor: Running task 0.0 in stage 2.0 (TID 2)
[2025-12-02T07:12:17.490+0000] {spark_read_mongo_dag.py:57} ERROR - spark-submit stderr | 25/12/02 07:12:12 WARN AbstractS3ACommitterFactory: Using standard FileOutputCommitter to commit work. This is slow and potentially unsafe.
[2025-12-02T07:12:17.491+0000] {spark_read_mongo_dag.py:57} ERROR - spark-submit stderr | 25/12/02 07:12:12 INFO FileOutputCommitter: File Output Committer Algorithm version is 1
[2025-12-02T07:12:17.491+0000] {spark_read_mongo_dag.py:57} ERROR - spark-submit stderr | 25/12/02 07:12:12 INFO FileOutputCommitter: FileOutputCommitter skip cleanup _temporary folders under output directory:false, ignore cleanup failures: false
[2025-12-02T07:12:17.491+0000] {spark_read_mongo_dag.py:57} ERROR - spark-submit stderr | 25/12/02 07:12:12 INFO AbstractS3ACommitterFactory: Using Committer FileOutputCommitter{PathOutputCommitter{context=TaskAttemptContextImpl{JobContextImpl{jobId=job_202512020712121944115629848598599_0002}; taskId=attempt_202512020712121944115629848598599_0002_m_000000_2, status=''}; org.apache.hadoop.mapreduce.lib.output.FileOutputCommitter@2a8bbe24}; outputPath=s3a://iceberg/ai_segmentation/conversations/_job_marker, workPath=s3a://iceberg/ai_segmentation/conversations/_job_marker/_temporary/0/_temporary/attempt_202512020712121944115629848598599_0002_m_000000_2, algorithmVersion=1, skipCleanup=false, ignoreCleanupFailures=false} for s3a://iceberg/ai_segmentation/conversations/_job_marker
[2025-12-02T07:12:17.492+0000] {spark_read_mongo_dag.py:57} ERROR - spark-submit stderr | 25/12/02 07:12:12 INFO SQLHadoopMapReduceCommitProtocol: Using output committer class org.apache.hadoop.mapreduce.lib.output.FileOutputCommitter
[2025-12-02T07:12:17.492+0000] {spark_read_mongo_dag.py:57} ERROR - spark-submit stderr | 25/12/02 07:12:14 INFO PythonRunner: Times: total = 1981, boot = 1917, init = 64, finish = 0
[2025-12-02T07:12:17.493+0000] {spark_read_mongo_dag.py:57} ERROR - spark-submit stderr | 25/12/02 07:12:15 INFO PythonRunner: Times: total = 88, boot = 87, init = 0, finish = 1
[2025-12-02T07:12:17.493+0000] {spark_read_mongo_dag.py:57} ERROR - spark-submit stderr | 25/12/02 07:12:15 INFO PythonRunner: Times: total = 11, boot = 11, init = 0, finish = 0
[2025-12-02T07:12:17.494+0000] {spark_read_mongo_dag.py:57} ERROR - spark-submit stderr | 25/12/02 07:12:15 INFO PythonRunner: Times: total = 43, boot = 9, init = 34, finish = 0
[2025-12-02T07:12:17.494+0000] {spark_read_mongo_dag.py:57} ERROR - spark-submit stderr | 25/12/02 07:12:15 INFO PythonRunner: Times: total = 47, boot = 8, init = 39, finish = 0
[2025-12-02T07:12:17.495+0000] {spark_read_mongo_dag.py:57} ERROR - spark-submit stderr | 25/12/02 07:12:15 INFO PythonRunner: Times: total = 43, boot = 8, init = 35, finish = 0
[2025-12-02T07:12:17.495+0000] {spark_read_mongo_dag.py:57} ERROR - spark-submit stderr | 25/12/02 07:12:15 INFO PythonRunner: Times: total = 43, boot = 8, init = 35, finish = 0
[2025-12-02T07:12:17.495+0000] {spark_read_mongo_dag.py:57} ERROR - spark-submit stderr | 25/12/02 07:12:15 INFO PythonRunner: Times: total = 43, boot = 6, init = 37, finish = 0
[2025-12-02T07:12:17.496+0000] {spark_read_mongo_dag.py:57} ERROR - spark-submit stderr | 25/12/02 07:12:15 INFO FileOutputCommitter: Saved output of task 'attempt_202512020712121944115629848598599_0002_m_000000_2' to s3a://iceberg/ai_segmentation/conversations/_job_marker/_temporary/0/task_202512020712121944115629848598599_0002_m_000000
[2025-12-02T07:12:17.496+0000] {spark_read_mongo_dag.py:57} ERROR - spark-submit stderr | 25/12/02 07:12:15 INFO SparkHadoopMapRedUtil: attempt_202512020712121944115629848598599_0002_m_000000_2: Committed. Elapsed time: 341 ms.
[2025-12-02T07:12:17.496+0000] {spark_read_mongo_dag.py:57} ERROR - spark-submit stderr | 25/12/02 07:12:15 INFO Executor: Finished task 0.0 in stage 2.0 (TID 2). 2961 bytes result sent to driver
[2025-12-02T07:12:17.497+0000] {spark_read_mongo_dag.py:57} ERROR - spark-submit stderr | 25/12/02 07:12:15 INFO TaskSetManager: Finished task 0.0 in stage 2.0 (TID 2) in 3431 ms on 1914c6b7747c (executor driver) (1/1)
[2025-12-02T07:12:17.497+0000] {spark_read_mongo_dag.py:57} ERROR - spark-submit stderr | 25/12/02 07:12:15 INFO TaskSchedulerImpl: Removed TaskSet 2.0, whose tasks have all completed, from pool 
[2025-12-02T07:12:17.497+0000] {spark_read_mongo_dag.py:57} ERROR - spark-submit stderr | 25/12/02 07:12:15 INFO PythonAccumulatorV2: Connected to AccumulatorServer at host: 127.0.0.1 port: 59703
[2025-12-02T07:12:17.498+0000] {spark_read_mongo_dag.py:57} ERROR - spark-submit stderr | 25/12/02 07:12:15 INFO DAGScheduler: ResultStage 2 (csv at NativeMethodAccessorImpl.java:0) finished in 3.709 s
[2025-12-02T07:12:17.498+0000] {spark_read_mongo_dag.py:57} ERROR - spark-submit stderr | 25/12/02 07:12:15 INFO DAGScheduler: Job 2 is finished. Cancelling potential speculative or zombie tasks for this job
[2025-12-02T07:12:17.498+0000] {spark_read_mongo_dag.py:57} ERROR - spark-submit stderr | 25/12/02 07:12:15 INFO TaskSchedulerImpl: Killing all running tasks in stage 2: Stage finished
[2025-12-02T07:12:17.499+0000] {spark_read_mongo_dag.py:57} ERROR - spark-submit stderr | 25/12/02 07:12:15 INFO DAGScheduler: Job 2 finished: csv at NativeMethodAccessorImpl.java:0, took 3.716901 s
[2025-12-02T07:12:17.499+0000] {spark_read_mongo_dag.py:57} ERROR - spark-submit stderr | 25/12/02 07:12:15 INFO FileFormatWriter: Start to commit write Job 7be63bbe-5d21-4664-8c86-948a7c2040e8.
[2025-12-02T07:12:17.499+0000] {spark_read_mongo_dag.py:57} ERROR - spark-submit stderr | 25/12/02 07:12:16 INFO FileFormatWriter: Write Job 7be63bbe-5d21-4664-8c86-948a7c2040e8 committed. Elapsed time: 463 ms.
[2025-12-02T07:12:17.499+0000] {spark_read_mongo_dag.py:57} ERROR - spark-submit stderr | 25/12/02 07:12:16 INFO FileFormatWriter: Finished processing stats for write job 7be63bbe-5d21-4664-8c86-948a7c2040e8.
[2025-12-02T07:12:17.500+0000] {spark_read_mongo_dag.py:57} ERROR - spark-submit stderr | 25/12/02 07:12:16 INFO SparkContext: SparkContext is stopping with exitCode 0.
[2025-12-02T07:12:17.500+0000] {spark_read_mongo_dag.py:57} ERROR - spark-submit stderr | 25/12/02 07:12:16 INFO SparkUI: Stopped Spark web UI at http://1914c6b7747c:4040
[2025-12-02T07:12:17.500+0000] {spark_read_mongo_dag.py:57} ERROR - spark-submit stderr | 25/12/02 07:12:16 INFO MapOutputTrackerMasterEndpoint: MapOutputTrackerMasterEndpoint stopped!
[2025-12-02T07:12:17.501+0000] {spark_read_mongo_dag.py:57} ERROR - spark-submit stderr | 25/12/02 07:12:16 INFO MemoryStore: MemoryStore cleared
[2025-12-02T07:12:17.501+0000] {spark_read_mongo_dag.py:57} ERROR - spark-submit stderr | 25/12/02 07:12:16 INFO BlockManager: BlockManager stopped
[2025-12-02T07:12:17.501+0000] {spark_read_mongo_dag.py:57} ERROR - spark-submit stderr | 25/12/02 07:12:16 INFO BlockManagerMaster: BlockManagerMaster stopped
[2025-12-02T07:12:17.502+0000] {spark_read_mongo_dag.py:57} ERROR - spark-submit stderr | 25/12/02 07:12:16 INFO OutputCommitCoordinator$OutputCommitCoordinatorEndpoint: OutputCommitCoordinator stopped!
[2025-12-02T07:12:17.502+0000] {spark_read_mongo_dag.py:57} ERROR - spark-submit stderr | 25/12/02 07:12:16 INFO SparkContext: Successfully stopped SparkContext
[2025-12-02T07:12:17.502+0000] {spark_read_mongo_dag.py:57} ERROR - spark-submit stderr | 25/12/02 07:12:17 INFO ShutdownHookManager: Shutdown hook called
[2025-12-02T07:12:17.503+0000] {spark_read_mongo_dag.py:57} ERROR - spark-submit stderr | 25/12/02 07:12:17 INFO ShutdownHookManager: Deleting directory /tmp/spark-041073a9-4963-44aa-8ab8-2a8b035a61e1
[2025-12-02T07:12:17.503+0000] {spark_read_mongo_dag.py:57} ERROR - spark-submit stderr | 25/12/02 07:12:17 INFO ShutdownHookManager: Deleting directory /tmp/spark-94833f74-c857-4f06-89d8-18ad517d0116
[2025-12-02T07:12:17.503+0000] {spark_read_mongo_dag.py:57} ERROR - spark-submit stderr | 25/12/02 07:12:17 INFO ShutdownHookManager: Deleting directory /tmp/spark-94833f74-c857-4f06-89d8-18ad517d0116/pyspark-e1983608-40ae-4e23-a004-a76026b40707
[2025-12-02T07:12:17.504+0000] {spark_read_mongo_dag.py:57} ERROR - spark-submit stderr | 25/12/02 07:12:17 INFO MetricsSystemImpl: Stopping s3a-file-system metrics system...
[2025-12-02T07:12:17.504+0000] {spark_read_mongo_dag.py:57} ERROR - spark-submit stderr | 25/12/02 07:12:17 INFO MetricsSystemImpl: s3a-file-system metrics system stopped.
[2025-12-02T07:12:17.504+0000] {spark_read_mongo_dag.py:57} ERROR - spark-submit stderr | 25/12/02 07:12:17 INFO MetricsSystemImpl: s3a-file-system metrics system shutdown complete.
[2025-12-02T07:12:17.505+0000] {spark_read_mongo_dag.py:60} INFO - END run_spark_job SUCCESS
[2025-12-02T07:12:17.505+0000] {python.py:237} INFO - Done. Returned value was: None
[2025-12-02T07:12:17.506+0000] {taskinstance.py:441} INFO - ::group::Post task execution logs
[2025-12-02T07:12:17.521+0000] {taskinstance.py:1206} INFO - Marking task as SUCCESS. dag_id=mongo_iceberg_dag, task_id=run_mongo_to_iceberg, run_id=manual__2025-12-02T07:11:44.490992+00:00, execution_date=20251202T071144, start_date=20251202T071146, end_date=20251202T071217
[2025-12-02T07:12:17.607+0000] {local_task_job_runner.py:240} INFO - Task exited with return code 0
[2025-12-02T07:12:17.626+0000] {taskinstance.py:3503} INFO - 0 downstream tasks scheduled from follow-on schedule check
[2025-12-02T07:12:17.649+0000] {local_task_job_runner.py:222} INFO - ::endgroup::
