[2025-12-08T10:29:59.072+0000] {local_task_job_runner.py:120} INFO - ::group::Pre task execution logs
[2025-12-08T10:29:59.162+0000] {taskinstance.py:2076} INFO - Dependencies all met for dep_context=non-requeueable deps ti=<TaskInstance: mongo_iceberg_dremio_dag.query_dremio_tables manual__2025-12-08T10:27:58.184265+00:00 [queued]>
[2025-12-08T10:29:59.204+0000] {taskinstance.py:2076} INFO - Dependencies all met for dep_context=requeueable deps ti=<TaskInstance: mongo_iceberg_dremio_dag.query_dremio_tables manual__2025-12-08T10:27:58.184265+00:00 [queued]>
[2025-12-08T10:29:59.205+0000] {taskinstance.py:2306} INFO - Starting attempt 1 of 2
[2025-12-08T10:29:59.312+0000] {taskinstance.py:2330} INFO - Executing <Task(PythonOperator): query_dremio_tables> on 2025-12-08 10:27:58.184265+00:00
[2025-12-08T10:29:59.324+0000] {standard_task_runner.py:63} INFO - Started process 7654 to run task
[2025-12-08T10:29:59.335+0000] {standard_task_runner.py:90} INFO - Running: ['***', 'tasks', 'run', 'mongo_iceberg_dremio_dag', 'query_dremio_tables', 'manual__2025-12-08T10:27:58.184265+00:00', '--job-id', '113', '--raw', '--subdir', 'DAGS_FOLDER/spark_read_mongo_dag.py', '--cfg-path', '/tmp/tmpui58vy3y']
[2025-12-08T10:29:59.343+0000] {standard_task_runner.py:91} INFO - Job 113: Subtask query_dremio_tables
[2025-12-08T10:29:59.474+0000] {task_command.py:426} INFO - Running <TaskInstance: mongo_iceberg_dremio_dag.query_dremio_tables manual__2025-12-08T10:27:58.184265+00:00 [running]> on host ef1c6bdacaab
[2025-12-08T10:29:59.625+0000] {taskinstance.py:2648} INFO - Exporting env vars: AIRFLOW_CTX_DAG_OWNER='deeku' AIRFLOW_CTX_DAG_ID='mongo_iceberg_dremio_dag' AIRFLOW_CTX_TASK_ID='query_dremio_tables' AIRFLOW_CTX_EXECUTION_DATE='2025-12-08T10:27:58.184265+00:00' AIRFLOW_CTX_TRY_NUMBER='1' AIRFLOW_CTX_DAG_RUN_ID='manual__2025-12-08T10:27:58.184265+00:00'
[2025-12-08T10:29:59.626+0000] {taskinstance.py:430} INFO - ::endgroup::
[2025-12-08T10:29:59.663+0000] {spark_read_mongo_dag.py:574} INFO - === Querying Dremio Tables ===
[2025-12-08T10:29:59.664+0000] {spark_read_mongo_dag.py:597} INFO - Executing query: SHOW SCHEMAS IN "iceberg"
[2025-12-08T10:29:59.755+0000] {spark_read_mongo_dag.py:507} INFO - Submitting query to Dremio: SHOW SCHEMAS IN "iceberg"...
[2025-12-08T10:29:59.782+0000] {spark_read_mongo_dag.py:523} INFO - Dremio job started: 16c95758-0690-4042-e76f-6e323ad10100
[2025-12-08T10:30:30.297+0000] {spark_read_mongo_dag.py:562} ERROR - Error executing Dremio query: Timed out waiting for Dremio job 16c95758-0690-4042-e76f-6e323ad10100 to finish after 30 seconds
[2025-12-08T10:30:30.299+0000] {spark_read_mongo_dag.py:627} WARNING - Query timed out: SHOW SCHEMAS IN "iceberg"
[2025-12-08T10:30:30.303+0000] {spark_read_mongo_dag.py:597} INFO - Executing query: SHOW TABLES IN "iceberg"
[2025-12-08T10:30:30.392+0000] {spark_read_mongo_dag.py:507} INFO - Submitting query to Dremio: SHOW TABLES IN "iceberg"...
[2025-12-08T10:30:30.413+0000] {spark_read_mongo_dag.py:523} INFO - Dremio job started: 16c95738-9c74-74e9-c503-60f429e9ba00
[2025-12-08T10:31:00.869+0000] {spark_read_mongo_dag.py:562} ERROR - Error executing Dremio query: Timed out waiting for Dremio job 16c95738-9c74-74e9-c503-60f429e9ba00 to finish after 30 seconds
[2025-12-08T10:31:00.871+0000] {spark_read_mongo_dag.py:627} WARNING - Query timed out: SHOW TABLES IN "iceberg"
[2025-12-08T10:31:00.874+0000] {spark_read_mongo_dag.py:597} INFO - Executing query: SHOW TABLES IN "iceberg"."ai_segmentation"
[2025-12-08T10:31:00.965+0000] {spark_read_mongo_dag.py:507} INFO - Submitting query to Dremio: SHOW TABLES IN "iceberg"."ai_segmentation"...
[2025-12-08T10:31:00.983+0000] {spark_read_mongo_dag.py:523} INFO - Dremio job started: 16c9571a-ac47-9386-4e10-5e60a3100300
[2025-12-08T10:31:31.340+0000] {spark_read_mongo_dag.py:562} ERROR - Error executing Dremio query: Timed out waiting for Dremio job 16c9571a-ac47-9386-4e10-5e60a3100300 to finish after 30 seconds
[2025-12-08T10:31:31.341+0000] {spark_read_mongo_dag.py:627} WARNING - Query timed out: SHOW TABLES IN "iceberg"."ai_segmentation"
[2025-12-08T10:31:31.342+0000] {spark_read_mongo_dag.py:597} INFO - Executing query: SELECT COUNT(*) as row_count FROM "iceberg"."ai_segmentation"."conversations"
[2025-12-08T10:31:31.412+0000] {spark_read_mongo_dag.py:507} INFO - Submitting query to Dremio: SELECT COUNT(*) as row_count FROM "iceberg"."ai_segmentation"."conversations"...
[2025-12-08T10:31:31.430+0000] {spark_read_mongo_dag.py:523} INFO - Dremio job started: 16c956fc-10dd-6372-a935-2037a284ec00
[2025-12-08T10:32:01.856+0000] {spark_read_mongo_dag.py:562} ERROR - Error executing Dremio query: Timed out waiting for Dremio job 16c956fc-10dd-6372-a935-2037a284ec00 to finish after 30 seconds
[2025-12-08T10:32:01.856+0000] {spark_read_mongo_dag.py:627} WARNING - Query timed out: SELECT COUNT(*) as row_count FROM "iceberg"."ai_segmentation"."conversations"
[2025-12-08T10:32:01.857+0000] {spark_read_mongo_dag.py:597} INFO - Executing query: SELECT * FROM "iceberg"."ai_segmentation"."conversations" LIMIT 5
[2025-12-08T10:32:01.935+0000] {spark_read_mongo_dag.py:507} INFO - Submitting query to Dremio: SELECT * FROM "iceberg"."ai_segmentation"."conversations" LIMIT 5...
[2025-12-08T10:32:01.954+0000] {spark_read_mongo_dag.py:523} INFO - Dremio job started: 16c956dd-a139-2282-1ce3-68a2e13e3500
[2025-12-08T10:32:32.410+0000] {spark_read_mongo_dag.py:562} ERROR - Error executing Dremio query: Timed out waiting for Dremio job 16c956dd-a139-2282-1ce3-68a2e13e3500 to finish after 30 seconds
[2025-12-08T10:32:32.411+0000] {spark_read_mongo_dag.py:627} WARNING - Query timed out: SELECT * FROM "iceberg"."ai_segmentation"."conversations" LIMIT 5
[2025-12-08T10:32:32.413+0000] {spark_read_mongo_dag.py:643} INFO - === All Query Attempts Summary ===
[2025-12-08T10:32:32.414+0000] {spark_read_mongo_dag.py:646} INFO - [✗] 1. SHOW SCHEMAS IN "iceberg"
[2025-12-08T10:32:32.415+0000] {spark_read_mongo_dag.py:648} INFO -    Error: Timeout
[2025-12-08T10:32:32.417+0000] {spark_read_mongo_dag.py:646} INFO - [✗] 2. SHOW TABLES IN "iceberg"
[2025-12-08T10:32:32.418+0000] {spark_read_mongo_dag.py:648} INFO -    Error: Timeout
[2025-12-08T10:32:32.419+0000] {spark_read_mongo_dag.py:646} INFO - [✗] 3. SHOW TABLES IN "iceberg"."ai_segmentation"
[2025-12-08T10:32:32.420+0000] {spark_read_mongo_dag.py:648} INFO -    Error: Timeout
[2025-12-08T10:32:32.421+0000] {spark_read_mongo_dag.py:646} INFO - [✗] 4. SELECT COUNT(*) as row_count FROM "iceberg"."ai_segmentation"."conversations"
[2025-12-08T10:32:32.422+0000] {spark_read_mongo_dag.py:648} INFO -    Error: Timeout
[2025-12-08T10:32:32.423+0000] {spark_read_mongo_dag.py:646} INFO - [✗] 5. SELECT * FROM "iceberg"."ai_segmentation"."conversations" LIMIT 5
[2025-12-08T10:32:32.424+0000] {spark_read_mongo_dag.py:648} INFO -    Error: Timeout
[2025-12-08T10:32:32.471+0000] {python.py:237} INFO - Done. Returned value was: {'status': 'partial_success', 'total_queries': 5, 'successful': 0, 'failed': 5, 'results': [{'query': 'SHOW SCHEMAS IN "iceberg"', 'success': False, 'error': 'Timeout', 'message': 'Timed out waiting for Dremio job 16c95758-0690-4042-e76f-6e323ad10100 to finish after 30 seconds'}, {'query': 'SHOW TABLES IN "iceberg"', 'success': False, 'error': 'Timeout', 'message': 'Timed out waiting for Dremio job 16c95738-9c74-74e9-c503-60f429e9ba00 to finish after 30 seconds'}, {'query': 'SHOW TABLES IN "iceberg"."ai_segmentation"', 'success': False, 'error': 'Timeout', 'message': 'Timed out waiting for Dremio job 16c9571a-ac47-9386-4e10-5e60a3100300 to finish after 30 seconds'}, {'query': 'SELECT COUNT(*) as row_count FROM "iceberg"."ai_segmentation"."conversations"', 'success': False, 'error': 'Timeout', 'message': 'Timed out waiting for Dremio job 16c956fc-10dd-6372-a935-2037a284ec00 to finish after 30 seconds'}, {'query': 'SELECT * FROM "iceberg"."ai_segmentation"."conversations" LIMIT 5', 'success': False, 'error': 'Timeout', 'message': 'Timed out waiting for Dremio job 16c956dd-a139-2282-1ce3-68a2e13e3500 to finish after 30 seconds'}]}
[2025-12-08T10:32:32.472+0000] {taskinstance.py:441} INFO - ::group::Post task execution logs
[2025-12-08T10:32:32.556+0000] {taskinstance.py:1206} INFO - Marking task as SUCCESS. dag_id=mongo_iceberg_dremio_dag, task_id=query_dremio_tables, run_id=manual__2025-12-08T10:27:58.184265+00:00, execution_date=20251208T102758, start_date=20251208T102959, end_date=20251208T103232
[2025-12-08T10:32:32.666+0000] {local_task_job_runner.py:240} INFO - Task exited with return code 0
[2025-12-08T10:32:32.686+0000] {taskinstance.py:3503} INFO - 0 downstream tasks scheduled from follow-on schedule check
[2025-12-08T10:32:32.743+0000] {local_task_job_runner.py:222} INFO - ::endgroup::
