[2025-12-08T10:17:06.922+0000] {local_task_job_runner.py:120} INFO - ::group::Pre task execution logs
[2025-12-08T10:17:06.963+0000] {taskinstance.py:2076} INFO - Dependencies all met for dep_context=non-requeueable deps ti=<TaskInstance: mongo_iceberg_dremio_dag.run_mongo_to_iceberg manual__2025-12-08T10:17:05.884912+00:00 [queued]>
[2025-12-08T10:17:06.972+0000] {taskinstance.py:2076} INFO - Dependencies all met for dep_context=requeueable deps ti=<TaskInstance: mongo_iceberg_dremio_dag.run_mongo_to_iceberg manual__2025-12-08T10:17:05.884912+00:00 [queued]>
[2025-12-08T10:17:06.974+0000] {taskinstance.py:2306} INFO - Starting attempt 1 of 2
[2025-12-08T10:17:07.016+0000] {taskinstance.py:2330} INFO - Executing <Task(PythonOperator): run_mongo_to_iceberg> on 2025-12-08 10:17:05.884912+00:00
[2025-12-08T10:17:07.022+0000] {standard_task_runner.py:63} INFO - Started process 5039 to run task
[2025-12-08T10:17:07.025+0000] {standard_task_runner.py:90} INFO - Running: ['***', 'tasks', 'run', 'mongo_iceberg_dremio_dag', 'run_mongo_to_iceberg', 'manual__2025-12-08T10:17:05.884912+00:00', '--job-id', '103', '--raw', '--subdir', 'DAGS_FOLDER/spark_read_mongo_dag.py', '--cfg-path', '/tmp/tmpgzfaazxu']
[2025-12-08T10:17:07.028+0000] {standard_task_runner.py:91} INFO - Job 103: Subtask run_mongo_to_iceberg
[2025-12-08T10:17:07.136+0000] {task_command.py:426} INFO - Running <TaskInstance: mongo_iceberg_dremio_dag.run_mongo_to_iceberg manual__2025-12-08T10:17:05.884912+00:00 [running]> on host ef1c6bdacaab
[2025-12-08T10:17:07.334+0000] {taskinstance.py:2648} INFO - Exporting env vars: AIRFLOW_CTX_DAG_OWNER='deeku' AIRFLOW_CTX_DAG_ID='mongo_iceberg_dremio_dag' AIRFLOW_CTX_TASK_ID='run_mongo_to_iceberg' AIRFLOW_CTX_EXECUTION_DATE='2025-12-08T10:17:05.884912+00:00' AIRFLOW_CTX_TRY_NUMBER='1' AIRFLOW_CTX_DAG_RUN_ID='manual__2025-12-08T10:17:05.884912+00:00'
[2025-12-08T10:17:07.335+0000] {taskinstance.py:430} INFO - ::endgroup::
[2025-12-08T10:17:07.347+0000] {spark_read_mongo_dag.py:151} INFO - START run_spark_job
[2025-12-08T10:17:07.349+0000] {spark_read_mongo_dag.py:155} INFO - Checking path: /opt/***/spark_jobs/mongo_pyspark.py exists=True
[2025-12-08T10:17:07.350+0000] {spark_read_mongo_dag.py:155} INFO - Checking path: /opt/***/jars exists=True
[2025-12-08T10:17:07.352+0000] {spark_read_mongo_dag.py:161} INFO - Jar check: /opt/***/jars/mongo-spark-connector_2.12-10.1.1.jar exists=True size=156368
[2025-12-08T10:17:07.354+0000] {spark_read_mongo_dag.py:161} INFO - Jar check: /opt/***/jars/bson-4.11.2.jar exists=True size=511356
[2025-12-08T10:17:07.356+0000] {spark_read_mongo_dag.py:161} INFO - Jar check: /opt/***/jars/mongodb-driver-core-4.11.2.jar exists=True size=1670650
[2025-12-08T10:17:07.358+0000] {spark_read_mongo_dag.py:161} INFO - Jar check: /opt/***/jars/mongodb-driver-sync-4.11.2.jar exists=True size=151808
[2025-12-08T10:17:07.360+0000] {spark_read_mongo_dag.py:161} INFO - Jar check: /opt/***/jars/iceberg-spark-runtime-3.5_2.12-1.5.2.jar exists=True size=41604737
[2025-12-08T10:17:07.361+0000] {spark_read_mongo_dag.py:161} INFO - Jar check: /opt/***/jars/iceberg-nessie-1.5.2.jar exists=True size=44895
[2025-12-08T10:17:07.363+0000] {spark_read_mongo_dag.py:161} INFO - Jar check: /opt/***/jars/nessie-client-0.99.0.jar exists=True size=585165
[2025-12-08T10:17:07.365+0000] {spark_read_mongo_dag.py:161} INFO - Jar check: /opt/***/jars/nessie-spark-extensions-3.4_2.12-0.105.7.jar exists=True size=2294495
[2025-12-08T10:17:07.367+0000] {spark_read_mongo_dag.py:161} INFO - Jar check: /opt/***/jars/hadoop-aws-3.3.4.jar exists=True size=962685
[2025-12-08T10:17:07.368+0000] {spark_read_mongo_dag.py:161} INFO - Jar check: /opt/***/jars/aws-java-sdk-bundle-1.12.772.jar exists=True size=388405806
[2025-12-08T10:17:07.369+0000] {spark_read_mongo_dag.py:182} INFO - Running command: spark-submit --jars /opt/***/jars/mongo-spark-connector_2.12-10.1.1.jar,/opt/***/jars/bson-4.11.2.jar,/opt/***/jars/mongodb-driver-core-4.11.2.jar,/opt/***/jars/mongodb-driver-sync-4.11.2.jar,/opt/***/jars/iceberg-spark-runtime-3.5_2.12-1.5.2.jar,/opt/***/jars/iceberg-nessie-1.5.2.jar,/opt/***/jars/nessie-client-0.99.0.jar,/opt/***/jars/nessie-spark-extensions-3.4_2.12-0.105.7.jar,/opt/***/jars/hadoop-aws-3.3.4.jar,/opt/***/jars/aws-java-sdk-bundle-1.12.772.jar /opt/***/spark_jobs/mongo_pyspark.py
[2025-12-08T10:17:07.369+0000] {spark_read_mongo_dag.py:183} INFO - ICEBERG_WAREHOUSE=s3a://iceberg
[2025-12-08T10:17:07.369+0000] {spark_read_mongo_dag.py:184} INFO - NESSIE_URI=http://nessie:19120/api/v1
[2025-12-08T10:17:07.370+0000] {spark_read_mongo_dag.py:185} INFO - S3_ENDPOINT=http://minio:9000
[2025-12-08T10:17:41.234+0000] {spark_read_mongo_dag.py:189} INFO - Process finished. returncode=1
[2025-12-08T10:17:41.236+0000] {spark_read_mongo_dag.py:195} INFO - spark-submit stdout | 	at java.base/java.lang.reflect.Method.invoke(Method.java:569)
[2025-12-08T10:17:41.236+0000] {spark_read_mongo_dag.py:195} INFO - spark-submit stdout | 	at py4j.reflection.MethodInvoker.invoke(MethodInvoker.java:244)
[2025-12-08T10:17:41.237+0000] {spark_read_mongo_dag.py:195} INFO - spark-submit stdout | 	at py4j.reflection.ReflectionEngine.invoke(ReflectionEngine.java:374)
[2025-12-08T10:17:41.237+0000] {spark_read_mongo_dag.py:195} INFO - spark-submit stdout | 	at py4j.Gateway.invoke(Gateway.java:282)
[2025-12-08T10:17:41.238+0000] {spark_read_mongo_dag.py:195} INFO - spark-submit stdout | 	at py4j.commands.AbstractCommand.invokeMethod(AbstractCommand.java:132)
[2025-12-08T10:17:41.238+0000] {spark_read_mongo_dag.py:195} INFO - spark-submit stdout | 	at py4j.commands.CallCommand.execute(CallCommand.java:79)
[2025-12-08T10:17:41.239+0000] {spark_read_mongo_dag.py:195} INFO - spark-submit stdout | 	at py4j.ClientServerConnection.waitForCommands(ClientServerConnection.java:182)
[2025-12-08T10:17:41.239+0000] {spark_read_mongo_dag.py:195} INFO - spark-submit stdout | 	at py4j.ClientServerConnection.run(ClientServerConnection.java:106)
[2025-12-08T10:17:41.240+0000] {spark_read_mongo_dag.py:195} INFO - spark-submit stdout | 	at java.base/java.lang.Thread.run(Thread.java:840)
[2025-12-08T10:17:41.240+0000] {spark_read_mongo_dag.py:195} INFO - spark-submit stdout | Caused by: java.io.FileNotFoundException: No such file or directory: s3a://iceberg/ai_segmentation/conversations_ed63c2ac-3687-482c-811c-508987982d7c/metadata/00006-d79586d3-3cdb-4e37-9844-4e13e88ce79a.metadata.json
[2025-12-08T10:17:41.241+0000] {spark_read_mongo_dag.py:195} INFO - spark-submit stdout | 	at org.apache.hadoop.fs.s3a.S3AFileSystem.s3GetFileStatus(S3AFileSystem.java:3866)
[2025-12-08T10:17:41.241+0000] {spark_read_mongo_dag.py:195} INFO - spark-submit stdout | 	at org.apache.hadoop.fs.s3a.S3AFileSystem.innerGetFileStatus(S3AFileSystem.java:3688)
[2025-12-08T10:17:41.241+0000] {spark_read_mongo_dag.py:195} INFO - spark-submit stdout | 	at org.apache.hadoop.fs.s3a.S3AFileSystem.extractOrFetchSimpleFileStatus(S3AFileSystem.java:5401)
[2025-12-08T10:17:41.242+0000] {spark_read_mongo_dag.py:195} INFO - spark-submit stdout | 	at org.apache.hadoop.fs.s3a.S3AFileSystem.open(S3AFileSystem.java:1465)
[2025-12-08T10:17:41.242+0000] {spark_read_mongo_dag.py:195} INFO - spark-submit stdout | 	at org.apache.hadoop.fs.s3a.S3AFileSystem.open(S3AFileSystem.java:1441)
[2025-12-08T10:17:41.243+0000] {spark_read_mongo_dag.py:195} INFO - spark-submit stdout | 	at org.apache.hadoop.fs.FileSystem.open(FileSystem.java:976)
[2025-12-08T10:17:41.243+0000] {spark_read_mongo_dag.py:195} INFO - spark-submit stdout | 	at org.apache.iceberg.hadoop.HadoopInputFile.newStream(HadoopInputFile.java:183)
[2025-12-08T10:17:41.244+0000] {spark_read_mongo_dag.py:195} INFO - spark-submit stdout | 	... 63 more
[2025-12-08T10:17:41.244+0000] {spark_read_mongo_dag.py:195} INFO - spark-submit stdout | 
[2025-12-08T10:17:41.245+0000] {spark_read_mongo_dag.py:195} INFO - spark-submit stdout | 2025-12-08 10:17:40,189 INFO py4j.clientserver - Closing down clientserver connection
[2025-12-08T10:17:41.245+0000] {spark_read_mongo_dag.py:201} ERROR - spark-submit stderr | 25/12/08 10:17:39 INFO DAGScheduler: Job 6 finished: count at NativeMethodAccessorImpl.java:0, took 0.085943 s
[2025-12-08T10:17:41.246+0000] {spark_read_mongo_dag.py:201} ERROR - spark-submit stderr | 25/12/08 10:17:39 INFO FileSourceStrategy: Pushed Filters: 
[2025-12-08T10:17:41.246+0000] {spark_read_mongo_dag.py:201} ERROR - spark-submit stderr | 25/12/08 10:17:39 INFO FileSourceStrategy: Post-Scan Filters: 
[2025-12-08T10:17:41.247+0000] {spark_read_mongo_dag.py:201} ERROR - spark-submit stderr | 25/12/08 10:17:40 INFO BaseMetastoreTableOperations: Refreshing table metadata from new version: s3a://iceberg/ai_segmentation/conversations_ed63c2ac-3687-482c-811c-508987982d7c/metadata/00006-d79586d3-3cdb-4e37-9844-4e13e88ce79a.metadata.json
[2025-12-08T10:17:41.248+0000] {spark_read_mongo_dag.py:201} ERROR - spark-submit stderr | 25/12/08 10:17:40 INFO SparkContext: Invoking stop() from shutdown hook
[2025-12-08T10:17:41.249+0000] {spark_read_mongo_dag.py:201} ERROR - spark-submit stderr | 25/12/08 10:17:40 INFO SparkContext: SparkContext is stopping with exitCode 0.
[2025-12-08T10:17:41.249+0000] {spark_read_mongo_dag.py:201} ERROR - spark-submit stderr | 25/12/08 10:17:40 INFO SparkUI: Stopped Spark web UI at http://ef1c6bdacaab:4040
[2025-12-08T10:17:41.250+0000] {spark_read_mongo_dag.py:201} ERROR - spark-submit stderr | 25/12/08 10:17:40 INFO MapOutputTrackerMasterEndpoint: MapOutputTrackerMasterEndpoint stopped!
[2025-12-08T10:17:41.250+0000] {spark_read_mongo_dag.py:201} ERROR - spark-submit stderr | 25/12/08 10:17:40 INFO MemoryStore: MemoryStore cleared
[2025-12-08T10:17:41.251+0000] {spark_read_mongo_dag.py:201} ERROR - spark-submit stderr | 25/12/08 10:17:40 INFO BlockManager: BlockManager stopped
[2025-12-08T10:17:41.251+0000] {spark_read_mongo_dag.py:201} ERROR - spark-submit stderr | 25/12/08 10:17:40 INFO BlockManagerMaster: BlockManagerMaster stopped
[2025-12-08T10:17:41.251+0000] {spark_read_mongo_dag.py:201} ERROR - spark-submit stderr | 25/12/08 10:17:40 INFO OutputCommitCoordinator$OutputCommitCoordinatorEndpoint: OutputCommitCoordinator stopped!
[2025-12-08T10:17:41.252+0000] {spark_read_mongo_dag.py:201} ERROR - spark-submit stderr | 25/12/08 10:17:40 INFO SparkContext: Successfully stopped SparkContext
[2025-12-08T10:17:41.252+0000] {spark_read_mongo_dag.py:201} ERROR - spark-submit stderr | 25/12/08 10:17:40 INFO ShutdownHookManager: Shutdown hook called
[2025-12-08T10:17:41.252+0000] {spark_read_mongo_dag.py:201} ERROR - spark-submit stderr | 25/12/08 10:17:40 INFO ShutdownHookManager: Deleting directory /tmp/spark-693f3169-1053-4c17-865c-29d25a3375bc
[2025-12-08T10:17:41.253+0000] {spark_read_mongo_dag.py:201} ERROR - spark-submit stderr | 25/12/08 10:17:40 INFO ShutdownHookManager: Deleting directory /tmp/spark-e2151ebc-79fc-4fa9-9daa-bdb9ecf2a581
[2025-12-08T10:17:41.253+0000] {spark_read_mongo_dag.py:201} ERROR - spark-submit stderr | 25/12/08 10:17:40 INFO ShutdownHookManager: Deleting directory /tmp/spark-e2151ebc-79fc-4fa9-9daa-bdb9ecf2a581/pyspark-966813b5-3e3f-4753-8db9-f1f0a8c79aad
[2025-12-08T10:17:41.253+0000] {spark_read_mongo_dag.py:201} ERROR - spark-submit stderr | 25/12/08 10:17:40 INFO MetricsSystemImpl: Stopping s3a-file-system metrics system...
[2025-12-08T10:17:41.254+0000] {spark_read_mongo_dag.py:201} ERROR - spark-submit stderr | 25/12/08 10:17:40 INFO MetricsSystemImpl: s3a-file-system metrics system stopped.
[2025-12-08T10:17:41.254+0000] {spark_read_mongo_dag.py:201} ERROR - spark-submit stderr | 25/12/08 10:17:40 INFO MetricsSystemImpl: s3a-file-system metrics system shutdown complete.
[2025-12-08T10:17:41.258+0000] {spark_read_mongo_dag.py:210} ERROR - Exception in run_spark_job: spark-submit failed with exit 1
[2025-12-08T10:17:41.258+0000] {spark_read_mongo_dag.py:211} ERROR - Traceback:
Traceback (most recent call last):
  File "/opt/***/dags/spark_read_mongo_dag.py", line 204, in run_spark_job
    raise RuntimeError(f"spark-submit failed with exit {proc.returncode}")
RuntimeError: spark-submit failed with exit 1

[2025-12-08T10:17:41.258+0000] {taskinstance.py:441} INFO - ::group::Post task execution logs
[2025-12-08T10:17:41.265+0000] {taskinstance.py:2905} ERROR - Task failed with exception
Traceback (most recent call last):
  File "/home/airflow/.local/lib/python3.9/site-packages/airflow/models/taskinstance.py", line 465, in _execute_task
    result = _execute_callable(context=context, **execute_callable_kwargs)
  File "/home/airflow/.local/lib/python3.9/site-packages/airflow/models/taskinstance.py", line 432, in _execute_callable
    return execute_callable(context=context, **execute_callable_kwargs)
  File "/home/airflow/.local/lib/python3.9/site-packages/airflow/models/baseoperator.py", line 401, in wrapper
    return func(self, *args, **kwargs)
  File "/home/airflow/.local/lib/python3.9/site-packages/airflow/operators/python.py", line 235, in execute
    return_value = self.execute_callable()
  File "/home/airflow/.local/lib/python3.9/site-packages/airflow/operators/python.py", line 252, in execute_callable
    return self.python_callable(*self.op_args, **self.op_kwargs)
  File "/opt/airflow/dags/spark_read_mongo_dag.py", line 204, in run_spark_job
    raise RuntimeError(f"spark-submit failed with exit {proc.returncode}")
RuntimeError: spark-submit failed with exit 1
[2025-12-08T10:17:41.307+0000] {taskinstance.py:1206} INFO - Marking task as UP_FOR_RETRY. dag_id=mongo_iceberg_dremio_dag, task_id=run_mongo_to_iceberg, run_id=manual__2025-12-08T10:17:05.884912+00:00, execution_date=20251208T101705, start_date=20251208T101706, end_date=20251208T101741
[2025-12-08T10:17:41.405+0000] {standard_task_runner.py:110} ERROR - Failed to execute job 103 for task run_mongo_to_iceberg (spark-submit failed with exit 1; 5039)
[2025-12-08T10:17:41.437+0000] {local_task_job_runner.py:240} INFO - Task exited with return code 1
[2025-12-08T10:17:41.481+0000] {taskinstance.py:3503} INFO - 0 downstream tasks scheduled from follow-on schedule check
[2025-12-08T10:17:41.515+0000] {local_task_job_runner.py:222} INFO - ::endgroup::
