[2025-12-02T11:14:01.660+0000] {local_task_job_runner.py:120} INFO - ::group::Pre task execution logs
[2025-12-02T11:14:01.816+0000] {taskinstance.py:2076} INFO - Dependencies all met for dep_context=non-requeueable deps ti=<TaskInstance: mongo_iceberg_dag.run_mongo_to_iceberg manual__2025-12-02T11:13:59.026270+00:00 [queued]>
[2025-12-02T11:14:01.828+0000] {taskinstance.py:2076} INFO - Dependencies all met for dep_context=requeueable deps ti=<TaskInstance: mongo_iceberg_dag.run_mongo_to_iceberg manual__2025-12-02T11:13:59.026270+00:00 [queued]>
[2025-12-02T11:14:01.951+0000] {taskinstance.py:2306} INFO - Starting attempt 1 of 1
[2025-12-02T11:14:02.011+0000] {taskinstance.py:2330} INFO - Executing <Task(PythonOperator): run_mongo_to_iceberg> on 2025-12-02 11:13:59.026270+00:00
[2025-12-02T11:14:02.017+0000] {standard_task_runner.py:63} INFO - Started process 601 to run task
[2025-12-02T11:14:02.021+0000] {standard_task_runner.py:90} INFO - Running: ['***', 'tasks', 'run', 'mongo_iceberg_dag', 'run_mongo_to_iceberg', 'manual__2025-12-02T11:13:59.026270+00:00', '--job-id', '18', '--raw', '--subdir', 'DAGS_FOLDER/spark_read_mongo_dag.py', '--cfg-path', '/tmp/tmpb1jifd1m']
[2025-12-02T11:14:02.024+0000] {standard_task_runner.py:91} INFO - Job 18: Subtask run_mongo_to_iceberg
[2025-12-02T11:14:02.301+0000] {task_command.py:426} INFO - Running <TaskInstance: mongo_iceberg_dag.run_mongo_to_iceberg manual__2025-12-02T11:13:59.026270+00:00 [running]> on host f8453ad61174
[2025-12-02T11:14:02.518+0000] {taskinstance.py:2648} INFO - Exporting env vars: AIRFLOW_CTX_DAG_OWNER='deeku' AIRFLOW_CTX_DAG_ID='mongo_iceberg_dag' AIRFLOW_CTX_TASK_ID='run_mongo_to_iceberg' AIRFLOW_CTX_EXECUTION_DATE='2025-12-02T11:13:59.026270+00:00' AIRFLOW_CTX_TRY_NUMBER='1' AIRFLOW_CTX_DAG_RUN_ID='manual__2025-12-02T11:13:59.026270+00:00'
[2025-12-02T11:14:02.519+0000] {taskinstance.py:430} INFO - ::endgroup::
[2025-12-02T11:14:02.542+0000] {spark_read_mongo_dag.py:28} INFO - START run_spark_job
[2025-12-02T11:14:02.543+0000] {spark_read_mongo_dag.py:30} INFO - Checking path: /opt/***/spark_jobs/mongo_pyspark.py exists=True
[2025-12-02T11:14:02.544+0000] {spark_read_mongo_dag.py:30} INFO - Checking path: /opt/***/jars exists=True
[2025-12-02T11:14:02.546+0000] {spark_read_mongo_dag.py:34} INFO - Jar check: /opt/***/jars/mongo-spark-connector_2.12-10.1.1.jar exists=True size=156368
[2025-12-02T11:14:02.549+0000] {spark_read_mongo_dag.py:34} INFO - Jar check: /opt/***/jars/bson-4.11.2.jar exists=True size=511356
[2025-12-02T11:14:02.553+0000] {spark_read_mongo_dag.py:34} INFO - Jar check: /opt/***/jars/mongodb-driver-core-4.11.2.jar exists=True size=1670650
[2025-12-02T11:14:02.555+0000] {spark_read_mongo_dag.py:34} INFO - Jar check: /opt/***/jars/mongodb-driver-sync-4.11.2.jar exists=True size=151808
[2025-12-02T11:14:02.558+0000] {spark_read_mongo_dag.py:34} INFO - Jar check: /opt/***/jars/iceberg-spark-runtime-3.5_2.12-1.5.2.jar exists=True size=41604737
[2025-12-02T11:14:02.560+0000] {spark_read_mongo_dag.py:34} INFO - Jar check: /opt/***/jars/hadoop-aws-3.3.4.jar exists=True size=962685
[2025-12-02T11:14:02.562+0000] {spark_read_mongo_dag.py:34} INFO - Jar check: /opt/***/jars/aws-java-sdk-bundle-1.12.772.jar exists=True size=388405806
[2025-12-02T11:14:02.562+0000] {spark_read_mongo_dag.py:36} INFO - which spark-submit -> /home/***/.local/bin/spark-submit
[2025-12-02T11:14:02.563+0000] {spark_read_mongo_dag.py:45} INFO - ENV SPARK_HOME=/opt/spark/spark-3.4.1-bin-hadoop3 JAVA_HOME=/usr/lib/jvm/java-17-openjdk-amd64
[2025-12-02T11:14:02.564+0000] {spark_read_mongo_dag.py:46} INFO - Env PATH head: ['/opt/spark/spark-3.4.1-bin-hadoop3/bin', '/usr/lib/jvm/java-17-openjdk-amd64/bin', '/opt/spark/bin', '/usr/lib/jvm/java-17-openjdk-amd64/bin', '/root/bin']
[2025-12-02T11:14:02.565+0000] {spark_read_mongo_dag.py:49} INFO - Running command: spark-submit --jars /opt/***/jars/mongo-spark-connector_2.12-10.1.1.jar,/opt/***/jars/bson-4.11.2.jar,/opt/***/jars/mongodb-driver-core-4.11.2.jar,/opt/***/jars/mongodb-driver-sync-4.11.2.jar,/opt/***/jars/iceberg-spark-runtime-3.5_2.12-1.5.2.jar,/opt/***/jars/hadoop-aws-3.3.4.jar,/opt/***/jars/aws-java-sdk-bundle-1.12.772.jar /opt/***/spark_jobs/mongo_pyspark.py
[2025-12-02T11:14:49.420+0000] {spark_read_mongo_dag.py:51} INFO - Process finished. returncode=1
[2025-12-02T11:14:49.421+0000] {spark_read_mongo_dag.py:54} INFO - spark-submit stdout | 2025-12-02 11:14:09,697 INFO mongo_to_iceberg - START main at 2025-12-02 11:14:09
[2025-12-02T11:14:49.422+0000] {spark_read_mongo_dag.py:54} INFO - spark-submit stdout | 2025-12-02 11:14:09,697 INFO mongo_to_iceberg - Checking required JARs under /opt/***/jars
[2025-12-02T11:14:49.423+0000] {spark_read_mongo_dag.py:54} INFO - spark-submit stdout | 2025-12-02 11:14:09,700 INFO mongo_to_iceberg - JAR: /opt/***/jars/mongo-spark-connector_2.12-10.1.1.jar exists=True size=156368
[2025-12-02T11:14:49.423+0000] {spark_read_mongo_dag.py:54} INFO - spark-submit stdout | 2025-12-02 11:14:09,702 INFO mongo_to_iceberg - JAR: /opt/***/jars/bson-4.11.2.jar exists=True size=511356
[2025-12-02T11:14:49.424+0000] {spark_read_mongo_dag.py:54} INFO - spark-submit stdout | 2025-12-02 11:14:09,704 INFO mongo_to_iceberg - JAR: /opt/***/jars/mongodb-driver-core-4.11.2.jar exists=True size=1670650
[2025-12-02T11:14:49.425+0000] {spark_read_mongo_dag.py:54} INFO - spark-submit stdout | 2025-12-02 11:14:09,706 INFO mongo_to_iceberg - JAR: /opt/***/jars/mongodb-driver-sync-4.11.2.jar exists=True size=151808
[2025-12-02T11:14:49.425+0000] {spark_read_mongo_dag.py:54} INFO - spark-submit stdout | 2025-12-02 11:14:09,707 INFO mongo_to_iceberg - JAR: /opt/***/jars/iceberg-spark-runtime-3.5_2.12-1.5.2.jar exists=True size=41604737
[2025-12-02T11:14:49.426+0000] {spark_read_mongo_dag.py:54} INFO - spark-submit stdout | 2025-12-02 11:14:09,708 INFO mongo_to_iceberg - JAR: /opt/***/jars/hadoop-aws-3.3.4.jar exists=True size=962685
[2025-12-02T11:14:49.426+0000] {spark_read_mongo_dag.py:54} INFO - spark-submit stdout | 2025-12-02 11:14:09,710 INFO mongo_to_iceberg - JAR: /opt/***/jars/aws-java-sdk-bundle-1.12.772.jar exists=True size=388405806
[2025-12-02T11:14:49.427+0000] {spark_read_mongo_dag.py:54} INFO - spark-submit stdout | 2025-12-02 11:14:09,710 INFO mongo_to_iceberg - Mongo URI (masked): mongodb://172.168.168.206:27017/event-mesh
[2025-12-02T11:14:49.427+0000] {spark_read_mongo_dag.py:54} INFO - spark-submit stdout | 2025-12-02 11:14:09,710 INFO mongo_to_iceberg - Using Iceberg warehouse (must be s3a://): s3a://iceberg/
[2025-12-02T11:14:49.428+0000] {spark_read_mongo_dag.py:54} INFO - spark-submit stdout | 2025-12-02 11:14:09,710 INFO mongo_to_iceberg - S3 endpoint=http://minio:9000 path_style=true ssl_enabled=false
[2025-12-02T11:14:49.428+0000] {spark_read_mongo_dag.py:54} INFO - spark-submit stdout | 2025-12-02 11:14:09,710 INFO mongo_to_iceberg - Creating SparkSession...
[2025-12-02T11:14:49.429+0000] {spark_read_mongo_dag.py:54} INFO - spark-submit stdout | 2025-12-02 11:14:38,745 INFO mongo_to_iceberg - SparkSession created. Spark version=3.4.1
[2025-12-02T11:14:49.429+0000] {spark_read_mongo_dag.py:54} INFO - spark-submit stdout | 2025-12-02 11:14:43,202 INFO mongo_to_iceberg - spark.jars config=/opt/***/jars/mongo-spark-connector_2.12-10.1.1.jar,/opt/***/jars/bson-4.11.2.jar,/opt/***/jars/mongodb-driver-core-4.11.2.jar,/opt/***/jars/mongodb-driver-sync-4.11.2.jar,/opt/***/jars/iceberg-spark-runtime-3.5_2.12-1.5.2.jar,/opt/***/jars/hadoop-aws-3.3.4.jar,/opt/***/jars/aws-java-sdk-bundle-1.12.772.jar
[2025-12-02T11:14:49.430+0000] {spark_read_mongo_dag.py:54} INFO - spark-submit stdout | 2025-12-02 11:14:43,204 INFO mongo_to_iceberg - spark.mongodb.read.connection.uri=mongodb://172.168.168.206:27017/event-mesh
[2025-12-02T11:14:49.430+0000] {spark_read_mongo_dag.py:54} INFO - spark-submit stdout | 2025-12-02 11:14:43,205 INFO mongo_to_iceberg - spark.sql.catalog.iceberg_catalog.warehouse=s3a://iceberg/
[2025-12-02T11:14:49.431+0000] {spark_read_mongo_dag.py:54} INFO - spark-submit stdout | 2025-12-02 11:14:43,205 INFO mongo_to_iceberg - Starting read from MongoDB collection event-mesh.
[2025-12-02T11:14:49.431+0000] {spark_read_mongo_dag.py:54} INFO - spark-submit stdout | 2025-12-02 11:14:48,290 ERROR mongo_to_iceberg - Exception during job: state should be: collectionName is not empty
[2025-12-02T11:14:49.432+0000] {spark_read_mongo_dag.py:54} INFO - spark-submit stdout | 2025-12-02 11:14:48,491 ERROR mongo_to_iceberg - Traceback:
[2025-12-02T11:14:49.433+0000] {spark_read_mongo_dag.py:54} INFO - spark-submit stdout | Traceback (most recent call last):
[2025-12-02T11:14:49.433+0000] {spark_read_mongo_dag.py:54} INFO - spark-submit stdout |   File "/opt/***/spark_jobs/mongo_pyspark.py", line 296, in main
[2025-12-02T11:14:49.434+0000] {spark_read_mongo_dag.py:54} INFO - spark-submit stdout |     spark.read
[2025-12-02T11:14:49.434+0000] {spark_read_mongo_dag.py:54} INFO - spark-submit stdout |   File "/opt/spark/spark-3.4.1-bin-hadoop3/python/lib/pyspark.zip/pyspark/sql/readwriter.py", line 307, in load
[2025-12-02T11:14:49.435+0000] {spark_read_mongo_dag.py:54} INFO - spark-submit stdout |     return self._df(self._jreader.load())
[2025-12-02T11:14:49.435+0000] {spark_read_mongo_dag.py:54} INFO - spark-submit stdout |   File "/opt/spark/spark-3.4.1-bin-hadoop3/python/lib/py4j-0.10.9.7-src.zip/py4j/java_gateway.py", line 1322, in __call__
[2025-12-02T11:14:49.436+0000] {spark_read_mongo_dag.py:54} INFO - spark-submit stdout |     return_value = get_return_value(
[2025-12-02T11:14:49.436+0000] {spark_read_mongo_dag.py:54} INFO - spark-submit stdout |   File "/opt/spark/spark-3.4.1-bin-hadoop3/python/lib/pyspark.zip/pyspark/errors/exceptions/captured.py", line 175, in deco
[2025-12-02T11:14:49.437+0000] {spark_read_mongo_dag.py:54} INFO - spark-submit stdout |     raise converted from None
[2025-12-02T11:14:49.438+0000] {spark_read_mongo_dag.py:54} INFO - spark-submit stdout | pyspark.errors.exceptions.captured.IllegalArgumentException: state should be: collectionName is not empty
[2025-12-02T11:14:49.438+0000] {spark_read_mongo_dag.py:54} INFO - spark-submit stdout | 
[2025-12-02T11:14:49.439+0000] {spark_read_mongo_dag.py:54} INFO - spark-submit stdout | 2025-12-02 11:14:48,491 ERROR mongo_to_iceberg - HINTS: - Ensure Mongo credentials are correct and authSource is right.
[2025-12-02T11:14:49.439+0000] {spark_read_mongo_dag.py:54} INFO - spark-submit stdout | 2025-12-02 11:14:48,491 ERROR mongo_to_iceberg -        - Verify mongo container user/password (MONGO_INITDB_ROOT_USERNAME/PASSWORD).
[2025-12-02T11:14:49.440+0000] {spark_read_mongo_dag.py:54} INFO - spark-submit stdout | 2025-12-02 11:14:48,491 ERROR mongo_to_iceberg -        - If using networked services, ensure 'mongo' and 'minio' hostnames resolve from Spark executors.
[2025-12-02T11:14:49.440+0000] {spark_read_mongo_dag.py:54} INFO - spark-submit stdout | 2025-12-02 11:14:48,491 ERROR mongo_to_iceberg -        - Ensure ICEBERG_WAREHOUSE uses s3a:// and that hadoop-aws + aws-java-sdk jars are present.
[2025-12-02T11:14:49.441+0000] {spark_read_mongo_dag.py:54} INFO - spark-submit stdout | Traceback (most recent call last):
[2025-12-02T11:14:49.442+0000] {spark_read_mongo_dag.py:54} INFO - spark-submit stdout |   File "/opt/***/spark_jobs/mongo_pyspark.py", line 413, in <module>
[2025-12-02T11:14:49.442+0000] {spark_read_mongo_dag.py:54} INFO - spark-submit stdout |     main()
[2025-12-02T11:14:49.443+0000] {spark_read_mongo_dag.py:54} INFO - spark-submit stdout |   File "/opt/***/spark_jobs/mongo_pyspark.py", line 296, in main
[2025-12-02T11:14:49.443+0000] {spark_read_mongo_dag.py:54} INFO - spark-submit stdout |     spark.read
[2025-12-02T11:14:49.444+0000] {spark_read_mongo_dag.py:54} INFO - spark-submit stdout |   File "/opt/spark/spark-3.4.1-bin-hadoop3/python/lib/pyspark.zip/pyspark/sql/readwriter.py", line 307, in load
[2025-12-02T11:14:49.444+0000] {spark_read_mongo_dag.py:54} INFO - spark-submit stdout |   File "/opt/spark/spark-3.4.1-bin-hadoop3/python/lib/py4j-0.10.9.7-src.zip/py4j/java_gateway.py", line 1322, in __call__
[2025-12-02T11:14:49.445+0000] {spark_read_mongo_dag.py:54} INFO - spark-submit stdout |   File "/opt/spark/spark-3.4.1-bin-hadoop3/python/lib/pyspark.zip/pyspark/errors/exceptions/captured.py", line 175, in deco
[2025-12-02T11:14:49.445+0000] {spark_read_mongo_dag.py:54} INFO - spark-submit stdout | pyspark.errors.exceptions.captured.IllegalArgumentException: state should be: collectionName is not empty
[2025-12-02T11:14:49.446+0000] {spark_read_mongo_dag.py:54} INFO - spark-submit stdout | 2025-12-02 11:14:48,529 INFO py4j.clientserver - Closing down clientserver connection
[2025-12-02T11:14:49.446+0000] {spark_read_mongo_dag.py:57} ERROR - spark-submit stderr | 25/12/02 11:14:07 WARN NativeCodeLoader: Unable to load native-hadoop library for your platform... using builtin-java classes where applicable
[2025-12-02T11:14:49.447+0000] {spark_read_mongo_dag.py:57} ERROR - spark-submit stderr | 25/12/02 11:14:10 INFO SparkContext: Running Spark version 3.4.1
[2025-12-02T11:14:49.447+0000] {spark_read_mongo_dag.py:57} ERROR - spark-submit stderr | 25/12/02 11:14:10 INFO ResourceUtils: ==============================================================
[2025-12-02T11:14:49.448+0000] {spark_read_mongo_dag.py:57} ERROR - spark-submit stderr | 25/12/02 11:14:10 INFO ResourceUtils: No custom resources configured for spark.driver.
[2025-12-02T11:14:49.448+0000] {spark_read_mongo_dag.py:57} ERROR - spark-submit stderr | 25/12/02 11:14:10 INFO ResourceUtils: ==============================================================
[2025-12-02T11:14:49.449+0000] {spark_read_mongo_dag.py:57} ERROR - spark-submit stderr | 25/12/02 11:14:10 INFO SparkContext: Submitted application: MongoToParquetToMinIO
[2025-12-02T11:14:49.449+0000] {spark_read_mongo_dag.py:57} ERROR - spark-submit stderr | 25/12/02 11:14:10 INFO ResourceProfile: Default ResourceProfile created, executor resources: Map(cores -> name: cores, amount: 1, script: , vendor: , memory -> name: memory, amount: 1024, script: , vendor: , offHeap -> name: offHeap, amount: 0, script: , vendor: ), task resources: Map(cpus -> name: cpus, amount: 1.0)
[2025-12-02T11:14:49.449+0000] {spark_read_mongo_dag.py:57} ERROR - spark-submit stderr | 25/12/02 11:14:10 INFO ResourceProfile: Limiting resource is cpu
[2025-12-02T11:14:49.450+0000] {spark_read_mongo_dag.py:57} ERROR - spark-submit stderr | 25/12/02 11:14:10 INFO ResourceProfileManager: Added ResourceProfile id: 0
[2025-12-02T11:14:49.450+0000] {spark_read_mongo_dag.py:57} ERROR - spark-submit stderr | 25/12/02 11:14:10 INFO SecurityManager: Changing view acls to: ***
[2025-12-02T11:14:49.451+0000] {spark_read_mongo_dag.py:57} ERROR - spark-submit stderr | 25/12/02 11:14:10 INFO SecurityManager: Changing modify acls to: ***
[2025-12-02T11:14:49.451+0000] {spark_read_mongo_dag.py:57} ERROR - spark-submit stderr | 25/12/02 11:14:10 INFO SecurityManager: Changing view acls groups to: 
[2025-12-02T11:14:49.452+0000] {spark_read_mongo_dag.py:57} ERROR - spark-submit stderr | 25/12/02 11:14:10 INFO SecurityManager: Changing modify acls groups to: 
[2025-12-02T11:14:49.452+0000] {spark_read_mongo_dag.py:57} ERROR - spark-submit stderr | 25/12/02 11:14:10 INFO SecurityManager: SecurityManager: authentication disabled; ui acls disabled; users with view permissions: ***; groups with view permissions: EMPTY; users with modify permissions: ***; groups with modify permissions: EMPTY
[2025-12-02T11:14:49.453+0000] {spark_read_mongo_dag.py:57} ERROR - spark-submit stderr | 25/12/02 11:14:10 INFO Utils: Successfully started service 'sparkDriver' on port 41613.
[2025-12-02T11:14:49.453+0000] {spark_read_mongo_dag.py:57} ERROR - spark-submit stderr | 25/12/02 11:14:10 INFO SparkEnv: Registering MapOutputTracker
[2025-12-02T11:14:49.454+0000] {spark_read_mongo_dag.py:57} ERROR - spark-submit stderr | 25/12/02 11:14:10 INFO SparkEnv: Registering BlockManagerMaster
[2025-12-02T11:14:49.454+0000] {spark_read_mongo_dag.py:57} ERROR - spark-submit stderr | 25/12/02 11:14:10 INFO BlockManagerMasterEndpoint: Using org.apache.spark.storage.DefaultTopologyMapper for getting topology information
[2025-12-02T11:14:49.455+0000] {spark_read_mongo_dag.py:57} ERROR - spark-submit stderr | 25/12/02 11:14:10 INFO BlockManagerMasterEndpoint: BlockManagerMasterEndpoint up
[2025-12-02T11:14:49.455+0000] {spark_read_mongo_dag.py:57} ERROR - spark-submit stderr | 25/12/02 11:14:11 INFO SparkEnv: Registering BlockManagerMasterHeartbeat
[2025-12-02T11:14:49.455+0000] {spark_read_mongo_dag.py:57} ERROR - spark-submit stderr | 25/12/02 11:14:11 INFO DiskBlockManager: Created local directory at /tmp/blockmgr-0e9a7deb-53e6-4a60-8763-259ea6fdabc9
[2025-12-02T11:14:49.456+0000] {spark_read_mongo_dag.py:57} ERROR - spark-submit stderr | 25/12/02 11:14:11 INFO MemoryStore: MemoryStore started with capacity 434.4 MiB
[2025-12-02T11:14:49.456+0000] {spark_read_mongo_dag.py:57} ERROR - spark-submit stderr | 25/12/02 11:14:11 INFO SparkEnv: Registering OutputCommitCoordinator
[2025-12-02T11:14:49.457+0000] {spark_read_mongo_dag.py:57} ERROR - spark-submit stderr | 25/12/02 11:14:11 INFO JettyUtils: Start Jetty 0.0.0.0:4040 for SparkUI
[2025-12-02T11:14:49.457+0000] {spark_read_mongo_dag.py:57} ERROR - spark-submit stderr | 25/12/02 11:14:11 INFO Utils: Successfully started service 'SparkUI' on port 4040.
[2025-12-02T11:14:49.458+0000] {spark_read_mongo_dag.py:57} ERROR - spark-submit stderr | 25/12/02 11:14:11 INFO SparkContext: Added JAR /opt/***/jars/mongo-spark-connector_2.12-10.1.1.jar at spark://f8453ad61174:41613/jars/mongo-spark-connector_2.12-10.1.1.jar with timestamp 1764674050407
[2025-12-02T11:14:49.458+0000] {spark_read_mongo_dag.py:57} ERROR - spark-submit stderr | 25/12/02 11:14:11 INFO SparkContext: Added JAR /opt/***/jars/bson-4.11.2.jar at spark://f8453ad61174:41613/jars/bson-4.11.2.jar with timestamp 1764674050407
[2025-12-02T11:14:49.459+0000] {spark_read_mongo_dag.py:57} ERROR - spark-submit stderr | 25/12/02 11:14:11 INFO SparkContext: Added JAR /opt/***/jars/mongodb-driver-core-4.11.2.jar at spark://f8453ad61174:41613/jars/mongodb-driver-core-4.11.2.jar with timestamp 1764674050407
[2025-12-02T11:14:49.459+0000] {spark_read_mongo_dag.py:57} ERROR - spark-submit stderr | 25/12/02 11:14:11 INFO SparkContext: Added JAR /opt/***/jars/mongodb-driver-sync-4.11.2.jar at spark://f8453ad61174:41613/jars/mongodb-driver-sync-4.11.2.jar with timestamp 1764674050407
[2025-12-02T11:14:49.460+0000] {spark_read_mongo_dag.py:57} ERROR - spark-submit stderr | 25/12/02 11:14:11 INFO SparkContext: Added JAR /opt/***/jars/iceberg-spark-runtime-3.5_2.12-1.5.2.jar at spark://f8453ad61174:41613/jars/iceberg-spark-runtime-3.5_2.12-1.5.2.jar with timestamp 1764674050407
[2025-12-02T11:14:49.460+0000] {spark_read_mongo_dag.py:57} ERROR - spark-submit stderr | 25/12/02 11:14:11 INFO SparkContext: Added JAR /opt/***/jars/hadoop-aws-3.3.4.jar at spark://f8453ad61174:41613/jars/hadoop-aws-3.3.4.jar with timestamp 1764674050407
[2025-12-02T11:14:49.461+0000] {spark_read_mongo_dag.py:57} ERROR - spark-submit stderr | 25/12/02 11:14:11 INFO SparkContext: Added JAR /opt/***/jars/aws-java-sdk-bundle-1.12.772.jar at spark://f8453ad61174:41613/jars/aws-java-sdk-bundle-1.12.772.jar with timestamp 1764674050407
[2025-12-02T11:14:49.462+0000] {spark_read_mongo_dag.py:57} ERROR - spark-submit stderr | 25/12/02 11:14:11 INFO Executor: Starting executor ID driver on host f8453ad61174
[2025-12-02T11:14:49.462+0000] {spark_read_mongo_dag.py:57} ERROR - spark-submit stderr | 25/12/02 11:14:11 INFO Executor: Starting executor with user classpath (userClassPathFirst = false): ''
[2025-12-02T11:14:49.462+0000] {spark_read_mongo_dag.py:57} ERROR - spark-submit stderr | 25/12/02 11:14:11 INFO Executor: Fetching spark://f8453ad61174:41613/jars/mongodb-driver-core-4.11.2.jar with timestamp 1764674050407
[2025-12-02T11:14:49.463+0000] {spark_read_mongo_dag.py:57} ERROR - spark-submit stderr | 25/12/02 11:14:11 INFO TransportClientFactory: Successfully created connection to f8453ad61174/172.19.0.8:41613 after 22 ms (0 ms spent in bootstraps)
[2025-12-02T11:14:49.463+0000] {spark_read_mongo_dag.py:57} ERROR - spark-submit stderr | 25/12/02 11:14:11 INFO Utils: Fetching spark://f8453ad61174:41613/jars/mongodb-driver-core-4.11.2.jar to /tmp/spark-9d102278-3411-42ed-92dc-889da4219694/userFiles-67e28a60-5ef1-44a4-b408-c75b905823bf/fetchFileTemp12476215982180035995.tmp
[2025-12-02T11:14:49.464+0000] {spark_read_mongo_dag.py:57} ERROR - spark-submit stderr | 25/12/02 11:14:11 INFO Executor: Adding file:/tmp/spark-9d102278-3411-42ed-92dc-889da4219694/userFiles-67e28a60-5ef1-44a4-b408-c75b905823bf/mongodb-driver-core-4.11.2.jar to class loader
[2025-12-02T11:14:49.464+0000] {spark_read_mongo_dag.py:57} ERROR - spark-submit stderr | 25/12/02 11:14:11 INFO Executor: Fetching spark://f8453ad61174:41613/jars/mongodb-driver-sync-4.11.2.jar with timestamp 1764674050407
[2025-12-02T11:14:49.465+0000] {spark_read_mongo_dag.py:57} ERROR - spark-submit stderr | 25/12/02 11:14:11 INFO Utils: Fetching spark://f8453ad61174:41613/jars/mongodb-driver-sync-4.11.2.jar to /tmp/spark-9d102278-3411-42ed-92dc-889da4219694/userFiles-67e28a60-5ef1-44a4-b408-c75b905823bf/fetchFileTemp6834701922529300825.tmp
[2025-12-02T11:14:49.465+0000] {spark_read_mongo_dag.py:57} ERROR - spark-submit stderr | 25/12/02 11:14:11 INFO Executor: Adding file:/tmp/spark-9d102278-3411-42ed-92dc-889da4219694/userFiles-67e28a60-5ef1-44a4-b408-c75b905823bf/mongodb-driver-sync-4.11.2.jar to class loader
[2025-12-02T11:14:49.466+0000] {spark_read_mongo_dag.py:57} ERROR - spark-submit stderr | 25/12/02 11:14:11 INFO Executor: Fetching spark://f8453ad61174:41613/jars/hadoop-aws-3.3.4.jar with timestamp 1764674050407
[2025-12-02T11:14:49.466+0000] {spark_read_mongo_dag.py:57} ERROR - spark-submit stderr | 25/12/02 11:14:11 INFO Utils: Fetching spark://f8453ad61174:41613/jars/hadoop-aws-3.3.4.jar to /tmp/spark-9d102278-3411-42ed-92dc-889da4219694/userFiles-67e28a60-5ef1-44a4-b408-c75b905823bf/fetchFileTemp11443023308291531117.tmp
[2025-12-02T11:14:49.467+0000] {spark_read_mongo_dag.py:57} ERROR - spark-submit stderr | 25/12/02 11:14:11 INFO Executor: Adding file:/tmp/spark-9d102278-3411-42ed-92dc-889da4219694/userFiles-67e28a60-5ef1-44a4-b408-c75b905823bf/hadoop-aws-3.3.4.jar to class loader
[2025-12-02T11:14:49.467+0000] {spark_read_mongo_dag.py:57} ERROR - spark-submit stderr | 25/12/02 11:14:11 INFO Executor: Fetching spark://f8453ad61174:41613/jars/iceberg-spark-runtime-3.5_2.12-1.5.2.jar with timestamp 1764674050407
[2025-12-02T11:14:49.468+0000] {spark_read_mongo_dag.py:57} ERROR - spark-submit stderr | 25/12/02 11:14:11 INFO Utils: Fetching spark://f8453ad61174:41613/jars/iceberg-spark-runtime-3.5_2.12-1.5.2.jar to /tmp/spark-9d102278-3411-42ed-92dc-889da4219694/userFiles-67e28a60-5ef1-44a4-b408-c75b905823bf/fetchFileTemp2082481241323746376.tmp
[2025-12-02T11:14:49.468+0000] {spark_read_mongo_dag.py:57} ERROR - spark-submit stderr | 25/12/02 11:14:12 INFO Executor: Adding file:/tmp/spark-9d102278-3411-42ed-92dc-889da4219694/userFiles-67e28a60-5ef1-44a4-b408-c75b905823bf/iceberg-spark-runtime-3.5_2.12-1.5.2.jar to class loader
[2025-12-02T11:14:49.469+0000] {spark_read_mongo_dag.py:57} ERROR - spark-submit stderr | 25/12/02 11:14:12 INFO Executor: Fetching spark://f8453ad61174:41613/jars/bson-4.11.2.jar with timestamp 1764674050407
[2025-12-02T11:14:49.469+0000] {spark_read_mongo_dag.py:57} ERROR - spark-submit stderr | 25/12/02 11:14:12 INFO Utils: Fetching spark://f8453ad61174:41613/jars/bson-4.11.2.jar to /tmp/spark-9d102278-3411-42ed-92dc-889da4219694/userFiles-67e28a60-5ef1-44a4-b408-c75b905823bf/fetchFileTemp3771035057621600861.tmp
[2025-12-02T11:14:49.470+0000] {spark_read_mongo_dag.py:57} ERROR - spark-submit stderr | 25/12/02 11:14:12 INFO Executor: Adding file:/tmp/spark-9d102278-3411-42ed-92dc-889da4219694/userFiles-67e28a60-5ef1-44a4-b408-c75b905823bf/bson-4.11.2.jar to class loader
[2025-12-02T11:14:49.470+0000] {spark_read_mongo_dag.py:57} ERROR - spark-submit stderr | 25/12/02 11:14:12 INFO Executor: Fetching spark://f8453ad61174:41613/jars/mongo-spark-connector_2.12-10.1.1.jar with timestamp 1764674050407
[2025-12-02T11:14:49.471+0000] {spark_read_mongo_dag.py:57} ERROR - spark-submit stderr | 25/12/02 11:14:12 INFO Utils: Fetching spark://f8453ad61174:41613/jars/mongo-spark-connector_2.12-10.1.1.jar to /tmp/spark-9d102278-3411-42ed-92dc-889da4219694/userFiles-67e28a60-5ef1-44a4-b408-c75b905823bf/fetchFileTemp13927087624460785583.tmp
[2025-12-02T11:14:49.471+0000] {spark_read_mongo_dag.py:57} ERROR - spark-submit stderr | 25/12/02 11:14:12 INFO Executor: Adding file:/tmp/spark-9d102278-3411-42ed-92dc-889da4219694/userFiles-67e28a60-5ef1-44a4-b408-c75b905823bf/mongo-spark-connector_2.12-10.1.1.jar to class loader
[2025-12-02T11:14:49.472+0000] {spark_read_mongo_dag.py:57} ERROR - spark-submit stderr | 25/12/02 11:14:12 INFO Executor: Fetching spark://f8453ad61174:41613/jars/aws-java-sdk-bundle-1.12.772.jar with timestamp 1764674050407
[2025-12-02T11:14:49.472+0000] {spark_read_mongo_dag.py:57} ERROR - spark-submit stderr | 25/12/02 11:14:12 INFO Utils: Fetching spark://f8453ad61174:41613/jars/aws-java-sdk-bundle-1.12.772.jar to /tmp/spark-9d102278-3411-42ed-92dc-889da4219694/userFiles-67e28a60-5ef1-44a4-b408-c75b905823bf/fetchFileTemp2745828664069282541.tmp
[2025-12-02T11:14:49.473+0000] {spark_read_mongo_dag.py:57} ERROR - spark-submit stderr | 25/12/02 11:14:29 INFO Executor: Told to re-register on heartbeat
[2025-12-02T11:14:49.473+0000] {spark_read_mongo_dag.py:57} ERROR - spark-submit stderr | 25/12/02 11:14:29 INFO BlockManager: BlockManager null re-registering with master
[2025-12-02T11:14:49.474+0000] {spark_read_mongo_dag.py:57} ERROR - spark-submit stderr | 25/12/02 11:14:29 INFO BlockManagerMaster: Registering BlockManager null
[2025-12-02T11:14:49.474+0000] {spark_read_mongo_dag.py:57} ERROR - spark-submit stderr | 25/12/02 11:14:29 WARN Executor: Issue communicating with driver in heartbeater
[2025-12-02T11:14:49.475+0000] {spark_read_mongo_dag.py:57} ERROR - spark-submit stderr | org.apache.spark.SparkException: Exception thrown in awaitResult: 
[2025-12-02T11:14:49.475+0000] {spark_read_mongo_dag.py:57} ERROR - spark-submit stderr | 	at org.apache.spark.util.ThreadUtils$.awaitResult(ThreadUtils.scala:322)
[2025-12-02T11:14:49.476+0000] {spark_read_mongo_dag.py:57} ERROR - spark-submit stderr | 	at org.apache.spark.rpc.RpcTimeout.awaitResult(RpcTimeout.scala:75)
[2025-12-02T11:14:49.476+0000] {spark_read_mongo_dag.py:57} ERROR - spark-submit stderr | 	at org.apache.spark.rpc.RpcEndpointRef.askSync(RpcEndpointRef.scala:101)
[2025-12-02T11:14:49.476+0000] {spark_read_mongo_dag.py:57} ERROR - spark-submit stderr | 	at org.apache.spark.rpc.RpcEndpointRef.askSync(RpcEndpointRef.scala:85)
[2025-12-02T11:14:49.477+0000] {spark_read_mongo_dag.py:57} ERROR - spark-submit stderr | 	at org.apache.spark.storage.BlockManagerMaster.registerBlockManager(BlockManagerMaster.scala:80)
[2025-12-02T11:14:49.477+0000] {spark_read_mongo_dag.py:57} ERROR - spark-submit stderr | 	at org.apache.spark.storage.BlockManager.reregister(BlockManager.scala:641)
[2025-12-02T11:14:49.478+0000] {spark_read_mongo_dag.py:57} ERROR - spark-submit stderr | 	at org.apache.spark.executor.Executor.reportHeartBeat(Executor.scala:1111)
[2025-12-02T11:14:49.482+0000] {spark_read_mongo_dag.py:57} ERROR - spark-submit stderr | 	at org.apache.spark.executor.Executor.$anonfun$heartbeater$1(Executor.scala:244)
[2025-12-02T11:14:49.482+0000] {spark_read_mongo_dag.py:57} ERROR - spark-submit stderr | 	at scala.runtime.java8.JFunction0$mcV$sp.apply(JFunction0$mcV$sp.java:23)
[2025-12-02T11:14:49.483+0000] {spark_read_mongo_dag.py:57} ERROR - spark-submit stderr | 	at org.apache.spark.util.Utils$.logUncaughtExceptions(Utils.scala:2088)
[2025-12-02T11:14:49.485+0000] {spark_read_mongo_dag.py:57} ERROR - spark-submit stderr | 	at org.apache.spark.Heartbeater$$anon$1.run(Heartbeater.scala:46)
[2025-12-02T11:14:49.486+0000] {spark_read_mongo_dag.py:57} ERROR - spark-submit stderr | 	at java.base/java.util.concurrent.Executors$RunnableAdapter.call(Executors.java:539)
[2025-12-02T11:14:49.487+0000] {spark_read_mongo_dag.py:57} ERROR - spark-submit stderr | 	at java.base/java.util.concurrent.FutureTask.runAndReset(FutureTask.java:305)
[2025-12-02T11:14:49.487+0000] {spark_read_mongo_dag.py:57} ERROR - spark-submit stderr | 	at java.base/java.util.concurrent.ScheduledThreadPoolExecutor$ScheduledFutureTask.run(ScheduledThreadPoolExecutor.java:305)
[2025-12-02T11:14:49.488+0000] {spark_read_mongo_dag.py:57} ERROR - spark-submit stderr | 	at java.base/java.util.concurrent.ThreadPoolExecutor.runWorker(ThreadPoolExecutor.java:1136)
[2025-12-02T11:14:49.488+0000] {spark_read_mongo_dag.py:57} ERROR - spark-submit stderr | 	at java.base/java.util.concurrent.ThreadPoolExecutor$Worker.run(ThreadPoolExecutor.java:635)
[2025-12-02T11:14:49.489+0000] {spark_read_mongo_dag.py:57} ERROR - spark-submit stderr | 	at java.base/java.lang.Thread.run(Thread.java:840)
[2025-12-02T11:14:49.489+0000] {spark_read_mongo_dag.py:57} ERROR - spark-submit stderr | Caused by: java.lang.NullPointerException: Cannot invoke "org.apache.spark.storage.BlockManagerId.executorId()" because "idWithoutTopologyInfo" is null
[2025-12-02T11:14:49.490+0000] {spark_read_mongo_dag.py:57} ERROR - spark-submit stderr | 	at org.apache.spark.storage.BlockManagerMasterEndpoint.org$apache$spark$storage$BlockManagerMasterEndpoint$$register(BlockManagerMasterEndpoint.scala:600)
[2025-12-02T11:14:49.490+0000] {spark_read_mongo_dag.py:57} ERROR - spark-submit stderr | 	at org.apache.spark.storage.BlockManagerMasterEndpoint$$anonfun$receiveAndReply$1.applyOrElse(BlockManagerMasterEndpoint.scala:123)
[2025-12-02T11:14:49.491+0000] {spark_read_mongo_dag.py:57} ERROR - spark-submit stderr | 	at org.apache.spark.rpc.netty.Inbox.$anonfun$process$1(Inbox.scala:103)
[2025-12-02T11:14:49.491+0000] {spark_read_mongo_dag.py:57} ERROR - spark-submit stderr | 	at org.apache.spark.rpc.netty.Inbox.safelyCall(Inbox.scala:213)
[2025-12-02T11:14:49.492+0000] {spark_read_mongo_dag.py:57} ERROR - spark-submit stderr | 	at org.apache.spark.rpc.netty.Inbox.process(Inbox.scala:100)
[2025-12-02T11:14:49.492+0000] {spark_read_mongo_dag.py:57} ERROR - spark-submit stderr | 	at org.apache.spark.rpc.netty.MessageLoop.org$apache$spark$rpc$netty$MessageLoop$$receiveLoop(MessageLoop.scala:75)
[2025-12-02T11:14:49.493+0000] {spark_read_mongo_dag.py:57} ERROR - spark-submit stderr | 	at org.apache.spark.rpc.netty.MessageLoop$$anon$1.run(MessageLoop.scala:41)
[2025-12-02T11:14:49.493+0000] {spark_read_mongo_dag.py:57} ERROR - spark-submit stderr | 	... 3 more
[2025-12-02T11:14:49.493+0000] {spark_read_mongo_dag.py:57} ERROR - spark-submit stderr | 25/12/02 11:14:29 ERROR Inbox: Ignoring error
[2025-12-02T11:14:49.494+0000] {spark_read_mongo_dag.py:57} ERROR - spark-submit stderr | java.lang.NullPointerException: Cannot invoke "org.apache.spark.storage.BlockManagerId.executorId()" because "idWithoutTopologyInfo" is null
[2025-12-02T11:14:49.495+0000] {spark_read_mongo_dag.py:57} ERROR - spark-submit stderr | 	at org.apache.spark.storage.BlockManagerMasterEndpoint.org$apache$spark$storage$BlockManagerMasterEndpoint$$register(BlockManagerMasterEndpoint.scala:600)
[2025-12-02T11:14:49.495+0000] {spark_read_mongo_dag.py:57} ERROR - spark-submit stderr | 	at org.apache.spark.storage.BlockManagerMasterEndpoint$$anonfun$receiveAndReply$1.applyOrElse(BlockManagerMasterEndpoint.scala:123)
[2025-12-02T11:14:49.496+0000] {spark_read_mongo_dag.py:57} ERROR - spark-submit stderr | 	at org.apache.spark.rpc.netty.Inbox.$anonfun$process$1(Inbox.scala:103)
[2025-12-02T11:14:49.496+0000] {spark_read_mongo_dag.py:57} ERROR - spark-submit stderr | 	at org.apache.spark.rpc.netty.Inbox.safelyCall(Inbox.scala:213)
[2025-12-02T11:14:49.497+0000] {spark_read_mongo_dag.py:57} ERROR - spark-submit stderr | 	at org.apache.spark.rpc.netty.Inbox.process(Inbox.scala:100)
[2025-12-02T11:14:49.497+0000] {spark_read_mongo_dag.py:57} ERROR - spark-submit stderr | 	at org.apache.spark.rpc.netty.MessageLoop.org$apache$spark$rpc$netty$MessageLoop$$receiveLoop(MessageLoop.scala:75)
[2025-12-02T11:14:49.498+0000] {spark_read_mongo_dag.py:57} ERROR - spark-submit stderr | 	at org.apache.spark.rpc.netty.MessageLoop$$anon$1.run(MessageLoop.scala:41)
[2025-12-02T11:14:49.498+0000] {spark_read_mongo_dag.py:57} ERROR - spark-submit stderr | 	at java.base/java.util.concurrent.ThreadPoolExecutor.runWorker(ThreadPoolExecutor.java:1136)
[2025-12-02T11:14:49.498+0000] {spark_read_mongo_dag.py:57} ERROR - spark-submit stderr | 	at java.base/java.util.concurrent.ThreadPoolExecutor$Worker.run(ThreadPoolExecutor.java:635)
[2025-12-02T11:14:49.499+0000] {spark_read_mongo_dag.py:57} ERROR - spark-submit stderr | 	at java.base/java.lang.Thread.run(Thread.java:840)
[2025-12-02T11:14:49.499+0000] {spark_read_mongo_dag.py:57} ERROR - spark-submit stderr | 25/12/02 11:14:35 INFO Executor: Adding file:/tmp/spark-9d102278-3411-42ed-92dc-889da4219694/userFiles-67e28a60-5ef1-44a4-b408-c75b905823bf/aws-java-sdk-bundle-1.12.772.jar to class loader
[2025-12-02T11:14:49.499+0000] {spark_read_mongo_dag.py:57} ERROR - spark-submit stderr | 25/12/02 11:14:35 INFO Utils: Successfully started service 'org.apache.spark.network.netty.NettyBlockTransferService' on port 44575.
[2025-12-02T11:14:49.500+0000] {spark_read_mongo_dag.py:57} ERROR - spark-submit stderr | 25/12/02 11:14:35 INFO NettyBlockTransferService: Server created on f8453ad61174:44575
[2025-12-02T11:14:49.500+0000] {spark_read_mongo_dag.py:57} ERROR - spark-submit stderr | 25/12/02 11:14:35 INFO BlockManager: Using org.apache.spark.storage.RandomBlockReplicationPolicy for block replication policy
[2025-12-02T11:14:49.500+0000] {spark_read_mongo_dag.py:57} ERROR - spark-submit stderr | 25/12/02 11:14:35 INFO BlockManagerMaster: Registering BlockManager BlockManagerId(driver, f8453ad61174, 44575, None)
[2025-12-02T11:14:49.501+0000] {spark_read_mongo_dag.py:57} ERROR - spark-submit stderr | 25/12/02 11:14:35 INFO BlockManagerMasterEndpoint: Registering block manager f8453ad61174:44575 with 434.4 MiB RAM, BlockManagerId(driver, f8453ad61174, 44575, None)
[2025-12-02T11:14:49.501+0000] {spark_read_mongo_dag.py:57} ERROR - spark-submit stderr | 25/12/02 11:14:35 INFO BlockManagerMaster: Registered BlockManager BlockManagerId(driver, f8453ad61174, 44575, None)
[2025-12-02T11:14:49.501+0000] {spark_read_mongo_dag.py:57} ERROR - spark-submit stderr | 25/12/02 11:14:35 INFO BlockManager: Initialized BlockManager: BlockManagerId(driver, f8453ad61174, 44575, None)
[2025-12-02T11:14:49.501+0000] {spark_read_mongo_dag.py:57} ERROR - spark-submit stderr | 25/12/02 11:14:38 INFO SharedState: Setting hive.metastore.warehouse.dir ('null') to the value of spark.sql.warehouse.dir.
[2025-12-02T11:14:49.502+0000] {spark_read_mongo_dag.py:57} ERROR - spark-submit stderr | 25/12/02 11:14:38 INFO SharedState: Warehouse path is 'file:/opt/***/spark-warehouse'.
[2025-12-02T11:14:49.502+0000] {spark_read_mongo_dag.py:57} ERROR - spark-submit stderr | 25/12/02 11:14:48 INFO client: MongoClient with metadata {"driver": {"name": "mongo-java-driver|sync|mongo-spark-connector|source", "version": "4.11.2|10.1.1"}, "os": {"type": "Linux", "name": "Linux", "architecture": "amd64", "version": "6.6.87.2-microsoft-standard-WSL2"}, "platform": "Java/Debian/17.0.17+10-Debian-1deb12u1|Scala/2.12.17/Spark/3.4.1"} created with settings MongoClientSettings{readPreference=primary, writeConcern=WriteConcern{w=null, wTimeout=null ms, journal=null}, retryWrites=true, retryReads=true, readConcern=ReadConcern{level=null}, credential=null, transportSettings=null, streamFactoryFactory=null, commandListeners=[], codecRegistry=ProvidersCodecRegistry{codecProviders=[ValueCodecProvider{}, BsonValueCodecProvider{}, DBRefCodecProvider{}, DBObjectCodecProvider{}, DocumentCodecProvider{}, CollectionCodecProvider{}, IterableCodecProvider{}, MapCodecProvider{}, GeoJsonCodecProvider{}, GridFSFileCodecProvider{}, Jsr310CodecProvider{}, JsonObjectCodecProvider{}, BsonCodecProvider{}, EnumCodecProvider{}, com.mongodb.client.model.mql.ExpressionCodecProvider@c8484af, com.mongodb.Jep395RecordCodecProvider@2743cbf3, com.mongodb.KotlinCodecProvider@2724d8d2]}, loggerSettings=LoggerSettings{maxDocumentLength=1000}, clusterSettings={hosts=[172.168.168.206:27017], srvServiceName=mongodb, mode=SINGLE, requiredClusterType=UNKNOWN, requiredReplicaSetName='null', serverSelector='null', clusterListeners='[]', serverSelectionTimeout='30000 ms', localThreshold='15 ms'}, socketSettings=SocketSettings{connectTimeoutMS=10000, readTimeoutMS=0, receiveBufferSize=0, proxySettings=ProxySettings{host=null, port=null, username=null, password=null}}, heartbeatSocketSettings=SocketSettings{connectTimeoutMS=10000, readTimeoutMS=10000, receiveBufferSize=0, proxySettings=ProxySettings{host=null, port=null, username=null, password=null}}, connectionPoolSettings=ConnectionPoolSettings{maxSize=100, minSize=0, maxWaitTimeMS=120000, maxConnectionLifeTimeMS=0, maxConnectionIdleTimeMS=0, maintenanceInitialDelayMS=0, maintenanceFrequencyMS=60000, connectionPoolListeners=[], maxConnecting=2}, serverSettings=ServerSettings{heartbeatFrequencyMS=10000, minHeartbeatFrequencyMS=500, serverListeners='[]', serverMonitorListeners='[]'}, sslSettings=SslSettings{enabled=false, invalidHostNameAllowed=false, context=null}, applicationName='null', compressorList=[], uuidRepresentation=UNSPECIFIED, serverApi=null, autoEncryptionSettings=null, dnsClient=null, inetAddressResolver=null, contextProvider=null}
[2025-12-02T11:14:49.502+0000] {spark_read_mongo_dag.py:57} ERROR - spark-submit stderr | 25/12/02 11:14:48 INFO cluster: Monitor thread successfully connected to server with description ServerDescription{address=172.168.168.206:27017, type=STANDALONE, state=CONNECTED, ok=true, minWireVersion=0, maxWireVersion=21, maxDocumentSize=16777216, logicalSessionTimeoutMinutes=30, roundTripTimeNanos=38353617}
[2025-12-02T11:14:49.503+0000] {spark_read_mongo_dag.py:57} ERROR - spark-submit stderr | 25/12/02 11:14:48 INFO SparkContext: Invoking stop() from shutdown hook
[2025-12-02T11:14:49.503+0000] {spark_read_mongo_dag.py:57} ERROR - spark-submit stderr | 25/12/02 11:14:48 INFO SparkContext: SparkContext is stopping with exitCode 0.
[2025-12-02T11:14:49.503+0000] {spark_read_mongo_dag.py:57} ERROR - spark-submit stderr | 25/12/02 11:14:48 INFO SparkUI: Stopped Spark web UI at http://f8453ad61174:4040
[2025-12-02T11:14:49.504+0000] {spark_read_mongo_dag.py:57} ERROR - spark-submit stderr | 25/12/02 11:14:48 INFO MapOutputTrackerMasterEndpoint: MapOutputTrackerMasterEndpoint stopped!
[2025-12-02T11:14:49.504+0000] {spark_read_mongo_dag.py:57} ERROR - spark-submit stderr | 25/12/02 11:14:48 INFO MemoryStore: MemoryStore cleared
[2025-12-02T11:14:49.504+0000] {spark_read_mongo_dag.py:57} ERROR - spark-submit stderr | 25/12/02 11:14:48 INFO BlockManager: BlockManager stopped
[2025-12-02T11:14:49.504+0000] {spark_read_mongo_dag.py:57} ERROR - spark-submit stderr | 25/12/02 11:14:48 INFO BlockManagerMaster: BlockManagerMaster stopped
[2025-12-02T11:14:49.505+0000] {spark_read_mongo_dag.py:57} ERROR - spark-submit stderr | 25/12/02 11:14:48 INFO OutputCommitCoordinator$OutputCommitCoordinatorEndpoint: OutputCommitCoordinator stopped!
[2025-12-02T11:14:49.505+0000] {spark_read_mongo_dag.py:57} ERROR - spark-submit stderr | 25/12/02 11:14:48 INFO SparkContext: Successfully stopped SparkContext
[2025-12-02T11:14:49.505+0000] {spark_read_mongo_dag.py:57} ERROR - spark-submit stderr | 25/12/02 11:14:48 INFO ShutdownHookManager: Shutdown hook called
[2025-12-02T11:14:49.506+0000] {spark_read_mongo_dag.py:57} ERROR - spark-submit stderr | 25/12/02 11:14:48 INFO ShutdownHookManager: Deleting directory /tmp/spark-ee7332b8-7c77-4e9b-852f-4c9a0f3d6b4f
[2025-12-02T11:14:49.506+0000] {spark_read_mongo_dag.py:57} ERROR - spark-submit stderr | 25/12/02 11:14:48 INFO ShutdownHookManager: Deleting directory /tmp/spark-9d102278-3411-42ed-92dc-889da4219694
[2025-12-02T11:14:49.506+0000] {spark_read_mongo_dag.py:57} ERROR - spark-submit stderr | 25/12/02 11:14:48 INFO ShutdownHookManager: Deleting directory /tmp/spark-9d102278-3411-42ed-92dc-889da4219694/pyspark-7e9a4d5c-1dfc-46c9-af69-ea291f370815
[2025-12-02T11:14:49.509+0000] {spark_read_mongo_dag.py:63} ERROR - Exception in run_spark_job: spark-submit failed with exit 1
[2025-12-02T11:14:49.509+0000] {spark_read_mongo_dag.py:64} ERROR - Traceback:
Traceback (most recent call last):
  File "/opt/***/dags/spark_read_mongo_dag.py", line 59, in run_spark_job
    raise RuntimeError(f"spark-submit failed with exit {proc.returncode}")
RuntimeError: spark-submit failed with exit 1

[2025-12-02T11:14:49.509+0000] {taskinstance.py:441} INFO - ::group::Post task execution logs
[2025-12-02T11:14:49.510+0000] {taskinstance.py:2905} ERROR - Task failed with exception
Traceback (most recent call last):
  File "/home/airflow/.local/lib/python3.9/site-packages/airflow/models/taskinstance.py", line 465, in _execute_task
    result = _execute_callable(context=context, **execute_callable_kwargs)
  File "/home/airflow/.local/lib/python3.9/site-packages/airflow/models/taskinstance.py", line 432, in _execute_callable
    return execute_callable(context=context, **execute_callable_kwargs)
  File "/home/airflow/.local/lib/python3.9/site-packages/airflow/models/baseoperator.py", line 401, in wrapper
    return func(self, *args, **kwargs)
  File "/home/airflow/.local/lib/python3.9/site-packages/airflow/operators/python.py", line 235, in execute
    return_value = self.execute_callable()
  File "/home/airflow/.local/lib/python3.9/site-packages/airflow/operators/python.py", line 252, in execute_callable
    return self.python_callable(*self.op_args, **self.op_kwargs)
  File "/opt/airflow/dags/spark_read_mongo_dag.py", line 59, in run_spark_job
    raise RuntimeError(f"spark-submit failed with exit {proc.returncode}")
RuntimeError: spark-submit failed with exit 1
[2025-12-02T11:14:49.543+0000] {taskinstance.py:1206} INFO - Marking task as FAILED. dag_id=mongo_iceberg_dag, task_id=run_mongo_to_iceberg, run_id=manual__2025-12-02T11:13:59.026270+00:00, execution_date=20251202T111359, start_date=20251202T111401, end_date=20251202T111449
[2025-12-02T11:14:49.648+0000] {standard_task_runner.py:110} ERROR - Failed to execute job 18 for task run_mongo_to_iceberg (spark-submit failed with exit 1; 601)
[2025-12-02T11:14:49.717+0000] {local_task_job_runner.py:240} INFO - Task exited with return code 1
[2025-12-02T11:14:49.795+0000] {taskinstance.py:3503} INFO - 0 downstream tasks scheduled from follow-on schedule check
[2025-12-02T11:14:50.011+0000] {local_task_job_runner.py:222} INFO - ::endgroup::
