[2025-12-06T06:00:35.485+0000] {local_task_job_runner.py:120} INFO - ::group::Pre task execution logs
[2025-12-06T06:00:35.532+0000] {taskinstance.py:2076} INFO - Dependencies all met for dep_context=non-requeueable deps ti=<TaskInstance: mongo_iceberg_dremio_dag.run_mongo_to_iceberg manual__2025-12-06T06:00:34.643832+00:00 [queued]>
[2025-12-06T06:00:35.553+0000] {taskinstance.py:2076} INFO - Dependencies all met for dep_context=requeueable deps ti=<TaskInstance: mongo_iceberg_dremio_dag.run_mongo_to_iceberg manual__2025-12-06T06:00:34.643832+00:00 [queued]>
[2025-12-06T06:00:35.554+0000] {taskinstance.py:2306} INFO - Starting attempt 1 of 1
[2025-12-06T06:00:35.605+0000] {taskinstance.py:2330} INFO - Executing <Task(PythonOperator): run_mongo_to_iceberg> on 2025-12-06 06:00:34.643832+00:00
[2025-12-06T06:00:35.610+0000] {standard_task_runner.py:63} INFO - Started process 1295 to run task
[2025-12-06T06:00:35.615+0000] {standard_task_runner.py:90} INFO - Running: ['***', 'tasks', 'run', 'mongo_iceberg_dremio_dag', 'run_mongo_to_iceberg', 'manual__2025-12-06T06:00:34.643832+00:00', '--job-id', '33', '--raw', '--subdir', 'DAGS_FOLDER/spark_read_mongo_dag.py', '--cfg-path', '/tmp/tmpf8op361e']
[2025-12-06T06:00:35.619+0000] {standard_task_runner.py:91} INFO - Job 33: Subtask run_mongo_to_iceberg
[2025-12-06T06:00:35.719+0000] {task_command.py:426} INFO - Running <TaskInstance: mongo_iceberg_dremio_dag.run_mongo_to_iceberg manual__2025-12-06T06:00:34.643832+00:00 [running]> on host fa5351f36d22
[2025-12-06T06:00:35.887+0000] {taskinstance.py:2648} INFO - Exporting env vars: AIRFLOW_CTX_DAG_OWNER='deeku' AIRFLOW_CTX_DAG_ID='mongo_iceberg_dremio_dag' AIRFLOW_CTX_TASK_ID='run_mongo_to_iceberg' AIRFLOW_CTX_EXECUTION_DATE='2025-12-06T06:00:34.643832+00:00' AIRFLOW_CTX_TRY_NUMBER='1' AIRFLOW_CTX_DAG_RUN_ID='manual__2025-12-06T06:00:34.643832+00:00'
[2025-12-06T06:00:35.888+0000] {taskinstance.py:430} INFO - ::endgroup::
[2025-12-06T06:00:35.902+0000] {spark_read_mongo_dag.py:154} INFO - START run_spark_job
[2025-12-06T06:00:35.904+0000] {spark_read_mongo_dag.py:156} INFO - Checking path: /opt/***/spark_jobs/mongo_pyspark.py exists=True
[2025-12-06T06:00:35.905+0000] {spark_read_mongo_dag.py:156} INFO - Checking path: /opt/***/jars exists=True
[2025-12-06T06:00:35.907+0000] {spark_read_mongo_dag.py:161} INFO - Jar check: /opt/***/jars/mongo-spark-connector_2.12-10.1.1.jar exists=True size=156368
[2025-12-06T06:00:35.909+0000] {spark_read_mongo_dag.py:161} INFO - Jar check: /opt/***/jars/bson-4.11.2.jar exists=True size=511356
[2025-12-06T06:00:35.911+0000] {spark_read_mongo_dag.py:161} INFO - Jar check: /opt/***/jars/mongodb-driver-core-4.11.2.jar exists=True size=1670650
[2025-12-06T06:00:35.913+0000] {spark_read_mongo_dag.py:161} INFO - Jar check: /opt/***/jars/mongodb-driver-sync-4.11.2.jar exists=True size=151808
[2025-12-06T06:00:35.915+0000] {spark_read_mongo_dag.py:161} INFO - Jar check: /opt/***/jars/iceberg-spark-runtime-3.5_2.12-1.5.2.jar exists=True size=41604737
[2025-12-06T06:00:35.917+0000] {spark_read_mongo_dag.py:161} INFO - Jar check: /opt/***/jars/iceberg-nessie-1.5.2.jar exists=True size=44895
[2025-12-06T06:00:35.918+0000] {spark_read_mongo_dag.py:161} INFO - Jar check: /opt/***/jars/nessie-client-0.99.0.jar exists=True size=585165
[2025-12-06T06:00:35.920+0000] {spark_read_mongo_dag.py:161} INFO - Jar check: /opt/***/jars/nessie-spark-extensions-3.4_2.12-0.105.7.jar exists=True size=2294495
[2025-12-06T06:00:35.921+0000] {spark_read_mongo_dag.py:161} INFO - Jar check: /opt/***/jars/hadoop-aws-3.3.4.jar exists=True size=962685
[2025-12-06T06:00:35.923+0000] {spark_read_mongo_dag.py:161} INFO - Jar check: /opt/***/jars/aws-java-sdk-bundle-1.12.772.jar exists=True size=388405806
[2025-12-06T06:00:35.923+0000] {spark_read_mongo_dag.py:164} INFO - which spark-submit -> /home/***/.local/bin/spark-submit
[2025-12-06T06:00:35.924+0000] {spark_read_mongo_dag.py:174} INFO - ENV SPARK_HOME=/opt/spark/spark-3.4.1-bin-hadoop3 JAVA_HOME=/usr/lib/jvm/java-17-openjdk-amd64
[2025-12-06T06:00:35.924+0000] {spark_read_mongo_dag.py:175} INFO - Env PATH head: ['/opt/spark/spark-3.4.1-bin-hadoop3/bin', '/usr/lib/jvm/java-17-openjdk-amd64/bin', '/opt/spark/bin', '/usr/lib/jvm/java-17-openjdk-amd64/bin', '/root/bin']
[2025-12-06T06:00:35.924+0000] {spark_read_mongo_dag.py:178} INFO - Running command: spark-submit --jars /opt/***/jars/mongo-spark-connector_2.12-10.1.1.jar,/opt/***/jars/bson-4.11.2.jar,/opt/***/jars/mongodb-driver-core-4.11.2.jar,/opt/***/jars/mongodb-driver-sync-4.11.2.jar,/opt/***/jars/iceberg-spark-runtime-3.5_2.12-1.5.2.jar,/opt/***/jars/iceberg-nessie-1.5.2.jar,/opt/***/jars/nessie-client-0.99.0.jar,/opt/***/jars/nessie-spark-extensions-3.4_2.12-0.105.7.jar,/opt/***/jars/hadoop-aws-3.3.4.jar,/opt/***/jars/aws-java-sdk-bundle-1.12.772.jar /opt/***/spark_jobs/mongo_pyspark.py
[2025-12-06T06:00:51.692+0000] {spark_read_mongo_dag.py:180} INFO - Process finished. returncode=0
[2025-12-06T06:00:51.693+0000] {spark_read_mongo_dag.py:184} INFO - spark-submit stdout | 2025-12-06 06:00:39,120 INFO mongo_to_iceberg - START main at 2025-12-06 06:00:39
[2025-12-06T06:00:51.693+0000] {spark_read_mongo_dag.py:184} INFO - spark-submit stdout | 2025-12-06 06:00:39,120 INFO mongo_to_iceberg - Checking required JARs under /opt/***/jars
[2025-12-06T06:00:51.694+0000] {spark_read_mongo_dag.py:184} INFO - spark-submit stdout | 2025-12-06 06:00:39,123 INFO mongo_to_iceberg - JAR: /opt/***/jars/mongo-spark-connector_2.12-10.1.1.jar exists=True size=156368
[2025-12-06T06:00:51.694+0000] {spark_read_mongo_dag.py:184} INFO - spark-submit stdout | 2025-12-06 06:00:39,124 INFO mongo_to_iceberg - JAR: /opt/***/jars/bson-4.11.2.jar exists=True size=511356
[2025-12-06T06:00:51.695+0000] {spark_read_mongo_dag.py:184} INFO - spark-submit stdout | 2025-12-06 06:00:39,127 INFO mongo_to_iceberg - JAR: /opt/***/jars/mongodb-driver-core-4.11.2.jar exists=True size=1670650
[2025-12-06T06:00:51.695+0000] {spark_read_mongo_dag.py:184} INFO - spark-submit stdout | 2025-12-06 06:00:39,128 INFO mongo_to_iceberg - JAR: /opt/***/jars/mongodb-driver-sync-4.11.2.jar exists=True size=151808
[2025-12-06T06:00:51.695+0000] {spark_read_mongo_dag.py:184} INFO - spark-submit stdout | 2025-12-06 06:00:39,130 INFO mongo_to_iceberg - JAR: /opt/***/jars/iceberg-spark-runtime-3.5_2.12-1.5.2.jar exists=True size=41604737
[2025-12-06T06:00:51.696+0000] {spark_read_mongo_dag.py:184} INFO - spark-submit stdout | 2025-12-06 06:00:39,131 INFO mongo_to_iceberg - JAR: /opt/***/jars/iceberg-nessie-1.5.2.jar exists=True size=44895
[2025-12-06T06:00:51.696+0000] {spark_read_mongo_dag.py:184} INFO - spark-submit stdout | 2025-12-06 06:00:39,132 INFO mongo_to_iceberg - JAR: /opt/***/jars/nessie-client-0.99.0.jar exists=True size=585165
[2025-12-06T06:00:51.697+0000] {spark_read_mongo_dag.py:184} INFO - spark-submit stdout | 2025-12-06 06:00:39,134 INFO mongo_to_iceberg - JAR: /opt/***/jars/nessie-spark-extensions-3.4_2.12-0.105.7.jar exists=True size=2294495
[2025-12-06T06:00:51.697+0000] {spark_read_mongo_dag.py:184} INFO - spark-submit stdout | 2025-12-06 06:00:39,135 INFO mongo_to_iceberg - JAR: /opt/***/jars/hadoop-aws-3.3.4.jar exists=True size=962685
[2025-12-06T06:00:51.697+0000] {spark_read_mongo_dag.py:184} INFO - spark-submit stdout | 2025-12-06 06:00:39,136 INFO mongo_to_iceberg - JAR: /opt/***/jars/aws-java-sdk-bundle-1.12.772.jar exists=True size=388405806
[2025-12-06T06:00:51.698+0000] {spark_read_mongo_dag.py:184} INFO - spark-submit stdout | 2025-12-06 06:00:39,136 INFO mongo_to_iceberg - Mongo URI (masked): mongodb://172.168.168.206:27017/ai_segmentation.conversations
[2025-12-06T06:00:51.698+0000] {spark_read_mongo_dag.py:184} INFO - spark-submit stdout | 2025-12-06 06:00:39,136 INFO mongo_to_iceberg - Using Iceberg warehouse (must be s3a://): s3a://iceberg/
[2025-12-06T06:00:51.699+0000] {spark_read_mongo_dag.py:184} INFO - spark-submit stdout | 2025-12-06 06:00:39,136 INFO mongo_to_iceberg - S3 endpoint=http://minio:9000 path_style=true ssl_enabled=false
[2025-12-06T06:00:51.699+0000] {spark_read_mongo_dag.py:184} INFO - spark-submit stdout | 2025-12-06 06:00:39,136 INFO mongo_to_iceberg - Nessie URI=http://nessie:19120/api/v2/trees ref=main
[2025-12-06T06:00:51.699+0000] {spark_read_mongo_dag.py:184} INFO - spark-submit stdout | 2025-12-06 06:00:39,136 INFO mongo_to_iceberg - Creating SparkSession...
[2025-12-06T06:00:51.700+0000] {spark_read_mongo_dag.py:184} INFO - spark-submit stdout | 2025-12-06 06:00:44,131 INFO mongo_to_iceberg - SparkSession created. Spark version=3.4.1
[2025-12-06T06:00:51.700+0000] {spark_read_mongo_dag.py:184} INFO - spark-submit stdout | 2025-12-06 06:00:44,667 INFO mongo_to_iceberg - spark.jars config=/opt/***/jars/mongo-spark-connector_2.12-10.1.1.jar,/opt/***/jars/bson-4.11.2.jar,/opt/***/jars/mongodb-driver-core-4.11.2.jar,/opt/***/jars/mongodb-driver-sync-4.11.2.jar,/opt/***/jars/iceberg-spark-runtime-3.5_2.12-1.5.2.jar,/opt/***/jars/iceberg-nessie-1.5.2.jar,/opt/***/jars/nessie-client-0.99.0.jar,/opt/***/jars/nessie-spark-extensions-3.4_2.12-0.105.7.jar,/opt/***/jars/hadoop-aws-3.3.4.jar,/opt/***/jars/aws-java-sdk-bundle-1.12.772.jar
[2025-12-06T06:00:51.700+0000] {spark_read_mongo_dag.py:184} INFO - spark-submit stdout | 2025-12-06 06:00:44,668 INFO mongo_to_iceberg - spark.mongodb.read.connection.uri=mongodb://172.168.168.206:27017/ai_segmentation.conversations
[2025-12-06T06:00:51.701+0000] {spark_read_mongo_dag.py:184} INFO - spark-submit stdout | 2025-12-06 06:00:44,669 INFO mongo_to_iceberg - spark.sql.catalog.nessie.warehouse=s3a://iceberg/
[2025-12-06T06:00:51.701+0000] {spark_read_mongo_dag.py:184} INFO - spark-submit stdout | 2025-12-06 06:00:44,669 INFO mongo_to_iceberg - Starting read from MongoDB collection ai_segmentation.conversations
[2025-12-06T06:00:51.702+0000] {spark_read_mongo_dag.py:184} INFO - spark-submit stdout | 2025-12-06 06:00:46,647 INFO mongo_to_iceberg - Read succeeded. Counting rows (this may be slow)...
[2025-12-06T06:00:51.702+0000] {spark_read_mongo_dag.py:184} INFO - spark-submit stdout | 2025-12-06 06:00:47,455 WARNING mongo_to_iceberg - Failed to count rows; assuming 0. Error: URI doesn't end with the version: http://nessie:19120/api/v2/trees. Please configure `client-api-version` in the catalog properties explicitly.
[2025-12-06T06:00:51.702+0000] {spark_read_mongo_dag.py:184} INFO - spark-submit stdout | 2025-12-06 06:00:47,455 INFO mongo_to_iceberg - Rows read from MongoDB: 0
[2025-12-06T06:00:51.703+0000] {spark_read_mongo_dag.py:184} INFO - spark-submit stdout | 2025-12-06 06:00:47,455 INFO mongo_to_iceberg - Showing up to 5 rows:
[2025-12-06T06:00:51.703+0000] {spark_read_mongo_dag.py:184} INFO - spark-submit stdout | 2025-12-06 06:00:47,525 WARNING mongo_to_iceberg - Failed to take sample rows: URI doesn't end with the version: http://nessie:19120/api/v2/trees. Please configure `client-api-version` in the catalog properties explicitly.
[2025-12-06T06:00:51.703+0000] {spark_read_mongo_dag.py:184} INFO - spark-submit stdout | 2025-12-06 06:00:47,661 ERROR mongo_to_iceberg - Failed to print JSON rows: URI doesn't end with the version: http://nessie:19120/api/v2/trees. Please configure `client-api-version` in the catalog properties explicitly.
[2025-12-06T06:00:51.704+0000] {spark_read_mongo_dag.py:184} INFO - spark-submit stdout | 2025-12-06 06:00:47,661 INFO mongo_to_iceberg - Namespace: ai_segmentation, Table: conversations, Table ident: nessie.ai_segmentation.conversations
[2025-12-06T06:00:51.704+0000] {spark_read_mongo_dag.py:184} INFO - spark-submit stdout | 2025-12-06 06:00:47,661 INFO mongo_to_iceberg - Namespace location: s3a://iceberg/ai_segmentation
[2025-12-06T06:00:51.705+0000] {spark_read_mongo_dag.py:184} INFO - spark-submit stdout | 2025-12-06 06:00:47,661 INFO mongo_to_iceberg - Parquet target path (for fallback): s3a://iceberg/ai_segmentation/conversations/parquet/
[2025-12-06T06:00:51.705+0000] {spark_read_mongo_dag.py:184} INFO - spark-submit stdout | 2025-12-06 06:00:47,661 WARNING mongo_to_iceberg - DataFrame appears empty or has no columns (rows=0). Will write a job marker instead.
[2025-12-06T06:00:51.705+0000] {spark_read_mongo_dag.py:184} INFO - spark-submit stdout | 2025-12-06 06:00:50,654 WARNING mongo_to_iceberg - Failed to write job marker: URI doesn't end with the version: http://nessie:19120/api/v2/trees. Please configure `client-api-version` in the catalog properties explicitly.
[2025-12-06T06:00:51.706+0000] {spark_read_mongo_dag.py:184} INFO - spark-submit stdout | 2025-12-06 06:00:50,658 INFO mongo_to_iceberg - Writing CSV preview (limit=100) to s3a://iceberg/ai_segmentation/conversations/preview/
[2025-12-06T06:00:51.706+0000] {spark_read_mongo_dag.py:184} INFO - spark-submit stdout | 2025-12-06 06:00:50,738 WARNING mongo_to_iceberg - Failed to write CSV preview: URI doesn't end with the version: http://nessie:19120/api/v2/trees. Please configure `client-api-version` in the catalog properties explicitly.
[2025-12-06T06:00:51.706+0000] {spark_read_mongo_dag.py:184} INFO - spark-submit stdout | 2025-12-06 06:00:50,738 INFO mongo_to_iceberg - Verifying Iceberg table read via Spark SQL: SELECT count(*) FROM nessie.ai_segmentation.conversations
[2025-12-06T06:00:51.707+0000] {spark_read_mongo_dag.py:184} INFO - spark-submit stdout | 2025-12-06 06:00:50,859 WARNING mongo_to_iceberg - Failed to verify Iceberg table via SQL: URI doesn't end with the version: http://nessie:19120/api/v2/trees. Please configure `client-api-version` in the catalog properties explicitly.
[2025-12-06T06:00:51.707+0000] {spark_read_mongo_dag.py:184} INFO - spark-submit stdout | 2025-12-06 06:00:50,859 INFO mongo_to_iceberg - Stopping Spark.
[2025-12-06T06:00:51.707+0000] {spark_read_mongo_dag.py:184} INFO - spark-submit stdout | 2025-12-06 06:00:51,518 INFO mongo_to_iceberg - END main SUCCESS at 2025-12-06 06:00:51
[2025-12-06T06:00:51.708+0000] {spark_read_mongo_dag.py:184} INFO - spark-submit stdout | 2025-12-06 06:00:51,519 INFO py4j.clientserver - Closing down clientserver connection
[2025-12-06T06:00:51.708+0000] {spark_read_mongo_dag.py:188} ERROR - spark-submit stderr | 25/12/06 06:00:37 WARN NativeCodeLoader: Unable to load native-hadoop library for your platform... using builtin-java classes where applicable
[2025-12-06T06:00:51.709+0000] {spark_read_mongo_dag.py:188} ERROR - spark-submit stderr | 25/12/06 06:00:39 INFO SparkContext: Running Spark version 3.4.1
[2025-12-06T06:00:51.709+0000] {spark_read_mongo_dag.py:188} ERROR - spark-submit stderr | 25/12/06 06:00:39 INFO ResourceUtils: ==============================================================
[2025-12-06T06:00:51.710+0000] {spark_read_mongo_dag.py:188} ERROR - spark-submit stderr | 25/12/06 06:00:39 INFO ResourceUtils: No custom resources configured for spark.driver.
[2025-12-06T06:00:51.710+0000] {spark_read_mongo_dag.py:188} ERROR - spark-submit stderr | 25/12/06 06:00:39 INFO ResourceUtils: ==============================================================
[2025-12-06T06:00:51.710+0000] {spark_read_mongo_dag.py:188} ERROR - spark-submit stderr | 25/12/06 06:00:39 INFO SparkContext: Submitted application: MongoToIceberg
[2025-12-06T06:00:51.711+0000] {spark_read_mongo_dag.py:188} ERROR - spark-submit stderr | 25/12/06 06:00:39 INFO ResourceProfile: Default ResourceProfile created, executor resources: Map(cores -> name: cores, amount: 1, script: , vendor: , memory -> name: memory, amount: 1024, script: , vendor: , offHeap -> name: offHeap, amount: 0, script: , vendor: ), task resources: Map(cpus -> name: cpus, amount: 1.0)
[2025-12-06T06:00:51.711+0000] {spark_read_mongo_dag.py:188} ERROR - spark-submit stderr | 25/12/06 06:00:39 INFO ResourceProfile: Limiting resource is cpu
[2025-12-06T06:00:51.711+0000] {spark_read_mongo_dag.py:188} ERROR - spark-submit stderr | 25/12/06 06:00:39 INFO ResourceProfileManager: Added ResourceProfile id: 0
[2025-12-06T06:00:51.712+0000] {spark_read_mongo_dag.py:188} ERROR - spark-submit stderr | 25/12/06 06:00:39 INFO SecurityManager: Changing view acls to: ***
[2025-12-06T06:00:51.712+0000] {spark_read_mongo_dag.py:188} ERROR - spark-submit stderr | 25/12/06 06:00:39 INFO SecurityManager: Changing modify acls to: ***
[2025-12-06T06:00:51.712+0000] {spark_read_mongo_dag.py:188} ERROR - spark-submit stderr | 25/12/06 06:00:39 INFO SecurityManager: Changing view acls groups to: 
[2025-12-06T06:00:51.713+0000] {spark_read_mongo_dag.py:188} ERROR - spark-submit stderr | 25/12/06 06:00:39 INFO SecurityManager: Changing modify acls groups to: 
[2025-12-06T06:00:51.713+0000] {spark_read_mongo_dag.py:188} ERROR - spark-submit stderr | 25/12/06 06:00:39 INFO SecurityManager: SecurityManager: authentication disabled; ui acls disabled; users with view permissions: ***; groups with view permissions: EMPTY; users with modify permissions: ***; groups with modify permissions: EMPTY
[2025-12-06T06:00:51.713+0000] {spark_read_mongo_dag.py:188} ERROR - spark-submit stderr | 25/12/06 06:00:40 INFO Utils: Successfully started service 'sparkDriver' on port 44757.
[2025-12-06T06:00:51.714+0000] {spark_read_mongo_dag.py:188} ERROR - spark-submit stderr | 25/12/06 06:00:40 INFO SparkEnv: Registering MapOutputTracker
[2025-12-06T06:00:51.714+0000] {spark_read_mongo_dag.py:188} ERROR - spark-submit stderr | 25/12/06 06:00:40 INFO SparkEnv: Registering BlockManagerMaster
[2025-12-06T06:00:51.714+0000] {spark_read_mongo_dag.py:188} ERROR - spark-submit stderr | 25/12/06 06:00:40 INFO BlockManagerMasterEndpoint: Using org.apache.spark.storage.DefaultTopologyMapper for getting topology information
[2025-12-06T06:00:51.715+0000] {spark_read_mongo_dag.py:188} ERROR - spark-submit stderr | 25/12/06 06:00:40 INFO BlockManagerMasterEndpoint: BlockManagerMasterEndpoint up
[2025-12-06T06:00:51.715+0000] {spark_read_mongo_dag.py:188} ERROR - spark-submit stderr | 25/12/06 06:00:40 INFO SparkEnv: Registering BlockManagerMasterHeartbeat
[2025-12-06T06:00:51.715+0000] {spark_read_mongo_dag.py:188} ERROR - spark-submit stderr | 25/12/06 06:00:40 INFO DiskBlockManager: Created local directory at /tmp/blockmgr-ab698495-7e87-4929-83c4-2030e0c44479
[2025-12-06T06:00:51.716+0000] {spark_read_mongo_dag.py:188} ERROR - spark-submit stderr | 25/12/06 06:00:40 INFO MemoryStore: MemoryStore started with capacity 434.4 MiB
[2025-12-06T06:00:51.716+0000] {spark_read_mongo_dag.py:188} ERROR - spark-submit stderr | 25/12/06 06:00:40 INFO SparkEnv: Registering OutputCommitCoordinator
[2025-12-06T06:00:51.716+0000] {spark_read_mongo_dag.py:188} ERROR - spark-submit stderr | 25/12/06 06:00:40 INFO JettyUtils: Start Jetty 0.0.0.0:4040 for SparkUI
[2025-12-06T06:00:51.717+0000] {spark_read_mongo_dag.py:188} ERROR - spark-submit stderr | 25/12/06 06:00:40 INFO Utils: Successfully started service 'SparkUI' on port 4040.
[2025-12-06T06:00:51.717+0000] {spark_read_mongo_dag.py:188} ERROR - spark-submit stderr | 25/12/06 06:00:40 INFO SparkContext: Added JAR /opt/***/jars/mongo-spark-connector_2.12-10.1.1.jar at spark://fa5351f36d22:44757/jars/mongo-spark-connector_2.12-10.1.1.jar with timestamp 1765000839801
[2025-12-06T06:00:51.717+0000] {spark_read_mongo_dag.py:188} ERROR - spark-submit stderr | 25/12/06 06:00:40 INFO SparkContext: Added JAR /opt/***/jars/bson-4.11.2.jar at spark://fa5351f36d22:44757/jars/bson-4.11.2.jar with timestamp 1765000839801
[2025-12-06T06:00:51.718+0000] {spark_read_mongo_dag.py:188} ERROR - spark-submit stderr | 25/12/06 06:00:40 INFO SparkContext: Added JAR /opt/***/jars/mongodb-driver-core-4.11.2.jar at spark://fa5351f36d22:44757/jars/mongodb-driver-core-4.11.2.jar with timestamp 1765000839801
[2025-12-06T06:00:51.718+0000] {spark_read_mongo_dag.py:188} ERROR - spark-submit stderr | 25/12/06 06:00:40 INFO SparkContext: Added JAR /opt/***/jars/mongodb-driver-sync-4.11.2.jar at spark://fa5351f36d22:44757/jars/mongodb-driver-sync-4.11.2.jar with timestamp 1765000839801
[2025-12-06T06:00:51.718+0000] {spark_read_mongo_dag.py:188} ERROR - spark-submit stderr | 25/12/06 06:00:40 INFO SparkContext: Added JAR /opt/***/jars/iceberg-spark-runtime-3.5_2.12-1.5.2.jar at spark://fa5351f36d22:44757/jars/iceberg-spark-runtime-3.5_2.12-1.5.2.jar with timestamp 1765000839801
[2025-12-06T06:00:51.719+0000] {spark_read_mongo_dag.py:188} ERROR - spark-submit stderr | 25/12/06 06:00:40 INFO SparkContext: Added JAR /opt/***/jars/iceberg-nessie-1.5.2.jar at spark://fa5351f36d22:44757/jars/iceberg-nessie-1.5.2.jar with timestamp 1765000839801
[2025-12-06T06:00:51.719+0000] {spark_read_mongo_dag.py:188} ERROR - spark-submit stderr | 25/12/06 06:00:40 INFO SparkContext: Added JAR /opt/***/jars/nessie-client-0.99.0.jar at spark://fa5351f36d22:44757/jars/nessie-client-0.99.0.jar with timestamp 1765000839801
[2025-12-06T06:00:51.719+0000] {spark_read_mongo_dag.py:188} ERROR - spark-submit stderr | 25/12/06 06:00:40 INFO SparkContext: Added JAR /opt/***/jars/nessie-spark-extensions-3.4_2.12-0.105.7.jar at spark://fa5351f36d22:44757/jars/nessie-spark-extensions-3.4_2.12-0.105.7.jar with timestamp 1765000839801
[2025-12-06T06:00:51.720+0000] {spark_read_mongo_dag.py:188} ERROR - spark-submit stderr | 25/12/06 06:00:40 INFO SparkContext: Added JAR /opt/***/jars/hadoop-aws-3.3.4.jar at spark://fa5351f36d22:44757/jars/hadoop-aws-3.3.4.jar with timestamp 1765000839801
[2025-12-06T06:00:51.720+0000] {spark_read_mongo_dag.py:188} ERROR - spark-submit stderr | 25/12/06 06:00:40 INFO SparkContext: Added JAR /opt/***/jars/aws-java-sdk-bundle-1.12.772.jar at spark://fa5351f36d22:44757/jars/aws-java-sdk-bundle-1.12.772.jar with timestamp 1765000839801
[2025-12-06T06:00:51.720+0000] {spark_read_mongo_dag.py:188} ERROR - spark-submit stderr | 25/12/06 06:00:40 INFO Executor: Starting executor ID driver on host fa5351f36d22
[2025-12-06T06:00:51.721+0000] {spark_read_mongo_dag.py:188} ERROR - spark-submit stderr | 25/12/06 06:00:40 INFO Executor: Starting executor with user classpath (userClassPathFirst = false): ''
[2025-12-06T06:00:51.721+0000] {spark_read_mongo_dag.py:188} ERROR - spark-submit stderr | 25/12/06 06:00:40 INFO Executor: Fetching spark://fa5351f36d22:44757/jars/mongodb-driver-core-4.11.2.jar with timestamp 1765000839801
[2025-12-06T06:00:51.721+0000] {spark_read_mongo_dag.py:188} ERROR - spark-submit stderr | 25/12/06 06:00:40 INFO TransportClientFactory: Successfully created connection to fa5351f36d22/172.19.0.8:44757 after 22 ms (0 ms spent in bootstraps)
[2025-12-06T06:00:51.722+0000] {spark_read_mongo_dag.py:188} ERROR - spark-submit stderr | 25/12/06 06:00:40 INFO Utils: Fetching spark://fa5351f36d22:44757/jars/mongodb-driver-core-4.11.2.jar to /tmp/spark-b10c39f0-db90-469e-a37d-cb77a98f50a5/userFiles-e46c0686-815a-439e-827e-b8a338af9825/fetchFileTemp8292957744704054355.tmp
[2025-12-06T06:00:51.722+0000] {spark_read_mongo_dag.py:188} ERROR - spark-submit stderr | 25/12/06 06:00:40 INFO Executor: Adding file:/tmp/spark-b10c39f0-db90-469e-a37d-cb77a98f50a5/userFiles-e46c0686-815a-439e-827e-b8a338af9825/mongodb-driver-core-4.11.2.jar to class loader
[2025-12-06T06:00:51.722+0000] {spark_read_mongo_dag.py:188} ERROR - spark-submit stderr | 25/12/06 06:00:40 INFO Executor: Fetching spark://fa5351f36d22:44757/jars/mongodb-driver-sync-4.11.2.jar with timestamp 1765000839801
[2025-12-06T06:00:51.723+0000] {spark_read_mongo_dag.py:188} ERROR - spark-submit stderr | 25/12/06 06:00:40 INFO Utils: Fetching spark://fa5351f36d22:44757/jars/mongodb-driver-sync-4.11.2.jar to /tmp/spark-b10c39f0-db90-469e-a37d-cb77a98f50a5/userFiles-e46c0686-815a-439e-827e-b8a338af9825/fetchFileTemp17688459793807177791.tmp
[2025-12-06T06:00:51.723+0000] {spark_read_mongo_dag.py:188} ERROR - spark-submit stderr | 25/12/06 06:00:40 INFO Executor: Adding file:/tmp/spark-b10c39f0-db90-469e-a37d-cb77a98f50a5/userFiles-e46c0686-815a-439e-827e-b8a338af9825/mongodb-driver-sync-4.11.2.jar to class loader
[2025-12-06T06:00:51.724+0000] {spark_read_mongo_dag.py:188} ERROR - spark-submit stderr | 25/12/06 06:00:40 INFO Executor: Fetching spark://fa5351f36d22:44757/jars/hadoop-aws-3.3.4.jar with timestamp 1765000839801
[2025-12-06T06:00:51.724+0000] {spark_read_mongo_dag.py:188} ERROR - spark-submit stderr | 25/12/06 06:00:40 INFO Utils: Fetching spark://fa5351f36d22:44757/jars/hadoop-aws-3.3.4.jar to /tmp/spark-b10c39f0-db90-469e-a37d-cb77a98f50a5/userFiles-e46c0686-815a-439e-827e-b8a338af9825/fetchFileTemp4245225805354181681.tmp
[2025-12-06T06:00:51.725+0000] {spark_read_mongo_dag.py:188} ERROR - spark-submit stderr | 25/12/06 06:00:40 INFO Executor: Adding file:/tmp/spark-b10c39f0-db90-469e-a37d-cb77a98f50a5/userFiles-e46c0686-815a-439e-827e-b8a338af9825/hadoop-aws-3.3.4.jar to class loader
[2025-12-06T06:00:51.725+0000] {spark_read_mongo_dag.py:188} ERROR - spark-submit stderr | 25/12/06 06:00:40 INFO Executor: Fetching spark://fa5351f36d22:44757/jars/iceberg-nessie-1.5.2.jar with timestamp 1765000839801
[2025-12-06T06:00:51.726+0000] {spark_read_mongo_dag.py:188} ERROR - spark-submit stderr | 25/12/06 06:00:40 INFO Utils: Fetching spark://fa5351f36d22:44757/jars/iceberg-nessie-1.5.2.jar to /tmp/spark-b10c39f0-db90-469e-a37d-cb77a98f50a5/userFiles-e46c0686-815a-439e-827e-b8a338af9825/fetchFileTemp1322467115397616588.tmp
[2025-12-06T06:00:51.726+0000] {spark_read_mongo_dag.py:188} ERROR - spark-submit stderr | 25/12/06 06:00:40 INFO Executor: Adding file:/tmp/spark-b10c39f0-db90-469e-a37d-cb77a98f50a5/userFiles-e46c0686-815a-439e-827e-b8a338af9825/iceberg-nessie-1.5.2.jar to class loader
[2025-12-06T06:00:51.726+0000] {spark_read_mongo_dag.py:188} ERROR - spark-submit stderr | 25/12/06 06:00:40 INFO Executor: Fetching spark://fa5351f36d22:44757/jars/nessie-spark-extensions-3.4_2.12-0.105.7.jar with timestamp 1765000839801
[2025-12-06T06:00:51.727+0000] {spark_read_mongo_dag.py:188} ERROR - spark-submit stderr | 25/12/06 06:00:40 INFO Utils: Fetching spark://fa5351f36d22:44757/jars/nessie-spark-extensions-3.4_2.12-0.105.7.jar to /tmp/spark-b10c39f0-db90-469e-a37d-cb77a98f50a5/userFiles-e46c0686-815a-439e-827e-b8a338af9825/fetchFileTemp17524099150004250778.tmp
[2025-12-06T06:00:51.727+0000] {spark_read_mongo_dag.py:188} ERROR - spark-submit stderr | 25/12/06 06:00:40 INFO Executor: Adding file:/tmp/spark-b10c39f0-db90-469e-a37d-cb77a98f50a5/userFiles-e46c0686-815a-439e-827e-b8a338af9825/nessie-spark-extensions-3.4_2.12-0.105.7.jar to class loader
[2025-12-06T06:00:51.727+0000] {spark_read_mongo_dag.py:188} ERROR - spark-submit stderr | 25/12/06 06:00:40 INFO Executor: Fetching spark://fa5351f36d22:44757/jars/nessie-client-0.99.0.jar with timestamp 1765000839801
[2025-12-06T06:00:51.728+0000] {spark_read_mongo_dag.py:188} ERROR - spark-submit stderr | 25/12/06 06:00:40 INFO Utils: Fetching spark://fa5351f36d22:44757/jars/nessie-client-0.99.0.jar to /tmp/spark-b10c39f0-db90-469e-a37d-cb77a98f50a5/userFiles-e46c0686-815a-439e-827e-b8a338af9825/fetchFileTemp9001177805400211294.tmp
[2025-12-06T06:00:51.728+0000] {spark_read_mongo_dag.py:188} ERROR - spark-submit stderr | 25/12/06 06:00:40 INFO Executor: Adding file:/tmp/spark-b10c39f0-db90-469e-a37d-cb77a98f50a5/userFiles-e46c0686-815a-439e-827e-b8a338af9825/nessie-client-0.99.0.jar to class loader
[2025-12-06T06:00:51.728+0000] {spark_read_mongo_dag.py:188} ERROR - spark-submit stderr | 25/12/06 06:00:40 INFO Executor: Fetching spark://fa5351f36d22:44757/jars/iceberg-spark-runtime-3.5_2.12-1.5.2.jar with timestamp 1765000839801
[2025-12-06T06:00:51.729+0000] {spark_read_mongo_dag.py:188} ERROR - spark-submit stderr | 25/12/06 06:00:40 INFO Utils: Fetching spark://fa5351f36d22:44757/jars/iceberg-spark-runtime-3.5_2.12-1.5.2.jar to /tmp/spark-b10c39f0-db90-469e-a37d-cb77a98f50a5/userFiles-e46c0686-815a-439e-827e-b8a338af9825/fetchFileTemp12103480317860108556.tmp
[2025-12-06T06:00:51.729+0000] {spark_read_mongo_dag.py:188} ERROR - spark-submit stderr | 25/12/06 06:00:41 INFO Executor: Adding file:/tmp/spark-b10c39f0-db90-469e-a37d-cb77a98f50a5/userFiles-e46c0686-815a-439e-827e-b8a338af9825/iceberg-spark-runtime-3.5_2.12-1.5.2.jar to class loader
[2025-12-06T06:00:51.729+0000] {spark_read_mongo_dag.py:188} ERROR - spark-submit stderr | 25/12/06 06:00:41 INFO Executor: Fetching spark://fa5351f36d22:44757/jars/aws-java-sdk-bundle-1.12.772.jar with timestamp 1765000839801
[2025-12-06T06:00:51.730+0000] {spark_read_mongo_dag.py:188} ERROR - spark-submit stderr | 25/12/06 06:00:41 INFO Utils: Fetching spark://fa5351f36d22:44757/jars/aws-java-sdk-bundle-1.12.772.jar to /tmp/spark-b10c39f0-db90-469e-a37d-cb77a98f50a5/userFiles-e46c0686-815a-439e-827e-b8a338af9825/fetchFileTemp13232225858820738580.tmp
[2025-12-06T06:00:51.730+0000] {spark_read_mongo_dag.py:188} ERROR - spark-submit stderr | 25/12/06 06:00:43 INFO Executor: Adding file:/tmp/spark-b10c39f0-db90-469e-a37d-cb77a98f50a5/userFiles-e46c0686-815a-439e-827e-b8a338af9825/aws-java-sdk-bundle-1.12.772.jar to class loader
[2025-12-06T06:00:51.730+0000] {spark_read_mongo_dag.py:188} ERROR - spark-submit stderr | 25/12/06 06:00:43 INFO Executor: Fetching spark://fa5351f36d22:44757/jars/bson-4.11.2.jar with timestamp 1765000839801
[2025-12-06T06:00:51.731+0000] {spark_read_mongo_dag.py:188} ERROR - spark-submit stderr | 25/12/06 06:00:43 INFO Utils: Fetching spark://fa5351f36d22:44757/jars/bson-4.11.2.jar to /tmp/spark-b10c39f0-db90-469e-a37d-cb77a98f50a5/userFiles-e46c0686-815a-439e-827e-b8a338af9825/fetchFileTemp15289416237393767833.tmp
[2025-12-06T06:00:51.731+0000] {spark_read_mongo_dag.py:188} ERROR - spark-submit stderr | 25/12/06 06:00:43 INFO Executor: Adding file:/tmp/spark-b10c39f0-db90-469e-a37d-cb77a98f50a5/userFiles-e46c0686-815a-439e-827e-b8a338af9825/bson-4.11.2.jar to class loader
[2025-12-06T06:00:51.731+0000] {spark_read_mongo_dag.py:188} ERROR - spark-submit stderr | 25/12/06 06:00:43 INFO Executor: Fetching spark://fa5351f36d22:44757/jars/mongo-spark-connector_2.12-10.1.1.jar with timestamp 1765000839801
[2025-12-06T06:00:51.732+0000] {spark_read_mongo_dag.py:188} ERROR - spark-submit stderr | 25/12/06 06:00:43 INFO Utils: Fetching spark://fa5351f36d22:44757/jars/mongo-spark-connector_2.12-10.1.1.jar to /tmp/spark-b10c39f0-db90-469e-a37d-cb77a98f50a5/userFiles-e46c0686-815a-439e-827e-b8a338af9825/fetchFileTemp12369753462395301037.tmp
[2025-12-06T06:00:51.732+0000] {spark_read_mongo_dag.py:188} ERROR - spark-submit stderr | 25/12/06 06:00:43 INFO Executor: Adding file:/tmp/spark-b10c39f0-db90-469e-a37d-cb77a98f50a5/userFiles-e46c0686-815a-439e-827e-b8a338af9825/mongo-spark-connector_2.12-10.1.1.jar to class loader
[2025-12-06T06:00:51.732+0000] {spark_read_mongo_dag.py:188} ERROR - spark-submit stderr | 25/12/06 06:00:43 INFO Utils: Successfully started service 'org.apache.spark.network.netty.NettyBlockTransferService' on port 39361.
[2025-12-06T06:00:51.732+0000] {spark_read_mongo_dag.py:188} ERROR - spark-submit stderr | 25/12/06 06:00:43 INFO NettyBlockTransferService: Server created on fa5351f36d22:39361
[2025-12-06T06:00:51.733+0000] {spark_read_mongo_dag.py:188} ERROR - spark-submit stderr | 25/12/06 06:00:43 INFO BlockManager: Using org.apache.spark.storage.RandomBlockReplicationPolicy for block replication policy
[2025-12-06T06:00:51.733+0000] {spark_read_mongo_dag.py:188} ERROR - spark-submit stderr | 25/12/06 06:00:43 INFO BlockManagerMaster: Registering BlockManager BlockManagerId(driver, fa5351f36d22, 39361, None)
[2025-12-06T06:00:51.733+0000] {spark_read_mongo_dag.py:188} ERROR - spark-submit stderr | 25/12/06 06:00:43 INFO BlockManagerMasterEndpoint: Registering block manager fa5351f36d22:39361 with 434.4 MiB RAM, BlockManagerId(driver, fa5351f36d22, 39361, None)
[2025-12-06T06:00:51.733+0000] {spark_read_mongo_dag.py:188} ERROR - spark-submit stderr | 25/12/06 06:00:43 INFO BlockManagerMaster: Registered BlockManager BlockManagerId(driver, fa5351f36d22, 39361, None)
[2025-12-06T06:00:51.734+0000] {spark_read_mongo_dag.py:188} ERROR - spark-submit stderr | 25/12/06 06:00:43 INFO BlockManager: Initialized BlockManager: BlockManagerId(driver, fa5351f36d22, 39361, None)
[2025-12-06T06:00:51.734+0000] {spark_read_mongo_dag.py:188} ERROR - spark-submit stderr | 25/12/06 06:00:44 INFO SharedState: Setting hive.metastore.warehouse.dir ('null') to the value of spark.sql.warehouse.dir.
[2025-12-06T06:00:51.734+0000] {spark_read_mongo_dag.py:188} ERROR - spark-submit stderr | 25/12/06 06:00:44 INFO SharedState: Warehouse path is 'file:/opt/***/spark-warehouse'.
[2025-12-06T06:00:51.735+0000] {spark_read_mongo_dag.py:188} ERROR - spark-submit stderr | 25/12/06 06:00:45 INFO client: MongoClient with metadata {"driver": {"name": "mongo-java-driver|sync|mongo-spark-connector|source", "version": "4.11.2|10.1.1"}, "os": {"type": "Linux", "name": "Linux", "architecture": "amd64", "version": "6.6.87.2-microsoft-standard-WSL2"}, "platform": "Java/Debian/17.0.17+10-Debian-1deb12u1|Scala/2.12.17/Spark/3.4.1"} created with settings MongoClientSettings{readPreference=primary, writeConcern=WriteConcern{w=null, wTimeout=null ms, journal=null}, retryWrites=true, retryReads=true, readConcern=ReadConcern{level=null}, credential=null, transportSettings=null, streamFactoryFactory=null, commandListeners=[], codecRegistry=ProvidersCodecRegistry{codecProviders=[ValueCodecProvider{}, BsonValueCodecProvider{}, DBRefCodecProvider{}, DBObjectCodecProvider{}, DocumentCodecProvider{}, CollectionCodecProvider{}, IterableCodecProvider{}, MapCodecProvider{}, GeoJsonCodecProvider{}, GridFSFileCodecProvider{}, Jsr310CodecProvider{}, JsonObjectCodecProvider{}, BsonCodecProvider{}, EnumCodecProvider{}, com.mongodb.client.model.mql.ExpressionCodecProvider@1744d958, com.mongodb.Jep395RecordCodecProvider@5191d634, com.mongodb.KotlinCodecProvider@57a73055]}, loggerSettings=LoggerSettings{maxDocumentLength=1000}, clusterSettings={hosts=[172.168.168.206:27017], srvServiceName=mongodb, mode=SINGLE, requiredClusterType=UNKNOWN, requiredReplicaSetName='null', serverSelector='null', clusterListeners='[]', serverSelectionTimeout='30000 ms', localThreshold='15 ms'}, socketSettings=SocketSettings{connectTimeoutMS=10000, readTimeoutMS=0, receiveBufferSize=0, proxySettings=ProxySettings{host=null, port=null, username=null, password=null}}, heartbeatSocketSettings=SocketSettings{connectTimeoutMS=10000, readTimeoutMS=10000, receiveBufferSize=0, proxySettings=ProxySettings{host=null, port=null, username=null, password=null}}, connectionPoolSettings=ConnectionPoolSettings{maxSize=100, minSize=0, maxWaitTimeMS=120000, maxConnectionLifeTimeMS=0, maxConnectionIdleTimeMS=0, maintenanceInitialDelayMS=0, maintenanceFrequencyMS=60000, connectionPoolListeners=[], maxConnecting=2}, serverSettings=ServerSettings{heartbeatFrequencyMS=10000, minHeartbeatFrequencyMS=500, serverListeners='[]', serverMonitorListeners='[]'}, sslSettings=SslSettings{enabled=false, invalidHostNameAllowed=false, context=null}, applicationName='null', compressorList=[], uuidRepresentation=UNSPECIFIED, serverApi=null, autoEncryptionSettings=null, dnsClient=null, inetAddressResolver=null, contextProvider=null}
[2025-12-06T06:00:51.735+0000] {spark_read_mongo_dag.py:188} ERROR - spark-submit stderr | 25/12/06 06:00:45 INFO cluster: No server chosen by ReadPreferenceServerSelector{readPreference=primary} from cluster description ClusterDescription{type=UNKNOWN, connectionMode=SINGLE, serverDescriptions=[ServerDescription{address=172.168.168.206:27017, type=UNKNOWN, state=CONNECTING}]}. Waiting for 30000 ms before timing out
[2025-12-06T06:00:51.735+0000] {spark_read_mongo_dag.py:188} ERROR - spark-submit stderr | 25/12/06 06:00:45 INFO cluster: Monitor thread successfully connected to server with description ServerDescription{address=172.168.168.206:27017, type=STANDALONE, state=CONNECTED, ok=true, minWireVersion=0, maxWireVersion=21, maxDocumentSize=16777216, logicalSessionTimeoutMinutes=30, roundTripTimeNanos=36707987}
[2025-12-06T06:00:51.736+0000] {spark_read_mongo_dag.py:188} ERROR - spark-submit stderr | 25/12/06 06:00:45 INFO MongoTable: Creating MongoTable: mongo-spark-connector-10.1.1
[2025-12-06T06:00:51.736+0000] {spark_read_mongo_dag.py:188} ERROR - spark-submit stderr | 25/12/06 06:00:48 WARN MetricsConfig: Cannot locate configuration: tried hadoop-metrics2-s3a-file-system.properties,hadoop-metrics2.properties
[2025-12-06T06:00:51.736+0000] {spark_read_mongo_dag.py:188} ERROR - spark-submit stderr | 25/12/06 06:00:48 INFO MetricsSystemImpl: Scheduled Metric snapshot period at 10 second(s).
[2025-12-06T06:00:51.737+0000] {spark_read_mongo_dag.py:188} ERROR - spark-submit stderr | 25/12/06 06:00:48 INFO MetricsSystemImpl: s3a-file-system metrics system started
[2025-12-06T06:00:51.737+0000] {spark_read_mongo_dag.py:188} ERROR - spark-submit stderr | 25/12/06 06:00:48 WARN VersionInfoUtils: The AWS SDK for Java 1.x entered maintenance mode starting July 31, 2024 and will reach end of support on December 31, 2025. For more information, see https://aws.amazon.com/blogs/developer/the-aws-sdk-for-java-1-x-is-in-maintenance-mode-effective-july-31-2024/
[2025-12-06T06:00:51.737+0000] {spark_read_mongo_dag.py:188} ERROR - spark-submit stderr | You can print where on the file system the AWS SDK for Java 1.x core runtime is located by setting the AWS_JAVA_V1_PRINT_LOCATION environment variable or aws.java.v1.printLocation system property to 'true'.
[2025-12-06T06:00:51.738+0000] {spark_read_mongo_dag.py:188} ERROR - spark-submit stderr | This message can be disabled by setting the AWS_JAVA_V1_DISABLE_DEPRECATION_ANNOUNCEMENT environment variable or aws.java.v1.disableDeprecationAnnouncement system property to 'true'.
[2025-12-06T06:00:51.738+0000] {spark_read_mongo_dag.py:188} ERROR - spark-submit stderr | The AWS SDK for Java 1.x is being used here:
[2025-12-06T06:00:51.738+0000] {spark_read_mongo_dag.py:188} ERROR - spark-submit stderr | at java.base/java.lang.Thread.getStackTrace(Thread.java:1619)
[2025-12-06T06:00:51.739+0000] {spark_read_mongo_dag.py:188} ERROR - spark-submit stderr | at com.amazonaws.util.VersionInfoUtils.printDeprecationAnnouncement(VersionInfoUtils.java:81)
[2025-12-06T06:00:51.739+0000] {spark_read_mongo_dag.py:188} ERROR - spark-submit stderr | at com.amazonaws.util.VersionInfoUtils.<clinit>(VersionInfoUtils.java:59)
[2025-12-06T06:00:51.739+0000] {spark_read_mongo_dag.py:188} ERROR - spark-submit stderr | at com.amazonaws.internal.EC2ResourceFetcher.<clinit>(EC2ResourceFetcher.java:44)
[2025-12-06T06:00:51.740+0000] {spark_read_mongo_dag.py:188} ERROR - spark-submit stderr | at com.amazonaws.auth.InstanceMetadataServiceCredentialsFetcher.<init>(InstanceMetadataServiceCredentialsFetcher.java:38)
[2025-12-06T06:00:51.740+0000] {spark_read_mongo_dag.py:188} ERROR - spark-submit stderr | at com.amazonaws.auth.InstanceProfileCredentialsProvider.<init>(InstanceProfileCredentialsProvider.java:111)
[2025-12-06T06:00:51.740+0000] {spark_read_mongo_dag.py:188} ERROR - spark-submit stderr | at com.amazonaws.auth.InstanceProfileCredentialsProvider.<init>(InstanceProfileCredentialsProvider.java:91)
[2025-12-06T06:00:51.741+0000] {spark_read_mongo_dag.py:188} ERROR - spark-submit stderr | at com.amazonaws.auth.InstanceProfileCredentialsProvider.<init>(InstanceProfileCredentialsProvider.java:75)
[2025-12-06T06:00:51.741+0000] {spark_read_mongo_dag.py:188} ERROR - spark-submit stderr | at com.amazonaws.auth.InstanceProfileCredentialsProvider.<clinit>(InstanceProfileCredentialsProvider.java:58)
[2025-12-06T06:00:51.742+0000] {spark_read_mongo_dag.py:188} ERROR - spark-submit stderr | at com.amazonaws.auth.EC2ContainerCredentialsProviderWrapper.initializeProvider(EC2ContainerCredentialsProviderWrapper.java:66)
[2025-12-06T06:00:51.742+0000] {spark_read_mongo_dag.py:188} ERROR - spark-submit stderr | at com.amazonaws.auth.EC2ContainerCredentialsProviderWrapper.<init>(EC2ContainerCredentialsProviderWrapper.java:55)
[2025-12-06T06:00:51.742+0000] {spark_read_mongo_dag.py:188} ERROR - spark-submit stderr | at org.apache.hadoop.fs.s3a.auth.IAMInstanceCredentialsProvider.<init>(IAMInstanceCredentialsProvider.java:49)
[2025-12-06T06:00:51.743+0000] {spark_read_mongo_dag.py:188} ERROR - spark-submit stderr | at java.base/jdk.internal.reflect.NativeConstructorAccessorImpl.newInstance0(Native Method)
[2025-12-06T06:00:51.743+0000] {spark_read_mongo_dag.py:188} ERROR - spark-submit stderr | at java.base/jdk.internal.reflect.NativeConstructorAccessorImpl.newInstance(NativeConstructorAccessorImpl.java:77)
[2025-12-06T06:00:51.743+0000] {spark_read_mongo_dag.py:188} ERROR - spark-submit stderr | at java.base/jdk.internal.reflect.DelegatingConstructorAccessorImpl.newInstance(DelegatingConstructorAccessorImpl.java:45)
[2025-12-06T06:00:51.744+0000] {spark_read_mongo_dag.py:188} ERROR - spark-submit stderr | at java.base/java.lang.reflect.Constructor.newInstanceWithCaller(Constructor.java:500)
[2025-12-06T06:00:51.744+0000] {spark_read_mongo_dag.py:188} ERROR - spark-submit stderr | at java.base/java.lang.reflect.Constructor.newInstance(Constructor.java:481)
[2025-12-06T06:00:51.744+0000] {spark_read_mongo_dag.py:188} ERROR - spark-submit stderr | at org.apache.hadoop.fs.s3a.S3AUtils.createAWSCredentialProvider(S3AUtils.java:766)
[2025-12-06T06:00:51.745+0000] {spark_read_mongo_dag.py:188} ERROR - spark-submit stderr | at org.apache.hadoop.fs.s3a.S3AUtils.buildAWSProviderList(S3AUtils.java:698)
[2025-12-06T06:00:51.745+0000] {spark_read_mongo_dag.py:188} ERROR - spark-submit stderr | at org.apache.hadoop.fs.s3a.S3AUtils.createAWSCredentialProviderSet(S3AUtils.java:631)
[2025-12-06T06:00:51.745+0000] {spark_read_mongo_dag.py:188} ERROR - spark-submit stderr | at org.apache.hadoop.fs.s3a.S3AFileSystem.bindAWSClient(S3AFileSystem.java:877)
[2025-12-06T06:00:51.745+0000] {spark_read_mongo_dag.py:188} ERROR - spark-submit stderr | at org.apache.hadoop.fs.s3a.S3AFileSystem.initialize(S3AFileSystem.java:534)
[2025-12-06T06:00:51.746+0000] {spark_read_mongo_dag.py:188} ERROR - spark-submit stderr | at org.apache.hadoop.fs.FileSystem.createFileSystem(FileSystem.java:3469)
[2025-12-06T06:00:51.746+0000] {spark_read_mongo_dag.py:188} ERROR - spark-submit stderr | at org.apache.hadoop.fs.FileSystem.access$300(FileSystem.java:174)
[2025-12-06T06:00:51.746+0000] {spark_read_mongo_dag.py:188} ERROR - spark-submit stderr | at org.apache.hadoop.fs.FileSystem$Cache.getInternal(FileSystem.java:3574)
[2025-12-06T06:00:51.746+0000] {spark_read_mongo_dag.py:188} ERROR - spark-submit stderr | at org.apache.hadoop.fs.FileSystem$Cache.get(FileSystem.java:3521)
[2025-12-06T06:00:51.747+0000] {spark_read_mongo_dag.py:188} ERROR - spark-submit stderr | at org.apache.hadoop.fs.FileSystem.get(FileSystem.java:540)
[2025-12-06T06:00:51.747+0000] {spark_read_mongo_dag.py:188} ERROR - spark-submit stderr | at org.apache.hadoop.fs.Path.getFileSystem(Path.java:365)
[2025-12-06T06:00:51.747+0000] {spark_read_mongo_dag.py:188} ERROR - spark-submit stderr | at org.apache.spark.sql.execution.datasources.DataSource.planForWritingFileFormat(DataSource.scala:454)
[2025-12-06T06:00:51.747+0000] {spark_read_mongo_dag.py:188} ERROR - spark-submit stderr | at org.apache.spark.sql.execution.datasources.DataSource.planForWriting(DataSource.scala:530)
[2025-12-06T06:00:51.748+0000] {spark_read_mongo_dag.py:188} ERROR - spark-submit stderr | at org.apache.spark.sql.DataFrameWriter.saveToV1Source(DataFrameWriter.scala:387)
[2025-12-06T06:00:51.748+0000] {spark_read_mongo_dag.py:188} ERROR - spark-submit stderr | at org.apache.spark.sql.DataFrameWriter.saveInternal(DataFrameWriter.scala:360)
[2025-12-06T06:00:51.748+0000] {spark_read_mongo_dag.py:188} ERROR - spark-submit stderr | at org.apache.spark.sql.DataFrameWriter.save(DataFrameWriter.scala:239)
[2025-12-06T06:00:51.748+0000] {spark_read_mongo_dag.py:188} ERROR - spark-submit stderr | at org.apache.spark.sql.DataFrameWriter.csv(DataFrameWriter.scala:847)
[2025-12-06T06:00:51.749+0000] {spark_read_mongo_dag.py:188} ERROR - spark-submit stderr | at java.base/jdk.internal.reflect.NativeMethodAccessorImpl.invoke0(Native Method)
[2025-12-06T06:00:51.749+0000] {spark_read_mongo_dag.py:188} ERROR - spark-submit stderr | at java.base/jdk.internal.reflect.NativeMethodAccessorImpl.invoke(NativeMethodAccessorImpl.java:77)
[2025-12-06T06:00:51.749+0000] {spark_read_mongo_dag.py:188} ERROR - spark-submit stderr | at java.base/jdk.internal.reflect.DelegatingMethodAccessorImpl.invoke(DelegatingMethodAccessorImpl.java:43)
[2025-12-06T06:00:51.750+0000] {spark_read_mongo_dag.py:188} ERROR - spark-submit stderr | at java.base/java.lang.reflect.Method.invoke(Method.java:569)
[2025-12-06T06:00:51.750+0000] {spark_read_mongo_dag.py:188} ERROR - spark-submit stderr | at py4j.reflection.MethodInvoker.invoke(MethodInvoker.java:244)
[2025-12-06T06:00:51.750+0000] {spark_read_mongo_dag.py:188} ERROR - spark-submit stderr | at py4j.reflection.ReflectionEngine.invoke(ReflectionEngine.java:374)
[2025-12-06T06:00:51.750+0000] {spark_read_mongo_dag.py:188} ERROR - spark-submit stderr | at py4j.Gateway.invoke(Gateway.java:282)
[2025-12-06T06:00:51.751+0000] {spark_read_mongo_dag.py:188} ERROR - spark-submit stderr | at py4j.commands.AbstractCommand.invokeMethod(AbstractCommand.java:132)
[2025-12-06T06:00:51.751+0000] {spark_read_mongo_dag.py:188} ERROR - spark-submit stderr | at py4j.commands.CallCommand.execute(CallCommand.java:79)
[2025-12-06T06:00:51.751+0000] {spark_read_mongo_dag.py:188} ERROR - spark-submit stderr | at py4j.ClientServerConnection.waitForCommands(ClientServerConnection.java:182)
[2025-12-06T06:00:51.751+0000] {spark_read_mongo_dag.py:188} ERROR - spark-submit stderr | at py4j.ClientServerConnection.run(ClientServerConnection.java:106)
[2025-12-06T06:00:51.752+0000] {spark_read_mongo_dag.py:188} ERROR - spark-submit stderr | at java.base/java.lang.Thread.run(Thread.java:840)
[2025-12-06T06:00:51.752+0000] {spark_read_mongo_dag.py:188} ERROR - spark-submit stderr | 25/12/06 06:00:50 INFO SparkContext: SparkContext is stopping with exitCode 0.
[2025-12-06T06:00:51.752+0000] {spark_read_mongo_dag.py:188} ERROR - spark-submit stderr | 25/12/06 06:00:50 INFO SparkUI: Stopped Spark web UI at http://fa5351f36d22:4040
[2025-12-06T06:00:51.752+0000] {spark_read_mongo_dag.py:188} ERROR - spark-submit stderr | 25/12/06 06:00:50 INFO MapOutputTrackerMasterEndpoint: MapOutputTrackerMasterEndpoint stopped!
[2025-12-06T06:00:51.753+0000] {spark_read_mongo_dag.py:188} ERROR - spark-submit stderr | 25/12/06 06:00:50 INFO MemoryStore: MemoryStore cleared
[2025-12-06T06:00:51.753+0000] {spark_read_mongo_dag.py:188} ERROR - spark-submit stderr | 25/12/06 06:00:50 INFO BlockManager: BlockManager stopped
[2025-12-06T06:00:51.753+0000] {spark_read_mongo_dag.py:188} ERROR - spark-submit stderr | 25/12/06 06:00:50 INFO BlockManagerMaster: BlockManagerMaster stopped
[2025-12-06T06:00:51.753+0000] {spark_read_mongo_dag.py:188} ERROR - spark-submit stderr | 25/12/06 06:00:50 INFO OutputCommitCoordinator$OutputCommitCoordinatorEndpoint: OutputCommitCoordinator stopped!
[2025-12-06T06:00:51.754+0000] {spark_read_mongo_dag.py:188} ERROR - spark-submit stderr | 25/12/06 06:00:51 INFO SparkContext: Successfully stopped SparkContext
[2025-12-06T06:00:51.754+0000] {spark_read_mongo_dag.py:188} ERROR - spark-submit stderr | 25/12/06 06:00:51 INFO ShutdownHookManager: Shutdown hook called
[2025-12-06T06:00:51.754+0000] {spark_read_mongo_dag.py:188} ERROR - spark-submit stderr | 25/12/06 06:00:51 INFO ShutdownHookManager: Deleting directory /tmp/spark-b10c39f0-db90-469e-a37d-cb77a98f50a5
[2025-12-06T06:00:51.754+0000] {spark_read_mongo_dag.py:188} ERROR - spark-submit stderr | 25/12/06 06:00:51 INFO ShutdownHookManager: Deleting directory /tmp/spark-b10c39f0-db90-469e-a37d-cb77a98f50a5/pyspark-af82e206-247d-4f29-8b1e-fdeda06d9a75
[2025-12-06T06:00:51.755+0000] {spark_read_mongo_dag.py:188} ERROR - spark-submit stderr | 25/12/06 06:00:51 INFO ShutdownHookManager: Deleting directory /tmp/spark-783f1dd5-652b-4886-ac88-4f67fd3c21b9
[2025-12-06T06:00:51.755+0000] {spark_read_mongo_dag.py:188} ERROR - spark-submit stderr | 25/12/06 06:00:51 INFO MetricsSystemImpl: Stopping s3a-file-system metrics system...
[2025-12-06T06:00:51.755+0000] {spark_read_mongo_dag.py:188} ERROR - spark-submit stderr | 25/12/06 06:00:51 INFO MetricsSystemImpl: s3a-file-system metrics system stopped.
[2025-12-06T06:00:51.755+0000] {spark_read_mongo_dag.py:188} ERROR - spark-submit stderr | 25/12/06 06:00:51 INFO MetricsSystemImpl: s3a-file-system metrics system shutdown complete.
[2025-12-06T06:00:51.756+0000] {spark_read_mongo_dag.py:193} INFO - END run_spark_job SUCCESS
[2025-12-06T06:00:51.756+0000] {python.py:237} INFO - Done. Returned value was: None
[2025-12-06T06:00:51.757+0000] {taskinstance.py:441} INFO - ::group::Post task execution logs
[2025-12-06T06:00:51.773+0000] {taskinstance.py:1206} INFO - Marking task as SUCCESS. dag_id=mongo_iceberg_dremio_dag, task_id=run_mongo_to_iceberg, run_id=manual__2025-12-06T06:00:34.643832+00:00, execution_date=20251206T060034, start_date=20251206T060035, end_date=20251206T060051
[2025-12-06T06:00:51.915+0000] {local_task_job_runner.py:240} INFO - Task exited with return code 0
[2025-12-06T06:00:51.943+0000] {taskinstance.py:3503} INFO - 1 downstream tasks scheduled from follow-on schedule check
[2025-12-06T06:00:51.985+0000] {local_task_job_runner.py:222} INFO - ::endgroup::
