[2025-12-05T12:08:14.613+0000] {local_task_job_runner.py:120} INFO - ::group::Pre task execution logs
[2025-12-05T12:08:14.651+0000] {taskinstance.py:2076} INFO - Dependencies all met for dep_context=non-requeueable deps ti=<TaskInstance: mongo_iceberg_dremio_dag.configure_dremio_source manual__2025-12-05T12:07:21.780903+00:00 [queued]>
[2025-12-05T12:08:14.660+0000] {taskinstance.py:2076} INFO - Dependencies all met for dep_context=requeueable deps ti=<TaskInstance: mongo_iceberg_dremio_dag.configure_dremio_source manual__2025-12-05T12:07:21.780903+00:00 [queued]>
[2025-12-05T12:08:14.661+0000] {taskinstance.py:2306} INFO - Starting attempt 1 of 1
[2025-12-05T12:08:14.766+0000] {taskinstance.py:2330} INFO - Executing <Task(PythonOperator): configure_dremio_source> on 2025-12-05 12:07:21.780903+00:00
[2025-12-05T12:08:14.778+0000] {standard_task_runner.py:63} INFO - Started process 5051 to run task
[2025-12-05T12:08:14.783+0000] {standard_task_runner.py:90} INFO - Running: ['***', 'tasks', 'run', 'mongo_iceberg_dremio_dag', 'configure_dremio_source', 'manual__2025-12-05T12:07:21.780903+00:00', '--job-id', '15', '--raw', '--subdir', 'DAGS_FOLDER/spark_read_mongo_dag.py', '--cfg-path', '/tmp/tmpbd0ipdzt']
[2025-12-05T12:08:14.787+0000] {standard_task_runner.py:91} INFO - Job 15: Subtask configure_dremio_source
[2025-12-05T12:08:14.944+0000] {task_command.py:426} INFO - Running <TaskInstance: mongo_iceberg_dremio_dag.configure_dremio_source manual__2025-12-05T12:07:21.780903+00:00 [running]> on host a40f6ae0e3c1
[2025-12-05T12:08:15.101+0000] {taskinstance.py:2648} INFO - Exporting env vars: AIRFLOW_CTX_DAG_OWNER='deeku' AIRFLOW_CTX_DAG_ID='mongo_iceberg_dremio_dag' AIRFLOW_CTX_TASK_ID='configure_dremio_source' AIRFLOW_CTX_EXECUTION_DATE='2025-12-05T12:07:21.780903+00:00' AIRFLOW_CTX_TRY_NUMBER='1' AIRFLOW_CTX_DAG_RUN_ID='manual__2025-12-05T12:07:21.780903+00:00'
[2025-12-05T12:08:15.105+0000] {taskinstance.py:430} INFO - ::endgroup::
[2025-12-05T12:08:15.234+0000] {spark_read_mongo_dag.py:249} INFO - Using nessieUri: http://nessie:19120/api/v2/api/v2
[2025-12-05T12:08:15.235+0000] {spark_read_mongo_dag.py:273} INFO - Creating Dremio source 'iceberg' with /api/v2...
[2025-12-05T12:08:15.324+0000] {spark_read_mongo_dag.py:281} INFO - Dremio response: status=400 body={"errorMessage":"Invalid value found at: nessieUri","moreInfo":"","stackTrace":[]}
[2025-12-05T12:08:15.325+0000] {taskinstance.py:441} INFO - ::group::Post task execution logs
[2025-12-05T12:08:15.325+0000] {taskinstance.py:2905} ERROR - Task failed with exception
Traceback (most recent call last):
  File "/home/airflow/.local/lib/python3.9/site-packages/airflow/models/taskinstance.py", line 465, in _execute_task
    result = _execute_callable(context=context, **execute_callable_kwargs)
  File "/home/airflow/.local/lib/python3.9/site-packages/airflow/models/taskinstance.py", line 432, in _execute_callable
    return execute_callable(context=context, **execute_callable_kwargs)
  File "/home/airflow/.local/lib/python3.9/site-packages/airflow/models/baseoperator.py", line 401, in wrapper
    return func(self, *args, **kwargs)
  File "/home/airflow/.local/lib/python3.9/site-packages/airflow/operators/python.py", line 235, in execute
    return_value = self.execute_callable()
  File "/home/airflow/.local/lib/python3.9/site-packages/airflow/operators/python.py", line 252, in execute_callable
    return self.python_callable(*self.op_args, **self.op_kwargs)
  File "/opt/airflow/dags/spark_read_mongo_dag.py", line 296, in create_dremio_iceberg_source
    raise RuntimeError(f"Failed to create Dremio source: status={r.status_code}, body={r.text}")
RuntimeError: Failed to create Dremio source: status=400, body={"errorMessage":"Invalid value found at: nessieUri","moreInfo":"","stackTrace":[]}
[2025-12-05T12:08:15.345+0000] {taskinstance.py:1206} INFO - Marking task as FAILED. dag_id=mongo_iceberg_dremio_dag, task_id=configure_dremio_source, run_id=manual__2025-12-05T12:07:21.780903+00:00, execution_date=20251205T120721, start_date=20251205T120814, end_date=20251205T120815
[2025-12-05T12:08:15.383+0000] {standard_task_runner.py:110} ERROR - Failed to execute job 15 for task configure_dremio_source (Failed to create Dremio source: status=400, body={"errorMessage":"Invalid value found at: nessieUri","moreInfo":"","stackTrace":[]}; 5051)
[2025-12-05T12:08:15.397+0000] {local_task_job_runner.py:240} INFO - Task exited with return code 1
[2025-12-05T12:08:15.424+0000] {taskinstance.py:3503} INFO - 0 downstream tasks scheduled from follow-on schedule check
[2025-12-05T12:08:15.467+0000] {local_task_job_runner.py:222} INFO - ::endgroup::
