[2025-12-06T06:13:02.294+0000] {local_task_job_runner.py:120} INFO - ::group::Pre task execution logs
[2025-12-06T06:13:02.332+0000] {taskinstance.py:2076} INFO - Dependencies all met for dep_context=non-requeueable deps ti=<TaskInstance: mongo_iceberg_dremio_dag.run_mongo_to_iceberg manual__2025-12-06T06:13:00.897091+00:00 [queued]>
[2025-12-06T06:13:02.340+0000] {taskinstance.py:2076} INFO - Dependencies all met for dep_context=requeueable deps ti=<TaskInstance: mongo_iceberg_dremio_dag.run_mongo_to_iceberg manual__2025-12-06T06:13:00.897091+00:00 [queued]>
[2025-12-06T06:13:02.392+0000] {taskinstance.py:2306} INFO - Starting attempt 1 of 1
[2025-12-06T06:13:02.460+0000] {taskinstance.py:2330} INFO - Executing <Task(PythonOperator): run_mongo_to_iceberg> on 2025-12-06 06:13:00.897091+00:00
[2025-12-06T06:13:02.469+0000] {standard_task_runner.py:63} INFO - Started process 1730 to run task
[2025-12-06T06:13:02.476+0000] {standard_task_runner.py:90} INFO - Running: ['***', 'tasks', 'run', 'mongo_iceberg_dremio_dag', 'run_mongo_to_iceberg', 'manual__2025-12-06T06:13:00.897091+00:00', '--job-id', '35', '--raw', '--subdir', 'DAGS_FOLDER/spark_read_mongo_dag.py', '--cfg-path', '/tmp/tmppcs_ev5h']
[2025-12-06T06:13:02.482+0000] {standard_task_runner.py:91} INFO - Job 35: Subtask run_mongo_to_iceberg
[2025-12-06T06:13:02.630+0000] {task_command.py:426} INFO - Running <TaskInstance: mongo_iceberg_dremio_dag.run_mongo_to_iceberg manual__2025-12-06T06:13:00.897091+00:00 [running]> on host fa5351f36d22
[2025-12-06T06:13:02.847+0000] {taskinstance.py:2648} INFO - Exporting env vars: AIRFLOW_CTX_DAG_OWNER='deeku' AIRFLOW_CTX_DAG_ID='mongo_iceberg_dremio_dag' AIRFLOW_CTX_TASK_ID='run_mongo_to_iceberg' AIRFLOW_CTX_EXECUTION_DATE='2025-12-06T06:13:00.897091+00:00' AIRFLOW_CTX_TRY_NUMBER='1' AIRFLOW_CTX_DAG_RUN_ID='manual__2025-12-06T06:13:00.897091+00:00'
[2025-12-06T06:13:02.848+0000] {taskinstance.py:430} INFO - ::endgroup::
[2025-12-06T06:13:02.868+0000] {spark_read_mongo_dag.py:154} INFO - START run_spark_job
[2025-12-06T06:13:02.871+0000] {spark_read_mongo_dag.py:156} INFO - Checking path: /opt/***/spark_jobs/mongo_pyspark.py exists=True
[2025-12-06T06:13:02.872+0000] {spark_read_mongo_dag.py:156} INFO - Checking path: /opt/***/jars exists=True
[2025-12-06T06:13:02.874+0000] {spark_read_mongo_dag.py:161} INFO - Jar check: /opt/***/jars/mongo-spark-connector_2.12-10.1.1.jar exists=True size=156368
[2025-12-06T06:13:02.876+0000] {spark_read_mongo_dag.py:161} INFO - Jar check: /opt/***/jars/bson-4.11.2.jar exists=True size=511356
[2025-12-06T06:13:02.879+0000] {spark_read_mongo_dag.py:161} INFO - Jar check: /opt/***/jars/mongodb-driver-core-4.11.2.jar exists=True size=1670650
[2025-12-06T06:13:02.881+0000] {spark_read_mongo_dag.py:161} INFO - Jar check: /opt/***/jars/mongodb-driver-sync-4.11.2.jar exists=True size=151808
[2025-12-06T06:13:02.883+0000] {spark_read_mongo_dag.py:161} INFO - Jar check: /opt/***/jars/iceberg-spark-runtime-3.5_2.12-1.5.2.jar exists=True size=41604737
[2025-12-06T06:13:02.885+0000] {spark_read_mongo_dag.py:161} INFO - Jar check: /opt/***/jars/iceberg-nessie-1.5.2.jar exists=True size=44895
[2025-12-06T06:13:02.886+0000] {spark_read_mongo_dag.py:161} INFO - Jar check: /opt/***/jars/nessie-client-0.99.0.jar exists=True size=585165
[2025-12-06T06:13:02.888+0000] {spark_read_mongo_dag.py:161} INFO - Jar check: /opt/***/jars/nessie-spark-extensions-3.4_2.12-0.105.7.jar exists=True size=2294495
[2025-12-06T06:13:02.890+0000] {spark_read_mongo_dag.py:161} INFO - Jar check: /opt/***/jars/hadoop-aws-3.3.4.jar exists=True size=962685
[2025-12-06T06:13:02.891+0000] {spark_read_mongo_dag.py:161} INFO - Jar check: /opt/***/jars/aws-java-sdk-bundle-1.12.772.jar exists=True size=388405806
[2025-12-06T06:13:02.892+0000] {spark_read_mongo_dag.py:164} INFO - which spark-submit -> /home/***/.local/bin/spark-submit
[2025-12-06T06:13:02.893+0000] {spark_read_mongo_dag.py:174} INFO - ENV SPARK_HOME=/opt/spark/spark-3.4.1-bin-hadoop3 JAVA_HOME=/usr/lib/jvm/java-17-openjdk-amd64
[2025-12-06T06:13:02.893+0000] {spark_read_mongo_dag.py:175} INFO - Env PATH head: ['/opt/spark/spark-3.4.1-bin-hadoop3/bin', '/usr/lib/jvm/java-17-openjdk-amd64/bin', '/opt/spark/bin', '/usr/lib/jvm/java-17-openjdk-amd64/bin', '/root/bin']
[2025-12-06T06:13:02.894+0000] {spark_read_mongo_dag.py:178} INFO - Running command: spark-submit --jars /opt/***/jars/mongo-spark-connector_2.12-10.1.1.jar,/opt/***/jars/bson-4.11.2.jar,/opt/***/jars/mongodb-driver-core-4.11.2.jar,/opt/***/jars/mongodb-driver-sync-4.11.2.jar,/opt/***/jars/iceberg-spark-runtime-3.5_2.12-1.5.2.jar,/opt/***/jars/iceberg-nessie-1.5.2.jar,/opt/***/jars/nessie-client-0.99.0.jar,/opt/***/jars/nessie-spark-extensions-3.4_2.12-0.105.7.jar,/opt/***/jars/hadoop-aws-3.3.4.jar,/opt/***/jars/aws-java-sdk-bundle-1.12.772.jar /opt/***/spark_jobs/mongo_pyspark.py
[2025-12-06T06:13:18.324+0000] {spark_read_mongo_dag.py:180} INFO - Process finished. returncode=0
[2025-12-06T06:13:18.325+0000] {spark_read_mongo_dag.py:184} INFO - spark-submit stdout | 2025-12-06 06:13:06,056 INFO mongo_to_iceberg - START main at 2025-12-06 06:13:06
[2025-12-06T06:13:18.325+0000] {spark_read_mongo_dag.py:184} INFO - spark-submit stdout | 2025-12-06 06:13:06,056 INFO mongo_to_iceberg - Checking required JARs under /opt/***/jars
[2025-12-06T06:13:18.326+0000] {spark_read_mongo_dag.py:184} INFO - spark-submit stdout | 2025-12-06 06:13:06,058 INFO mongo_to_iceberg - JAR: /opt/***/jars/mongo-spark-connector_2.12-10.1.1.jar exists=True size=156368
[2025-12-06T06:13:18.326+0000] {spark_read_mongo_dag.py:184} INFO - spark-submit stdout | 2025-12-06 06:13:06,059 INFO mongo_to_iceberg - JAR: /opt/***/jars/bson-4.11.2.jar exists=True size=511356
[2025-12-06T06:13:18.327+0000] {spark_read_mongo_dag.py:184} INFO - spark-submit stdout | 2025-12-06 06:13:06,062 INFO mongo_to_iceberg - JAR: /opt/***/jars/mongodb-driver-core-4.11.2.jar exists=True size=1670650
[2025-12-06T06:13:18.327+0000] {spark_read_mongo_dag.py:184} INFO - spark-submit stdout | 2025-12-06 06:13:06,064 INFO mongo_to_iceberg - JAR: /opt/***/jars/mongodb-driver-sync-4.11.2.jar exists=True size=151808
[2025-12-06T06:13:18.328+0000] {spark_read_mongo_dag.py:184} INFO - spark-submit stdout | 2025-12-06 06:13:06,065 INFO mongo_to_iceberg - JAR: /opt/***/jars/iceberg-spark-runtime-3.5_2.12-1.5.2.jar exists=True size=41604737
[2025-12-06T06:13:18.328+0000] {spark_read_mongo_dag.py:184} INFO - spark-submit stdout | 2025-12-06 06:13:06,067 INFO mongo_to_iceberg - JAR: /opt/***/jars/iceberg-nessie-1.5.2.jar exists=True size=44895
[2025-12-06T06:13:18.328+0000] {spark_read_mongo_dag.py:184} INFO - spark-submit stdout | 2025-12-06 06:13:06,068 INFO mongo_to_iceberg - JAR: /opt/***/jars/nessie-client-0.99.0.jar exists=True size=585165
[2025-12-06T06:13:18.329+0000] {spark_read_mongo_dag.py:184} INFO - spark-submit stdout | 2025-12-06 06:13:06,069 INFO mongo_to_iceberg - JAR: /opt/***/jars/nessie-spark-extensions-3.4_2.12-0.105.7.jar exists=True size=2294495
[2025-12-06T06:13:18.329+0000] {spark_read_mongo_dag.py:184} INFO - spark-submit stdout | 2025-12-06 06:13:06,070 INFO mongo_to_iceberg - JAR: /opt/***/jars/hadoop-aws-3.3.4.jar exists=True size=962685
[2025-12-06T06:13:18.330+0000] {spark_read_mongo_dag.py:184} INFO - spark-submit stdout | 2025-12-06 06:13:06,071 INFO mongo_to_iceberg - JAR: /opt/***/jars/aws-java-sdk-bundle-1.12.772.jar exists=True size=388405806
[2025-12-06T06:13:18.330+0000] {spark_read_mongo_dag.py:184} INFO - spark-submit stdout | 2025-12-06 06:13:06,071 INFO mongo_to_iceberg - Mongo URI (masked): mongodb://172.168.168.206:27017/ai_segmentation.conversations
[2025-12-06T06:13:18.331+0000] {spark_read_mongo_dag.py:184} INFO - spark-submit stdout | 2025-12-06 06:13:06,071 INFO mongo_to_iceberg - Using Iceberg warehouse (must be s3a://): s3a://iceberg/
[2025-12-06T06:13:18.331+0000] {spark_read_mongo_dag.py:184} INFO - spark-submit stdout | 2025-12-06 06:13:06,071 INFO mongo_to_iceberg - S3 endpoint=http://minio:9000 path_style=true ssl_enabled=false
[2025-12-06T06:13:18.331+0000] {spark_read_mongo_dag.py:184} INFO - spark-submit stdout | 2025-12-06 06:13:06,071 INFO mongo_to_iceberg - Nessie URI=http://nessie:19120/api/v2/trees ref=main
[2025-12-06T06:13:18.332+0000] {spark_read_mongo_dag.py:184} INFO - spark-submit stdout | 2025-12-06 06:13:06,071 INFO mongo_to_iceberg - Creating SparkSession...
[2025-12-06T06:13:18.332+0000] {spark_read_mongo_dag.py:184} INFO - spark-submit stdout | 2025-12-06 06:13:11,533 INFO mongo_to_iceberg - SparkSession created. Spark version=3.4.1
[2025-12-06T06:13:18.332+0000] {spark_read_mongo_dag.py:184} INFO - spark-submit stdout | 2025-12-06 06:13:12,409 INFO mongo_to_iceberg - spark.jars config=/opt/***/jars/mongo-spark-connector_2.12-10.1.1.jar,/opt/***/jars/bson-4.11.2.jar,/opt/***/jars/mongodb-driver-core-4.11.2.jar,/opt/***/jars/mongodb-driver-sync-4.11.2.jar,/opt/***/jars/iceberg-spark-runtime-3.5_2.12-1.5.2.jar,/opt/***/jars/iceberg-nessie-1.5.2.jar,/opt/***/jars/nessie-client-0.99.0.jar,/opt/***/jars/nessie-spark-extensions-3.4_2.12-0.105.7.jar,/opt/***/jars/hadoop-aws-3.3.4.jar,/opt/***/jars/aws-java-sdk-bundle-1.12.772.jar
[2025-12-06T06:13:18.333+0000] {spark_read_mongo_dag.py:184} INFO - spark-submit stdout | 2025-12-06 06:13:12,410 INFO mongo_to_iceberg - spark.mongodb.read.connection.uri=mongodb://172.168.168.206:27017/ai_segmentation.conversations
[2025-12-06T06:13:18.333+0000] {spark_read_mongo_dag.py:184} INFO - spark-submit stdout | 2025-12-06 06:13:12,411 INFO mongo_to_iceberg - spark.sql.catalog.nessie.warehouse=s3a://iceberg/
[2025-12-06T06:13:18.334+0000] {spark_read_mongo_dag.py:184} INFO - spark-submit stdout | 2025-12-06 06:13:12,411 INFO mongo_to_iceberg - Starting read from MongoDB collection ai_segmentation.conversations
[2025-12-06T06:13:18.334+0000] {spark_read_mongo_dag.py:184} INFO - spark-submit stdout | 2025-12-06 06:13:14,510 INFO mongo_to_iceberg - Read succeeded. Counting rows (this may be slow)...
[2025-12-06T06:13:18.334+0000] {spark_read_mongo_dag.py:184} INFO - spark-submit stdout | 2025-12-06 06:13:15,177 WARNING mongo_to_iceberg - Failed to count rows; assuming 0. Error: URI doesn't end with the version: http://nessie:19120/api/v2/trees. Please configure `client-api-version` in the catalog properties explicitly.
[2025-12-06T06:13:18.335+0000] {spark_read_mongo_dag.py:184} INFO - spark-submit stdout | 2025-12-06 06:13:15,177 INFO mongo_to_iceberg - Rows read from MongoDB: 0
[2025-12-06T06:13:18.335+0000] {spark_read_mongo_dag.py:184} INFO - spark-submit stdout | 2025-12-06 06:13:15,177 INFO mongo_to_iceberg - Showing up to 5 rows:
[2025-12-06T06:13:18.335+0000] {spark_read_mongo_dag.py:184} INFO - spark-submit stdout | 2025-12-06 06:13:15,229 WARNING mongo_to_iceberg - Failed to take sample rows: URI doesn't end with the version: http://nessie:19120/api/v2/trees. Please configure `client-api-version` in the catalog properties explicitly.
[2025-12-06T06:13:18.336+0000] {spark_read_mongo_dag.py:184} INFO - spark-submit stdout | 2025-12-06 06:13:15,345 ERROR mongo_to_iceberg - Failed to print JSON rows: URI doesn't end with the version: http://nessie:19120/api/v2/trees. Please configure `client-api-version` in the catalog properties explicitly.
[2025-12-06T06:13:18.336+0000] {spark_read_mongo_dag.py:184} INFO - spark-submit stdout | 2025-12-06 06:13:15,345 INFO mongo_to_iceberg - Namespace: ai_segmentation, Table: conversations, Table ident: nessie.ai_segmentation.conversations
[2025-12-06T06:13:18.336+0000] {spark_read_mongo_dag.py:184} INFO - spark-submit stdout | 2025-12-06 06:13:15,346 INFO mongo_to_iceberg - Namespace location: s3a://iceberg/ai_segmentation
[2025-12-06T06:13:18.337+0000] {spark_read_mongo_dag.py:184} INFO - spark-submit stdout | 2025-12-06 06:13:15,346 INFO mongo_to_iceberg - Parquet target path (for fallback): s3a://iceberg/ai_segmentation/conversations/parquet/
[2025-12-06T06:13:18.337+0000] {spark_read_mongo_dag.py:184} INFO - spark-submit stdout | 2025-12-06 06:13:15,346 WARNING mongo_to_iceberg - DataFrame appears empty or has no columns (rows=0). Will write a job marker instead.
[2025-12-06T06:13:18.337+0000] {spark_read_mongo_dag.py:184} INFO - spark-submit stdout | 2025-12-06 06:13:17,167 WARNING mongo_to_iceberg - Failed to write job marker: URI doesn't end with the version: http://nessie:19120/api/v2/trees. Please configure `client-api-version` in the catalog properties explicitly.
[2025-12-06T06:13:18.338+0000] {spark_read_mongo_dag.py:184} INFO - spark-submit stdout | 2025-12-06 06:13:17,171 INFO mongo_to_iceberg - Writing CSV preview (limit=100) to s3a://iceberg/ai_segmentation/conversations/preview/
[2025-12-06T06:13:18.338+0000] {spark_read_mongo_dag.py:184} INFO - spark-submit stdout | 2025-12-06 06:13:17,224 WARNING mongo_to_iceberg - Failed to write CSV preview: URI doesn't end with the version: http://nessie:19120/api/v2/trees. Please configure `client-api-version` in the catalog properties explicitly.
[2025-12-06T06:13:18.338+0000] {spark_read_mongo_dag.py:184} INFO - spark-submit stdout | 2025-12-06 06:13:17,224 INFO mongo_to_iceberg - Verifying Iceberg table read via Spark SQL: SELECT count(*) FROM nessie.ai_segmentation.conversations
[2025-12-06T06:13:18.338+0000] {spark_read_mongo_dag.py:184} INFO - spark-submit stdout | 2025-12-06 06:13:17,293 WARNING mongo_to_iceberg - Failed to verify Iceberg table via SQL: URI doesn't end with the version: http://nessie:19120/api/v2/trees. Please configure `client-api-version` in the catalog properties explicitly.
[2025-12-06T06:13:18.339+0000] {spark_read_mongo_dag.py:184} INFO - spark-submit stdout | 2025-12-06 06:13:17,293 INFO mongo_to_iceberg - Stopping Spark.
[2025-12-06T06:13:18.339+0000] {spark_read_mongo_dag.py:184} INFO - spark-submit stdout | 2025-12-06 06:13:17,878 INFO mongo_to_iceberg - END main SUCCESS at 2025-12-06 06:13:17
[2025-12-06T06:13:18.339+0000] {spark_read_mongo_dag.py:184} INFO - spark-submit stdout | 2025-12-06 06:13:17,879 INFO py4j.clientserver - Closing down clientserver connection
[2025-12-06T06:13:18.340+0000] {spark_read_mongo_dag.py:188} ERROR - spark-submit stderr | 25/12/06 06:13:04 WARN NativeCodeLoader: Unable to load native-hadoop library for your platform... using builtin-java classes where applicable
[2025-12-06T06:13:18.340+0000] {spark_read_mongo_dag.py:188} ERROR - spark-submit stderr | 25/12/06 06:13:06 INFO SparkContext: Running Spark version 3.4.1
[2025-12-06T06:13:18.340+0000] {spark_read_mongo_dag.py:188} ERROR - spark-submit stderr | 25/12/06 06:13:06 INFO ResourceUtils: ==============================================================
[2025-12-06T06:13:18.341+0000] {spark_read_mongo_dag.py:188} ERROR - spark-submit stderr | 25/12/06 06:13:06 INFO ResourceUtils: No custom resources configured for spark.driver.
[2025-12-06T06:13:18.341+0000] {spark_read_mongo_dag.py:188} ERROR - spark-submit stderr | 25/12/06 06:13:06 INFO ResourceUtils: ==============================================================
[2025-12-06T06:13:18.341+0000] {spark_read_mongo_dag.py:188} ERROR - spark-submit stderr | 25/12/06 06:13:06 INFO SparkContext: Submitted application: MongoToIceberg
[2025-12-06T06:13:18.342+0000] {spark_read_mongo_dag.py:188} ERROR - spark-submit stderr | 25/12/06 06:13:06 INFO ResourceProfile: Default ResourceProfile created, executor resources: Map(cores -> name: cores, amount: 1, script: , vendor: , memory -> name: memory, amount: 1024, script: , vendor: , offHeap -> name: offHeap, amount: 0, script: , vendor: ), task resources: Map(cpus -> name: cpus, amount: 1.0)
[2025-12-06T06:13:18.342+0000] {spark_read_mongo_dag.py:188} ERROR - spark-submit stderr | 25/12/06 06:13:06 INFO ResourceProfile: Limiting resource is cpu
[2025-12-06T06:13:18.342+0000] {spark_read_mongo_dag.py:188} ERROR - spark-submit stderr | 25/12/06 06:13:06 INFO ResourceProfileManager: Added ResourceProfile id: 0
[2025-12-06T06:13:18.343+0000] {spark_read_mongo_dag.py:188} ERROR - spark-submit stderr | 25/12/06 06:13:06 INFO SecurityManager: Changing view acls to: ***
[2025-12-06T06:13:18.343+0000] {spark_read_mongo_dag.py:188} ERROR - spark-submit stderr | 25/12/06 06:13:06 INFO SecurityManager: Changing modify acls to: ***
[2025-12-06T06:13:18.343+0000] {spark_read_mongo_dag.py:188} ERROR - spark-submit stderr | 25/12/06 06:13:06 INFO SecurityManager: Changing view acls groups to: 
[2025-12-06T06:13:18.344+0000] {spark_read_mongo_dag.py:188} ERROR - spark-submit stderr | 25/12/06 06:13:06 INFO SecurityManager: Changing modify acls groups to: 
[2025-12-06T06:13:18.344+0000] {spark_read_mongo_dag.py:188} ERROR - spark-submit stderr | 25/12/06 06:13:06 INFO SecurityManager: SecurityManager: authentication disabled; ui acls disabled; users with view permissions: ***; groups with view permissions: EMPTY; users with modify permissions: ***; groups with modify permissions: EMPTY
[2025-12-06T06:13:18.344+0000] {spark_read_mongo_dag.py:188} ERROR - spark-submit stderr | 25/12/06 06:13:07 INFO Utils: Successfully started service 'sparkDriver' on port 41361.
[2025-12-06T06:13:18.345+0000] {spark_read_mongo_dag.py:188} ERROR - spark-submit stderr | 25/12/06 06:13:07 INFO SparkEnv: Registering MapOutputTracker
[2025-12-06T06:13:18.345+0000] {spark_read_mongo_dag.py:188} ERROR - spark-submit stderr | 25/12/06 06:13:07 INFO SparkEnv: Registering BlockManagerMaster
[2025-12-06T06:13:18.345+0000] {spark_read_mongo_dag.py:188} ERROR - spark-submit stderr | 25/12/06 06:13:07 INFO BlockManagerMasterEndpoint: Using org.apache.spark.storage.DefaultTopologyMapper for getting topology information
[2025-12-06T06:13:18.346+0000] {spark_read_mongo_dag.py:188} ERROR - spark-submit stderr | 25/12/06 06:13:07 INFO BlockManagerMasterEndpoint: BlockManagerMasterEndpoint up
[2025-12-06T06:13:18.346+0000] {spark_read_mongo_dag.py:188} ERROR - spark-submit stderr | 25/12/06 06:13:07 INFO SparkEnv: Registering BlockManagerMasterHeartbeat
[2025-12-06T06:13:18.346+0000] {spark_read_mongo_dag.py:188} ERROR - spark-submit stderr | 25/12/06 06:13:07 INFO DiskBlockManager: Created local directory at /tmp/blockmgr-babefdcc-150b-4dbb-83c6-dfddcceecfc1
[2025-12-06T06:13:18.347+0000] {spark_read_mongo_dag.py:188} ERROR - spark-submit stderr | 25/12/06 06:13:07 INFO MemoryStore: MemoryStore started with capacity 434.4 MiB
[2025-12-06T06:13:18.347+0000] {spark_read_mongo_dag.py:188} ERROR - spark-submit stderr | 25/12/06 06:13:07 INFO SparkEnv: Registering OutputCommitCoordinator
[2025-12-06T06:13:18.347+0000] {spark_read_mongo_dag.py:188} ERROR - spark-submit stderr | 25/12/06 06:13:07 INFO JettyUtils: Start Jetty 0.0.0.0:4040 for SparkUI
[2025-12-06T06:13:18.348+0000] {spark_read_mongo_dag.py:188} ERROR - spark-submit stderr | 25/12/06 06:13:07 INFO Utils: Successfully started service 'SparkUI' on port 4040.
[2025-12-06T06:13:18.348+0000] {spark_read_mongo_dag.py:188} ERROR - spark-submit stderr | 25/12/06 06:13:07 INFO SparkContext: Added JAR /opt/***/jars/mongo-spark-connector_2.12-10.1.1.jar at spark://fa5351f36d22:41361/jars/mongo-spark-connector_2.12-10.1.1.jar with timestamp 1765001586743
[2025-12-06T06:13:18.348+0000] {spark_read_mongo_dag.py:188} ERROR - spark-submit stderr | 25/12/06 06:13:07 INFO SparkContext: Added JAR /opt/***/jars/bson-4.11.2.jar at spark://fa5351f36d22:41361/jars/bson-4.11.2.jar with timestamp 1765001586743
[2025-12-06T06:13:18.349+0000] {spark_read_mongo_dag.py:188} ERROR - spark-submit stderr | 25/12/06 06:13:07 INFO SparkContext: Added JAR /opt/***/jars/mongodb-driver-core-4.11.2.jar at spark://fa5351f36d22:41361/jars/mongodb-driver-core-4.11.2.jar with timestamp 1765001586743
[2025-12-06T06:13:18.349+0000] {spark_read_mongo_dag.py:188} ERROR - spark-submit stderr | 25/12/06 06:13:07 INFO SparkContext: Added JAR /opt/***/jars/mongodb-driver-sync-4.11.2.jar at spark://fa5351f36d22:41361/jars/mongodb-driver-sync-4.11.2.jar with timestamp 1765001586743
[2025-12-06T06:13:18.349+0000] {spark_read_mongo_dag.py:188} ERROR - spark-submit stderr | 25/12/06 06:13:07 INFO SparkContext: Added JAR /opt/***/jars/iceberg-spark-runtime-3.5_2.12-1.5.2.jar at spark://fa5351f36d22:41361/jars/iceberg-spark-runtime-3.5_2.12-1.5.2.jar with timestamp 1765001586743
[2025-12-06T06:13:18.350+0000] {spark_read_mongo_dag.py:188} ERROR - spark-submit stderr | 25/12/06 06:13:07 INFO SparkContext: Added JAR /opt/***/jars/iceberg-nessie-1.5.2.jar at spark://fa5351f36d22:41361/jars/iceberg-nessie-1.5.2.jar with timestamp 1765001586743
[2025-12-06T06:13:18.350+0000] {spark_read_mongo_dag.py:188} ERROR - spark-submit stderr | 25/12/06 06:13:07 INFO SparkContext: Added JAR /opt/***/jars/nessie-client-0.99.0.jar at spark://fa5351f36d22:41361/jars/nessie-client-0.99.0.jar with timestamp 1765001586743
[2025-12-06T06:13:18.351+0000] {spark_read_mongo_dag.py:188} ERROR - spark-submit stderr | 25/12/06 06:13:07 INFO SparkContext: Added JAR /opt/***/jars/nessie-spark-extensions-3.4_2.12-0.105.7.jar at spark://fa5351f36d22:41361/jars/nessie-spark-extensions-3.4_2.12-0.105.7.jar with timestamp 1765001586743
[2025-12-06T06:13:18.351+0000] {spark_read_mongo_dag.py:188} ERROR - spark-submit stderr | 25/12/06 06:13:07 INFO SparkContext: Added JAR /opt/***/jars/hadoop-aws-3.3.4.jar at spark://fa5351f36d22:41361/jars/hadoop-aws-3.3.4.jar with timestamp 1765001586743
[2025-12-06T06:13:18.351+0000] {spark_read_mongo_dag.py:188} ERROR - spark-submit stderr | 25/12/06 06:13:07 INFO SparkContext: Added JAR /opt/***/jars/aws-java-sdk-bundle-1.12.772.jar at spark://fa5351f36d22:41361/jars/aws-java-sdk-bundle-1.12.772.jar with timestamp 1765001586743
[2025-12-06T06:13:18.352+0000] {spark_read_mongo_dag.py:188} ERROR - spark-submit stderr | 25/12/06 06:13:07 INFO Executor: Starting executor ID driver on host fa5351f36d22
[2025-12-06T06:13:18.352+0000] {spark_read_mongo_dag.py:188} ERROR - spark-submit stderr | 25/12/06 06:13:07 INFO Executor: Starting executor with user classpath (userClassPathFirst = false): ''
[2025-12-06T06:13:18.352+0000] {spark_read_mongo_dag.py:188} ERROR - spark-submit stderr | 25/12/06 06:13:07 INFO Executor: Fetching spark://fa5351f36d22:41361/jars/aws-java-sdk-bundle-1.12.772.jar with timestamp 1765001586743
[2025-12-06T06:13:18.353+0000] {spark_read_mongo_dag.py:188} ERROR - spark-submit stderr | 25/12/06 06:13:07 INFO TransportClientFactory: Successfully created connection to fa5351f36d22/172.19.0.8:41361 after 20 ms (0 ms spent in bootstraps)
[2025-12-06T06:13:18.353+0000] {spark_read_mongo_dag.py:188} ERROR - spark-submit stderr | 25/12/06 06:13:07 INFO Utils: Fetching spark://fa5351f36d22:41361/jars/aws-java-sdk-bundle-1.12.772.jar to /tmp/spark-ef63d749-1a0f-43d1-85f2-7e70343bc7f0/userFiles-c42473b1-9fc7-4501-9c9f-e4a440db1824/fetchFileTemp17616448013010026170.tmp
[2025-12-06T06:13:18.353+0000] {spark_read_mongo_dag.py:188} ERROR - spark-submit stderr | 25/12/06 06:13:10 INFO Executor: Adding file:/tmp/spark-ef63d749-1a0f-43d1-85f2-7e70343bc7f0/userFiles-c42473b1-9fc7-4501-9c9f-e4a440db1824/aws-java-sdk-bundle-1.12.772.jar to class loader
[2025-12-06T06:13:18.354+0000] {spark_read_mongo_dag.py:188} ERROR - spark-submit stderr | 25/12/06 06:13:10 INFO Executor: Fetching spark://fa5351f36d22:41361/jars/mongo-spark-connector_2.12-10.1.1.jar with timestamp 1765001586743
[2025-12-06T06:13:18.354+0000] {spark_read_mongo_dag.py:188} ERROR - spark-submit stderr | 25/12/06 06:13:10 INFO Utils: Fetching spark://fa5351f36d22:41361/jars/mongo-spark-connector_2.12-10.1.1.jar to /tmp/spark-ef63d749-1a0f-43d1-85f2-7e70343bc7f0/userFiles-c42473b1-9fc7-4501-9c9f-e4a440db1824/fetchFileTemp9377057936040124033.tmp
[2025-12-06T06:13:18.354+0000] {spark_read_mongo_dag.py:188} ERROR - spark-submit stderr | 25/12/06 06:13:10 INFO Executor: Adding file:/tmp/spark-ef63d749-1a0f-43d1-85f2-7e70343bc7f0/userFiles-c42473b1-9fc7-4501-9c9f-e4a440db1824/mongo-spark-connector_2.12-10.1.1.jar to class loader
[2025-12-06T06:13:18.355+0000] {spark_read_mongo_dag.py:188} ERROR - spark-submit stderr | 25/12/06 06:13:10 INFO Executor: Fetching spark://fa5351f36d22:41361/jars/nessie-client-0.99.0.jar with timestamp 1765001586743
[2025-12-06T06:13:18.355+0000] {spark_read_mongo_dag.py:188} ERROR - spark-submit stderr | 25/12/06 06:13:10 INFO Utils: Fetching spark://fa5351f36d22:41361/jars/nessie-client-0.99.0.jar to /tmp/spark-ef63d749-1a0f-43d1-85f2-7e70343bc7f0/userFiles-c42473b1-9fc7-4501-9c9f-e4a440db1824/fetchFileTemp3034004738008099835.tmp
[2025-12-06T06:13:18.355+0000] {spark_read_mongo_dag.py:188} ERROR - spark-submit stderr | 25/12/06 06:13:10 INFO Executor: Adding file:/tmp/spark-ef63d749-1a0f-43d1-85f2-7e70343bc7f0/userFiles-c42473b1-9fc7-4501-9c9f-e4a440db1824/nessie-client-0.99.0.jar to class loader
[2025-12-06T06:13:18.356+0000] {spark_read_mongo_dag.py:188} ERROR - spark-submit stderr | 25/12/06 06:13:10 INFO Executor: Fetching spark://fa5351f36d22:41361/jars/mongodb-driver-sync-4.11.2.jar with timestamp 1765001586743
[2025-12-06T06:13:18.356+0000] {spark_read_mongo_dag.py:188} ERROR - spark-submit stderr | 25/12/06 06:13:10 INFO Utils: Fetching spark://fa5351f36d22:41361/jars/mongodb-driver-sync-4.11.2.jar to /tmp/spark-ef63d749-1a0f-43d1-85f2-7e70343bc7f0/userFiles-c42473b1-9fc7-4501-9c9f-e4a440db1824/fetchFileTemp8952249605993274297.tmp
[2025-12-06T06:13:18.356+0000] {spark_read_mongo_dag.py:188} ERROR - spark-submit stderr | 25/12/06 06:13:10 INFO Executor: Adding file:/tmp/spark-ef63d749-1a0f-43d1-85f2-7e70343bc7f0/userFiles-c42473b1-9fc7-4501-9c9f-e4a440db1824/mongodb-driver-sync-4.11.2.jar to class loader
[2025-12-06T06:13:18.357+0000] {spark_read_mongo_dag.py:188} ERROR - spark-submit stderr | 25/12/06 06:13:10 INFO Executor: Fetching spark://fa5351f36d22:41361/jars/mongodb-driver-core-4.11.2.jar with timestamp 1765001586743
[2025-12-06T06:13:18.357+0000] {spark_read_mongo_dag.py:188} ERROR - spark-submit stderr | 25/12/06 06:13:10 INFO Utils: Fetching spark://fa5351f36d22:41361/jars/mongodb-driver-core-4.11.2.jar to /tmp/spark-ef63d749-1a0f-43d1-85f2-7e70343bc7f0/userFiles-c42473b1-9fc7-4501-9c9f-e4a440db1824/fetchFileTemp16446573973049923694.tmp
[2025-12-06T06:13:18.357+0000] {spark_read_mongo_dag.py:188} ERROR - spark-submit stderr | 25/12/06 06:13:10 INFO Executor: Adding file:/tmp/spark-ef63d749-1a0f-43d1-85f2-7e70343bc7f0/userFiles-c42473b1-9fc7-4501-9c9f-e4a440db1824/mongodb-driver-core-4.11.2.jar to class loader
[2025-12-06T06:13:18.358+0000] {spark_read_mongo_dag.py:188} ERROR - spark-submit stderr | 25/12/06 06:13:10 INFO Executor: Fetching spark://fa5351f36d22:41361/jars/iceberg-spark-runtime-3.5_2.12-1.5.2.jar with timestamp 1765001586743
[2025-12-06T06:13:18.358+0000] {spark_read_mongo_dag.py:188} ERROR - spark-submit stderr | 25/12/06 06:13:10 INFO Utils: Fetching spark://fa5351f36d22:41361/jars/iceberg-spark-runtime-3.5_2.12-1.5.2.jar to /tmp/spark-ef63d749-1a0f-43d1-85f2-7e70343bc7f0/userFiles-c42473b1-9fc7-4501-9c9f-e4a440db1824/fetchFileTemp11457532022183137502.tmp
[2025-12-06T06:13:18.358+0000] {spark_read_mongo_dag.py:188} ERROR - spark-submit stderr | 25/12/06 06:13:11 INFO Executor: Adding file:/tmp/spark-ef63d749-1a0f-43d1-85f2-7e70343bc7f0/userFiles-c42473b1-9fc7-4501-9c9f-e4a440db1824/iceberg-spark-runtime-3.5_2.12-1.5.2.jar to class loader
[2025-12-06T06:13:18.358+0000] {spark_read_mongo_dag.py:188} ERROR - spark-submit stderr | 25/12/06 06:13:11 INFO Executor: Fetching spark://fa5351f36d22:41361/jars/nessie-spark-extensions-3.4_2.12-0.105.7.jar with timestamp 1765001586743
[2025-12-06T06:13:18.359+0000] {spark_read_mongo_dag.py:188} ERROR - spark-submit stderr | 25/12/06 06:13:11 INFO Utils: Fetching spark://fa5351f36d22:41361/jars/nessie-spark-extensions-3.4_2.12-0.105.7.jar to /tmp/spark-ef63d749-1a0f-43d1-85f2-7e70343bc7f0/userFiles-c42473b1-9fc7-4501-9c9f-e4a440db1824/fetchFileTemp6598454869849692116.tmp
[2025-12-06T06:13:18.359+0000] {spark_read_mongo_dag.py:188} ERROR - spark-submit stderr | 25/12/06 06:13:11 INFO Executor: Adding file:/tmp/spark-ef63d749-1a0f-43d1-85f2-7e70343bc7f0/userFiles-c42473b1-9fc7-4501-9c9f-e4a440db1824/nessie-spark-extensions-3.4_2.12-0.105.7.jar to class loader
[2025-12-06T06:13:18.359+0000] {spark_read_mongo_dag.py:188} ERROR - spark-submit stderr | 25/12/06 06:13:11 INFO Executor: Fetching spark://fa5351f36d22:41361/jars/bson-4.11.2.jar with timestamp 1765001586743
[2025-12-06T06:13:18.360+0000] {spark_read_mongo_dag.py:188} ERROR - spark-submit stderr | 25/12/06 06:13:11 INFO Utils: Fetching spark://fa5351f36d22:41361/jars/bson-4.11.2.jar to /tmp/spark-ef63d749-1a0f-43d1-85f2-7e70343bc7f0/userFiles-c42473b1-9fc7-4501-9c9f-e4a440db1824/fetchFileTemp7067915457008732482.tmp
[2025-12-06T06:13:18.360+0000] {spark_read_mongo_dag.py:188} ERROR - spark-submit stderr | 25/12/06 06:13:11 INFO Executor: Adding file:/tmp/spark-ef63d749-1a0f-43d1-85f2-7e70343bc7f0/userFiles-c42473b1-9fc7-4501-9c9f-e4a440db1824/bson-4.11.2.jar to class loader
[2025-12-06T06:13:18.360+0000] {spark_read_mongo_dag.py:188} ERROR - spark-submit stderr | 25/12/06 06:13:11 INFO Executor: Fetching spark://fa5351f36d22:41361/jars/hadoop-aws-3.3.4.jar with timestamp 1765001586743
[2025-12-06T06:13:18.361+0000] {spark_read_mongo_dag.py:188} ERROR - spark-submit stderr | 25/12/06 06:13:11 INFO Utils: Fetching spark://fa5351f36d22:41361/jars/hadoop-aws-3.3.4.jar to /tmp/spark-ef63d749-1a0f-43d1-85f2-7e70343bc7f0/userFiles-c42473b1-9fc7-4501-9c9f-e4a440db1824/fetchFileTemp8210488342327776976.tmp
[2025-12-06T06:13:18.361+0000] {spark_read_mongo_dag.py:188} ERROR - spark-submit stderr | 25/12/06 06:13:11 INFO Executor: Adding file:/tmp/spark-ef63d749-1a0f-43d1-85f2-7e70343bc7f0/userFiles-c42473b1-9fc7-4501-9c9f-e4a440db1824/hadoop-aws-3.3.4.jar to class loader
[2025-12-06T06:13:18.362+0000] {spark_read_mongo_dag.py:188} ERROR - spark-submit stderr | 25/12/06 06:13:11 INFO Executor: Fetching spark://fa5351f36d22:41361/jars/iceberg-nessie-1.5.2.jar with timestamp 1765001586743
[2025-12-06T06:13:18.362+0000] {spark_read_mongo_dag.py:188} ERROR - spark-submit stderr | 25/12/06 06:13:11 INFO Utils: Fetching spark://fa5351f36d22:41361/jars/iceberg-nessie-1.5.2.jar to /tmp/spark-ef63d749-1a0f-43d1-85f2-7e70343bc7f0/userFiles-c42473b1-9fc7-4501-9c9f-e4a440db1824/fetchFileTemp15167467664091949900.tmp
[2025-12-06T06:13:18.362+0000] {spark_read_mongo_dag.py:188} ERROR - spark-submit stderr | 25/12/06 06:13:11 INFO Executor: Adding file:/tmp/spark-ef63d749-1a0f-43d1-85f2-7e70343bc7f0/userFiles-c42473b1-9fc7-4501-9c9f-e4a440db1824/iceberg-nessie-1.5.2.jar to class loader
[2025-12-06T06:13:18.363+0000] {spark_read_mongo_dag.py:188} ERROR - spark-submit stderr | 25/12/06 06:13:11 INFO Utils: Successfully started service 'org.apache.spark.network.netty.NettyBlockTransferService' on port 42669.
[2025-12-06T06:13:18.363+0000] {spark_read_mongo_dag.py:188} ERROR - spark-submit stderr | 25/12/06 06:13:11 INFO NettyBlockTransferService: Server created on fa5351f36d22:42669
[2025-12-06T06:13:18.363+0000] {spark_read_mongo_dag.py:188} ERROR - spark-submit stderr | 25/12/06 06:13:11 INFO BlockManager: Using org.apache.spark.storage.RandomBlockReplicationPolicy for block replication policy
[2025-12-06T06:13:18.363+0000] {spark_read_mongo_dag.py:188} ERROR - spark-submit stderr | 25/12/06 06:13:11 INFO BlockManagerMaster: Registering BlockManager BlockManagerId(driver, fa5351f36d22, 42669, None)
[2025-12-06T06:13:18.364+0000] {spark_read_mongo_dag.py:188} ERROR - spark-submit stderr | 25/12/06 06:13:11 INFO BlockManagerMasterEndpoint: Registering block manager fa5351f36d22:42669 with 434.4 MiB RAM, BlockManagerId(driver, fa5351f36d22, 42669, None)
[2025-12-06T06:13:18.364+0000] {spark_read_mongo_dag.py:188} ERROR - spark-submit stderr | 25/12/06 06:13:11 INFO BlockManagerMaster: Registered BlockManager BlockManagerId(driver, fa5351f36d22, 42669, None)
[2025-12-06T06:13:18.364+0000] {spark_read_mongo_dag.py:188} ERROR - spark-submit stderr | 25/12/06 06:13:11 INFO BlockManager: Initialized BlockManager: BlockManagerId(driver, fa5351f36d22, 42669, None)
[2025-12-06T06:13:18.365+0000] {spark_read_mongo_dag.py:188} ERROR - spark-submit stderr | 25/12/06 06:13:11 INFO SharedState: Setting hive.metastore.warehouse.dir ('null') to the value of spark.sql.warehouse.dir.
[2025-12-06T06:13:18.365+0000] {spark_read_mongo_dag.py:188} ERROR - spark-submit stderr | 25/12/06 06:13:11 INFO SharedState: Warehouse path is 'file:/opt/***/spark-warehouse'.
[2025-12-06T06:13:18.365+0000] {spark_read_mongo_dag.py:188} ERROR - spark-submit stderr | 25/12/06 06:13:13 INFO client: MongoClient with metadata {"driver": {"name": "mongo-java-driver|sync|mongo-spark-connector|source", "version": "4.11.2|10.1.1"}, "os": {"type": "Linux", "name": "Linux", "architecture": "amd64", "version": "6.6.87.2-microsoft-standard-WSL2"}, "platform": "Java/Debian/17.0.17+10-Debian-1deb12u1|Scala/2.12.17/Spark/3.4.1"} created with settings MongoClientSettings{readPreference=primary, writeConcern=WriteConcern{w=null, wTimeout=null ms, journal=null}, retryWrites=true, retryReads=true, readConcern=ReadConcern{level=null}, credential=null, transportSettings=null, streamFactoryFactory=null, commandListeners=[], codecRegistry=ProvidersCodecRegistry{codecProviders=[ValueCodecProvider{}, BsonValueCodecProvider{}, DBRefCodecProvider{}, DBObjectCodecProvider{}, DocumentCodecProvider{}, CollectionCodecProvider{}, IterableCodecProvider{}, MapCodecProvider{}, GeoJsonCodecProvider{}, GridFSFileCodecProvider{}, Jsr310CodecProvider{}, JsonObjectCodecProvider{}, BsonCodecProvider{}, EnumCodecProvider{}, com.mongodb.client.model.mql.ExpressionCodecProvider@773ce5b0, com.mongodb.Jep395RecordCodecProvider@291834cb, com.mongodb.KotlinCodecProvider@77ef2e43]}, loggerSettings=LoggerSettings{maxDocumentLength=1000}, clusterSettings={hosts=[172.168.168.206:27017], srvServiceName=mongodb, mode=SINGLE, requiredClusterType=UNKNOWN, requiredReplicaSetName='null', serverSelector='null', clusterListeners='[]', serverSelectionTimeout='30000 ms', localThreshold='15 ms'}, socketSettings=SocketSettings{connectTimeoutMS=10000, readTimeoutMS=0, receiveBufferSize=0, proxySettings=ProxySettings{host=null, port=null, username=null, password=null}}, heartbeatSocketSettings=SocketSettings{connectTimeoutMS=10000, readTimeoutMS=10000, receiveBufferSize=0, proxySettings=ProxySettings{host=null, port=null, username=null, password=null}}, connectionPoolSettings=ConnectionPoolSettings{maxSize=100, minSize=0, maxWaitTimeMS=120000, maxConnectionLifeTimeMS=0, maxConnectionIdleTimeMS=0, maintenanceInitialDelayMS=0, maintenanceFrequencyMS=60000, connectionPoolListeners=[], maxConnecting=2}, serverSettings=ServerSettings{heartbeatFrequencyMS=10000, minHeartbeatFrequencyMS=500, serverListeners='[]', serverMonitorListeners='[]'}, sslSettings=SslSettings{enabled=false, invalidHostNameAllowed=false, context=null}, applicationName='null', compressorList=[], uuidRepresentation=UNSPECIFIED, serverApi=null, autoEncryptionSettings=null, dnsClient=null, inetAddressResolver=null, contextProvider=null}
[2025-12-06T06:13:18.366+0000] {spark_read_mongo_dag.py:188} ERROR - spark-submit stderr | 25/12/06 06:13:13 INFO cluster: Monitor thread successfully connected to server with description ServerDescription{address=172.168.168.206:27017, type=STANDALONE, state=CONNECTED, ok=true, minWireVersion=0, maxWireVersion=21, maxDocumentSize=16777216, logicalSessionTimeoutMinutes=30, roundTripTimeNanos=41653214}
[2025-12-06T06:13:18.366+0000] {spark_read_mongo_dag.py:188} ERROR - spark-submit stderr | 25/12/06 06:13:13 INFO MongoTable: Creating MongoTable: mongo-spark-connector-10.1.1
[2025-12-06T06:13:18.366+0000] {spark_read_mongo_dag.py:188} ERROR - spark-submit stderr | 25/12/06 06:13:15 WARN MetricsConfig: Cannot locate configuration: tried hadoop-metrics2-s3a-file-system.properties,hadoop-metrics2.properties
[2025-12-06T06:13:18.367+0000] {spark_read_mongo_dag.py:188} ERROR - spark-submit stderr | 25/12/06 06:13:15 INFO MetricsSystemImpl: Scheduled Metric snapshot period at 10 second(s).
[2025-12-06T06:13:18.367+0000] {spark_read_mongo_dag.py:188} ERROR - spark-submit stderr | 25/12/06 06:13:15 INFO MetricsSystemImpl: s3a-file-system metrics system started
[2025-12-06T06:13:18.367+0000] {spark_read_mongo_dag.py:188} ERROR - spark-submit stderr | 25/12/06 06:13:16 WARN VersionInfoUtils: The AWS SDK for Java 1.x entered maintenance mode starting July 31, 2024 and will reach end of support on December 31, 2025. For more information, see https://aws.amazon.com/blogs/developer/the-aws-sdk-for-java-1-x-is-in-maintenance-mode-effective-july-31-2024/
[2025-12-06T06:13:18.368+0000] {spark_read_mongo_dag.py:188} ERROR - spark-submit stderr | You can print where on the file system the AWS SDK for Java 1.x core runtime is located by setting the AWS_JAVA_V1_PRINT_LOCATION environment variable or aws.java.v1.printLocation system property to 'true'.
[2025-12-06T06:13:18.368+0000] {spark_read_mongo_dag.py:188} ERROR - spark-submit stderr | This message can be disabled by setting the AWS_JAVA_V1_DISABLE_DEPRECATION_ANNOUNCEMENT environment variable or aws.java.v1.disableDeprecationAnnouncement system property to 'true'.
[2025-12-06T06:13:18.368+0000] {spark_read_mongo_dag.py:188} ERROR - spark-submit stderr | The AWS SDK for Java 1.x is being used here:
[2025-12-06T06:13:18.368+0000] {spark_read_mongo_dag.py:188} ERROR - spark-submit stderr | at java.base/java.lang.Thread.getStackTrace(Thread.java:1619)
[2025-12-06T06:13:18.369+0000] {spark_read_mongo_dag.py:188} ERROR - spark-submit stderr | at com.amazonaws.util.VersionInfoUtils.printDeprecationAnnouncement(VersionInfoUtils.java:81)
[2025-12-06T06:13:18.369+0000] {spark_read_mongo_dag.py:188} ERROR - spark-submit stderr | at com.amazonaws.util.VersionInfoUtils.<clinit>(VersionInfoUtils.java:59)
[2025-12-06T06:13:18.369+0000] {spark_read_mongo_dag.py:188} ERROR - spark-submit stderr | at com.amazonaws.internal.EC2ResourceFetcher.<clinit>(EC2ResourceFetcher.java:44)
[2025-12-06T06:13:18.370+0000] {spark_read_mongo_dag.py:188} ERROR - spark-submit stderr | at com.amazonaws.auth.InstanceMetadataServiceCredentialsFetcher.<init>(InstanceMetadataServiceCredentialsFetcher.java:38)
[2025-12-06T06:13:18.370+0000] {spark_read_mongo_dag.py:188} ERROR - spark-submit stderr | at com.amazonaws.auth.InstanceProfileCredentialsProvider.<init>(InstanceProfileCredentialsProvider.java:111)
[2025-12-06T06:13:18.370+0000] {spark_read_mongo_dag.py:188} ERROR - spark-submit stderr | at com.amazonaws.auth.InstanceProfileCredentialsProvider.<init>(InstanceProfileCredentialsProvider.java:91)
[2025-12-06T06:13:18.370+0000] {spark_read_mongo_dag.py:188} ERROR - spark-submit stderr | at com.amazonaws.auth.InstanceProfileCredentialsProvider.<init>(InstanceProfileCredentialsProvider.java:75)
[2025-12-06T06:13:18.371+0000] {spark_read_mongo_dag.py:188} ERROR - spark-submit stderr | at com.amazonaws.auth.InstanceProfileCredentialsProvider.<clinit>(InstanceProfileCredentialsProvider.java:58)
[2025-12-06T06:13:18.371+0000] {spark_read_mongo_dag.py:188} ERROR - spark-submit stderr | at com.amazonaws.auth.EC2ContainerCredentialsProviderWrapper.initializeProvider(EC2ContainerCredentialsProviderWrapper.java:66)
[2025-12-06T06:13:18.371+0000] {spark_read_mongo_dag.py:188} ERROR - spark-submit stderr | at com.amazonaws.auth.EC2ContainerCredentialsProviderWrapper.<init>(EC2ContainerCredentialsProviderWrapper.java:55)
[2025-12-06T06:13:18.372+0000] {spark_read_mongo_dag.py:188} ERROR - spark-submit stderr | at org.apache.hadoop.fs.s3a.auth.IAMInstanceCredentialsProvider.<init>(IAMInstanceCredentialsProvider.java:49)
[2025-12-06T06:13:18.372+0000] {spark_read_mongo_dag.py:188} ERROR - spark-submit stderr | at java.base/jdk.internal.reflect.NativeConstructorAccessorImpl.newInstance0(Native Method)
[2025-12-06T06:13:18.372+0000] {spark_read_mongo_dag.py:188} ERROR - spark-submit stderr | at java.base/jdk.internal.reflect.NativeConstructorAccessorImpl.newInstance(NativeConstructorAccessorImpl.java:77)
[2025-12-06T06:13:18.373+0000] {spark_read_mongo_dag.py:188} ERROR - spark-submit stderr | at java.base/jdk.internal.reflect.DelegatingConstructorAccessorImpl.newInstance(DelegatingConstructorAccessorImpl.java:45)
[2025-12-06T06:13:18.373+0000] {spark_read_mongo_dag.py:188} ERROR - spark-submit stderr | at java.base/java.lang.reflect.Constructor.newInstanceWithCaller(Constructor.java:500)
[2025-12-06T06:13:18.373+0000] {spark_read_mongo_dag.py:188} ERROR - spark-submit stderr | at java.base/java.lang.reflect.Constructor.newInstance(Constructor.java:481)
[2025-12-06T06:13:18.373+0000] {spark_read_mongo_dag.py:188} ERROR - spark-submit stderr | at org.apache.hadoop.fs.s3a.S3AUtils.createAWSCredentialProvider(S3AUtils.java:766)
[2025-12-06T06:13:18.374+0000] {spark_read_mongo_dag.py:188} ERROR - spark-submit stderr | at org.apache.hadoop.fs.s3a.S3AUtils.buildAWSProviderList(S3AUtils.java:698)
[2025-12-06T06:13:18.374+0000] {spark_read_mongo_dag.py:188} ERROR - spark-submit stderr | at org.apache.hadoop.fs.s3a.S3AUtils.createAWSCredentialProviderSet(S3AUtils.java:631)
[2025-12-06T06:13:18.374+0000] {spark_read_mongo_dag.py:188} ERROR - spark-submit stderr | at org.apache.hadoop.fs.s3a.S3AFileSystem.bindAWSClient(S3AFileSystem.java:877)
[2025-12-06T06:13:18.375+0000] {spark_read_mongo_dag.py:188} ERROR - spark-submit stderr | at org.apache.hadoop.fs.s3a.S3AFileSystem.initialize(S3AFileSystem.java:534)
[2025-12-06T06:13:18.375+0000] {spark_read_mongo_dag.py:188} ERROR - spark-submit stderr | at org.apache.hadoop.fs.FileSystem.createFileSystem(FileSystem.java:3469)
[2025-12-06T06:13:18.375+0000] {spark_read_mongo_dag.py:188} ERROR - spark-submit stderr | at org.apache.hadoop.fs.FileSystem.access$300(FileSystem.java:174)
[2025-12-06T06:13:18.376+0000] {spark_read_mongo_dag.py:188} ERROR - spark-submit stderr | at org.apache.hadoop.fs.FileSystem$Cache.getInternal(FileSystem.java:3574)
[2025-12-06T06:13:18.376+0000] {spark_read_mongo_dag.py:188} ERROR - spark-submit stderr | at org.apache.hadoop.fs.FileSystem$Cache.get(FileSystem.java:3521)
[2025-12-06T06:13:18.376+0000] {spark_read_mongo_dag.py:188} ERROR - spark-submit stderr | at org.apache.hadoop.fs.FileSystem.get(FileSystem.java:540)
[2025-12-06T06:13:18.376+0000] {spark_read_mongo_dag.py:188} ERROR - spark-submit stderr | at org.apache.hadoop.fs.Path.getFileSystem(Path.java:365)
[2025-12-06T06:13:18.377+0000] {spark_read_mongo_dag.py:188} ERROR - spark-submit stderr | at org.apache.spark.sql.execution.datasources.DataSource.planForWritingFileFormat(DataSource.scala:454)
[2025-12-06T06:13:18.377+0000] {spark_read_mongo_dag.py:188} ERROR - spark-submit stderr | at org.apache.spark.sql.execution.datasources.DataSource.planForWriting(DataSource.scala:530)
[2025-12-06T06:13:18.377+0000] {spark_read_mongo_dag.py:188} ERROR - spark-submit stderr | at org.apache.spark.sql.DataFrameWriter.saveToV1Source(DataFrameWriter.scala:387)
[2025-12-06T06:13:18.378+0000] {spark_read_mongo_dag.py:188} ERROR - spark-submit stderr | at org.apache.spark.sql.DataFrameWriter.saveInternal(DataFrameWriter.scala:360)
[2025-12-06T06:13:18.378+0000] {spark_read_mongo_dag.py:188} ERROR - spark-submit stderr | at org.apache.spark.sql.DataFrameWriter.save(DataFrameWriter.scala:239)
[2025-12-06T06:13:18.378+0000] {spark_read_mongo_dag.py:188} ERROR - spark-submit stderr | at org.apache.spark.sql.DataFrameWriter.csv(DataFrameWriter.scala:847)
[2025-12-06T06:13:18.379+0000] {spark_read_mongo_dag.py:188} ERROR - spark-submit stderr | at java.base/jdk.internal.reflect.NativeMethodAccessorImpl.invoke0(Native Method)
[2025-12-06T06:13:18.379+0000] {spark_read_mongo_dag.py:188} ERROR - spark-submit stderr | at java.base/jdk.internal.reflect.NativeMethodAccessorImpl.invoke(NativeMethodAccessorImpl.java:77)
[2025-12-06T06:13:18.379+0000] {spark_read_mongo_dag.py:188} ERROR - spark-submit stderr | at java.base/jdk.internal.reflect.DelegatingMethodAccessorImpl.invoke(DelegatingMethodAccessorImpl.java:43)
[2025-12-06T06:13:18.380+0000] {spark_read_mongo_dag.py:188} ERROR - spark-submit stderr | at java.base/java.lang.reflect.Method.invoke(Method.java:569)
[2025-12-06T06:13:18.380+0000] {spark_read_mongo_dag.py:188} ERROR - spark-submit stderr | at py4j.reflection.MethodInvoker.invoke(MethodInvoker.java:244)
[2025-12-06T06:13:18.380+0000] {spark_read_mongo_dag.py:188} ERROR - spark-submit stderr | at py4j.reflection.ReflectionEngine.invoke(ReflectionEngine.java:374)
[2025-12-06T06:13:18.381+0000] {spark_read_mongo_dag.py:188} ERROR - spark-submit stderr | at py4j.Gateway.invoke(Gateway.java:282)
[2025-12-06T06:13:18.381+0000] {spark_read_mongo_dag.py:188} ERROR - spark-submit stderr | at py4j.commands.AbstractCommand.invokeMethod(AbstractCommand.java:132)
[2025-12-06T06:13:18.381+0000] {spark_read_mongo_dag.py:188} ERROR - spark-submit stderr | at py4j.commands.CallCommand.execute(CallCommand.java:79)
[2025-12-06T06:13:18.382+0000] {spark_read_mongo_dag.py:188} ERROR - spark-submit stderr | at py4j.ClientServerConnection.waitForCommands(ClientServerConnection.java:182)
[2025-12-06T06:13:18.382+0000] {spark_read_mongo_dag.py:188} ERROR - spark-submit stderr | at py4j.ClientServerConnection.run(ClientServerConnection.java:106)
[2025-12-06T06:13:18.382+0000] {spark_read_mongo_dag.py:188} ERROR - spark-submit stderr | at java.base/java.lang.Thread.run(Thread.java:840)
[2025-12-06T06:13:18.383+0000] {spark_read_mongo_dag.py:188} ERROR - spark-submit stderr | 25/12/06 06:13:17 INFO SparkContext: SparkContext is stopping with exitCode 0.
[2025-12-06T06:13:18.383+0000] {spark_read_mongo_dag.py:188} ERROR - spark-submit stderr | 25/12/06 06:13:17 INFO SparkUI: Stopped Spark web UI at http://fa5351f36d22:4040
[2025-12-06T06:13:18.383+0000] {spark_read_mongo_dag.py:188} ERROR - spark-submit stderr | 25/12/06 06:13:17 INFO MapOutputTrackerMasterEndpoint: MapOutputTrackerMasterEndpoint stopped!
[2025-12-06T06:13:18.383+0000] {spark_read_mongo_dag.py:188} ERROR - spark-submit stderr | 25/12/06 06:13:17 INFO MemoryStore: MemoryStore cleared
[2025-12-06T06:13:18.384+0000] {spark_read_mongo_dag.py:188} ERROR - spark-submit stderr | 25/12/06 06:13:17 INFO BlockManager: BlockManager stopped
[2025-12-06T06:13:18.384+0000] {spark_read_mongo_dag.py:188} ERROR - spark-submit stderr | 25/12/06 06:13:17 INFO BlockManagerMaster: BlockManagerMaster stopped
[2025-12-06T06:13:18.384+0000] {spark_read_mongo_dag.py:188} ERROR - spark-submit stderr | 25/12/06 06:13:17 INFO OutputCommitCoordinator$OutputCommitCoordinatorEndpoint: OutputCommitCoordinator stopped!
[2025-12-06T06:13:18.385+0000] {spark_read_mongo_dag.py:188} ERROR - spark-submit stderr | 25/12/06 06:13:17 INFO SparkContext: Successfully stopped SparkContext
[2025-12-06T06:13:18.385+0000] {spark_read_mongo_dag.py:188} ERROR - spark-submit stderr | 25/12/06 06:13:18 INFO ShutdownHookManager: Shutdown hook called
[2025-12-06T06:13:18.385+0000] {spark_read_mongo_dag.py:188} ERROR - spark-submit stderr | 25/12/06 06:13:18 INFO ShutdownHookManager: Deleting directory /tmp/spark-ef63d749-1a0f-43d1-85f2-7e70343bc7f0
[2025-12-06T06:13:18.385+0000] {spark_read_mongo_dag.py:188} ERROR - spark-submit stderr | 25/12/06 06:13:18 INFO ShutdownHookManager: Deleting directory /tmp/spark-96bd6591-1585-4dd1-9bdc-bdb41a210e8a
[2025-12-06T06:13:18.386+0000] {spark_read_mongo_dag.py:188} ERROR - spark-submit stderr | 25/12/06 06:13:18 INFO ShutdownHookManager: Deleting directory /tmp/spark-ef63d749-1a0f-43d1-85f2-7e70343bc7f0/pyspark-0546d392-a03b-49bd-97c1-6b4113702ea6
[2025-12-06T06:13:18.386+0000] {spark_read_mongo_dag.py:188} ERROR - spark-submit stderr | 25/12/06 06:13:18 INFO MetricsSystemImpl: Stopping s3a-file-system metrics system...
[2025-12-06T06:13:18.386+0000] {spark_read_mongo_dag.py:188} ERROR - spark-submit stderr | 25/12/06 06:13:18 INFO MetricsSystemImpl: s3a-file-system metrics system stopped.
[2025-12-06T06:13:18.387+0000] {spark_read_mongo_dag.py:188} ERROR - spark-submit stderr | 25/12/06 06:13:18 INFO MetricsSystemImpl: s3a-file-system metrics system shutdown complete.
[2025-12-06T06:13:18.387+0000] {spark_read_mongo_dag.py:193} INFO - END run_spark_job SUCCESS
[2025-12-06T06:13:18.387+0000] {python.py:237} INFO - Done. Returned value was: None
[2025-12-06T06:13:18.388+0000] {taskinstance.py:441} INFO - ::group::Post task execution logs
[2025-12-06T06:13:18.403+0000] {taskinstance.py:1206} INFO - Marking task as SUCCESS. dag_id=mongo_iceberg_dremio_dag, task_id=run_mongo_to_iceberg, run_id=manual__2025-12-06T06:13:00.897091+00:00, execution_date=20251206T061300, start_date=20251206T061302, end_date=20251206T061318
[2025-12-06T06:13:18.466+0000] {local_task_job_runner.py:240} INFO - Task exited with return code 0
[2025-12-06T06:13:18.493+0000] {taskinstance.py:3503} INFO - 1 downstream tasks scheduled from follow-on schedule check
[2025-12-06T06:13:18.516+0000] {local_task_job_runner.py:222} INFO - ::endgroup::
