[2025-12-05T12:35:42.569+0000] {local_task_job_runner.py:120} INFO - ::group::Pre task execution logs
[2025-12-05T12:35:42.628+0000] {taskinstance.py:2076} INFO - Dependencies all met for dep_context=non-requeueable deps ti=<TaskInstance: mongo_iceberg_dremio_dag.run_mongo_to_iceberg manual__2025-12-05T12:35:41.135269+00:00 [queued]>
[2025-12-05T12:35:42.636+0000] {taskinstance.py:2076} INFO - Dependencies all met for dep_context=requeueable deps ti=<TaskInstance: mongo_iceberg_dremio_dag.run_mongo_to_iceberg manual__2025-12-05T12:35:41.135269+00:00 [queued]>
[2025-12-05T12:35:42.674+0000] {taskinstance.py:2306} INFO - Starting attempt 1 of 1
[2025-12-05T12:35:42.810+0000] {taskinstance.py:2330} INFO - Executing <Task(PythonOperator): run_mongo_to_iceberg> on 2025-12-05 12:35:41.135269+00:00
[2025-12-05T12:35:42.832+0000] {standard_task_runner.py:63} INFO - Started process 686 to run task
[2025-12-05T12:35:42.854+0000] {standard_task_runner.py:90} INFO - Running: ['***', 'tasks', 'run', 'mongo_iceberg_dremio_dag', 'run_mongo_to_iceberg', 'manual__2025-12-05T12:35:41.135269+00:00', '--job-id', '23', '--raw', '--subdir', 'DAGS_FOLDER/spark_read_mongo_dag.py', '--cfg-path', '/tmp/tmp82cu43yz']
[2025-12-05T12:35:42.862+0000] {standard_task_runner.py:91} INFO - Job 23: Subtask run_mongo_to_iceberg
[2025-12-05T12:35:44.173+0000] {task_command.py:426} INFO - Running <TaskInstance: mongo_iceberg_dremio_dag.run_mongo_to_iceberg manual__2025-12-05T12:35:41.135269+00:00 [running]> on host fa5351f36d22
[2025-12-05T12:35:44.455+0000] {taskinstance.py:2648} INFO - Exporting env vars: AIRFLOW_CTX_DAG_OWNER='deeku' AIRFLOW_CTX_DAG_ID='mongo_iceberg_dremio_dag' AIRFLOW_CTX_TASK_ID='run_mongo_to_iceberg' AIRFLOW_CTX_EXECUTION_DATE='2025-12-05T12:35:41.135269+00:00' AIRFLOW_CTX_TRY_NUMBER='1' AIRFLOW_CTX_DAG_RUN_ID='manual__2025-12-05T12:35:41.135269+00:00'
[2025-12-05T12:35:44.456+0000] {taskinstance.py:430} INFO - ::endgroup::
[2025-12-05T12:35:44.472+0000] {spark_read_mongo_dag.py:153} INFO - START run_spark_job
[2025-12-05T12:35:44.474+0000] {spark_read_mongo_dag.py:155} INFO - Checking path: /opt/***/spark_jobs/mongo_pyspark.py exists=True
[2025-12-05T12:35:44.475+0000] {spark_read_mongo_dag.py:155} INFO - Checking path: /opt/***/jars exists=True
[2025-12-05T12:35:44.477+0000] {spark_read_mongo_dag.py:160} INFO - Jar check: /opt/***/jars/mongo-spark-connector_2.12-10.1.1.jar exists=True size=156368
[2025-12-05T12:35:44.480+0000] {spark_read_mongo_dag.py:160} INFO - Jar check: /opt/***/jars/bson-4.11.2.jar exists=True size=511356
[2025-12-05T12:35:44.482+0000] {spark_read_mongo_dag.py:160} INFO - Jar check: /opt/***/jars/mongodb-driver-core-4.11.2.jar exists=True size=1670650
[2025-12-05T12:35:44.484+0000] {spark_read_mongo_dag.py:160} INFO - Jar check: /opt/***/jars/mongodb-driver-sync-4.11.2.jar exists=True size=151808
[2025-12-05T12:35:44.485+0000] {spark_read_mongo_dag.py:160} INFO - Jar check: /opt/***/jars/iceberg-spark-runtime-3.5_2.12-1.5.2.jar exists=True size=41604737
[2025-12-05T12:35:44.487+0000] {spark_read_mongo_dag.py:160} INFO - Jar check: /opt/***/jars/iceberg-nessie-1.5.2.jar exists=True size=44895
[2025-12-05T12:35:44.488+0000] {spark_read_mongo_dag.py:160} INFO - Jar check: /opt/***/jars/nessie-client-0.99.0.jar exists=True size=585165
[2025-12-05T12:35:44.490+0000] {spark_read_mongo_dag.py:160} INFO - Jar check: /opt/***/jars/nessie-spark-extensions-3.4_2.12-0.105.7.jar exists=True size=2294495
[2025-12-05T12:35:44.492+0000] {spark_read_mongo_dag.py:160} INFO - Jar check: /opt/***/jars/hadoop-aws-3.3.4.jar exists=True size=962685
[2025-12-05T12:35:44.493+0000] {spark_read_mongo_dag.py:160} INFO - Jar check: /opt/***/jars/aws-java-sdk-bundle-1.12.772.jar exists=True size=388405806
[2025-12-05T12:35:44.493+0000] {spark_read_mongo_dag.py:163} INFO - which spark-submit -> /home/***/.local/bin/spark-submit
[2025-12-05T12:35:44.494+0000] {spark_read_mongo_dag.py:173} INFO - ENV SPARK_HOME=/opt/spark/spark-3.4.1-bin-hadoop3 JAVA_HOME=/usr/lib/jvm/java-17-openjdk-amd64
[2025-12-05T12:35:44.495+0000] {spark_read_mongo_dag.py:174} INFO - Env PATH head: ['/opt/spark/spark-3.4.1-bin-hadoop3/bin', '/usr/lib/jvm/java-17-openjdk-amd64/bin', '/opt/spark/bin', '/usr/lib/jvm/java-17-openjdk-amd64/bin', '/root/bin']
[2025-12-05T12:35:44.495+0000] {spark_read_mongo_dag.py:177} INFO - Running command: spark-submit --jars /opt/***/jars/mongo-spark-connector_2.12-10.1.1.jar,/opt/***/jars/bson-4.11.2.jar,/opt/***/jars/mongodb-driver-core-4.11.2.jar,/opt/***/jars/mongodb-driver-sync-4.11.2.jar,/opt/***/jars/iceberg-spark-runtime-3.5_2.12-1.5.2.jar,/opt/***/jars/iceberg-nessie-1.5.2.jar,/opt/***/jars/nessie-client-0.99.0.jar,/opt/***/jars/nessie-spark-extensions-3.4_2.12-0.105.7.jar,/opt/***/jars/hadoop-aws-3.3.4.jar,/opt/***/jars/aws-java-sdk-bundle-1.12.772.jar /opt/***/spark_jobs/mongo_pyspark.py
[2025-12-05T12:36:50.933+0000] {spark_read_mongo_dag.py:179} INFO - Process finished. returncode=0
[2025-12-05T12:36:50.935+0000] {spark_read_mongo_dag.py:183} INFO - spark-submit stdout | 2025-12-05 12:35:57,063 INFO mongo_to_iceberg - START main at 2025-12-05 12:35:57
[2025-12-05T12:36:50.935+0000] {spark_read_mongo_dag.py:183} INFO - spark-submit stdout | 2025-12-05 12:35:57,063 INFO mongo_to_iceberg - Checking required JARs under /opt/***/jars
[2025-12-05T12:36:50.936+0000] {spark_read_mongo_dag.py:183} INFO - spark-submit stdout | 2025-12-05 12:35:57,064 INFO mongo_to_iceberg - JAR: /opt/***/jars/mongo-spark-connector_2.12-10.1.1.jar exists=True size=156368
[2025-12-05T12:36:50.936+0000] {spark_read_mongo_dag.py:183} INFO - spark-submit stdout | 2025-12-05 12:35:57,066 INFO mongo_to_iceberg - JAR: /opt/***/jars/bson-4.11.2.jar exists=True size=511356
[2025-12-05T12:36:50.937+0000] {spark_read_mongo_dag.py:183} INFO - spark-submit stdout | 2025-12-05 12:35:57,067 INFO mongo_to_iceberg - JAR: /opt/***/jars/mongodb-driver-core-4.11.2.jar exists=True size=1670650
[2025-12-05T12:36:50.937+0000] {spark_read_mongo_dag.py:183} INFO - spark-submit stdout | 2025-12-05 12:35:57,068 INFO mongo_to_iceberg - JAR: /opt/***/jars/mongodb-driver-sync-4.11.2.jar exists=True size=151808
[2025-12-05T12:36:50.938+0000] {spark_read_mongo_dag.py:183} INFO - spark-submit stdout | 2025-12-05 12:35:57,070 INFO mongo_to_iceberg - JAR: /opt/***/jars/iceberg-spark-runtime-3.5_2.12-1.5.2.jar exists=True size=41604737
[2025-12-05T12:36:50.938+0000] {spark_read_mongo_dag.py:183} INFO - spark-submit stdout | 2025-12-05 12:35:57,071 INFO mongo_to_iceberg - JAR: /opt/***/jars/iceberg-nessie-1.5.2.jar exists=True size=44895
[2025-12-05T12:36:50.939+0000] {spark_read_mongo_dag.py:183} INFO - spark-submit stdout | 2025-12-05 12:35:57,072 INFO mongo_to_iceberg - JAR: /opt/***/jars/nessie-client-0.99.0.jar exists=True size=585165
[2025-12-05T12:36:50.939+0000] {spark_read_mongo_dag.py:183} INFO - spark-submit stdout | 2025-12-05 12:35:57,074 INFO mongo_to_iceberg - JAR: /opt/***/jars/nessie-spark-extensions-3.4_2.12-0.105.7.jar exists=True size=2294495
[2025-12-05T12:36:50.940+0000] {spark_read_mongo_dag.py:183} INFO - spark-submit stdout | 2025-12-05 12:35:57,075 INFO mongo_to_iceberg - JAR: /opt/***/jars/hadoop-aws-3.3.4.jar exists=True size=962685
[2025-12-05T12:36:50.940+0000] {spark_read_mongo_dag.py:183} INFO - spark-submit stdout | 2025-12-05 12:35:57,078 INFO mongo_to_iceberg - JAR: /opt/***/jars/aws-java-sdk-bundle-1.12.772.jar exists=True size=388405806
[2025-12-05T12:36:50.941+0000] {spark_read_mongo_dag.py:183} INFO - spark-submit stdout | 2025-12-05 12:35:57,078 INFO mongo_to_iceberg - Mongo URI (masked): mongodb://172.168.168.206:27017/ai_segmentation.conversations
[2025-12-05T12:36:50.941+0000] {spark_read_mongo_dag.py:183} INFO - spark-submit stdout | 2025-12-05 12:35:57,078 INFO mongo_to_iceberg - Using Iceberg warehouse (must be s3a://): s3a://iceberg/
[2025-12-05T12:36:50.941+0000] {spark_read_mongo_dag.py:183} INFO - spark-submit stdout | 2025-12-05 12:35:57,078 INFO mongo_to_iceberg - S3 endpoint=http://minio:9000 path_style=true ssl_enabled=false
[2025-12-05T12:36:50.942+0000] {spark_read_mongo_dag.py:183} INFO - spark-submit stdout | 2025-12-05 12:35:57,078 INFO mongo_to_iceberg - Nessie URI=http://nessie:19120/api/v2/trees ref=main
[2025-12-05T12:36:50.942+0000] {spark_read_mongo_dag.py:183} INFO - spark-submit stdout | 2025-12-05 12:35:57,078 INFO mongo_to_iceberg - Creating SparkSession...
[2025-12-05T12:36:50.943+0000] {spark_read_mongo_dag.py:183} INFO - spark-submit stdout | 2025-12-05 12:36:33,135 INFO mongo_to_iceberg - SparkSession created. Spark version=3.4.1
[2025-12-05T12:36:50.943+0000] {spark_read_mongo_dag.py:183} INFO - spark-submit stdout | 2025-12-05 12:36:35,413 INFO mongo_to_iceberg - spark.jars config=/opt/***/jars/mongo-spark-connector_2.12-10.1.1.jar,/opt/***/jars/bson-4.11.2.jar,/opt/***/jars/mongodb-driver-core-4.11.2.jar,/opt/***/jars/mongodb-driver-sync-4.11.2.jar,/opt/***/jars/iceberg-spark-runtime-3.5_2.12-1.5.2.jar,/opt/***/jars/iceberg-nessie-1.5.2.jar,/opt/***/jars/nessie-client-0.99.0.jar,/opt/***/jars/nessie-spark-extensions-3.4_2.12-0.105.7.jar,/opt/***/jars/hadoop-aws-3.3.4.jar,/opt/***/jars/aws-java-sdk-bundle-1.12.772.jar
[2025-12-05T12:36:50.944+0000] {spark_read_mongo_dag.py:183} INFO - spark-submit stdout | 2025-12-05 12:36:35,415 INFO mongo_to_iceberg - spark.mongodb.read.connection.uri=mongodb://172.168.168.206:27017/ai_segmentation.conversations
[2025-12-05T12:36:50.944+0000] {spark_read_mongo_dag.py:183} INFO - spark-submit stdout | 2025-12-05 12:36:35,415 INFO mongo_to_iceberg - spark.sql.catalog.nessie.warehouse=s3a://iceberg/
[2025-12-05T12:36:50.944+0000] {spark_read_mongo_dag.py:183} INFO - spark-submit stdout | 2025-12-05 12:36:35,415 INFO mongo_to_iceberg - Starting read from MongoDB collection ai_segmentation.conversations
[2025-12-05T12:36:50.945+0000] {spark_read_mongo_dag.py:183} INFO - spark-submit stdout | 2025-12-05 12:36:41,024 INFO mongo_to_iceberg - Read succeeded. Counting rows (this may be slow)...
[2025-12-05T12:36:50.945+0000] {spark_read_mongo_dag.py:183} INFO - spark-submit stdout | 2025-12-05 12:36:41,943 WARNING mongo_to_iceberg - Failed to count rows; assuming 0. Error: URI doesn't end with the version: http://nessie:19120/api/v2/trees. Please configure `client-api-version` in the catalog properties explicitly.
[2025-12-05T12:36:50.947+0000] {spark_read_mongo_dag.py:183} INFO - spark-submit stdout | 2025-12-05 12:36:41,943 INFO mongo_to_iceberg - Rows read from MongoDB: 0
[2025-12-05T12:36:50.948+0000] {spark_read_mongo_dag.py:183} INFO - spark-submit stdout | 2025-12-05 12:36:41,943 INFO mongo_to_iceberg - Showing up to 5 rows:
[2025-12-05T12:36:50.949+0000] {spark_read_mongo_dag.py:183} INFO - spark-submit stdout | 2025-12-05 12:36:42,007 WARNING mongo_to_iceberg - Failed to take sample rows: URI doesn't end with the version: http://nessie:19120/api/v2/trees. Please configure `client-api-version` in the catalog properties explicitly.
[2025-12-05T12:36:50.949+0000] {spark_read_mongo_dag.py:183} INFO - spark-submit stdout | 2025-12-05 12:36:42,141 ERROR mongo_to_iceberg - Failed to print JSON rows: URI doesn't end with the version: http://nessie:19120/api/v2/trees. Please configure `client-api-version` in the catalog properties explicitly.
[2025-12-05T12:36:50.950+0000] {spark_read_mongo_dag.py:183} INFO - spark-submit stdout | 2025-12-05 12:36:42,141 INFO mongo_to_iceberg - Namespace: ai_segmentation, Table: conversations, Table ident: nessie.ai_segmentation.conversations
[2025-12-05T12:36:50.950+0000] {spark_read_mongo_dag.py:183} INFO - spark-submit stdout | 2025-12-05 12:36:42,141 INFO mongo_to_iceberg - Namespace location: s3a://iceberg/ai_segmentation
[2025-12-05T12:36:50.950+0000] {spark_read_mongo_dag.py:183} INFO - spark-submit stdout | 2025-12-05 12:36:42,141 INFO mongo_to_iceberg - Parquet target path (for fallback): s3a://iceberg/ai_segmentation/conversations/parquet/
[2025-12-05T12:36:50.951+0000] {spark_read_mongo_dag.py:183} INFO - spark-submit stdout | 2025-12-05 12:36:42,141 WARNING mongo_to_iceberg - DataFrame appears empty or has no columns (rows=0). Will write a job marker instead.
[2025-12-05T12:36:50.951+0000] {spark_read_mongo_dag.py:183} INFO - spark-submit stdout | 2025-12-05 12:36:49,490 WARNING mongo_to_iceberg - Failed to write job marker: URI doesn't end with the version: http://nessie:19120/api/v2/trees. Please configure `client-api-version` in the catalog properties explicitly.
[2025-12-05T12:36:50.952+0000] {spark_read_mongo_dag.py:183} INFO - spark-submit stdout | 2025-12-05 12:36:49,500 INFO mongo_to_iceberg - Writing CSV preview (limit=100) to s3a://iceberg/ai_segmentation/conversations/preview/
[2025-12-05T12:36:50.952+0000] {spark_read_mongo_dag.py:183} INFO - spark-submit stdout | 2025-12-05 12:36:49,559 WARNING mongo_to_iceberg - Failed to write CSV preview: URI doesn't end with the version: http://nessie:19120/api/v2/trees. Please configure `client-api-version` in the catalog properties explicitly.
[2025-12-05T12:36:50.952+0000] {spark_read_mongo_dag.py:183} INFO - spark-submit stdout | 2025-12-05 12:36:49,559 INFO mongo_to_iceberg - Verifying Iceberg table read via Spark SQL: SELECT count(*) FROM nessie.ai_segmentation.conversations
[2025-12-05T12:36:50.953+0000] {spark_read_mongo_dag.py:183} INFO - spark-submit stdout | 2025-12-05 12:36:49,661 WARNING mongo_to_iceberg - Failed to verify Iceberg table via SQL: URI doesn't end with the version: http://nessie:19120/api/v2/trees. Please configure `client-api-version` in the catalog properties explicitly.
[2025-12-05T12:36:50.953+0000] {spark_read_mongo_dag.py:183} INFO - spark-submit stdout | 2025-12-05 12:36:49,661 INFO mongo_to_iceberg - Stopping Spark.
[2025-12-05T12:36:50.954+0000] {spark_read_mongo_dag.py:183} INFO - spark-submit stdout | 2025-12-05 12:36:50,357 INFO mongo_to_iceberg - END main SUCCESS at 2025-12-05 12:36:50
[2025-12-05T12:36:50.954+0000] {spark_read_mongo_dag.py:183} INFO - spark-submit stdout | 2025-12-05 12:36:50,367 INFO py4j.clientserver - Closing down clientserver connection
[2025-12-05T12:36:50.955+0000] {spark_read_mongo_dag.py:187} ERROR - spark-submit stderr | 25/12/05 12:35:51 WARN NativeCodeLoader: Unable to load native-hadoop library for your platform... using builtin-java classes where applicable
[2025-12-05T12:36:50.955+0000] {spark_read_mongo_dag.py:187} ERROR - spark-submit stderr | 25/12/05 12:36:00 INFO SparkContext: Running Spark version 3.4.1
[2025-12-05T12:36:50.955+0000] {spark_read_mongo_dag.py:187} ERROR - spark-submit stderr | 25/12/05 12:36:00 INFO ResourceUtils: ==============================================================
[2025-12-05T12:36:50.956+0000] {spark_read_mongo_dag.py:187} ERROR - spark-submit stderr | 25/12/05 12:36:00 INFO ResourceUtils: No custom resources configured for spark.driver.
[2025-12-05T12:36:50.956+0000] {spark_read_mongo_dag.py:187} ERROR - spark-submit stderr | 25/12/05 12:36:00 INFO ResourceUtils: ==============================================================
[2025-12-05T12:36:50.956+0000] {spark_read_mongo_dag.py:187} ERROR - spark-submit stderr | 25/12/05 12:36:00 INFO SparkContext: Submitted application: MongoToIceberg
[2025-12-05T12:36:50.956+0000] {spark_read_mongo_dag.py:187} ERROR - spark-submit stderr | 25/12/05 12:36:00 INFO ResourceProfile: Default ResourceProfile created, executor resources: Map(cores -> name: cores, amount: 1, script: , vendor: , memory -> name: memory, amount: 1024, script: , vendor: , offHeap -> name: offHeap, amount: 0, script: , vendor: ), task resources: Map(cpus -> name: cpus, amount: 1.0)
[2025-12-05T12:36:50.957+0000] {spark_read_mongo_dag.py:187} ERROR - spark-submit stderr | 25/12/05 12:36:00 INFO ResourceProfile: Limiting resource is cpu
[2025-12-05T12:36:50.957+0000] {spark_read_mongo_dag.py:187} ERROR - spark-submit stderr | 25/12/05 12:36:00 INFO ResourceProfileManager: Added ResourceProfile id: 0
[2025-12-05T12:36:50.957+0000] {spark_read_mongo_dag.py:187} ERROR - spark-submit stderr | 25/12/05 12:36:00 INFO SecurityManager: Changing view acls to: ***
[2025-12-05T12:36:50.958+0000] {spark_read_mongo_dag.py:187} ERROR - spark-submit stderr | 25/12/05 12:36:00 INFO SecurityManager: Changing modify acls to: ***
[2025-12-05T12:36:50.958+0000] {spark_read_mongo_dag.py:187} ERROR - spark-submit stderr | 25/12/05 12:36:00 INFO SecurityManager: Changing view acls groups to: 
[2025-12-05T12:36:50.958+0000] {spark_read_mongo_dag.py:187} ERROR - spark-submit stderr | 25/12/05 12:36:00 INFO SecurityManager: Changing modify acls groups to: 
[2025-12-05T12:36:50.958+0000] {spark_read_mongo_dag.py:187} ERROR - spark-submit stderr | 25/12/05 12:36:00 INFO SecurityManager: SecurityManager: authentication disabled; ui acls disabled; users with view permissions: ***; groups with view permissions: EMPTY; users with modify permissions: ***; groups with modify permissions: EMPTY
[2025-12-05T12:36:50.959+0000] {spark_read_mongo_dag.py:187} ERROR - spark-submit stderr | 25/12/05 12:36:01 INFO Utils: Successfully started service 'sparkDriver' on port 45205.
[2025-12-05T12:36:50.959+0000] {spark_read_mongo_dag.py:187} ERROR - spark-submit stderr | 25/12/05 12:36:01 INFO SparkEnv: Registering MapOutputTracker
[2025-12-05T12:36:50.959+0000] {spark_read_mongo_dag.py:187} ERROR - spark-submit stderr | 25/12/05 12:36:01 INFO SparkEnv: Registering BlockManagerMaster
[2025-12-05T12:36:50.960+0000] {spark_read_mongo_dag.py:187} ERROR - spark-submit stderr | 25/12/05 12:36:01 INFO BlockManagerMasterEndpoint: Using org.apache.spark.storage.DefaultTopologyMapper for getting topology information
[2025-12-05T12:36:50.960+0000] {spark_read_mongo_dag.py:187} ERROR - spark-submit stderr | 25/12/05 12:36:01 INFO BlockManagerMasterEndpoint: BlockManagerMasterEndpoint up
[2025-12-05T12:36:50.960+0000] {spark_read_mongo_dag.py:187} ERROR - spark-submit stderr | 25/12/05 12:36:01 INFO SparkEnv: Registering BlockManagerMasterHeartbeat
[2025-12-05T12:36:50.960+0000] {spark_read_mongo_dag.py:187} ERROR - spark-submit stderr | 25/12/05 12:36:01 INFO DiskBlockManager: Created local directory at /tmp/blockmgr-51d08039-5f43-421f-b35f-cd77d9f73a79
[2025-12-05T12:36:50.961+0000] {spark_read_mongo_dag.py:187} ERROR - spark-submit stderr | 25/12/05 12:36:01 INFO MemoryStore: MemoryStore started with capacity 434.4 MiB
[2025-12-05T12:36:50.961+0000] {spark_read_mongo_dag.py:187} ERROR - spark-submit stderr | 25/12/05 12:36:01 INFO SparkEnv: Registering OutputCommitCoordinator
[2025-12-05T12:36:50.961+0000] {spark_read_mongo_dag.py:187} ERROR - spark-submit stderr | 25/12/05 12:36:02 INFO JettyUtils: Start Jetty 0.0.0.0:4040 for SparkUI
[2025-12-05T12:36:50.961+0000] {spark_read_mongo_dag.py:187} ERROR - spark-submit stderr | 25/12/05 12:36:02 INFO Utils: Successfully started service 'SparkUI' on port 4040.
[2025-12-05T12:36:50.962+0000] {spark_read_mongo_dag.py:187} ERROR - spark-submit stderr | 25/12/05 12:36:02 INFO SparkContext: Added JAR /opt/***/jars/mongo-spark-connector_2.12-10.1.1.jar at spark://fa5351f36d22:45205/jars/mongo-spark-connector_2.12-10.1.1.jar with timestamp 1764938160134
[2025-12-05T12:36:50.962+0000] {spark_read_mongo_dag.py:187} ERROR - spark-submit stderr | 25/12/05 12:36:02 INFO SparkContext: Added JAR /opt/***/jars/bson-4.11.2.jar at spark://fa5351f36d22:45205/jars/bson-4.11.2.jar with timestamp 1764938160134
[2025-12-05T12:36:50.963+0000] {spark_read_mongo_dag.py:187} ERROR - spark-submit stderr | 25/12/05 12:36:02 INFO SparkContext: Added JAR /opt/***/jars/mongodb-driver-core-4.11.2.jar at spark://fa5351f36d22:45205/jars/mongodb-driver-core-4.11.2.jar with timestamp 1764938160134
[2025-12-05T12:36:50.963+0000] {spark_read_mongo_dag.py:187} ERROR - spark-submit stderr | 25/12/05 12:36:02 INFO SparkContext: Added JAR /opt/***/jars/mongodb-driver-sync-4.11.2.jar at spark://fa5351f36d22:45205/jars/mongodb-driver-sync-4.11.2.jar with timestamp 1764938160134
[2025-12-05T12:36:50.963+0000] {spark_read_mongo_dag.py:187} ERROR - spark-submit stderr | 25/12/05 12:36:02 INFO SparkContext: Added JAR /opt/***/jars/iceberg-spark-runtime-3.5_2.12-1.5.2.jar at spark://fa5351f36d22:45205/jars/iceberg-spark-runtime-3.5_2.12-1.5.2.jar with timestamp 1764938160134
[2025-12-05T12:36:50.964+0000] {spark_read_mongo_dag.py:187} ERROR - spark-submit stderr | 25/12/05 12:36:02 INFO SparkContext: Added JAR /opt/***/jars/iceberg-nessie-1.5.2.jar at spark://fa5351f36d22:45205/jars/iceberg-nessie-1.5.2.jar with timestamp 1764938160134
[2025-12-05T12:36:50.964+0000] {spark_read_mongo_dag.py:187} ERROR - spark-submit stderr | 25/12/05 12:36:02 INFO SparkContext: Added JAR /opt/***/jars/nessie-client-0.99.0.jar at spark://fa5351f36d22:45205/jars/nessie-client-0.99.0.jar with timestamp 1764938160134
[2025-12-05T12:36:50.964+0000] {spark_read_mongo_dag.py:187} ERROR - spark-submit stderr | 25/12/05 12:36:02 INFO SparkContext: Added JAR /opt/***/jars/nessie-spark-extensions-3.4_2.12-0.105.7.jar at spark://fa5351f36d22:45205/jars/nessie-spark-extensions-3.4_2.12-0.105.7.jar with timestamp 1764938160134
[2025-12-05T12:36:50.965+0000] {spark_read_mongo_dag.py:187} ERROR - spark-submit stderr | 25/12/05 12:36:02 INFO SparkContext: Added JAR /opt/***/jars/hadoop-aws-3.3.4.jar at spark://fa5351f36d22:45205/jars/hadoop-aws-3.3.4.jar with timestamp 1764938160134
[2025-12-05T12:36:50.965+0000] {spark_read_mongo_dag.py:187} ERROR - spark-submit stderr | 25/12/05 12:36:02 INFO SparkContext: Added JAR /opt/***/jars/aws-java-sdk-bundle-1.12.772.jar at spark://fa5351f36d22:45205/jars/aws-java-sdk-bundle-1.12.772.jar with timestamp 1764938160134
[2025-12-05T12:36:50.966+0000] {spark_read_mongo_dag.py:187} ERROR - spark-submit stderr | 25/12/05 12:36:02 INFO Executor: Starting executor ID driver on host fa5351f36d22
[2025-12-05T12:36:50.966+0000] {spark_read_mongo_dag.py:187} ERROR - spark-submit stderr | 25/12/05 12:36:02 INFO Executor: Starting executor with user classpath (userClassPathFirst = false): ''
[2025-12-05T12:36:50.967+0000] {spark_read_mongo_dag.py:187} ERROR - spark-submit stderr | 25/12/05 12:36:02 INFO Executor: Fetching spark://fa5351f36d22:45205/jars/aws-java-sdk-bundle-1.12.772.jar with timestamp 1764938160134
[2025-12-05T12:36:50.968+0000] {spark_read_mongo_dag.py:187} ERROR - spark-submit stderr | 25/12/05 12:36:02 INFO TransportClientFactory: Successfully created connection to fa5351f36d22/172.19.0.11:45205 after 60 ms (0 ms spent in bootstraps)
[2025-12-05T12:36:50.968+0000] {spark_read_mongo_dag.py:187} ERROR - spark-submit stderr | 25/12/05 12:36:02 INFO Utils: Fetching spark://fa5351f36d22:45205/jars/aws-java-sdk-bundle-1.12.772.jar to /tmp/spark-b6dd9bb6-3f64-4623-8059-e7035da99547/userFiles-3ae4cbae-7de2-454e-8621-b90a4c8fca9f/fetchFileTemp12614101868137446325.tmp
[2025-12-05T12:36:50.969+0000] {spark_read_mongo_dag.py:187} ERROR - spark-submit stderr | 25/12/05 12:36:12 INFO Executor: Told to re-register on heartbeat
[2025-12-05T12:36:50.969+0000] {spark_read_mongo_dag.py:187} ERROR - spark-submit stderr | 25/12/05 12:36:12 INFO BlockManager: BlockManager null re-registering with master
[2025-12-05T12:36:50.969+0000] {spark_read_mongo_dag.py:187} ERROR - spark-submit stderr | 25/12/05 12:36:12 INFO BlockManagerMaster: Registering BlockManager null
[2025-12-05T12:36:50.970+0000] {spark_read_mongo_dag.py:187} ERROR - spark-submit stderr | 25/12/05 12:36:12 ERROR Inbox: Ignoring error
[2025-12-05T12:36:50.970+0000] {spark_read_mongo_dag.py:187} ERROR - spark-submit stderr | java.lang.NullPointerException: Cannot invoke "org.apache.spark.storage.BlockManagerId.executorId()" because "idWithoutTopologyInfo" is null
[2025-12-05T12:36:50.970+0000] {spark_read_mongo_dag.py:187} ERROR - spark-submit stderr | 	at org.apache.spark.storage.BlockManagerMasterEndpoint.org$apache$spark$storage$BlockManagerMasterEndpoint$$register(BlockManagerMasterEndpoint.scala:600)
[2025-12-05T12:36:50.971+0000] {spark_read_mongo_dag.py:187} ERROR - spark-submit stderr | 	at org.apache.spark.storage.BlockManagerMasterEndpoint$$anonfun$receiveAndReply$1.applyOrElse(BlockManagerMasterEndpoint.scala:123)
[2025-12-05T12:36:50.971+0000] {spark_read_mongo_dag.py:187} ERROR - spark-submit stderr | 	at org.apache.spark.rpc.netty.Inbox.$anonfun$process$1(Inbox.scala:103)
[2025-12-05T12:36:50.971+0000] {spark_read_mongo_dag.py:187} ERROR - spark-submit stderr | 	at org.apache.spark.rpc.netty.Inbox.safelyCall(Inbox.scala:213)
[2025-12-05T12:36:50.972+0000] {spark_read_mongo_dag.py:187} ERROR - spark-submit stderr | 	at org.apache.spark.rpc.netty.Inbox.process(Inbox.scala:100)
[2025-12-05T12:36:50.972+0000] {spark_read_mongo_dag.py:187} ERROR - spark-submit stderr | 	at org.apache.spark.rpc.netty.MessageLoop.org$apache$spark$rpc$netty$MessageLoop$$receiveLoop(MessageLoop.scala:75)
[2025-12-05T12:36:50.972+0000] {spark_read_mongo_dag.py:187} ERROR - spark-submit stderr | 	at org.apache.spark.rpc.netty.MessageLoop$$anon$1.run(MessageLoop.scala:41)
[2025-12-05T12:36:50.973+0000] {spark_read_mongo_dag.py:187} ERROR - spark-submit stderr | 	at java.base/java.util.concurrent.ThreadPoolExecutor.runWorker(ThreadPoolExecutor.java:1136)
[2025-12-05T12:36:50.973+0000] {spark_read_mongo_dag.py:187} ERROR - spark-submit stderr | 	at java.base/java.util.concurrent.ThreadPoolExecutor$Worker.run(ThreadPoolExecutor.java:635)
[2025-12-05T12:36:50.973+0000] {spark_read_mongo_dag.py:187} ERROR - spark-submit stderr | 	at java.base/java.lang.Thread.run(Thread.java:840)
[2025-12-05T12:36:50.974+0000] {spark_read_mongo_dag.py:187} ERROR - spark-submit stderr | 25/12/05 12:36:12 WARN Executor: Issue communicating with driver in heartbeater
[2025-12-05T12:36:50.974+0000] {spark_read_mongo_dag.py:187} ERROR - spark-submit stderr | org.apache.spark.SparkException: Exception thrown in awaitResult: 
[2025-12-05T12:36:50.974+0000] {spark_read_mongo_dag.py:187} ERROR - spark-submit stderr | 	at org.apache.spark.util.ThreadUtils$.awaitResult(ThreadUtils.scala:322)
[2025-12-05T12:36:50.974+0000] {spark_read_mongo_dag.py:187} ERROR - spark-submit stderr | 	at org.apache.spark.rpc.RpcTimeout.awaitResult(RpcTimeout.scala:75)
[2025-12-05T12:36:50.975+0000] {spark_read_mongo_dag.py:187} ERROR - spark-submit stderr | 	at org.apache.spark.rpc.RpcEndpointRef.askSync(RpcEndpointRef.scala:101)
[2025-12-05T12:36:50.975+0000] {spark_read_mongo_dag.py:187} ERROR - spark-submit stderr | 	at org.apache.spark.rpc.RpcEndpointRef.askSync(RpcEndpointRef.scala:85)
[2025-12-05T12:36:50.976+0000] {spark_read_mongo_dag.py:187} ERROR - spark-submit stderr | 	at org.apache.spark.storage.BlockManagerMaster.registerBlockManager(BlockManagerMaster.scala:80)
[2025-12-05T12:36:50.976+0000] {spark_read_mongo_dag.py:187} ERROR - spark-submit stderr | 	at org.apache.spark.storage.BlockManager.reregister(BlockManager.scala:641)
[2025-12-05T12:36:50.977+0000] {spark_read_mongo_dag.py:187} ERROR - spark-submit stderr | 	at org.apache.spark.executor.Executor.reportHeartBeat(Executor.scala:1111)
[2025-12-05T12:36:50.977+0000] {spark_read_mongo_dag.py:187} ERROR - spark-submit stderr | 	at org.apache.spark.executor.Executor.$anonfun$heartbeater$1(Executor.scala:244)
[2025-12-05T12:36:50.977+0000] {spark_read_mongo_dag.py:187} ERROR - spark-submit stderr | 	at scala.runtime.java8.JFunction0$mcV$sp.apply(JFunction0$mcV$sp.java:23)
[2025-12-05T12:36:50.978+0000] {spark_read_mongo_dag.py:187} ERROR - spark-submit stderr | 	at org.apache.spark.util.Utils$.logUncaughtExceptions(Utils.scala:2088)
[2025-12-05T12:36:50.978+0000] {spark_read_mongo_dag.py:187} ERROR - spark-submit stderr | 	at org.apache.spark.Heartbeater$$anon$1.run(Heartbeater.scala:46)
[2025-12-05T12:36:50.978+0000] {spark_read_mongo_dag.py:187} ERROR - spark-submit stderr | 	at java.base/java.util.concurrent.Executors$RunnableAdapter.call(Executors.java:539)
[2025-12-05T12:36:50.979+0000] {spark_read_mongo_dag.py:187} ERROR - spark-submit stderr | 	at java.base/java.util.concurrent.FutureTask.runAndReset(FutureTask.java:305)
[2025-12-05T12:36:50.980+0000] {spark_read_mongo_dag.py:187} ERROR - spark-submit stderr | 	at java.base/java.util.concurrent.ScheduledThreadPoolExecutor$ScheduledFutureTask.run(ScheduledThreadPoolExecutor.java:305)
[2025-12-05T12:36:50.982+0000] {spark_read_mongo_dag.py:187} ERROR - spark-submit stderr | 	at java.base/java.util.concurrent.ThreadPoolExecutor.runWorker(ThreadPoolExecutor.java:1136)
[2025-12-05T12:36:50.982+0000] {spark_read_mongo_dag.py:187} ERROR - spark-submit stderr | 	at java.base/java.util.concurrent.ThreadPoolExecutor$Worker.run(ThreadPoolExecutor.java:635)
[2025-12-05T12:36:50.983+0000] {spark_read_mongo_dag.py:187} ERROR - spark-submit stderr | 	at java.base/java.lang.Thread.run(Thread.java:840)
[2025-12-05T12:36:50.984+0000] {spark_read_mongo_dag.py:187} ERROR - spark-submit stderr | Caused by: java.lang.NullPointerException: Cannot invoke "org.apache.spark.storage.BlockManagerId.executorId()" because "idWithoutTopologyInfo" is null
[2025-12-05T12:36:50.984+0000] {spark_read_mongo_dag.py:187} ERROR - spark-submit stderr | 	at org.apache.spark.storage.BlockManagerMasterEndpoint.org$apache$spark$storage$BlockManagerMasterEndpoint$$register(BlockManagerMasterEndpoint.scala:600)
[2025-12-05T12:36:50.985+0000] {spark_read_mongo_dag.py:187} ERROR - spark-submit stderr | 	at org.apache.spark.storage.BlockManagerMasterEndpoint$$anonfun$receiveAndReply$1.applyOrElse(BlockManagerMasterEndpoint.scala:123)
[2025-12-05T12:36:50.985+0000] {spark_read_mongo_dag.py:187} ERROR - spark-submit stderr | 	at org.apache.spark.rpc.netty.Inbox.$anonfun$process$1(Inbox.scala:103)
[2025-12-05T12:36:50.985+0000] {spark_read_mongo_dag.py:187} ERROR - spark-submit stderr | 	at org.apache.spark.rpc.netty.Inbox.safelyCall(Inbox.scala:213)
[2025-12-05T12:36:50.986+0000] {spark_read_mongo_dag.py:187} ERROR - spark-submit stderr | 	at org.apache.spark.rpc.netty.Inbox.process(Inbox.scala:100)
[2025-12-05T12:36:50.986+0000] {spark_read_mongo_dag.py:187} ERROR - spark-submit stderr | 	at org.apache.spark.rpc.netty.MessageLoop.org$apache$spark$rpc$netty$MessageLoop$$receiveLoop(MessageLoop.scala:75)
[2025-12-05T12:36:50.987+0000] {spark_read_mongo_dag.py:187} ERROR - spark-submit stderr | 	at org.apache.spark.rpc.netty.MessageLoop$$anon$1.run(MessageLoop.scala:41)
[2025-12-05T12:36:50.987+0000] {spark_read_mongo_dag.py:187} ERROR - spark-submit stderr | 	... 3 more
[2025-12-05T12:36:50.988+0000] {spark_read_mongo_dag.py:187} ERROR - spark-submit stderr | 25/12/05 12:36:22 INFO Executor: Told to re-register on heartbeat
[2025-12-05T12:36:50.988+0000] {spark_read_mongo_dag.py:187} ERROR - spark-submit stderr | 25/12/05 12:36:22 INFO BlockManager: BlockManager null re-registering with master
[2025-12-05T12:36:50.989+0000] {spark_read_mongo_dag.py:187} ERROR - spark-submit stderr | 25/12/05 12:36:22 INFO BlockManagerMaster: Registering BlockManager null
[2025-12-05T12:36:50.989+0000] {spark_read_mongo_dag.py:187} ERROR - spark-submit stderr | 25/12/05 12:36:22 WARN Executor: Issue communicating with driver in heartbeater
[2025-12-05T12:36:50.989+0000] {spark_read_mongo_dag.py:187} ERROR - spark-submit stderr | org.apache.spark.SparkException: Exception thrown in awaitResult: 
[2025-12-05T12:36:50.990+0000] {spark_read_mongo_dag.py:187} ERROR - spark-submit stderr | 	at org.apache.spark.util.ThreadUtils$.awaitResult(ThreadUtils.scala:322)
[2025-12-05T12:36:50.990+0000] {spark_read_mongo_dag.py:187} ERROR - spark-submit stderr | 	at org.apache.spark.rpc.RpcTimeout.awaitResult(RpcTimeout.scala:75)
[2025-12-05T12:36:50.991+0000] {spark_read_mongo_dag.py:187} ERROR - spark-submit stderr | 	at org.apache.spark.rpc.RpcEndpointRef.askSync(RpcEndpointRef.scala:101)
[2025-12-05T12:36:50.991+0000] {spark_read_mongo_dag.py:187} ERROR - spark-submit stderr | 	at org.apache.spark.rpc.RpcEndpointRef.askSync(RpcEndpointRef.scala:85)
[2025-12-05T12:36:50.991+0000] {spark_read_mongo_dag.py:187} ERROR - spark-submit stderr | 	at org.apache.spark.storage.BlockManagerMaster.registerBlockManager(BlockManagerMaster.scala:80)
[2025-12-05T12:36:50.992+0000] {spark_read_mongo_dag.py:187} ERROR - spark-submit stderr | 	at org.apache.spark.storage.BlockManager.reregister(BlockManager.scala:641)
[2025-12-05T12:36:50.992+0000] {spark_read_mongo_dag.py:187} ERROR - spark-submit stderr | 	at org.apache.spark.executor.Executor.reportHeartBeat(Executor.scala:1111)
[2025-12-05T12:36:50.993+0000] {spark_read_mongo_dag.py:187} ERROR - spark-submit stderr | 	at org.apache.spark.executor.Executor.$anonfun$heartbeater$1(Executor.scala:244)
[2025-12-05T12:36:50.993+0000] {spark_read_mongo_dag.py:187} ERROR - spark-submit stderr | 	at scala.runtime.java8.JFunction0$mcV$sp.apply(JFunction0$mcV$sp.java:23)
[2025-12-05T12:36:50.993+0000] {spark_read_mongo_dag.py:187} ERROR - spark-submit stderr | 	at org.apache.spark.util.Utils$.logUncaughtExceptions(Utils.scala:2088)
[2025-12-05T12:36:50.994+0000] {spark_read_mongo_dag.py:187} ERROR - spark-submit stderr | 	at org.apache.spark.Heartbeater$$anon$1.run(Heartbeater.scala:46)
[2025-12-05T12:36:50.994+0000] {spark_read_mongo_dag.py:187} ERROR - spark-submit stderr | 	at java.base/java.util.concurrent.Executors$RunnableAdapter.call(Executors.java:539)
[2025-12-05T12:36:50.995+0000] {spark_read_mongo_dag.py:187} ERROR - spark-submit stderr | 	at java.base/java.util.concurrent.FutureTask.runAndReset(FutureTask.java:305)
[2025-12-05T12:36:50.995+0000] {spark_read_mongo_dag.py:187} ERROR - spark-submit stderr | 	at java.base/java.util.concurrent.ScheduledThreadPoolExecutor$ScheduledFutureTask.run(ScheduledThreadPoolExecutor.java:305)
[2025-12-05T12:36:50.996+0000] {spark_read_mongo_dag.py:187} ERROR - spark-submit stderr | 	at java.base/java.util.concurrent.ThreadPoolExecutor.runWorker(ThreadPoolExecutor.java:1136)
[2025-12-05T12:36:50.996+0000] {spark_read_mongo_dag.py:187} ERROR - spark-submit stderr | 	at java.base/java.util.concurrent.ThreadPoolExecutor$Worker.run(ThreadPoolExecutor.java:635)
[2025-12-05T12:36:50.997+0000] {spark_read_mongo_dag.py:187} ERROR - spark-submit stderr | 	at java.base/java.lang.Thread.run(Thread.java:840)
[2025-12-05T12:36:50.998+0000] {spark_read_mongo_dag.py:187} ERROR - spark-submit stderr | Caused by: java.lang.NullPointerException: Cannot invoke "org.apache.spark.storage.BlockManagerId.executorId()" because "idWithoutTopologyInfo" is null
[2025-12-05T12:36:50.998+0000] {spark_read_mongo_dag.py:187} ERROR - spark-submit stderr | 	at org.apache.spark.storage.BlockManagerMasterEndpoint.org$apache$spark$storage$BlockManagerMasterEndpoint$$register(BlockManagerMasterEndpoint.scala:600)
[2025-12-05T12:36:50.999+0000] {spark_read_mongo_dag.py:187} ERROR - spark-submit stderr | 	at org.apache.spark.storage.BlockManagerMasterEndpoint$$anonfun$receiveAndReply$1.applyOrElse(BlockManagerMasterEndpoint.scala:123)
[2025-12-05T12:36:50.999+0000] {spark_read_mongo_dag.py:187} ERROR - spark-submit stderr | 	at org.apache.spark.rpc.netty.Inbox.$anonfun$process$1(Inbox.scala:103)
[2025-12-05T12:36:51.000+0000] {spark_read_mongo_dag.py:187} ERROR - spark-submit stderr | 	at org.apache.spark.rpc.netty.Inbox.safelyCall(Inbox.scala:213)
[2025-12-05T12:36:51.000+0000] {spark_read_mongo_dag.py:187} ERROR - spark-submit stderr | 	at org.apache.spark.rpc.netty.Inbox.process(Inbox.scala:100)
[2025-12-05T12:36:51.001+0000] {spark_read_mongo_dag.py:187} ERROR - spark-submit stderr | 	at org.apache.spark.rpc.netty.MessageLoop.org$apache$spark$rpc$netty$MessageLoop$$receiveLoop(MessageLoop.scala:75)
[2025-12-05T12:36:51.001+0000] {spark_read_mongo_dag.py:187} ERROR - spark-submit stderr | 	at org.apache.spark.rpc.netty.MessageLoop$$anon$1.run(MessageLoop.scala:41)
[2025-12-05T12:36:51.002+0000] {spark_read_mongo_dag.py:187} ERROR - spark-submit stderr | 	... 3 more
[2025-12-05T12:36:51.002+0000] {spark_read_mongo_dag.py:187} ERROR - spark-submit stderr | 25/12/05 12:36:22 ERROR Inbox: Ignoring error
[2025-12-05T12:36:51.003+0000] {spark_read_mongo_dag.py:187} ERROR - spark-submit stderr | java.lang.NullPointerException: Cannot invoke "org.apache.spark.storage.BlockManagerId.executorId()" because "idWithoutTopologyInfo" is null
[2025-12-05T12:36:51.003+0000] {spark_read_mongo_dag.py:187} ERROR - spark-submit stderr | 	at org.apache.spark.storage.BlockManagerMasterEndpoint.org$apache$spark$storage$BlockManagerMasterEndpoint$$register(BlockManagerMasterEndpoint.scala:600)
[2025-12-05T12:36:51.003+0000] {spark_read_mongo_dag.py:187} ERROR - spark-submit stderr | 	at org.apache.spark.storage.BlockManagerMasterEndpoint$$anonfun$receiveAndReply$1.applyOrElse(BlockManagerMasterEndpoint.scala:123)
[2025-12-05T12:36:51.004+0000] {spark_read_mongo_dag.py:187} ERROR - spark-submit stderr | 	at org.apache.spark.rpc.netty.Inbox.$anonfun$process$1(Inbox.scala:103)
[2025-12-05T12:36:51.004+0000] {spark_read_mongo_dag.py:187} ERROR - spark-submit stderr | 	at org.apache.spark.rpc.netty.Inbox.safelyCall(Inbox.scala:213)
[2025-12-05T12:36:51.005+0000] {spark_read_mongo_dag.py:187} ERROR - spark-submit stderr | 	at org.apache.spark.rpc.netty.Inbox.process(Inbox.scala:100)
[2025-12-05T12:36:51.005+0000] {spark_read_mongo_dag.py:187} ERROR - spark-submit stderr | 	at org.apache.spark.rpc.netty.MessageLoop.org$apache$spark$rpc$netty$MessageLoop$$receiveLoop(MessageLoop.scala:75)
[2025-12-05T12:36:51.005+0000] {spark_read_mongo_dag.py:187} ERROR - spark-submit stderr | 	at org.apache.spark.rpc.netty.MessageLoop$$anon$1.run(MessageLoop.scala:41)
[2025-12-05T12:36:51.006+0000] {spark_read_mongo_dag.py:187} ERROR - spark-submit stderr | 	at java.base/java.util.concurrent.ThreadPoolExecutor.runWorker(ThreadPoolExecutor.java:1136)
[2025-12-05T12:36:51.006+0000] {spark_read_mongo_dag.py:187} ERROR - spark-submit stderr | 	at java.base/java.util.concurrent.ThreadPoolExecutor$Worker.run(ThreadPoolExecutor.java:635)
[2025-12-05T12:36:51.007+0000] {spark_read_mongo_dag.py:187} ERROR - spark-submit stderr | 	at java.base/java.lang.Thread.run(Thread.java:840)
[2025-12-05T12:36:51.007+0000] {spark_read_mongo_dag.py:187} ERROR - spark-submit stderr | 25/12/05 12:36:29 INFO Executor: Adding file:/tmp/spark-b6dd9bb6-3f64-4623-8059-e7035da99547/userFiles-3ae4cbae-7de2-454e-8621-b90a4c8fca9f/aws-java-sdk-bundle-1.12.772.jar to class loader
[2025-12-05T12:36:51.007+0000] {spark_read_mongo_dag.py:187} ERROR - spark-submit stderr | 25/12/05 12:36:29 INFO Executor: Fetching spark://fa5351f36d22:45205/jars/mongodb-driver-sync-4.11.2.jar with timestamp 1764938160134
[2025-12-05T12:36:51.008+0000] {spark_read_mongo_dag.py:187} ERROR - spark-submit stderr | 25/12/05 12:36:29 INFO Utils: Fetching spark://fa5351f36d22:45205/jars/mongodb-driver-sync-4.11.2.jar to /tmp/spark-b6dd9bb6-3f64-4623-8059-e7035da99547/userFiles-3ae4cbae-7de2-454e-8621-b90a4c8fca9f/fetchFileTemp211413613938054673.tmp
[2025-12-05T12:36:51.008+0000] {spark_read_mongo_dag.py:187} ERROR - spark-submit stderr | 25/12/05 12:36:29 INFO Executor: Adding file:/tmp/spark-b6dd9bb6-3f64-4623-8059-e7035da99547/userFiles-3ae4cbae-7de2-454e-8621-b90a4c8fca9f/mongodb-driver-sync-4.11.2.jar to class loader
[2025-12-05T12:36:51.009+0000] {spark_read_mongo_dag.py:187} ERROR - spark-submit stderr | 25/12/05 12:36:29 INFO Executor: Fetching spark://fa5351f36d22:45205/jars/mongodb-driver-core-4.11.2.jar with timestamp 1764938160134
[2025-12-05T12:36:51.009+0000] {spark_read_mongo_dag.py:187} ERROR - spark-submit stderr | 25/12/05 12:36:29 INFO Utils: Fetching spark://fa5351f36d22:45205/jars/mongodb-driver-core-4.11.2.jar to /tmp/spark-b6dd9bb6-3f64-4623-8059-e7035da99547/userFiles-3ae4cbae-7de2-454e-8621-b90a4c8fca9f/fetchFileTemp5395862830674371332.tmp
[2025-12-05T12:36:51.009+0000] {spark_read_mongo_dag.py:187} ERROR - spark-submit stderr | 25/12/05 12:36:31 INFO Executor: Adding file:/tmp/spark-b6dd9bb6-3f64-4623-8059-e7035da99547/userFiles-3ae4cbae-7de2-454e-8621-b90a4c8fca9f/mongodb-driver-core-4.11.2.jar to class loader
[2025-12-05T12:36:51.010+0000] {spark_read_mongo_dag.py:187} ERROR - spark-submit stderr | 25/12/05 12:36:31 INFO Executor: Fetching spark://fa5351f36d22:45205/jars/iceberg-nessie-1.5.2.jar with timestamp 1764938160134
[2025-12-05T12:36:51.010+0000] {spark_read_mongo_dag.py:187} ERROR - spark-submit stderr | 25/12/05 12:36:31 INFO Utils: Fetching spark://fa5351f36d22:45205/jars/iceberg-nessie-1.5.2.jar to /tmp/spark-b6dd9bb6-3f64-4623-8059-e7035da99547/userFiles-3ae4cbae-7de2-454e-8621-b90a4c8fca9f/fetchFileTemp10510106013042869054.tmp
[2025-12-05T12:36:51.011+0000] {spark_read_mongo_dag.py:187} ERROR - spark-submit stderr | 25/12/05 12:36:31 INFO Executor: Adding file:/tmp/spark-b6dd9bb6-3f64-4623-8059-e7035da99547/userFiles-3ae4cbae-7de2-454e-8621-b90a4c8fca9f/iceberg-nessie-1.5.2.jar to class loader
[2025-12-05T12:36:51.011+0000] {spark_read_mongo_dag.py:187} ERROR - spark-submit stderr | 25/12/05 12:36:31 INFO Executor: Fetching spark://fa5351f36d22:45205/jars/nessie-client-0.99.0.jar with timestamp 1764938160134
[2025-12-05T12:36:51.011+0000] {spark_read_mongo_dag.py:187} ERROR - spark-submit stderr | 25/12/05 12:36:31 INFO Utils: Fetching spark://fa5351f36d22:45205/jars/nessie-client-0.99.0.jar to /tmp/spark-b6dd9bb6-3f64-4623-8059-e7035da99547/userFiles-3ae4cbae-7de2-454e-8621-b90a4c8fca9f/fetchFileTemp2314054764564982565.tmp
[2025-12-05T12:36:51.012+0000] {spark_read_mongo_dag.py:187} ERROR - spark-submit stderr | 25/12/05 12:36:31 INFO Executor: Adding file:/tmp/spark-b6dd9bb6-3f64-4623-8059-e7035da99547/userFiles-3ae4cbae-7de2-454e-8621-b90a4c8fca9f/nessie-client-0.99.0.jar to class loader
[2025-12-05T12:36:51.012+0000] {spark_read_mongo_dag.py:187} ERROR - spark-submit stderr | 25/12/05 12:36:31 INFO Executor: Fetching spark://fa5351f36d22:45205/jars/iceberg-spark-runtime-3.5_2.12-1.5.2.jar with timestamp 1764938160134
[2025-12-05T12:36:51.013+0000] {spark_read_mongo_dag.py:187} ERROR - spark-submit stderr | 25/12/05 12:36:31 INFO Utils: Fetching spark://fa5351f36d22:45205/jars/iceberg-spark-runtime-3.5_2.12-1.5.2.jar to /tmp/spark-b6dd9bb6-3f64-4623-8059-e7035da99547/userFiles-3ae4cbae-7de2-454e-8621-b90a4c8fca9f/fetchFileTemp16939524595993198307.tmp
[2025-12-05T12:36:51.014+0000] {spark_read_mongo_dag.py:187} ERROR - spark-submit stderr | 25/12/05 12:36:31 INFO Executor: Adding file:/tmp/spark-b6dd9bb6-3f64-4623-8059-e7035da99547/userFiles-3ae4cbae-7de2-454e-8621-b90a4c8fca9f/iceberg-spark-runtime-3.5_2.12-1.5.2.jar to class loader
[2025-12-05T12:36:51.014+0000] {spark_read_mongo_dag.py:187} ERROR - spark-submit stderr | 25/12/05 12:36:31 INFO Executor: Fetching spark://fa5351f36d22:45205/jars/mongo-spark-connector_2.12-10.1.1.jar with timestamp 1764938160134
[2025-12-05T12:36:51.015+0000] {spark_read_mongo_dag.py:187} ERROR - spark-submit stderr | 25/12/05 12:36:31 INFO Utils: Fetching spark://fa5351f36d22:45205/jars/mongo-spark-connector_2.12-10.1.1.jar to /tmp/spark-b6dd9bb6-3f64-4623-8059-e7035da99547/userFiles-3ae4cbae-7de2-454e-8621-b90a4c8fca9f/fetchFileTemp8672483385201603913.tmp
[2025-12-05T12:36:51.015+0000] {spark_read_mongo_dag.py:187} ERROR - spark-submit stderr | 25/12/05 12:36:31 INFO Executor: Adding file:/tmp/spark-b6dd9bb6-3f64-4623-8059-e7035da99547/userFiles-3ae4cbae-7de2-454e-8621-b90a4c8fca9f/mongo-spark-connector_2.12-10.1.1.jar to class loader
[2025-12-05T12:36:51.016+0000] {spark_read_mongo_dag.py:187} ERROR - spark-submit stderr | 25/12/05 12:36:31 INFO Executor: Fetching spark://fa5351f36d22:45205/jars/hadoop-aws-3.3.4.jar with timestamp 1764938160134
[2025-12-05T12:36:51.016+0000] {spark_read_mongo_dag.py:187} ERROR - spark-submit stderr | 25/12/05 12:36:31 INFO Utils: Fetching spark://fa5351f36d22:45205/jars/hadoop-aws-3.3.4.jar to /tmp/spark-b6dd9bb6-3f64-4623-8059-e7035da99547/userFiles-3ae4cbae-7de2-454e-8621-b90a4c8fca9f/fetchFileTemp9288042255823744297.tmp
[2025-12-05T12:36:51.017+0000] {spark_read_mongo_dag.py:187} ERROR - spark-submit stderr | 25/12/05 12:36:32 INFO Executor: Adding file:/tmp/spark-b6dd9bb6-3f64-4623-8059-e7035da99547/userFiles-3ae4cbae-7de2-454e-8621-b90a4c8fca9f/hadoop-aws-3.3.4.jar to class loader
[2025-12-05T12:36:51.017+0000] {spark_read_mongo_dag.py:187} ERROR - spark-submit stderr | 25/12/05 12:36:32 INFO Executor: Fetching spark://fa5351f36d22:45205/jars/nessie-spark-extensions-3.4_2.12-0.105.7.jar with timestamp 1764938160134
[2025-12-05T12:36:51.017+0000] {spark_read_mongo_dag.py:187} ERROR - spark-submit stderr | 25/12/05 12:36:32 INFO Utils: Fetching spark://fa5351f36d22:45205/jars/nessie-spark-extensions-3.4_2.12-0.105.7.jar to /tmp/spark-b6dd9bb6-3f64-4623-8059-e7035da99547/userFiles-3ae4cbae-7de2-454e-8621-b90a4c8fca9f/fetchFileTemp1348851202787431877.tmp
[2025-12-05T12:36:51.018+0000] {spark_read_mongo_dag.py:187} ERROR - spark-submit stderr | 25/12/05 12:36:32 INFO Executor: Adding file:/tmp/spark-b6dd9bb6-3f64-4623-8059-e7035da99547/userFiles-3ae4cbae-7de2-454e-8621-b90a4c8fca9f/nessie-spark-extensions-3.4_2.12-0.105.7.jar to class loader
[2025-12-05T12:36:51.018+0000] {spark_read_mongo_dag.py:187} ERROR - spark-submit stderr | 25/12/05 12:36:32 INFO Executor: Fetching spark://fa5351f36d22:45205/jars/bson-4.11.2.jar with timestamp 1764938160134
[2025-12-05T12:36:51.018+0000] {spark_read_mongo_dag.py:187} ERROR - spark-submit stderr | 25/12/05 12:36:32 INFO Utils: Fetching spark://fa5351f36d22:45205/jars/bson-4.11.2.jar to /tmp/spark-b6dd9bb6-3f64-4623-8059-e7035da99547/userFiles-3ae4cbae-7de2-454e-8621-b90a4c8fca9f/fetchFileTemp7579463008952859924.tmp
[2025-12-05T12:36:51.019+0000] {spark_read_mongo_dag.py:187} ERROR - spark-submit stderr | 25/12/05 12:36:32 INFO Executor: Adding file:/tmp/spark-b6dd9bb6-3f64-4623-8059-e7035da99547/userFiles-3ae4cbae-7de2-454e-8621-b90a4c8fca9f/bson-4.11.2.jar to class loader
[2025-12-05T12:36:51.019+0000] {spark_read_mongo_dag.py:187} ERROR - spark-submit stderr | 25/12/05 12:36:32 INFO Utils: Successfully started service 'org.apache.spark.network.netty.NettyBlockTransferService' on port 39341.
[2025-12-05T12:36:51.019+0000] {spark_read_mongo_dag.py:187} ERROR - spark-submit stderr | 25/12/05 12:36:32 INFO NettyBlockTransferService: Server created on fa5351f36d22:39341
[2025-12-05T12:36:51.020+0000] {spark_read_mongo_dag.py:187} ERROR - spark-submit stderr | 25/12/05 12:36:32 INFO BlockManager: Using org.apache.spark.storage.RandomBlockReplicationPolicy for block replication policy
[2025-12-05T12:36:51.020+0000] {spark_read_mongo_dag.py:187} ERROR - spark-submit stderr | 25/12/05 12:36:32 INFO BlockManagerMaster: Registering BlockManager BlockManagerId(driver, fa5351f36d22, 39341, None)
[2025-12-05T12:36:51.020+0000] {spark_read_mongo_dag.py:187} ERROR - spark-submit stderr | 25/12/05 12:36:32 INFO BlockManagerMasterEndpoint: Registering block manager fa5351f36d22:39341 with 434.4 MiB RAM, BlockManagerId(driver, fa5351f36d22, 39341, None)
[2025-12-05T12:36:51.021+0000] {spark_read_mongo_dag.py:187} ERROR - spark-submit stderr | 25/12/05 12:36:32 INFO BlockManagerMaster: Registered BlockManager BlockManagerId(driver, fa5351f36d22, 39341, None)
[2025-12-05T12:36:51.021+0000] {spark_read_mongo_dag.py:187} ERROR - spark-submit stderr | 25/12/05 12:36:32 INFO BlockManager: Initialized BlockManager: BlockManagerId(driver, fa5351f36d22, 39341, None)
[2025-12-05T12:36:51.021+0000] {spark_read_mongo_dag.py:187} ERROR - spark-submit stderr | 25/12/05 12:36:32 INFO Executor: Told to re-register on heartbeat
[2025-12-05T12:36:51.022+0000] {spark_read_mongo_dag.py:187} ERROR - spark-submit stderr | 25/12/05 12:36:32 INFO BlockManager: BlockManager BlockManagerId(driver, fa5351f36d22, 39341, None) re-registering with master
[2025-12-05T12:36:51.022+0000] {spark_read_mongo_dag.py:187} ERROR - spark-submit stderr | 25/12/05 12:36:32 INFO BlockManagerMaster: Registering BlockManager BlockManagerId(driver, fa5351f36d22, 39341, None)
[2025-12-05T12:36:51.022+0000] {spark_read_mongo_dag.py:187} ERROR - spark-submit stderr | 25/12/05 12:36:32 ERROR Inbox: Ignoring error
[2025-12-05T12:36:51.023+0000] {spark_read_mongo_dag.py:187} ERROR - spark-submit stderr | org.apache.spark.SparkException: Exception thrown in awaitResult: 
[2025-12-05T12:36:51.023+0000] {spark_read_mongo_dag.py:187} ERROR - spark-submit stderr | 	at org.apache.spark.util.ThreadUtils$.awaitResult(ThreadUtils.scala:322)
[2025-12-05T12:36:51.023+0000] {spark_read_mongo_dag.py:187} ERROR - spark-submit stderr | 	at org.apache.spark.rpc.RpcTimeout.awaitResult(RpcTimeout.scala:75)
[2025-12-05T12:36:51.023+0000] {spark_read_mongo_dag.py:187} ERROR - spark-submit stderr | 	at org.apache.spark.rpc.RpcEnv.setupEndpointRefByURI(RpcEnv.scala:102)
[2025-12-05T12:36:51.024+0000] {spark_read_mongo_dag.py:187} ERROR - spark-submit stderr | 	at org.apache.spark.rpc.RpcEnv.setupEndpointRef(RpcEnv.scala:110)
[2025-12-05T12:36:51.024+0000] {spark_read_mongo_dag.py:187} ERROR - spark-submit stderr | 	at org.apache.spark.util.RpcUtils$.makeDriverRef(RpcUtils.scala:36)
[2025-12-05T12:36:51.024+0000] {spark_read_mongo_dag.py:187} ERROR - spark-submit stderr | 	at org.apache.spark.storage.BlockManagerMasterEndpoint.driverEndpoint$lzycompute(BlockManagerMasterEndpoint.scala:117)
[2025-12-05T12:36:51.025+0000] {spark_read_mongo_dag.py:187} ERROR - spark-submit stderr | 	at org.apache.spark.storage.BlockManagerMasterEndpoint.org$apache$spark$storage$BlockManagerMasterEndpoint$$driverEndpoint(BlockManagerMasterEndpoint.scala:116)
[2025-12-05T12:36:51.025+0000] {spark_read_mongo_dag.py:187} ERROR - spark-submit stderr | 	at org.apache.spark.storage.BlockManagerMasterEndpoint.isExecutorAlive$lzycompute$1(BlockManagerMasterEndpoint.scala:611)
[2025-12-05T12:36:51.025+0000] {spark_read_mongo_dag.py:187} ERROR - spark-submit stderr | 	at org.apache.spark.storage.BlockManagerMasterEndpoint.isExecutorAlive$1(BlockManagerMasterEndpoint.scala:610)
[2025-12-05T12:36:51.026+0000] {spark_read_mongo_dag.py:187} ERROR - spark-submit stderr | 	at org.apache.spark.storage.BlockManagerMasterEndpoint.org$apache$spark$storage$BlockManagerMasterEndpoint$$register(BlockManagerMasterEndpoint.scala:648)
[2025-12-05T12:36:51.026+0000] {spark_read_mongo_dag.py:187} ERROR - spark-submit stderr | 	at org.apache.spark.storage.BlockManagerMasterEndpoint$$anonfun$receiveAndReply$1.applyOrElse(BlockManagerMasterEndpoint.scala:123)
[2025-12-05T12:36:51.026+0000] {spark_read_mongo_dag.py:187} ERROR - spark-submit stderr | 	at org.apache.spark.rpc.netty.Inbox.$anonfun$process$1(Inbox.scala:103)
[2025-12-05T12:36:51.027+0000] {spark_read_mongo_dag.py:187} ERROR - spark-submit stderr | 	at org.apache.spark.rpc.netty.Inbox.safelyCall(Inbox.scala:213)
[2025-12-05T12:36:51.027+0000] {spark_read_mongo_dag.py:187} ERROR - spark-submit stderr | 	at org.apache.spark.rpc.netty.Inbox.process(Inbox.scala:100)
[2025-12-05T12:36:51.027+0000] {spark_read_mongo_dag.py:187} ERROR - spark-submit stderr | 	at org.apache.spark.rpc.netty.MessageLoop.org$apache$spark$rpc$netty$MessageLoop$$receiveLoop(MessageLoop.scala:75)
[2025-12-05T12:36:51.027+0000] {spark_read_mongo_dag.py:187} ERROR - spark-submit stderr | 	at org.apache.spark.rpc.netty.MessageLoop$$anon$1.run(MessageLoop.scala:41)
[2025-12-05T12:36:51.028+0000] {spark_read_mongo_dag.py:187} ERROR - spark-submit stderr | 	at java.base/java.util.concurrent.ThreadPoolExecutor.runWorker(ThreadPoolExecutor.java:1136)
[2025-12-05T12:36:51.028+0000] {spark_read_mongo_dag.py:187} ERROR - spark-submit stderr | 	at java.base/java.util.concurrent.ThreadPoolExecutor$Worker.run(ThreadPoolExecutor.java:635)
[2025-12-05T12:36:51.028+0000] {spark_read_mongo_dag.py:187} ERROR - spark-submit stderr | 	at java.base/java.lang.Thread.run(Thread.java:840)
[2025-12-05T12:36:51.029+0000] {spark_read_mongo_dag.py:187} ERROR - spark-submit stderr | Caused by: org.apache.spark.rpc.RpcEndpointNotFoundException: Cannot find endpoint: spark://CoarseGrainedScheduler@fa5351f36d22:45205
[2025-12-05T12:36:51.030+0000] {spark_read_mongo_dag.py:187} ERROR - spark-submit stderr | 	at org.apache.spark.rpc.netty.NettyRpcEnv.$anonfun$asyncSetupEndpointRefByURI$1(NettyRpcEnv.scala:148)
[2025-12-05T12:36:51.030+0000] {spark_read_mongo_dag.py:187} ERROR - spark-submit stderr | 	at org.apache.spark.rpc.netty.NettyRpcEnv.$anonfun$asyncSetupEndpointRefByURI$1$adapted(NettyRpcEnv.scala:144)
[2025-12-05T12:36:51.031+0000] {spark_read_mongo_dag.py:187} ERROR - spark-submit stderr | 	at scala.concurrent.Future.$anonfun$flatMap$1(Future.scala:307)
[2025-12-05T12:36:51.031+0000] {spark_read_mongo_dag.py:187} ERROR - spark-submit stderr | 	at scala.concurrent.impl.Promise.$anonfun$transformWith$1(Promise.scala:41)
[2025-12-05T12:36:51.031+0000] {spark_read_mongo_dag.py:187} ERROR - spark-submit stderr | 	at scala.concurrent.impl.CallbackRunnable.run(Promise.scala:64)
[2025-12-05T12:36:51.032+0000] {spark_read_mongo_dag.py:187} ERROR - spark-submit stderr | 	at org.apache.spark.util.ThreadUtils$$anon$1.execute(ThreadUtils.scala:99)
[2025-12-05T12:36:51.032+0000] {spark_read_mongo_dag.py:187} ERROR - spark-submit stderr | 	at scala.concurrent.impl.ExecutionContextImpl$$anon$4.execute(ExecutionContextImpl.scala:138)
[2025-12-05T12:36:51.032+0000] {spark_read_mongo_dag.py:187} ERROR - spark-submit stderr | 	at scala.concurrent.impl.CallbackRunnable.executeWithValue(Promise.scala:72)
[2025-12-05T12:36:51.033+0000] {spark_read_mongo_dag.py:187} ERROR - spark-submit stderr | 	at scala.concurrent.impl.Promise$DefaultPromise.$anonfun$tryComplete$1(Promise.scala:288)
[2025-12-05T12:36:51.033+0000] {spark_read_mongo_dag.py:187} ERROR - spark-submit stderr | 	at scala.concurrent.impl.Promise$DefaultPromise.$anonfun$tryComplete$1$adapted(Promise.scala:288)
[2025-12-05T12:36:51.033+0000] {spark_read_mongo_dag.py:187} ERROR - spark-submit stderr | 	at scala.concurrent.impl.Promise$DefaultPromise.tryComplete(Promise.scala:288)
[2025-12-05T12:36:51.034+0000] {spark_read_mongo_dag.py:187} ERROR - spark-submit stderr | 	at scala.concurrent.Promise.complete(Promise.scala:53)
[2025-12-05T12:36:51.034+0000] {spark_read_mongo_dag.py:187} ERROR - spark-submit stderr | 	at scala.concurrent.Promise.complete$(Promise.scala:52)
[2025-12-05T12:36:51.035+0000] {spark_read_mongo_dag.py:187} ERROR - spark-submit stderr | 	at scala.concurrent.impl.Promise$DefaultPromise.complete(Promise.scala:187)
[2025-12-05T12:36:51.035+0000] {spark_read_mongo_dag.py:187} ERROR - spark-submit stderr | 	at scala.concurrent.impl.Promise.$anonfun$transform$1(Promise.scala:33)
[2025-12-05T12:36:51.035+0000] {spark_read_mongo_dag.py:187} ERROR - spark-submit stderr | 	at scala.concurrent.impl.CallbackRunnable.run(Promise.scala:64)
[2025-12-05T12:36:51.036+0000] {spark_read_mongo_dag.py:187} ERROR - spark-submit stderr | 	at org.apache.spark.util.ThreadUtils$$anon$1.execute(ThreadUtils.scala:99)
[2025-12-05T12:36:51.036+0000] {spark_read_mongo_dag.py:187} ERROR - spark-submit stderr | 	at scala.concurrent.impl.ExecutionContextImpl$$anon$4.execute(ExecutionContextImpl.scala:138)
[2025-12-05T12:36:51.036+0000] {spark_read_mongo_dag.py:187} ERROR - spark-submit stderr | 	at scala.concurrent.impl.CallbackRunnable.executeWithValue(Promise.scala:72)
[2025-12-05T12:36:51.036+0000] {spark_read_mongo_dag.py:187} ERROR - spark-submit stderr | 	at scala.concurrent.impl.Promise$DefaultPromise.$anonfun$tryComplete$1(Promise.scala:288)
[2025-12-05T12:36:51.037+0000] {spark_read_mongo_dag.py:187} ERROR - spark-submit stderr | 	at scala.concurrent.impl.Promise$DefaultPromise.$anonfun$tryComplete$1$adapted(Promise.scala:288)
[2025-12-05T12:36:51.037+0000] {spark_read_mongo_dag.py:187} ERROR - spark-submit stderr | 	at scala.concurrent.impl.Promise$DefaultPromise.tryComplete(Promise.scala:288)
[2025-12-05T12:36:51.037+0000] {spark_read_mongo_dag.py:187} ERROR - spark-submit stderr | 	at scala.concurrent.Promise.complete(Promise.scala:53)
[2025-12-05T12:36:51.037+0000] {spark_read_mongo_dag.py:187} ERROR - spark-submit stderr | 	at scala.concurrent.Promise.complete$(Promise.scala:52)
[2025-12-05T12:36:51.038+0000] {spark_read_mongo_dag.py:187} ERROR - spark-submit stderr | 	at scala.concurrent.impl.Promise$DefaultPromise.complete(Promise.scala:187)
[2025-12-05T12:36:51.038+0000] {spark_read_mongo_dag.py:187} ERROR - spark-submit stderr | 	at scala.concurrent.impl.Promise.$anonfun$transform$1(Promise.scala:33)
[2025-12-05T12:36:51.038+0000] {spark_read_mongo_dag.py:187} ERROR - spark-submit stderr | 	at scala.concurrent.impl.CallbackRunnable.run(Promise.scala:64)
[2025-12-05T12:36:51.039+0000] {spark_read_mongo_dag.py:187} ERROR - spark-submit stderr | 	at scala.concurrent.BatchingExecutor$Batch.processBatch$1(BatchingExecutor.scala:67)
[2025-12-05T12:36:51.039+0000] {spark_read_mongo_dag.py:187} ERROR - spark-submit stderr | 	at scala.concurrent.BatchingExecutor$Batch.$anonfun$run$1(BatchingExecutor.scala:82)
[2025-12-05T12:36:51.039+0000] {spark_read_mongo_dag.py:187} ERROR - spark-submit stderr | 	at scala.runtime.java8.JFunction0$mcV$sp.apply(JFunction0$mcV$sp.java:23)
[2025-12-05T12:36:51.039+0000] {spark_read_mongo_dag.py:187} ERROR - spark-submit stderr | 	at scala.concurrent.BlockContext$.withBlockContext(BlockContext.scala:85)
[2025-12-05T12:36:51.040+0000] {spark_read_mongo_dag.py:187} ERROR - spark-submit stderr | 	at scala.concurrent.BatchingExecutor$Batch.run(BatchingExecutor.scala:59)
[2025-12-05T12:36:51.040+0000] {spark_read_mongo_dag.py:187} ERROR - spark-submit stderr | 	at scala.concurrent.Future$InternalCallbackExecutor$.unbatchedExecute(Future.scala:875)
[2025-12-05T12:36:51.040+0000] {spark_read_mongo_dag.py:187} ERROR - spark-submit stderr | 	at scala.concurrent.BatchingExecutor.execute(BatchingExecutor.scala:110)
[2025-12-05T12:36:51.040+0000] {spark_read_mongo_dag.py:187} ERROR - spark-submit stderr | 	at scala.concurrent.BatchingExecutor.execute$(BatchingExecutor.scala:107)
[2025-12-05T12:36:51.041+0000] {spark_read_mongo_dag.py:187} ERROR - spark-submit stderr | 	at scala.concurrent.Future$InternalCallbackExecutor$.execute(Future.scala:873)
[2025-12-05T12:36:51.041+0000] {spark_read_mongo_dag.py:187} ERROR - spark-submit stderr | 	at scala.concurrent.impl.CallbackRunnable.executeWithValue(Promise.scala:72)
[2025-12-05T12:36:51.041+0000] {spark_read_mongo_dag.py:187} ERROR - spark-submit stderr | 	at scala.concurrent.impl.Promise$DefaultPromise.$anonfun$tryComplete$1(Promise.scala:288)
[2025-12-05T12:36:51.041+0000] {spark_read_mongo_dag.py:187} ERROR - spark-submit stderr | 	at scala.concurrent.impl.Promise$DefaultPromise.$anonfun$tryComplete$1$adapted(Promise.scala:288)
[2025-12-05T12:36:51.042+0000] {spark_read_mongo_dag.py:187} ERROR - spark-submit stderr | 	at scala.concurrent.impl.Promise$DefaultPromise.tryComplete(Promise.scala:288)
[2025-12-05T12:36:51.042+0000] {spark_read_mongo_dag.py:187} ERROR - spark-submit stderr | 	at scala.concurrent.Promise.trySuccess(Promise.scala:94)
[2025-12-05T12:36:51.042+0000] {spark_read_mongo_dag.py:187} ERROR - spark-submit stderr | 	at scala.concurrent.Promise.trySuccess$(Promise.scala:94)
[2025-12-05T12:36:51.043+0000] {spark_read_mongo_dag.py:187} ERROR - spark-submit stderr | 	at scala.concurrent.impl.Promise$DefaultPromise.trySuccess(Promise.scala:187)
[2025-12-05T12:36:51.043+0000] {spark_read_mongo_dag.py:187} ERROR - spark-submit stderr | 	at org.apache.spark.rpc.netty.NettyRpcEnv.onSuccess$1(NettyRpcEnv.scala:225)
[2025-12-05T12:36:51.043+0000] {spark_read_mongo_dag.py:187} ERROR - spark-submit stderr | 	at org.apache.spark.rpc.netty.NettyRpcEnv.$anonfun$askAbortable$5(NettyRpcEnv.scala:239)
[2025-12-05T12:36:51.044+0000] {spark_read_mongo_dag.py:187} ERROR - spark-submit stderr | 	at org.apache.spark.rpc.netty.NettyRpcEnv.$anonfun$askAbortable$5$adapted(NettyRpcEnv.scala:238)
[2025-12-05T12:36:51.044+0000] {spark_read_mongo_dag.py:187} ERROR - spark-submit stderr | 	at scala.concurrent.impl.CallbackRunnable.run(Promise.scala:64)
[2025-12-05T12:36:51.044+0000] {spark_read_mongo_dag.py:187} ERROR - spark-submit stderr | 	at org.apache.spark.util.ThreadUtils$$anon$1.execute(ThreadUtils.scala:99)
[2025-12-05T12:36:51.044+0000] {spark_read_mongo_dag.py:187} ERROR - spark-submit stderr | 	at scala.concurrent.impl.ExecutionContextImpl$$anon$4.execute(ExecutionContextImpl.scala:138)
[2025-12-05T12:36:51.045+0000] {spark_read_mongo_dag.py:187} ERROR - spark-submit stderr | 	at scala.concurrent.impl.CallbackRunnable.executeWithValue(Promise.scala:72)
[2025-12-05T12:36:51.045+0000] {spark_read_mongo_dag.py:187} ERROR - spark-submit stderr | 	at scala.concurrent.impl.Promise$DefaultPromise.$anonfun$tryComplete$1(Promise.scala:288)
[2025-12-05T12:36:51.046+0000] {spark_read_mongo_dag.py:187} ERROR - spark-submit stderr | 	at scala.concurrent.impl.Promise$DefaultPromise.$anonfun$tryComplete$1$adapted(Promise.scala:288)
[2025-12-05T12:36:51.047+0000] {spark_read_mongo_dag.py:187} ERROR - spark-submit stderr | 	at scala.concurrent.impl.Promise$DefaultPromise.tryComplete(Promise.scala:288)
[2025-12-05T12:36:51.047+0000] {spark_read_mongo_dag.py:187} ERROR - spark-submit stderr | 	at scala.concurrent.Promise.complete(Promise.scala:53)
[2025-12-05T12:36:51.048+0000] {spark_read_mongo_dag.py:187} ERROR - spark-submit stderr | 	at scala.concurrent.Promise.complete$(Promise.scala:52)
[2025-12-05T12:36:51.048+0000] {spark_read_mongo_dag.py:187} ERROR - spark-submit stderr | 	at scala.concurrent.impl.Promise$DefaultPromise.complete(Promise.scala:187)
[2025-12-05T12:36:51.048+0000] {spark_read_mongo_dag.py:187} ERROR - spark-submit stderr | 	at scala.concurrent.Promise.success(Promise.scala:86)
[2025-12-05T12:36:51.049+0000] {spark_read_mongo_dag.py:187} ERROR - spark-submit stderr | 	at scala.concurrent.Promise.success$(Promise.scala:86)
[2025-12-05T12:36:51.049+0000] {spark_read_mongo_dag.py:187} ERROR - spark-submit stderr | 	at scala.concurrent.impl.Promise$DefaultPromise.success(Promise.scala:187)
[2025-12-05T12:36:51.049+0000] {spark_read_mongo_dag.py:187} ERROR - spark-submit stderr | 	at org.apache.spark.rpc.netty.LocalNettyRpcCallContext.send(NettyRpcCallContext.scala:50)
[2025-12-05T12:36:51.050+0000] {spark_read_mongo_dag.py:187} ERROR - spark-submit stderr | 	at org.apache.spark.rpc.netty.NettyRpcCallContext.reply(NettyRpcCallContext.scala:32)
[2025-12-05T12:36:51.050+0000] {spark_read_mongo_dag.py:187} ERROR - spark-submit stderr | 	at org.apache.spark.rpc.netty.RpcEndpointVerifier$$anonfun$receiveAndReply$1.applyOrElse(RpcEndpointVerifier.scala:31)
[2025-12-05T12:36:51.051+0000] {spark_read_mongo_dag.py:187} ERROR - spark-submit stderr | 	... 8 more
[2025-12-05T12:36:51.051+0000] {spark_read_mongo_dag.py:187} ERROR - spark-submit stderr | 25/12/05 12:36:32 WARN Executor: Issue communicating with driver in heartbeater
[2025-12-05T12:36:51.051+0000] {spark_read_mongo_dag.py:187} ERROR - spark-submit stderr | org.apache.spark.SparkException: Exception thrown in awaitResult: 
[2025-12-05T12:36:51.052+0000] {spark_read_mongo_dag.py:187} ERROR - spark-submit stderr | 	at org.apache.spark.util.ThreadUtils$.awaitResult(ThreadUtils.scala:322)
[2025-12-05T12:36:51.052+0000] {spark_read_mongo_dag.py:187} ERROR - spark-submit stderr | 	at org.apache.spark.rpc.RpcTimeout.awaitResult(RpcTimeout.scala:75)
[2025-12-05T12:36:51.052+0000] {spark_read_mongo_dag.py:187} ERROR - spark-submit stderr | 	at org.apache.spark.rpc.RpcEndpointRef.askSync(RpcEndpointRef.scala:101)
[2025-12-05T12:36:51.053+0000] {spark_read_mongo_dag.py:187} ERROR - spark-submit stderr | 	at org.apache.spark.rpc.RpcEndpointRef.askSync(RpcEndpointRef.scala:85)
[2025-12-05T12:36:51.053+0000] {spark_read_mongo_dag.py:187} ERROR - spark-submit stderr | 	at org.apache.spark.storage.BlockManagerMaster.registerBlockManager(BlockManagerMaster.scala:80)
[2025-12-05T12:36:51.053+0000] {spark_read_mongo_dag.py:187} ERROR - spark-submit stderr | 	at org.apache.spark.storage.BlockManager.reregister(BlockManager.scala:641)
[2025-12-05T12:36:51.053+0000] {spark_read_mongo_dag.py:187} ERROR - spark-submit stderr | 	at org.apache.spark.executor.Executor.reportHeartBeat(Executor.scala:1111)
[2025-12-05T12:36:51.054+0000] {spark_read_mongo_dag.py:187} ERROR - spark-submit stderr | 	at org.apache.spark.executor.Executor.$anonfun$heartbeater$1(Executor.scala:244)
[2025-12-05T12:36:51.054+0000] {spark_read_mongo_dag.py:187} ERROR - spark-submit stderr | 	at scala.runtime.java8.JFunction0$mcV$sp.apply(JFunction0$mcV$sp.java:23)
[2025-12-05T12:36:51.054+0000] {spark_read_mongo_dag.py:187} ERROR - spark-submit stderr | 	at org.apache.spark.util.Utils$.logUncaughtExceptions(Utils.scala:2088)
[2025-12-05T12:36:51.054+0000] {spark_read_mongo_dag.py:187} ERROR - spark-submit stderr | 	at org.apache.spark.Heartbeater$$anon$1.run(Heartbeater.scala:46)
[2025-12-05T12:36:51.055+0000] {spark_read_mongo_dag.py:187} ERROR - spark-submit stderr | 	at java.base/java.util.concurrent.Executors$RunnableAdapter.call(Executors.java:539)
[2025-12-05T12:36:51.055+0000] {spark_read_mongo_dag.py:187} ERROR - spark-submit stderr | 	at java.base/java.util.concurrent.FutureTask.runAndReset(FutureTask.java:305)
[2025-12-05T12:36:51.055+0000] {spark_read_mongo_dag.py:187} ERROR - spark-submit stderr | 	at java.base/java.util.concurrent.ScheduledThreadPoolExecutor$ScheduledFutureTask.run(ScheduledThreadPoolExecutor.java:305)
[2025-12-05T12:36:51.056+0000] {spark_read_mongo_dag.py:187} ERROR - spark-submit stderr | 	at java.base/java.util.concurrent.ThreadPoolExecutor.runWorker(ThreadPoolExecutor.java:1136)
[2025-12-05T12:36:51.056+0000] {spark_read_mongo_dag.py:187} ERROR - spark-submit stderr | 	at java.base/java.util.concurrent.ThreadPoolExecutor$Worker.run(ThreadPoolExecutor.java:635)
[2025-12-05T12:36:51.056+0000] {spark_read_mongo_dag.py:187} ERROR - spark-submit stderr | 	at java.base/java.lang.Thread.run(Thread.java:840)
[2025-12-05T12:36:51.057+0000] {spark_read_mongo_dag.py:187} ERROR - spark-submit stderr | Caused by: org.apache.spark.SparkException: Exception thrown in awaitResult: 
[2025-12-05T12:36:51.057+0000] {spark_read_mongo_dag.py:187} ERROR - spark-submit stderr | 	at org.apache.spark.util.ThreadUtils$.awaitResult(ThreadUtils.scala:322)
[2025-12-05T12:36:51.058+0000] {spark_read_mongo_dag.py:187} ERROR - spark-submit stderr | 	at org.apache.spark.rpc.RpcTimeout.awaitResult(RpcTimeout.scala:75)
[2025-12-05T12:36:51.058+0000] {spark_read_mongo_dag.py:187} ERROR - spark-submit stderr | 	at org.apache.spark.rpc.RpcEnv.setupEndpointRefByURI(RpcEnv.scala:102)
[2025-12-05T12:36:51.059+0000] {spark_read_mongo_dag.py:187} ERROR - spark-submit stderr | 	at org.apache.spark.rpc.RpcEnv.setupEndpointRef(RpcEnv.scala:110)
[2025-12-05T12:36:51.059+0000] {spark_read_mongo_dag.py:187} ERROR - spark-submit stderr | 	at org.apache.spark.util.RpcUtils$.makeDriverRef(RpcUtils.scala:36)
[2025-12-05T12:36:51.060+0000] {spark_read_mongo_dag.py:187} ERROR - spark-submit stderr | 	at org.apache.spark.storage.BlockManagerMasterEndpoint.driverEndpoint$lzycompute(BlockManagerMasterEndpoint.scala:117)
[2025-12-05T12:36:51.060+0000] {spark_read_mongo_dag.py:187} ERROR - spark-submit stderr | 	at org.apache.spark.storage.BlockManagerMasterEndpoint.org$apache$spark$storage$BlockManagerMasterEndpoint$$driverEndpoint(BlockManagerMasterEndpoint.scala:116)
[2025-12-05T12:36:51.060+0000] {spark_read_mongo_dag.py:187} ERROR - spark-submit stderr | 	at org.apache.spark.storage.BlockManagerMasterEndpoint.isExecutorAlive$lzycompute$1(BlockManagerMasterEndpoint.scala:611)
[2025-12-05T12:36:51.060+0000] {spark_read_mongo_dag.py:187} ERROR - spark-submit stderr | 	at org.apache.spark.storage.BlockManagerMasterEndpoint.isExecutorAlive$1(BlockManagerMasterEndpoint.scala:610)
[2025-12-05T12:36:51.061+0000] {spark_read_mongo_dag.py:187} ERROR - spark-submit stderr | 	at org.apache.spark.storage.BlockManagerMasterEndpoint.org$apache$spark$storage$BlockManagerMasterEndpoint$$register(BlockManagerMasterEndpoint.scala:648)
[2025-12-05T12:36:51.061+0000] {spark_read_mongo_dag.py:187} ERROR - spark-submit stderr | 	at org.apache.spark.storage.BlockManagerMasterEndpoint$$anonfun$receiveAndReply$1.applyOrElse(BlockManagerMasterEndpoint.scala:123)
[2025-12-05T12:36:51.061+0000] {spark_read_mongo_dag.py:187} ERROR - spark-submit stderr | 	at org.apache.spark.rpc.netty.Inbox.$anonfun$process$1(Inbox.scala:103)
[2025-12-05T12:36:51.062+0000] {spark_read_mongo_dag.py:187} ERROR - spark-submit stderr | 	at org.apache.spark.rpc.netty.Inbox.safelyCall(Inbox.scala:213)
[2025-12-05T12:36:51.062+0000] {spark_read_mongo_dag.py:187} ERROR - spark-submit stderr | 	at org.apache.spark.rpc.netty.Inbox.process(Inbox.scala:100)
[2025-12-05T12:36:51.063+0000] {spark_read_mongo_dag.py:187} ERROR - spark-submit stderr | 	at org.apache.spark.rpc.netty.MessageLoop.org$apache$spark$rpc$netty$MessageLoop$$receiveLoop(MessageLoop.scala:75)
[2025-12-05T12:36:51.063+0000] {spark_read_mongo_dag.py:187} ERROR - spark-submit stderr | 	at org.apache.spark.rpc.netty.MessageLoop$$anon$1.run(MessageLoop.scala:41)
[2025-12-05T12:36:51.064+0000] {spark_read_mongo_dag.py:187} ERROR - spark-submit stderr | 	... 3 more
[2025-12-05T12:36:51.065+0000] {spark_read_mongo_dag.py:187} ERROR - spark-submit stderr | Caused by: org.apache.spark.rpc.RpcEndpointNotFoundException: Cannot find endpoint: spark://CoarseGrainedScheduler@fa5351f36d22:45205
[2025-12-05T12:36:51.065+0000] {spark_read_mongo_dag.py:187} ERROR - spark-submit stderr | 	at org.apache.spark.rpc.netty.NettyRpcEnv.$anonfun$asyncSetupEndpointRefByURI$1(NettyRpcEnv.scala:148)
[2025-12-05T12:36:51.066+0000] {spark_read_mongo_dag.py:187} ERROR - spark-submit stderr | 	at org.apache.spark.rpc.netty.NettyRpcEnv.$anonfun$asyncSetupEndpointRefByURI$1$adapted(NettyRpcEnv.scala:144)
[2025-12-05T12:36:51.066+0000] {spark_read_mongo_dag.py:187} ERROR - spark-submit stderr | 	at scala.concurrent.Future.$anonfun$flatMap$1(Future.scala:307)
[2025-12-05T12:36:51.067+0000] {spark_read_mongo_dag.py:187} ERROR - spark-submit stderr | 	at scala.concurrent.impl.Promise.$anonfun$transformWith$1(Promise.scala:41)
[2025-12-05T12:36:51.067+0000] {spark_read_mongo_dag.py:187} ERROR - spark-submit stderr | 	at scala.concurrent.impl.CallbackRunnable.run(Promise.scala:64)
[2025-12-05T12:36:51.068+0000] {spark_read_mongo_dag.py:187} ERROR - spark-submit stderr | 	at org.apache.spark.util.ThreadUtils$$anon$1.execute(ThreadUtils.scala:99)
[2025-12-05T12:36:51.068+0000] {spark_read_mongo_dag.py:187} ERROR - spark-submit stderr | 	at scala.concurrent.impl.ExecutionContextImpl$$anon$4.execute(ExecutionContextImpl.scala:138)
[2025-12-05T12:36:51.069+0000] {spark_read_mongo_dag.py:187} ERROR - spark-submit stderr | 	at scala.concurrent.impl.CallbackRunnable.executeWithValue(Promise.scala:72)
[2025-12-05T12:36:51.069+0000] {spark_read_mongo_dag.py:187} ERROR - spark-submit stderr | 	at scala.concurrent.impl.Promise$DefaultPromise.$anonfun$tryComplete$1(Promise.scala:288)
[2025-12-05T12:36:51.069+0000] {spark_read_mongo_dag.py:187} ERROR - spark-submit stderr | 	at scala.concurrent.impl.Promise$DefaultPromise.$anonfun$tryComplete$1$adapted(Promise.scala:288)
[2025-12-05T12:36:51.070+0000] {spark_read_mongo_dag.py:187} ERROR - spark-submit stderr | 	at scala.concurrent.impl.Promise$DefaultPromise.tryComplete(Promise.scala:288)
[2025-12-05T12:36:51.070+0000] {spark_read_mongo_dag.py:187} ERROR - spark-submit stderr | 	at scala.concurrent.Promise.complete(Promise.scala:53)
[2025-12-05T12:36:51.071+0000] {spark_read_mongo_dag.py:187} ERROR - spark-submit stderr | 	at scala.concurrent.Promise.complete$(Promise.scala:52)
[2025-12-05T12:36:51.071+0000] {spark_read_mongo_dag.py:187} ERROR - spark-submit stderr | 	at scala.concurrent.impl.Promise$DefaultPromise.complete(Promise.scala:187)
[2025-12-05T12:36:51.071+0000] {spark_read_mongo_dag.py:187} ERROR - spark-submit stderr | 	at scala.concurrent.impl.Promise.$anonfun$transform$1(Promise.scala:33)
[2025-12-05T12:36:51.072+0000] {spark_read_mongo_dag.py:187} ERROR - spark-submit stderr | 	at scala.concurrent.impl.CallbackRunnable.run(Promise.scala:64)
[2025-12-05T12:36:51.072+0000] {spark_read_mongo_dag.py:187} ERROR - spark-submit stderr | 	at org.apache.spark.util.ThreadUtils$$anon$1.execute(ThreadUtils.scala:99)
[2025-12-05T12:36:51.072+0000] {spark_read_mongo_dag.py:187} ERROR - spark-submit stderr | 	at scala.concurrent.impl.ExecutionContextImpl$$anon$4.execute(ExecutionContextImpl.scala:138)
[2025-12-05T12:36:51.073+0000] {spark_read_mongo_dag.py:187} ERROR - spark-submit stderr | 	at scala.concurrent.impl.CallbackRunnable.executeWithValue(Promise.scala:72)
[2025-12-05T12:36:51.073+0000] {spark_read_mongo_dag.py:187} ERROR - spark-submit stderr | 	at scala.concurrent.impl.Promise$DefaultPromise.$anonfun$tryComplete$1(Promise.scala:288)
[2025-12-05T12:36:51.073+0000] {spark_read_mongo_dag.py:187} ERROR - spark-submit stderr | 	at scala.concurrent.impl.Promise$DefaultPromise.$anonfun$tryComplete$1$adapted(Promise.scala:288)
[2025-12-05T12:36:51.074+0000] {spark_read_mongo_dag.py:187} ERROR - spark-submit stderr | 	at scala.concurrent.impl.Promise$DefaultPromise.tryComplete(Promise.scala:288)
[2025-12-05T12:36:51.074+0000] {spark_read_mongo_dag.py:187} ERROR - spark-submit stderr | 	at scala.concurrent.Promise.complete(Promise.scala:53)
[2025-12-05T12:36:51.074+0000] {spark_read_mongo_dag.py:187} ERROR - spark-submit stderr | 	at scala.concurrent.Promise.complete$(Promise.scala:52)
[2025-12-05T12:36:51.075+0000] {spark_read_mongo_dag.py:187} ERROR - spark-submit stderr | 	at scala.concurrent.impl.Promise$DefaultPromise.complete(Promise.scala:187)
[2025-12-05T12:36:51.075+0000] {spark_read_mongo_dag.py:187} ERROR - spark-submit stderr | 	at scala.concurrent.impl.Promise.$anonfun$transform$1(Promise.scala:33)
[2025-12-05T12:36:51.075+0000] {spark_read_mongo_dag.py:187} ERROR - spark-submit stderr | 	at scala.concurrent.impl.CallbackRunnable.run(Promise.scala:64)
[2025-12-05T12:36:51.076+0000] {spark_read_mongo_dag.py:187} ERROR - spark-submit stderr | 	at scala.concurrent.BatchingExecutor$Batch.processBatch$1(BatchingExecutor.scala:67)
[2025-12-05T12:36:51.076+0000] {spark_read_mongo_dag.py:187} ERROR - spark-submit stderr | 	at scala.concurrent.BatchingExecutor$Batch.$anonfun$run$1(BatchingExecutor.scala:82)
[2025-12-05T12:36:51.076+0000] {spark_read_mongo_dag.py:187} ERROR - spark-submit stderr | 	at scala.runtime.java8.JFunction0$mcV$sp.apply(JFunction0$mcV$sp.java:23)
[2025-12-05T12:36:51.076+0000] {spark_read_mongo_dag.py:187} ERROR - spark-submit stderr | 	at scala.concurrent.BlockContext$.withBlockContext(BlockContext.scala:85)
[2025-12-05T12:36:51.077+0000] {spark_read_mongo_dag.py:187} ERROR - spark-submit stderr | 	at scala.concurrent.BatchingExecutor$Batch.run(BatchingExecutor.scala:59)
[2025-12-05T12:36:51.077+0000] {spark_read_mongo_dag.py:187} ERROR - spark-submit stderr | 	at scala.concurrent.Future$InternalCallbackExecutor$.unbatchedExecute(Future.scala:875)
[2025-12-05T12:36:51.077+0000] {spark_read_mongo_dag.py:187} ERROR - spark-submit stderr | 	at scala.concurrent.BatchingExecutor.execute(BatchingExecutor.scala:110)
[2025-12-05T12:36:51.078+0000] {spark_read_mongo_dag.py:187} ERROR - spark-submit stderr | 	at scala.concurrent.BatchingExecutor.execute$(BatchingExecutor.scala:107)
[2025-12-05T12:36:51.078+0000] {spark_read_mongo_dag.py:187} ERROR - spark-submit stderr | 	at scala.concurrent.Future$InternalCallbackExecutor$.execute(Future.scala:873)
[2025-12-05T12:36:51.078+0000] {spark_read_mongo_dag.py:187} ERROR - spark-submit stderr | 	at scala.concurrent.impl.CallbackRunnable.executeWithValue(Promise.scala:72)
[2025-12-05T12:36:51.079+0000] {spark_read_mongo_dag.py:187} ERROR - spark-submit stderr | 	at scala.concurrent.impl.Promise$DefaultPromise.$anonfun$tryComplete$1(Promise.scala:288)
[2025-12-05T12:36:51.079+0000] {spark_read_mongo_dag.py:187} ERROR - spark-submit stderr | 	at scala.concurrent.impl.Promise$DefaultPromise.$anonfun$tryComplete$1$adapted(Promise.scala:288)
[2025-12-05T12:36:51.080+0000] {spark_read_mongo_dag.py:187} ERROR - spark-submit stderr | 	at scala.concurrent.impl.Promise$DefaultPromise.tryComplete(Promise.scala:288)
[2025-12-05T12:36:51.081+0000] {spark_read_mongo_dag.py:187} ERROR - spark-submit stderr | 	at scala.concurrent.Promise.trySuccess(Promise.scala:94)
[2025-12-05T12:36:51.081+0000] {spark_read_mongo_dag.py:187} ERROR - spark-submit stderr | 	at scala.concurrent.Promise.trySuccess$(Promise.scala:94)
[2025-12-05T12:36:51.081+0000] {spark_read_mongo_dag.py:187} ERROR - spark-submit stderr | 	at scala.concurrent.impl.Promise$DefaultPromise.trySuccess(Promise.scala:187)
[2025-12-05T12:36:51.082+0000] {spark_read_mongo_dag.py:187} ERROR - spark-submit stderr | 	at org.apache.spark.rpc.netty.NettyRpcEnv.onSuccess$1(NettyRpcEnv.scala:225)
[2025-12-05T12:36:51.082+0000] {spark_read_mongo_dag.py:187} ERROR - spark-submit stderr | 	at org.apache.spark.rpc.netty.NettyRpcEnv.$anonfun$askAbortable$5(NettyRpcEnv.scala:239)
[2025-12-05T12:36:51.083+0000] {spark_read_mongo_dag.py:187} ERROR - spark-submit stderr | 	at org.apache.spark.rpc.netty.NettyRpcEnv.$anonfun$askAbortable$5$adapted(NettyRpcEnv.scala:238)
[2025-12-05T12:36:51.083+0000] {spark_read_mongo_dag.py:187} ERROR - spark-submit stderr | 	at scala.concurrent.impl.CallbackRunnable.run(Promise.scala:64)
[2025-12-05T12:36:51.084+0000] {spark_read_mongo_dag.py:187} ERROR - spark-submit stderr | 	at org.apache.spark.util.ThreadUtils$$anon$1.execute(ThreadUtils.scala:99)
[2025-12-05T12:36:51.084+0000] {spark_read_mongo_dag.py:187} ERROR - spark-submit stderr | 	at scala.concurrent.impl.ExecutionContextImpl$$anon$4.execute(ExecutionContextImpl.scala:138)
[2025-12-05T12:36:51.085+0000] {spark_read_mongo_dag.py:187} ERROR - spark-submit stderr | 	at scala.concurrent.impl.CallbackRunnable.executeWithValue(Promise.scala:72)
[2025-12-05T12:36:51.085+0000] {spark_read_mongo_dag.py:187} ERROR - spark-submit stderr | 	at scala.concurrent.impl.Promise$DefaultPromise.$anonfun$tryComplete$1(Promise.scala:288)
[2025-12-05T12:36:51.085+0000] {spark_read_mongo_dag.py:187} ERROR - spark-submit stderr | 	at scala.concurrent.impl.Promise$DefaultPromise.$anonfun$tryComplete$1$adapted(Promise.scala:288)
[2025-12-05T12:36:51.086+0000] {spark_read_mongo_dag.py:187} ERROR - spark-submit stderr | 	at scala.concurrent.impl.Promise$DefaultPromise.tryComplete(Promise.scala:288)
[2025-12-05T12:36:51.086+0000] {spark_read_mongo_dag.py:187} ERROR - spark-submit stderr | 	at scala.concurrent.Promise.complete(Promise.scala:53)
[2025-12-05T12:36:51.087+0000] {spark_read_mongo_dag.py:187} ERROR - spark-submit stderr | 	at scala.concurrent.Promise.complete$(Promise.scala:52)
[2025-12-05T12:36:51.087+0000] {spark_read_mongo_dag.py:187} ERROR - spark-submit stderr | 	at scala.concurrent.impl.Promise$DefaultPromise.complete(Promise.scala:187)
[2025-12-05T12:36:51.087+0000] {spark_read_mongo_dag.py:187} ERROR - spark-submit stderr | 	at scala.concurrent.Promise.success(Promise.scala:86)
[2025-12-05T12:36:51.087+0000] {spark_read_mongo_dag.py:187} ERROR - spark-submit stderr | 	at scala.concurrent.Promise.success$(Promise.scala:86)
[2025-12-05T12:36:51.088+0000] {spark_read_mongo_dag.py:187} ERROR - spark-submit stderr | 	at scala.concurrent.impl.Promise$DefaultPromise.success(Promise.scala:187)
[2025-12-05T12:36:51.088+0000] {spark_read_mongo_dag.py:187} ERROR - spark-submit stderr | 	at org.apache.spark.rpc.netty.LocalNettyRpcCallContext.send(NettyRpcCallContext.scala:50)
[2025-12-05T12:36:51.088+0000] {spark_read_mongo_dag.py:187} ERROR - spark-submit stderr | 	at org.apache.spark.rpc.netty.NettyRpcCallContext.reply(NettyRpcCallContext.scala:32)
[2025-12-05T12:36:51.089+0000] {spark_read_mongo_dag.py:187} ERROR - spark-submit stderr | 	at org.apache.spark.rpc.netty.RpcEndpointVerifier$$anonfun$receiveAndReply$1.applyOrElse(RpcEndpointVerifier.scala:31)
[2025-12-05T12:36:51.089+0000] {spark_read_mongo_dag.py:187} ERROR - spark-submit stderr | 	... 8 more
[2025-12-05T12:36:51.089+0000] {spark_read_mongo_dag.py:187} ERROR - spark-submit stderr | 25/12/05 12:36:33 INFO SharedState: Setting hive.metastore.warehouse.dir ('null') to the value of spark.sql.warehouse.dir.
[2025-12-05T12:36:51.089+0000] {spark_read_mongo_dag.py:187} ERROR - spark-submit stderr | 25/12/05 12:36:33 INFO SharedState: Warehouse path is 'file:/opt/***/spark-warehouse'.
[2025-12-05T12:36:51.090+0000] {spark_read_mongo_dag.py:187} ERROR - spark-submit stderr | 25/12/05 12:36:37 INFO client: MongoClient with metadata {"driver": {"name": "mongo-java-driver|sync|mongo-spark-connector|source", "version": "4.11.2|10.1.1"}, "os": {"type": "Linux", "name": "Linux", "architecture": "amd64", "version": "6.6.87.2-microsoft-standard-WSL2"}, "platform": "Java/Debian/17.0.17+10-Debian-1deb12u1|Scala/2.12.17/Spark/3.4.1"} created with settings MongoClientSettings{readPreference=primary, writeConcern=WriteConcern{w=null, wTimeout=null ms, journal=null}, retryWrites=true, retryReads=true, readConcern=ReadConcern{level=null}, credential=null, transportSettings=null, streamFactoryFactory=null, commandListeners=[], codecRegistry=ProvidersCodecRegistry{codecProviders=[ValueCodecProvider{}, BsonValueCodecProvider{}, DBRefCodecProvider{}, DBObjectCodecProvider{}, DocumentCodecProvider{}, CollectionCodecProvider{}, IterableCodecProvider{}, MapCodecProvider{}, GeoJsonCodecProvider{}, GridFSFileCodecProvider{}, Jsr310CodecProvider{}, JsonObjectCodecProvider{}, BsonCodecProvider{}, EnumCodecProvider{}, com.mongodb.client.model.mql.ExpressionCodecProvider@3a529d74, com.mongodb.Jep395RecordCodecProvider@41e844bb, com.mongodb.KotlinCodecProvider@21c7ad49]}, loggerSettings=LoggerSettings{maxDocumentLength=1000}, clusterSettings={hosts=[172.168.168.206:27017], srvServiceName=mongodb, mode=SINGLE, requiredClusterType=UNKNOWN, requiredReplicaSetName='null', serverSelector='null', clusterListeners='[]', serverSelectionTimeout='30000 ms', localThreshold='15 ms'}, socketSettings=SocketSettings{connectTimeoutMS=10000, readTimeoutMS=0, receiveBufferSize=0, proxySettings=ProxySettings{host=null, port=null, username=null, password=null}}, heartbeatSocketSettings=SocketSettings{connectTimeoutMS=10000, readTimeoutMS=10000, receiveBufferSize=0, proxySettings=ProxySettings{host=null, port=null, username=null, password=null}}, connectionPoolSettings=ConnectionPoolSettings{maxSize=100, minSize=0, maxWaitTimeMS=120000, maxConnectionLifeTimeMS=0, maxConnectionIdleTimeMS=0, maintenanceInitialDelayMS=0, maintenanceFrequencyMS=60000, connectionPoolListeners=[], maxConnecting=2}, serverSettings=ServerSettings{heartbeatFrequencyMS=10000, minHeartbeatFrequencyMS=500, serverListeners='[]', serverMonitorListeners='[]'}, sslSettings=SslSettings{enabled=false, invalidHostNameAllowed=false, context=null}, applicationName='null', compressorList=[], uuidRepresentation=UNSPECIFIED, serverApi=null, autoEncryptionSettings=null, dnsClient=null, inetAddressResolver=null, contextProvider=null}
[2025-12-05T12:36:51.090+0000] {spark_read_mongo_dag.py:187} ERROR - spark-submit stderr | 25/12/05 12:36:37 INFO cluster: Monitor thread successfully connected to server with description ServerDescription{address=172.168.168.206:27017, type=STANDALONE, state=CONNECTED, ok=true, minWireVersion=0, maxWireVersion=21, maxDocumentSize=16777216, logicalSessionTimeoutMinutes=30, roundTripTimeNanos=225943948}
[2025-12-05T12:36:51.090+0000] {spark_read_mongo_dag.py:187} ERROR - spark-submit stderr | 25/12/05 12:36:38 INFO MongoTable: Creating MongoTable: mongo-spark-connector-10.1.1
[2025-12-05T12:36:51.091+0000] {spark_read_mongo_dag.py:187} ERROR - spark-submit stderr | 25/12/05 12:36:46 WARN MetricsConfig: Cannot locate configuration: tried hadoop-metrics2-s3a-file-system.properties,hadoop-metrics2.properties
[2025-12-05T12:36:51.091+0000] {spark_read_mongo_dag.py:187} ERROR - spark-submit stderr | 25/12/05 12:36:46 INFO MetricsSystemImpl: Scheduled Metric snapshot period at 10 second(s).
[2025-12-05T12:36:51.091+0000] {spark_read_mongo_dag.py:187} ERROR - spark-submit stderr | 25/12/05 12:36:46 INFO MetricsSystemImpl: s3a-file-system metrics system started
[2025-12-05T12:36:51.092+0000] {spark_read_mongo_dag.py:187} ERROR - spark-submit stderr | 25/12/05 12:36:46 WARN VersionInfoUtils: The AWS SDK for Java 1.x entered maintenance mode starting July 31, 2024 and will reach end of support on December 31, 2025. For more information, see https://aws.amazon.com/blogs/developer/the-aws-sdk-for-java-1-x-is-in-maintenance-mode-effective-july-31-2024/
[2025-12-05T12:36:51.092+0000] {spark_read_mongo_dag.py:187} ERROR - spark-submit stderr | You can print where on the file system the AWS SDK for Java 1.x core runtime is located by setting the AWS_JAVA_V1_PRINT_LOCATION environment variable or aws.java.v1.printLocation system property to 'true'.
[2025-12-05T12:36:51.092+0000] {spark_read_mongo_dag.py:187} ERROR - spark-submit stderr | This message can be disabled by setting the AWS_JAVA_V1_DISABLE_DEPRECATION_ANNOUNCEMENT environment variable or aws.java.v1.disableDeprecationAnnouncement system property to 'true'.
[2025-12-05T12:36:51.092+0000] {spark_read_mongo_dag.py:187} ERROR - spark-submit stderr | The AWS SDK for Java 1.x is being used here:
[2025-12-05T12:36:51.093+0000] {spark_read_mongo_dag.py:187} ERROR - spark-submit stderr | at java.base/java.lang.Thread.getStackTrace(Thread.java:1619)
[2025-12-05T12:36:51.093+0000] {spark_read_mongo_dag.py:187} ERROR - spark-submit stderr | at com.amazonaws.util.VersionInfoUtils.printDeprecationAnnouncement(VersionInfoUtils.java:81)
[2025-12-05T12:36:51.093+0000] {spark_read_mongo_dag.py:187} ERROR - spark-submit stderr | at com.amazonaws.util.VersionInfoUtils.<clinit>(VersionInfoUtils.java:59)
[2025-12-05T12:36:51.094+0000] {spark_read_mongo_dag.py:187} ERROR - spark-submit stderr | at com.amazonaws.internal.EC2ResourceFetcher.<clinit>(EC2ResourceFetcher.java:44)
[2025-12-05T12:36:51.094+0000] {spark_read_mongo_dag.py:187} ERROR - spark-submit stderr | at com.amazonaws.auth.InstanceMetadataServiceCredentialsFetcher.<init>(InstanceMetadataServiceCredentialsFetcher.java:38)
[2025-12-05T12:36:51.094+0000] {spark_read_mongo_dag.py:187} ERROR - spark-submit stderr | at com.amazonaws.auth.InstanceProfileCredentialsProvider.<init>(InstanceProfileCredentialsProvider.java:111)
[2025-12-05T12:36:51.094+0000] {spark_read_mongo_dag.py:187} ERROR - spark-submit stderr | at com.amazonaws.auth.InstanceProfileCredentialsProvider.<init>(InstanceProfileCredentialsProvider.java:91)
[2025-12-05T12:36:51.095+0000] {spark_read_mongo_dag.py:187} ERROR - spark-submit stderr | at com.amazonaws.auth.InstanceProfileCredentialsProvider.<init>(InstanceProfileCredentialsProvider.java:75)
[2025-12-05T12:36:51.095+0000] {spark_read_mongo_dag.py:187} ERROR - spark-submit stderr | at com.amazonaws.auth.InstanceProfileCredentialsProvider.<clinit>(InstanceProfileCredentialsProvider.java:58)
[2025-12-05T12:36:51.096+0000] {spark_read_mongo_dag.py:187} ERROR - spark-submit stderr | at com.amazonaws.auth.EC2ContainerCredentialsProviderWrapper.initializeProvider(EC2ContainerCredentialsProviderWrapper.java:66)
[2025-12-05T12:36:51.096+0000] {spark_read_mongo_dag.py:187} ERROR - spark-submit stderr | at com.amazonaws.auth.EC2ContainerCredentialsProviderWrapper.<init>(EC2ContainerCredentialsProviderWrapper.java:55)
[2025-12-05T12:36:51.097+0000] {spark_read_mongo_dag.py:187} ERROR - spark-submit stderr | at org.apache.hadoop.fs.s3a.auth.IAMInstanceCredentialsProvider.<init>(IAMInstanceCredentialsProvider.java:49)
[2025-12-05T12:36:51.098+0000] {spark_read_mongo_dag.py:187} ERROR - spark-submit stderr | at java.base/jdk.internal.reflect.NativeConstructorAccessorImpl.newInstance0(Native Method)
[2025-12-05T12:36:51.099+0000] {spark_read_mongo_dag.py:187} ERROR - spark-submit stderr | at java.base/jdk.internal.reflect.NativeConstructorAccessorImpl.newInstance(NativeConstructorAccessorImpl.java:77)
[2025-12-05T12:36:51.099+0000] {spark_read_mongo_dag.py:187} ERROR - spark-submit stderr | at java.base/jdk.internal.reflect.DelegatingConstructorAccessorImpl.newInstance(DelegatingConstructorAccessorImpl.java:45)
[2025-12-05T12:36:51.100+0000] {spark_read_mongo_dag.py:187} ERROR - spark-submit stderr | at java.base/java.lang.reflect.Constructor.newInstanceWithCaller(Constructor.java:500)
[2025-12-05T12:36:51.100+0000] {spark_read_mongo_dag.py:187} ERROR - spark-submit stderr | at java.base/java.lang.reflect.Constructor.newInstance(Constructor.java:481)
[2025-12-05T12:36:51.101+0000] {spark_read_mongo_dag.py:187} ERROR - spark-submit stderr | at org.apache.hadoop.fs.s3a.S3AUtils.createAWSCredentialProvider(S3AUtils.java:766)
[2025-12-05T12:36:51.101+0000] {spark_read_mongo_dag.py:187} ERROR - spark-submit stderr | at org.apache.hadoop.fs.s3a.S3AUtils.buildAWSProviderList(S3AUtils.java:698)
[2025-12-05T12:36:51.102+0000] {spark_read_mongo_dag.py:187} ERROR - spark-submit stderr | at org.apache.hadoop.fs.s3a.S3AUtils.createAWSCredentialProviderSet(S3AUtils.java:631)
[2025-12-05T12:36:51.102+0000] {spark_read_mongo_dag.py:187} ERROR - spark-submit stderr | at org.apache.hadoop.fs.s3a.S3AFileSystem.bindAWSClient(S3AFileSystem.java:877)
[2025-12-05T12:36:51.102+0000] {spark_read_mongo_dag.py:187} ERROR - spark-submit stderr | at org.apache.hadoop.fs.s3a.S3AFileSystem.initialize(S3AFileSystem.java:534)
[2025-12-05T12:36:51.103+0000] {spark_read_mongo_dag.py:187} ERROR - spark-submit stderr | at org.apache.hadoop.fs.FileSystem.createFileSystem(FileSystem.java:3469)
[2025-12-05T12:36:51.103+0000] {spark_read_mongo_dag.py:187} ERROR - spark-submit stderr | at org.apache.hadoop.fs.FileSystem.access$300(FileSystem.java:174)
[2025-12-05T12:36:51.104+0000] {spark_read_mongo_dag.py:187} ERROR - spark-submit stderr | at org.apache.hadoop.fs.FileSystem$Cache.getInternal(FileSystem.java:3574)
[2025-12-05T12:36:51.104+0000] {spark_read_mongo_dag.py:187} ERROR - spark-submit stderr | at org.apache.hadoop.fs.FileSystem$Cache.get(FileSystem.java:3521)
[2025-12-05T12:36:51.104+0000] {spark_read_mongo_dag.py:187} ERROR - spark-submit stderr | at org.apache.hadoop.fs.FileSystem.get(FileSystem.java:540)
[2025-12-05T12:36:51.104+0000] {spark_read_mongo_dag.py:187} ERROR - spark-submit stderr | at org.apache.hadoop.fs.Path.getFileSystem(Path.java:365)
[2025-12-05T12:36:51.105+0000] {spark_read_mongo_dag.py:187} ERROR - spark-submit stderr | at org.apache.spark.sql.execution.datasources.DataSource.planForWritingFileFormat(DataSource.scala:454)
[2025-12-05T12:36:51.105+0000] {spark_read_mongo_dag.py:187} ERROR - spark-submit stderr | at org.apache.spark.sql.execution.datasources.DataSource.planForWriting(DataSource.scala:530)
[2025-12-05T12:36:51.105+0000] {spark_read_mongo_dag.py:187} ERROR - spark-submit stderr | at org.apache.spark.sql.DataFrameWriter.saveToV1Source(DataFrameWriter.scala:387)
[2025-12-05T12:36:51.106+0000] {spark_read_mongo_dag.py:187} ERROR - spark-submit stderr | at org.apache.spark.sql.DataFrameWriter.saveInternal(DataFrameWriter.scala:360)
[2025-12-05T12:36:51.106+0000] {spark_read_mongo_dag.py:187} ERROR - spark-submit stderr | at org.apache.spark.sql.DataFrameWriter.save(DataFrameWriter.scala:239)
[2025-12-05T12:36:51.106+0000] {spark_read_mongo_dag.py:187} ERROR - spark-submit stderr | at org.apache.spark.sql.DataFrameWriter.csv(DataFrameWriter.scala:847)
[2025-12-05T12:36:51.106+0000] {spark_read_mongo_dag.py:187} ERROR - spark-submit stderr | at java.base/jdk.internal.reflect.NativeMethodAccessorImpl.invoke0(Native Method)
[2025-12-05T12:36:51.107+0000] {spark_read_mongo_dag.py:187} ERROR - spark-submit stderr | at java.base/jdk.internal.reflect.NativeMethodAccessorImpl.invoke(NativeMethodAccessorImpl.java:77)
[2025-12-05T12:36:51.107+0000] {spark_read_mongo_dag.py:187} ERROR - spark-submit stderr | at java.base/jdk.internal.reflect.DelegatingMethodAccessorImpl.invoke(DelegatingMethodAccessorImpl.java:43)
[2025-12-05T12:36:51.107+0000] {spark_read_mongo_dag.py:187} ERROR - spark-submit stderr | at java.base/java.lang.reflect.Method.invoke(Method.java:569)
[2025-12-05T12:36:51.108+0000] {spark_read_mongo_dag.py:187} ERROR - spark-submit stderr | at py4j.reflection.MethodInvoker.invoke(MethodInvoker.java:244)
[2025-12-05T12:36:51.108+0000] {spark_read_mongo_dag.py:187} ERROR - spark-submit stderr | at py4j.reflection.ReflectionEngine.invoke(ReflectionEngine.java:374)
[2025-12-05T12:36:51.108+0000] {spark_read_mongo_dag.py:187} ERROR - spark-submit stderr | at py4j.Gateway.invoke(Gateway.java:282)
[2025-12-05T12:36:51.109+0000] {spark_read_mongo_dag.py:187} ERROR - spark-submit stderr | at py4j.commands.AbstractCommand.invokeMethod(AbstractCommand.java:132)
[2025-12-05T12:36:51.109+0000] {spark_read_mongo_dag.py:187} ERROR - spark-submit stderr | at py4j.commands.CallCommand.execute(CallCommand.java:79)
[2025-12-05T12:36:51.109+0000] {spark_read_mongo_dag.py:187} ERROR - spark-submit stderr | at py4j.ClientServerConnection.waitForCommands(ClientServerConnection.java:182)
[2025-12-05T12:36:51.109+0000] {spark_read_mongo_dag.py:187} ERROR - spark-submit stderr | at py4j.ClientServerConnection.run(ClientServerConnection.java:106)
[2025-12-05T12:36:51.110+0000] {spark_read_mongo_dag.py:187} ERROR - spark-submit stderr | at java.base/java.lang.Thread.run(Thread.java:840)
[2025-12-05T12:36:51.110+0000] {spark_read_mongo_dag.py:187} ERROR - spark-submit stderr | 25/12/05 12:36:49 INFO SparkContext: SparkContext is stopping with exitCode 0.
[2025-12-05T12:36:51.110+0000] {spark_read_mongo_dag.py:187} ERROR - spark-submit stderr | 25/12/05 12:36:49 INFO SparkUI: Stopped Spark web UI at http://fa5351f36d22:4040
[2025-12-05T12:36:51.110+0000] {spark_read_mongo_dag.py:187} ERROR - spark-submit stderr | 25/12/05 12:36:49 INFO MapOutputTrackerMasterEndpoint: MapOutputTrackerMasterEndpoint stopped!
[2025-12-05T12:36:51.111+0000] {spark_read_mongo_dag.py:187} ERROR - spark-submit stderr | 25/12/05 12:36:49 INFO MemoryStore: MemoryStore cleared
[2025-12-05T12:36:51.111+0000] {spark_read_mongo_dag.py:187} ERROR - spark-submit stderr | 25/12/05 12:36:49 INFO BlockManager: BlockManager stopped
[2025-12-05T12:36:51.112+0000] {spark_read_mongo_dag.py:187} ERROR - spark-submit stderr | 25/12/05 12:36:49 INFO BlockManagerMaster: BlockManagerMaster stopped
[2025-12-05T12:36:51.112+0000] {spark_read_mongo_dag.py:187} ERROR - spark-submit stderr | 25/12/05 12:36:49 INFO OutputCommitCoordinator$OutputCommitCoordinatorEndpoint: OutputCommitCoordinator stopped!
[2025-12-05T12:36:51.113+0000] {spark_read_mongo_dag.py:187} ERROR - spark-submit stderr | 25/12/05 12:36:49 INFO SparkContext: Successfully stopped SparkContext
[2025-12-05T12:36:51.114+0000] {spark_read_mongo_dag.py:187} ERROR - spark-submit stderr | 25/12/05 12:36:50 INFO ShutdownHookManager: Shutdown hook called
[2025-12-05T12:36:51.115+0000] {spark_read_mongo_dag.py:187} ERROR - spark-submit stderr | 25/12/05 12:36:50 INFO ShutdownHookManager: Deleting directory /tmp/spark-b6dd9bb6-3f64-4623-8059-e7035da99547/pyspark-9a582e42-d81f-4673-bcd9-ac2ce80a98e6
[2025-12-05T12:36:51.115+0000] {spark_read_mongo_dag.py:187} ERROR - spark-submit stderr | 25/12/05 12:36:50 INFO ShutdownHookManager: Deleting directory /tmp/spark-b6dd9bb6-3f64-4623-8059-e7035da99547
[2025-12-05T12:36:51.116+0000] {spark_read_mongo_dag.py:187} ERROR - spark-submit stderr | 25/12/05 12:36:50 INFO ShutdownHookManager: Deleting directory /tmp/spark-cd786aa6-a25c-46a7-8706-5f871c1daab7
[2025-12-05T12:36:51.116+0000] {spark_read_mongo_dag.py:187} ERROR - spark-submit stderr | 25/12/05 12:36:50 INFO MetricsSystemImpl: Stopping s3a-file-system metrics system...
[2025-12-05T12:36:51.117+0000] {spark_read_mongo_dag.py:187} ERROR - spark-submit stderr | 25/12/05 12:36:50 INFO MetricsSystemImpl: s3a-file-system metrics system stopped.
[2025-12-05T12:36:51.117+0000] {spark_read_mongo_dag.py:187} ERROR - spark-submit stderr | 25/12/05 12:36:50 INFO MetricsSystemImpl: s3a-file-system metrics system shutdown complete.
[2025-12-05T12:36:51.118+0000] {spark_read_mongo_dag.py:192} INFO - END run_spark_job SUCCESS
[2025-12-05T12:36:51.118+0000] {python.py:237} INFO - Done. Returned value was: None
[2025-12-05T12:36:51.119+0000] {taskinstance.py:441} INFO - ::group::Post task execution logs
[2025-12-05T12:36:51.141+0000] {taskinstance.py:1206} INFO - Marking task as SUCCESS. dag_id=mongo_iceberg_dremio_dag, task_id=run_mongo_to_iceberg, run_id=manual__2025-12-05T12:35:41.135269+00:00, execution_date=20251205T123541, start_date=20251205T123542, end_date=20251205T123651
[2025-12-05T12:36:51.208+0000] {local_task_job_runner.py:240} INFO - Task exited with return code 0
[2025-12-05T12:36:51.396+0000] {taskinstance.py:3503} INFO - 1 downstream tasks scheduled from follow-on schedule check
[2025-12-05T12:36:51.432+0000] {local_task_job_runner.py:222} INFO - ::endgroup::
