[2025-12-01T12:16:33.754+0000] {local_task_job_runner.py:120} INFO - ::group::Pre task execution logs
[2025-12-01T12:16:33.791+0000] {taskinstance.py:2076} INFO - Dependencies all met for dep_context=non-requeueable deps ti=<TaskInstance: spark_read_mongo_dag.submit_read_mongo manual__2025-12-01T12:13:43.042263+00:00 [queued]>
[2025-12-01T12:16:33.800+0000] {taskinstance.py:2076} INFO - Dependencies all met for dep_context=requeueable deps ti=<TaskInstance: spark_read_mongo_dag.submit_read_mongo manual__2025-12-01T12:13:43.042263+00:00 [queued]>
[2025-12-01T12:16:33.816+0000] {taskinstance.py:2306} INFO - Starting attempt 2 of 2
[2025-12-01T12:16:33.873+0000] {taskinstance.py:2330} INFO - Executing <Task(SparkSubmitOperator): submit_read_mongo> on 2025-12-01 12:13:43.042263+00:00
[2025-12-01T12:16:33.880+0000] {standard_task_runner.py:63} INFO - Started process 180 to run task
[2025-12-01T12:16:33.884+0000] {standard_task_runner.py:90} INFO - Running: ['***', 'tasks', 'run', 'spark_read_mongo_dag', 'submit_read_mongo', 'manual__2025-12-01T12:13:43.042263+00:00', '--job-id', '13', '--raw', '--subdir', 'DAGS_FOLDER/spark_read_mongo_dag.py', '--cfg-path', '/tmp/tmp0ede_h2z']
[2025-12-01T12:16:33.892+0000] {standard_task_runner.py:91} INFO - Job 13: Subtask submit_read_mongo
[2025-12-01T12:16:34.079+0000] {task_command.py:426} INFO - Running <TaskInstance: spark_read_mongo_dag.submit_read_mongo manual__2025-12-01T12:13:43.042263+00:00 [running]> on host 9ecbabf403f4
[2025-12-01T12:16:34.446+0000] {taskinstance.py:2648} INFO - Exporting env vars: AIRFLOW_CTX_DAG_OWNER='deeku' AIRFLOW_CTX_DAG_ID='spark_read_mongo_dag' AIRFLOW_CTX_TASK_ID='submit_read_mongo' AIRFLOW_CTX_EXECUTION_DATE='2025-12-01T12:13:43.042263+00:00' AIRFLOW_CTX_TRY_NUMBER='2' AIRFLOW_CTX_DAG_RUN_ID='manual__2025-12-01T12:13:43.042263+00:00'
[2025-12-01T12:16:34.449+0000] {taskinstance.py:430} INFO - ::endgroup::
[2025-12-01T12:16:34.515+0000] {base.py:84} INFO - Using connection ID 'spark_default' for task execution.
[2025-12-01T12:16:34.519+0000] {spark_submit.py:401} INFO - Spark-Submit cmd: spark-submit --master yarn --conf spark.master=local[*] --conf spark.jars=/opt/***/jars/mongo-spark-connector_2.12-10.3.0.jar,/opt/***/jars/iceberg-spark-runtime-3.5_2.12-1.5.2.jar,/opt/***/jars/hadoop-aws-3.3.4.jar,/opt/***/jars/aws-java-sdk-bundle-1.12.772.jar --conf spark.yarn.appMasterEnv.AIRFLOW_CONN_MONGO_DB=mongodb://172.168.168.206:27017 --conf spark.yarn.appMasterEnv.MONGO_DB=ai_segmentation --conf spark.yarn.appMasterEnv.MONGO_COLLECTION=conversations --conf spark.yarn.appMasterEnv.AIRFLOW_CONN_MONGO_DB=mongodb://172.168.168.206:27017 --conf spark.yarn.appMasterEnv.MONGO_DB=ai_segmentation --conf spark.yarn.appMasterEnv.MONGO_COLLECTION=conversations --conf spark.yarn.appMasterEnv.SPARK_MASTER=local[*] --jars /opt/***/jars/mongo-spark-connector_2.12-10.3.0.jar,/opt/***/jars/iceberg-spark-runtime-3.5_2.12-1.5.2.jar,/opt/***/jars/hadoop-aws-3.3.4.jar,/opt/***/jars/aws-java-sdk-bundle-1.12.772.jar --name arrow-spark --queue root.default /opt/***/spark/jobs/mongo_pyspark.py
[2025-12-01T12:16:34.706+0000] {spark_submit.py:571} INFO - /home/***/.local/lib/python3.9/site-packages/pyspark/bin/load-spark-env.sh: line 68: ps: command not found
[2025-12-01T12:16:34.710+0000] {spark_submit.py:571} INFO - JAVA_HOME is not set
[2025-12-01T12:16:34.715+0000] {taskinstance.py:441} INFO - ::group::Post task execution logs
[2025-12-01T12:16:34.739+0000] {taskinstance.py:2905} ERROR - Task failed with exception
Traceback (most recent call last):
  File "/home/airflow/.local/lib/python3.9/site-packages/airflow/models/taskinstance.py", line 465, in _execute_task
    result = _execute_callable(context=context, **execute_callable_kwargs)
  File "/home/airflow/.local/lib/python3.9/site-packages/airflow/models/taskinstance.py", line 432, in _execute_callable
    return execute_callable(context=context, **execute_callable_kwargs)
  File "/home/airflow/.local/lib/python3.9/site-packages/airflow/models/baseoperator.py", line 401, in wrapper
    return func(self, *args, **kwargs)
  File "/home/airflow/.local/lib/python3.9/site-packages/airflow/providers/apache/spark/operators/spark_submit.py", line 174, in execute
    self._hook.submit(self.application)
  File "/home/airflow/.local/lib/python3.9/site-packages/airflow/providers/apache/spark/hooks/spark_submit.py", line 502, in submit
    raise AirflowException(
airflow.exceptions.AirflowException: Cannot execute: spark-submit --master yarn --conf spark.master=local[*] --conf spark.jars=/opt/***/jars/mongo-spark-connector_2.12-10.3.0.jar,/opt/***/jars/iceberg-spark-runtime-3.5_2.12-1.5.2.jar,/opt/***/jars/hadoop-aws-3.3.4.jar,/opt/***/jars/aws-java-sdk-bundle-1.12.772.jar --conf spark.yarn.appMasterEnv.AIRFLOW_CONN_MONGO_DB=mongodb://172.168.168.206:27017 --conf spark.yarn.appMasterEnv.MONGO_DB=ai_segmentation --conf spark.yarn.appMasterEnv.MONGO_COLLECTION=conversations --conf spark.yarn.appMasterEnv.AIRFLOW_CONN_MONGO_DB=mongodb://172.168.168.206:27017 --conf spark.yarn.appMasterEnv.MONGO_DB=ai_segmentation --conf spark.yarn.appMasterEnv.MONGO_COLLECTION=conversations --conf spark.yarn.appMasterEnv.SPARK_MASTER=local[*] --jars /opt/***/jars/mongo-spark-connector_2.12-10.3.0.jar,/opt/***/jars/iceberg-spark-runtime-3.5_2.12-1.5.2.jar,/opt/***/jars/hadoop-aws-3.3.4.jar,/opt/***/jars/aws-java-sdk-bundle-1.12.772.jar --name arrow-spark --queue root.default /opt/***/spark/jobs/mongo_pyspark.py. Error code is: 1.
[2025-12-01T12:16:34.744+0000] {taskinstance.py:1206} INFO - Marking task as FAILED. dag_id=spark_read_mongo_dag, task_id=submit_read_mongo, run_id=manual__2025-12-01T12:13:43.042263+00:00, execution_date=20251201T121343, start_date=20251201T121633, end_date=20251201T121634
[2025-12-01T12:16:34.892+0000] {standard_task_runner.py:110} ERROR - Failed to execute job 13 for task submit_read_mongo (Cannot execute: spark-submit --master yarn --conf spark.master=local[*] --conf spark.jars=/opt/***/jars/mongo-spark-connector_2.12-10.3.0.jar,/opt/***/jars/iceberg-spark-runtime-3.5_2.12-1.5.2.jar,/opt/***/jars/hadoop-aws-3.3.4.jar,/opt/***/jars/aws-java-sdk-bundle-1.12.772.jar --conf spark.yarn.appMasterEnv.AIRFLOW_CONN_MONGO_DB=mongodb://172.168.168.206:27017 --conf spark.yarn.appMasterEnv.MONGO_DB=ai_segmentation --conf spark.yarn.appMasterEnv.MONGO_COLLECTION=conversations --conf spark.yarn.appMasterEnv.AIRFLOW_CONN_MONGO_DB=mongodb://172.168.168.206:27017 --conf spark.yarn.appMasterEnv.MONGO_DB=ai_segmentation --conf spark.yarn.appMasterEnv.MONGO_COLLECTION=conversations --conf spark.yarn.appMasterEnv.SPARK_MASTER=local[*] --jars /opt/***/jars/mongo-spark-connector_2.12-10.3.0.jar,/opt/***/jars/iceberg-spark-runtime-3.5_2.12-1.5.2.jar,/opt/***/jars/hadoop-aws-3.3.4.jar,/opt/***/jars/aws-java-sdk-bundle-1.12.772.jar --name arrow-spark --queue root.default /opt/***/spark/jobs/mongo_pyspark.py. Error code is: 1.; 180)
[2025-12-01T12:16:34.942+0000] {local_task_job_runner.py:240} INFO - Task exited with return code 1
[2025-12-01T12:16:34.989+0000] {taskinstance.py:3503} INFO - 0 downstream tasks scheduled from follow-on schedule check
[2025-12-01T12:16:35.232+0000] {local_task_job_runner.py:222} INFO - ::endgroup::
