[2025-12-04T12:45:22.835+0000] {local_task_job_runner.py:120} INFO - ::group::Pre task execution logs
[2025-12-04T12:45:23.767+0000] {taskinstance.py:2076} INFO - Dependencies all met for dep_context=non-requeueable deps ti=<TaskInstance: mongo_iceberg_dremio_dag.configure_dremio_source manual__2025-12-04T12:42:24.222464+00:00 [queued]>
[2025-12-04T12:45:23.810+0000] {taskinstance.py:2076} INFO - Dependencies all met for dep_context=requeueable deps ti=<TaskInstance: mongo_iceberg_dremio_dag.configure_dremio_source manual__2025-12-04T12:42:24.222464+00:00 [queued]>
[2025-12-04T12:45:23.811+0000] {taskinstance.py:2306} INFO - Starting attempt 1 of 1
[2025-12-04T12:45:23.944+0000] {taskinstance.py:2330} INFO - Executing <Task(PythonOperator): configure_dremio_source> on 2025-12-04 12:42:24.222464+00:00
[2025-12-04T12:45:23.949+0000] {standard_task_runner.py:63} INFO - Started process 589 to run task
[2025-12-04T12:45:23.953+0000] {standard_task_runner.py:90} INFO - Running: ['***', 'tasks', 'run', 'mongo_iceberg_dremio_dag', 'configure_dremio_source', 'manual__2025-12-04T12:42:24.222464+00:00', '--job-id', '88', '--raw', '--subdir', 'DAGS_FOLDER/spark_read_mongo_dag.py', '--cfg-path', '/tmp/tmpsuzgozq_']
[2025-12-04T12:45:23.955+0000] {standard_task_runner.py:91} INFO - Job 88: Subtask configure_dremio_source
[2025-12-04T12:45:24.769+0000] {task_command.py:426} INFO - Running <TaskInstance: mongo_iceberg_dremio_dag.configure_dremio_source manual__2025-12-04T12:42:24.222464+00:00 [running]> on host 5f9ee427045a
[2025-12-04T12:45:25.312+0000] {taskinstance.py:2648} INFO - Exporting env vars: AIRFLOW_CTX_DAG_OWNER='deeku' AIRFLOW_CTX_DAG_ID='mongo_iceberg_dremio_dag' AIRFLOW_CTX_TASK_ID='configure_dremio_source' AIRFLOW_CTX_EXECUTION_DATE='2025-12-04T12:42:24.222464+00:00' AIRFLOW_CTX_TRY_NUMBER='1' AIRFLOW_CTX_DAG_RUN_ID='manual__2025-12-04T12:42:24.222464+00:00'
[2025-12-04T12:45:25.319+0000] {taskinstance.py:430} INFO - ::endgroup::
[2025-12-04T12:45:25.735+0000] {spark_read_mongo_dag.py:367} INFO - Creating Dremio source 'iceberg' with payload: {"name": "iceberg", "config": {"restEndpointUri": "http://nessie:19120/api/v2", "propertyList": [{"name": "warehouse", "value": "s3a://iceberg/"}], "secretPropertyList": [{"name": "fs.s3a.access.key", "value": "minioadmin"}, {"name": "fs.s3a.secret.key", "value": "minioadmin123"}], "isUsingVendedCredentials": false, "enableAsync": true, "isCachingEnabled": true, "isRecursiveAllowedNamespaces": true}}
[2025-12-04T12:45:26.210+0000] {spark_read_mongo_dag.py:374} ERROR - Failed to create Dremio source. status=400 body={"errorMessage":"Invalid value found at: config","moreInfo":"","stackTrace":[]}
[2025-12-04T12:45:26.211+0000] {taskinstance.py:441} INFO - ::group::Post task execution logs
[2025-12-04T12:45:26.212+0000] {taskinstance.py:2905} ERROR - Task failed with exception
Traceback (most recent call last):
  File "/home/airflow/.local/lib/python3.9/site-packages/airflow/models/taskinstance.py", line 465, in _execute_task
    result = _execute_callable(context=context, **execute_callable_kwargs)
  File "/home/airflow/.local/lib/python3.9/site-packages/airflow/models/taskinstance.py", line 432, in _execute_callable
    return execute_callable(context=context, **execute_callable_kwargs)
  File "/home/airflow/.local/lib/python3.9/site-packages/airflow/models/baseoperator.py", line 401, in wrapper
    return func(self, *args, **kwargs)
  File "/home/airflow/.local/lib/python3.9/site-packages/airflow/operators/python.py", line 235, in execute
    return_value = self.execute_callable()
  File "/home/airflow/.local/lib/python3.9/site-packages/airflow/operators/python.py", line 252, in execute_callable
    return self.python_callable(*self.op_args, **self.op_kwargs)
  File "/opt/airflow/dags/spark_read_mongo_dag.py", line 375, in create_dremio_iceberg_source
    r.raise_for_status()
  File "/home/airflow/.local/lib/python3.9/site-packages/requests/models.py", line 1021, in raise_for_status
    raise HTTPError(http_error_msg, response=self)
requests.exceptions.HTTPError: 400 Client Error: Bad Request for url: http://dremio:9047/api/v3/source
[2025-12-04T12:45:26.305+0000] {taskinstance.py:1206} INFO - Marking task as FAILED. dag_id=mongo_iceberg_dremio_dag, task_id=configure_dremio_source, run_id=manual__2025-12-04T12:42:24.222464+00:00, execution_date=20251204T124224, start_date=20251204T124523, end_date=20251204T124526
[2025-12-04T12:45:26.397+0000] {standard_task_runner.py:110} ERROR - Failed to execute job 88 for task configure_dremio_source (400 Client Error: Bad Request for url: http://dremio:9047/api/v3/source; 589)
[2025-12-04T12:45:26.415+0000] {local_task_job_runner.py:240} INFO - Task exited with return code 1
[2025-12-04T12:45:26.449+0000] {taskinstance.py:3503} INFO - 0 downstream tasks scheduled from follow-on schedule check
[2025-12-04T12:45:26.572+0000] {local_task_job_runner.py:222} INFO - ::endgroup::
