[2025-12-01T13:47:03.219+0000] {local_task_job_runner.py:120} INFO - ::group::Pre task execution logs
[2025-12-01T13:47:03.255+0000] {taskinstance.py:2076} INFO - Dependencies all met for dep_context=non-requeueable deps ti=<TaskInstance: mongo_to_iceberg_dag.run_mongo_to_iceberg manual__2025-12-01T13:47:01.944982+00:00 [queued]>
[2025-12-01T13:47:03.263+0000] {taskinstance.py:2076} INFO - Dependencies all met for dep_context=requeueable deps ti=<TaskInstance: mongo_to_iceberg_dag.run_mongo_to_iceberg manual__2025-12-01T13:47:01.944982+00:00 [queued]>
[2025-12-01T13:47:03.265+0000] {taskinstance.py:2306} INFO - Starting attempt 1 of 1
[2025-12-01T13:47:03.309+0000] {taskinstance.py:2330} INFO - Executing <Task(PythonOperator): run_mongo_to_iceberg> on 2025-12-01 13:47:01.944982+00:00
[2025-12-01T13:47:03.314+0000] {standard_task_runner.py:63} INFO - Started process 210 to run task
[2025-12-01T13:47:03.318+0000] {standard_task_runner.py:90} INFO - Running: ['***', 'tasks', 'run', 'mongo_to_iceberg_dag', 'run_mongo_to_iceberg', 'manual__2025-12-01T13:47:01.944982+00:00', '--job-id', '29', '--raw', '--subdir', 'DAGS_FOLDER/spark_read_mongo_dag.py', '--cfg-path', '/tmp/tmporabusgc']
[2025-12-01T13:47:03.320+0000] {standard_task_runner.py:91} INFO - Job 29: Subtask run_mongo_to_iceberg
[2025-12-01T13:47:03.422+0000] {task_command.py:426} INFO - Running <TaskInstance: mongo_to_iceberg_dag.run_mongo_to_iceberg manual__2025-12-01T13:47:01.944982+00:00 [running]> on host e3249692c36d
[2025-12-01T13:47:03.566+0000] {taskinstance.py:2648} INFO - Exporting env vars: AIRFLOW_CTX_DAG_OWNER='deeku' AIRFLOW_CTX_DAG_ID='mongo_to_iceberg_dag' AIRFLOW_CTX_TASK_ID='run_mongo_to_iceberg' AIRFLOW_CTX_EXECUTION_DATE='2025-12-01T13:47:01.944982+00:00' AIRFLOW_CTX_TRY_NUMBER='1' AIRFLOW_CTX_DAG_RUN_ID='manual__2025-12-01T13:47:01.944982+00:00'
[2025-12-01T13:47:03.567+0000] {taskinstance.py:430} INFO - ::endgroup::
[2025-12-01T13:47:03.603+0000] {logging_mixin.py:188} INFO - Running: spark-submit --jars /opt/***/jars/mongo-spark-connector_2.12-10.1.1.jar,/opt/***/jars/iceberg-spark-runtime-3.5_2.12-1.5.2.jar,/opt/***/jars/hadoop-aws-3.3.4.jar,/opt/***/jars/aws-java-sdk-bundle-1.12.772.jar /opt/***/spark_jobs/mongo_pyspark.py
[2025-12-01T13:47:03.604+0000] {logging_mixin.py:188} INFO - Env PATH (start): ['/opt/spark/spark-3.4.1-bin-hadoop3/bin', '/usr/lib/jvm/java-17-openjdk-amd64/bin', '/opt/spark/bin']
[2025-12-01T13:47:22.471+0000] {logging_mixin.py:188} INFO - === spark-submit stdout ===
[2025-12-01T13:47:22.472+0000] {logging_mixin.py:188} INFO - 📌 Spark session created
Traceback (most recent call last):
  File "/opt/***/spark_jobs/mongo_pyspark.py", line 57, in <module>
    main()
  File "/opt/***/spark_jobs/mongo_pyspark.py", line 34, in main
    spark.read
  File "/opt/spark/spark-3.4.1-bin-hadoop3/python/lib/pyspark.zip/pyspark/sql/readwriter.py", line 307, in load
  File "/opt/spark/spark-3.4.1-bin-hadoop3/python/lib/py4j-0.10.9.7-src.zip/py4j/java_gateway.py", line 1322, in __call__
  File "/opt/spark/spark-3.4.1-bin-hadoop3/python/lib/pyspark.zip/pyspark/errors/exceptions/captured.py", line 169, in deco
  File "/opt/spark/spark-3.4.1-bin-hadoop3/python/lib/py4j-0.10.9.7-src.zip/py4j/protocol.py", line 326, in get_return_value
py4j.protocol.Py4JJavaError: An error occurred while calling o49.load.
: java.lang.NoClassDefFoundError: org/bson/BsonValue
	at com.mongodb.spark.sql.connector.MongoTableProvider.inferSchema(MongoTableProvider.java:62)
	at org.apache.spark.sql.execution.datasources.v2.DataSourceV2Utils$.getTableFromProvider(DataSourceV2Utils.scala:90)
	at org.apache.spark.sql.execution.datasources.v2.DataSourceV2Utils$.loadV2Source(DataSourceV2Utils.scala:140)
	at org.apache.spark.sql.DataFrameReader.$anonfun$load$1(DataFrameReader.scala:210)
	at scala.Option.flatMap(Option.scala:271)
	at org.apache.spark.sql.DataFrameReader.load(DataFrameReader.scala:208)
	at org.apache.spark.sql.DataFrameReader.load(DataFrameReader.scala:172)
	at java.base/jdk.internal.reflect.NativeMethodAccessorImpl.invoke0(Native Method)
	at java.base/jdk.internal.reflect.NativeMethodAccessorImpl.invoke(NativeMethodAccessorImpl.java:77)
	at java.base/jdk.internal.reflect.DelegatingMethodAccessorImpl.invoke(DelegatingMethodAccessorImpl.java:43)
	at java.base/java.lang.reflect.Method.invoke(Method.java:569)
	at py4j.reflection.MethodInvoker.invoke(MethodInvoker.java:244)
	at py4j.reflection.ReflectionEngine.invoke(ReflectionEngine.java:374)
	at py4j.Gateway.invoke(Gateway.java:282)
	at py4j.commands.AbstractCommand.invokeMethod(AbstractCommand.java:132)
	at py4j.commands.CallCommand.execute(CallCommand.java:79)
	at py4j.ClientServerConnection.waitForCommands(ClientServerConnection.java:182)
	at py4j.ClientServerConnection.run(ClientServerConnection.java:106)
	at java.base/java.lang.Thread.run(Thread.java:840)
Caused by: java.lang.ClassNotFoundException: org.bson.BsonValue
	at java.base/java.net.URLClassLoader.findClass(URLClassLoader.java:445)
	at java.base/java.lang.ClassLoader.loadClass(ClassLoader.java:592)
	at java.base/java.lang.ClassLoader.loadClass(ClassLoader.java:525)
	... 19 more
[2025-12-01T13:47:22.473+0000] {logging_mixin.py:188} INFO - === spark-submit stderr ===
[2025-12-01T13:47:22.473+0000] {logging_mixin.py:188} INFO - 25/12/01 13:47:12 WARN NativeCodeLoader: Unable to load native-hadoop library for your platform... using builtin-java classes where applicable
25/12/01 13:47:14 INFO SparkContext: Running Spark version 3.4.1
25/12/01 13:47:14 INFO ResourceUtils: ==============================================================
25/12/01 13:47:14 INFO ResourceUtils: No custom resources configured for spark.driver.
25/12/01 13:47:14 INFO ResourceUtils: ==============================================================
25/12/01 13:47:14 INFO SparkContext: Submitted application: MongoToIceberg
25/12/01 13:47:14 INFO ResourceProfile: Default ResourceProfile created, executor resources: Map(cores -> name: cores, amount: 1, script: , vendor: , memory -> name: memory, amount: 1024, script: , vendor: , offHeap -> name: offHeap, amount: 0, script: , vendor: ), task resources: Map(cpus -> name: cpus, amount: 1.0)
25/12/01 13:47:14 INFO ResourceProfile: Limiting resource is cpu
25/12/01 13:47:14 INFO ResourceProfileManager: Added ResourceProfile id: 0
25/12/01 13:47:14 INFO SecurityManager: Changing view acls to: ***
25/12/01 13:47:14 INFO SecurityManager: Changing modify acls to: ***
25/12/01 13:47:14 INFO SecurityManager: Changing view acls groups to: 
25/12/01 13:47:14 INFO SecurityManager: Changing modify acls groups to: 
25/12/01 13:47:14 INFO SecurityManager: SecurityManager: authentication disabled; ui acls disabled; users with view permissions: ***; groups with view permissions: EMPTY; users with modify permissions: ***; groups with modify permissions: EMPTY
25/12/01 13:47:14 INFO Utils: Successfully started service 'sparkDriver' on port 33487.
25/12/01 13:47:14 INFO SparkEnv: Registering MapOutputTracker
25/12/01 13:47:14 INFO SparkEnv: Registering BlockManagerMaster
25/12/01 13:47:14 INFO BlockManagerMasterEndpoint: Using org.apache.spark.storage.DefaultTopologyMapper for getting topology information
25/12/01 13:47:14 INFO BlockManagerMasterEndpoint: BlockManagerMasterEndpoint up
25/12/01 13:47:14 INFO SparkEnv: Registering BlockManagerMasterHeartbeat
25/12/01 13:47:14 INFO DiskBlockManager: Created local directory at /tmp/blockmgr-143e3699-4910-4503-9aca-9cb600d4677f
25/12/01 13:47:14 INFO MemoryStore: MemoryStore started with capacity 434.4 MiB
25/12/01 13:47:14 INFO SparkEnv: Registering OutputCommitCoordinator
25/12/01 13:47:15 INFO JettyUtils: Start Jetty 0.0.0.0:4040 for SparkUI
25/12/01 13:47:15 INFO Utils: Successfully started service 'SparkUI' on port 4040.
25/12/01 13:47:15 INFO SparkContext: Added JAR /opt/***/jars/mongo-spark-connector_2.12-10.1.1.jar at spark://e3249692c36d:33487/jars/mongo-spark-connector_2.12-10.1.1.jar with timestamp 1764596834051
25/12/01 13:47:15 INFO SparkContext: Added JAR /opt/***/jars/iceberg-spark-runtime-3.5_2.12-1.5.2.jar at spark://e3249692c36d:33487/jars/iceberg-spark-runtime-3.5_2.12-1.5.2.jar with timestamp 1764596834051
25/12/01 13:47:15 INFO SparkContext: Added JAR /opt/***/jars/hadoop-aws-3.3.4.jar at spark://e3249692c36d:33487/jars/hadoop-aws-3.3.4.jar with timestamp 1764596834051
25/12/01 13:47:15 INFO SparkContext: Added JAR /opt/***/jars/aws-java-sdk-bundle-1.12.772.jar at spark://e3249692c36d:33487/jars/aws-java-sdk-bundle-1.12.772.jar with timestamp 1764596834051
25/12/01 13:47:15 INFO Executor: Starting executor ID driver on host e3249692c36d
25/12/01 13:47:15 INFO Executor: Starting executor with user classpath (userClassPathFirst = false): ''
25/12/01 13:47:15 INFO Executor: Fetching spark://e3249692c36d:33487/jars/iceberg-spark-runtime-3.5_2.12-1.5.2.jar with timestamp 1764596834051
25/12/01 13:47:15 INFO TransportClientFactory: Successfully created connection to e3249692c36d/172.19.0.5:33487 after 25 ms (0 ms spent in bootstraps)
25/12/01 13:47:15 INFO Utils: Fetching spark://e3249692c36d:33487/jars/iceberg-spark-runtime-3.5_2.12-1.5.2.jar to /tmp/spark-8b437238-d9cf-490c-ae1d-527e54d4a220/userFiles-206f5342-721d-4da2-803b-f0f51e871ab4/fetchFileTemp9547360459611069150.tmp
25/12/01 13:47:15 INFO Executor: Adding file:/tmp/spark-8b437238-d9cf-490c-ae1d-527e54d4a220/userFiles-206f5342-721d-4da2-803b-f0f51e871ab4/iceberg-spark-runtime-3.5_2.12-1.5.2.jar to class loader
25/12/01 13:47:15 INFO Executor: Fetching spark://e3249692c36d:33487/jars/aws-java-sdk-bundle-1.12.772.jar with timestamp 1764596834051
25/12/01 13:47:15 INFO Utils: Fetching spark://e3249692c36d:33487/jars/aws-java-sdk-bundle-1.12.772.jar to /tmp/spark-8b437238-d9cf-490c-ae1d-527e54d4a220/userFiles-206f5342-721d-4da2-803b-f0f51e871ab4/fetchFileTemp6243681326875762279.tmp
25/12/01 13:47:20 INFO Executor: Adding file:/tmp/spark-8b437238-d9cf-490c-ae1d-527e54d4a220/userFiles-206f5342-721d-4da2-803b-f0f51e871ab4/aws-java-sdk-bundle-1.12.772.jar to class loader
25/12/01 13:47:20 INFO Executor: Fetching spark://e3249692c36d:33487/jars/mongo-spark-connector_2.12-10.1.1.jar with timestamp 1764596834051
25/12/01 13:47:20 INFO Utils: Fetching spark://e3249692c36d:33487/jars/mongo-spark-connector_2.12-10.1.1.jar to /tmp/spark-8b437238-d9cf-490c-ae1d-527e54d4a220/userFiles-206f5342-721d-4da2-803b-f0f51e871ab4/fetchFileTemp11641025339367014370.tmp
25/12/01 13:47:20 INFO Executor: Adding file:/tmp/spark-8b437238-d9cf-490c-ae1d-527e54d4a220/userFiles-206f5342-721d-4da2-803b-f0f51e871ab4/mongo-spark-connector_2.12-10.1.1.jar to class loader
25/12/01 13:47:20 INFO Executor: Fetching spark://e3249692c36d:33487/jars/hadoop-aws-3.3.4.jar with timestamp 1764596834051
25/12/01 13:47:20 INFO Utils: Fetching spark://e3249692c36d:33487/jars/hadoop-aws-3.3.4.jar to /tmp/spark-8b437238-d9cf-490c-ae1d-527e54d4a220/userFiles-206f5342-721d-4da2-803b-f0f51e871ab4/fetchFileTemp15876991007578535786.tmp
25/12/01 13:47:20 INFO Executor: Adding file:/tmp/spark-8b437238-d9cf-490c-ae1d-527e54d4a220/userFiles-206f5342-721d-4da2-803b-f0f51e871ab4/hadoop-aws-3.3.4.jar to class loader
25/12/01 13:47:20 INFO Utils: Successfully started service 'org.apache.spark.network.netty.NettyBlockTransferService' on port 34245.
25/12/01 13:47:20 INFO NettyBlockTransferService: Server created on e3249692c36d:34245
25/12/01 13:47:20 INFO BlockManager: Using org.apache.spark.storage.RandomBlockReplicationPolicy for block replication policy
25/12/01 13:47:20 INFO BlockManagerMaster: Registering BlockManager BlockManagerId(driver, e3249692c36d, 34245, None)
25/12/01 13:47:20 INFO BlockManagerMasterEndpoint: Registering block manager e3249692c36d:34245 with 434.4 MiB RAM, BlockManagerId(driver, e3249692c36d, 34245, None)
25/12/01 13:47:20 INFO BlockManagerMaster: Registered BlockManager BlockManagerId(driver, e3249692c36d, 34245, None)
25/12/01 13:47:20 INFO BlockManager: Initialized BlockManager: BlockManagerId(driver, e3249692c36d, 34245, None)
25/12/01 13:47:21 INFO SharedState: Setting hive.metastore.warehouse.dir ('null') to the value of spark.sql.warehouse.dir.
25/12/01 13:47:21 INFO SharedState: Warehouse path is 'file:/opt/***/spark-warehouse'.
25/12/01 13:47:22 INFO SparkContext: Invoking stop() from shutdown hook
25/12/01 13:47:22 INFO SparkContext: SparkContext is stopping with exitCode 0.
25/12/01 13:47:22 INFO SparkUI: Stopped Spark web UI at http://e3249692c36d:4040
25/12/01 13:47:22 INFO MapOutputTrackerMasterEndpoint: MapOutputTrackerMasterEndpoint stopped!
25/12/01 13:47:22 INFO MemoryStore: MemoryStore cleared
25/12/01 13:47:22 INFO BlockManager: BlockManager stopped
25/12/01 13:47:22 INFO BlockManagerMaster: BlockManagerMaster stopped
25/12/01 13:47:22 INFO OutputCommitCoordinator$OutputCommitCoordinatorEndpoint: OutputCommitCoordinator stopped!
25/12/01 13:47:22 INFO SparkContext: Successfully stopped SparkContext
25/12/01 13:47:22 INFO ShutdownHookManager: Shutdown hook called
25/12/01 13:47:22 INFO ShutdownHookManager: Deleting directory /tmp/spark-8b437238-d9cf-490c-ae1d-527e54d4a220/pyspark-0900ea8e-ce44-4e1c-916e-c1829b3498da
25/12/01 13:47:22 INFO ShutdownHookManager: Deleting directory /tmp/spark-6d88b3d6-d61a-4180-9f87-f763668df9b3
25/12/01 13:47:22 INFO ShutdownHookManager: Deleting directory /tmp/spark-8b437238-d9cf-490c-ae1d-527e54d4a220
[2025-12-01T13:47:22.474+0000] {taskinstance.py:441} INFO - ::group::Post task execution logs
[2025-12-01T13:47:22.475+0000] {taskinstance.py:2905} ERROR - Task failed with exception
Traceback (most recent call last):
  File "/home/airflow/.local/lib/python3.9/site-packages/airflow/models/taskinstance.py", line 465, in _execute_task
    result = _execute_callable(context=context, **execute_callable_kwargs)
  File "/home/airflow/.local/lib/python3.9/site-packages/airflow/models/taskinstance.py", line 432, in _execute_callable
    return execute_callable(context=context, **execute_callable_kwargs)
  File "/home/airflow/.local/lib/python3.9/site-packages/airflow/models/baseoperator.py", line 401, in wrapper
    return func(self, *args, **kwargs)
  File "/home/airflow/.local/lib/python3.9/site-packages/airflow/operators/python.py", line 235, in execute
    return_value = self.execute_callable()
  File "/home/airflow/.local/lib/python3.9/site-packages/airflow/operators/python.py", line 252, in execute_callable
    return self.python_callable(*self.op_args, **self.op_kwargs)
  File "/opt/airflow/dags/spark_read_mongo_dag.py", line 54, in run_spark_job
    raise RuntimeError(f"spark-submit failed (exit {process.returncode}). stderr:\n{process.stderr}")
RuntimeError: spark-submit failed (exit 1). stderr:
25/12/01 13:47:12 WARN NativeCodeLoader: Unable to load native-hadoop library for your platform... using builtin-java classes where applicable
25/12/01 13:47:14 INFO SparkContext: Running Spark version 3.4.1
25/12/01 13:47:14 INFO ResourceUtils: ==============================================================
25/12/01 13:47:14 INFO ResourceUtils: No custom resources configured for spark.driver.
25/12/01 13:47:14 INFO ResourceUtils: ==============================================================
25/12/01 13:47:14 INFO SparkContext: Submitted application: MongoToIceberg
25/12/01 13:47:14 INFO ResourceProfile: Default ResourceProfile created, executor resources: Map(cores -> name: cores, amount: 1, script: , vendor: , memory -> name: memory, amount: 1024, script: , vendor: , offHeap -> name: offHeap, amount: 0, script: , vendor: ), task resources: Map(cpus -> name: cpus, amount: 1.0)
25/12/01 13:47:14 INFO ResourceProfile: Limiting resource is cpu
25/12/01 13:47:14 INFO ResourceProfileManager: Added ResourceProfile id: 0
25/12/01 13:47:14 INFO SecurityManager: Changing view acls to: ***
25/12/01 13:47:14 INFO SecurityManager: Changing modify acls to: ***
25/12/01 13:47:14 INFO SecurityManager: Changing view acls groups to: 
25/12/01 13:47:14 INFO SecurityManager: Changing modify acls groups to: 
25/12/01 13:47:14 INFO SecurityManager: SecurityManager: authentication disabled; ui acls disabled; users with view permissions: ***; groups with view permissions: EMPTY; users with modify permissions: ***; groups with modify permissions: EMPTY
25/12/01 13:47:14 INFO Utils: Successfully started service 'sparkDriver' on port 33487.
25/12/01 13:47:14 INFO SparkEnv: Registering MapOutputTracker
25/12/01 13:47:14 INFO SparkEnv: Registering BlockManagerMaster
25/12/01 13:47:14 INFO BlockManagerMasterEndpoint: Using org.apache.spark.storage.DefaultTopologyMapper for getting topology information
25/12/01 13:47:14 INFO BlockManagerMasterEndpoint: BlockManagerMasterEndpoint up
25/12/01 13:47:14 INFO SparkEnv: Registering BlockManagerMasterHeartbeat
25/12/01 13:47:14 INFO DiskBlockManager: Created local directory at /tmp/blockmgr-143e3699-4910-4503-9aca-9cb600d4677f
25/12/01 13:47:14 INFO MemoryStore: MemoryStore started with capacity 434.4 MiB
25/12/01 13:47:14 INFO SparkEnv: Registering OutputCommitCoordinator
25/12/01 13:47:15 INFO JettyUtils: Start Jetty 0.0.0.0:4040 for SparkUI
25/12/01 13:47:15 INFO Utils: Successfully started service 'SparkUI' on port 4040.
25/12/01 13:47:15 INFO SparkContext: Added JAR /opt/***/jars/mongo-spark-connector_2.12-10.1.1.jar at spark://e3249692c36d:33487/jars/mongo-spark-connector_2.12-10.1.1.jar with timestamp 1764596834051
25/12/01 13:47:15 INFO SparkContext: Added JAR /opt/***/jars/iceberg-spark-runtime-3.5_2.12-1.5.2.jar at spark://e3249692c36d:33487/jars/iceberg-spark-runtime-3.5_2.12-1.5.2.jar with timestamp 1764596834051
25/12/01 13:47:15 INFO SparkContext: Added JAR /opt/***/jars/hadoop-aws-3.3.4.jar at spark://e3249692c36d:33487/jars/hadoop-aws-3.3.4.jar with timestamp 1764596834051
25/12/01 13:47:15 INFO SparkContext: Added JAR /opt/***/jars/aws-java-sdk-bundle-1.12.772.jar at spark://e3249692c36d:33487/jars/aws-java-sdk-bundle-1.12.772.jar with timestamp 1764596834051
25/12/01 13:47:15 INFO Executor: Starting executor ID driver on host e3249692c36d
25/12/01 13:47:15 INFO Executor: Starting executor with user classpath (userClassPathFirst = false): ''
25/12/01 13:47:15 INFO Executor: Fetching spark://e3249692c36d:33487/jars/iceberg-spark-runtime-3.5_2.12-1.5.2.jar with timestamp 1764596834051
25/12/01 13:47:15 INFO TransportClientFactory: Successfully created connection to e3249692c36d/172.19.0.5:33487 after 25 ms (0 ms spent in bootstraps)
25/12/01 13:47:15 INFO Utils: Fetching spark://e3249692c36d:33487/jars/iceberg-spark-runtime-3.5_2.12-1.5.2.jar to /tmp/spark-8b437238-d9cf-490c-ae1d-527e54d4a220/userFiles-206f5342-721d-4da2-803b-f0f51e871ab4/fetchFileTemp9547360459611069150.tmp
25/12/01 13:47:15 INFO Executor: Adding file:/tmp/spark-8b437238-d9cf-490c-ae1d-527e54d4a220/userFiles-206f5342-721d-4da2-803b-f0f51e871ab4/iceberg-spark-runtime-3.5_2.12-1.5.2.jar to class loader
25/12/01 13:47:15 INFO Executor: Fetching spark://e3249692c36d:33487/jars/aws-java-sdk-bundle-1.12.772.jar with timestamp 1764596834051
25/12/01 13:47:15 INFO Utils: Fetching spark://e3249692c36d:33487/jars/aws-java-sdk-bundle-1.12.772.jar to /tmp/spark-8b437238-d9cf-490c-ae1d-527e54d4a220/userFiles-206f5342-721d-4da2-803b-f0f51e871ab4/fetchFileTemp6243681326875762279.tmp
25/12/01 13:47:20 INFO Executor: Adding file:/tmp/spark-8b437238-d9cf-490c-ae1d-527e54d4a220/userFiles-206f5342-721d-4da2-803b-f0f51e871ab4/aws-java-sdk-bundle-1.12.772.jar to class loader
25/12/01 13:47:20 INFO Executor: Fetching spark://e3249692c36d:33487/jars/mongo-spark-connector_2.12-10.1.1.jar with timestamp 1764596834051
25/12/01 13:47:20 INFO Utils: Fetching spark://e3249692c36d:33487/jars/mongo-spark-connector_2.12-10.1.1.jar to /tmp/spark-8b437238-d9cf-490c-ae1d-527e54d4a220/userFiles-206f5342-721d-4da2-803b-f0f51e871ab4/fetchFileTemp11641025339367014370.tmp
25/12/01 13:47:20 INFO Executor: Adding file:/tmp/spark-8b437238-d9cf-490c-ae1d-527e54d4a220/userFiles-206f5342-721d-4da2-803b-f0f51e871ab4/mongo-spark-connector_2.12-10.1.1.jar to class loader
25/12/01 13:47:20 INFO Executor: Fetching spark://e3249692c36d:33487/jars/hadoop-aws-3.3.4.jar with timestamp 1764596834051
25/12/01 13:47:20 INFO Utils: Fetching spark://e3249692c36d:33487/jars/hadoop-aws-3.3.4.jar to /tmp/spark-8b437238-d9cf-490c-ae1d-527e54d4a220/userFiles-206f5342-721d-4da2-803b-f0f51e871ab4/fetchFileTemp15876991007578535786.tmp
25/12/01 13:47:20 INFO Executor: Adding file:/tmp/spark-8b437238-d9cf-490c-ae1d-527e54d4a220/userFiles-206f5342-721d-4da2-803b-f0f51e871ab4/hadoop-aws-3.3.4.jar to class loader
25/12/01 13:47:20 INFO Utils: Successfully started service 'org.apache.spark.network.netty.NettyBlockTransferService' on port 34245.
25/12/01 13:47:20 INFO NettyBlockTransferService: Server created on e3249692c36d:34245
25/12/01 13:47:20 INFO BlockManager: Using org.apache.spark.storage.RandomBlockReplicationPolicy for block replication policy
25/12/01 13:47:20 INFO BlockManagerMaster: Registering BlockManager BlockManagerId(driver, e3249692c36d, 34245, None)
25/12/01 13:47:20 INFO BlockManagerMasterEndpoint: Registering block manager e3249692c36d:34245 with 434.4 MiB RAM, BlockManagerId(driver, e3249692c36d, 34245, None)
25/12/01 13:47:20 INFO BlockManagerMaster: Registered BlockManager BlockManagerId(driver, e3249692c36d, 34245, None)
25/12/01 13:47:20 INFO BlockManager: Initialized BlockManager: BlockManagerId(driver, e3249692c36d, 34245, None)
25/12/01 13:47:21 INFO SharedState: Setting hive.metastore.warehouse.dir ('null') to the value of spark.sql.warehouse.dir.
25/12/01 13:47:21 INFO SharedState: Warehouse path is 'file:/opt/***/spark-warehouse'.
25/12/01 13:47:22 INFO SparkContext: Invoking stop() from shutdown hook
25/12/01 13:47:22 INFO SparkContext: SparkContext is stopping with exitCode 0.
25/12/01 13:47:22 INFO SparkUI: Stopped Spark web UI at http://e3249692c36d:4040
25/12/01 13:47:22 INFO MapOutputTrackerMasterEndpoint: MapOutputTrackerMasterEndpoint stopped!
25/12/01 13:47:22 INFO MemoryStore: MemoryStore cleared
25/12/01 13:47:22 INFO BlockManager: BlockManager stopped
25/12/01 13:47:22 INFO BlockManagerMaster: BlockManagerMaster stopped
25/12/01 13:47:22 INFO OutputCommitCoordinator$OutputCommitCoordinatorEndpoint: OutputCommitCoordinator stopped!
25/12/01 13:47:22 INFO SparkContext: Successfully stopped SparkContext
25/12/01 13:47:22 INFO ShutdownHookManager: Shutdown hook called
25/12/01 13:47:22 INFO ShutdownHookManager: Deleting directory /tmp/spark-8b437238-d9cf-490c-ae1d-527e54d4a220/pyspark-0900ea8e-ce44-4e1c-916e-c1829b3498da
25/12/01 13:47:22 INFO ShutdownHookManager: Deleting directory /tmp/spark-6d88b3d6-d61a-4180-9f87-f763668df9b3
25/12/01 13:47:22 INFO ShutdownHookManager: Deleting directory /tmp/spark-8b437238-d9cf-490c-ae1d-527e54d4a220

[2025-12-01T13:47:22.497+0000] {taskinstance.py:1206} INFO - Marking task as FAILED. dag_id=mongo_to_iceberg_dag, task_id=run_mongo_to_iceberg, run_id=manual__2025-12-01T13:47:01.944982+00:00, execution_date=20251201T134701, start_date=20251201T134703, end_date=20251201T134722
[2025-12-01T13:47:22.546+0000] {standard_task_runner.py:110} ERROR - Failed to execute job 29 for task run_mongo_to_iceberg (spark-submit failed (exit 1). stderr:
25/12/01 13:47:12 WARN NativeCodeLoader: Unable to load native-hadoop library for your platform... using builtin-java classes where applicable
25/12/01 13:47:14 INFO SparkContext: Running Spark version 3.4.1
25/12/01 13:47:14 INFO ResourceUtils: ==============================================================
25/12/01 13:47:14 INFO ResourceUtils: No custom resources configured for spark.driver.
25/12/01 13:47:14 INFO ResourceUtils: ==============================================================
25/12/01 13:47:14 INFO SparkContext: Submitted application: MongoToIceberg
25/12/01 13:47:14 INFO ResourceProfile: Default ResourceProfile created, executor resources: Map(cores -> name: cores, amount: 1, script: , vendor: , memory -> name: memory, amount: 1024, script: , vendor: , offHeap -> name: offHeap, amount: 0, script: , vendor: ), task resources: Map(cpus -> name: cpus, amount: 1.0)
25/12/01 13:47:14 INFO ResourceProfile: Limiting resource is cpu
25/12/01 13:47:14 INFO ResourceProfileManager: Added ResourceProfile id: 0
25/12/01 13:47:14 INFO SecurityManager: Changing view acls to: ***
25/12/01 13:47:14 INFO SecurityManager: Changing modify acls to: ***
25/12/01 13:47:14 INFO SecurityManager: Changing view acls groups to: 
25/12/01 13:47:14 INFO SecurityManager: Changing modify acls groups to: 
25/12/01 13:47:14 INFO SecurityManager: SecurityManager: authentication disabled; ui acls disabled; users with view permissions: ***; groups with view permissions: EMPTY; users with modify permissions: ***; groups with modify permissions: EMPTY
25/12/01 13:47:14 INFO Utils: Successfully started service 'sparkDriver' on port 33487.
25/12/01 13:47:14 INFO SparkEnv: Registering MapOutputTracker
25/12/01 13:47:14 INFO SparkEnv: Registering BlockManagerMaster
25/12/01 13:47:14 INFO BlockManagerMasterEndpoint: Using org.apache.spark.storage.DefaultTopologyMapper for getting topology information
25/12/01 13:47:14 INFO BlockManagerMasterEndpoint: BlockManagerMasterEndpoint up
25/12/01 13:47:14 INFO SparkEnv: Registering BlockManagerMasterHeartbeat
25/12/01 13:47:14 INFO DiskBlockManager: Created local directory at /tmp/blockmgr-143e3699-4910-4503-9aca-9cb600d4677f
25/12/01 13:47:14 INFO MemoryStore: MemoryStore started with capacity 434.4 MiB
25/12/01 13:47:14 INFO SparkEnv: Registering OutputCommitCoordinator
25/12/01 13:47:15 INFO JettyUtils: Start Jetty 0.0.0.0:4040 for SparkUI
25/12/01 13:47:15 INFO Utils: Successfully started service 'SparkUI' on port 4040.
25/12/01 13:47:15 INFO SparkContext: Added JAR /opt/***/jars/mongo-spark-connector_2.12-10.1.1.jar at spark://e3249692c36d:33487/jars/mongo-spark-connector_2.12-10.1.1.jar with timestamp 1764596834051
25/12/01 13:47:15 INFO SparkContext: Added JAR /opt/***/jars/iceberg-spark-runtime-3.5_2.12-1.5.2.jar at spark://e3249692c36d:33487/jars/iceberg-spark-runtime-3.5_2.12-1.5.2.jar with timestamp 1764596834051
25/12/01 13:47:15 INFO SparkContext: Added JAR /opt/***/jars/hadoop-aws-3.3.4.jar at spark://e3249692c36d:33487/jars/hadoop-aws-3.3.4.jar with timestamp 1764596834051
25/12/01 13:47:15 INFO SparkContext: Added JAR /opt/***/jars/aws-java-sdk-bundle-1.12.772.jar at spark://e3249692c36d:33487/jars/aws-java-sdk-bundle-1.12.772.jar with timestamp 1764596834051
25/12/01 13:47:15 INFO Executor: Starting executor ID driver on host e3249692c36d
25/12/01 13:47:15 INFO Executor: Starting executor with user classpath (userClassPathFirst = false): ''
25/12/01 13:47:15 INFO Executor: Fetching spark://e3249692c36d:33487/jars/iceberg-spark-runtime-3.5_2.12-1.5.2.jar with timestamp 1764596834051
25/12/01 13:47:15 INFO TransportClientFactory: Successfully created connection to e3249692c36d/172.19.0.5:33487 after 25 ms (0 ms spent in bootstraps)
25/12/01 13:47:15 INFO Utils: Fetching spark://e3249692c36d:33487/jars/iceberg-spark-runtime-3.5_2.12-1.5.2.jar to /tmp/spark-8b437238-d9cf-490c-ae1d-527e54d4a220/userFiles-206f5342-721d-4da2-803b-f0f51e871ab4/fetchFileTemp9547360459611069150.tmp
25/12/01 13:47:15 INFO Executor: Adding file:/tmp/spark-8b437238-d9cf-490c-ae1d-527e54d4a220/userFiles-206f5342-721d-4da2-803b-f0f51e871ab4/iceberg-spark-runtime-3.5_2.12-1.5.2.jar to class loader
25/12/01 13:47:15 INFO Executor: Fetching spark://e3249692c36d:33487/jars/aws-java-sdk-bundle-1.12.772.jar with timestamp 1764596834051
25/12/01 13:47:15 INFO Utils: Fetching spark://e3249692c36d:33487/jars/aws-java-sdk-bundle-1.12.772.jar to /tmp/spark-8b437238-d9cf-490c-ae1d-527e54d4a220/userFiles-206f5342-721d-4da2-803b-f0f51e871ab4/fetchFileTemp6243681326875762279.tmp
25/12/01 13:47:20 INFO Executor: Adding file:/tmp/spark-8b437238-d9cf-490c-ae1d-527e54d4a220/userFiles-206f5342-721d-4da2-803b-f0f51e871ab4/aws-java-sdk-bundle-1.12.772.jar to class loader
25/12/01 13:47:20 INFO Executor: Fetching spark://e3249692c36d:33487/jars/mongo-spark-connector_2.12-10.1.1.jar with timestamp 1764596834051
25/12/01 13:47:20 INFO Utils: Fetching spark://e3249692c36d:33487/jars/mongo-spark-connector_2.12-10.1.1.jar to /tmp/spark-8b437238-d9cf-490c-ae1d-527e54d4a220/userFiles-206f5342-721d-4da2-803b-f0f51e871ab4/fetchFileTemp11641025339367014370.tmp
25/12/01 13:47:20 INFO Executor: Adding file:/tmp/spark-8b437238-d9cf-490c-ae1d-527e54d4a220/userFiles-206f5342-721d-4da2-803b-f0f51e871ab4/mongo-spark-connector_2.12-10.1.1.jar to class loader
25/12/01 13:47:20 INFO Executor: Fetching spark://e3249692c36d:33487/jars/hadoop-aws-3.3.4.jar with timestamp 1764596834051
25/12/01 13:47:20 INFO Utils: Fetching spark://e3249692c36d:33487/jars/hadoop-aws-3.3.4.jar to /tmp/spark-8b437238-d9cf-490c-ae1d-527e54d4a220/userFiles-206f5342-721d-4da2-803b-f0f51e871ab4/fetchFileTemp15876991007578535786.tmp
25/12/01 13:47:20 INFO Executor: Adding file:/tmp/spark-8b437238-d9cf-490c-ae1d-527e54d4a220/userFiles-206f5342-721d-4da2-803b-f0f51e871ab4/hadoop-aws-3.3.4.jar to class loader
25/12/01 13:47:20 INFO Utils: Successfully started service 'org.apache.spark.network.netty.NettyBlockTransferService' on port 34245.
25/12/01 13:47:20 INFO NettyBlockTransferService: Server created on e3249692c36d:34245
25/12/01 13:47:20 INFO BlockManager: Using org.apache.spark.storage.RandomBlockReplicationPolicy for block replication policy
25/12/01 13:47:20 INFO BlockManagerMaster: Registering BlockManager BlockManagerId(driver, e3249692c36d, 34245, None)
25/12/01 13:47:20 INFO BlockManagerMasterEndpoint: Registering block manager e3249692c36d:34245 with 434.4 MiB RAM, BlockManagerId(driver, e3249692c36d, 34245, None)
25/12/01 13:47:20 INFO BlockManagerMaster: Registered BlockManager BlockManagerId(driver, e3249692c36d, 34245, None)
25/12/01 13:47:20 INFO BlockManager: Initialized BlockManager: BlockManagerId(driver, e3249692c36d, 34245, None)
25/12/01 13:47:21 INFO SharedState: Setting hive.metastore.warehouse.dir ('null') to the value of spark.sql.warehouse.dir.
25/12/01 13:47:21 INFO SharedState: Warehouse path is 'file:/opt/***/spark-warehouse'.
25/12/01 13:47:22 INFO SparkContext: Invoking stop() from shutdown hook
25/12/01 13:47:22 INFO SparkContext: SparkContext is stopping with exitCode 0.
25/12/01 13:47:22 INFO SparkUI: Stopped Spark web UI at http://e3249692c36d:4040
25/12/01 13:47:22 INFO MapOutputTrackerMasterEndpoint: MapOutputTrackerMasterEndpoint stopped!
25/12/01 13:47:22 INFO MemoryStore: MemoryStore cleared
25/12/01 13:47:22 INFO BlockManager: BlockManager stopped
25/12/01 13:47:22 INFO BlockManagerMaster: BlockManagerMaster stopped
25/12/01 13:47:22 INFO OutputCommitCoordinator$OutputCommitCoordinatorEndpoint: OutputCommitCoordinator stopped!
25/12/01 13:47:22 INFO SparkContext: Successfully stopped SparkContext
25/12/01 13:47:22 INFO ShutdownHookManager: Shutdown hook called
25/12/01 13:47:22 INFO ShutdownHookManager: Deleting directory /tmp/spark-8b437238-d9cf-490c-ae1d-527e54d4a220/pyspark-0900ea8e-ce44-4e1c-916e-c1829b3498da
25/12/01 13:47:22 INFO ShutdownHookManager: Deleting directory /tmp/spark-6d88b3d6-d61a-4180-9f87-f763668df9b3
25/12/01 13:47:22 INFO ShutdownHookManager: Deleting directory /tmp/spark-8b437238-d9cf-490c-ae1d-527e54d4a220
; 210)
[2025-12-01T13:47:22.577+0000] {local_task_job_runner.py:240} INFO - Task exited with return code 1
[2025-12-01T13:47:22.596+0000] {taskinstance.py:3503} INFO - 0 downstream tasks scheduled from follow-on schedule check
[2025-12-01T13:47:22.618+0000] {local_task_job_runner.py:222} INFO - ::endgroup::
