[2025-12-06T05:57:29.685+0000] {local_task_job_runner.py:120} INFO - ::group::Pre task execution logs
[2025-12-06T05:57:29.724+0000] {taskinstance.py:2076} INFO - Dependencies all met for dep_context=non-requeueable deps ti=<TaskInstance: mongo_iceberg_dremio_dag.run_mongo_to_iceberg manual__2025-12-06T05:57:28.524359+00:00 [queued]>
[2025-12-06T05:57:29.732+0000] {taskinstance.py:2076} INFO - Dependencies all met for dep_context=requeueable deps ti=<TaskInstance: mongo_iceberg_dremio_dag.run_mongo_to_iceberg manual__2025-12-06T05:57:28.524359+00:00 [queued]>
[2025-12-06T05:57:29.734+0000] {taskinstance.py:2306} INFO - Starting attempt 1 of 1
[2025-12-06T05:57:29.800+0000] {taskinstance.py:2330} INFO - Executing <Task(PythonOperator): run_mongo_to_iceberg> on 2025-12-06 05:57:28.524359+00:00
[2025-12-06T05:57:29.804+0000] {standard_task_runner.py:63} INFO - Started process 1035 to run task
[2025-12-06T05:57:29.808+0000] {standard_task_runner.py:90} INFO - Running: ['***', 'tasks', 'run', 'mongo_iceberg_dremio_dag', 'run_mongo_to_iceberg', 'manual__2025-12-06T05:57:28.524359+00:00', '--job-id', '31', '--raw', '--subdir', 'DAGS_FOLDER/spark_read_mongo_dag.py', '--cfg-path', '/tmp/tmptxadqh37']
[2025-12-06T05:57:29.811+0000] {standard_task_runner.py:91} INFO - Job 31: Subtask run_mongo_to_iceberg
[2025-12-06T05:57:29.950+0000] {task_command.py:426} INFO - Running <TaskInstance: mongo_iceberg_dremio_dag.run_mongo_to_iceberg manual__2025-12-06T05:57:28.524359+00:00 [running]> on host fa5351f36d22
[2025-12-06T05:57:30.124+0000] {taskinstance.py:2648} INFO - Exporting env vars: AIRFLOW_CTX_DAG_OWNER='deeku' AIRFLOW_CTX_DAG_ID='mongo_iceberg_dremio_dag' AIRFLOW_CTX_TASK_ID='run_mongo_to_iceberg' AIRFLOW_CTX_EXECUTION_DATE='2025-12-06T05:57:28.524359+00:00' AIRFLOW_CTX_TRY_NUMBER='1' AIRFLOW_CTX_DAG_RUN_ID='manual__2025-12-06T05:57:28.524359+00:00'
[2025-12-06T05:57:30.126+0000] {taskinstance.py:430} INFO - ::endgroup::
[2025-12-06T05:57:30.142+0000] {spark_read_mongo_dag.py:154} INFO - START run_spark_job
[2025-12-06T05:57:30.144+0000] {spark_read_mongo_dag.py:156} INFO - Checking path: /opt/***/spark_jobs/mongo_pyspark.py exists=True
[2025-12-06T05:57:30.145+0000] {spark_read_mongo_dag.py:156} INFO - Checking path: /opt/***/jars exists=True
[2025-12-06T05:57:30.148+0000] {spark_read_mongo_dag.py:161} INFO - Jar check: /opt/***/jars/mongo-spark-connector_2.12-10.1.1.jar exists=True size=156368
[2025-12-06T05:57:30.150+0000] {spark_read_mongo_dag.py:161} INFO - Jar check: /opt/***/jars/bson-4.11.2.jar exists=True size=511356
[2025-12-06T05:57:30.152+0000] {spark_read_mongo_dag.py:161} INFO - Jar check: /opt/***/jars/mongodb-driver-core-4.11.2.jar exists=True size=1670650
[2025-12-06T05:57:30.155+0000] {spark_read_mongo_dag.py:161} INFO - Jar check: /opt/***/jars/mongodb-driver-sync-4.11.2.jar exists=True size=151808
[2025-12-06T05:57:30.158+0000] {spark_read_mongo_dag.py:161} INFO - Jar check: /opt/***/jars/iceberg-spark-runtime-3.5_2.12-1.5.2.jar exists=True size=41604737
[2025-12-06T05:57:30.160+0000] {spark_read_mongo_dag.py:161} INFO - Jar check: /opt/***/jars/iceberg-nessie-1.5.2.jar exists=True size=44895
[2025-12-06T05:57:30.163+0000] {spark_read_mongo_dag.py:161} INFO - Jar check: /opt/***/jars/nessie-client-0.99.0.jar exists=True size=585165
[2025-12-06T05:57:30.164+0000] {spark_read_mongo_dag.py:161} INFO - Jar check: /opt/***/jars/nessie-spark-extensions-3.4_2.12-0.105.7.jar exists=True size=2294495
[2025-12-06T05:57:30.166+0000] {spark_read_mongo_dag.py:161} INFO - Jar check: /opt/***/jars/hadoop-aws-3.3.4.jar exists=True size=962685
[2025-12-06T05:57:30.168+0000] {spark_read_mongo_dag.py:161} INFO - Jar check: /opt/***/jars/aws-java-sdk-bundle-1.12.772.jar exists=True size=388405806
[2025-12-06T05:57:30.168+0000] {spark_read_mongo_dag.py:164} INFO - which spark-submit -> /home/***/.local/bin/spark-submit
[2025-12-06T05:57:30.168+0000] {spark_read_mongo_dag.py:174} INFO - ENV SPARK_HOME=/opt/spark/spark-3.4.1-bin-hadoop3 JAVA_HOME=/usr/lib/jvm/java-17-openjdk-amd64
[2025-12-06T05:57:30.169+0000] {spark_read_mongo_dag.py:175} INFO - Env PATH head: ['/opt/spark/spark-3.4.1-bin-hadoop3/bin', '/usr/lib/jvm/java-17-openjdk-amd64/bin', '/opt/spark/bin', '/usr/lib/jvm/java-17-openjdk-amd64/bin', '/root/bin']
[2025-12-06T05:57:30.169+0000] {spark_read_mongo_dag.py:178} INFO - Running command: spark-submit --jars /opt/***/jars/mongo-spark-connector_2.12-10.1.1.jar,/opt/***/jars/bson-4.11.2.jar,/opt/***/jars/mongodb-driver-core-4.11.2.jar,/opt/***/jars/mongodb-driver-sync-4.11.2.jar,/opt/***/jars/iceberg-spark-runtime-3.5_2.12-1.5.2.jar,/opt/***/jars/iceberg-nessie-1.5.2.jar,/opt/***/jars/nessie-client-0.99.0.jar,/opt/***/jars/nessie-spark-extensions-3.4_2.12-0.105.7.jar,/opt/***/jars/hadoop-aws-3.3.4.jar,/opt/***/jars/aws-java-sdk-bundle-1.12.772.jar /opt/***/spark_jobs/mongo_pyspark.py
[2025-12-06T05:58:11.209+0000] {spark_read_mongo_dag.py:180} INFO - Process finished. returncode=0
[2025-12-06T05:58:11.210+0000] {spark_read_mongo_dag.py:184} INFO - spark-submit stdout | 2025-12-06 05:57:42,101 INFO mongo_to_iceberg - START main at 2025-12-06 05:57:42
[2025-12-06T05:58:11.210+0000] {spark_read_mongo_dag.py:184} INFO - spark-submit stdout | 2025-12-06 05:57:42,101 INFO mongo_to_iceberg - Checking required JARs under /opt/***/jars
[2025-12-06T05:58:11.211+0000] {spark_read_mongo_dag.py:184} INFO - spark-submit stdout | 2025-12-06 05:57:42,104 INFO mongo_to_iceberg - JAR: /opt/***/jars/mongo-spark-connector_2.12-10.1.1.jar exists=True size=156368
[2025-12-06T05:58:11.211+0000] {spark_read_mongo_dag.py:184} INFO - spark-submit stdout | 2025-12-06 05:57:42,106 INFO mongo_to_iceberg - JAR: /opt/***/jars/bson-4.11.2.jar exists=True size=511356
[2025-12-06T05:58:11.212+0000] {spark_read_mongo_dag.py:184} INFO - spark-submit stdout | 2025-12-06 05:57:42,108 INFO mongo_to_iceberg - JAR: /opt/***/jars/mongodb-driver-core-4.11.2.jar exists=True size=1670650
[2025-12-06T05:58:11.212+0000] {spark_read_mongo_dag.py:184} INFO - spark-submit stdout | 2025-12-06 05:57:42,109 INFO mongo_to_iceberg - JAR: /opt/***/jars/mongodb-driver-sync-4.11.2.jar exists=True size=151808
[2025-12-06T05:58:11.212+0000] {spark_read_mongo_dag.py:184} INFO - spark-submit stdout | 2025-12-06 05:57:42,110 INFO mongo_to_iceberg - JAR: /opt/***/jars/iceberg-spark-runtime-3.5_2.12-1.5.2.jar exists=True size=41604737
[2025-12-06T05:58:11.213+0000] {spark_read_mongo_dag.py:184} INFO - spark-submit stdout | 2025-12-06 05:57:42,112 INFO mongo_to_iceberg - JAR: /opt/***/jars/iceberg-nessie-1.5.2.jar exists=True size=44895
[2025-12-06T05:58:11.213+0000] {spark_read_mongo_dag.py:184} INFO - spark-submit stdout | 2025-12-06 05:57:42,113 INFO mongo_to_iceberg - JAR: /opt/***/jars/nessie-client-0.99.0.jar exists=True size=585165
[2025-12-06T05:58:11.213+0000] {spark_read_mongo_dag.py:184} INFO - spark-submit stdout | 2025-12-06 05:57:42,114 INFO mongo_to_iceberg - JAR: /opt/***/jars/nessie-spark-extensions-3.4_2.12-0.105.7.jar exists=True size=2294495
[2025-12-06T05:58:11.214+0000] {spark_read_mongo_dag.py:184} INFO - spark-submit stdout | 2025-12-06 05:57:42,115 INFO mongo_to_iceberg - JAR: /opt/***/jars/hadoop-aws-3.3.4.jar exists=True size=962685
[2025-12-06T05:58:11.214+0000] {spark_read_mongo_dag.py:184} INFO - spark-submit stdout | 2025-12-06 05:57:42,116 INFO mongo_to_iceberg - JAR: /opt/***/jars/aws-java-sdk-bundle-1.12.772.jar exists=True size=388405806
[2025-12-06T05:58:11.215+0000] {spark_read_mongo_dag.py:184} INFO - spark-submit stdout | 2025-12-06 05:57:42,116 INFO mongo_to_iceberg - Mongo URI (masked): mongodb://172.168.168.206:27017/ai_segmentation.conversations
[2025-12-06T05:58:11.215+0000] {spark_read_mongo_dag.py:184} INFO - spark-submit stdout | 2025-12-06 05:57:42,116 INFO mongo_to_iceberg - Using Iceberg warehouse (must be s3a://): s3a://iceberg/
[2025-12-06T05:58:11.215+0000] {spark_read_mongo_dag.py:184} INFO - spark-submit stdout | 2025-12-06 05:57:42,116 INFO mongo_to_iceberg - S3 endpoint=http://minio:9000 path_style=true ssl_enabled=false
[2025-12-06T05:58:11.216+0000] {spark_read_mongo_dag.py:184} INFO - spark-submit stdout | 2025-12-06 05:57:42,116 INFO mongo_to_iceberg - Nessie URI=http://nessie:19120/api/v2/trees ref=main
[2025-12-06T05:58:11.216+0000] {spark_read_mongo_dag.py:184} INFO - spark-submit stdout | 2025-12-06 05:57:42,116 INFO mongo_to_iceberg - Creating SparkSession...
[2025-12-06T05:58:11.217+0000] {spark_read_mongo_dag.py:184} INFO - spark-submit stdout | 2025-12-06 05:57:56,587 INFO mongo_to_iceberg - SparkSession created. Spark version=3.4.1
[2025-12-06T05:58:11.217+0000] {spark_read_mongo_dag.py:184} INFO - spark-submit stdout | 2025-12-06 05:58:00,654 INFO mongo_to_iceberg - spark.jars config=/opt/***/jars/mongo-spark-connector_2.12-10.1.1.jar,/opt/***/jars/bson-4.11.2.jar,/opt/***/jars/mongodb-driver-core-4.11.2.jar,/opt/***/jars/mongodb-driver-sync-4.11.2.jar,/opt/***/jars/iceberg-spark-runtime-3.5_2.12-1.5.2.jar,/opt/***/jars/iceberg-nessie-1.5.2.jar,/opt/***/jars/nessie-client-0.99.0.jar,/opt/***/jars/nessie-spark-extensions-3.4_2.12-0.105.7.jar,/opt/***/jars/hadoop-aws-3.3.4.jar,/opt/***/jars/aws-java-sdk-bundle-1.12.772.jar
[2025-12-06T05:58:11.217+0000] {spark_read_mongo_dag.py:184} INFO - spark-submit stdout | 2025-12-06 05:58:00,656 INFO mongo_to_iceberg - spark.mongodb.read.connection.uri=mongodb://172.168.168.206:27017/ai_segmentation.conversations
[2025-12-06T05:58:11.218+0000] {spark_read_mongo_dag.py:184} INFO - spark-submit stdout | 2025-12-06 05:58:00,656 INFO mongo_to_iceberg - spark.sql.catalog.nessie.warehouse=s3a://iceberg/
[2025-12-06T05:58:11.218+0000] {spark_read_mongo_dag.py:184} INFO - spark-submit stdout | 2025-12-06 05:58:00,656 INFO mongo_to_iceberg - Starting read from MongoDB collection ai_segmentation.conversations
[2025-12-06T05:58:11.218+0000] {spark_read_mongo_dag.py:184} INFO - spark-submit stdout | 2025-12-06 05:58:04,504 INFO mongo_to_iceberg - Read succeeded. Counting rows (this may be slow)...
[2025-12-06T05:58:11.219+0000] {spark_read_mongo_dag.py:184} INFO - spark-submit stdout | 2025-12-06 05:58:06,073 WARNING mongo_to_iceberg - Failed to count rows; assuming 0. Error: URI doesn't end with the version: http://nessie:19120/api/v2/trees. Please configure `client-api-version` in the catalog properties explicitly.
[2025-12-06T05:58:11.219+0000] {spark_read_mongo_dag.py:184} INFO - spark-submit stdout | 2025-12-06 05:58:06,073 INFO mongo_to_iceberg - Rows read from MongoDB: 0
[2025-12-06T05:58:11.219+0000] {spark_read_mongo_dag.py:184} INFO - spark-submit stdout | 2025-12-06 05:58:06,073 INFO mongo_to_iceberg - Showing up to 5 rows:
[2025-12-06T05:58:11.220+0000] {spark_read_mongo_dag.py:184} INFO - spark-submit stdout | 2025-12-06 05:58:06,149 WARNING mongo_to_iceberg - Failed to take sample rows: URI doesn't end with the version: http://nessie:19120/api/v2/trees. Please configure `client-api-version` in the catalog properties explicitly.
[2025-12-06T05:58:11.220+0000] {spark_read_mongo_dag.py:184} INFO - spark-submit stdout | 2025-12-06 05:58:06,337 ERROR mongo_to_iceberg - Failed to print JSON rows: URI doesn't end with the version: http://nessie:19120/api/v2/trees. Please configure `client-api-version` in the catalog properties explicitly.
[2025-12-06T05:58:11.221+0000] {spark_read_mongo_dag.py:184} INFO - spark-submit stdout | 2025-12-06 05:58:06,337 INFO mongo_to_iceberg - Namespace: ai_segmentation, Table: conversations, Table ident: nessie.ai_segmentation.conversations
[2025-12-06T05:58:11.221+0000] {spark_read_mongo_dag.py:184} INFO - spark-submit stdout | 2025-12-06 05:58:06,337 INFO mongo_to_iceberg - Namespace location: s3a://iceberg/ai_segmentation
[2025-12-06T05:58:11.221+0000] {spark_read_mongo_dag.py:184} INFO - spark-submit stdout | 2025-12-06 05:58:06,337 INFO mongo_to_iceberg - Parquet target path (for fallback): s3a://iceberg/ai_segmentation/conversations/parquet/
[2025-12-06T05:58:11.222+0000] {spark_read_mongo_dag.py:184} INFO - spark-submit stdout | 2025-12-06 05:58:06,337 WARNING mongo_to_iceberg - DataFrame appears empty or has no columns (rows=0). Will write a job marker instead.
[2025-12-06T05:58:11.222+0000] {spark_read_mongo_dag.py:184} INFO - spark-submit stdout | 2025-12-06 05:58:10,297 WARNING mongo_to_iceberg - Failed to write job marker: URI doesn't end with the version: http://nessie:19120/api/v2/trees. Please configure `client-api-version` in the catalog properties explicitly.
[2025-12-06T05:58:11.222+0000] {spark_read_mongo_dag.py:184} INFO - spark-submit stdout | 2025-12-06 05:58:10,303 INFO mongo_to_iceberg - Writing CSV preview (limit=100) to s3a://iceberg/ai_segmentation/conversations/preview/
[2025-12-06T05:58:11.223+0000] {spark_read_mongo_dag.py:184} INFO - spark-submit stdout | 2025-12-06 05:58:10,362 WARNING mongo_to_iceberg - Failed to write CSV preview: URI doesn't end with the version: http://nessie:19120/api/v2/trees. Please configure `client-api-version` in the catalog properties explicitly.
[2025-12-06T05:58:11.223+0000] {spark_read_mongo_dag.py:184} INFO - spark-submit stdout | 2025-12-06 05:58:10,362 INFO mongo_to_iceberg - Verifying Iceberg table read via Spark SQL: SELECT count(*) FROM nessie.ai_segmentation.conversations
[2025-12-06T05:58:11.223+0000] {spark_read_mongo_dag.py:184} INFO - spark-submit stdout | 2025-12-06 05:58:10,466 WARNING mongo_to_iceberg - Failed to verify Iceberg table via SQL: URI doesn't end with the version: http://nessie:19120/api/v2/trees. Please configure `client-api-version` in the catalog properties explicitly.
[2025-12-06T05:58:11.224+0000] {spark_read_mongo_dag.py:184} INFO - spark-submit stdout | 2025-12-06 05:58:10,466 INFO mongo_to_iceberg - Stopping Spark.
[2025-12-06T05:58:11.224+0000] {spark_read_mongo_dag.py:184} INFO - spark-submit stdout | 2025-12-06 05:58:10,824 INFO mongo_to_iceberg - END main SUCCESS at 2025-12-06 05:58:10
[2025-12-06T05:58:11.225+0000] {spark_read_mongo_dag.py:184} INFO - spark-submit stdout | 2025-12-06 05:58:10,824 INFO py4j.clientserver - Closing down clientserver connection
[2025-12-06T05:58:11.225+0000] {spark_read_mongo_dag.py:188} ERROR - spark-submit stderr | 25/12/06 05:57:39 WARN NativeCodeLoader: Unable to load native-hadoop library for your platform... using builtin-java classes where applicable
[2025-12-06T05:58:11.225+0000] {spark_read_mongo_dag.py:188} ERROR - spark-submit stderr | 25/12/06 05:57:42 INFO SparkContext: Running Spark version 3.4.1
[2025-12-06T05:58:11.226+0000] {spark_read_mongo_dag.py:188} ERROR - spark-submit stderr | 25/12/06 05:57:42 INFO ResourceUtils: ==============================================================
[2025-12-06T05:58:11.227+0000] {spark_read_mongo_dag.py:188} ERROR - spark-submit stderr | 25/12/06 05:57:42 INFO ResourceUtils: No custom resources configured for spark.driver.
[2025-12-06T05:58:11.227+0000] {spark_read_mongo_dag.py:188} ERROR - spark-submit stderr | 25/12/06 05:57:42 INFO ResourceUtils: ==============================================================
[2025-12-06T05:58:11.227+0000] {spark_read_mongo_dag.py:188} ERROR - spark-submit stderr | 25/12/06 05:57:42 INFO SparkContext: Submitted application: MongoToIceberg
[2025-12-06T05:58:11.228+0000] {spark_read_mongo_dag.py:188} ERROR - spark-submit stderr | 25/12/06 05:57:42 INFO ResourceProfile: Default ResourceProfile created, executor resources: Map(cores -> name: cores, amount: 1, script: , vendor: , memory -> name: memory, amount: 1024, script: , vendor: , offHeap -> name: offHeap, amount: 0, script: , vendor: ), task resources: Map(cpus -> name: cpus, amount: 1.0)
[2025-12-06T05:58:11.228+0000] {spark_read_mongo_dag.py:188} ERROR - spark-submit stderr | 25/12/06 05:57:42 INFO ResourceProfile: Limiting resource is cpu
[2025-12-06T05:58:11.228+0000] {spark_read_mongo_dag.py:188} ERROR - spark-submit stderr | 25/12/06 05:57:42 INFO ResourceProfileManager: Added ResourceProfile id: 0
[2025-12-06T05:58:11.229+0000] {spark_read_mongo_dag.py:188} ERROR - spark-submit stderr | 25/12/06 05:57:43 INFO SecurityManager: Changing view acls to: ***
[2025-12-06T05:58:11.229+0000] {spark_read_mongo_dag.py:188} ERROR - spark-submit stderr | 25/12/06 05:57:43 INFO SecurityManager: Changing modify acls to: ***
[2025-12-06T05:58:11.230+0000] {spark_read_mongo_dag.py:188} ERROR - spark-submit stderr | 25/12/06 05:57:43 INFO SecurityManager: Changing view acls groups to: 
[2025-12-06T05:58:11.230+0000] {spark_read_mongo_dag.py:188} ERROR - spark-submit stderr | 25/12/06 05:57:43 INFO SecurityManager: Changing modify acls groups to: 
[2025-12-06T05:58:11.231+0000] {spark_read_mongo_dag.py:188} ERROR - spark-submit stderr | 25/12/06 05:57:43 INFO SecurityManager: SecurityManager: authentication disabled; ui acls disabled; users with view permissions: ***; groups with view permissions: EMPTY; users with modify permissions: ***; groups with modify permissions: EMPTY
[2025-12-06T05:58:11.231+0000] {spark_read_mongo_dag.py:188} ERROR - spark-submit stderr | 25/12/06 05:57:43 INFO Utils: Successfully started service 'sparkDriver' on port 46101.
[2025-12-06T05:58:11.232+0000] {spark_read_mongo_dag.py:188} ERROR - spark-submit stderr | 25/12/06 05:57:43 INFO SparkEnv: Registering MapOutputTracker
[2025-12-06T05:58:11.232+0000] {spark_read_mongo_dag.py:188} ERROR - spark-submit stderr | 25/12/06 05:57:43 INFO SparkEnv: Registering BlockManagerMaster
[2025-12-06T05:58:11.233+0000] {spark_read_mongo_dag.py:188} ERROR - spark-submit stderr | 25/12/06 05:57:44 INFO BlockManagerMasterEndpoint: Using org.apache.spark.storage.DefaultTopologyMapper for getting topology information
[2025-12-06T05:58:11.233+0000] {spark_read_mongo_dag.py:188} ERROR - spark-submit stderr | 25/12/06 05:57:44 INFO BlockManagerMasterEndpoint: BlockManagerMasterEndpoint up
[2025-12-06T05:58:11.234+0000] {spark_read_mongo_dag.py:188} ERROR - spark-submit stderr | 25/12/06 05:57:44 INFO SparkEnv: Registering BlockManagerMasterHeartbeat
[2025-12-06T05:58:11.234+0000] {spark_read_mongo_dag.py:188} ERROR - spark-submit stderr | 25/12/06 05:57:44 INFO DiskBlockManager: Created local directory at /tmp/blockmgr-5c36b76f-43f8-42cf-86b8-3a115b70db09
[2025-12-06T05:58:11.234+0000] {spark_read_mongo_dag.py:188} ERROR - spark-submit stderr | 25/12/06 05:57:44 INFO MemoryStore: MemoryStore started with capacity 434.4 MiB
[2025-12-06T05:58:11.235+0000] {spark_read_mongo_dag.py:188} ERROR - spark-submit stderr | 25/12/06 05:57:44 INFO SparkEnv: Registering OutputCommitCoordinator
[2025-12-06T05:58:11.235+0000] {spark_read_mongo_dag.py:188} ERROR - spark-submit stderr | 25/12/06 05:57:44 INFO JettyUtils: Start Jetty 0.0.0.0:4040 for SparkUI
[2025-12-06T05:58:11.236+0000] {spark_read_mongo_dag.py:188} ERROR - spark-submit stderr | 25/12/06 05:57:45 INFO Utils: Successfully started service 'SparkUI' on port 4040.
[2025-12-06T05:58:11.236+0000] {spark_read_mongo_dag.py:188} ERROR - spark-submit stderr | 25/12/06 05:57:45 INFO SparkContext: Added JAR /opt/***/jars/mongo-spark-connector_2.12-10.1.1.jar at spark://fa5351f36d22:46101/jars/mongo-spark-connector_2.12-10.1.1.jar with timestamp 1765000662747
[2025-12-06T05:58:11.236+0000] {spark_read_mongo_dag.py:188} ERROR - spark-submit stderr | 25/12/06 05:57:45 INFO SparkContext: Added JAR /opt/***/jars/bson-4.11.2.jar at spark://fa5351f36d22:46101/jars/bson-4.11.2.jar with timestamp 1765000662747
[2025-12-06T05:58:11.237+0000] {spark_read_mongo_dag.py:188} ERROR - spark-submit stderr | 25/12/06 05:57:45 INFO SparkContext: Added JAR /opt/***/jars/mongodb-driver-core-4.11.2.jar at spark://fa5351f36d22:46101/jars/mongodb-driver-core-4.11.2.jar with timestamp 1765000662747
[2025-12-06T05:58:11.237+0000] {spark_read_mongo_dag.py:188} ERROR - spark-submit stderr | 25/12/06 05:57:45 INFO SparkContext: Added JAR /opt/***/jars/mongodb-driver-sync-4.11.2.jar at spark://fa5351f36d22:46101/jars/mongodb-driver-sync-4.11.2.jar with timestamp 1765000662747
[2025-12-06T05:58:11.238+0000] {spark_read_mongo_dag.py:188} ERROR - spark-submit stderr | 25/12/06 05:57:45 INFO SparkContext: Added JAR /opt/***/jars/iceberg-spark-runtime-3.5_2.12-1.5.2.jar at spark://fa5351f36d22:46101/jars/iceberg-spark-runtime-3.5_2.12-1.5.2.jar with timestamp 1765000662747
[2025-12-06T05:58:11.238+0000] {spark_read_mongo_dag.py:188} ERROR - spark-submit stderr | 25/12/06 05:57:45 INFO SparkContext: Added JAR /opt/***/jars/iceberg-nessie-1.5.2.jar at spark://fa5351f36d22:46101/jars/iceberg-nessie-1.5.2.jar with timestamp 1765000662747
[2025-12-06T05:58:11.238+0000] {spark_read_mongo_dag.py:188} ERROR - spark-submit stderr | 25/12/06 05:57:45 INFO SparkContext: Added JAR /opt/***/jars/nessie-client-0.99.0.jar at spark://fa5351f36d22:46101/jars/nessie-client-0.99.0.jar with timestamp 1765000662747
[2025-12-06T05:58:11.239+0000] {spark_read_mongo_dag.py:188} ERROR - spark-submit stderr | 25/12/06 05:57:45 INFO SparkContext: Added JAR /opt/***/jars/nessie-spark-extensions-3.4_2.12-0.105.7.jar at spark://fa5351f36d22:46101/jars/nessie-spark-extensions-3.4_2.12-0.105.7.jar with timestamp 1765000662747
[2025-12-06T05:58:11.239+0000] {spark_read_mongo_dag.py:188} ERROR - spark-submit stderr | 25/12/06 05:57:45 INFO SparkContext: Added JAR /opt/***/jars/hadoop-aws-3.3.4.jar at spark://fa5351f36d22:46101/jars/hadoop-aws-3.3.4.jar with timestamp 1765000662747
[2025-12-06T05:58:11.239+0000] {spark_read_mongo_dag.py:188} ERROR - spark-submit stderr | 25/12/06 05:57:45 INFO SparkContext: Added JAR /opt/***/jars/aws-java-sdk-bundle-1.12.772.jar at spark://fa5351f36d22:46101/jars/aws-java-sdk-bundle-1.12.772.jar with timestamp 1765000662747
[2025-12-06T05:58:11.240+0000] {spark_read_mongo_dag.py:188} ERROR - spark-submit stderr | 25/12/06 05:57:45 INFO Executor: Starting executor ID driver on host fa5351f36d22
[2025-12-06T05:58:11.240+0000] {spark_read_mongo_dag.py:188} ERROR - spark-submit stderr | 25/12/06 05:57:45 INFO Executor: Starting executor with user classpath (userClassPathFirst = false): ''
[2025-12-06T05:58:11.241+0000] {spark_read_mongo_dag.py:188} ERROR - spark-submit stderr | 25/12/06 05:57:45 INFO Executor: Fetching spark://fa5351f36d22:46101/jars/nessie-client-0.99.0.jar with timestamp 1765000662747
[2025-12-06T05:58:11.241+0000] {spark_read_mongo_dag.py:188} ERROR - spark-submit stderr | 25/12/06 05:57:45 INFO TransportClientFactory: Successfully created connection to fa5351f36d22/172.19.0.8:46101 after 66 ms (0 ms spent in bootstraps)
[2025-12-06T05:58:11.241+0000] {spark_read_mongo_dag.py:188} ERROR - spark-submit stderr | 25/12/06 05:57:45 INFO Utils: Fetching spark://fa5351f36d22:46101/jars/nessie-client-0.99.0.jar to /tmp/spark-cc55f902-9998-47ce-8398-cb8d00489eac/userFiles-0a924856-7915-4f66-88e1-f584f3b23d2b/fetchFileTemp4022850688674480910.tmp
[2025-12-06T05:58:11.242+0000] {spark_read_mongo_dag.py:188} ERROR - spark-submit stderr | 25/12/06 05:57:45 INFO Executor: Adding file:/tmp/spark-cc55f902-9998-47ce-8398-cb8d00489eac/userFiles-0a924856-7915-4f66-88e1-f584f3b23d2b/nessie-client-0.99.0.jar to class loader
[2025-12-06T05:58:11.242+0000] {spark_read_mongo_dag.py:188} ERROR - spark-submit stderr | 25/12/06 05:57:45 INFO Executor: Fetching spark://fa5351f36d22:46101/jars/nessie-spark-extensions-3.4_2.12-0.105.7.jar with timestamp 1765000662747
[2025-12-06T05:58:11.243+0000] {spark_read_mongo_dag.py:188} ERROR - spark-submit stderr | 25/12/06 05:57:45 INFO Utils: Fetching spark://fa5351f36d22:46101/jars/nessie-spark-extensions-3.4_2.12-0.105.7.jar to /tmp/spark-cc55f902-9998-47ce-8398-cb8d00489eac/userFiles-0a924856-7915-4f66-88e1-f584f3b23d2b/fetchFileTemp12131921924788866589.tmp
[2025-12-06T05:58:11.243+0000] {spark_read_mongo_dag.py:188} ERROR - spark-submit stderr | 25/12/06 05:57:45 INFO Executor: Adding file:/tmp/spark-cc55f902-9998-47ce-8398-cb8d00489eac/userFiles-0a924856-7915-4f66-88e1-f584f3b23d2b/nessie-spark-extensions-3.4_2.12-0.105.7.jar to class loader
[2025-12-06T05:58:11.244+0000] {spark_read_mongo_dag.py:188} ERROR - spark-submit stderr | 25/12/06 05:57:45 INFO Executor: Fetching spark://fa5351f36d22:46101/jars/mongodb-driver-core-4.11.2.jar with timestamp 1765000662747
[2025-12-06T05:58:11.244+0000] {spark_read_mongo_dag.py:188} ERROR - spark-submit stderr | 25/12/06 05:57:45 INFO Utils: Fetching spark://fa5351f36d22:46101/jars/mongodb-driver-core-4.11.2.jar to /tmp/spark-cc55f902-9998-47ce-8398-cb8d00489eac/userFiles-0a924856-7915-4f66-88e1-f584f3b23d2b/fetchFileTemp16246854995719975243.tmp
[2025-12-06T05:58:11.244+0000] {spark_read_mongo_dag.py:188} ERROR - spark-submit stderr | 25/12/06 05:57:45 INFO Executor: Adding file:/tmp/spark-cc55f902-9998-47ce-8398-cb8d00489eac/userFiles-0a924856-7915-4f66-88e1-f584f3b23d2b/mongodb-driver-core-4.11.2.jar to class loader
[2025-12-06T05:58:11.245+0000] {spark_read_mongo_dag.py:188} ERROR - spark-submit stderr | 25/12/06 05:57:45 INFO Executor: Fetching spark://fa5351f36d22:46101/jars/mongodb-driver-sync-4.11.2.jar with timestamp 1765000662747
[2025-12-06T05:58:11.245+0000] {spark_read_mongo_dag.py:188} ERROR - spark-submit stderr | 25/12/06 05:57:45 INFO Utils: Fetching spark://fa5351f36d22:46101/jars/mongodb-driver-sync-4.11.2.jar to /tmp/spark-cc55f902-9998-47ce-8398-cb8d00489eac/userFiles-0a924856-7915-4f66-88e1-f584f3b23d2b/fetchFileTemp3805035437180401341.tmp
[2025-12-06T05:58:11.245+0000] {spark_read_mongo_dag.py:188} ERROR - spark-submit stderr | 25/12/06 05:57:45 INFO Executor: Adding file:/tmp/spark-cc55f902-9998-47ce-8398-cb8d00489eac/userFiles-0a924856-7915-4f66-88e1-f584f3b23d2b/mongodb-driver-sync-4.11.2.jar to class loader
[2025-12-06T05:58:11.246+0000] {spark_read_mongo_dag.py:188} ERROR - spark-submit stderr | 25/12/06 05:57:45 INFO Executor: Fetching spark://fa5351f36d22:46101/jars/bson-4.11.2.jar with timestamp 1765000662747
[2025-12-06T05:58:11.246+0000] {spark_read_mongo_dag.py:188} ERROR - spark-submit stderr | 25/12/06 05:57:45 INFO Utils: Fetching spark://fa5351f36d22:46101/jars/bson-4.11.2.jar to /tmp/spark-cc55f902-9998-47ce-8398-cb8d00489eac/userFiles-0a924856-7915-4f66-88e1-f584f3b23d2b/fetchFileTemp17928816912865434126.tmp
[2025-12-06T05:58:11.247+0000] {spark_read_mongo_dag.py:188} ERROR - spark-submit stderr | 25/12/06 05:57:45 INFO Executor: Adding file:/tmp/spark-cc55f902-9998-47ce-8398-cb8d00489eac/userFiles-0a924856-7915-4f66-88e1-f584f3b23d2b/bson-4.11.2.jar to class loader
[2025-12-06T05:58:11.247+0000] {spark_read_mongo_dag.py:188} ERROR - spark-submit stderr | 25/12/06 05:57:45 INFO Executor: Fetching spark://fa5351f36d22:46101/jars/hadoop-aws-3.3.4.jar with timestamp 1765000662747
[2025-12-06T05:58:11.247+0000] {spark_read_mongo_dag.py:188} ERROR - spark-submit stderr | 25/12/06 05:57:45 INFO Utils: Fetching spark://fa5351f36d22:46101/jars/hadoop-aws-3.3.4.jar to /tmp/spark-cc55f902-9998-47ce-8398-cb8d00489eac/userFiles-0a924856-7915-4f66-88e1-f584f3b23d2b/fetchFileTemp242500226219678384.tmp
[2025-12-06T05:58:11.248+0000] {spark_read_mongo_dag.py:188} ERROR - spark-submit stderr | 25/12/06 05:57:45 INFO Executor: Adding file:/tmp/spark-cc55f902-9998-47ce-8398-cb8d00489eac/userFiles-0a924856-7915-4f66-88e1-f584f3b23d2b/hadoop-aws-3.3.4.jar to class loader
[2025-12-06T05:58:11.248+0000] {spark_read_mongo_dag.py:188} ERROR - spark-submit stderr | 25/12/06 05:57:45 INFO Executor: Fetching spark://fa5351f36d22:46101/jars/aws-java-sdk-bundle-1.12.772.jar with timestamp 1765000662747
[2025-12-06T05:58:11.248+0000] {spark_read_mongo_dag.py:188} ERROR - spark-submit stderr | 25/12/06 05:57:45 INFO Utils: Fetching spark://fa5351f36d22:46101/jars/aws-java-sdk-bundle-1.12.772.jar to /tmp/spark-cc55f902-9998-47ce-8398-cb8d00489eac/userFiles-0a924856-7915-4f66-88e1-f584f3b23d2b/fetchFileTemp15116659298071483810.tmp
[2025-12-06T05:58:11.249+0000] {spark_read_mongo_dag.py:188} ERROR - spark-submit stderr | 25/12/06 05:57:48 INFO Executor: Adding file:/tmp/spark-cc55f902-9998-47ce-8398-cb8d00489eac/userFiles-0a924856-7915-4f66-88e1-f584f3b23d2b/aws-java-sdk-bundle-1.12.772.jar to class loader
[2025-12-06T05:58:11.249+0000] {spark_read_mongo_dag.py:188} ERROR - spark-submit stderr | 25/12/06 05:57:48 INFO Executor: Fetching spark://fa5351f36d22:46101/jars/iceberg-spark-runtime-3.5_2.12-1.5.2.jar with timestamp 1765000662747
[2025-12-06T05:58:11.249+0000] {spark_read_mongo_dag.py:188} ERROR - spark-submit stderr | 25/12/06 05:57:48 INFO Utils: Fetching spark://fa5351f36d22:46101/jars/iceberg-spark-runtime-3.5_2.12-1.5.2.jar to /tmp/spark-cc55f902-9998-47ce-8398-cb8d00489eac/userFiles-0a924856-7915-4f66-88e1-f584f3b23d2b/fetchFileTemp1928937093798176793.tmp
[2025-12-06T05:58:11.250+0000] {spark_read_mongo_dag.py:188} ERROR - spark-submit stderr | 25/12/06 05:57:49 INFO Executor: Adding file:/tmp/spark-cc55f902-9998-47ce-8398-cb8d00489eac/userFiles-0a924856-7915-4f66-88e1-f584f3b23d2b/iceberg-spark-runtime-3.5_2.12-1.5.2.jar to class loader
[2025-12-06T05:58:11.250+0000] {spark_read_mongo_dag.py:188} ERROR - spark-submit stderr | 25/12/06 05:57:49 INFO Executor: Fetching spark://fa5351f36d22:46101/jars/mongo-spark-connector_2.12-10.1.1.jar with timestamp 1765000662747
[2025-12-06T05:58:11.250+0000] {spark_read_mongo_dag.py:188} ERROR - spark-submit stderr | 25/12/06 05:57:49 INFO Utils: Fetching spark://fa5351f36d22:46101/jars/mongo-spark-connector_2.12-10.1.1.jar to /tmp/spark-cc55f902-9998-47ce-8398-cb8d00489eac/userFiles-0a924856-7915-4f66-88e1-f584f3b23d2b/fetchFileTemp3563082670270033972.tmp
[2025-12-06T05:58:11.251+0000] {spark_read_mongo_dag.py:188} ERROR - spark-submit stderr | 25/12/06 05:57:49 INFO Executor: Adding file:/tmp/spark-cc55f902-9998-47ce-8398-cb8d00489eac/userFiles-0a924856-7915-4f66-88e1-f584f3b23d2b/mongo-spark-connector_2.12-10.1.1.jar to class loader
[2025-12-06T05:58:11.251+0000] {spark_read_mongo_dag.py:188} ERROR - spark-submit stderr | 25/12/06 05:57:49 INFO Executor: Fetching spark://fa5351f36d22:46101/jars/iceberg-nessie-1.5.2.jar with timestamp 1765000662747
[2025-12-06T05:58:11.251+0000] {spark_read_mongo_dag.py:188} ERROR - spark-submit stderr | 25/12/06 05:57:49 INFO Utils: Fetching spark://fa5351f36d22:46101/jars/iceberg-nessie-1.5.2.jar to /tmp/spark-cc55f902-9998-47ce-8398-cb8d00489eac/userFiles-0a924856-7915-4f66-88e1-f584f3b23d2b/fetchFileTemp12594670048902078353.tmp
[2025-12-06T05:58:11.252+0000] {spark_read_mongo_dag.py:188} ERROR - spark-submit stderr | 25/12/06 05:57:49 INFO Executor: Adding file:/tmp/spark-cc55f902-9998-47ce-8398-cb8d00489eac/userFiles-0a924856-7915-4f66-88e1-f584f3b23d2b/iceberg-nessie-1.5.2.jar to class loader
[2025-12-06T05:58:11.252+0000] {spark_read_mongo_dag.py:188} ERROR - spark-submit stderr | 25/12/06 05:57:49 INFO Utils: Successfully started service 'org.apache.spark.network.netty.NettyBlockTransferService' on port 36491.
[2025-12-06T05:58:11.252+0000] {spark_read_mongo_dag.py:188} ERROR - spark-submit stderr | 25/12/06 05:57:49 INFO NettyBlockTransferService: Server created on fa5351f36d22:36491
[2025-12-06T05:58:11.253+0000] {spark_read_mongo_dag.py:188} ERROR - spark-submit stderr | 25/12/06 05:57:49 INFO BlockManager: Using org.apache.spark.storage.RandomBlockReplicationPolicy for block replication policy
[2025-12-06T05:58:11.253+0000] {spark_read_mongo_dag.py:188} ERROR - spark-submit stderr | 25/12/06 05:57:49 INFO BlockManagerMaster: Registering BlockManager BlockManagerId(driver, fa5351f36d22, 36491, None)
[2025-12-06T05:58:11.253+0000] {spark_read_mongo_dag.py:188} ERROR - spark-submit stderr | 25/12/06 05:57:49 INFO BlockManagerMasterEndpoint: Registering block manager fa5351f36d22:36491 with 434.4 MiB RAM, BlockManagerId(driver, fa5351f36d22, 36491, None)
[2025-12-06T05:58:11.254+0000] {spark_read_mongo_dag.py:188} ERROR - spark-submit stderr | 25/12/06 05:57:49 INFO BlockManagerMaster: Registered BlockManager BlockManagerId(driver, fa5351f36d22, 36491, None)
[2025-12-06T05:58:11.254+0000] {spark_read_mongo_dag.py:188} ERROR - spark-submit stderr | 25/12/06 05:57:49 INFO BlockManager: Initialized BlockManager: BlockManagerId(driver, fa5351f36d22, 36491, None)
[2025-12-06T05:58:11.254+0000] {spark_read_mongo_dag.py:188} ERROR - spark-submit stderr | 25/12/06 05:57:56 INFO SharedState: Setting hive.metastore.warehouse.dir ('null') to the value of spark.sql.warehouse.dir.
[2025-12-06T05:58:11.254+0000] {spark_read_mongo_dag.py:188} ERROR - spark-submit stderr | 25/12/06 05:57:56 INFO SharedState: Warehouse path is 'file:/opt/***/spark-warehouse'.
[2025-12-06T05:58:11.255+0000] {spark_read_mongo_dag.py:188} ERROR - spark-submit stderr | 25/12/06 05:58:01 INFO client: MongoClient with metadata {"driver": {"name": "mongo-java-driver|sync|mongo-spark-connector|source", "version": "4.11.2|10.1.1"}, "os": {"type": "Linux", "name": "Linux", "architecture": "amd64", "version": "6.6.87.2-microsoft-standard-WSL2"}, "platform": "Java/Debian/17.0.17+10-Debian-1deb12u1|Scala/2.12.17/Spark/3.4.1"} created with settings MongoClientSettings{readPreference=primary, writeConcern=WriteConcern{w=null, wTimeout=null ms, journal=null}, retryWrites=true, retryReads=true, readConcern=ReadConcern{level=null}, credential=null, transportSettings=null, streamFactoryFactory=null, commandListeners=[], codecRegistry=ProvidersCodecRegistry{codecProviders=[ValueCodecProvider{}, BsonValueCodecProvider{}, DBRefCodecProvider{}, DBObjectCodecProvider{}, DocumentCodecProvider{}, CollectionCodecProvider{}, IterableCodecProvider{}, MapCodecProvider{}, GeoJsonCodecProvider{}, GridFSFileCodecProvider{}, Jsr310CodecProvider{}, JsonObjectCodecProvider{}, BsonCodecProvider{}, EnumCodecProvider{}, com.mongodb.client.model.mql.ExpressionCodecProvider@66773730, com.mongodb.Jep395RecordCodecProvider@102f9bb0, com.mongodb.KotlinCodecProvider@5c8c798]}, loggerSettings=LoggerSettings{maxDocumentLength=1000}, clusterSettings={hosts=[172.168.168.206:27017], srvServiceName=mongodb, mode=SINGLE, requiredClusterType=UNKNOWN, requiredReplicaSetName='null', serverSelector='null', clusterListeners='[]', serverSelectionTimeout='30000 ms', localThreshold='15 ms'}, socketSettings=SocketSettings{connectTimeoutMS=10000, readTimeoutMS=0, receiveBufferSize=0, proxySettings=ProxySettings{host=null, port=null, username=null, password=null}}, heartbeatSocketSettings=SocketSettings{connectTimeoutMS=10000, readTimeoutMS=10000, receiveBufferSize=0, proxySettings=ProxySettings{host=null, port=null, username=null, password=null}}, connectionPoolSettings=ConnectionPoolSettings{maxSize=100, minSize=0, maxWaitTimeMS=120000, maxConnectionLifeTimeMS=0, maxConnectionIdleTimeMS=0, maintenanceInitialDelayMS=0, maintenanceFrequencyMS=60000, connectionPoolListeners=[], maxConnecting=2}, serverSettings=ServerSettings{heartbeatFrequencyMS=10000, minHeartbeatFrequencyMS=500, serverListeners='[]', serverMonitorListeners='[]'}, sslSettings=SslSettings{enabled=false, invalidHostNameAllowed=false, context=null}, applicationName='null', compressorList=[], uuidRepresentation=UNSPECIFIED, serverApi=null, autoEncryptionSettings=null, dnsClient=null, inetAddressResolver=null, contextProvider=null}
[2025-12-06T05:58:11.255+0000] {spark_read_mongo_dag.py:188} ERROR - spark-submit stderr | 25/12/06 05:58:01 INFO cluster: No server chosen by ReadPreferenceServerSelector{readPreference=primary} from cluster description ClusterDescription{type=UNKNOWN, connectionMode=SINGLE, serverDescriptions=[ServerDescription{address=172.168.168.206:27017, type=UNKNOWN, state=CONNECTING}]}. Waiting for 30000 ms before timing out
[2025-12-06T05:58:11.256+0000] {spark_read_mongo_dag.py:188} ERROR - spark-submit stderr | 25/12/06 05:58:01 INFO cluster: Monitor thread successfully connected to server with description ServerDescription{address=172.168.168.206:27017, type=STANDALONE, state=CONNECTED, ok=true, minWireVersion=0, maxWireVersion=21, maxDocumentSize=16777216, logicalSessionTimeoutMinutes=30, roundTripTimeNanos=39648462}
[2025-12-06T05:58:11.256+0000] {spark_read_mongo_dag.py:188} ERROR - spark-submit stderr | 25/12/06 05:58:02 INFO MongoTable: Creating MongoTable: mongo-spark-connector-10.1.1
[2025-12-06T05:58:11.256+0000] {spark_read_mongo_dag.py:188} ERROR - spark-submit stderr | 25/12/06 05:58:08 WARN MetricsConfig: Cannot locate configuration: tried hadoop-metrics2-s3a-file-system.properties,hadoop-metrics2.properties
[2025-12-06T05:58:11.257+0000] {spark_read_mongo_dag.py:188} ERROR - spark-submit stderr | 25/12/06 05:58:08 INFO MetricsSystemImpl: Scheduled Metric snapshot period at 10 second(s).
[2025-12-06T05:58:11.257+0000] {spark_read_mongo_dag.py:188} ERROR - spark-submit stderr | 25/12/06 05:58:08 INFO MetricsSystemImpl: s3a-file-system metrics system started
[2025-12-06T05:58:11.257+0000] {spark_read_mongo_dag.py:188} ERROR - spark-submit stderr | 25/12/06 05:58:08 WARN VersionInfoUtils: The AWS SDK for Java 1.x entered maintenance mode starting July 31, 2024 and will reach end of support on December 31, 2025. For more information, see https://aws.amazon.com/blogs/developer/the-aws-sdk-for-java-1-x-is-in-maintenance-mode-effective-july-31-2024/
[2025-12-06T05:58:11.258+0000] {spark_read_mongo_dag.py:188} ERROR - spark-submit stderr | You can print where on the file system the AWS SDK for Java 1.x core runtime is located by setting the AWS_JAVA_V1_PRINT_LOCATION environment variable or aws.java.v1.printLocation system property to 'true'.
[2025-12-06T05:58:11.258+0000] {spark_read_mongo_dag.py:188} ERROR - spark-submit stderr | This message can be disabled by setting the AWS_JAVA_V1_DISABLE_DEPRECATION_ANNOUNCEMENT environment variable or aws.java.v1.disableDeprecationAnnouncement system property to 'true'.
[2025-12-06T05:58:11.258+0000] {spark_read_mongo_dag.py:188} ERROR - spark-submit stderr | The AWS SDK for Java 1.x is being used here:
[2025-12-06T05:58:11.259+0000] {spark_read_mongo_dag.py:188} ERROR - spark-submit stderr | at java.base/java.lang.Thread.getStackTrace(Thread.java:1619)
[2025-12-06T05:58:11.259+0000] {spark_read_mongo_dag.py:188} ERROR - spark-submit stderr | at com.amazonaws.util.VersionInfoUtils.printDeprecationAnnouncement(VersionInfoUtils.java:81)
[2025-12-06T05:58:11.259+0000] {spark_read_mongo_dag.py:188} ERROR - spark-submit stderr | at com.amazonaws.util.VersionInfoUtils.<clinit>(VersionInfoUtils.java:59)
[2025-12-06T05:58:11.260+0000] {spark_read_mongo_dag.py:188} ERROR - spark-submit stderr | at com.amazonaws.internal.EC2ResourceFetcher.<clinit>(EC2ResourceFetcher.java:44)
[2025-12-06T05:58:11.260+0000] {spark_read_mongo_dag.py:188} ERROR - spark-submit stderr | at com.amazonaws.auth.InstanceMetadataServiceCredentialsFetcher.<init>(InstanceMetadataServiceCredentialsFetcher.java:38)
[2025-12-06T05:58:11.261+0000] {spark_read_mongo_dag.py:188} ERROR - spark-submit stderr | at com.amazonaws.auth.InstanceProfileCredentialsProvider.<init>(InstanceProfileCredentialsProvider.java:111)
[2025-12-06T05:58:11.261+0000] {spark_read_mongo_dag.py:188} ERROR - spark-submit stderr | at com.amazonaws.auth.InstanceProfileCredentialsProvider.<init>(InstanceProfileCredentialsProvider.java:91)
[2025-12-06T05:58:11.261+0000] {spark_read_mongo_dag.py:188} ERROR - spark-submit stderr | at com.amazonaws.auth.InstanceProfileCredentialsProvider.<init>(InstanceProfileCredentialsProvider.java:75)
[2025-12-06T05:58:11.262+0000] {spark_read_mongo_dag.py:188} ERROR - spark-submit stderr | at com.amazonaws.auth.InstanceProfileCredentialsProvider.<clinit>(InstanceProfileCredentialsProvider.java:58)
[2025-12-06T05:58:11.262+0000] {spark_read_mongo_dag.py:188} ERROR - spark-submit stderr | at com.amazonaws.auth.EC2ContainerCredentialsProviderWrapper.initializeProvider(EC2ContainerCredentialsProviderWrapper.java:66)
[2025-12-06T05:58:11.262+0000] {spark_read_mongo_dag.py:188} ERROR - spark-submit stderr | at com.amazonaws.auth.EC2ContainerCredentialsProviderWrapper.<init>(EC2ContainerCredentialsProviderWrapper.java:55)
[2025-12-06T05:58:11.263+0000] {spark_read_mongo_dag.py:188} ERROR - spark-submit stderr | at org.apache.hadoop.fs.s3a.auth.IAMInstanceCredentialsProvider.<init>(IAMInstanceCredentialsProvider.java:49)
[2025-12-06T05:58:11.263+0000] {spark_read_mongo_dag.py:188} ERROR - spark-submit stderr | at java.base/jdk.internal.reflect.NativeConstructorAccessorImpl.newInstance0(Native Method)
[2025-12-06T05:58:11.264+0000] {spark_read_mongo_dag.py:188} ERROR - spark-submit stderr | at java.base/jdk.internal.reflect.NativeConstructorAccessorImpl.newInstance(NativeConstructorAccessorImpl.java:77)
[2025-12-06T05:58:11.264+0000] {spark_read_mongo_dag.py:188} ERROR - spark-submit stderr | at java.base/jdk.internal.reflect.DelegatingConstructorAccessorImpl.newInstance(DelegatingConstructorAccessorImpl.java:45)
[2025-12-06T05:58:11.264+0000] {spark_read_mongo_dag.py:188} ERROR - spark-submit stderr | at java.base/java.lang.reflect.Constructor.newInstanceWithCaller(Constructor.java:500)
[2025-12-06T05:58:11.264+0000] {spark_read_mongo_dag.py:188} ERROR - spark-submit stderr | at java.base/java.lang.reflect.Constructor.newInstance(Constructor.java:481)
[2025-12-06T05:58:11.265+0000] {spark_read_mongo_dag.py:188} ERROR - spark-submit stderr | at org.apache.hadoop.fs.s3a.S3AUtils.createAWSCredentialProvider(S3AUtils.java:766)
[2025-12-06T05:58:11.265+0000] {spark_read_mongo_dag.py:188} ERROR - spark-submit stderr | at org.apache.hadoop.fs.s3a.S3AUtils.buildAWSProviderList(S3AUtils.java:698)
[2025-12-06T05:58:11.266+0000] {spark_read_mongo_dag.py:188} ERROR - spark-submit stderr | at org.apache.hadoop.fs.s3a.S3AUtils.createAWSCredentialProviderSet(S3AUtils.java:631)
[2025-12-06T05:58:11.266+0000] {spark_read_mongo_dag.py:188} ERROR - spark-submit stderr | at org.apache.hadoop.fs.s3a.S3AFileSystem.bindAWSClient(S3AFileSystem.java:877)
[2025-12-06T05:58:11.266+0000] {spark_read_mongo_dag.py:188} ERROR - spark-submit stderr | at org.apache.hadoop.fs.s3a.S3AFileSystem.initialize(S3AFileSystem.java:534)
[2025-12-06T05:58:11.267+0000] {spark_read_mongo_dag.py:188} ERROR - spark-submit stderr | at org.apache.hadoop.fs.FileSystem.createFileSystem(FileSystem.java:3469)
[2025-12-06T05:58:11.267+0000] {spark_read_mongo_dag.py:188} ERROR - spark-submit stderr | at org.apache.hadoop.fs.FileSystem.access$300(FileSystem.java:174)
[2025-12-06T05:58:11.267+0000] {spark_read_mongo_dag.py:188} ERROR - spark-submit stderr | at org.apache.hadoop.fs.FileSystem$Cache.getInternal(FileSystem.java:3574)
[2025-12-06T05:58:11.268+0000] {spark_read_mongo_dag.py:188} ERROR - spark-submit stderr | at org.apache.hadoop.fs.FileSystem$Cache.get(FileSystem.java:3521)
[2025-12-06T05:58:11.268+0000] {spark_read_mongo_dag.py:188} ERROR - spark-submit stderr | at org.apache.hadoop.fs.FileSystem.get(FileSystem.java:540)
[2025-12-06T05:58:11.269+0000] {spark_read_mongo_dag.py:188} ERROR - spark-submit stderr | at org.apache.hadoop.fs.Path.getFileSystem(Path.java:365)
[2025-12-06T05:58:11.269+0000] {spark_read_mongo_dag.py:188} ERROR - spark-submit stderr | at org.apache.spark.sql.execution.datasources.DataSource.planForWritingFileFormat(DataSource.scala:454)
[2025-12-06T05:58:11.269+0000] {spark_read_mongo_dag.py:188} ERROR - spark-submit stderr | at org.apache.spark.sql.execution.datasources.DataSource.planForWriting(DataSource.scala:530)
[2025-12-06T05:58:11.270+0000] {spark_read_mongo_dag.py:188} ERROR - spark-submit stderr | at org.apache.spark.sql.DataFrameWriter.saveToV1Source(DataFrameWriter.scala:387)
[2025-12-06T05:58:11.270+0000] {spark_read_mongo_dag.py:188} ERROR - spark-submit stderr | at org.apache.spark.sql.DataFrameWriter.saveInternal(DataFrameWriter.scala:360)
[2025-12-06T05:58:11.270+0000] {spark_read_mongo_dag.py:188} ERROR - spark-submit stderr | at org.apache.spark.sql.DataFrameWriter.save(DataFrameWriter.scala:239)
[2025-12-06T05:58:11.270+0000] {spark_read_mongo_dag.py:188} ERROR - spark-submit stderr | at org.apache.spark.sql.DataFrameWriter.csv(DataFrameWriter.scala:847)
[2025-12-06T05:58:11.271+0000] {spark_read_mongo_dag.py:188} ERROR - spark-submit stderr | at java.base/jdk.internal.reflect.NativeMethodAccessorImpl.invoke0(Native Method)
[2025-12-06T05:58:11.271+0000] {spark_read_mongo_dag.py:188} ERROR - spark-submit stderr | at java.base/jdk.internal.reflect.NativeMethodAccessorImpl.invoke(NativeMethodAccessorImpl.java:77)
[2025-12-06T05:58:11.272+0000] {spark_read_mongo_dag.py:188} ERROR - spark-submit stderr | at java.base/jdk.internal.reflect.DelegatingMethodAccessorImpl.invoke(DelegatingMethodAccessorImpl.java:43)
[2025-12-06T05:58:11.272+0000] {spark_read_mongo_dag.py:188} ERROR - spark-submit stderr | at java.base/java.lang.reflect.Method.invoke(Method.java:569)
[2025-12-06T05:58:11.272+0000] {spark_read_mongo_dag.py:188} ERROR - spark-submit stderr | at py4j.reflection.MethodInvoker.invoke(MethodInvoker.java:244)
[2025-12-06T05:58:11.273+0000] {spark_read_mongo_dag.py:188} ERROR - spark-submit stderr | at py4j.reflection.ReflectionEngine.invoke(ReflectionEngine.java:374)
[2025-12-06T05:58:11.273+0000] {spark_read_mongo_dag.py:188} ERROR - spark-submit stderr | at py4j.Gateway.invoke(Gateway.java:282)
[2025-12-06T05:58:11.274+0000] {spark_read_mongo_dag.py:188} ERROR - spark-submit stderr | at py4j.commands.AbstractCommand.invokeMethod(AbstractCommand.java:132)
[2025-12-06T05:58:11.274+0000] {spark_read_mongo_dag.py:188} ERROR - spark-submit stderr | at py4j.commands.CallCommand.execute(CallCommand.java:79)
[2025-12-06T05:58:11.274+0000] {spark_read_mongo_dag.py:188} ERROR - spark-submit stderr | at py4j.ClientServerConnection.waitForCommands(ClientServerConnection.java:182)
[2025-12-06T05:58:11.275+0000] {spark_read_mongo_dag.py:188} ERROR - spark-submit stderr | at py4j.ClientServerConnection.run(ClientServerConnection.java:106)
[2025-12-06T05:58:11.275+0000] {spark_read_mongo_dag.py:188} ERROR - spark-submit stderr | at java.base/java.lang.Thread.run(Thread.java:840)
[2025-12-06T05:58:11.275+0000] {spark_read_mongo_dag.py:188} ERROR - spark-submit stderr | 25/12/06 05:58:10 INFO SparkContext: SparkContext is stopping with exitCode 0.
[2025-12-06T05:58:11.276+0000] {spark_read_mongo_dag.py:188} ERROR - spark-submit stderr | 25/12/06 05:58:10 INFO SparkUI: Stopped Spark web UI at http://fa5351f36d22:4040
[2025-12-06T05:58:11.276+0000] {spark_read_mongo_dag.py:188} ERROR - spark-submit stderr | 25/12/06 05:58:10 INFO MapOutputTrackerMasterEndpoint: MapOutputTrackerMasterEndpoint stopped!
[2025-12-06T05:58:11.277+0000] {spark_read_mongo_dag.py:188} ERROR - spark-submit stderr | 25/12/06 05:58:10 INFO MemoryStore: MemoryStore cleared
[2025-12-06T05:58:11.277+0000] {spark_read_mongo_dag.py:188} ERROR - spark-submit stderr | 25/12/06 05:58:10 INFO BlockManager: BlockManager stopped
[2025-12-06T05:58:11.277+0000] {spark_read_mongo_dag.py:188} ERROR - spark-submit stderr | 25/12/06 05:58:10 INFO BlockManagerMaster: BlockManagerMaster stopped
[2025-12-06T05:58:11.278+0000] {spark_read_mongo_dag.py:188} ERROR - spark-submit stderr | 25/12/06 05:58:10 INFO OutputCommitCoordinator$OutputCommitCoordinatorEndpoint: OutputCommitCoordinator stopped!
[2025-12-06T05:58:11.278+0000] {spark_read_mongo_dag.py:188} ERROR - spark-submit stderr | 25/12/06 05:58:10 INFO SparkContext: Successfully stopped SparkContext
[2025-12-06T05:58:11.279+0000] {spark_read_mongo_dag.py:188} ERROR - spark-submit stderr | 25/12/06 05:58:11 INFO ShutdownHookManager: Shutdown hook called
[2025-12-06T05:58:11.279+0000] {spark_read_mongo_dag.py:188} ERROR - spark-submit stderr | 25/12/06 05:58:11 INFO ShutdownHookManager: Deleting directory /tmp/spark-cc55f902-9998-47ce-8398-cb8d00489eac/pyspark-5c23fa99-c71d-4094-a11d-988282c649a3
[2025-12-06T05:58:11.279+0000] {spark_read_mongo_dag.py:188} ERROR - spark-submit stderr | 25/12/06 05:58:11 INFO ShutdownHookManager: Deleting directory /tmp/spark-cc55f902-9998-47ce-8398-cb8d00489eac
[2025-12-06T05:58:11.279+0000] {spark_read_mongo_dag.py:188} ERROR - spark-submit stderr | 25/12/06 05:58:11 INFO ShutdownHookManager: Deleting directory /tmp/spark-1858acaa-2eca-4698-a136-c7a944979bad
[2025-12-06T05:58:11.280+0000] {spark_read_mongo_dag.py:188} ERROR - spark-submit stderr | 25/12/06 05:58:11 INFO MetricsSystemImpl: Stopping s3a-file-system metrics system...
[2025-12-06T05:58:11.280+0000] {spark_read_mongo_dag.py:188} ERROR - spark-submit stderr | 25/12/06 05:58:11 INFO MetricsSystemImpl: s3a-file-system metrics system stopped.
[2025-12-06T05:58:11.281+0000] {spark_read_mongo_dag.py:188} ERROR - spark-submit stderr | 25/12/06 05:58:11 INFO MetricsSystemImpl: s3a-file-system metrics system shutdown complete.
[2025-12-06T05:58:11.281+0000] {spark_read_mongo_dag.py:193} INFO - END run_spark_job SUCCESS
[2025-12-06T05:58:11.281+0000] {python.py:237} INFO - Done. Returned value was: None
[2025-12-06T05:58:11.282+0000] {taskinstance.py:441} INFO - ::group::Post task execution logs
[2025-12-06T05:58:11.298+0000] {taskinstance.py:1206} INFO - Marking task as SUCCESS. dag_id=mongo_iceberg_dremio_dag, task_id=run_mongo_to_iceberg, run_id=manual__2025-12-06T05:57:28.524359+00:00, execution_date=20251206T055728, start_date=20251206T055729, end_date=20251206T055811
[2025-12-06T05:58:11.479+0000] {local_task_job_runner.py:240} INFO - Task exited with return code 0
[2025-12-06T05:58:11.540+0000] {taskinstance.py:3503} INFO - 1 downstream tasks scheduled from follow-on schedule check
[2025-12-06T05:58:11.582+0000] {local_task_job_runner.py:222} INFO - ::endgroup::
