[2025-12-06T07:14:53.121+0000] {local_task_job_runner.py:120} INFO - ::group::Pre task execution logs
[2025-12-06T07:14:53.176+0000] {taskinstance.py:2076} INFO - Dependencies all met for dep_context=non-requeueable deps ti=<TaskInstance: mongo_iceberg_dremio_dag.configure_dremio_source manual__2025-12-06T07:14:23.398976+00:00 [queued]>
[2025-12-06T07:14:53.183+0000] {taskinstance.py:2076} INFO - Dependencies all met for dep_context=requeueable deps ti=<TaskInstance: mongo_iceberg_dremio_dag.configure_dremio_source manual__2025-12-06T07:14:23.398976+00:00 [queued]>
[2025-12-06T07:14:53.185+0000] {taskinstance.py:2306} INFO - Starting attempt 1 of 1
[2025-12-06T07:14:53.234+0000] {taskinstance.py:2330} INFO - Executing <Task(PythonOperator): configure_dremio_source> on 2025-12-06 07:14:23.398976+00:00
[2025-12-06T07:14:53.240+0000] {standard_task_runner.py:63} INFO - Started process 1931 to run task
[2025-12-06T07:14:53.245+0000] {standard_task_runner.py:90} INFO - Running: ['***', 'tasks', 'run', 'mongo_iceberg_dremio_dag', 'configure_dremio_source', 'manual__2025-12-06T07:14:23.398976+00:00', '--job-id', '52', '--raw', '--subdir', 'DAGS_FOLDER/spark_read_mongo_dag.py', '--cfg-path', '/tmp/tmpa8dtc415']
[2025-12-06T07:14:53.248+0000] {standard_task_runner.py:91} INFO - Job 52: Subtask configure_dremio_source
[2025-12-06T07:14:53.351+0000] {task_command.py:426} INFO - Running <TaskInstance: mongo_iceberg_dremio_dag.configure_dremio_source manual__2025-12-06T07:14:23.398976+00:00 [running]> on host 895e81bfa4e0
[2025-12-06T07:14:53.501+0000] {taskinstance.py:2648} INFO - Exporting env vars: AIRFLOW_CTX_DAG_OWNER='deeku' AIRFLOW_CTX_DAG_ID='mongo_iceberg_dremio_dag' AIRFLOW_CTX_TASK_ID='configure_dremio_source' AIRFLOW_CTX_EXECUTION_DATE='2025-12-06T07:14:23.398976+00:00' AIRFLOW_CTX_TRY_NUMBER='1' AIRFLOW_CTX_DAG_RUN_ID='manual__2025-12-06T07:14:23.398976+00:00'
[2025-12-06T07:14:53.504+0000] {taskinstance.py:430} INFO - ::endgroup::
[2025-12-06T07:14:53.516+0000] {spark_read_mongo_dag.py:246} INFO - create_dremio_iceberg_source: start (secret-format probing)
[2025-12-06T07:14:53.606+0000] {spark_read_mongo_dag.py:345} INFO - Dremio source exists=False id=None
[2025-12-06T07:14:53.684+0000] {spark_read_mongo_dag.py:367} INFO - Trying POST nessieUri=http://nessie:19120/api/v2 auth=None secretVariant=secretPropertyList
[2025-12-06T07:14:53.691+0000] {spark_read_mongo_dag.py:374} INFO - Response for (uri=http://nessie:19120/api/v2, auth=None, secret=secretPropertyList): 400 {"errorMessage":"Invalid value found at: isRecursiveAllowedNamespaces","moreInfo":"","stackTrace":[]}
[2025-12-06T07:14:53.692+0000] {spark_read_mongo_dag.py:367} INFO - Trying POST nessieUri=http://nessie:19120/api/v2 auth=None secretVariant=propertyList_s3a_keys
[2025-12-06T07:14:53.699+0000] {spark_read_mongo_dag.py:374} INFO - Response for (uri=http://nessie:19120/api/v2, auth=None, secret=propertyList_s3a_keys): 400 {"errorMessage":"Invalid value found at: isRecursiveAllowedNamespaces","moreInfo":"","stackTrace":[]}
[2025-12-06T07:14:53.699+0000] {spark_read_mongo_dag.py:367} INFO - Trying POST nessieUri=http://nessie:19120/api/v2 auth=None secretVariant=propertyList_access_secret
[2025-12-06T07:14:53.706+0000] {spark_read_mongo_dag.py:374} INFO - Response for (uri=http://nessie:19120/api/v2, auth=None, secret=propertyList_access_secret): 400 {"errorMessage":"Invalid value found at: isRecursiveAllowedNamespaces","moreInfo":"","stackTrace":[]}
[2025-12-06T07:14:53.707+0000] {spark_read_mongo_dag.py:367} INFO - Trying POST nessieUri=http://nessie:19120/api/v2 auth=None secretVariant=credentials_object
[2025-12-06T07:14:53.714+0000] {spark_read_mongo_dag.py:374} INFO - Response for (uri=http://nessie:19120/api/v2, auth=None, secret=credentials_object): 400 {"errorMessage":"Invalid value found at: isRecursiveAllowedNamespaces","moreInfo":"","stackTrace":[]}
[2025-12-06T07:14:53.715+0000] {spark_read_mongo_dag.py:367} INFO - Trying POST nessieUri=http://nessie:19120/api/v2 auth=NO_AUTH secretVariant=secretPropertyList
[2025-12-06T07:14:53.721+0000] {spark_read_mongo_dag.py:374} INFO - Response for (uri=http://nessie:19120/api/v2, auth=NO_AUTH, secret=secretPropertyList): 400 {"errorMessage":"Invalid value found at: isRecursiveAllowedNamespaces","moreInfo":"","stackTrace":[]}
[2025-12-06T07:14:53.722+0000] {spark_read_mongo_dag.py:367} INFO - Trying POST nessieUri=http://nessie:19120/api/v2 auth=NO_AUTH secretVariant=propertyList_s3a_keys
[2025-12-06T07:14:53.728+0000] {spark_read_mongo_dag.py:374} INFO - Response for (uri=http://nessie:19120/api/v2, auth=NO_AUTH, secret=propertyList_s3a_keys): 400 {"errorMessage":"Invalid value found at: isRecursiveAllowedNamespaces","moreInfo":"","stackTrace":[]}
[2025-12-06T07:14:53.729+0000] {spark_read_mongo_dag.py:367} INFO - Trying POST nessieUri=http://nessie:19120/api/v2 auth=NO_AUTH secretVariant=propertyList_access_secret
[2025-12-06T07:14:53.735+0000] {spark_read_mongo_dag.py:374} INFO - Response for (uri=http://nessie:19120/api/v2, auth=NO_AUTH, secret=propertyList_access_secret): 400 {"errorMessage":"Invalid value found at: isRecursiveAllowedNamespaces","moreInfo":"","stackTrace":[]}
[2025-12-06T07:14:53.736+0000] {spark_read_mongo_dag.py:367} INFO - Trying POST nessieUri=http://nessie:19120/api/v2 auth=NO_AUTH secretVariant=credentials_object
[2025-12-06T07:14:53.743+0000] {spark_read_mongo_dag.py:374} INFO - Response for (uri=http://nessie:19120/api/v2, auth=NO_AUTH, secret=credentials_object): 400 {"errorMessage":"Invalid value found at: isRecursiveAllowedNamespaces","moreInfo":"","stackTrace":[]}
[2025-12-06T07:14:53.743+0000] {spark_read_mongo_dag.py:367} INFO - Trying POST nessieUri=http://nessie:19120/api/v2 auth=NONE secretVariant=secretPropertyList
[2025-12-06T07:14:53.750+0000] {spark_read_mongo_dag.py:374} INFO - Response for (uri=http://nessie:19120/api/v2, auth=NONE, secret=secretPropertyList): 400 {"errorMessage":"Invalid value found at: isRecursiveAllowedNamespaces","moreInfo":"","stackTrace":[]}
[2025-12-06T07:14:53.751+0000] {spark_read_mongo_dag.py:367} INFO - Trying POST nessieUri=http://nessie:19120/api/v2 auth=NONE secretVariant=propertyList_s3a_keys
[2025-12-06T07:14:53.758+0000] {spark_read_mongo_dag.py:374} INFO - Response for (uri=http://nessie:19120/api/v2, auth=NONE, secret=propertyList_s3a_keys): 400 {"errorMessage":"Invalid value found at: isRecursiveAllowedNamespaces","moreInfo":"","stackTrace":[]}
[2025-12-06T07:14:53.759+0000] {spark_read_mongo_dag.py:367} INFO - Trying POST nessieUri=http://nessie:19120/api/v2 auth=NONE secretVariant=propertyList_access_secret
[2025-12-06T07:14:53.765+0000] {spark_read_mongo_dag.py:374} INFO - Response for (uri=http://nessie:19120/api/v2, auth=NONE, secret=propertyList_access_secret): 400 {"errorMessage":"Invalid value found at: isRecursiveAllowedNamespaces","moreInfo":"","stackTrace":[]}
[2025-12-06T07:14:53.766+0000] {spark_read_mongo_dag.py:367} INFO - Trying POST nessieUri=http://nessie:19120/api/v2 auth=NONE secretVariant=credentials_object
[2025-12-06T07:14:53.773+0000] {spark_read_mongo_dag.py:374} INFO - Response for (uri=http://nessie:19120/api/v2, auth=NONE, secret=credentials_object): 400 {"errorMessage":"Invalid value found at: isRecursiveAllowedNamespaces","moreInfo":"","stackTrace":[]}
[2025-12-06T07:14:53.773+0000] {spark_read_mongo_dag.py:367} INFO - Trying POST nessieUri=http://nessie:19120/api/v2/ auth=None secretVariant=secretPropertyList
[2025-12-06T07:14:53.794+0000] {spark_read_mongo_dag.py:374} INFO - Response for (uri=http://nessie:19120/api/v2/, auth=None, secret=secretPropertyList): 400 {"errorMessage":"Invalid value found at: isRecursiveAllowedNamespaces","moreInfo":"","stackTrace":[]}
[2025-12-06T07:14:53.795+0000] {spark_read_mongo_dag.py:367} INFO - Trying POST nessieUri=http://nessie:19120/api/v2/ auth=None secretVariant=propertyList_s3a_keys
[2025-12-06T07:14:53.803+0000] {spark_read_mongo_dag.py:374} INFO - Response for (uri=http://nessie:19120/api/v2/, auth=None, secret=propertyList_s3a_keys): 400 {"errorMessage":"Invalid value found at: isRecursiveAllowedNamespaces","moreInfo":"","stackTrace":[]}
[2025-12-06T07:14:53.804+0000] {spark_read_mongo_dag.py:367} INFO - Trying POST nessieUri=http://nessie:19120/api/v2/ auth=None secretVariant=propertyList_access_secret
[2025-12-06T07:14:53.811+0000] {spark_read_mongo_dag.py:374} INFO - Response for (uri=http://nessie:19120/api/v2/, auth=None, secret=propertyList_access_secret): 400 {"errorMessage":"Invalid value found at: isRecursiveAllowedNamespaces","moreInfo":"","stackTrace":[]}
[2025-12-06T07:14:53.812+0000] {spark_read_mongo_dag.py:367} INFO - Trying POST nessieUri=http://nessie:19120/api/v2/ auth=None secretVariant=credentials_object
[2025-12-06T07:14:53.821+0000] {spark_read_mongo_dag.py:374} INFO - Response for (uri=http://nessie:19120/api/v2/, auth=None, secret=credentials_object): 400 {"errorMessage":"Invalid value found at: isRecursiveAllowedNamespaces","moreInfo":"","stackTrace":[]}
[2025-12-06T07:14:53.822+0000] {spark_read_mongo_dag.py:367} INFO - Trying POST nessieUri=http://nessie:19120/api/v2/ auth=NO_AUTH secretVariant=secretPropertyList
[2025-12-06T07:14:53.833+0000] {spark_read_mongo_dag.py:374} INFO - Response for (uri=http://nessie:19120/api/v2/, auth=NO_AUTH, secret=secretPropertyList): 400 {"errorMessage":"Invalid value found at: isRecursiveAllowedNamespaces","moreInfo":"","stackTrace":[]}
[2025-12-06T07:14:53.834+0000] {spark_read_mongo_dag.py:367} INFO - Trying POST nessieUri=http://nessie:19120/api/v2/ auth=NO_AUTH secretVariant=propertyList_s3a_keys
[2025-12-06T07:14:53.841+0000] {spark_read_mongo_dag.py:374} INFO - Response for (uri=http://nessie:19120/api/v2/, auth=NO_AUTH, secret=propertyList_s3a_keys): 400 {"errorMessage":"Invalid value found at: isRecursiveAllowedNamespaces","moreInfo":"","stackTrace":[]}
[2025-12-06T07:14:53.842+0000] {spark_read_mongo_dag.py:367} INFO - Trying POST nessieUri=http://nessie:19120/api/v2/ auth=NO_AUTH secretVariant=propertyList_access_secret
[2025-12-06T07:14:53.850+0000] {spark_read_mongo_dag.py:374} INFO - Response for (uri=http://nessie:19120/api/v2/, auth=NO_AUTH, secret=propertyList_access_secret): 400 {"errorMessage":"Invalid value found at: isRecursiveAllowedNamespaces","moreInfo":"","stackTrace":[]}
[2025-12-06T07:14:53.851+0000] {spark_read_mongo_dag.py:367} INFO - Trying POST nessieUri=http://nessie:19120/api/v2/ auth=NO_AUTH secretVariant=credentials_object
[2025-12-06T07:14:53.859+0000] {spark_read_mongo_dag.py:374} INFO - Response for (uri=http://nessie:19120/api/v2/, auth=NO_AUTH, secret=credentials_object): 400 {"errorMessage":"Invalid value found at: isRecursiveAllowedNamespaces","moreInfo":"","stackTrace":[]}
[2025-12-06T07:14:53.860+0000] {spark_read_mongo_dag.py:367} INFO - Trying POST nessieUri=http://nessie:19120/api/v2/ auth=NONE secretVariant=secretPropertyList
[2025-12-06T07:14:53.866+0000] {spark_read_mongo_dag.py:374} INFO - Response for (uri=http://nessie:19120/api/v2/, auth=NONE, secret=secretPropertyList): 400 {"errorMessage":"Invalid value found at: isRecursiveAllowedNamespaces","moreInfo":"","stackTrace":[]}
[2025-12-06T07:14:53.867+0000] {spark_read_mongo_dag.py:367} INFO - Trying POST nessieUri=http://nessie:19120/api/v2/ auth=NONE secretVariant=propertyList_s3a_keys
[2025-12-06T07:14:53.873+0000] {spark_read_mongo_dag.py:374} INFO - Response for (uri=http://nessie:19120/api/v2/, auth=NONE, secret=propertyList_s3a_keys): 400 {"errorMessage":"Invalid value found at: isRecursiveAllowedNamespaces","moreInfo":"","stackTrace":[]}
[2025-12-06T07:14:53.874+0000] {spark_read_mongo_dag.py:367} INFO - Trying POST nessieUri=http://nessie:19120/api/v2/ auth=NONE secretVariant=propertyList_access_secret
[2025-12-06T07:14:53.881+0000] {spark_read_mongo_dag.py:374} INFO - Response for (uri=http://nessie:19120/api/v2/, auth=NONE, secret=propertyList_access_secret): 400 {"errorMessage":"Invalid value found at: isRecursiveAllowedNamespaces","moreInfo":"","stackTrace":[]}
[2025-12-06T07:14:53.884+0000] {spark_read_mongo_dag.py:367} INFO - Trying POST nessieUri=http://nessie:19120/api/v2/ auth=NONE secretVariant=credentials_object
[2025-12-06T07:14:53.891+0000] {spark_read_mongo_dag.py:374} INFO - Response for (uri=http://nessie:19120/api/v2/, auth=NONE, secret=credentials_object): 400 {"errorMessage":"Invalid value found at: isRecursiveAllowedNamespaces","moreInfo":"","stackTrace":[]}
[2025-12-06T07:14:53.892+0000] {spark_read_mongo_dag.py:367} INFO - Trying POST nessieUri=http://nessie:19120/api/v2/trees auth=None secretVariant=secretPropertyList
[2025-12-06T07:14:53.899+0000] {spark_read_mongo_dag.py:374} INFO - Response for (uri=http://nessie:19120/api/v2/trees, auth=None, secret=secretPropertyList): 400 {"errorMessage":"Invalid value found at: isRecursiveAllowedNamespaces","moreInfo":"","stackTrace":[]}
[2025-12-06T07:14:53.900+0000] {spark_read_mongo_dag.py:367} INFO - Trying POST nessieUri=http://nessie:19120/api/v2/trees auth=None secretVariant=propertyList_s3a_keys
[2025-12-06T07:14:53.906+0000] {spark_read_mongo_dag.py:374} INFO - Response for (uri=http://nessie:19120/api/v2/trees, auth=None, secret=propertyList_s3a_keys): 400 {"errorMessage":"Invalid value found at: isRecursiveAllowedNamespaces","moreInfo":"","stackTrace":[]}
[2025-12-06T07:14:53.907+0000] {spark_read_mongo_dag.py:367} INFO - Trying POST nessieUri=http://nessie:19120/api/v2/trees auth=None secretVariant=propertyList_access_secret
[2025-12-06T07:14:53.913+0000] {spark_read_mongo_dag.py:374} INFO - Response for (uri=http://nessie:19120/api/v2/trees, auth=None, secret=propertyList_access_secret): 400 {"errorMessage":"Invalid value found at: isRecursiveAllowedNamespaces","moreInfo":"","stackTrace":[]}
[2025-12-06T07:14:53.914+0000] {spark_read_mongo_dag.py:367} INFO - Trying POST nessieUri=http://nessie:19120/api/v2/trees auth=None secretVariant=credentials_object
[2025-12-06T07:14:53.920+0000] {spark_read_mongo_dag.py:374} INFO - Response for (uri=http://nessie:19120/api/v2/trees, auth=None, secret=credentials_object): 400 {"errorMessage":"Invalid value found at: isRecursiveAllowedNamespaces","moreInfo":"","stackTrace":[]}
[2025-12-06T07:14:53.921+0000] {spark_read_mongo_dag.py:367} INFO - Trying POST nessieUri=http://nessie:19120/api/v2/trees auth=NO_AUTH secretVariant=secretPropertyList
[2025-12-06T07:14:53.928+0000] {spark_read_mongo_dag.py:374} INFO - Response for (uri=http://nessie:19120/api/v2/trees, auth=NO_AUTH, secret=secretPropertyList): 400 {"errorMessage":"Invalid value found at: isRecursiveAllowedNamespaces","moreInfo":"","stackTrace":[]}
[2025-12-06T07:14:53.929+0000] {spark_read_mongo_dag.py:367} INFO - Trying POST nessieUri=http://nessie:19120/api/v2/trees auth=NO_AUTH secretVariant=propertyList_s3a_keys
[2025-12-06T07:14:53.936+0000] {spark_read_mongo_dag.py:374} INFO - Response for (uri=http://nessie:19120/api/v2/trees, auth=NO_AUTH, secret=propertyList_s3a_keys): 400 {"errorMessage":"Invalid value found at: isRecursiveAllowedNamespaces","moreInfo":"","stackTrace":[]}
[2025-12-06T07:14:53.940+0000] {spark_read_mongo_dag.py:367} INFO - Trying POST nessieUri=http://nessie:19120/api/v2/trees auth=NO_AUTH secretVariant=propertyList_access_secret
[2025-12-06T07:14:53.947+0000] {spark_read_mongo_dag.py:374} INFO - Response for (uri=http://nessie:19120/api/v2/trees, auth=NO_AUTH, secret=propertyList_access_secret): 400 {"errorMessage":"Invalid value found at: isRecursiveAllowedNamespaces","moreInfo":"","stackTrace":[]}
[2025-12-06T07:14:53.948+0000] {spark_read_mongo_dag.py:367} INFO - Trying POST nessieUri=http://nessie:19120/api/v2/trees auth=NO_AUTH secretVariant=credentials_object
[2025-12-06T07:14:53.954+0000] {spark_read_mongo_dag.py:374} INFO - Response for (uri=http://nessie:19120/api/v2/trees, auth=NO_AUTH, secret=credentials_object): 400 {"errorMessage":"Invalid value found at: isRecursiveAllowedNamespaces","moreInfo":"","stackTrace":[]}
[2025-12-06T07:14:53.956+0000] {spark_read_mongo_dag.py:367} INFO - Trying POST nessieUri=http://nessie:19120/api/v2/trees auth=NONE secretVariant=secretPropertyList
[2025-12-06T07:14:53.963+0000] {spark_read_mongo_dag.py:374} INFO - Response for (uri=http://nessie:19120/api/v2/trees, auth=NONE, secret=secretPropertyList): 400 {"errorMessage":"Invalid value found at: isRecursiveAllowedNamespaces","moreInfo":"","stackTrace":[]}
[2025-12-06T07:14:53.964+0000] {spark_read_mongo_dag.py:367} INFO - Trying POST nessieUri=http://nessie:19120/api/v2/trees auth=NONE secretVariant=propertyList_s3a_keys
[2025-12-06T07:14:53.973+0000] {spark_read_mongo_dag.py:374} INFO - Response for (uri=http://nessie:19120/api/v2/trees, auth=NONE, secret=propertyList_s3a_keys): 400 {"errorMessage":"Invalid value found at: isRecursiveAllowedNamespaces","moreInfo":"","stackTrace":[]}
[2025-12-06T07:14:53.974+0000] {spark_read_mongo_dag.py:367} INFO - Trying POST nessieUri=http://nessie:19120/api/v2/trees auth=NONE secretVariant=propertyList_access_secret
[2025-12-06T07:14:53.983+0000] {spark_read_mongo_dag.py:374} INFO - Response for (uri=http://nessie:19120/api/v2/trees, auth=NONE, secret=propertyList_access_secret): 400 {"errorMessage":"Invalid value found at: isRecursiveAllowedNamespaces","moreInfo":"","stackTrace":[]}
[2025-12-06T07:14:53.983+0000] {spark_read_mongo_dag.py:367} INFO - Trying POST nessieUri=http://nessie:19120/api/v2/trees auth=NONE secretVariant=credentials_object
[2025-12-06T07:14:53.992+0000] {spark_read_mongo_dag.py:374} INFO - Response for (uri=http://nessie:19120/api/v2/trees, auth=NONE, secret=credentials_object): 400 {"errorMessage":"Invalid value found at: isRecursiveAllowedNamespaces","moreInfo":"","stackTrace":[]}
[2025-12-06T07:14:53.992+0000] {spark_read_mongo_dag.py:367} INFO - Trying POST nessieUri=http://nessie:19120/api/v2/trees/ auth=None secretVariant=secretPropertyList
[2025-12-06T07:14:54.000+0000] {spark_read_mongo_dag.py:374} INFO - Response for (uri=http://nessie:19120/api/v2/trees/, auth=None, secret=secretPropertyList): 400 {"errorMessage":"Invalid value found at: isRecursiveAllowedNamespaces","moreInfo":"","stackTrace":[]}
[2025-12-06T07:14:54.001+0000] {spark_read_mongo_dag.py:367} INFO - Trying POST nessieUri=http://nessie:19120/api/v2/trees/ auth=None secretVariant=propertyList_s3a_keys
[2025-12-06T07:14:54.008+0000] {spark_read_mongo_dag.py:374} INFO - Response for (uri=http://nessie:19120/api/v2/trees/, auth=None, secret=propertyList_s3a_keys): 400 {"errorMessage":"Invalid value found at: isRecursiveAllowedNamespaces","moreInfo":"","stackTrace":[]}
[2025-12-06T07:14:54.008+0000] {spark_read_mongo_dag.py:367} INFO - Trying POST nessieUri=http://nessie:19120/api/v2/trees/ auth=None secretVariant=propertyList_access_secret
[2025-12-06T07:14:54.015+0000] {spark_read_mongo_dag.py:374} INFO - Response for (uri=http://nessie:19120/api/v2/trees/, auth=None, secret=propertyList_access_secret): 400 {"errorMessage":"Invalid value found at: isRecursiveAllowedNamespaces","moreInfo":"","stackTrace":[]}
[2025-12-06T07:14:54.016+0000] {spark_read_mongo_dag.py:367} INFO - Trying POST nessieUri=http://nessie:19120/api/v2/trees/ auth=None secretVariant=credentials_object
[2025-12-06T07:14:54.022+0000] {spark_read_mongo_dag.py:374} INFO - Response for (uri=http://nessie:19120/api/v2/trees/, auth=None, secret=credentials_object): 400 {"errorMessage":"Invalid value found at: isRecursiveAllowedNamespaces","moreInfo":"","stackTrace":[]}
[2025-12-06T07:14:54.023+0000] {spark_read_mongo_dag.py:367} INFO - Trying POST nessieUri=http://nessie:19120/api/v2/trees/ auth=NO_AUTH secretVariant=secretPropertyList
[2025-12-06T07:14:54.029+0000] {spark_read_mongo_dag.py:374} INFO - Response for (uri=http://nessie:19120/api/v2/trees/, auth=NO_AUTH, secret=secretPropertyList): 400 {"errorMessage":"Invalid value found at: isRecursiveAllowedNamespaces","moreInfo":"","stackTrace":[]}
[2025-12-06T07:14:54.029+0000] {spark_read_mongo_dag.py:367} INFO - Trying POST nessieUri=http://nessie:19120/api/v2/trees/ auth=NO_AUTH secretVariant=propertyList_s3a_keys
[2025-12-06T07:14:54.036+0000] {spark_read_mongo_dag.py:374} INFO - Response for (uri=http://nessie:19120/api/v2/trees/, auth=NO_AUTH, secret=propertyList_s3a_keys): 400 {"errorMessage":"Invalid value found at: isRecursiveAllowedNamespaces","moreInfo":"","stackTrace":[]}
[2025-12-06T07:14:54.037+0000] {spark_read_mongo_dag.py:367} INFO - Trying POST nessieUri=http://nessie:19120/api/v2/trees/ auth=NO_AUTH secretVariant=propertyList_access_secret
[2025-12-06T07:14:54.043+0000] {spark_read_mongo_dag.py:374} INFO - Response for (uri=http://nessie:19120/api/v2/trees/, auth=NO_AUTH, secret=propertyList_access_secret): 400 {"errorMessage":"Invalid value found at: isRecursiveAllowedNamespaces","moreInfo":"","stackTrace":[]}
[2025-12-06T07:14:54.044+0000] {spark_read_mongo_dag.py:367} INFO - Trying POST nessieUri=http://nessie:19120/api/v2/trees/ auth=NO_AUTH secretVariant=credentials_object
[2025-12-06T07:14:54.050+0000] {spark_read_mongo_dag.py:374} INFO - Response for (uri=http://nessie:19120/api/v2/trees/, auth=NO_AUTH, secret=credentials_object): 400 {"errorMessage":"Invalid value found at: isRecursiveAllowedNamespaces","moreInfo":"","stackTrace":[]}
[2025-12-06T07:14:54.051+0000] {spark_read_mongo_dag.py:367} INFO - Trying POST nessieUri=http://nessie:19120/api/v2/trees/ auth=NONE secretVariant=secretPropertyList
[2025-12-06T07:14:54.057+0000] {spark_read_mongo_dag.py:374} INFO - Response for (uri=http://nessie:19120/api/v2/trees/, auth=NONE, secret=secretPropertyList): 400 {"errorMessage":"Invalid value found at: isRecursiveAllowedNamespaces","moreInfo":"","stackTrace":[]}
[2025-12-06T07:14:54.058+0000] {spark_read_mongo_dag.py:367} INFO - Trying POST nessieUri=http://nessie:19120/api/v2/trees/ auth=NONE secretVariant=propertyList_s3a_keys
[2025-12-06T07:14:54.064+0000] {spark_read_mongo_dag.py:374} INFO - Response for (uri=http://nessie:19120/api/v2/trees/, auth=NONE, secret=propertyList_s3a_keys): 400 {"errorMessage":"Invalid value found at: isRecursiveAllowedNamespaces","moreInfo":"","stackTrace":[]}
[2025-12-06T07:14:54.065+0000] {spark_read_mongo_dag.py:367} INFO - Trying POST nessieUri=http://nessie:19120/api/v2/trees/ auth=NONE secretVariant=propertyList_access_secret
[2025-12-06T07:14:54.072+0000] {spark_read_mongo_dag.py:374} INFO - Response for (uri=http://nessie:19120/api/v2/trees/, auth=NONE, secret=propertyList_access_secret): 400 {"errorMessage":"Invalid value found at: isRecursiveAllowedNamespaces","moreInfo":"","stackTrace":[]}
[2025-12-06T07:14:54.072+0000] {spark_read_mongo_dag.py:367} INFO - Trying POST nessieUri=http://nessie:19120/api/v2/trees/ auth=NONE secretVariant=credentials_object
[2025-12-06T07:14:54.079+0000] {spark_read_mongo_dag.py:374} INFO - Response for (uri=http://nessie:19120/api/v2/trees/, auth=NONE, secret=credentials_object): 400 {"errorMessage":"Invalid value found at: isRecursiveAllowedNamespaces","moreInfo":"","stackTrace":[]}
[2025-12-06T07:14:54.080+0000] {spark_read_mongo_dag.py:367} INFO - Trying POST nessieUri=http://nessie:19120/api/v2/refs auth=None secretVariant=secretPropertyList
[2025-12-06T07:14:54.097+0000] {spark_read_mongo_dag.py:374} INFO - Response for (uri=http://nessie:19120/api/v2/refs, auth=None, secret=secretPropertyList): 400 {"errorMessage":"Invalid value found at: isRecursiveAllowedNamespaces","moreInfo":"","stackTrace":[]}
[2025-12-06T07:14:54.097+0000] {spark_read_mongo_dag.py:367} INFO - Trying POST nessieUri=http://nessie:19120/api/v2/refs auth=None secretVariant=propertyList_s3a_keys
[2025-12-06T07:14:54.104+0000] {spark_read_mongo_dag.py:374} INFO - Response for (uri=http://nessie:19120/api/v2/refs, auth=None, secret=propertyList_s3a_keys): 400 {"errorMessage":"Invalid value found at: isRecursiveAllowedNamespaces","moreInfo":"","stackTrace":[]}
[2025-12-06T07:14:54.105+0000] {spark_read_mongo_dag.py:367} INFO - Trying POST nessieUri=http://nessie:19120/api/v2/refs auth=None secretVariant=propertyList_access_secret
[2025-12-06T07:14:54.111+0000] {spark_read_mongo_dag.py:374} INFO - Response for (uri=http://nessie:19120/api/v2/refs, auth=None, secret=propertyList_access_secret): 400 {"errorMessage":"Invalid value found at: isRecursiveAllowedNamespaces","moreInfo":"","stackTrace":[]}
[2025-12-06T07:14:54.112+0000] {spark_read_mongo_dag.py:367} INFO - Trying POST nessieUri=http://nessie:19120/api/v2/refs auth=None secretVariant=credentials_object
[2025-12-06T07:14:54.119+0000] {spark_read_mongo_dag.py:374} INFO - Response for (uri=http://nessie:19120/api/v2/refs, auth=None, secret=credentials_object): 400 {"errorMessage":"Invalid value found at: isRecursiveAllowedNamespaces","moreInfo":"","stackTrace":[]}
[2025-12-06T07:14:54.119+0000] {spark_read_mongo_dag.py:367} INFO - Trying POST nessieUri=http://nessie:19120/api/v2/refs auth=NO_AUTH secretVariant=secretPropertyList
[2025-12-06T07:14:54.127+0000] {spark_read_mongo_dag.py:374} INFO - Response for (uri=http://nessie:19120/api/v2/refs, auth=NO_AUTH, secret=secretPropertyList): 400 {"errorMessage":"Invalid value found at: isRecursiveAllowedNamespaces","moreInfo":"","stackTrace":[]}
[2025-12-06T07:14:54.127+0000] {spark_read_mongo_dag.py:367} INFO - Trying POST nessieUri=http://nessie:19120/api/v2/refs auth=NO_AUTH secretVariant=propertyList_s3a_keys
[2025-12-06T07:14:54.134+0000] {spark_read_mongo_dag.py:374} INFO - Response for (uri=http://nessie:19120/api/v2/refs, auth=NO_AUTH, secret=propertyList_s3a_keys): 400 {"errorMessage":"Invalid value found at: isRecursiveAllowedNamespaces","moreInfo":"","stackTrace":[]}
[2025-12-06T07:14:54.134+0000] {spark_read_mongo_dag.py:367} INFO - Trying POST nessieUri=http://nessie:19120/api/v2/refs auth=NO_AUTH secretVariant=propertyList_access_secret
[2025-12-06T07:14:54.141+0000] {spark_read_mongo_dag.py:374} INFO - Response for (uri=http://nessie:19120/api/v2/refs, auth=NO_AUTH, secret=propertyList_access_secret): 400 {"errorMessage":"Invalid value found at: isRecursiveAllowedNamespaces","moreInfo":"","stackTrace":[]}
[2025-12-06T07:14:54.142+0000] {spark_read_mongo_dag.py:367} INFO - Trying POST nessieUri=http://nessie:19120/api/v2/refs auth=NO_AUTH secretVariant=credentials_object
[2025-12-06T07:14:54.149+0000] {spark_read_mongo_dag.py:374} INFO - Response for (uri=http://nessie:19120/api/v2/refs, auth=NO_AUTH, secret=credentials_object): 400 {"errorMessage":"Invalid value found at: isRecursiveAllowedNamespaces","moreInfo":"","stackTrace":[]}
[2025-12-06T07:14:54.150+0000] {spark_read_mongo_dag.py:367} INFO - Trying POST nessieUri=http://nessie:19120/api/v2/refs auth=NONE secretVariant=secretPropertyList
[2025-12-06T07:14:54.156+0000] {spark_read_mongo_dag.py:374} INFO - Response for (uri=http://nessie:19120/api/v2/refs, auth=NONE, secret=secretPropertyList): 400 {"errorMessage":"Invalid value found at: isRecursiveAllowedNamespaces","moreInfo":"","stackTrace":[]}
[2025-12-06T07:14:54.157+0000] {spark_read_mongo_dag.py:367} INFO - Trying POST nessieUri=http://nessie:19120/api/v2/refs auth=NONE secretVariant=propertyList_s3a_keys
[2025-12-06T07:14:54.164+0000] {spark_read_mongo_dag.py:374} INFO - Response for (uri=http://nessie:19120/api/v2/refs, auth=NONE, secret=propertyList_s3a_keys): 400 {"errorMessage":"Invalid value found at: isRecursiveAllowedNamespaces","moreInfo":"","stackTrace":[]}
[2025-12-06T07:14:54.164+0000] {spark_read_mongo_dag.py:367} INFO - Trying POST nessieUri=http://nessie:19120/api/v2/refs auth=NONE secretVariant=propertyList_access_secret
[2025-12-06T07:14:54.170+0000] {spark_read_mongo_dag.py:374} INFO - Response for (uri=http://nessie:19120/api/v2/refs, auth=NONE, secret=propertyList_access_secret): 400 {"errorMessage":"Invalid value found at: isRecursiveAllowedNamespaces","moreInfo":"","stackTrace":[]}
[2025-12-06T07:14:54.171+0000] {spark_read_mongo_dag.py:367} INFO - Trying POST nessieUri=http://nessie:19120/api/v2/refs auth=NONE secretVariant=credentials_object
[2025-12-06T07:14:54.177+0000] {spark_read_mongo_dag.py:374} INFO - Response for (uri=http://nessie:19120/api/v2/refs, auth=NONE, secret=credentials_object): 400 {"errorMessage":"Invalid value found at: isRecursiveAllowedNamespaces","moreInfo":"","stackTrace":[]}
[2025-12-06T07:14:54.178+0000] {spark_read_mongo_dag.py:367} INFO - Trying POST nessieUri=http://nessie:19120/api/v2/refs/ auth=None secretVariant=secretPropertyList
[2025-12-06T07:14:54.184+0000] {spark_read_mongo_dag.py:374} INFO - Response for (uri=http://nessie:19120/api/v2/refs/, auth=None, secret=secretPropertyList): 400 {"errorMessage":"Invalid value found at: isRecursiveAllowedNamespaces","moreInfo":"","stackTrace":[]}
[2025-12-06T07:14:54.184+0000] {spark_read_mongo_dag.py:367} INFO - Trying POST nessieUri=http://nessie:19120/api/v2/refs/ auth=None secretVariant=propertyList_s3a_keys
[2025-12-06T07:14:54.190+0000] {spark_read_mongo_dag.py:374} INFO - Response for (uri=http://nessie:19120/api/v2/refs/, auth=None, secret=propertyList_s3a_keys): 400 {"errorMessage":"Invalid value found at: isRecursiveAllowedNamespaces","moreInfo":"","stackTrace":[]}
[2025-12-06T07:14:54.191+0000] {spark_read_mongo_dag.py:367} INFO - Trying POST nessieUri=http://nessie:19120/api/v2/refs/ auth=None secretVariant=propertyList_access_secret
[2025-12-06T07:14:54.199+0000] {spark_read_mongo_dag.py:374} INFO - Response for (uri=http://nessie:19120/api/v2/refs/, auth=None, secret=propertyList_access_secret): 400 {"errorMessage":"Invalid value found at: isRecursiveAllowedNamespaces","moreInfo":"","stackTrace":[]}
[2025-12-06T07:14:54.200+0000] {spark_read_mongo_dag.py:367} INFO - Trying POST nessieUri=http://nessie:19120/api/v2/refs/ auth=None secretVariant=credentials_object
[2025-12-06T07:14:54.207+0000] {spark_read_mongo_dag.py:374} INFO - Response for (uri=http://nessie:19120/api/v2/refs/, auth=None, secret=credentials_object): 400 {"errorMessage":"Invalid value found at: isRecursiveAllowedNamespaces","moreInfo":"","stackTrace":[]}
[2025-12-06T07:14:54.208+0000] {spark_read_mongo_dag.py:367} INFO - Trying POST nessieUri=http://nessie:19120/api/v2/refs/ auth=NO_AUTH secretVariant=secretPropertyList
[2025-12-06T07:14:54.215+0000] {spark_read_mongo_dag.py:374} INFO - Response for (uri=http://nessie:19120/api/v2/refs/, auth=NO_AUTH, secret=secretPropertyList): 400 {"errorMessage":"Invalid value found at: isRecursiveAllowedNamespaces","moreInfo":"","stackTrace":[]}
[2025-12-06T07:14:54.216+0000] {spark_read_mongo_dag.py:367} INFO - Trying POST nessieUri=http://nessie:19120/api/v2/refs/ auth=NO_AUTH secretVariant=propertyList_s3a_keys
[2025-12-06T07:14:54.222+0000] {spark_read_mongo_dag.py:374} INFO - Response for (uri=http://nessie:19120/api/v2/refs/, auth=NO_AUTH, secret=propertyList_s3a_keys): 400 {"errorMessage":"Invalid value found at: isRecursiveAllowedNamespaces","moreInfo":"","stackTrace":[]}
[2025-12-06T07:14:54.222+0000] {spark_read_mongo_dag.py:367} INFO - Trying POST nessieUri=http://nessie:19120/api/v2/refs/ auth=NO_AUTH secretVariant=propertyList_access_secret
[2025-12-06T07:14:54.229+0000] {spark_read_mongo_dag.py:374} INFO - Response for (uri=http://nessie:19120/api/v2/refs/, auth=NO_AUTH, secret=propertyList_access_secret): 400 {"errorMessage":"Invalid value found at: isRecursiveAllowedNamespaces","moreInfo":"","stackTrace":[]}
[2025-12-06T07:14:54.230+0000] {spark_read_mongo_dag.py:367} INFO - Trying POST nessieUri=http://nessie:19120/api/v2/refs/ auth=NO_AUTH secretVariant=credentials_object
[2025-12-06T07:14:54.237+0000] {spark_read_mongo_dag.py:374} INFO - Response for (uri=http://nessie:19120/api/v2/refs/, auth=NO_AUTH, secret=credentials_object): 400 {"errorMessage":"Invalid value found at: isRecursiveAllowedNamespaces","moreInfo":"","stackTrace":[]}
[2025-12-06T07:14:54.237+0000] {spark_read_mongo_dag.py:367} INFO - Trying POST nessieUri=http://nessie:19120/api/v2/refs/ auth=NONE secretVariant=secretPropertyList
[2025-12-06T07:14:54.244+0000] {spark_read_mongo_dag.py:374} INFO - Response for (uri=http://nessie:19120/api/v2/refs/, auth=NONE, secret=secretPropertyList): 400 {"errorMessage":"Invalid value found at: isRecursiveAllowedNamespaces","moreInfo":"","stackTrace":[]}
[2025-12-06T07:14:54.245+0000] {spark_read_mongo_dag.py:367} INFO - Trying POST nessieUri=http://nessie:19120/api/v2/refs/ auth=NONE secretVariant=propertyList_s3a_keys
[2025-12-06T07:14:54.251+0000] {spark_read_mongo_dag.py:374} INFO - Response for (uri=http://nessie:19120/api/v2/refs/, auth=NONE, secret=propertyList_s3a_keys): 400 {"errorMessage":"Invalid value found at: isRecursiveAllowedNamespaces","moreInfo":"","stackTrace":[]}
[2025-12-06T07:14:54.252+0000] {spark_read_mongo_dag.py:367} INFO - Trying POST nessieUri=http://nessie:19120/api/v2/refs/ auth=NONE secretVariant=propertyList_access_secret
[2025-12-06T07:14:54.259+0000] {spark_read_mongo_dag.py:374} INFO - Response for (uri=http://nessie:19120/api/v2/refs/, auth=NONE, secret=propertyList_access_secret): 400 {"errorMessage":"Invalid value found at: isRecursiveAllowedNamespaces","moreInfo":"","stackTrace":[]}
[2025-12-06T07:14:54.260+0000] {spark_read_mongo_dag.py:367} INFO - Trying POST nessieUri=http://nessie:19120/api/v2/refs/ auth=NONE secretVariant=credentials_object
[2025-12-06T07:14:54.266+0000] {spark_read_mongo_dag.py:374} INFO - Response for (uri=http://nessie:19120/api/v2/refs/, auth=NONE, secret=credentials_object): 400 {"errorMessage":"Invalid value found at: isRecursiveAllowedNamespaces","moreInfo":"","stackTrace":[]}
[2025-12-06T07:14:54.267+0000] {spark_read_mongo_dag.py:367} INFO - Trying POST nessieUri=http://nessie:19120 auth=None secretVariant=secretPropertyList
[2025-12-06T07:14:54.274+0000] {spark_read_mongo_dag.py:374} INFO - Response for (uri=http://nessie:19120, auth=None, secret=secretPropertyList): 400 {"errorMessage":"Invalid value found at: isRecursiveAllowedNamespaces","moreInfo":"","stackTrace":[]}
[2025-12-06T07:14:54.274+0000] {spark_read_mongo_dag.py:367} INFO - Trying POST nessieUri=http://nessie:19120 auth=None secretVariant=propertyList_s3a_keys
[2025-12-06T07:14:54.281+0000] {spark_read_mongo_dag.py:374} INFO - Response for (uri=http://nessie:19120, auth=None, secret=propertyList_s3a_keys): 400 {"errorMessage":"Invalid value found at: isRecursiveAllowedNamespaces","moreInfo":"","stackTrace":[]}
[2025-12-06T07:14:54.282+0000] {spark_read_mongo_dag.py:367} INFO - Trying POST nessieUri=http://nessie:19120 auth=None secretVariant=propertyList_access_secret
[2025-12-06T07:14:54.288+0000] {spark_read_mongo_dag.py:374} INFO - Response for (uri=http://nessie:19120, auth=None, secret=propertyList_access_secret): 400 {"errorMessage":"Invalid value found at: isRecursiveAllowedNamespaces","moreInfo":"","stackTrace":[]}
[2025-12-06T07:14:54.289+0000] {spark_read_mongo_dag.py:367} INFO - Trying POST nessieUri=http://nessie:19120 auth=None secretVariant=credentials_object
[2025-12-06T07:14:54.295+0000] {spark_read_mongo_dag.py:374} INFO - Response for (uri=http://nessie:19120, auth=None, secret=credentials_object): 400 {"errorMessage":"Invalid value found at: isRecursiveAllowedNamespaces","moreInfo":"","stackTrace":[]}
[2025-12-06T07:14:54.296+0000] {spark_read_mongo_dag.py:367} INFO - Trying POST nessieUri=http://nessie:19120 auth=NO_AUTH secretVariant=secretPropertyList
[2025-12-06T07:14:54.306+0000] {spark_read_mongo_dag.py:374} INFO - Response for (uri=http://nessie:19120, auth=NO_AUTH, secret=secretPropertyList): 400 {"errorMessage":"Invalid value found at: isRecursiveAllowedNamespaces","moreInfo":"","stackTrace":[]}
[2025-12-06T07:14:54.307+0000] {spark_read_mongo_dag.py:367} INFO - Trying POST nessieUri=http://nessie:19120 auth=NO_AUTH secretVariant=propertyList_s3a_keys
[2025-12-06T07:14:54.313+0000] {spark_read_mongo_dag.py:374} INFO - Response for (uri=http://nessie:19120, auth=NO_AUTH, secret=propertyList_s3a_keys): 400 {"errorMessage":"Invalid value found at: isRecursiveAllowedNamespaces","moreInfo":"","stackTrace":[]}
[2025-12-06T07:14:54.314+0000] {spark_read_mongo_dag.py:367} INFO - Trying POST nessieUri=http://nessie:19120 auth=NO_AUTH secretVariant=propertyList_access_secret
[2025-12-06T07:14:54.321+0000] {spark_read_mongo_dag.py:374} INFO - Response for (uri=http://nessie:19120, auth=NO_AUTH, secret=propertyList_access_secret): 400 {"errorMessage":"Invalid value found at: isRecursiveAllowedNamespaces","moreInfo":"","stackTrace":[]}
[2025-12-06T07:14:54.322+0000] {spark_read_mongo_dag.py:367} INFO - Trying POST nessieUri=http://nessie:19120 auth=NO_AUTH secretVariant=credentials_object
[2025-12-06T07:14:54.328+0000] {spark_read_mongo_dag.py:374} INFO - Response for (uri=http://nessie:19120, auth=NO_AUTH, secret=credentials_object): 400 {"errorMessage":"Invalid value found at: isRecursiveAllowedNamespaces","moreInfo":"","stackTrace":[]}
[2025-12-06T07:14:54.329+0000] {spark_read_mongo_dag.py:367} INFO - Trying POST nessieUri=http://nessie:19120 auth=NONE secretVariant=secretPropertyList
[2025-12-06T07:14:54.336+0000] {spark_read_mongo_dag.py:374} INFO - Response for (uri=http://nessie:19120, auth=NONE, secret=secretPropertyList): 400 {"errorMessage":"Invalid value found at: isRecursiveAllowedNamespaces","moreInfo":"","stackTrace":[]}
[2025-12-06T07:14:54.337+0000] {spark_read_mongo_dag.py:367} INFO - Trying POST nessieUri=http://nessie:19120 auth=NONE secretVariant=propertyList_s3a_keys
[2025-12-06T07:14:54.343+0000] {spark_read_mongo_dag.py:374} INFO - Response for (uri=http://nessie:19120, auth=NONE, secret=propertyList_s3a_keys): 400 {"errorMessage":"Invalid value found at: isRecursiveAllowedNamespaces","moreInfo":"","stackTrace":[]}
[2025-12-06T07:14:54.344+0000] {spark_read_mongo_dag.py:367} INFO - Trying POST nessieUri=http://nessie:19120 auth=NONE secretVariant=propertyList_access_secret
[2025-12-06T07:14:54.350+0000] {spark_read_mongo_dag.py:374} INFO - Response for (uri=http://nessie:19120, auth=NONE, secret=propertyList_access_secret): 400 {"errorMessage":"Invalid value found at: isRecursiveAllowedNamespaces","moreInfo":"","stackTrace":[]}
[2025-12-06T07:14:54.351+0000] {spark_read_mongo_dag.py:367} INFO - Trying POST nessieUri=http://nessie:19120 auth=NONE secretVariant=credentials_object
[2025-12-06T07:14:54.357+0000] {spark_read_mongo_dag.py:374} INFO - Response for (uri=http://nessie:19120, auth=NONE, secret=credentials_object): 400 {"errorMessage":"Invalid value found at: isRecursiveAllowedNamespaces","moreInfo":"","stackTrace":[]}
[2025-12-06T07:14:54.358+0000] {spark_read_mongo_dag.py:367} INFO - Trying POST nessieUri=http://nessie:19120/ auth=None secretVariant=secretPropertyList
[2025-12-06T07:14:54.364+0000] {spark_read_mongo_dag.py:374} INFO - Response for (uri=http://nessie:19120/, auth=None, secret=secretPropertyList): 400 {"errorMessage":"Invalid value found at: isRecursiveAllowedNamespaces","moreInfo":"","stackTrace":[]}
[2025-12-06T07:14:54.365+0000] {spark_read_mongo_dag.py:367} INFO - Trying POST nessieUri=http://nessie:19120/ auth=None secretVariant=propertyList_s3a_keys
[2025-12-06T07:14:54.371+0000] {spark_read_mongo_dag.py:374} INFO - Response for (uri=http://nessie:19120/, auth=None, secret=propertyList_s3a_keys): 400 {"errorMessage":"Invalid value found at: isRecursiveAllowedNamespaces","moreInfo":"","stackTrace":[]}
[2025-12-06T07:14:54.372+0000] {spark_read_mongo_dag.py:367} INFO - Trying POST nessieUri=http://nessie:19120/ auth=None secretVariant=propertyList_access_secret
[2025-12-06T07:14:54.378+0000] {spark_read_mongo_dag.py:374} INFO - Response for (uri=http://nessie:19120/, auth=None, secret=propertyList_access_secret): 400 {"errorMessage":"Invalid value found at: isRecursiveAllowedNamespaces","moreInfo":"","stackTrace":[]}
[2025-12-06T07:14:54.379+0000] {spark_read_mongo_dag.py:367} INFO - Trying POST nessieUri=http://nessie:19120/ auth=None secretVariant=credentials_object
[2025-12-06T07:14:54.385+0000] {spark_read_mongo_dag.py:374} INFO - Response for (uri=http://nessie:19120/, auth=None, secret=credentials_object): 400 {"errorMessage":"Invalid value found at: isRecursiveAllowedNamespaces","moreInfo":"","stackTrace":[]}
[2025-12-06T07:14:54.385+0000] {spark_read_mongo_dag.py:367} INFO - Trying POST nessieUri=http://nessie:19120/ auth=NO_AUTH secretVariant=secretPropertyList
[2025-12-06T07:14:54.391+0000] {spark_read_mongo_dag.py:374} INFO - Response for (uri=http://nessie:19120/, auth=NO_AUTH, secret=secretPropertyList): 400 {"errorMessage":"Invalid value found at: isRecursiveAllowedNamespaces","moreInfo":"","stackTrace":[]}
[2025-12-06T07:14:54.392+0000] {spark_read_mongo_dag.py:367} INFO - Trying POST nessieUri=http://nessie:19120/ auth=NO_AUTH secretVariant=propertyList_s3a_keys
[2025-12-06T07:14:54.398+0000] {spark_read_mongo_dag.py:374} INFO - Response for (uri=http://nessie:19120/, auth=NO_AUTH, secret=propertyList_s3a_keys): 400 {"errorMessage":"Invalid value found at: isRecursiveAllowedNamespaces","moreInfo":"","stackTrace":[]}
[2025-12-06T07:14:54.398+0000] {spark_read_mongo_dag.py:367} INFO - Trying POST nessieUri=http://nessie:19120/ auth=NO_AUTH secretVariant=propertyList_access_secret
[2025-12-06T07:14:54.404+0000] {spark_read_mongo_dag.py:374} INFO - Response for (uri=http://nessie:19120/, auth=NO_AUTH, secret=propertyList_access_secret): 400 {"errorMessage":"Invalid value found at: isRecursiveAllowedNamespaces","moreInfo":"","stackTrace":[]}
[2025-12-06T07:14:54.405+0000] {spark_read_mongo_dag.py:367} INFO - Trying POST nessieUri=http://nessie:19120/ auth=NO_AUTH secretVariant=credentials_object
[2025-12-06T07:14:54.411+0000] {spark_read_mongo_dag.py:374} INFO - Response for (uri=http://nessie:19120/, auth=NO_AUTH, secret=credentials_object): 400 {"errorMessage":"Invalid value found at: isRecursiveAllowedNamespaces","moreInfo":"","stackTrace":[]}
[2025-12-06T07:14:54.411+0000] {spark_read_mongo_dag.py:367} INFO - Trying POST nessieUri=http://nessie:19120/ auth=NONE secretVariant=secretPropertyList
[2025-12-06T07:14:54.417+0000] {spark_read_mongo_dag.py:374} INFO - Response for (uri=http://nessie:19120/, auth=NONE, secret=secretPropertyList): 400 {"errorMessage":"Invalid value found at: isRecursiveAllowedNamespaces","moreInfo":"","stackTrace":[]}
[2025-12-06T07:14:54.418+0000] {spark_read_mongo_dag.py:367} INFO - Trying POST nessieUri=http://nessie:19120/ auth=NONE secretVariant=propertyList_s3a_keys
[2025-12-06T07:14:54.424+0000] {spark_read_mongo_dag.py:374} INFO - Response for (uri=http://nessie:19120/, auth=NONE, secret=propertyList_s3a_keys): 400 {"errorMessage":"Invalid value found at: isRecursiveAllowedNamespaces","moreInfo":"","stackTrace":[]}
[2025-12-06T07:14:54.425+0000] {spark_read_mongo_dag.py:367} INFO - Trying POST nessieUri=http://nessie:19120/ auth=NONE secretVariant=propertyList_access_secret
[2025-12-06T07:14:54.431+0000] {spark_read_mongo_dag.py:374} INFO - Response for (uri=http://nessie:19120/, auth=NONE, secret=propertyList_access_secret): 400 {"errorMessage":"Invalid value found at: isRecursiveAllowedNamespaces","moreInfo":"","stackTrace":[]}
[2025-12-06T07:14:54.432+0000] {spark_read_mongo_dag.py:367} INFO - Trying POST nessieUri=http://nessie:19120/ auth=NONE secretVariant=credentials_object
[2025-12-06T07:14:54.438+0000] {spark_read_mongo_dag.py:374} INFO - Response for (uri=http://nessie:19120/, auth=NONE, secret=credentials_object): 400 {"errorMessage":"Invalid value found at: isRecursiveAllowedNamespaces","moreInfo":"","stackTrace":[]}
[2025-12-06T07:14:54.438+0000] {spark_read_mongo_dag.py:392} ERROR - All attempts exhausted. Last error: status=400, body={"errorMessage":"Invalid value found at: isRecursiveAllowedNamespaces","moreInfo":"","stackTrace":[]}
[2025-12-06T07:14:54.439+0000] {taskinstance.py:441} INFO - ::group::Post task execution logs
[2025-12-06T07:14:54.440+0000] {taskinstance.py:2905} ERROR - Task failed with exception
Traceback (most recent call last):
  File "/home/airflow/.local/lib/python3.9/site-packages/airflow/models/taskinstance.py", line 465, in _execute_task
    result = _execute_callable(context=context, **execute_callable_kwargs)
  File "/home/airflow/.local/lib/python3.9/site-packages/airflow/models/taskinstance.py", line 432, in _execute_callable
    return execute_callable(context=context, **execute_callable_kwargs)
  File "/home/airflow/.local/lib/python3.9/site-packages/airflow/models/baseoperator.py", line 401, in wrapper
    return func(self, *args, **kwargs)
  File "/home/airflow/.local/lib/python3.9/site-packages/airflow/operators/python.py", line 235, in execute
    return_value = self.execute_callable()
  File "/home/airflow/.local/lib/python3.9/site-packages/airflow/operators/python.py", line 252, in execute_callable
    return self.python_callable(*self.op_args, **self.op_kwargs)
  File "/opt/airflow/dags/spark_read_mongo_dag.py", line 393, in create_dremio_iceberg_source
    raise RuntimeError(f"Failed creating/updating Dremio source (exhausted all secret formats). Last error: {last_err}")
RuntimeError: Failed creating/updating Dremio source (exhausted all secret formats). Last error: status=400, body={"errorMessage":"Invalid value found at: isRecursiveAllowedNamespaces","moreInfo":"","stackTrace":[]}
[2025-12-06T07:14:54.455+0000] {taskinstance.py:1206} INFO - Marking task as FAILED. dag_id=mongo_iceberg_dremio_dag, task_id=configure_dremio_source, run_id=manual__2025-12-06T07:14:23.398976+00:00, execution_date=20251206T071423, start_date=20251206T071453, end_date=20251206T071454
[2025-12-06T07:14:54.501+0000] {standard_task_runner.py:110} ERROR - Failed to execute job 52 for task configure_dremio_source (Failed creating/updating Dremio source (exhausted all secret formats). Last error: status=400, body={"errorMessage":"Invalid value found at: isRecursiveAllowedNamespaces","moreInfo":"","stackTrace":[]}; 1931)
[2025-12-06T07:14:54.543+0000] {local_task_job_runner.py:240} INFO - Task exited with return code 1
[2025-12-06T07:14:54.570+0000] {taskinstance.py:3503} INFO - 0 downstream tasks scheduled from follow-on schedule check
[2025-12-06T07:14:54.602+0000] {local_task_job_runner.py:222} INFO - ::endgroup::
