[2025-12-02T07:05:20.300+0000] {local_task_job_runner.py:120} INFO - ::group::Pre task execution logs
[2025-12-02T07:05:20.368+0000] {taskinstance.py:2076} INFO - Dependencies all met for dep_context=non-requeueable deps ti=<TaskInstance: mongo_iceberg_dag.run_mongo_to_iceberg manual__2025-12-02T07:05:18.321452+00:00 [queued]>
[2025-12-02T07:05:20.376+0000] {taskinstance.py:2076} INFO - Dependencies all met for dep_context=requeueable deps ti=<TaskInstance: mongo_iceberg_dag.run_mongo_to_iceberg manual__2025-12-02T07:05:18.321452+00:00 [queued]>
[2025-12-02T07:05:20.397+0000] {taskinstance.py:2306} INFO - Starting attempt 1 of 1
[2025-12-02T07:05:20.447+0000] {taskinstance.py:2330} INFO - Executing <Task(PythonOperator): run_mongo_to_iceberg> on 2025-12-02 07:05:18.321452+00:00
[2025-12-02T07:05:20.452+0000] {standard_task_runner.py:63} INFO - Started process 2133 to run task
[2025-12-02T07:05:20.456+0000] {standard_task_runner.py:90} INFO - Running: ['***', 'tasks', 'run', 'mongo_iceberg_dag', 'run_mongo_to_iceberg', 'manual__2025-12-02T07:05:18.321452+00:00', '--job-id', '5', '--raw', '--subdir', 'DAGS_FOLDER/spark_read_mongo_dag.py', '--cfg-path', '/tmp/tmp039a8e_7']
[2025-12-02T07:05:20.459+0000] {standard_task_runner.py:91} INFO - Job 5: Subtask run_mongo_to_iceberg
[2025-12-02T07:05:20.559+0000] {task_command.py:426} INFO - Running <TaskInstance: mongo_iceberg_dag.run_mongo_to_iceberg manual__2025-12-02T07:05:18.321452+00:00 [running]> on host 1914c6b7747c
[2025-12-02T07:05:20.765+0000] {taskinstance.py:2648} INFO - Exporting env vars: AIRFLOW_CTX_DAG_OWNER='deeku' AIRFLOW_CTX_DAG_ID='mongo_iceberg_dag' AIRFLOW_CTX_TASK_ID='run_mongo_to_iceberg' AIRFLOW_CTX_EXECUTION_DATE='2025-12-02T07:05:18.321452+00:00' AIRFLOW_CTX_TRY_NUMBER='1' AIRFLOW_CTX_DAG_RUN_ID='manual__2025-12-02T07:05:18.321452+00:00'
[2025-12-02T07:05:20.766+0000] {taskinstance.py:430} INFO - ::endgroup::
[2025-12-02T07:05:20.811+0000] {spark_read_mongo_dag.py:28} INFO - START run_spark_job
[2025-12-02T07:05:20.813+0000] {spark_read_mongo_dag.py:30} INFO - Checking path: /opt/***/spark_jobs/mongo_pyspark.py exists=True
[2025-12-02T07:05:20.814+0000] {spark_read_mongo_dag.py:30} INFO - Checking path: /opt/***/jars exists=True
[2025-12-02T07:05:20.816+0000] {spark_read_mongo_dag.py:34} INFO - Jar check: /opt/***/jars/mongo-spark-connector_2.12-10.1.1.jar exists=True size=156368
[2025-12-02T07:05:20.818+0000] {spark_read_mongo_dag.py:34} INFO - Jar check: /opt/***/jars/bson-4.11.2.jar exists=True size=511356
[2025-12-02T07:05:20.819+0000] {spark_read_mongo_dag.py:34} INFO - Jar check: /opt/***/jars/mongodb-driver-core-4.11.2.jar exists=True size=1670650
[2025-12-02T07:05:20.820+0000] {spark_read_mongo_dag.py:34} INFO - Jar check: /opt/***/jars/mongodb-driver-sync-4.11.2.jar exists=True size=151808
[2025-12-02T07:05:20.822+0000] {spark_read_mongo_dag.py:34} INFO - Jar check: /opt/***/jars/iceberg-spark-runtime-3.5_2.12-1.5.2.jar exists=True size=41604737
[2025-12-02T07:05:20.823+0000] {spark_read_mongo_dag.py:34} INFO - Jar check: /opt/***/jars/hadoop-aws-3.3.4.jar exists=True size=962685
[2025-12-02T07:05:20.825+0000] {spark_read_mongo_dag.py:34} INFO - Jar check: /opt/***/jars/aws-java-sdk-bundle-1.12.772.jar exists=True size=388405806
[2025-12-02T07:05:20.825+0000] {spark_read_mongo_dag.py:36} INFO - which spark-submit -> /home/***/.local/bin/spark-submit
[2025-12-02T07:05:20.826+0000] {spark_read_mongo_dag.py:45} INFO - ENV SPARK_HOME=/opt/spark/spark-3.4.1-bin-hadoop3 JAVA_HOME=/usr/lib/jvm/java-17-openjdk-amd64
[2025-12-02T07:05:20.826+0000] {spark_read_mongo_dag.py:46} INFO - Env PATH head: ['/opt/spark/spark-3.4.1-bin-hadoop3/bin', '/usr/lib/jvm/java-17-openjdk-amd64/bin', '/opt/spark/bin', '/usr/lib/jvm/java-17-openjdk-amd64/bin', '/root/bin']
[2025-12-02T07:05:20.826+0000] {spark_read_mongo_dag.py:49} INFO - Running command: spark-submit --jars /opt/***/jars/mongo-spark-connector_2.12-10.1.1.jar,/opt/***/jars/bson-4.11.2.jar,/opt/***/jars/mongodb-driver-core-4.11.2.jar,/opt/***/jars/mongodb-driver-sync-4.11.2.jar,/opt/***/jars/iceberg-spark-runtime-3.5_2.12-1.5.2.jar,/opt/***/jars/hadoop-aws-3.3.4.jar,/opt/***/jars/aws-java-sdk-bundle-1.12.772.jar /opt/***/spark_jobs/mongo_pyspark.py
[2025-12-02T07:05:54.352+0000] {spark_read_mongo_dag.py:51} INFO - Process finished. returncode=1
[2025-12-02T07:05:54.354+0000] {spark_read_mongo_dag.py:54} INFO - spark-submit stdout | 2025-12-02 07:05:24,902 INFO mongo_to_iceberg - START main at 2025-12-02 07:05:24
[2025-12-02T07:05:54.355+0000] {spark_read_mongo_dag.py:54} INFO - spark-submit stdout | 2025-12-02 07:05:24,902 INFO mongo_to_iceberg - Checking required JARs under /opt/***/jars
[2025-12-02T07:05:54.355+0000] {spark_read_mongo_dag.py:54} INFO - spark-submit stdout | 2025-12-02 07:05:24,905 INFO mongo_to_iceberg - JAR: /opt/***/jars/mongo-spark-connector_2.12-10.1.1.jar exists=True size=156368
[2025-12-02T07:05:54.356+0000] {spark_read_mongo_dag.py:54} INFO - spark-submit stdout | 2025-12-02 07:05:24,906 INFO mongo_to_iceberg - JAR: /opt/***/jars/bson-4.11.2.jar exists=True size=511356
[2025-12-02T07:05:54.356+0000] {spark_read_mongo_dag.py:54} INFO - spark-submit stdout | 2025-12-02 07:05:24,907 INFO mongo_to_iceberg - JAR: /opt/***/jars/mongodb-driver-core-4.11.2.jar exists=True size=1670650
[2025-12-02T07:05:54.357+0000] {spark_read_mongo_dag.py:54} INFO - spark-submit stdout | 2025-12-02 07:05:24,908 INFO mongo_to_iceberg - JAR: /opt/***/jars/mongodb-driver-sync-4.11.2.jar exists=True size=151808
[2025-12-02T07:05:54.358+0000] {spark_read_mongo_dag.py:54} INFO - spark-submit stdout | 2025-12-02 07:05:24,910 INFO mongo_to_iceberg - JAR: /opt/***/jars/iceberg-spark-runtime-3.5_2.12-1.5.2.jar exists=True size=41604737
[2025-12-02T07:05:54.358+0000] {spark_read_mongo_dag.py:54} INFO - spark-submit stdout | 2025-12-02 07:05:24,911 INFO mongo_to_iceberg - JAR: /opt/***/jars/hadoop-aws-3.3.4.jar exists=True size=962685
[2025-12-02T07:05:54.359+0000] {spark_read_mongo_dag.py:54} INFO - spark-submit stdout | 2025-12-02 07:05:24,913 INFO mongo_to_iceberg - JAR: /opt/***/jars/aws-java-sdk-bundle-1.12.772.jar exists=True size=388405806
[2025-12-02T07:05:54.359+0000] {spark_read_mongo_dag.py:54} INFO - spark-submit stdout | 2025-12-02 07:05:24,913 INFO mongo_to_iceberg - Mongo URI (masked): mongodb://admin:****@mongo:27017/ai_segmentation.conversations?authSource=admin
[2025-12-02T07:05:54.359+0000] {spark_read_mongo_dag.py:54} INFO - spark-submit stdout | 2025-12-02 07:05:24,913 INFO mongo_to_iceberg - Using Iceberg warehouse (must be s3a://): s3a://iceberg/
[2025-12-02T07:05:54.360+0000] {spark_read_mongo_dag.py:54} INFO - spark-submit stdout | 2025-12-02 07:05:24,913 INFO mongo_to_iceberg - S3 endpoint=http://minio:9000 path_style=true ssl_enabled=false
[2025-12-02T07:05:54.360+0000] {spark_read_mongo_dag.py:54} INFO - spark-submit stdout | 2025-12-02 07:05:24,913 INFO mongo_to_iceberg - Creating SparkSession...
[2025-12-02T07:05:54.361+0000] {spark_read_mongo_dag.py:54} INFO - spark-submit stdout | 2025-12-02 07:05:42,279 INFO mongo_to_iceberg - SparkSession created. Spark version=3.4.1
[2025-12-02T07:05:54.361+0000] {spark_read_mongo_dag.py:54} INFO - spark-submit stdout | 2025-12-02 07:05:43,050 INFO mongo_to_iceberg - spark.jars config=/opt/***/jars/mongo-spark-connector_2.12-10.1.1.jar,/opt/***/jars/bson-4.11.2.jar,/opt/***/jars/mongodb-driver-core-4.11.2.jar,/opt/***/jars/mongodb-driver-sync-4.11.2.jar,/opt/***/jars/iceberg-spark-runtime-3.5_2.12-1.5.2.jar,/opt/***/jars/hadoop-aws-3.3.4.jar,/opt/***/jars/aws-java-sdk-bundle-1.12.772.jar
[2025-12-02T07:05:54.361+0000] {spark_read_mongo_dag.py:54} INFO - spark-submit stdout | 2025-12-02 07:05:43,052 INFO mongo_to_iceberg - spark.mongodb.read.connection.uri=mongodb://admin:example@mongo:27017/ai_segmentation.conversations?authSource=admin
[2025-12-02T07:05:54.362+0000] {spark_read_mongo_dag.py:54} INFO - spark-submit stdout | 2025-12-02 07:05:43,053 INFO mongo_to_iceberg - spark.sql.catalog.iceberg_catalog.warehouse=s3a://iceberg/
[2025-12-02T07:05:54.362+0000] {spark_read_mongo_dag.py:54} INFO - spark-submit stdout | 2025-12-02 07:05:43,053 INFO mongo_to_iceberg - Starting read from MongoDB collection ai_segmentation.conversations
[2025-12-02T07:05:54.363+0000] {spark_read_mongo_dag.py:54} INFO - spark-submit stdout | 2025-12-02 07:05:47,683 INFO mongo_to_iceberg - Read succeeded. Counting rows (this may be slow)...
[2025-12-02T07:05:54.363+0000] {spark_read_mongo_dag.py:54} INFO - spark-submit stdout | 2025-12-02 07:05:52,715 INFO mongo_to_iceberg - Rows read from MongoDB: 0
[2025-12-02T07:05:54.363+0000] {spark_read_mongo_dag.py:54} INFO - spark-submit stdout | 2025-12-02 07:05:52,715 INFO mongo_to_iceberg - Showing up to 5 rows:
[2025-12-02T07:05:54.364+0000] {spark_read_mongo_dag.py:54} INFO - spark-submit stdout | 2025-12-02 07:05:53,164 INFO mongo_to_iceberg - Writing DataFrame as Parquet to S3 path: s3a://iceberg/ai_segmentation/conversations/parquet/
[2025-12-02T07:05:54.364+0000] {spark_read_mongo_dag.py:54} INFO - spark-submit stdout | 2025-12-02 07:05:53,725 ERROR mongo_to_iceberg - Exception during job: Datasource does not support writing empty or nested empty schemas. Please make sure the data schema has at least one or more column(s).
[2025-12-02T07:05:54.364+0000] {spark_read_mongo_dag.py:54} INFO - spark-submit stdout | 2025-12-02 07:05:53,732 ERROR mongo_to_iceberg - Traceback:
[2025-12-02T07:05:54.365+0000] {spark_read_mongo_dag.py:54} INFO - spark-submit stdout | Traceback (most recent call last):
[2025-12-02T07:05:54.365+0000] {spark_read_mongo_dag.py:54} INFO - spark-submit stdout |   File "/opt/***/spark_jobs/mongo_pyspark.py", line 308, in main
[2025-12-02T07:05:54.365+0000] {spark_read_mongo_dag.py:54} INFO - spark-submit stdout |     (df.write
[2025-12-02T07:05:54.366+0000] {spark_read_mongo_dag.py:54} INFO - spark-submit stdout |   File "/opt/spark/spark-3.4.1-bin-hadoop3/python/lib/pyspark.zip/pyspark/sql/readwriter.py", line 1656, in parquet
[2025-12-02T07:05:54.366+0000] {spark_read_mongo_dag.py:54} INFO - spark-submit stdout |     self._jwrite.parquet(path)
[2025-12-02T07:05:54.366+0000] {spark_read_mongo_dag.py:54} INFO - spark-submit stdout |   File "/opt/spark/spark-3.4.1-bin-hadoop3/python/lib/py4j-0.10.9.7-src.zip/py4j/java_gateway.py", line 1322, in __call__
[2025-12-02T07:05:54.367+0000] {spark_read_mongo_dag.py:54} INFO - spark-submit stdout |     return_value = get_return_value(
[2025-12-02T07:05:54.367+0000] {spark_read_mongo_dag.py:54} INFO - spark-submit stdout |   File "/opt/spark/spark-3.4.1-bin-hadoop3/python/lib/pyspark.zip/pyspark/errors/exceptions/captured.py", line 175, in deco
[2025-12-02T07:05:54.367+0000] {spark_read_mongo_dag.py:54} INFO - spark-submit stdout |     raise converted from None
[2025-12-02T07:05:54.368+0000] {spark_read_mongo_dag.py:54} INFO - spark-submit stdout | pyspark.errors.exceptions.captured.AnalysisException: Datasource does not support writing empty or nested empty schemas. Please make sure the data schema has at least one or more column(s).
[2025-12-02T07:05:54.368+0000] {spark_read_mongo_dag.py:54} INFO - spark-submit stdout | 
[2025-12-02T07:05:54.368+0000] {spark_read_mongo_dag.py:54} INFO - spark-submit stdout | 2025-12-02 07:05:53,733 ERROR mongo_to_iceberg - HINTS: - Ensure Mongo credentials are correct and authSource is right.
[2025-12-02T07:05:54.369+0000] {spark_read_mongo_dag.py:54} INFO - spark-submit stdout | 2025-12-02 07:05:53,733 ERROR mongo_to_iceberg -        - Verify mongo container user/password (MONGO_INITDB_ROOT_USERNAME/PASSWORD).
[2025-12-02T07:05:54.369+0000] {spark_read_mongo_dag.py:54} INFO - spark-submit stdout | 2025-12-02 07:05:53,733 ERROR mongo_to_iceberg -        - If using networked services, ensure 'mongo' and 'minio' hostnames resolve from Spark executors.
[2025-12-02T07:05:54.370+0000] {spark_read_mongo_dag.py:54} INFO - spark-submit stdout | 2025-12-02 07:05:53,733 ERROR mongo_to_iceberg -        - Ensure ICEBERG_WAREHOUSE uses s3a:// and that hadoop-aws + aws-java-sdk jars are present.
[2025-12-02T07:05:54.370+0000] {spark_read_mongo_dag.py:54} INFO - spark-submit stdout | Traceback (most recent call last):
[2025-12-02T07:05:54.371+0000] {spark_read_mongo_dag.py:54} INFO - spark-submit stdout |   File "/opt/***/spark_jobs/mongo_pyspark.py", line 354, in <module>
[2025-12-02T07:05:54.371+0000] {spark_read_mongo_dag.py:54} INFO - spark-submit stdout |     main()
[2025-12-02T07:05:54.372+0000] {spark_read_mongo_dag.py:54} INFO - spark-submit stdout |   File "/opt/***/spark_jobs/mongo_pyspark.py", line 308, in main
[2025-12-02T07:05:54.372+0000] {spark_read_mongo_dag.py:54} INFO - spark-submit stdout |     (df.write
[2025-12-02T07:05:54.373+0000] {spark_read_mongo_dag.py:54} INFO - spark-submit stdout |   File "/opt/spark/spark-3.4.1-bin-hadoop3/python/lib/pyspark.zip/pyspark/sql/readwriter.py", line 1656, in parquet
[2025-12-02T07:05:54.373+0000] {spark_read_mongo_dag.py:54} INFO - spark-submit stdout |   File "/opt/spark/spark-3.4.1-bin-hadoop3/python/lib/py4j-0.10.9.7-src.zip/py4j/java_gateway.py", line 1322, in __call__
[2025-12-02T07:05:54.374+0000] {spark_read_mongo_dag.py:54} INFO - spark-submit stdout |   File "/opt/spark/spark-3.4.1-bin-hadoop3/python/lib/pyspark.zip/pyspark/errors/exceptions/captured.py", line 175, in deco
[2025-12-02T07:05:54.374+0000] {spark_read_mongo_dag.py:54} INFO - spark-submit stdout | pyspark.errors.exceptions.captured.AnalysisException: Datasource does not support writing empty or nested empty schemas. Please make sure the data schema has at least one or more column(s).
[2025-12-02T07:05:54.375+0000] {spark_read_mongo_dag.py:54} INFO - spark-submit stdout | 2025-12-02 07:05:53,744 INFO py4j.clientserver - Closing down clientserver connection
[2025-12-02T07:05:54.375+0000] {spark_read_mongo_dag.py:57} ERROR - spark-submit stderr | 25/12/02 07:05:23 WARN NativeCodeLoader: Unable to load native-hadoop library for your platform... using builtin-java classes where applicable
[2025-12-02T07:05:54.376+0000] {spark_read_mongo_dag.py:57} ERROR - spark-submit stderr | 25/12/02 07:05:25 INFO SparkContext: Running Spark version 3.4.1
[2025-12-02T07:05:54.376+0000] {spark_read_mongo_dag.py:57} ERROR - spark-submit stderr | 25/12/02 07:05:25 INFO ResourceUtils: ==============================================================
[2025-12-02T07:05:54.377+0000] {spark_read_mongo_dag.py:57} ERROR - spark-submit stderr | 25/12/02 07:05:25 INFO ResourceUtils: No custom resources configured for spark.driver.
[2025-12-02T07:05:54.377+0000] {spark_read_mongo_dag.py:57} ERROR - spark-submit stderr | 25/12/02 07:05:25 INFO ResourceUtils: ==============================================================
[2025-12-02T07:05:54.378+0000] {spark_read_mongo_dag.py:57} ERROR - spark-submit stderr | 25/12/02 07:05:25 INFO SparkContext: Submitted application: MongoToParquetToMinIO
[2025-12-02T07:05:54.378+0000] {spark_read_mongo_dag.py:57} ERROR - spark-submit stderr | 25/12/02 07:05:25 INFO ResourceProfile: Default ResourceProfile created, executor resources: Map(cores -> name: cores, amount: 1, script: , vendor: , memory -> name: memory, amount: 1024, script: , vendor: , offHeap -> name: offHeap, amount: 0, script: , vendor: ), task resources: Map(cpus -> name: cpus, amount: 1.0)
[2025-12-02T07:05:54.379+0000] {spark_read_mongo_dag.py:57} ERROR - spark-submit stderr | 25/12/02 07:05:25 INFO ResourceProfile: Limiting resource is cpu
[2025-12-02T07:05:54.379+0000] {spark_read_mongo_dag.py:57} ERROR - spark-submit stderr | 25/12/02 07:05:25 INFO ResourceProfileManager: Added ResourceProfile id: 0
[2025-12-02T07:05:54.380+0000] {spark_read_mongo_dag.py:57} ERROR - spark-submit stderr | 25/12/02 07:05:25 INFO SecurityManager: Changing view acls to: ***
[2025-12-02T07:05:54.380+0000] {spark_read_mongo_dag.py:57} ERROR - spark-submit stderr | 25/12/02 07:05:25 INFO SecurityManager: Changing modify acls to: ***
[2025-12-02T07:05:54.381+0000] {spark_read_mongo_dag.py:57} ERROR - spark-submit stderr | 25/12/02 07:05:25 INFO SecurityManager: Changing view acls groups to: 
[2025-12-02T07:05:54.382+0000] {spark_read_mongo_dag.py:57} ERROR - spark-submit stderr | 25/12/02 07:05:25 INFO SecurityManager: Changing modify acls groups to: 
[2025-12-02T07:05:54.382+0000] {spark_read_mongo_dag.py:57} ERROR - spark-submit stderr | 25/12/02 07:05:25 INFO SecurityManager: SecurityManager: authentication disabled; ui acls disabled; users with view permissions: ***; groups with view permissions: EMPTY; users with modify permissions: ***; groups with modify permissions: EMPTY
[2025-12-02T07:05:54.383+0000] {spark_read_mongo_dag.py:57} ERROR - spark-submit stderr | 25/12/02 07:05:26 INFO Utils: Successfully started service 'sparkDriver' on port 40685.
[2025-12-02T07:05:54.384+0000] {spark_read_mongo_dag.py:57} ERROR - spark-submit stderr | 25/12/02 07:05:26 INFO SparkEnv: Registering MapOutputTracker
[2025-12-02T07:05:54.385+0000] {spark_read_mongo_dag.py:57} ERROR - spark-submit stderr | 25/12/02 07:05:26 INFO SparkEnv: Registering BlockManagerMaster
[2025-12-02T07:05:54.386+0000] {spark_read_mongo_dag.py:57} ERROR - spark-submit stderr | 25/12/02 07:05:26 INFO BlockManagerMasterEndpoint: Using org.apache.spark.storage.DefaultTopologyMapper for getting topology information
[2025-12-02T07:05:54.387+0000] {spark_read_mongo_dag.py:57} ERROR - spark-submit stderr | 25/12/02 07:05:26 INFO BlockManagerMasterEndpoint: BlockManagerMasterEndpoint up
[2025-12-02T07:05:54.388+0000] {spark_read_mongo_dag.py:57} ERROR - spark-submit stderr | 25/12/02 07:05:26 INFO SparkEnv: Registering BlockManagerMasterHeartbeat
[2025-12-02T07:05:54.389+0000] {spark_read_mongo_dag.py:57} ERROR - spark-submit stderr | 25/12/02 07:05:26 INFO DiskBlockManager: Created local directory at /tmp/blockmgr-ec9b2cdd-9344-4d83-a2d7-36904b139ef4
[2025-12-02T07:05:54.390+0000] {spark_read_mongo_dag.py:57} ERROR - spark-submit stderr | 25/12/02 07:05:26 INFO MemoryStore: MemoryStore started with capacity 434.4 MiB
[2025-12-02T07:05:54.390+0000] {spark_read_mongo_dag.py:57} ERROR - spark-submit stderr | 25/12/02 07:05:26 INFO SparkEnv: Registering OutputCommitCoordinator
[2025-12-02T07:05:54.391+0000] {spark_read_mongo_dag.py:57} ERROR - spark-submit stderr | 25/12/02 07:05:26 INFO JettyUtils: Start Jetty 0.0.0.0:4040 for SparkUI
[2025-12-02T07:05:54.392+0000] {spark_read_mongo_dag.py:57} ERROR - spark-submit stderr | 25/12/02 07:05:26 INFO Utils: Successfully started service 'SparkUI' on port 4040.
[2025-12-02T07:05:54.393+0000] {spark_read_mongo_dag.py:57} ERROR - spark-submit stderr | 25/12/02 07:05:27 INFO SparkContext: Added JAR /opt/***/jars/mongo-spark-connector_2.12-10.1.1.jar at spark://1914c6b7747c:40685/jars/mongo-spark-connector_2.12-10.1.1.jar with timestamp 1764659125788
[2025-12-02T07:05:54.395+0000] {spark_read_mongo_dag.py:57} ERROR - spark-submit stderr | 25/12/02 07:05:27 INFO SparkContext: Added JAR /opt/***/jars/bson-4.11.2.jar at spark://1914c6b7747c:40685/jars/bson-4.11.2.jar with timestamp 1764659125788
[2025-12-02T07:05:54.396+0000] {spark_read_mongo_dag.py:57} ERROR - spark-submit stderr | 25/12/02 07:05:27 INFO SparkContext: Added JAR /opt/***/jars/mongodb-driver-core-4.11.2.jar at spark://1914c6b7747c:40685/jars/mongodb-driver-core-4.11.2.jar with timestamp 1764659125788
[2025-12-02T07:05:54.396+0000] {spark_read_mongo_dag.py:57} ERROR - spark-submit stderr | 25/12/02 07:05:27 INFO SparkContext: Added JAR /opt/***/jars/mongodb-driver-sync-4.11.2.jar at spark://1914c6b7747c:40685/jars/mongodb-driver-sync-4.11.2.jar with timestamp 1764659125788
[2025-12-02T07:05:54.398+0000] {spark_read_mongo_dag.py:57} ERROR - spark-submit stderr | 25/12/02 07:05:27 INFO SparkContext: Added JAR /opt/***/jars/iceberg-spark-runtime-3.5_2.12-1.5.2.jar at spark://1914c6b7747c:40685/jars/iceberg-spark-runtime-3.5_2.12-1.5.2.jar with timestamp 1764659125788
[2025-12-02T07:05:54.398+0000] {spark_read_mongo_dag.py:57} ERROR - spark-submit stderr | 25/12/02 07:05:27 INFO SparkContext: Added JAR /opt/***/jars/hadoop-aws-3.3.4.jar at spark://1914c6b7747c:40685/jars/hadoop-aws-3.3.4.jar with timestamp 1764659125788
[2025-12-02T07:05:54.400+0000] {spark_read_mongo_dag.py:57} ERROR - spark-submit stderr | 25/12/02 07:05:27 INFO SparkContext: Added JAR /opt/***/jars/aws-java-sdk-bundle-1.12.772.jar at spark://1914c6b7747c:40685/jars/aws-java-sdk-bundle-1.12.772.jar with timestamp 1764659125788
[2025-12-02T07:05:54.404+0000] {spark_read_mongo_dag.py:57} ERROR - spark-submit stderr | 25/12/02 07:05:27 INFO Executor: Starting executor ID driver on host 1914c6b7747c
[2025-12-02T07:05:54.405+0000] {spark_read_mongo_dag.py:57} ERROR - spark-submit stderr | 25/12/02 07:05:27 INFO Executor: Starting executor with user classpath (userClassPathFirst = false): ''
[2025-12-02T07:05:54.406+0000] {spark_read_mongo_dag.py:57} ERROR - spark-submit stderr | 25/12/02 07:05:27 INFO Executor: Fetching spark://1914c6b7747c:40685/jars/mongodb-driver-core-4.11.2.jar with timestamp 1764659125788
[2025-12-02T07:05:54.407+0000] {spark_read_mongo_dag.py:57} ERROR - spark-submit stderr | 25/12/02 07:05:27 INFO TransportClientFactory: Successfully created connection to 1914c6b7747c/172.19.0.9:40685 after 32 ms (0 ms spent in bootstraps)
[2025-12-02T07:05:54.407+0000] {spark_read_mongo_dag.py:57} ERROR - spark-submit stderr | 25/12/02 07:05:27 INFO Utils: Fetching spark://1914c6b7747c:40685/jars/mongodb-driver-core-4.11.2.jar to /tmp/spark-cd1a6746-cb68-4b8c-9d44-5db05a0cdf29/userFiles-a19e8cd9-60dd-44c6-82eb-92742bfe1ddf/fetchFileTemp3776815255957273904.tmp
[2025-12-02T07:05:54.408+0000] {spark_read_mongo_dag.py:57} ERROR - spark-submit stderr | 25/12/02 07:05:27 INFO Executor: Adding file:/tmp/spark-cd1a6746-cb68-4b8c-9d44-5db05a0cdf29/userFiles-a19e8cd9-60dd-44c6-82eb-92742bfe1ddf/mongodb-driver-core-4.11.2.jar to class loader
[2025-12-02T07:05:54.408+0000] {spark_read_mongo_dag.py:57} ERROR - spark-submit stderr | 25/12/02 07:05:27 INFO Executor: Fetching spark://1914c6b7747c:40685/jars/mongodb-driver-sync-4.11.2.jar with timestamp 1764659125788
[2025-12-02T07:05:54.409+0000] {spark_read_mongo_dag.py:57} ERROR - spark-submit stderr | 25/12/02 07:05:27 INFO Utils: Fetching spark://1914c6b7747c:40685/jars/mongodb-driver-sync-4.11.2.jar to /tmp/spark-cd1a6746-cb68-4b8c-9d44-5db05a0cdf29/userFiles-a19e8cd9-60dd-44c6-82eb-92742bfe1ddf/fetchFileTemp17357565382712244272.tmp
[2025-12-02T07:05:54.410+0000] {spark_read_mongo_dag.py:57} ERROR - spark-submit stderr | 25/12/02 07:05:27 INFO Executor: Adding file:/tmp/spark-cd1a6746-cb68-4b8c-9d44-5db05a0cdf29/userFiles-a19e8cd9-60dd-44c6-82eb-92742bfe1ddf/mongodb-driver-sync-4.11.2.jar to class loader
[2025-12-02T07:05:54.410+0000] {spark_read_mongo_dag.py:57} ERROR - spark-submit stderr | 25/12/02 07:05:27 INFO Executor: Fetching spark://1914c6b7747c:40685/jars/hadoop-aws-3.3.4.jar with timestamp 1764659125788
[2025-12-02T07:05:54.411+0000] {spark_read_mongo_dag.py:57} ERROR - spark-submit stderr | 25/12/02 07:05:27 INFO Utils: Fetching spark://1914c6b7747c:40685/jars/hadoop-aws-3.3.4.jar to /tmp/spark-cd1a6746-cb68-4b8c-9d44-5db05a0cdf29/userFiles-a19e8cd9-60dd-44c6-82eb-92742bfe1ddf/fetchFileTemp4690953857540517321.tmp
[2025-12-02T07:05:54.411+0000] {spark_read_mongo_dag.py:57} ERROR - spark-submit stderr | 25/12/02 07:05:27 INFO Executor: Adding file:/tmp/spark-cd1a6746-cb68-4b8c-9d44-5db05a0cdf29/userFiles-a19e8cd9-60dd-44c6-82eb-92742bfe1ddf/hadoop-aws-3.3.4.jar to class loader
[2025-12-02T07:05:54.412+0000] {spark_read_mongo_dag.py:57} ERROR - spark-submit stderr | 25/12/02 07:05:27 INFO Executor: Fetching spark://1914c6b7747c:40685/jars/aws-java-sdk-bundle-1.12.772.jar with timestamp 1764659125788
[2025-12-02T07:05:54.413+0000] {spark_read_mongo_dag.py:57} ERROR - spark-submit stderr | 25/12/02 07:05:27 INFO Utils: Fetching spark://1914c6b7747c:40685/jars/aws-java-sdk-bundle-1.12.772.jar to /tmp/spark-cd1a6746-cb68-4b8c-9d44-5db05a0cdf29/userFiles-a19e8cd9-60dd-44c6-82eb-92742bfe1ddf/fetchFileTemp1963396980334675709.tmp
[2025-12-02T07:05:54.413+0000] {spark_read_mongo_dag.py:57} ERROR - spark-submit stderr | 25/12/02 07:05:41 INFO Executor: Adding file:/tmp/spark-cd1a6746-cb68-4b8c-9d44-5db05a0cdf29/userFiles-a19e8cd9-60dd-44c6-82eb-92742bfe1ddf/aws-java-sdk-bundle-1.12.772.jar to class loader
[2025-12-02T07:05:54.414+0000] {spark_read_mongo_dag.py:57} ERROR - spark-submit stderr | 25/12/02 07:05:41 INFO Executor: Fetching spark://1914c6b7747c:40685/jars/mongo-spark-connector_2.12-10.1.1.jar with timestamp 1764659125788
[2025-12-02T07:05:54.415+0000] {spark_read_mongo_dag.py:57} ERROR - spark-submit stderr | 25/12/02 07:05:41 INFO Utils: Fetching spark://1914c6b7747c:40685/jars/mongo-spark-connector_2.12-10.1.1.jar to /tmp/spark-cd1a6746-cb68-4b8c-9d44-5db05a0cdf29/userFiles-a19e8cd9-60dd-44c6-82eb-92742bfe1ddf/fetchFileTemp15390161446610648285.tmp
[2025-12-02T07:05:54.417+0000] {spark_read_mongo_dag.py:57} ERROR - spark-submit stderr | 25/12/02 07:05:41 INFO Executor: Adding file:/tmp/spark-cd1a6746-cb68-4b8c-9d44-5db05a0cdf29/userFiles-a19e8cd9-60dd-44c6-82eb-92742bfe1ddf/mongo-spark-connector_2.12-10.1.1.jar to class loader
[2025-12-02T07:05:54.418+0000] {spark_read_mongo_dag.py:57} ERROR - spark-submit stderr | 25/12/02 07:05:41 INFO Executor: Fetching spark://1914c6b7747c:40685/jars/iceberg-spark-runtime-3.5_2.12-1.5.2.jar with timestamp 1764659125788
[2025-12-02T07:05:54.418+0000] {spark_read_mongo_dag.py:57} ERROR - spark-submit stderr | 25/12/02 07:05:41 INFO Utils: Fetching spark://1914c6b7747c:40685/jars/iceberg-spark-runtime-3.5_2.12-1.5.2.jar to /tmp/spark-cd1a6746-cb68-4b8c-9d44-5db05a0cdf29/userFiles-a19e8cd9-60dd-44c6-82eb-92742bfe1ddf/fetchFileTemp17700799145992751069.tmp
[2025-12-02T07:05:54.419+0000] {spark_read_mongo_dag.py:57} ERROR - spark-submit stderr | 25/12/02 07:05:41 INFO Executor: Adding file:/tmp/spark-cd1a6746-cb68-4b8c-9d44-5db05a0cdf29/userFiles-a19e8cd9-60dd-44c6-82eb-92742bfe1ddf/iceberg-spark-runtime-3.5_2.12-1.5.2.jar to class loader
[2025-12-02T07:05:54.420+0000] {spark_read_mongo_dag.py:57} ERROR - spark-submit stderr | 25/12/02 07:05:41 INFO Executor: Fetching spark://1914c6b7747c:40685/jars/bson-4.11.2.jar with timestamp 1764659125788
[2025-12-02T07:05:54.420+0000] {spark_read_mongo_dag.py:57} ERROR - spark-submit stderr | 25/12/02 07:05:41 INFO Utils: Fetching spark://1914c6b7747c:40685/jars/bson-4.11.2.jar to /tmp/spark-cd1a6746-cb68-4b8c-9d44-5db05a0cdf29/userFiles-a19e8cd9-60dd-44c6-82eb-92742bfe1ddf/fetchFileTemp7439490240672042758.tmp
[2025-12-02T07:05:54.421+0000] {spark_read_mongo_dag.py:57} ERROR - spark-submit stderr | 25/12/02 07:05:41 INFO Executor: Adding file:/tmp/spark-cd1a6746-cb68-4b8c-9d44-5db05a0cdf29/userFiles-a19e8cd9-60dd-44c6-82eb-92742bfe1ddf/bson-4.11.2.jar to class loader
[2025-12-02T07:05:54.422+0000] {spark_read_mongo_dag.py:57} ERROR - spark-submit stderr | 25/12/02 07:05:41 INFO Utils: Successfully started service 'org.apache.spark.network.netty.NettyBlockTransferService' on port 36371.
[2025-12-02T07:05:54.422+0000] {spark_read_mongo_dag.py:57} ERROR - spark-submit stderr | 25/12/02 07:05:41 INFO NettyBlockTransferService: Server created on 1914c6b7747c:36371
[2025-12-02T07:05:54.423+0000] {spark_read_mongo_dag.py:57} ERROR - spark-submit stderr | 25/12/02 07:05:41 INFO BlockManager: Using org.apache.spark.storage.RandomBlockReplicationPolicy for block replication policy
[2025-12-02T07:05:54.423+0000] {spark_read_mongo_dag.py:57} ERROR - spark-submit stderr | 25/12/02 07:05:41 INFO BlockManagerMaster: Registering BlockManager BlockManagerId(driver, 1914c6b7747c, 36371, None)
[2025-12-02T07:05:54.424+0000] {spark_read_mongo_dag.py:57} ERROR - spark-submit stderr | 25/12/02 07:05:41 INFO BlockManagerMasterEndpoint: Registering block manager 1914c6b7747c:36371 with 434.4 MiB RAM, BlockManagerId(driver, 1914c6b7747c, 36371, None)
[2025-12-02T07:05:54.425+0000] {spark_read_mongo_dag.py:57} ERROR - spark-submit stderr | 25/12/02 07:05:41 INFO BlockManagerMaster: Registered BlockManager BlockManagerId(driver, 1914c6b7747c, 36371, None)
[2025-12-02T07:05:54.425+0000] {spark_read_mongo_dag.py:57} ERROR - spark-submit stderr | 25/12/02 07:05:41 INFO BlockManager: Initialized BlockManager: BlockManagerId(driver, 1914c6b7747c, 36371, None)
[2025-12-02T07:05:54.426+0000] {spark_read_mongo_dag.py:57} ERROR - spark-submit stderr | 25/12/02 07:05:42 INFO SharedState: Setting hive.metastore.warehouse.dir ('null') to the value of spark.sql.warehouse.dir.
[2025-12-02T07:05:54.427+0000] {spark_read_mongo_dag.py:57} ERROR - spark-submit stderr | 25/12/02 07:05:42 INFO SharedState: Warehouse path is 'file:/opt/***/spark-warehouse'.
[2025-12-02T07:05:54.428+0000] {spark_read_mongo_dag.py:57} ERROR - spark-submit stderr | 25/12/02 07:05:43 INFO client: MongoClient with metadata {"driver": {"name": "mongo-java-driver|sync|mongo-spark-connector|source", "version": "4.11.2|10.1.1"}, "os": {"type": "Linux", "name": "Linux", "architecture": "amd64", "version": "6.6.87.2-microsoft-standard-WSL2"}, "platform": "Java/Debian/17.0.17+10-Debian-1deb12u1|Scala/2.12.17/Spark/3.4.1"} created with settings MongoClientSettings{readPreference=primary, writeConcern=WriteConcern{w=null, wTimeout=null ms, journal=null}, retryWrites=true, retryReads=true, readConcern=ReadConcern{level=null}, credential=MongoCredential{mechanism=null, userName='admin', source='admin', password=<hidden>, mechanismProperties=<hidden>}, transportSettings=null, streamFactoryFactory=null, commandListeners=[], codecRegistry=ProvidersCodecRegistry{codecProviders=[ValueCodecProvider{}, BsonValueCodecProvider{}, DBRefCodecProvider{}, DBObjectCodecProvider{}, DocumentCodecProvider{}, CollectionCodecProvider{}, IterableCodecProvider{}, MapCodecProvider{}, GeoJsonCodecProvider{}, GridFSFileCodecProvider{}, Jsr310CodecProvider{}, JsonObjectCodecProvider{}, BsonCodecProvider{}, EnumCodecProvider{}, com.mongodb.client.model.mql.ExpressionCodecProvider@328e42cc, com.mongodb.Jep395RecordCodecProvider@37727971, com.mongodb.KotlinCodecProvider@5bfd2819]}, loggerSettings=LoggerSettings{maxDocumentLength=1000}, clusterSettings={hosts=[mongo:27017], srvServiceName=mongodb, mode=SINGLE, requiredClusterType=UNKNOWN, requiredReplicaSetName='null', serverSelector='null', clusterListeners='[]', serverSelectionTimeout='30000 ms', localThreshold='15 ms'}, socketSettings=SocketSettings{connectTimeoutMS=10000, readTimeoutMS=0, receiveBufferSize=0, proxySettings=ProxySettings{host=null, port=null, username=null, password=null}}, heartbeatSocketSettings=SocketSettings{connectTimeoutMS=10000, readTimeoutMS=10000, receiveBufferSize=0, proxySettings=ProxySettings{host=null, port=null, username=null, password=null}}, connectionPoolSettings=ConnectionPoolSettings{maxSize=100, minSize=0, maxWaitTimeMS=120000, maxConnectionLifeTimeMS=0, maxConnectionIdleTimeMS=0, maintenanceInitialDelayMS=0, maintenanceFrequencyMS=60000, connectionPoolListeners=[], maxConnecting=2}, serverSettings=ServerSettings{heartbeatFrequencyMS=10000, minHeartbeatFrequencyMS=500, serverListeners='[]', serverMonitorListeners='[]'}, sslSettings=SslSettings{enabled=false, invalidHostNameAllowed=false, context=null}, applicationName='null', compressorList=[], uuidRepresentation=UNSPECIFIED, serverApi=null, autoEncryptionSettings=null, dnsClient=null, inetAddressResolver=null, contextProvider=null}
[2025-12-02T07:05:54.428+0000] {spark_read_mongo_dag.py:57} ERROR - spark-submit stderr | 25/12/02 07:05:43 INFO cluster: Monitor thread successfully connected to server with description ServerDescription{address=mongo:27017, type=STANDALONE, state=CONNECTED, ok=true, minWireVersion=0, maxWireVersion=17, maxDocumentSize=16777216, logicalSessionTimeoutMinutes=30, roundTripTimeNanos=54493248}
[2025-12-02T07:05:54.429+0000] {spark_read_mongo_dag.py:57} ERROR - spark-submit stderr | 25/12/02 07:05:44 INFO MongoTable: Creating MongoTable: mongo-spark-connector-10.1.1
[2025-12-02T07:05:54.430+0000] {spark_read_mongo_dag.py:57} ERROR - spark-submit stderr | 25/12/02 07:05:48 WARN MetricsConfig: Cannot locate configuration: tried hadoop-metrics2-s3a-file-system.properties,hadoop-metrics2.properties
[2025-12-02T07:05:54.431+0000] {spark_read_mongo_dag.py:57} ERROR - spark-submit stderr | 25/12/02 07:05:48 INFO MetricsSystemImpl: Scheduled Metric snapshot period at 10 second(s).
[2025-12-02T07:05:54.432+0000] {spark_read_mongo_dag.py:57} ERROR - spark-submit stderr | 25/12/02 07:05:48 INFO MetricsSystemImpl: s3a-file-system metrics system started
[2025-12-02T07:05:54.432+0000] {spark_read_mongo_dag.py:57} ERROR - spark-submit stderr | 25/12/02 07:05:48 WARN VersionInfoUtils: The AWS SDK for Java 1.x entered maintenance mode starting July 31, 2024 and will reach end of support on December 31, 2025. For more information, see https://aws.amazon.com/blogs/developer/the-aws-sdk-for-java-1-x-is-in-maintenance-mode-effective-july-31-2024/
[2025-12-02T07:05:54.433+0000] {spark_read_mongo_dag.py:57} ERROR - spark-submit stderr | You can print where on the file system the AWS SDK for Java 1.x core runtime is located by setting the AWS_JAVA_V1_PRINT_LOCATION environment variable or aws.java.v1.printLocation system property to 'true'.
[2025-12-02T07:05:54.434+0000] {spark_read_mongo_dag.py:57} ERROR - spark-submit stderr | This message can be disabled by setting the AWS_JAVA_V1_DISABLE_DEPRECATION_ANNOUNCEMENT environment variable or aws.java.v1.disableDeprecationAnnouncement system property to 'true'.
[2025-12-02T07:05:54.434+0000] {spark_read_mongo_dag.py:57} ERROR - spark-submit stderr | The AWS SDK for Java 1.x is being used here:
[2025-12-02T07:05:54.436+0000] {spark_read_mongo_dag.py:57} ERROR - spark-submit stderr | at java.base/java.lang.Thread.getStackTrace(Thread.java:1619)
[2025-12-02T07:05:54.438+0000] {spark_read_mongo_dag.py:57} ERROR - spark-submit stderr | at com.amazonaws.util.VersionInfoUtils.printDeprecationAnnouncement(VersionInfoUtils.java:81)
[2025-12-02T07:05:54.439+0000] {spark_read_mongo_dag.py:57} ERROR - spark-submit stderr | at com.amazonaws.util.VersionInfoUtils.<clinit>(VersionInfoUtils.java:59)
[2025-12-02T07:05:54.440+0000] {spark_read_mongo_dag.py:57} ERROR - spark-submit stderr | at com.amazonaws.internal.EC2ResourceFetcher.<clinit>(EC2ResourceFetcher.java:44)
[2025-12-02T07:05:54.440+0000] {spark_read_mongo_dag.py:57} ERROR - spark-submit stderr | at com.amazonaws.auth.InstanceMetadataServiceCredentialsFetcher.<init>(InstanceMetadataServiceCredentialsFetcher.java:38)
[2025-12-02T07:05:54.441+0000] {spark_read_mongo_dag.py:57} ERROR - spark-submit stderr | at com.amazonaws.auth.InstanceProfileCredentialsProvider.<init>(InstanceProfileCredentialsProvider.java:111)
[2025-12-02T07:05:54.442+0000] {spark_read_mongo_dag.py:57} ERROR - spark-submit stderr | at com.amazonaws.auth.InstanceProfileCredentialsProvider.<init>(InstanceProfileCredentialsProvider.java:91)
[2025-12-02T07:05:54.443+0000] {spark_read_mongo_dag.py:57} ERROR - spark-submit stderr | at com.amazonaws.auth.InstanceProfileCredentialsProvider.<init>(InstanceProfileCredentialsProvider.java:75)
[2025-12-02T07:05:54.445+0000] {spark_read_mongo_dag.py:57} ERROR - spark-submit stderr | at com.amazonaws.auth.InstanceProfileCredentialsProvider.<clinit>(InstanceProfileCredentialsProvider.java:58)
[2025-12-02T07:05:54.447+0000] {spark_read_mongo_dag.py:57} ERROR - spark-submit stderr | at com.amazonaws.auth.EC2ContainerCredentialsProviderWrapper.initializeProvider(EC2ContainerCredentialsProviderWrapper.java:66)
[2025-12-02T07:05:54.449+0000] {spark_read_mongo_dag.py:57} ERROR - spark-submit stderr | at com.amazonaws.auth.EC2ContainerCredentialsProviderWrapper.<init>(EC2ContainerCredentialsProviderWrapper.java:55)
[2025-12-02T07:05:54.449+0000] {spark_read_mongo_dag.py:57} ERROR - spark-submit stderr | at org.apache.hadoop.fs.s3a.auth.IAMInstanceCredentialsProvider.<init>(IAMInstanceCredentialsProvider.java:49)
[2025-12-02T07:05:54.450+0000] {spark_read_mongo_dag.py:57} ERROR - spark-submit stderr | at java.base/jdk.internal.reflect.NativeConstructorAccessorImpl.newInstance0(Native Method)
[2025-12-02T07:05:54.451+0000] {spark_read_mongo_dag.py:57} ERROR - spark-submit stderr | at java.base/jdk.internal.reflect.NativeConstructorAccessorImpl.newInstance(NativeConstructorAccessorImpl.java:77)
[2025-12-02T07:05:54.453+0000] {spark_read_mongo_dag.py:57} ERROR - spark-submit stderr | at java.base/jdk.internal.reflect.DelegatingConstructorAccessorImpl.newInstance(DelegatingConstructorAccessorImpl.java:45)
[2025-12-02T07:05:54.453+0000] {spark_read_mongo_dag.py:57} ERROR - spark-submit stderr | at java.base/java.lang.reflect.Constructor.newInstanceWithCaller(Constructor.java:500)
[2025-12-02T07:05:54.454+0000] {spark_read_mongo_dag.py:57} ERROR - spark-submit stderr | at java.base/java.lang.reflect.Constructor.newInstance(Constructor.java:481)
[2025-12-02T07:05:54.455+0000] {spark_read_mongo_dag.py:57} ERROR - spark-submit stderr | at org.apache.hadoop.fs.s3a.S3AUtils.createAWSCredentialProvider(S3AUtils.java:766)
[2025-12-02T07:05:54.456+0000] {spark_read_mongo_dag.py:57} ERROR - spark-submit stderr | at org.apache.hadoop.fs.s3a.S3AUtils.buildAWSProviderList(S3AUtils.java:698)
[2025-12-02T07:05:54.457+0000] {spark_read_mongo_dag.py:57} ERROR - spark-submit stderr | at org.apache.hadoop.fs.s3a.S3AUtils.createAWSCredentialProviderSet(S3AUtils.java:631)
[2025-12-02T07:05:54.457+0000] {spark_read_mongo_dag.py:57} ERROR - spark-submit stderr | at org.apache.hadoop.fs.s3a.S3AFileSystem.bindAWSClient(S3AFileSystem.java:877)
[2025-12-02T07:05:54.458+0000] {spark_read_mongo_dag.py:57} ERROR - spark-submit stderr | at org.apache.hadoop.fs.s3a.S3AFileSystem.initialize(S3AFileSystem.java:534)
[2025-12-02T07:05:54.459+0000] {spark_read_mongo_dag.py:57} ERROR - spark-submit stderr | at org.apache.hadoop.fs.FileSystem.createFileSystem(FileSystem.java:3469)
[2025-12-02T07:05:54.460+0000] {spark_read_mongo_dag.py:57} ERROR - spark-submit stderr | at org.apache.hadoop.fs.FileSystem.access$300(FileSystem.java:174)
[2025-12-02T07:05:54.461+0000] {spark_read_mongo_dag.py:57} ERROR - spark-submit stderr | at org.apache.hadoop.fs.FileSystem$Cache.getInternal(FileSystem.java:3574)
[2025-12-02T07:05:54.461+0000] {spark_read_mongo_dag.py:57} ERROR - spark-submit stderr | at org.apache.hadoop.fs.FileSystem$Cache.get(FileSystem.java:3521)
[2025-12-02T07:05:54.462+0000] {spark_read_mongo_dag.py:57} ERROR - spark-submit stderr | at org.apache.hadoop.fs.FileSystem.get(FileSystem.java:540)
[2025-12-02T07:05:54.463+0000] {spark_read_mongo_dag.py:57} ERROR - spark-submit stderr | at org.apache.hadoop.fs.Path.getFileSystem(Path.java:365)
[2025-12-02T07:05:54.464+0000] {spark_read_mongo_dag.py:57} ERROR - spark-submit stderr | at org.apache.iceberg.hadoop.Util.getFs(Util.java:56)
[2025-12-02T07:05:54.466+0000] {spark_read_mongo_dag.py:57} ERROR - spark-submit stderr | at org.apache.iceberg.hadoop.HadoopCatalog.initialize(HadoopCatalog.java:112)
[2025-12-02T07:05:54.467+0000] {spark_read_mongo_dag.py:57} ERROR - spark-submit stderr | at org.apache.iceberg.CatalogUtil.loadCatalog(CatalogUtil.java:255)
[2025-12-02T07:05:54.469+0000] {spark_read_mongo_dag.py:57} ERROR - spark-submit stderr | at org.apache.iceberg.CatalogUtil.buildIcebergCatalog(CatalogUtil.java:309)
[2025-12-02T07:05:54.470+0000] {spark_read_mongo_dag.py:57} ERROR - spark-submit stderr | at org.apache.iceberg.spark.SparkCatalog.buildIcebergCatalog(SparkCatalog.java:154)
[2025-12-02T07:05:54.471+0000] {spark_read_mongo_dag.py:57} ERROR - spark-submit stderr | at org.apache.iceberg.spark.SparkCatalog.initialize(SparkCatalog.java:751)
[2025-12-02T07:05:54.472+0000] {spark_read_mongo_dag.py:57} ERROR - spark-submit stderr | at org.apache.spark.sql.connector.catalog.Catalogs$.load(Catalogs.scala:65)
[2025-12-02T07:05:54.473+0000] {spark_read_mongo_dag.py:57} ERROR - spark-submit stderr | at org.apache.spark.sql.connector.catalog.CatalogManager.$anonfun$catalog$1(CatalogManager.scala:53)
[2025-12-02T07:05:54.474+0000] {spark_read_mongo_dag.py:57} ERROR - spark-submit stderr | at scala.collection.mutable.HashMap.getOrElseUpdate(HashMap.scala:86)
[2025-12-02T07:05:54.476+0000] {spark_read_mongo_dag.py:57} ERROR - spark-submit stderr | at org.apache.spark.sql.connector.catalog.CatalogManager.catalog(CatalogManager.scala:53)
[2025-12-02T07:05:54.479+0000] {spark_read_mongo_dag.py:57} ERROR - spark-submit stderr | at org.apache.spark.sql.connector.catalog.CatalogManager.currentCatalog(CatalogManager.scala:122)
[2025-12-02T07:05:54.481+0000] {spark_read_mongo_dag.py:57} ERROR - spark-submit stderr | at org.apache.spark.sql.connector.catalog.CatalogManager.currentNamespace(CatalogManager.scala:93)
[2025-12-02T07:05:54.482+0000] {spark_read_mongo_dag.py:57} ERROR - spark-submit stderr | at org.apache.spark.sql.catalyst.optimizer.ReplaceCurrentLike.apply(finishAnalysis.scala:110)
[2025-12-02T07:05:54.482+0000] {spark_read_mongo_dag.py:57} ERROR - spark-submit stderr | at org.apache.spark.sql.catalyst.optimizer.ReplaceCurrentLike.apply(finishAnalysis.scala:107)
[2025-12-02T07:05:54.483+0000] {spark_read_mongo_dag.py:57} ERROR - spark-submit stderr | at org.apache.spark.sql.catalyst.optimizer.Optimizer$FinishAnalysis$.$anonfun$apply$1(Optimizer.scala:289)
[2025-12-02T07:05:54.484+0000] {spark_read_mongo_dag.py:57} ERROR - spark-submit stderr | at scala.collection.LinearSeqOptimized.foldLeft(LinearSeqOptimized.scala:126)
[2025-12-02T07:05:54.485+0000] {spark_read_mongo_dag.py:57} ERROR - spark-submit stderr | at scala.collection.LinearSeqOptimized.foldLeft$(LinearSeqOptimized.scala:122)
[2025-12-02T07:05:54.485+0000] {spark_read_mongo_dag.py:57} ERROR - spark-submit stderr | at scala.collection.immutable.List.foldLeft(List.scala:91)
[2025-12-02T07:05:54.486+0000] {spark_read_mongo_dag.py:57} ERROR - spark-submit stderr | at org.apache.spark.sql.catalyst.optimizer.Optimizer$FinishAnalysis$.apply(Optimizer.scala:289)
[2025-12-02T07:05:54.487+0000] {spark_read_mongo_dag.py:57} ERROR - spark-submit stderr | at org.apache.spark.sql.catalyst.optimizer.Optimizer$FinishAnalysis$.apply(Optimizer.scala:271)
[2025-12-02T07:05:54.487+0000] {spark_read_mongo_dag.py:57} ERROR - spark-submit stderr | at org.apache.spark.sql.catalyst.rules.RuleExecutor.$anonfun$execute$2(RuleExecutor.scala:222)
[2025-12-02T07:05:54.488+0000] {spark_read_mongo_dag.py:57} ERROR - spark-submit stderr | at scala.collection.IndexedSeqOptimized.foldLeft(IndexedSeqOptimized.scala:60)
[2025-12-02T07:05:54.489+0000] {spark_read_mongo_dag.py:57} ERROR - spark-submit stderr | at scala.collection.IndexedSeqOptimized.foldLeft$(IndexedSeqOptimized.scala:68)
[2025-12-02T07:05:54.489+0000] {spark_read_mongo_dag.py:57} ERROR - spark-submit stderr | at scala.collection.mutable.WrappedArray.foldLeft(WrappedArray.scala:38)
[2025-12-02T07:05:54.490+0000] {spark_read_mongo_dag.py:57} ERROR - spark-submit stderr | at org.apache.spark.sql.catalyst.rules.RuleExecutor.$anonfun$execute$1(RuleExecutor.scala:219)
[2025-12-02T07:05:54.490+0000] {spark_read_mongo_dag.py:57} ERROR - spark-submit stderr | at org.apache.spark.sql.catalyst.rules.RuleExecutor.$anonfun$execute$1$adapted(RuleExecutor.scala:211)
[2025-12-02T07:05:54.491+0000] {spark_read_mongo_dag.py:57} ERROR - spark-submit stderr | at scala.collection.immutable.List.foreach(List.scala:431)
[2025-12-02T07:05:54.491+0000] {spark_read_mongo_dag.py:57} ERROR - spark-submit stderr | at org.apache.spark.sql.catalyst.rules.RuleExecutor.execute(RuleExecutor.scala:211)
[2025-12-02T07:05:54.492+0000] {spark_read_mongo_dag.py:57} ERROR - spark-submit stderr | at org.apache.spark.sql.catalyst.rules.RuleExecutor.$anonfun$executeAndTrack$1(RuleExecutor.scala:182)
[2025-12-02T07:05:54.492+0000] {spark_read_mongo_dag.py:57} ERROR - spark-submit stderr | at org.apache.spark.sql.catalyst.QueryPlanningTracker$.withTracker(QueryPlanningTracker.scala:88)
[2025-12-02T07:05:54.493+0000] {spark_read_mongo_dag.py:57} ERROR - spark-submit stderr | at org.apache.spark.sql.catalyst.rules.RuleExecutor.executeAndTrack(RuleExecutor.scala:182)
[2025-12-02T07:05:54.494+0000] {spark_read_mongo_dag.py:57} ERROR - spark-submit stderr | at org.apache.spark.sql.execution.QueryExecution.$anonfun$optimizedPlan$1(QueryExecution.scala:143)
[2025-12-02T07:05:54.494+0000] {spark_read_mongo_dag.py:57} ERROR - spark-submit stderr | at org.apache.spark.sql.catalyst.QueryPlanningTracker.measurePhase(QueryPlanningTracker.scala:111)
[2025-12-02T07:05:54.495+0000] {spark_read_mongo_dag.py:57} ERROR - spark-submit stderr | at org.apache.spark.sql.execution.QueryExecution.$anonfun$executePhase$2(QueryExecution.scala:202)
[2025-12-02T07:05:54.496+0000] {spark_read_mongo_dag.py:57} ERROR - spark-submit stderr | at org.apache.spark.sql.execution.QueryExecution$.withInternalError(QueryExecution.scala:526)
[2025-12-02T07:05:54.496+0000] {spark_read_mongo_dag.py:57} ERROR - spark-submit stderr | at org.apache.spark.sql.execution.QueryExecution.$anonfun$executePhase$1(QueryExecution.scala:202)
[2025-12-02T07:05:54.497+0000] {spark_read_mongo_dag.py:57} ERROR - spark-submit stderr | at org.apache.spark.sql.SparkSession.withActive(SparkSession.scala:827)
[2025-12-02T07:05:54.497+0000] {spark_read_mongo_dag.py:57} ERROR - spark-submit stderr | at org.apache.spark.sql.execution.QueryExecution.executePhase(QueryExecution.scala:201)
[2025-12-02T07:05:54.498+0000] {spark_read_mongo_dag.py:57} ERROR - spark-submit stderr | at org.apache.spark.sql.execution.QueryExecution.optimizedPlan$lzycompute(QueryExecution.scala:139)
[2025-12-02T07:05:54.498+0000] {spark_read_mongo_dag.py:57} ERROR - spark-submit stderr | at org.apache.spark.sql.execution.QueryExecution.optimizedPlan(QueryExecution.scala:135)
[2025-12-02T07:05:54.499+0000] {spark_read_mongo_dag.py:57} ERROR - spark-submit stderr | at org.apache.spark.sql.execution.QueryExecution.assertOptimized(QueryExecution.scala:153)
[2025-12-02T07:05:54.499+0000] {spark_read_mongo_dag.py:57} ERROR - spark-submit stderr | at org.apache.spark.sql.execution.QueryExecution.executedPlan$lzycompute(QueryExecution.scala:171)
[2025-12-02T07:05:54.500+0000] {spark_read_mongo_dag.py:57} ERROR - spark-submit stderr | at org.apache.spark.sql.execution.QueryExecution.executedPlan(QueryExecution.scala:168)
[2025-12-02T07:05:54.501+0000] {spark_read_mongo_dag.py:57} ERROR - spark-submit stderr | at org.apache.spark.sql.execution.QueryExecution.simpleString(QueryExecution.scala:221)
[2025-12-02T07:05:54.503+0000] {spark_read_mongo_dag.py:57} ERROR - spark-submit stderr | at org.apache.spark.sql.execution.QueryExecution.org$apache$spark$sql$execution$QueryExecution$$explainString(QueryExecution.scala:266)
[2025-12-02T07:05:54.504+0000] {spark_read_mongo_dag.py:57} ERROR - spark-submit stderr | at org.apache.spark.sql.execution.QueryExecution.explainString(QueryExecution.scala:235)
[2025-12-02T07:05:54.504+0000] {spark_read_mongo_dag.py:57} ERROR - spark-submit stderr | at org.apache.spark.sql.execution.SQLExecution$.$anonfun$withNewExecutionId$6(SQLExecution.scala:112)
[2025-12-02T07:05:54.505+0000] {spark_read_mongo_dag.py:57} ERROR - spark-submit stderr | at org.apache.spark.sql.execution.SQLExecution$.withSQLConfPropagated(SQLExecution.scala:195)
[2025-12-02T07:05:54.506+0000] {spark_read_mongo_dag.py:57} ERROR - spark-submit stderr | at org.apache.spark.sql.execution.SQLExecution$.$anonfun$withNewExecutionId$1(SQLExecution.scala:103)
[2025-12-02T07:05:54.506+0000] {spark_read_mongo_dag.py:57} ERROR - spark-submit stderr | at org.apache.spark.sql.SparkSession.withActive(SparkSession.scala:827)
[2025-12-02T07:05:54.507+0000] {spark_read_mongo_dag.py:57} ERROR - spark-submit stderr | at org.apache.spark.sql.execution.SQLExecution$.withNewExecutionId(SQLExecution.scala:65)
[2025-12-02T07:05:54.507+0000] {spark_read_mongo_dag.py:57} ERROR - spark-submit stderr | at org.apache.spark.sql.Dataset.withAction(Dataset.scala:4165)
[2025-12-02T07:05:54.508+0000] {spark_read_mongo_dag.py:57} ERROR - spark-submit stderr | at org.apache.spark.sql.Dataset.count(Dataset.scala:3458)
[2025-12-02T07:05:54.508+0000] {spark_read_mongo_dag.py:57} ERROR - spark-submit stderr | at java.base/jdk.internal.reflect.NativeMethodAccessorImpl.invoke0(Native Method)
[2025-12-02T07:05:54.509+0000] {spark_read_mongo_dag.py:57} ERROR - spark-submit stderr | at java.base/jdk.internal.reflect.NativeMethodAccessorImpl.invoke(NativeMethodAccessorImpl.java:77)
[2025-12-02T07:05:54.509+0000] {spark_read_mongo_dag.py:57} ERROR - spark-submit stderr | at java.base/jdk.internal.reflect.DelegatingMethodAccessorImpl.invoke(DelegatingMethodAccessorImpl.java:43)
[2025-12-02T07:05:54.510+0000] {spark_read_mongo_dag.py:57} ERROR - spark-submit stderr | at java.base/java.lang.reflect.Method.invoke(Method.java:569)
[2025-12-02T07:05:54.511+0000] {spark_read_mongo_dag.py:57} ERROR - spark-submit stderr | at py4j.reflection.MethodInvoker.invoke(MethodInvoker.java:244)
[2025-12-02T07:05:54.512+0000] {spark_read_mongo_dag.py:57} ERROR - spark-submit stderr | at py4j.reflection.ReflectionEngine.invoke(ReflectionEngine.java:374)
[2025-12-02T07:05:54.512+0000] {spark_read_mongo_dag.py:57} ERROR - spark-submit stderr | at py4j.Gateway.invoke(Gateway.java:282)
[2025-12-02T07:05:54.513+0000] {spark_read_mongo_dag.py:57} ERROR - spark-submit stderr | at py4j.commands.AbstractCommand.invokeMethod(AbstractCommand.java:132)
[2025-12-02T07:05:54.514+0000] {spark_read_mongo_dag.py:57} ERROR - spark-submit stderr | at py4j.commands.CallCommand.execute(CallCommand.java:79)
[2025-12-02T07:05:54.515+0000] {spark_read_mongo_dag.py:57} ERROR - spark-submit stderr | at py4j.ClientServerConnection.waitForCommands(ClientServerConnection.java:182)
[2025-12-02T07:05:54.516+0000] {spark_read_mongo_dag.py:57} ERROR - spark-submit stderr | at py4j.ClientServerConnection.run(ClientServerConnection.java:106)
[2025-12-02T07:05:54.516+0000] {spark_read_mongo_dag.py:57} ERROR - spark-submit stderr | at java.base/java.lang.Thread.run(Thread.java:840)
[2025-12-02T07:05:54.517+0000] {spark_read_mongo_dag.py:57} ERROR - spark-submit stderr | 25/12/02 07:05:50 INFO CatalogUtil: Loading custom FileIO implementation: org.apache.iceberg.hadoop.HadoopFileIO
[2025-12-02T07:05:54.518+0000] {spark_read_mongo_dag.py:57} ERROR - spark-submit stderr | 25/12/02 07:05:50 INFO V2ScanRelationPushDown: 
[2025-12-02T07:05:54.518+0000] {spark_read_mongo_dag.py:57} ERROR - spark-submit stderr | Output: 
[2025-12-02T07:05:54.519+0000] {spark_read_mongo_dag.py:57} ERROR - spark-submit stderr |          
[2025-12-02T07:05:54.519+0000] {spark_read_mongo_dag.py:57} ERROR - spark-submit stderr | 25/12/02 07:05:50 INFO Partitioner: Getting collection stats for: ai_segmentation.conversations
[2025-12-02T07:05:54.520+0000] {spark_read_mongo_dag.py:57} ERROR - spark-submit stderr | 25/12/02 07:05:50 INFO client: MongoClient with metadata {"driver": {"name": "mongo-java-driver|sync|mongo-spark-connector|source", "version": "4.11.2|10.1.1"}, "os": {"type": "Linux", "name": "Linux", "architecture": "amd64", "version": "6.6.87.2-microsoft-standard-WSL2"}, "platform": "Java/Debian/17.0.17+10-Debian-1deb12u1|Scala/2.12.17/Spark/3.4.1"} created with settings MongoClientSettings{readPreference=primary, writeConcern=WriteConcern{w=null, wTimeout=null ms, journal=null}, retryWrites=true, retryReads=true, readConcern=ReadConcern{level=null}, credential=MongoCredential{mechanism=null, userName='admin', source='admin', password=<hidden>, mechanismProperties=<hidden>}, transportSettings=null, streamFactoryFactory=null, commandListeners=[], codecRegistry=ProvidersCodecRegistry{codecProviders=[ValueCodecProvider{}, BsonValueCodecProvider{}, DBRefCodecProvider{}, DBObjectCodecProvider{}, DocumentCodecProvider{}, CollectionCodecProvider{}, IterableCodecProvider{}, MapCodecProvider{}, GeoJsonCodecProvider{}, GridFSFileCodecProvider{}, Jsr310CodecProvider{}, JsonObjectCodecProvider{}, BsonCodecProvider{}, EnumCodecProvider{}, com.mongodb.client.model.mql.ExpressionCodecProvider@328e42cc, com.mongodb.Jep395RecordCodecProvider@37727971, com.mongodb.KotlinCodecProvider@5bfd2819]}, loggerSettings=LoggerSettings{maxDocumentLength=1000}, clusterSettings={hosts=[mongo:27017], srvServiceName=mongodb, mode=SINGLE, requiredClusterType=UNKNOWN, requiredReplicaSetName='null', serverSelector='null', clusterListeners='[]', serverSelectionTimeout='30000 ms', localThreshold='15 ms'}, socketSettings=SocketSettings{connectTimeoutMS=10000, readTimeoutMS=0, receiveBufferSize=0, proxySettings=ProxySettings{host=null, port=null, username=null, password=null}}, heartbeatSocketSettings=SocketSettings{connectTimeoutMS=10000, readTimeoutMS=10000, receiveBufferSize=0, proxySettings=ProxySettings{host=null, port=null, username=null, password=null}}, connectionPoolSettings=ConnectionPoolSettings{maxSize=100, minSize=0, maxWaitTimeMS=120000, maxConnectionLifeTimeMS=0, maxConnectionIdleTimeMS=0, maintenanceInitialDelayMS=0, maintenanceFrequencyMS=60000, connectionPoolListeners=[], maxConnecting=2}, serverSettings=ServerSettings{heartbeatFrequencyMS=10000, minHeartbeatFrequencyMS=500, serverListeners='[]', serverMonitorListeners='[]'}, sslSettings=SslSettings{enabled=false, invalidHostNameAllowed=false, context=null}, applicationName='null', compressorList=[], uuidRepresentation=UNSPECIFIED, serverApi=null, autoEncryptionSettings=null, dnsClient=null, inetAddressResolver=null, contextProvider=null}
[2025-12-02T07:05:54.521+0000] {spark_read_mongo_dag.py:57} ERROR - spark-submit stderr | 25/12/02 07:05:50 INFO cluster: Monitor thread successfully connected to server with description ServerDescription{address=mongo:27017, type=STANDALONE, state=CONNECTED, ok=true, minWireVersion=0, maxWireVersion=17, maxDocumentSize=16777216, logicalSessionTimeoutMinutes=30, roundTripTimeNanos=1634908}
[2025-12-02T07:05:54.522+0000] {spark_read_mongo_dag.py:57} ERROR - spark-submit stderr | 25/12/02 07:05:50 INFO cluster: No server chosen by ReadPreferenceServerSelector{readPreference=primary} from cluster description ClusterDescription{type=UNKNOWN, connectionMode=SINGLE, serverDescriptions=[ServerDescription{address=mongo:27017, type=UNKNOWN, state=CONNECTING}]}. Waiting for 30000 ms before timing out
[2025-12-02T07:05:54.523+0000] {spark_read_mongo_dag.py:57} ERROR - spark-submit stderr | 25/12/02 07:05:50 INFO Partitioner: Could not find collection: conversations
[2025-12-02T07:05:54.523+0000] {spark_read_mongo_dag.py:57} ERROR - spark-submit stderr | 25/12/02 07:05:50 WARN Partitioner: Unable to get collection stats (collstats) returning a single partition.
[2025-12-02T07:05:54.524+0000] {spark_read_mongo_dag.py:57} ERROR - spark-submit stderr | 25/12/02 07:05:50 INFO Partitioner: Getting collection stats for: ai_segmentation.conversations
[2025-12-02T07:05:54.525+0000] {spark_read_mongo_dag.py:57} ERROR - spark-submit stderr | 25/12/02 07:05:50 INFO Partitioner: Could not find collection: conversations
[2025-12-02T07:05:54.525+0000] {spark_read_mongo_dag.py:57} ERROR - spark-submit stderr | 25/12/02 07:05:50 WARN Partitioner: Unable to get collection stats (collstats) returning a single partition.
[2025-12-02T07:05:54.526+0000] {spark_read_mongo_dag.py:57} ERROR - spark-submit stderr | 25/12/02 07:05:51 INFO CodeGenerator: Code generated in 177.719954 ms
[2025-12-02T07:05:54.527+0000] {spark_read_mongo_dag.py:57} ERROR - spark-submit stderr | 25/12/02 07:05:51 INFO SparkContext: Starting job: count at NativeMethodAccessorImpl.java:0
[2025-12-02T07:05:54.528+0000] {spark_read_mongo_dag.py:57} ERROR - spark-submit stderr | 25/12/02 07:05:51 INFO DAGScheduler: Got job 0 (count at NativeMethodAccessorImpl.java:0) with 1 output partitions
[2025-12-02T07:05:54.528+0000] {spark_read_mongo_dag.py:57} ERROR - spark-submit stderr | 25/12/02 07:05:51 INFO DAGScheduler: Final stage: ResultStage 0 (count at NativeMethodAccessorImpl.java:0)
[2025-12-02T07:05:54.530+0000] {spark_read_mongo_dag.py:57} ERROR - spark-submit stderr | 25/12/02 07:05:51 INFO DAGScheduler: Parents of final stage: List()
[2025-12-02T07:05:54.531+0000] {spark_read_mongo_dag.py:57} ERROR - spark-submit stderr | 25/12/02 07:05:51 INFO DAGScheduler: Missing parents: List()
[2025-12-02T07:05:54.531+0000] {spark_read_mongo_dag.py:57} ERROR - spark-submit stderr | 25/12/02 07:05:51 INFO DAGScheduler: Submitting ResultStage 0 (MapPartitionsRDD[3] at count at NativeMethodAccessorImpl.java:0), which has no missing parents
[2025-12-02T07:05:54.532+0000] {spark_read_mongo_dag.py:57} ERROR - spark-submit stderr | 25/12/02 07:05:51 INFO MemoryStore: Block broadcast_0 stored as values in memory (estimated size 12.6 KiB, free 434.4 MiB)
[2025-12-02T07:05:54.533+0000] {spark_read_mongo_dag.py:57} ERROR - spark-submit stderr | 25/12/02 07:05:52 INFO MemoryStore: Block broadcast_0_piece0 stored as bytes in memory (estimated size 5.7 KiB, free 434.4 MiB)
[2025-12-02T07:05:54.534+0000] {spark_read_mongo_dag.py:57} ERROR - spark-submit stderr | 25/12/02 07:05:52 INFO BlockManagerInfo: Added broadcast_0_piece0 in memory on 1914c6b7747c:36371 (size: 5.7 KiB, free: 434.4 MiB)
[2025-12-02T07:05:54.535+0000] {spark_read_mongo_dag.py:57} ERROR - spark-submit stderr | 25/12/02 07:05:52 INFO SparkContext: Created broadcast 0 from broadcast at DAGScheduler.scala:1535
[2025-12-02T07:05:54.538+0000] {spark_read_mongo_dag.py:57} ERROR - spark-submit stderr | 25/12/02 07:05:52 INFO DAGScheduler: Submitting 1 missing tasks from ResultStage 0 (MapPartitionsRDD[3] at count at NativeMethodAccessorImpl.java:0) (first 15 tasks are for partitions Vector(0))
[2025-12-02T07:05:54.541+0000] {spark_read_mongo_dag.py:57} ERROR - spark-submit stderr | 25/12/02 07:05:52 INFO TaskSchedulerImpl: Adding task set 0.0 with 1 tasks resource profile 0
[2025-12-02T07:05:54.542+0000] {spark_read_mongo_dag.py:57} ERROR - spark-submit stderr | 25/12/02 07:05:52 INFO TaskSetManager: Starting task 0.0 in stage 0.0 (TID 0) (1914c6b7747c, executor driver, partition 0, PROCESS_LOCAL, 7619 bytes) 
[2025-12-02T07:05:54.544+0000] {spark_read_mongo_dag.py:57} ERROR - spark-submit stderr | 25/12/02 07:05:52 INFO Executor: Running task 0.0 in stage 0.0 (TID 0)
[2025-12-02T07:05:54.545+0000] {spark_read_mongo_dag.py:57} ERROR - spark-submit stderr | 25/12/02 07:05:52 INFO client: MongoClient with metadata {"driver": {"name": "mongo-java-driver|sync|mongo-spark-connector|source", "version": "4.11.2|10.1.1"}, "os": {"type": "Linux", "name": "Linux", "architecture": "amd64", "version": "6.6.87.2-microsoft-standard-WSL2"}, "platform": "Java/Debian/17.0.17+10-Debian-1deb12u1|Scala/2.12.17/Spark/3.4.1"} created with settings MongoClientSettings{readPreference=primary, writeConcern=WriteConcern{w=null, wTimeout=null ms, journal=null}, retryWrites=true, retryReads=true, readConcern=ReadConcern{level=null}, credential=MongoCredential{mechanism=null, userName='admin', source='admin', password=<hidden>, mechanismProperties=<hidden>}, transportSettings=null, streamFactoryFactory=null, commandListeners=[], codecRegistry=ProvidersCodecRegistry{codecProviders=[ValueCodecProvider{}, BsonValueCodecProvider{}, DBRefCodecProvider{}, DBObjectCodecProvider{}, DocumentCodecProvider{}, CollectionCodecProvider{}, IterableCodecProvider{}, MapCodecProvider{}, GeoJsonCodecProvider{}, GridFSFileCodecProvider{}, Jsr310CodecProvider{}, JsonObjectCodecProvider{}, BsonCodecProvider{}, EnumCodecProvider{}, com.mongodb.client.model.mql.ExpressionCodecProvider@328e42cc, com.mongodb.Jep395RecordCodecProvider@37727971, com.mongodb.KotlinCodecProvider@5bfd2819]}, loggerSettings=LoggerSettings{maxDocumentLength=1000}, clusterSettings={hosts=[mongo:27017], srvServiceName=mongodb, mode=SINGLE, requiredClusterType=UNKNOWN, requiredReplicaSetName='null', serverSelector='null', clusterListeners='[]', serverSelectionTimeout='30000 ms', localThreshold='15 ms'}, socketSettings=SocketSettings{connectTimeoutMS=10000, readTimeoutMS=0, receiveBufferSize=0, proxySettings=ProxySettings{host=null, port=null, username=null, password=null}}, heartbeatSocketSettings=SocketSettings{connectTimeoutMS=10000, readTimeoutMS=10000, receiveBufferSize=0, proxySettings=ProxySettings{host=null, port=null, username=null, password=null}}, connectionPoolSettings=ConnectionPoolSettings{maxSize=100, minSize=0, maxWaitTimeMS=120000, maxConnectionLifeTimeMS=0, maxConnectionIdleTimeMS=0, maintenanceInitialDelayMS=0, maintenanceFrequencyMS=60000, connectionPoolListeners=[], maxConnecting=2}, serverSettings=ServerSettings{heartbeatFrequencyMS=10000, minHeartbeatFrequencyMS=500, serverListeners='[]', serverMonitorListeners='[]'}, sslSettings=SslSettings{enabled=false, invalidHostNameAllowed=false, context=null}, applicationName='null', compressorList=[], uuidRepresentation=UNSPECIFIED, serverApi=null, autoEncryptionSettings=null, dnsClient=null, inetAddressResolver=null, contextProvider=null}
[2025-12-02T07:05:54.546+0000] {spark_read_mongo_dag.py:57} ERROR - spark-submit stderr | 25/12/02 07:05:52 INFO cluster: No server chosen by ReadPreferenceServerSelector{readPreference=primary} from cluster description ClusterDescription{type=UNKNOWN, connectionMode=SINGLE, serverDescriptions=[ServerDescription{address=mongo:27017, type=UNKNOWN, state=CONNECTING}]}. Waiting for 30000 ms before timing out
[2025-12-02T07:05:54.547+0000] {spark_read_mongo_dag.py:57} ERROR - spark-submit stderr | 25/12/02 07:05:52 INFO cluster: Monitor thread successfully connected to server with description ServerDescription{address=mongo:27017, type=STANDALONE, state=CONNECTED, ok=true, minWireVersion=0, maxWireVersion=17, maxDocumentSize=16777216, logicalSessionTimeoutMinutes=30, roundTripTimeNanos=1472797}
[2025-12-02T07:05:54.548+0000] {spark_read_mongo_dag.py:57} ERROR - spark-submit stderr | 25/12/02 07:05:52 INFO Executor: Finished task 0.0 in stage 0.0 (TID 0). 1837 bytes result sent to driver
[2025-12-02T07:05:54.549+0000] {spark_read_mongo_dag.py:57} ERROR - spark-submit stderr | 25/12/02 07:05:52 INFO TaskSetManager: Finished task 0.0 in stage 0.0 (TID 0) in 536 ms on 1914c6b7747c (executor driver) (1/1)
[2025-12-02T07:05:54.550+0000] {spark_read_mongo_dag.py:57} ERROR - spark-submit stderr | 25/12/02 07:05:52 INFO TaskSchedulerImpl: Removed TaskSet 0.0, whose tasks have all completed, from pool 
[2025-12-02T07:05:54.551+0000] {spark_read_mongo_dag.py:57} ERROR - spark-submit stderr | 25/12/02 07:05:52 INFO DAGScheduler: ResultStage 0 (count at NativeMethodAccessorImpl.java:0) finished in 0.801 s
[2025-12-02T07:05:54.553+0000] {spark_read_mongo_dag.py:57} ERROR - spark-submit stderr | 25/12/02 07:05:52 INFO DAGScheduler: Job 0 is finished. Cancelling potential speculative or zombie tasks for this job
[2025-12-02T07:05:54.554+0000] {spark_read_mongo_dag.py:57} ERROR - spark-submit stderr | 25/12/02 07:05:52 INFO TaskSchedulerImpl: Killing all running tasks in stage 0: Stage finished
[2025-12-02T07:05:54.555+0000] {spark_read_mongo_dag.py:57} ERROR - spark-submit stderr | 25/12/02 07:05:52 INFO DAGScheduler: Job 0 finished: count at NativeMethodAccessorImpl.java:0, took 0.833667 s
[2025-12-02T07:05:54.556+0000] {spark_read_mongo_dag.py:57} ERROR - spark-submit stderr | 25/12/02 07:05:52 INFO V2ScanRelationPushDown: 
[2025-12-02T07:05:54.557+0000] {spark_read_mongo_dag.py:57} ERROR - spark-submit stderr | Output: 
[2025-12-02T07:05:54.558+0000] {spark_read_mongo_dag.py:57} ERROR - spark-submit stderr |          
[2025-12-02T07:05:54.558+0000] {spark_read_mongo_dag.py:57} ERROR - spark-submit stderr | 25/12/02 07:05:52 INFO Partitioner: Getting collection stats for: ai_segmentation.conversations
[2025-12-02T07:05:54.559+0000] {spark_read_mongo_dag.py:57} ERROR - spark-submit stderr | 25/12/02 07:05:52 INFO client: MongoClient with metadata {"driver": {"name": "mongo-java-driver|sync|mongo-spark-connector|source", "version": "4.11.2|10.1.1"}, "os": {"type": "Linux", "name": "Linux", "architecture": "amd64", "version": "6.6.87.2-microsoft-standard-WSL2"}, "platform": "Java/Debian/17.0.17+10-Debian-1deb12u1|Scala/2.12.17/Spark/3.4.1"} created with settings MongoClientSettings{readPreference=primary, writeConcern=WriteConcern{w=null, wTimeout=null ms, journal=null}, retryWrites=true, retryReads=true, readConcern=ReadConcern{level=null}, credential=MongoCredential{mechanism=null, userName='admin', source='admin', password=<hidden>, mechanismProperties=<hidden>}, transportSettings=null, streamFactoryFactory=null, commandListeners=[], codecRegistry=ProvidersCodecRegistry{codecProviders=[ValueCodecProvider{}, BsonValueCodecProvider{}, DBRefCodecProvider{}, DBObjectCodecProvider{}, DocumentCodecProvider{}, CollectionCodecProvider{}, IterableCodecProvider{}, MapCodecProvider{}, GeoJsonCodecProvider{}, GridFSFileCodecProvider{}, Jsr310CodecProvider{}, JsonObjectCodecProvider{}, BsonCodecProvider{}, EnumCodecProvider{}, com.mongodb.client.model.mql.ExpressionCodecProvider@328e42cc, com.mongodb.Jep395RecordCodecProvider@37727971, com.mongodb.KotlinCodecProvider@5bfd2819]}, loggerSettings=LoggerSettings{maxDocumentLength=1000}, clusterSettings={hosts=[mongo:27017], srvServiceName=mongodb, mode=SINGLE, requiredClusterType=UNKNOWN, requiredReplicaSetName='null', serverSelector='null', clusterListeners='[]', serverSelectionTimeout='30000 ms', localThreshold='15 ms'}, socketSettings=SocketSettings{connectTimeoutMS=10000, readTimeoutMS=0, receiveBufferSize=0, proxySettings=ProxySettings{host=null, port=null, username=null, password=null}}, heartbeatSocketSettings=SocketSettings{connectTimeoutMS=10000, readTimeoutMS=10000, receiveBufferSize=0, proxySettings=ProxySettings{host=null, port=null, username=null, password=null}}, connectionPoolSettings=ConnectionPoolSettings{maxSize=100, minSize=0, maxWaitTimeMS=120000, maxConnectionLifeTimeMS=0, maxConnectionIdleTimeMS=0, maintenanceInitialDelayMS=0, maintenanceFrequencyMS=60000, connectionPoolListeners=[], maxConnecting=2}, serverSettings=ServerSettings{heartbeatFrequencyMS=10000, minHeartbeatFrequencyMS=500, serverListeners='[]', serverMonitorListeners='[]'}, sslSettings=SslSettings{enabled=false, invalidHostNameAllowed=false, context=null}, applicationName='null', compressorList=[], uuidRepresentation=UNSPECIFIED, serverApi=null, autoEncryptionSettings=null, dnsClient=null, inetAddressResolver=null, contextProvider=null}
[2025-12-02T07:05:54.560+0000] {spark_read_mongo_dag.py:57} ERROR - spark-submit stderr | 25/12/02 07:05:52 INFO cluster: Monitor thread successfully connected to server with description ServerDescription{address=mongo:27017, type=STANDALONE, state=CONNECTED, ok=true, minWireVersion=0, maxWireVersion=17, maxDocumentSize=16777216, logicalSessionTimeoutMinutes=30, roundTripTimeNanos=2086138}
[2025-12-02T07:05:54.561+0000] {spark_read_mongo_dag.py:57} ERROR - spark-submit stderr | 25/12/02 07:05:52 INFO cluster: No server chosen by ReadPreferenceServerSelector{readPreference=primary} from cluster description ClusterDescription{type=UNKNOWN, connectionMode=SINGLE, serverDescriptions=[ServerDescription{address=mongo:27017, type=UNKNOWN, state=CONNECTING}]}. Waiting for 30000 ms before timing out
[2025-12-02T07:05:54.562+0000] {spark_read_mongo_dag.py:57} ERROR - spark-submit stderr | 25/12/02 07:05:52 INFO Partitioner: Could not find collection: conversations
[2025-12-02T07:05:54.563+0000] {spark_read_mongo_dag.py:57} ERROR - spark-submit stderr | 25/12/02 07:05:52 WARN Partitioner: Unable to get collection stats (collstats) returning a single partition.
[2025-12-02T07:05:54.564+0000] {spark_read_mongo_dag.py:57} ERROR - spark-submit stderr | 25/12/02 07:05:52 INFO Partitioner: Getting collection stats for: ai_segmentation.conversations
[2025-12-02T07:05:54.566+0000] {spark_read_mongo_dag.py:57} ERROR - spark-submit stderr | 25/12/02 07:05:52 INFO Partitioner: Could not find collection: conversations
[2025-12-02T07:05:54.568+0000] {spark_read_mongo_dag.py:57} ERROR - spark-submit stderr | 25/12/02 07:05:52 WARN Partitioner: Unable to get collection stats (collstats) returning a single partition.
[2025-12-02T07:05:54.569+0000] {spark_read_mongo_dag.py:57} ERROR - spark-submit stderr | 25/12/02 07:05:52 INFO CodeGenerator: Code generated in 7.151773 ms
[2025-12-02T07:05:54.570+0000] {spark_read_mongo_dag.py:57} ERROR - spark-submit stderr | 25/12/02 07:05:52 INFO SparkContext: Starting job: take at /opt/***/spark_jobs/mongo_pyspark.py:300
[2025-12-02T07:05:54.572+0000] {spark_read_mongo_dag.py:57} ERROR - spark-submit stderr | 25/12/02 07:05:52 INFO DAGScheduler: Got job 1 (take at /opt/***/spark_jobs/mongo_pyspark.py:300) with 1 output partitions
[2025-12-02T07:05:54.573+0000] {spark_read_mongo_dag.py:57} ERROR - spark-submit stderr | 25/12/02 07:05:52 INFO DAGScheduler: Final stage: ResultStage 1 (take at /opt/***/spark_jobs/mongo_pyspark.py:300)
[2025-12-02T07:05:54.574+0000] {spark_read_mongo_dag.py:57} ERROR - spark-submit stderr | 25/12/02 07:05:52 INFO DAGScheduler: Parents of final stage: List()
[2025-12-02T07:05:54.575+0000] {spark_read_mongo_dag.py:57} ERROR - spark-submit stderr | 25/12/02 07:05:52 INFO DAGScheduler: Missing parents: List()
[2025-12-02T07:05:54.576+0000] {spark_read_mongo_dag.py:57} ERROR - spark-submit stderr | 25/12/02 07:05:52 INFO DAGScheduler: Submitting ResultStage 1 (MapPartitionsRDD[7] at take at /opt/***/spark_jobs/mongo_pyspark.py:300), which has no missing parents
[2025-12-02T07:05:54.577+0000] {spark_read_mongo_dag.py:57} ERROR - spark-submit stderr | 25/12/02 07:05:52 INFO MemoryStore: Block broadcast_1 stored as values in memory (estimated size 9.7 KiB, free 434.4 MiB)
[2025-12-02T07:05:54.577+0000] {spark_read_mongo_dag.py:57} ERROR - spark-submit stderr | 25/12/02 07:05:53 INFO MemoryStore: Block broadcast_1_piece0 stored as bytes in memory (estimated size 4.9 KiB, free 434.4 MiB)
[2025-12-02T07:05:54.578+0000] {spark_read_mongo_dag.py:57} ERROR - spark-submit stderr | 25/12/02 07:05:53 INFO BlockManagerInfo: Added broadcast_1_piece0 in memory on 1914c6b7747c:36371 (size: 4.9 KiB, free: 434.4 MiB)
[2025-12-02T07:05:54.579+0000] {spark_read_mongo_dag.py:57} ERROR - spark-submit stderr | 25/12/02 07:05:53 INFO SparkContext: Created broadcast 1 from broadcast at DAGScheduler.scala:1535
[2025-12-02T07:05:54.580+0000] {spark_read_mongo_dag.py:57} ERROR - spark-submit stderr | 25/12/02 07:05:53 INFO DAGScheduler: Submitting 1 missing tasks from ResultStage 1 (MapPartitionsRDD[7] at take at /opt/***/spark_jobs/mongo_pyspark.py:300) (first 15 tasks are for partitions Vector(0))
[2025-12-02T07:05:54.580+0000] {spark_read_mongo_dag.py:57} ERROR - spark-submit stderr | 25/12/02 07:05:53 INFO TaskSchedulerImpl: Adding task set 1.0 with 1 tasks resource profile 0
[2025-12-02T07:05:54.581+0000] {spark_read_mongo_dag.py:57} ERROR - spark-submit stderr | 25/12/02 07:05:53 INFO TaskSetManager: Starting task 0.0 in stage 1.0 (TID 1) (1914c6b7747c, executor driver, partition 0, PROCESS_LOCAL, 7619 bytes) 
[2025-12-02T07:05:54.581+0000] {spark_read_mongo_dag.py:57} ERROR - spark-submit stderr | 25/12/02 07:05:53 INFO Executor: Running task 0.0 in stage 1.0 (TID 1)
[2025-12-02T07:05:54.584+0000] {spark_read_mongo_dag.py:57} ERROR - spark-submit stderr | 25/12/02 07:05:53 INFO client: MongoClient with metadata {"driver": {"name": "mongo-java-driver|sync|mongo-spark-connector|source", "version": "4.11.2|10.1.1"}, "os": {"type": "Linux", "name": "Linux", "architecture": "amd64", "version": "6.6.87.2-microsoft-standard-WSL2"}, "platform": "Java/Debian/17.0.17+10-Debian-1deb12u1|Scala/2.12.17/Spark/3.4.1"} created with settings MongoClientSettings{readPreference=primary, writeConcern=WriteConcern{w=null, wTimeout=null ms, journal=null}, retryWrites=true, retryReads=true, readConcern=ReadConcern{level=null}, credential=MongoCredential{mechanism=null, userName='admin', source='admin', password=<hidden>, mechanismProperties=<hidden>}, transportSettings=null, streamFactoryFactory=null, commandListeners=[], codecRegistry=ProvidersCodecRegistry{codecProviders=[ValueCodecProvider{}, BsonValueCodecProvider{}, DBRefCodecProvider{}, DBObjectCodecProvider{}, DocumentCodecProvider{}, CollectionCodecProvider{}, IterableCodecProvider{}, MapCodecProvider{}, GeoJsonCodecProvider{}, GridFSFileCodecProvider{}, Jsr310CodecProvider{}, JsonObjectCodecProvider{}, BsonCodecProvider{}, EnumCodecProvider{}, com.mongodb.client.model.mql.ExpressionCodecProvider@328e42cc, com.mongodb.Jep395RecordCodecProvider@37727971, com.mongodb.KotlinCodecProvider@5bfd2819]}, loggerSettings=LoggerSettings{maxDocumentLength=1000}, clusterSettings={hosts=[mongo:27017], srvServiceName=mongodb, mode=SINGLE, requiredClusterType=UNKNOWN, requiredReplicaSetName='null', serverSelector='null', clusterListeners='[]', serverSelectionTimeout='30000 ms', localThreshold='15 ms'}, socketSettings=SocketSettings{connectTimeoutMS=10000, readTimeoutMS=0, receiveBufferSize=0, proxySettings=ProxySettings{host=null, port=null, username=null, password=null}}, heartbeatSocketSettings=SocketSettings{connectTimeoutMS=10000, readTimeoutMS=10000, receiveBufferSize=0, proxySettings=ProxySettings{host=null, port=null, username=null, password=null}}, connectionPoolSettings=ConnectionPoolSettings{maxSize=100, minSize=0, maxWaitTimeMS=120000, maxConnectionLifeTimeMS=0, maxConnectionIdleTimeMS=0, maintenanceInitialDelayMS=0, maintenanceFrequencyMS=60000, connectionPoolListeners=[], maxConnecting=2}, serverSettings=ServerSettings{heartbeatFrequencyMS=10000, minHeartbeatFrequencyMS=500, serverListeners='[]', serverMonitorListeners='[]'}, sslSettings=SslSettings{enabled=false, invalidHostNameAllowed=false, context=null}, applicationName='null', compressorList=[], uuidRepresentation=UNSPECIFIED, serverApi=null, autoEncryptionSettings=null, dnsClient=null, inetAddressResolver=null, contextProvider=null}
[2025-12-02T07:05:54.585+0000] {spark_read_mongo_dag.py:57} ERROR - spark-submit stderr | 25/12/02 07:05:53 INFO cluster: No server chosen by ReadPreferenceServerSelector{readPreference=primary} from cluster description ClusterDescription{type=UNKNOWN, connectionMode=SINGLE, serverDescriptions=[ServerDescription{address=mongo:27017, type=UNKNOWN, state=CONNECTING}]}. Waiting for 30000 ms before timing out
[2025-12-02T07:05:54.586+0000] {spark_read_mongo_dag.py:57} ERROR - spark-submit stderr | 25/12/02 07:05:53 INFO cluster: Monitor thread successfully connected to server with description ServerDescription{address=mongo:27017, type=STANDALONE, state=CONNECTED, ok=true, minWireVersion=0, maxWireVersion=17, maxDocumentSize=16777216, logicalSessionTimeoutMinutes=30, roundTripTimeNanos=1669210}
[2025-12-02T07:05:54.588+0000] {spark_read_mongo_dag.py:57} ERROR - spark-submit stderr | 25/12/02 07:05:53 INFO BlockManagerInfo: Removed broadcast_0_piece0 on 1914c6b7747c:36371 in memory (size: 5.7 KiB, free: 434.4 MiB)
[2025-12-02T07:05:54.589+0000] {spark_read_mongo_dag.py:57} ERROR - spark-submit stderr | 25/12/02 07:05:53 INFO Executor: Finished task 0.0 in stage 1.0 (TID 1). 1452 bytes result sent to driver
[2025-12-02T07:05:54.589+0000] {spark_read_mongo_dag.py:57} ERROR - spark-submit stderr | 25/12/02 07:05:53 INFO TaskSetManager: Finished task 0.0 in stage 1.0 (TID 1) in 47 ms on 1914c6b7747c (executor driver) (1/1)
[2025-12-02T07:05:54.591+0000] {spark_read_mongo_dag.py:57} ERROR - spark-submit stderr | 25/12/02 07:05:53 INFO TaskSchedulerImpl: Removed TaskSet 1.0, whose tasks have all completed, from pool 
[2025-12-02T07:05:54.592+0000] {spark_read_mongo_dag.py:57} ERROR - spark-submit stderr | 25/12/02 07:05:53 INFO DAGScheduler: ResultStage 1 (take at /opt/***/spark_jobs/mongo_pyspark.py:300) finished in 0.062 s
[2025-12-02T07:05:54.592+0000] {spark_read_mongo_dag.py:57} ERROR - spark-submit stderr | 25/12/02 07:05:53 INFO DAGScheduler: Job 1 is finished. Cancelling potential speculative or zombie tasks for this job
[2025-12-02T07:05:54.593+0000] {spark_read_mongo_dag.py:57} ERROR - spark-submit stderr | 25/12/02 07:05:53 INFO TaskSchedulerImpl: Killing all running tasks in stage 1: Stage finished
[2025-12-02T07:05:54.595+0000] {spark_read_mongo_dag.py:57} ERROR - spark-submit stderr | 25/12/02 07:05:53 INFO DAGScheduler: Job 1 finished: take at /opt/***/spark_jobs/mongo_pyspark.py:300, took 0.064496 s
[2025-12-02T07:05:54.595+0000] {spark_read_mongo_dag.py:57} ERROR - spark-submit stderr | 25/12/02 07:05:53 INFO SparkContext: Invoking stop() from shutdown hook
[2025-12-02T07:05:54.596+0000] {spark_read_mongo_dag.py:57} ERROR - spark-submit stderr | 25/12/02 07:05:53 INFO SparkContext: SparkContext is stopping with exitCode 0.
[2025-12-02T07:05:54.596+0000] {spark_read_mongo_dag.py:57} ERROR - spark-submit stderr | 25/12/02 07:05:53 INFO SparkUI: Stopped Spark web UI at http://1914c6b7747c:4040
[2025-12-02T07:05:54.597+0000] {spark_read_mongo_dag.py:57} ERROR - spark-submit stderr | 25/12/02 07:05:53 INFO MapOutputTrackerMasterEndpoint: MapOutputTrackerMasterEndpoint stopped!
[2025-12-02T07:05:54.598+0000] {spark_read_mongo_dag.py:57} ERROR - spark-submit stderr | 25/12/02 07:05:53 INFO MemoryStore: MemoryStore cleared
[2025-12-02T07:05:54.598+0000] {spark_read_mongo_dag.py:57} ERROR - spark-submit stderr | 25/12/02 07:05:53 INFO BlockManager: BlockManager stopped
[2025-12-02T07:05:54.599+0000] {spark_read_mongo_dag.py:57} ERROR - spark-submit stderr | 25/12/02 07:05:53 INFO BlockManagerMaster: BlockManagerMaster stopped
[2025-12-02T07:05:54.600+0000] {spark_read_mongo_dag.py:57} ERROR - spark-submit stderr | 25/12/02 07:05:53 INFO OutputCommitCoordinator$OutputCommitCoordinatorEndpoint: OutputCommitCoordinator stopped!
[2025-12-02T07:05:54.600+0000] {spark_read_mongo_dag.py:57} ERROR - spark-submit stderr | 25/12/02 07:05:53 INFO SparkContext: Successfully stopped SparkContext
[2025-12-02T07:05:54.601+0000] {spark_read_mongo_dag.py:57} ERROR - spark-submit stderr | 25/12/02 07:05:53 INFO ShutdownHookManager: Shutdown hook called
[2025-12-02T07:05:54.601+0000] {spark_read_mongo_dag.py:57} ERROR - spark-submit stderr | 25/12/02 07:05:53 INFO ShutdownHookManager: Deleting directory /tmp/spark-cd1a6746-cb68-4b8c-9d44-5db05a0cdf29/pyspark-ace3aede-12ba-45a9-af27-984477d6b466
[2025-12-02T07:05:54.602+0000] {spark_read_mongo_dag.py:57} ERROR - spark-submit stderr | 25/12/02 07:05:53 INFO ShutdownHookManager: Deleting directory /tmp/spark-63199a5e-e284-4053-a7cd-cd37fd8c2451
[2025-12-02T07:05:54.603+0000] {spark_read_mongo_dag.py:57} ERROR - spark-submit stderr | 25/12/02 07:05:53 INFO ShutdownHookManager: Deleting directory /tmp/spark-cd1a6746-cb68-4b8c-9d44-5db05a0cdf29
[2025-12-02T07:05:54.604+0000] {spark_read_mongo_dag.py:57} ERROR - spark-submit stderr | 25/12/02 07:05:53 INFO MetricsSystemImpl: Stopping s3a-file-system metrics system...
[2025-12-02T07:05:54.605+0000] {spark_read_mongo_dag.py:57} ERROR - spark-submit stderr | 25/12/02 07:05:53 INFO MetricsSystemImpl: s3a-file-system metrics system stopped.
[2025-12-02T07:05:54.605+0000] {spark_read_mongo_dag.py:57} ERROR - spark-submit stderr | 25/12/02 07:05:53 INFO MetricsSystemImpl: s3a-file-system metrics system shutdown complete.
[2025-12-02T07:05:54.610+0000] {spark_read_mongo_dag.py:63} ERROR - Exception in run_spark_job: spark-submit failed with exit 1
[2025-12-02T07:05:54.610+0000] {spark_read_mongo_dag.py:64} ERROR - Traceback:
Traceback (most recent call last):
  File "/opt/***/dags/spark_read_mongo_dag.py", line 59, in run_spark_job
    raise RuntimeError(f"spark-submit failed with exit {proc.returncode}")
RuntimeError: spark-submit failed with exit 1

[2025-12-02T07:05:54.611+0000] {taskinstance.py:441} INFO - ::group::Post task execution logs
[2025-12-02T07:05:54.612+0000] {taskinstance.py:2905} ERROR - Task failed with exception
Traceback (most recent call last):
  File "/home/airflow/.local/lib/python3.9/site-packages/airflow/models/taskinstance.py", line 465, in _execute_task
    result = _execute_callable(context=context, **execute_callable_kwargs)
  File "/home/airflow/.local/lib/python3.9/site-packages/airflow/models/taskinstance.py", line 432, in _execute_callable
    return execute_callable(context=context, **execute_callable_kwargs)
  File "/home/airflow/.local/lib/python3.9/site-packages/airflow/models/baseoperator.py", line 401, in wrapper
    return func(self, *args, **kwargs)
  File "/home/airflow/.local/lib/python3.9/site-packages/airflow/operators/python.py", line 235, in execute
    return_value = self.execute_callable()
  File "/home/airflow/.local/lib/python3.9/site-packages/airflow/operators/python.py", line 252, in execute_callable
    return self.python_callable(*self.op_args, **self.op_kwargs)
  File "/opt/airflow/dags/spark_read_mongo_dag.py", line 59, in run_spark_job
    raise RuntimeError(f"spark-submit failed with exit {proc.returncode}")
RuntimeError: spark-submit failed with exit 1
[2025-12-02T07:05:54.733+0000] {taskinstance.py:1206} INFO - Marking task as FAILED. dag_id=mongo_iceberg_dag, task_id=run_mongo_to_iceberg, run_id=manual__2025-12-02T07:05:18.321452+00:00, execution_date=20251202T070518, start_date=20251202T070520, end_date=20251202T070554
[2025-12-02T07:05:54.770+0000] {standard_task_runner.py:110} ERROR - Failed to execute job 5 for task run_mongo_to_iceberg (spark-submit failed with exit 1; 2133)
[2025-12-02T07:05:54.818+0000] {local_task_job_runner.py:240} INFO - Task exited with return code 1
[2025-12-02T07:05:54.840+0000] {taskinstance.py:3503} INFO - 0 downstream tasks scheduled from follow-on schedule check
[2025-12-02T07:05:54.871+0000] {local_task_job_runner.py:222} INFO - ::endgroup::
