[2025-12-02T05:28:39.246+0000] {local_task_job_runner.py:120} INFO - ::group::Pre task execution logs
[2025-12-02T05:28:39.317+0000] {taskinstance.py:2076} INFO - Dependencies all met for dep_context=non-requeueable deps ti=<TaskInstance: mongo_to_iceberg_dag.run_mongo_to_iceberg manual__2025-12-02T05:28:38.080415+00:00 [queued]>
[2025-12-02T05:28:39.339+0000] {taskinstance.py:2076} INFO - Dependencies all met for dep_context=requeueable deps ti=<TaskInstance: mongo_to_iceberg_dag.run_mongo_to_iceberg manual__2025-12-02T05:28:38.080415+00:00 [queued]>
[2025-12-02T05:28:39.341+0000] {taskinstance.py:2306} INFO - Starting attempt 1 of 1
[2025-12-02T05:28:39.389+0000] {taskinstance.py:2330} INFO - Executing <Task(PythonOperator): run_mongo_to_iceberg> on 2025-12-02 05:28:38.080415+00:00
[2025-12-02T05:28:39.396+0000] {standard_task_runner.py:63} INFO - Started process 196 to run task
[2025-12-02T05:28:39.401+0000] {standard_task_runner.py:90} INFO - Running: ['***', 'tasks', 'run', 'mongo_to_iceberg_dag', 'run_mongo_to_iceberg', 'manual__2025-12-02T05:28:38.080415+00:00', '--job-id', '37', '--raw', '--subdir', 'DAGS_FOLDER/spark_read_mongo_dag.py', '--cfg-path', '/tmp/tmp8nzmj7tt']
[2025-12-02T05:28:39.407+0000] {standard_task_runner.py:91} INFO - Job 37: Subtask run_mongo_to_iceberg
[2025-12-02T05:28:39.568+0000] {task_command.py:426} INFO - Running <TaskInstance: mongo_to_iceberg_dag.run_mongo_to_iceberg manual__2025-12-02T05:28:38.080415+00:00 [running]> on host 602292fe6915
[2025-12-02T05:28:39.733+0000] {taskinstance.py:2648} INFO - Exporting env vars: AIRFLOW_CTX_DAG_OWNER='deeku' AIRFLOW_CTX_DAG_ID='mongo_to_iceberg_dag' AIRFLOW_CTX_TASK_ID='run_mongo_to_iceberg' AIRFLOW_CTX_EXECUTION_DATE='2025-12-02T05:28:38.080415+00:00' AIRFLOW_CTX_TRY_NUMBER='1' AIRFLOW_CTX_DAG_RUN_ID='manual__2025-12-02T05:28:38.080415+00:00'
[2025-12-02T05:28:39.734+0000] {taskinstance.py:430} INFO - ::endgroup::
[2025-12-02T05:28:39.760+0000] {spark_read_mongo_dag.py:28} INFO - START run_spark_job
[2025-12-02T05:28:39.761+0000] {spark_read_mongo_dag.py:30} INFO - Checking path: /opt/***/spark_jobs/mongo_pyspark.py exists=True
[2025-12-02T05:28:39.762+0000] {spark_read_mongo_dag.py:30} INFO - Checking path: /opt/***/jars exists=True
[2025-12-02T05:28:39.763+0000] {spark_read_mongo_dag.py:34} INFO - Jar check: /opt/***/jars/mongo-spark-connector_2.12-10.1.1.jar exists=True size=156368
[2025-12-02T05:28:39.765+0000] {spark_read_mongo_dag.py:34} INFO - Jar check: /opt/***/jars/bson-4.11.2.jar exists=True size=511356
[2025-12-02T05:28:39.766+0000] {spark_read_mongo_dag.py:34} INFO - Jar check: /opt/***/jars/mongodb-driver-core-4.11.2.jar exists=True size=1670650
[2025-12-02T05:28:39.767+0000] {spark_read_mongo_dag.py:34} INFO - Jar check: /opt/***/jars/mongodb-driver-sync-4.11.2.jar exists=True size=151808
[2025-12-02T05:28:39.768+0000] {spark_read_mongo_dag.py:34} INFO - Jar check: /opt/***/jars/iceberg-spark-runtime-3.5_2.12-1.5.2.jar exists=True size=41604737
[2025-12-02T05:28:39.770+0000] {spark_read_mongo_dag.py:34} INFO - Jar check: /opt/***/jars/hadoop-aws-3.3.4.jar exists=True size=962685
[2025-12-02T05:28:39.772+0000] {spark_read_mongo_dag.py:34} INFO - Jar check: /opt/***/jars/aws-java-sdk-bundle-1.12.772.jar exists=True size=388405806
[2025-12-02T05:28:39.773+0000] {spark_read_mongo_dag.py:36} INFO - which spark-submit -> /home/***/.local/bin/spark-submit
[2025-12-02T05:28:39.773+0000] {spark_read_mongo_dag.py:45} INFO - ENV SPARK_HOME=/opt/spark/spark-3.4.1-bin-hadoop3 JAVA_HOME=/usr/lib/jvm/java-17-openjdk-amd64
[2025-12-02T05:28:39.774+0000] {spark_read_mongo_dag.py:46} INFO - Env PATH head: ['/opt/spark/spark-3.4.1-bin-hadoop3/bin', '/usr/lib/jvm/java-17-openjdk-amd64/bin', '/opt/spark/bin', '/usr/lib/jvm/java-17-openjdk-amd64/bin', '/root/bin']
[2025-12-02T05:28:39.774+0000] {spark_read_mongo_dag.py:49} INFO - Running command: spark-submit --jars /opt/***/jars/mongo-spark-connector_2.12-10.1.1.jar,/opt/***/jars/bson-4.11.2.jar,/opt/***/jars/mongodb-driver-core-4.11.2.jar,/opt/***/jars/mongodb-driver-sync-4.11.2.jar,/opt/***/jars/iceberg-spark-runtime-3.5_2.12-1.5.2.jar,/opt/***/jars/hadoop-aws-3.3.4.jar,/opt/***/jars/aws-java-sdk-bundle-1.12.772.jar /opt/***/spark_jobs/mongo_pyspark.py
[2025-12-02T05:28:59.688+0000] {spark_read_mongo_dag.py:51} INFO - Process finished. returncode=1
[2025-12-02T05:28:59.689+0000] {spark_read_mongo_dag.py:54} INFO - spark-submit stdout | 📌 Spark session created
[2025-12-02T05:28:59.690+0000] {spark_read_mongo_dag.py:54} INFO - spark-submit stdout | Traceback (most recent call last):
[2025-12-02T05:28:59.690+0000] {spark_read_mongo_dag.py:54} INFO - spark-submit stdout |   File "/opt/***/spark_jobs/mongo_pyspark.py", line 57, in <module>
[2025-12-02T05:28:59.690+0000] {spark_read_mongo_dag.py:54} INFO - spark-submit stdout |     main()
[2025-12-02T05:28:59.691+0000] {spark_read_mongo_dag.py:54} INFO - spark-submit stdout |   File "/opt/***/spark_jobs/mongo_pyspark.py", line 34, in main
[2025-12-02T05:28:59.691+0000] {spark_read_mongo_dag.py:54} INFO - spark-submit stdout |     spark.read
[2025-12-02T05:28:59.691+0000] {spark_read_mongo_dag.py:54} INFO - spark-submit stdout |   File "/opt/spark/spark-3.4.1-bin-hadoop3/python/lib/pyspark.zip/pyspark/sql/readwriter.py", line 307, in load
[2025-12-02T05:28:59.692+0000] {spark_read_mongo_dag.py:54} INFO - spark-submit stdout |   File "/opt/spark/spark-3.4.1-bin-hadoop3/python/lib/py4j-0.10.9.7-src.zip/py4j/java_gateway.py", line 1322, in __call__
[2025-12-02T05:28:59.692+0000] {spark_read_mongo_dag.py:54} INFO - spark-submit stdout |   File "/opt/spark/spark-3.4.1-bin-hadoop3/python/lib/pyspark.zip/pyspark/errors/exceptions/captured.py", line 169, in deco
[2025-12-02T05:28:59.692+0000] {spark_read_mongo_dag.py:54} INFO - spark-submit stdout |   File "/opt/spark/spark-3.4.1-bin-hadoop3/python/lib/py4j-0.10.9.7-src.zip/py4j/protocol.py", line 326, in get_return_value
[2025-12-02T05:28:59.692+0000] {spark_read_mongo_dag.py:54} INFO - spark-submit stdout | py4j.protocol.Py4JJavaError: An error occurred while calling o49.load.
[2025-12-02T05:28:59.693+0000] {spark_read_mongo_dag.py:54} INFO - spark-submit stdout | : com.mongodb.MongoCommandException: Command failed with error 13 (Unauthorized): 'command aggregate requires authentication' on server mongo:27017. The full response is {"ok": 0.0, "errmsg": "command aggregate requires authentication", "code": 13, "codeName": "Unauthorized"}
[2025-12-02T05:28:59.693+0000] {spark_read_mongo_dag.py:54} INFO - spark-submit stdout | 	at com.mongodb.internal.connection.ProtocolHelper.getCommandFailureException(ProtocolHelper.java:205)
[2025-12-02T05:28:59.693+0000] {spark_read_mongo_dag.py:54} INFO - spark-submit stdout | 	at com.mongodb.internal.connection.InternalStreamConnection.receiveCommandMessageResponse(InternalStreamConnection.java:454)
[2025-12-02T05:28:59.693+0000] {spark_read_mongo_dag.py:54} INFO - spark-submit stdout | 	at com.mongodb.internal.connection.InternalStreamConnection.sendAndReceive(InternalStreamConnection.java:372)
[2025-12-02T05:28:59.694+0000] {spark_read_mongo_dag.py:54} INFO - spark-submit stdout | 	at com.mongodb.internal.connection.UsageTrackingInternalConnection.sendAndReceive(UsageTrackingInternalConnection.java:114)
[2025-12-02T05:28:59.694+0000] {spark_read_mongo_dag.py:54} INFO - spark-submit stdout | 	at com.mongodb.internal.connection.DefaultConnectionPool$PooledConnection.sendAndReceive(DefaultConnectionPool.java:765)
[2025-12-02T05:28:59.694+0000] {spark_read_mongo_dag.py:54} INFO - spark-submit stdout | 	at com.mongodb.internal.connection.CommandProtocolImpl.execute(CommandProtocolImpl.java:76)
[2025-12-02T05:28:59.695+0000] {spark_read_mongo_dag.py:54} INFO - spark-submit stdout | 	at com.mongodb.internal.connection.DefaultServer$DefaultServerProtocolExecutor.execute(DefaultServer.java:209)
[2025-12-02T05:28:59.695+0000] {spark_read_mongo_dag.py:54} INFO - spark-submit stdout | 	at com.mongodb.internal.connection.DefaultServerConnection.executeProtocol(DefaultServerConnection.java:115)
[2025-12-02T05:28:59.695+0000] {spark_read_mongo_dag.py:54} INFO - spark-submit stdout | 	at com.mongodb.internal.connection.DefaultServerConnection.command(DefaultServerConnection.java:83)
[2025-12-02T05:28:59.696+0000] {spark_read_mongo_dag.py:54} INFO - spark-submit stdout | 	at com.mongodb.internal.connection.DefaultServerConnection.command(DefaultServerConnection.java:74)
[2025-12-02T05:28:59.696+0000] {spark_read_mongo_dag.py:54} INFO - spark-submit stdout | 	at com.mongodb.internal.connection.DefaultServer$OperationCountTrackingConnection.command(DefaultServer.java:299)
[2025-12-02T05:28:59.696+0000] {spark_read_mongo_dag.py:54} INFO - spark-submit stdout | 	at com.mongodb.internal.operation.SyncOperationHelper.createReadCommandAndExecute(SyncOperationHelper.java:273)
[2025-12-02T05:28:59.697+0000] {spark_read_mongo_dag.py:54} INFO - spark-submit stdout | 	at com.mongodb.internal.operation.SyncOperationHelper.lambda$executeRetryableRead$3(SyncOperationHelper.java:191)
[2025-12-02T05:28:59.697+0000] {spark_read_mongo_dag.py:54} INFO - spark-submit stdout | 	at com.mongodb.internal.operation.SyncOperationHelper.lambda$withSourceAndConnection$0(SyncOperationHelper.java:127)
[2025-12-02T05:28:59.697+0000] {spark_read_mongo_dag.py:54} INFO - spark-submit stdout | 	at com.mongodb.internal.operation.SyncOperationHelper.withSuppliedResource(SyncOperationHelper.java:152)
[2025-12-02T05:28:59.698+0000] {spark_read_mongo_dag.py:54} INFO - spark-submit stdout | 	at com.mongodb.internal.operation.SyncOperationHelper.lambda$withSourceAndConnection$1(SyncOperationHelper.java:126)
[2025-12-02T05:28:59.698+0000] {spark_read_mongo_dag.py:54} INFO - spark-submit stdout | 	at com.mongodb.internal.operation.SyncOperationHelper.withSuppliedResource(SyncOperationHelper.java:152)
[2025-12-02T05:28:59.698+0000] {spark_read_mongo_dag.py:54} INFO - spark-submit stdout | 	at com.mongodb.internal.operation.SyncOperationHelper.withSourceAndConnection(SyncOperationHelper.java:125)
[2025-12-02T05:28:59.698+0000] {spark_read_mongo_dag.py:54} INFO - spark-submit stdout | 	at com.mongodb.internal.operation.SyncOperationHelper.lambda$executeRetryableRead$4(SyncOperationHelper.java:189)
[2025-12-02T05:28:59.699+0000] {spark_read_mongo_dag.py:54} INFO - spark-submit stdout | 	at com.mongodb.internal.operation.SyncOperationHelper.lambda$decorateReadWithRetries$12(SyncOperationHelper.java:292)
[2025-12-02T05:28:59.699+0000] {spark_read_mongo_dag.py:54} INFO - spark-submit stdout | 	at com.mongodb.internal.async.function.RetryingSyncSupplier.get(RetryingSyncSupplier.java:67)
[2025-12-02T05:28:59.699+0000] {spark_read_mongo_dag.py:54} INFO - spark-submit stdout | 	at com.mongodb.internal.operation.SyncOperationHelper.executeRetryableRead(SyncOperationHelper.java:194)
[2025-12-02T05:28:59.700+0000] {spark_read_mongo_dag.py:54} INFO - spark-submit stdout | 	at com.mongodb.internal.operation.SyncOperationHelper.executeRetryableRead(SyncOperationHelper.java:176)
[2025-12-02T05:28:59.700+0000] {spark_read_mongo_dag.py:54} INFO - spark-submit stdout | 	at com.mongodb.internal.operation.AggregateOperationImpl.execute(AggregateOperationImpl.java:193)
[2025-12-02T05:28:59.700+0000] {spark_read_mongo_dag.py:54} INFO - spark-submit stdout | 	at com.mongodb.internal.operation.AggregateOperation.execute(AggregateOperation.java:153)
[2025-12-02T05:28:59.701+0000] {spark_read_mongo_dag.py:54} INFO - spark-submit stdout | 	at com.mongodb.internal.operation.AggregateOperation.execute(AggregateOperation.java:44)
[2025-12-02T05:28:59.701+0000] {spark_read_mongo_dag.py:54} INFO - spark-submit stdout | 	at com.mongodb.client.internal.MongoClientDelegate$DelegateOperationExecutor.execute(MongoClientDelegate.java:153)
[2025-12-02T05:28:59.701+0000] {spark_read_mongo_dag.py:54} INFO - spark-submit stdout | 	at com.mongodb.client.internal.MongoIterableImpl.execute(MongoIterableImpl.java:130)
[2025-12-02T05:28:59.701+0000] {spark_read_mongo_dag.py:54} INFO - spark-submit stdout | 	at com.mongodb.client.internal.MongoIterableImpl.iterator(MongoIterableImpl.java:90)
[2025-12-02T05:28:59.702+0000] {spark_read_mongo_dag.py:54} INFO - spark-submit stdout | 	at com.mongodb.client.internal.MongoIterableImpl.forEach(MongoIterableImpl.java:116)
[2025-12-02T05:28:59.702+0000] {spark_read_mongo_dag.py:54} INFO - spark-submit stdout | 	at com.mongodb.client.internal.MongoIterableImpl.into(MongoIterableImpl.java:125)
[2025-12-02T05:28:59.702+0000] {spark_read_mongo_dag.py:54} INFO - spark-submit stdout | 	at com.mongodb.spark.sql.connector.schema.InferSchema.lambda$inferSchema$0(InferSchema.java:86)
[2025-12-02T05:28:59.703+0000] {spark_read_mongo_dag.py:54} INFO - spark-submit stdout | 	at com.mongodb.spark.sql.connector.config.AbstractMongoConfig.withCollection(AbstractMongoConfig.java:173)
[2025-12-02T05:28:59.703+0000] {spark_read_mongo_dag.py:54} INFO - spark-submit stdout | 	at com.mongodb.spark.sql.connector.config.ReadConfig.withCollection(ReadConfig.java:45)
[2025-12-02T05:28:59.703+0000] {spark_read_mongo_dag.py:54} INFO - spark-submit stdout | 	at com.mongodb.spark.sql.connector.schema.InferSchema.inferSchema(InferSchema.java:82)
[2025-12-02T05:28:59.703+0000] {spark_read_mongo_dag.py:54} INFO - spark-submit stdout | 	at com.mongodb.spark.sql.connector.MongoTableProvider.inferSchema(MongoTableProvider.java:62)
[2025-12-02T05:28:59.704+0000] {spark_read_mongo_dag.py:54} INFO - spark-submit stdout | 	at org.apache.spark.sql.execution.datasources.v2.DataSourceV2Utils$.getTableFromProvider(DataSourceV2Utils.scala:90)
[2025-12-02T05:28:59.704+0000] {spark_read_mongo_dag.py:54} INFO - spark-submit stdout | 	at org.apache.spark.sql.execution.datasources.v2.DataSourceV2Utils$.loadV2Source(DataSourceV2Utils.scala:140)
[2025-12-02T05:28:59.705+0000] {spark_read_mongo_dag.py:54} INFO - spark-submit stdout | 	at org.apache.spark.sql.DataFrameReader.$anonfun$load$1(DataFrameReader.scala:210)
[2025-12-02T05:28:59.705+0000] {spark_read_mongo_dag.py:54} INFO - spark-submit stdout | 	at scala.Option.flatMap(Option.scala:271)
[2025-12-02T05:28:59.706+0000] {spark_read_mongo_dag.py:54} INFO - spark-submit stdout | 	at org.apache.spark.sql.DataFrameReader.load(DataFrameReader.scala:208)
[2025-12-02T05:28:59.706+0000] {spark_read_mongo_dag.py:54} INFO - spark-submit stdout | 	at org.apache.spark.sql.DataFrameReader.load(DataFrameReader.scala:172)
[2025-12-02T05:28:59.706+0000] {spark_read_mongo_dag.py:54} INFO - spark-submit stdout | 	at java.base/jdk.internal.reflect.NativeMethodAccessorImpl.invoke0(Native Method)
[2025-12-02T05:28:59.706+0000] {spark_read_mongo_dag.py:54} INFO - spark-submit stdout | 	at java.base/jdk.internal.reflect.NativeMethodAccessorImpl.invoke(NativeMethodAccessorImpl.java:77)
[2025-12-02T05:28:59.707+0000] {spark_read_mongo_dag.py:54} INFO - spark-submit stdout | 	at java.base/jdk.internal.reflect.DelegatingMethodAccessorImpl.invoke(DelegatingMethodAccessorImpl.java:43)
[2025-12-02T05:28:59.707+0000] {spark_read_mongo_dag.py:54} INFO - spark-submit stdout | 	at java.base/java.lang.reflect.Method.invoke(Method.java:569)
[2025-12-02T05:28:59.707+0000] {spark_read_mongo_dag.py:54} INFO - spark-submit stdout | 	at py4j.reflection.MethodInvoker.invoke(MethodInvoker.java:244)
[2025-12-02T05:28:59.708+0000] {spark_read_mongo_dag.py:54} INFO - spark-submit stdout | 	at py4j.reflection.ReflectionEngine.invoke(ReflectionEngine.java:374)
[2025-12-02T05:28:59.708+0000] {spark_read_mongo_dag.py:54} INFO - spark-submit stdout | 	at py4j.Gateway.invoke(Gateway.java:282)
[2025-12-02T05:28:59.708+0000] {spark_read_mongo_dag.py:54} INFO - spark-submit stdout | 	at py4j.commands.AbstractCommand.invokeMethod(AbstractCommand.java:132)
[2025-12-02T05:28:59.708+0000] {spark_read_mongo_dag.py:54} INFO - spark-submit stdout | 	at py4j.commands.CallCommand.execute(CallCommand.java:79)
[2025-12-02T05:28:59.709+0000] {spark_read_mongo_dag.py:54} INFO - spark-submit stdout | 	at py4j.ClientServerConnection.waitForCommands(ClientServerConnection.java:182)
[2025-12-02T05:28:59.709+0000] {spark_read_mongo_dag.py:54} INFO - spark-submit stdout | 	at py4j.ClientServerConnection.run(ClientServerConnection.java:106)
[2025-12-02T05:28:59.709+0000] {spark_read_mongo_dag.py:54} INFO - spark-submit stdout | 	at java.base/java.lang.Thread.run(Thread.java:840)
[2025-12-02T05:28:59.710+0000] {spark_read_mongo_dag.py:54} INFO - spark-submit stdout | 
[2025-12-02T05:28:59.710+0000] {spark_read_mongo_dag.py:57} ERROR - spark-submit stderr | 25/12/02 05:28:41 WARN NativeCodeLoader: Unable to load native-hadoop library for your platform... using builtin-java classes where applicable
[2025-12-02T05:28:59.710+0000] {spark_read_mongo_dag.py:57} ERROR - spark-submit stderr | 25/12/02 05:28:43 INFO SparkContext: Running Spark version 3.4.1
[2025-12-02T05:28:59.711+0000] {spark_read_mongo_dag.py:57} ERROR - spark-submit stderr | 25/12/02 05:28:43 INFO ResourceUtils: ==============================================================
[2025-12-02T05:28:59.711+0000] {spark_read_mongo_dag.py:57} ERROR - spark-submit stderr | 25/12/02 05:28:43 INFO ResourceUtils: No custom resources configured for spark.driver.
[2025-12-02T05:28:59.711+0000] {spark_read_mongo_dag.py:57} ERROR - spark-submit stderr | 25/12/02 05:28:43 INFO ResourceUtils: ==============================================================
[2025-12-02T05:28:59.711+0000] {spark_read_mongo_dag.py:57} ERROR - spark-submit stderr | 25/12/02 05:28:43 INFO SparkContext: Submitted application: MongoToIceberg
[2025-12-02T05:28:59.712+0000] {spark_read_mongo_dag.py:57} ERROR - spark-submit stderr | 25/12/02 05:28:43 INFO ResourceProfile: Default ResourceProfile created, executor resources: Map(cores -> name: cores, amount: 1, script: , vendor: , memory -> name: memory, amount: 1024, script: , vendor: , offHeap -> name: offHeap, amount: 0, script: , vendor: ), task resources: Map(cpus -> name: cpus, amount: 1.0)
[2025-12-02T05:28:59.712+0000] {spark_read_mongo_dag.py:57} ERROR - spark-submit stderr | 25/12/02 05:28:43 INFO ResourceProfile: Limiting resource is cpu
[2025-12-02T05:28:59.712+0000] {spark_read_mongo_dag.py:57} ERROR - spark-submit stderr | 25/12/02 05:28:43 INFO ResourceProfileManager: Added ResourceProfile id: 0
[2025-12-02T05:28:59.713+0000] {spark_read_mongo_dag.py:57} ERROR - spark-submit stderr | 25/12/02 05:28:43 INFO SecurityManager: Changing view acls to: ***
[2025-12-02T05:28:59.713+0000] {spark_read_mongo_dag.py:57} ERROR - spark-submit stderr | 25/12/02 05:28:43 INFO SecurityManager: Changing modify acls to: ***
[2025-12-02T05:28:59.713+0000] {spark_read_mongo_dag.py:57} ERROR - spark-submit stderr | 25/12/02 05:28:43 INFO SecurityManager: Changing view acls groups to: 
[2025-12-02T05:28:59.713+0000] {spark_read_mongo_dag.py:57} ERROR - spark-submit stderr | 25/12/02 05:28:43 INFO SecurityManager: Changing modify acls groups to: 
[2025-12-02T05:28:59.714+0000] {spark_read_mongo_dag.py:57} ERROR - spark-submit stderr | 25/12/02 05:28:43 INFO SecurityManager: SecurityManager: authentication disabled; ui acls disabled; users with view permissions: ***; groups with view permissions: EMPTY; users with modify permissions: ***; groups with modify permissions: EMPTY
[2025-12-02T05:28:59.714+0000] {spark_read_mongo_dag.py:57} ERROR - spark-submit stderr | 25/12/02 05:28:43 INFO Utils: Successfully started service 'sparkDriver' on port 41319.
[2025-12-02T05:28:59.714+0000] {spark_read_mongo_dag.py:57} ERROR - spark-submit stderr | 25/12/02 05:28:43 INFO SparkEnv: Registering MapOutputTracker
[2025-12-02T05:28:59.715+0000] {spark_read_mongo_dag.py:57} ERROR - spark-submit stderr | 25/12/02 05:28:43 INFO SparkEnv: Registering BlockManagerMaster
[2025-12-02T05:28:59.715+0000] {spark_read_mongo_dag.py:57} ERROR - spark-submit stderr | 25/12/02 05:28:43 INFO BlockManagerMasterEndpoint: Using org.apache.spark.storage.DefaultTopologyMapper for getting topology information
[2025-12-02T05:28:59.715+0000] {spark_read_mongo_dag.py:57} ERROR - spark-submit stderr | 25/12/02 05:28:43 INFO BlockManagerMasterEndpoint: BlockManagerMasterEndpoint up
[2025-12-02T05:28:59.716+0000] {spark_read_mongo_dag.py:57} ERROR - spark-submit stderr | 25/12/02 05:28:43 INFO SparkEnv: Registering BlockManagerMasterHeartbeat
[2025-12-02T05:28:59.716+0000] {spark_read_mongo_dag.py:57} ERROR - spark-submit stderr | 25/12/02 05:28:43 INFO DiskBlockManager: Created local directory at /tmp/blockmgr-24171af5-d1a7-4f0f-8935-084d8a0ffe2a
[2025-12-02T05:28:59.716+0000] {spark_read_mongo_dag.py:57} ERROR - spark-submit stderr | 25/12/02 05:28:43 INFO MemoryStore: MemoryStore started with capacity 434.4 MiB
[2025-12-02T05:28:59.717+0000] {spark_read_mongo_dag.py:57} ERROR - spark-submit stderr | 25/12/02 05:28:43 INFO SparkEnv: Registering OutputCommitCoordinator
[2025-12-02T05:28:59.717+0000] {spark_read_mongo_dag.py:57} ERROR - spark-submit stderr | 25/12/02 05:28:43 INFO JettyUtils: Start Jetty 0.0.0.0:4040 for SparkUI
[2025-12-02T05:28:59.717+0000] {spark_read_mongo_dag.py:57} ERROR - spark-submit stderr | 25/12/02 05:28:43 INFO Utils: Successfully started service 'SparkUI' on port 4040.
[2025-12-02T05:28:59.718+0000] {spark_read_mongo_dag.py:57} ERROR - spark-submit stderr | 25/12/02 05:28:44 INFO SparkContext: Added JAR /opt/***/jars/mongo-spark-connector_2.12-10.1.1.jar at spark://602292fe6915:41319/jars/mongo-spark-connector_2.12-10.1.1.jar with timestamp 1764653323372
[2025-12-02T05:28:59.718+0000] {spark_read_mongo_dag.py:57} ERROR - spark-submit stderr | 25/12/02 05:28:44 INFO SparkContext: Added JAR /opt/***/jars/iceberg-spark-runtime-3.5_2.12-1.5.2.jar at spark://602292fe6915:41319/jars/iceberg-spark-runtime-3.5_2.12-1.5.2.jar with timestamp 1764653323372
[2025-12-02T05:28:59.718+0000] {spark_read_mongo_dag.py:57} ERROR - spark-submit stderr | 25/12/02 05:28:44 INFO SparkContext: Added JAR /opt/***/jars/hadoop-aws-3.3.4.jar at spark://602292fe6915:41319/jars/hadoop-aws-3.3.4.jar with timestamp 1764653323372
[2025-12-02T05:28:59.719+0000] {spark_read_mongo_dag.py:57} ERROR - spark-submit stderr | 25/12/02 05:28:44 INFO SparkContext: Added JAR /opt/***/jars/aws-java-sdk-bundle-1.12.772.jar at spark://602292fe6915:41319/jars/aws-java-sdk-bundle-1.12.772.jar with timestamp 1764653323372
[2025-12-02T05:28:59.719+0000] {spark_read_mongo_dag.py:57} ERROR - spark-submit stderr | 25/12/02 05:28:44 INFO Executor: Starting executor ID driver on host 602292fe6915
[2025-12-02T05:28:59.719+0000] {spark_read_mongo_dag.py:57} ERROR - spark-submit stderr | 25/12/02 05:28:44 INFO Executor: Starting executor with user classpath (userClassPathFirst = false): ''
[2025-12-02T05:28:59.720+0000] {spark_read_mongo_dag.py:57} ERROR - spark-submit stderr | 25/12/02 05:28:44 INFO Executor: Fetching spark://602292fe6915:41319/jars/mongo-spark-connector_2.12-10.1.1.jar with timestamp 1764653323372
[2025-12-02T05:28:59.720+0000] {spark_read_mongo_dag.py:57} ERROR - spark-submit stderr | 25/12/02 05:28:44 INFO TransportClientFactory: Successfully created connection to 602292fe6915/172.19.0.11:41319 after 18 ms (0 ms spent in bootstraps)
[2025-12-02T05:28:59.720+0000] {spark_read_mongo_dag.py:57} ERROR - spark-submit stderr | 25/12/02 05:28:44 INFO Utils: Fetching spark://602292fe6915:41319/jars/mongo-spark-connector_2.12-10.1.1.jar to /tmp/spark-d90340f2-5cde-46ac-b569-474a44a5c3d4/userFiles-fa28c4e5-e8d8-4cd0-8bb6-20cd2093f102/fetchFileTemp9180514859108165133.tmp
[2025-12-02T05:28:59.721+0000] {spark_read_mongo_dag.py:57} ERROR - spark-submit stderr | 25/12/02 05:28:44 INFO Executor: Adding file:/tmp/spark-d90340f2-5cde-46ac-b569-474a44a5c3d4/userFiles-fa28c4e5-e8d8-4cd0-8bb6-20cd2093f102/mongo-spark-connector_2.12-10.1.1.jar to class loader
[2025-12-02T05:28:59.721+0000] {spark_read_mongo_dag.py:57} ERROR - spark-submit stderr | 25/12/02 05:28:44 INFO Executor: Fetching spark://602292fe6915:41319/jars/aws-java-sdk-bundle-1.12.772.jar with timestamp 1764653323372
[2025-12-02T05:28:59.722+0000] {spark_read_mongo_dag.py:57} ERROR - spark-submit stderr | 25/12/02 05:28:44 INFO Utils: Fetching spark://602292fe6915:41319/jars/aws-java-sdk-bundle-1.12.772.jar to /tmp/spark-d90340f2-5cde-46ac-b569-474a44a5c3d4/userFiles-fa28c4e5-e8d8-4cd0-8bb6-20cd2093f102/fetchFileTemp9874452142550233947.tmp
[2025-12-02T05:28:59.722+0000] {spark_read_mongo_dag.py:57} ERROR - spark-submit stderr | 25/12/02 05:28:47 INFO Executor: Adding file:/tmp/spark-d90340f2-5cde-46ac-b569-474a44a5c3d4/userFiles-fa28c4e5-e8d8-4cd0-8bb6-20cd2093f102/aws-java-sdk-bundle-1.12.772.jar to class loader
[2025-12-02T05:28:59.722+0000] {spark_read_mongo_dag.py:57} ERROR - spark-submit stderr | 25/12/02 05:28:47 INFO Executor: Fetching spark://602292fe6915:41319/jars/iceberg-spark-runtime-3.5_2.12-1.5.2.jar with timestamp 1764653323372
[2025-12-02T05:28:59.723+0000] {spark_read_mongo_dag.py:57} ERROR - spark-submit stderr | 25/12/02 05:28:47 INFO Utils: Fetching spark://602292fe6915:41319/jars/iceberg-spark-runtime-3.5_2.12-1.5.2.jar to /tmp/spark-d90340f2-5cde-46ac-b569-474a44a5c3d4/userFiles-fa28c4e5-e8d8-4cd0-8bb6-20cd2093f102/fetchFileTemp9201057289317374800.tmp
[2025-12-02T05:28:59.723+0000] {spark_read_mongo_dag.py:57} ERROR - spark-submit stderr | 25/12/02 05:28:47 INFO Executor: Adding file:/tmp/spark-d90340f2-5cde-46ac-b569-474a44a5c3d4/userFiles-fa28c4e5-e8d8-4cd0-8bb6-20cd2093f102/iceberg-spark-runtime-3.5_2.12-1.5.2.jar to class loader
[2025-12-02T05:28:59.723+0000] {spark_read_mongo_dag.py:57} ERROR - spark-submit stderr | 25/12/02 05:28:47 INFO Executor: Fetching spark://602292fe6915:41319/jars/hadoop-aws-3.3.4.jar with timestamp 1764653323372
[2025-12-02T05:28:59.723+0000] {spark_read_mongo_dag.py:57} ERROR - spark-submit stderr | 25/12/02 05:28:47 INFO Utils: Fetching spark://602292fe6915:41319/jars/hadoop-aws-3.3.4.jar to /tmp/spark-d90340f2-5cde-46ac-b569-474a44a5c3d4/userFiles-fa28c4e5-e8d8-4cd0-8bb6-20cd2093f102/fetchFileTemp12594288645787433872.tmp
[2025-12-02T05:28:59.724+0000] {spark_read_mongo_dag.py:57} ERROR - spark-submit stderr | 25/12/02 05:28:47 INFO Executor: Adding file:/tmp/spark-d90340f2-5cde-46ac-b569-474a44a5c3d4/userFiles-fa28c4e5-e8d8-4cd0-8bb6-20cd2093f102/hadoop-aws-3.3.4.jar to class loader
[2025-12-02T05:28:59.724+0000] {spark_read_mongo_dag.py:57} ERROR - spark-submit stderr | 25/12/02 05:28:47 INFO Utils: Successfully started service 'org.apache.spark.network.netty.NettyBlockTransferService' on port 46795.
[2025-12-02T05:28:59.724+0000] {spark_read_mongo_dag.py:57} ERROR - spark-submit stderr | 25/12/02 05:28:47 INFO NettyBlockTransferService: Server created on 602292fe6915:46795
[2025-12-02T05:28:59.724+0000] {spark_read_mongo_dag.py:57} ERROR - spark-submit stderr | 25/12/02 05:28:47 INFO BlockManager: Using org.apache.spark.storage.RandomBlockReplicationPolicy for block replication policy
[2025-12-02T05:28:59.725+0000] {spark_read_mongo_dag.py:57} ERROR - spark-submit stderr | 25/12/02 05:28:47 INFO BlockManagerMaster: Registering BlockManager BlockManagerId(driver, 602292fe6915, 46795, None)
[2025-12-02T05:28:59.725+0000] {spark_read_mongo_dag.py:57} ERROR - spark-submit stderr | 25/12/02 05:28:47 INFO BlockManagerMasterEndpoint: Registering block manager 602292fe6915:46795 with 434.4 MiB RAM, BlockManagerId(driver, 602292fe6915, 46795, None)
[2025-12-02T05:28:59.725+0000] {spark_read_mongo_dag.py:57} ERROR - spark-submit stderr | 25/12/02 05:28:47 INFO BlockManagerMaster: Registered BlockManager BlockManagerId(driver, 602292fe6915, 46795, None)
[2025-12-02T05:28:59.726+0000] {spark_read_mongo_dag.py:57} ERROR - spark-submit stderr | 25/12/02 05:28:47 INFO BlockManager: Initialized BlockManager: BlockManagerId(driver, 602292fe6915, 46795, None)
[2025-12-02T05:28:59.726+0000] {spark_read_mongo_dag.py:57} ERROR - spark-submit stderr | 25/12/02 05:28:47 INFO SharedState: Setting hive.metastore.warehouse.dir ('null') to the value of spark.sql.warehouse.dir.
[2025-12-02T05:28:59.726+0000] {spark_read_mongo_dag.py:57} ERROR - spark-submit stderr | 25/12/02 05:28:47 INFO SharedState: Warehouse path is 'file:/opt/***/spark-warehouse'.
[2025-12-02T05:28:59.726+0000] {spark_read_mongo_dag.py:57} ERROR - spark-submit stderr | 25/12/02 05:28:49 INFO client: MongoClient with metadata {"driver": {"name": "mongo-java-driver|sync|mongo-spark-connector|source", "version": "4.11.2|10.1.1"}, "os": {"type": "Linux", "name": "Linux", "architecture": "amd64", "version": "6.6.87.2-microsoft-standard-WSL2"}, "platform": "Java/Debian/17.0.17+10-Debian-1deb12u1|Scala/2.12.17/Spark/3.4.1"} created with settings MongoClientSettings{readPreference=primary, writeConcern=WriteConcern{w=null, wTimeout=null ms, journal=null}, retryWrites=true, retryReads=true, readConcern=ReadConcern{level=null}, credential=null, transportSettings=null, streamFactoryFactory=null, commandListeners=[], codecRegistry=ProvidersCodecRegistry{codecProviders=[ValueCodecProvider{}, BsonValueCodecProvider{}, DBRefCodecProvider{}, DBObjectCodecProvider{}, DocumentCodecProvider{}, CollectionCodecProvider{}, IterableCodecProvider{}, MapCodecProvider{}, GeoJsonCodecProvider{}, GridFSFileCodecProvider{}, Jsr310CodecProvider{}, JsonObjectCodecProvider{}, BsonCodecProvider{}, EnumCodecProvider{}, com.mongodb.client.model.mql.ExpressionCodecProvider@475b3dee, com.mongodb.Jep395RecordCodecProvider@7c9a249e, com.mongodb.KotlinCodecProvider@524218e8]}, loggerSettings=LoggerSettings{maxDocumentLength=1000}, clusterSettings={hosts=[mongo:27017], srvServiceName=mongodb, mode=SINGLE, requiredClusterType=UNKNOWN, requiredReplicaSetName='null', serverSelector='null', clusterListeners='[]', serverSelectionTimeout='30000 ms', localThreshold='15 ms'}, socketSettings=SocketSettings{connectTimeoutMS=10000, readTimeoutMS=0, receiveBufferSize=0, proxySettings=ProxySettings{host=null, port=null, username=null, password=null}}, heartbeatSocketSettings=SocketSettings{connectTimeoutMS=10000, readTimeoutMS=10000, receiveBufferSize=0, proxySettings=ProxySettings{host=null, port=null, username=null, password=null}}, connectionPoolSettings=ConnectionPoolSettings{maxSize=100, minSize=0, maxWaitTimeMS=120000, maxConnectionLifeTimeMS=0, maxConnectionIdleTimeMS=0, maintenanceInitialDelayMS=0, maintenanceFrequencyMS=60000, connectionPoolListeners=[], maxConnecting=2}, serverSettings=ServerSettings{heartbeatFrequencyMS=10000, minHeartbeatFrequencyMS=500, serverListeners='[]', serverMonitorListeners='[]'}, sslSettings=SslSettings{enabled=false, invalidHostNameAllowed=false, context=null}, applicationName='null', compressorList=[], uuidRepresentation=UNSPECIFIED, serverApi=null, autoEncryptionSettings=null, dnsClient=null, inetAddressResolver=null, contextProvider=null}
[2025-12-02T05:28:59.727+0000] {spark_read_mongo_dag.py:57} ERROR - spark-submit stderr | 25/12/02 05:28:49 INFO cluster: No server chosen by ReadPreferenceServerSelector{readPreference=primary} from cluster description ClusterDescription{type=UNKNOWN, connectionMode=SINGLE, serverDescriptions=[ServerDescription{address=mongo:27017, type=UNKNOWN, state=CONNECTING}]}. Waiting for 30000 ms before timing out
[2025-12-02T05:28:59.727+0000] {spark_read_mongo_dag.py:57} ERROR - spark-submit stderr | 25/12/02 05:28:50 INFO cluster: Monitor thread successfully connected to server with description ServerDescription{address=mongo:27017, type=STANDALONE, state=CONNECTED, ok=true, minWireVersion=0, maxWireVersion=17, maxDocumentSize=16777216, logicalSessionTimeoutMinutes=30, roundTripTimeNanos=199473100}
[2025-12-02T05:28:59.727+0000] {spark_read_mongo_dag.py:57} ERROR - spark-submit stderr | 25/12/02 05:28:50 INFO SparkContext: Invoking stop() from shutdown hook
[2025-12-02T05:28:59.728+0000] {spark_read_mongo_dag.py:57} ERROR - spark-submit stderr | 25/12/02 05:28:50 INFO SparkContext: SparkContext is stopping with exitCode 0.
[2025-12-02T05:28:59.728+0000] {spark_read_mongo_dag.py:57} ERROR - spark-submit stderr | 25/12/02 05:28:51 INFO SparkUI: Stopped Spark web UI at http://602292fe6915:4040
[2025-12-02T05:28:59.728+0000] {spark_read_mongo_dag.py:57} ERROR - spark-submit stderr | 25/12/02 05:28:51 INFO MapOutputTrackerMasterEndpoint: MapOutputTrackerMasterEndpoint stopped!
[2025-12-02T05:28:59.728+0000] {spark_read_mongo_dag.py:57} ERROR - spark-submit stderr | 25/12/02 05:28:51 INFO MemoryStore: MemoryStore cleared
[2025-12-02T05:28:59.729+0000] {spark_read_mongo_dag.py:57} ERROR - spark-submit stderr | 25/12/02 05:28:51 INFO BlockManager: BlockManager stopped
[2025-12-02T05:28:59.729+0000] {spark_read_mongo_dag.py:57} ERROR - spark-submit stderr | 25/12/02 05:28:51 INFO BlockManagerMaster: BlockManagerMaster stopped
[2025-12-02T05:28:59.729+0000] {spark_read_mongo_dag.py:57} ERROR - spark-submit stderr | 25/12/02 05:28:51 INFO OutputCommitCoordinator$OutputCommitCoordinatorEndpoint: OutputCommitCoordinator stopped!
[2025-12-02T05:28:59.730+0000] {spark_read_mongo_dag.py:57} ERROR - spark-submit stderr | 25/12/02 05:28:59 INFO SparkContext: Successfully stopped SparkContext
[2025-12-02T05:28:59.730+0000] {spark_read_mongo_dag.py:57} ERROR - spark-submit stderr | 25/12/02 05:28:59 INFO ShutdownHookManager: Shutdown hook called
[2025-12-02T05:28:59.730+0000] {spark_read_mongo_dag.py:57} ERROR - spark-submit stderr | 25/12/02 05:28:59 INFO ShutdownHookManager: Deleting directory /tmp/spark-d90340f2-5cde-46ac-b569-474a44a5c3d4/pyspark-cf26fd37-aaca-4938-bae6-436b9d20f1fe
[2025-12-02T05:28:59.730+0000] {spark_read_mongo_dag.py:57} ERROR - spark-submit stderr | 25/12/02 05:28:59 INFO ShutdownHookManager: Deleting directory /tmp/spark-b21d275d-f936-48b8-b875-53cf65402ec5
[2025-12-02T05:28:59.731+0000] {spark_read_mongo_dag.py:57} ERROR - spark-submit stderr | 25/12/02 05:28:59 INFO ShutdownHookManager: Deleting directory /tmp/spark-d90340f2-5cde-46ac-b569-474a44a5c3d4
[2025-12-02T05:28:59.988+0000] {spark_read_mongo_dag.py:63} ERROR - Exception in run_spark_job: spark-submit failed with exit 1
[2025-12-02T05:28:59.989+0000] {spark_read_mongo_dag.py:64} ERROR - Traceback:
Traceback (most recent call last):
  File "/opt/***/dags/spark_read_mongo_dag.py", line 59, in run_spark_job
    raise RuntimeError(f"spark-submit failed with exit {proc.returncode}")
RuntimeError: spark-submit failed with exit 1

[2025-12-02T05:28:59.989+0000] {taskinstance.py:441} INFO - ::group::Post task execution logs
[2025-12-02T05:28:59.990+0000] {taskinstance.py:2905} ERROR - Task failed with exception
Traceback (most recent call last):
  File "/home/airflow/.local/lib/python3.9/site-packages/airflow/models/taskinstance.py", line 465, in _execute_task
    result = _execute_callable(context=context, **execute_callable_kwargs)
  File "/home/airflow/.local/lib/python3.9/site-packages/airflow/models/taskinstance.py", line 432, in _execute_callable
    return execute_callable(context=context, **execute_callable_kwargs)
  File "/home/airflow/.local/lib/python3.9/site-packages/airflow/models/baseoperator.py", line 401, in wrapper
    return func(self, *args, **kwargs)
  File "/home/airflow/.local/lib/python3.9/site-packages/airflow/operators/python.py", line 235, in execute
    return_value = self.execute_callable()
  File "/home/airflow/.local/lib/python3.9/site-packages/airflow/operators/python.py", line 252, in execute_callable
    return self.python_callable(*self.op_args, **self.op_kwargs)
  File "/opt/airflow/dags/spark_read_mongo_dag.py", line 59, in run_spark_job
    raise RuntimeError(f"spark-submit failed with exit {proc.returncode}")
RuntimeError: spark-submit failed with exit 1
[2025-12-02T05:29:00.006+0000] {taskinstance.py:1206} INFO - Marking task as FAILED. dag_id=mongo_to_iceberg_dag, task_id=run_mongo_to_iceberg, run_id=manual__2025-12-02T05:28:38.080415+00:00, execution_date=20251202T052838, start_date=20251202T052839, end_date=20251202T052900
[2025-12-02T05:29:00.185+0000] {standard_task_runner.py:110} ERROR - Failed to execute job 37 for task run_mongo_to_iceberg (spark-submit failed with exit 1; 196)
[2025-12-02T05:29:00.233+0000] {local_task_job_runner.py:240} INFO - Task exited with return code 1
[2025-12-02T05:29:00.251+0000] {taskinstance.py:3503} INFO - 0 downstream tasks scheduled from follow-on schedule check
[2025-12-02T05:29:00.307+0000] {local_task_job_runner.py:222} INFO - ::endgroup::
