[2025-12-05T12:22:39.734+0000] {local_task_job_runner.py:120} INFO - ::group::Pre task execution logs
[2025-12-05T12:22:39.777+0000] {taskinstance.py:2076} INFO - Dependencies all met for dep_context=non-requeueable deps ti=<TaskInstance: mongo_iceberg_dremio_dag.run_mongo_to_iceberg manual__2025-12-05T12:22:38.803331+00:00 [queued]>
[2025-12-05T12:22:39.785+0000] {taskinstance.py:2076} INFO - Dependencies all met for dep_context=requeueable deps ti=<TaskInstance: mongo_iceberg_dremio_dag.run_mongo_to_iceberg manual__2025-12-05T12:22:38.803331+00:00 [queued]>
[2025-12-05T12:22:39.787+0000] {taskinstance.py:2306} INFO - Starting attempt 1 of 1
[2025-12-05T12:22:39.838+0000] {taskinstance.py:2330} INFO - Executing <Task(PythonOperator): run_mongo_to_iceberg> on 2025-12-05 12:22:38.803331+00:00
[2025-12-05T12:22:39.855+0000] {standard_task_runner.py:63} INFO - Started process 245 to run task
[2025-12-05T12:22:39.864+0000] {standard_task_runner.py:90} INFO - Running: ['***', 'tasks', 'run', 'mongo_iceberg_dremio_dag', 'run_mongo_to_iceberg', 'manual__2025-12-05T12:22:38.803331+00:00', '--job-id', '21', '--raw', '--subdir', 'DAGS_FOLDER/spark_read_mongo_dag.py', '--cfg-path', '/tmp/tmp3t4ivfyw']
[2025-12-05T12:22:39.869+0000] {standard_task_runner.py:91} INFO - Job 21: Subtask run_mongo_to_iceberg
[2025-12-05T12:22:40.043+0000] {task_command.py:426} INFO - Running <TaskInstance: mongo_iceberg_dremio_dag.run_mongo_to_iceberg manual__2025-12-05T12:22:38.803331+00:00 [running]> on host fa5351f36d22
[2025-12-05T12:22:40.364+0000] {taskinstance.py:2648} INFO - Exporting env vars: AIRFLOW_CTX_DAG_OWNER='deeku' AIRFLOW_CTX_DAG_ID='mongo_iceberg_dremio_dag' AIRFLOW_CTX_TASK_ID='run_mongo_to_iceberg' AIRFLOW_CTX_EXECUTION_DATE='2025-12-05T12:22:38.803331+00:00' AIRFLOW_CTX_TRY_NUMBER='1' AIRFLOW_CTX_DAG_RUN_ID='manual__2025-12-05T12:22:38.803331+00:00'
[2025-12-05T12:22:40.365+0000] {taskinstance.py:430} INFO - ::endgroup::
[2025-12-05T12:22:40.536+0000] {spark_read_mongo_dag.py:153} INFO - START run_spark_job
[2025-12-05T12:22:40.538+0000] {spark_read_mongo_dag.py:155} INFO - Checking path: /opt/***/spark_jobs/mongo_pyspark.py exists=True
[2025-12-05T12:22:40.539+0000] {spark_read_mongo_dag.py:155} INFO - Checking path: /opt/***/jars exists=True
[2025-12-05T12:22:40.541+0000] {spark_read_mongo_dag.py:160} INFO - Jar check: /opt/***/jars/mongo-spark-connector_2.12-10.1.1.jar exists=True size=156368
[2025-12-05T12:22:40.543+0000] {spark_read_mongo_dag.py:160} INFO - Jar check: /opt/***/jars/bson-4.11.2.jar exists=True size=511356
[2025-12-05T12:22:40.547+0000] {spark_read_mongo_dag.py:160} INFO - Jar check: /opt/***/jars/mongodb-driver-core-4.11.2.jar exists=True size=1670650
[2025-12-05T12:22:40.549+0000] {spark_read_mongo_dag.py:160} INFO - Jar check: /opt/***/jars/mongodb-driver-sync-4.11.2.jar exists=True size=151808
[2025-12-05T12:22:40.550+0000] {spark_read_mongo_dag.py:160} INFO - Jar check: /opt/***/jars/iceberg-spark-runtime-3.5_2.12-1.5.2.jar exists=True size=41604737
[2025-12-05T12:22:40.552+0000] {spark_read_mongo_dag.py:160} INFO - Jar check: /opt/***/jars/iceberg-nessie-1.5.2.jar exists=True size=44895
[2025-12-05T12:22:40.553+0000] {spark_read_mongo_dag.py:160} INFO - Jar check: /opt/***/jars/nessie-client-0.99.0.jar exists=True size=585165
[2025-12-05T12:22:40.555+0000] {spark_read_mongo_dag.py:160} INFO - Jar check: /opt/***/jars/nessie-spark-extensions-3.4_2.12-0.105.7.jar exists=True size=2294495
[2025-12-05T12:22:40.556+0000] {spark_read_mongo_dag.py:160} INFO - Jar check: /opt/***/jars/hadoop-aws-3.3.4.jar exists=True size=962685
[2025-12-05T12:22:40.558+0000] {spark_read_mongo_dag.py:160} INFO - Jar check: /opt/***/jars/aws-java-sdk-bundle-1.12.772.jar exists=True size=388405806
[2025-12-05T12:22:40.558+0000] {spark_read_mongo_dag.py:163} INFO - which spark-submit -> /home/***/.local/bin/spark-submit
[2025-12-05T12:22:40.559+0000] {spark_read_mongo_dag.py:173} INFO - ENV SPARK_HOME=/opt/spark/spark-3.4.1-bin-hadoop3 JAVA_HOME=/usr/lib/jvm/java-17-openjdk-amd64
[2025-12-05T12:22:40.559+0000] {spark_read_mongo_dag.py:174} INFO - Env PATH head: ['/opt/spark/spark-3.4.1-bin-hadoop3/bin', '/usr/lib/jvm/java-17-openjdk-amd64/bin', '/opt/spark/bin', '/usr/lib/jvm/java-17-openjdk-amd64/bin', '/root/bin']
[2025-12-05T12:22:40.559+0000] {spark_read_mongo_dag.py:177} INFO - Running command: spark-submit --jars /opt/***/jars/mongo-spark-connector_2.12-10.1.1.jar,/opt/***/jars/bson-4.11.2.jar,/opt/***/jars/mongodb-driver-core-4.11.2.jar,/opt/***/jars/mongodb-driver-sync-4.11.2.jar,/opt/***/jars/iceberg-spark-runtime-3.5_2.12-1.5.2.jar,/opt/***/jars/iceberg-nessie-1.5.2.jar,/opt/***/jars/nessie-client-0.99.0.jar,/opt/***/jars/nessie-spark-extensions-3.4_2.12-0.105.7.jar,/opt/***/jars/hadoop-aws-3.3.4.jar,/opt/***/jars/aws-java-sdk-bundle-1.12.772.jar /opt/***/spark_jobs/mongo_pyspark.py
[2025-12-05T12:23:54.774+0000] {spark_read_mongo_dag.py:179} INFO - Process finished. returncode=0
[2025-12-05T12:23:54.775+0000] {spark_read_mongo_dag.py:183} INFO - spark-submit stdout | 2025-12-05 12:22:44,503 INFO mongo_to_iceberg - START main at 2025-12-05 12:22:44
[2025-12-05T12:23:54.775+0000] {spark_read_mongo_dag.py:183} INFO - spark-submit stdout | 2025-12-05 12:22:44,503 INFO mongo_to_iceberg - Checking required JARs under /opt/***/jars
[2025-12-05T12:23:54.775+0000] {spark_read_mongo_dag.py:183} INFO - spark-submit stdout | 2025-12-05 12:22:44,505 INFO mongo_to_iceberg - JAR: /opt/***/jars/mongo-spark-connector_2.12-10.1.1.jar exists=True size=156368
[2025-12-05T12:23:54.776+0000] {spark_read_mongo_dag.py:183} INFO - spark-submit stdout | 2025-12-05 12:22:44,507 INFO mongo_to_iceberg - JAR: /opt/***/jars/bson-4.11.2.jar exists=True size=511356
[2025-12-05T12:23:54.776+0000] {spark_read_mongo_dag.py:183} INFO - spark-submit stdout | 2025-12-05 12:22:44,508 INFO mongo_to_iceberg - JAR: /opt/***/jars/mongodb-driver-core-4.11.2.jar exists=True size=1670650
[2025-12-05T12:23:54.777+0000] {spark_read_mongo_dag.py:183} INFO - spark-submit stdout | 2025-12-05 12:22:44,509 INFO mongo_to_iceberg - JAR: /opt/***/jars/mongodb-driver-sync-4.11.2.jar exists=True size=151808
[2025-12-05T12:23:54.777+0000] {spark_read_mongo_dag.py:183} INFO - spark-submit stdout | 2025-12-05 12:22:44,511 INFO mongo_to_iceberg - JAR: /opt/***/jars/iceberg-spark-runtime-3.5_2.12-1.5.2.jar exists=True size=41604737
[2025-12-05T12:23:54.778+0000] {spark_read_mongo_dag.py:183} INFO - spark-submit stdout | 2025-12-05 12:22:44,513 INFO mongo_to_iceberg - JAR: /opt/***/jars/iceberg-nessie-1.5.2.jar exists=True size=44895
[2025-12-05T12:23:54.778+0000] {spark_read_mongo_dag.py:183} INFO - spark-submit stdout | 2025-12-05 12:22:44,515 INFO mongo_to_iceberg - JAR: /opt/***/jars/nessie-client-0.99.0.jar exists=True size=585165
[2025-12-05T12:23:54.778+0000] {spark_read_mongo_dag.py:183} INFO - spark-submit stdout | 2025-12-05 12:22:44,517 INFO mongo_to_iceberg - JAR: /opt/***/jars/nessie-spark-extensions-3.4_2.12-0.105.7.jar exists=True size=2294495
[2025-12-05T12:23:54.779+0000] {spark_read_mongo_dag.py:183} INFO - spark-submit stdout | 2025-12-05 12:22:44,518 INFO mongo_to_iceberg - JAR: /opt/***/jars/hadoop-aws-3.3.4.jar exists=True size=962685
[2025-12-05T12:23:54.779+0000] {spark_read_mongo_dag.py:183} INFO - spark-submit stdout | 2025-12-05 12:22:44,519 INFO mongo_to_iceberg - JAR: /opt/***/jars/aws-java-sdk-bundle-1.12.772.jar exists=True size=388405806
[2025-12-05T12:23:54.780+0000] {spark_read_mongo_dag.py:183} INFO - spark-submit stdout | 2025-12-05 12:22:44,519 INFO mongo_to_iceberg - Mongo URI (masked): mongodb://172.168.168.206:27017/ai_segmentation.conversations
[2025-12-05T12:23:54.780+0000] {spark_read_mongo_dag.py:183} INFO - spark-submit stdout | 2025-12-05 12:22:44,519 INFO mongo_to_iceberg - Using Iceberg warehouse (must be s3a://): s3a://iceberg/
[2025-12-05T12:23:54.780+0000] {spark_read_mongo_dag.py:183} INFO - spark-submit stdout | 2025-12-05 12:22:44,519 INFO mongo_to_iceberg - S3 endpoint=http://minio:9000 path_style=true ssl_enabled=false
[2025-12-05T12:23:54.781+0000] {spark_read_mongo_dag.py:183} INFO - spark-submit stdout | 2025-12-05 12:22:44,519 INFO mongo_to_iceberg - Nessie URI=http://nessie:19120/api/v2/trees ref=main
[2025-12-05T12:23:54.781+0000] {spark_read_mongo_dag.py:183} INFO - spark-submit stdout | 2025-12-05 12:22:44,519 INFO mongo_to_iceberg - Creating SparkSession...
[2025-12-05T12:23:54.781+0000] {spark_read_mongo_dag.py:183} INFO - spark-submit stdout | 2025-12-05 12:23:29,498 INFO mongo_to_iceberg - SparkSession created. Spark version=3.4.1
[2025-12-05T12:23:54.781+0000] {spark_read_mongo_dag.py:183} INFO - spark-submit stdout | 2025-12-05 12:23:31,700 INFO mongo_to_iceberg - spark.jars config=/opt/***/jars/mongo-spark-connector_2.12-10.1.1.jar,/opt/***/jars/bson-4.11.2.jar,/opt/***/jars/mongodb-driver-core-4.11.2.jar,/opt/***/jars/mongodb-driver-sync-4.11.2.jar,/opt/***/jars/iceberg-spark-runtime-3.5_2.12-1.5.2.jar,/opt/***/jars/iceberg-nessie-1.5.2.jar,/opt/***/jars/nessie-client-0.99.0.jar,/opt/***/jars/nessie-spark-extensions-3.4_2.12-0.105.7.jar,/opt/***/jars/hadoop-aws-3.3.4.jar,/opt/***/jars/aws-java-sdk-bundle-1.12.772.jar
[2025-12-05T12:23:54.782+0000] {spark_read_mongo_dag.py:183} INFO - spark-submit stdout | 2025-12-05 12:23:31,701 INFO mongo_to_iceberg - spark.mongodb.read.connection.uri=mongodb://172.168.168.206:27017/ai_segmentation.conversations
[2025-12-05T12:23:54.782+0000] {spark_read_mongo_dag.py:183} INFO - spark-submit stdout | 2025-12-05 12:23:31,701 INFO mongo_to_iceberg - spark.sql.catalog.nessie.warehouse=s3a://iceberg/
[2025-12-05T12:23:54.783+0000] {spark_read_mongo_dag.py:183} INFO - spark-submit stdout | 2025-12-05 12:23:31,702 INFO mongo_to_iceberg - Starting read from MongoDB collection ai_segmentation.conversations
[2025-12-05T12:23:54.783+0000] {spark_read_mongo_dag.py:183} INFO - spark-submit stdout | 2025-12-05 12:23:41,674 INFO mongo_to_iceberg - Read succeeded. Counting rows (this may be slow)...
[2025-12-05T12:23:54.783+0000] {spark_read_mongo_dag.py:183} INFO - spark-submit stdout | 2025-12-05 12:23:44,666 WARNING mongo_to_iceberg - Failed to count rows; assuming 0. Error: URI doesn't end with the version: http://nessie:19120/api/v2/trees. Please configure `client-api-version` in the catalog properties explicitly.
[2025-12-05T12:23:54.784+0000] {spark_read_mongo_dag.py:183} INFO - spark-submit stdout | 2025-12-05 12:23:44,666 INFO mongo_to_iceberg - Rows read from MongoDB: 0
[2025-12-05T12:23:54.784+0000] {spark_read_mongo_dag.py:183} INFO - spark-submit stdout | 2025-12-05 12:23:44,666 INFO mongo_to_iceberg - Showing up to 5 rows:
[2025-12-05T12:23:54.784+0000] {spark_read_mongo_dag.py:183} INFO - spark-submit stdout | 2025-12-05 12:23:44,804 WARNING mongo_to_iceberg - Failed to take sample rows: URI doesn't end with the version: http://nessie:19120/api/v2/trees. Please configure `client-api-version` in the catalog properties explicitly.
[2025-12-05T12:23:54.785+0000] {spark_read_mongo_dag.py:183} INFO - spark-submit stdout | 2025-12-05 12:23:45,031 ERROR mongo_to_iceberg - Failed to print JSON rows: URI doesn't end with the version: http://nessie:19120/api/v2/trees. Please configure `client-api-version` in the catalog properties explicitly.
[2025-12-05T12:23:54.785+0000] {spark_read_mongo_dag.py:183} INFO - spark-submit stdout | 2025-12-05 12:23:45,031 INFO mongo_to_iceberg - Namespace: ai_segmentation, Table: conversations, Table ident: nessie.ai_segmentation.conversations
[2025-12-05T12:23:54.785+0000] {spark_read_mongo_dag.py:183} INFO - spark-submit stdout | 2025-12-05 12:23:45,031 INFO mongo_to_iceberg - Namespace location: s3a://iceberg/ai_segmentation
[2025-12-05T12:23:54.786+0000] {spark_read_mongo_dag.py:183} INFO - spark-submit stdout | 2025-12-05 12:23:45,031 INFO mongo_to_iceberg - Parquet target path (for fallback): s3a://iceberg/ai_segmentation/conversations/parquet/
[2025-12-05T12:23:54.786+0000] {spark_read_mongo_dag.py:183} INFO - spark-submit stdout | 2025-12-05 12:23:45,031 WARNING mongo_to_iceberg - DataFrame appears empty or has no columns (rows=0). Will write a job marker instead.
[2025-12-05T12:23:54.786+0000] {spark_read_mongo_dag.py:183} INFO - spark-submit stdout | 2025-12-05 12:23:53,266 WARNING mongo_to_iceberg - Failed to write job marker: URI doesn't end with the version: http://nessie:19120/api/v2/trees. Please configure `client-api-version` in the catalog properties explicitly.
[2025-12-05T12:23:54.787+0000] {spark_read_mongo_dag.py:183} INFO - spark-submit stdout | 2025-12-05 12:23:53,270 INFO mongo_to_iceberg - Writing CSV preview (limit=100) to s3a://iceberg/ai_segmentation/conversations/preview/
[2025-12-05T12:23:54.787+0000] {spark_read_mongo_dag.py:183} INFO - spark-submit stdout | 2025-12-05 12:23:53,323 WARNING mongo_to_iceberg - Failed to write CSV preview: URI doesn't end with the version: http://nessie:19120/api/v2/trees. Please configure `client-api-version` in the catalog properties explicitly.
[2025-12-05T12:23:54.787+0000] {spark_read_mongo_dag.py:183} INFO - spark-submit stdout | 2025-12-05 12:23:53,323 INFO mongo_to_iceberg - Verifying Iceberg table read via Spark SQL: SELECT count(*) FROM nessie.ai_segmentation.conversations
[2025-12-05T12:23:54.788+0000] {spark_read_mongo_dag.py:183} INFO - spark-submit stdout | 2025-12-05 12:23:53,474 WARNING mongo_to_iceberg - Failed to verify Iceberg table via SQL: URI doesn't end with the version: http://nessie:19120/api/v2/trees. Please configure `client-api-version` in the catalog properties explicitly.
[2025-12-05T12:23:54.788+0000] {spark_read_mongo_dag.py:183} INFO - spark-submit stdout | 2025-12-05 12:23:53,475 INFO mongo_to_iceberg - Stopping Spark.
[2025-12-05T12:23:54.788+0000] {spark_read_mongo_dag.py:183} INFO - spark-submit stdout | 2025-12-05 12:23:54,152 INFO mongo_to_iceberg - END main SUCCESS at 2025-12-05 12:23:54
[2025-12-05T12:23:54.789+0000] {spark_read_mongo_dag.py:183} INFO - spark-submit stdout | 2025-12-05 12:23:54,152 INFO py4j.clientserver - Closing down clientserver connection
[2025-12-05T12:23:54.789+0000] {spark_read_mongo_dag.py:187} ERROR - spark-submit stderr | 25/12/05 12:22:43 WARN NativeCodeLoader: Unable to load native-hadoop library for your platform... using builtin-java classes where applicable
[2025-12-05T12:23:54.789+0000] {spark_read_mongo_dag.py:187} ERROR - spark-submit stderr | 25/12/05 12:22:45 INFO SparkContext: Running Spark version 3.4.1
[2025-12-05T12:23:54.790+0000] {spark_read_mongo_dag.py:187} ERROR - spark-submit stderr | 25/12/05 12:22:45 INFO ResourceUtils: ==============================================================
[2025-12-05T12:23:54.790+0000] {spark_read_mongo_dag.py:187} ERROR - spark-submit stderr | 25/12/05 12:22:45 INFO ResourceUtils: No custom resources configured for spark.driver.
[2025-12-05T12:23:54.790+0000] {spark_read_mongo_dag.py:187} ERROR - spark-submit stderr | 25/12/05 12:22:45 INFO ResourceUtils: ==============================================================
[2025-12-05T12:23:54.791+0000] {spark_read_mongo_dag.py:187} ERROR - spark-submit stderr | 25/12/05 12:22:45 INFO SparkContext: Submitted application: MongoToIceberg
[2025-12-05T12:23:54.791+0000] {spark_read_mongo_dag.py:187} ERROR - spark-submit stderr | 25/12/05 12:22:45 INFO ResourceProfile: Default ResourceProfile created, executor resources: Map(cores -> name: cores, amount: 1, script: , vendor: , memory -> name: memory, amount: 1024, script: , vendor: , offHeap -> name: offHeap, amount: 0, script: , vendor: ), task resources: Map(cpus -> name: cpus, amount: 1.0)
[2025-12-05T12:23:54.791+0000] {spark_read_mongo_dag.py:187} ERROR - spark-submit stderr | 25/12/05 12:22:45 INFO ResourceProfile: Limiting resource is cpu
[2025-12-05T12:23:54.792+0000] {spark_read_mongo_dag.py:187} ERROR - spark-submit stderr | 25/12/05 12:22:45 INFO ResourceProfileManager: Added ResourceProfile id: 0
[2025-12-05T12:23:54.792+0000] {spark_read_mongo_dag.py:187} ERROR - spark-submit stderr | 25/12/05 12:22:45 INFO SecurityManager: Changing view acls to: ***
[2025-12-05T12:23:54.793+0000] {spark_read_mongo_dag.py:187} ERROR - spark-submit stderr | 25/12/05 12:22:45 INFO SecurityManager: Changing modify acls to: ***
[2025-12-05T12:23:54.793+0000] {spark_read_mongo_dag.py:187} ERROR - spark-submit stderr | 25/12/05 12:22:45 INFO SecurityManager: Changing view acls groups to: 
[2025-12-05T12:23:54.793+0000] {spark_read_mongo_dag.py:187} ERROR - spark-submit stderr | 25/12/05 12:22:45 INFO SecurityManager: Changing modify acls groups to: 
[2025-12-05T12:23:54.794+0000] {spark_read_mongo_dag.py:187} ERROR - spark-submit stderr | 25/12/05 12:22:45 INFO SecurityManager: SecurityManager: authentication disabled; ui acls disabled; users with view permissions: ***; groups with view permissions: EMPTY; users with modify permissions: ***; groups with modify permissions: EMPTY
[2025-12-05T12:23:54.794+0000] {spark_read_mongo_dag.py:187} ERROR - spark-submit stderr | 25/12/05 12:22:45 INFO Utils: Successfully started service 'sparkDriver' on port 42933.
[2025-12-05T12:23:54.794+0000] {spark_read_mongo_dag.py:187} ERROR - spark-submit stderr | 25/12/05 12:22:45 INFO SparkEnv: Registering MapOutputTracker
[2025-12-05T12:23:54.794+0000] {spark_read_mongo_dag.py:187} ERROR - spark-submit stderr | 25/12/05 12:22:45 INFO SparkEnv: Registering BlockManagerMaster
[2025-12-05T12:23:54.795+0000] {spark_read_mongo_dag.py:187} ERROR - spark-submit stderr | 25/12/05 12:22:45 INFO BlockManagerMasterEndpoint: Using org.apache.spark.storage.DefaultTopologyMapper for getting topology information
[2025-12-05T12:23:54.795+0000] {spark_read_mongo_dag.py:187} ERROR - spark-submit stderr | 25/12/05 12:22:45 INFO BlockManagerMasterEndpoint: BlockManagerMasterEndpoint up
[2025-12-05T12:23:54.796+0000] {spark_read_mongo_dag.py:187} ERROR - spark-submit stderr | 25/12/05 12:22:45 INFO SparkEnv: Registering BlockManagerMasterHeartbeat
[2025-12-05T12:23:54.796+0000] {spark_read_mongo_dag.py:187} ERROR - spark-submit stderr | 25/12/05 12:22:45 INFO DiskBlockManager: Created local directory at /tmp/blockmgr-9f398104-ba76-420c-8801-4ef54677c4c0
[2025-12-05T12:23:54.797+0000] {spark_read_mongo_dag.py:187} ERROR - spark-submit stderr | 25/12/05 12:22:45 INFO MemoryStore: MemoryStore started with capacity 434.4 MiB
[2025-12-05T12:23:54.797+0000] {spark_read_mongo_dag.py:187} ERROR - spark-submit stderr | 25/12/05 12:22:45 INFO SparkEnv: Registering OutputCommitCoordinator
[2025-12-05T12:23:54.797+0000] {spark_read_mongo_dag.py:187} ERROR - spark-submit stderr | 25/12/05 12:22:46 INFO JettyUtils: Start Jetty 0.0.0.0:4040 for SparkUI
[2025-12-05T12:23:54.798+0000] {spark_read_mongo_dag.py:187} ERROR - spark-submit stderr | 25/12/05 12:22:46 INFO Utils: Successfully started service 'SparkUI' on port 4040.
[2025-12-05T12:23:54.798+0000] {spark_read_mongo_dag.py:187} ERROR - spark-submit stderr | 25/12/05 12:22:46 INFO SparkContext: Added JAR /opt/***/jars/mongo-spark-connector_2.12-10.1.1.jar at spark://fa5351f36d22:42933/jars/mongo-spark-connector_2.12-10.1.1.jar with timestamp 1764937365296
[2025-12-05T12:23:54.798+0000] {spark_read_mongo_dag.py:187} ERROR - spark-submit stderr | 25/12/05 12:22:46 INFO SparkContext: Added JAR /opt/***/jars/bson-4.11.2.jar at spark://fa5351f36d22:42933/jars/bson-4.11.2.jar with timestamp 1764937365296
[2025-12-05T12:23:54.799+0000] {spark_read_mongo_dag.py:187} ERROR - spark-submit stderr | 25/12/05 12:22:46 INFO SparkContext: Added JAR /opt/***/jars/mongodb-driver-core-4.11.2.jar at spark://fa5351f36d22:42933/jars/mongodb-driver-core-4.11.2.jar with timestamp 1764937365296
[2025-12-05T12:23:54.799+0000] {spark_read_mongo_dag.py:187} ERROR - spark-submit stderr | 25/12/05 12:22:46 INFO SparkContext: Added JAR /opt/***/jars/mongodb-driver-sync-4.11.2.jar at spark://fa5351f36d22:42933/jars/mongodb-driver-sync-4.11.2.jar with timestamp 1764937365296
[2025-12-05T12:23:54.799+0000] {spark_read_mongo_dag.py:187} ERROR - spark-submit stderr | 25/12/05 12:22:46 INFO SparkContext: Added JAR /opt/***/jars/iceberg-spark-runtime-3.5_2.12-1.5.2.jar at spark://fa5351f36d22:42933/jars/iceberg-spark-runtime-3.5_2.12-1.5.2.jar with timestamp 1764937365296
[2025-12-05T12:23:54.800+0000] {spark_read_mongo_dag.py:187} ERROR - spark-submit stderr | 25/12/05 12:22:46 INFO SparkContext: Added JAR /opt/***/jars/iceberg-nessie-1.5.2.jar at spark://fa5351f36d22:42933/jars/iceberg-nessie-1.5.2.jar with timestamp 1764937365296
[2025-12-05T12:23:54.800+0000] {spark_read_mongo_dag.py:187} ERROR - spark-submit stderr | 25/12/05 12:22:46 INFO SparkContext: Added JAR /opt/***/jars/nessie-client-0.99.0.jar at spark://fa5351f36d22:42933/jars/nessie-client-0.99.0.jar with timestamp 1764937365296
[2025-12-05T12:23:54.800+0000] {spark_read_mongo_dag.py:187} ERROR - spark-submit stderr | 25/12/05 12:22:46 INFO SparkContext: Added JAR /opt/***/jars/nessie-spark-extensions-3.4_2.12-0.105.7.jar at spark://fa5351f36d22:42933/jars/nessie-spark-extensions-3.4_2.12-0.105.7.jar with timestamp 1764937365296
[2025-12-05T12:23:54.801+0000] {spark_read_mongo_dag.py:187} ERROR - spark-submit stderr | 25/12/05 12:22:46 INFO SparkContext: Added JAR /opt/***/jars/hadoop-aws-3.3.4.jar at spark://fa5351f36d22:42933/jars/hadoop-aws-3.3.4.jar with timestamp 1764937365296
[2025-12-05T12:23:54.801+0000] {spark_read_mongo_dag.py:187} ERROR - spark-submit stderr | 25/12/05 12:22:46 INFO SparkContext: Added JAR /opt/***/jars/aws-java-sdk-bundle-1.12.772.jar at spark://fa5351f36d22:42933/jars/aws-java-sdk-bundle-1.12.772.jar with timestamp 1764937365296
[2025-12-05T12:23:54.801+0000] {spark_read_mongo_dag.py:187} ERROR - spark-submit stderr | 25/12/05 12:22:46 INFO Executor: Starting executor ID driver on host fa5351f36d22
[2025-12-05T12:23:54.801+0000] {spark_read_mongo_dag.py:187} ERROR - spark-submit stderr | 25/12/05 12:22:46 INFO Executor: Starting executor with user classpath (userClassPathFirst = false): ''
[2025-12-05T12:23:54.802+0000] {spark_read_mongo_dag.py:187} ERROR - spark-submit stderr | 25/12/05 12:22:46 INFO Executor: Fetching spark://fa5351f36d22:42933/jars/iceberg-spark-runtime-3.5_2.12-1.5.2.jar with timestamp 1764937365296
[2025-12-05T12:23:54.802+0000] {spark_read_mongo_dag.py:187} ERROR - spark-submit stderr | 25/12/05 12:22:46 INFO TransportClientFactory: Successfully created connection to fa5351f36d22/172.19.0.11:42933 after 39 ms (0 ms spent in bootstraps)
[2025-12-05T12:23:54.802+0000] {spark_read_mongo_dag.py:187} ERROR - spark-submit stderr | 25/12/05 12:22:46 INFO Utils: Fetching spark://fa5351f36d22:42933/jars/iceberg-spark-runtime-3.5_2.12-1.5.2.jar to /tmp/spark-f2b22fce-0556-4cc8-8ca0-a221d7bd6791/userFiles-be350558-1610-4c2d-8b4b-f3851d49d099/fetchFileTemp2715641910365437453.tmp
[2025-12-05T12:23:54.803+0000] {spark_read_mongo_dag.py:187} ERROR - spark-submit stderr | 25/12/05 12:22:47 INFO Executor: Adding file:/tmp/spark-f2b22fce-0556-4cc8-8ca0-a221d7bd6791/userFiles-be350558-1610-4c2d-8b4b-f3851d49d099/iceberg-spark-runtime-3.5_2.12-1.5.2.jar to class loader
[2025-12-05T12:23:54.803+0000] {spark_read_mongo_dag.py:187} ERROR - spark-submit stderr | 25/12/05 12:22:47 INFO Executor: Fetching spark://fa5351f36d22:42933/jars/bson-4.11.2.jar with timestamp 1764937365296
[2025-12-05T12:23:54.803+0000] {spark_read_mongo_dag.py:187} ERROR - spark-submit stderr | 25/12/05 12:22:47 INFO Utils: Fetching spark://fa5351f36d22:42933/jars/bson-4.11.2.jar to /tmp/spark-f2b22fce-0556-4cc8-8ca0-a221d7bd6791/userFiles-be350558-1610-4c2d-8b4b-f3851d49d099/fetchFileTemp13079817558748527838.tmp
[2025-12-05T12:23:54.804+0000] {spark_read_mongo_dag.py:187} ERROR - spark-submit stderr | 25/12/05 12:22:47 INFO Executor: Adding file:/tmp/spark-f2b22fce-0556-4cc8-8ca0-a221d7bd6791/userFiles-be350558-1610-4c2d-8b4b-f3851d49d099/bson-4.11.2.jar to class loader
[2025-12-05T12:23:54.804+0000] {spark_read_mongo_dag.py:187} ERROR - spark-submit stderr | 25/12/05 12:22:47 INFO Executor: Fetching spark://fa5351f36d22:42933/jars/hadoop-aws-3.3.4.jar with timestamp 1764937365296
[2025-12-05T12:23:54.805+0000] {spark_read_mongo_dag.py:187} ERROR - spark-submit stderr | 25/12/05 12:22:47 INFO Utils: Fetching spark://fa5351f36d22:42933/jars/hadoop-aws-3.3.4.jar to /tmp/spark-f2b22fce-0556-4cc8-8ca0-a221d7bd6791/userFiles-be350558-1610-4c2d-8b4b-f3851d49d099/fetchFileTemp13586170590640876632.tmp
[2025-12-05T12:23:54.805+0000] {spark_read_mongo_dag.py:187} ERROR - spark-submit stderr | 25/12/05 12:22:47 INFO Executor: Adding file:/tmp/spark-f2b22fce-0556-4cc8-8ca0-a221d7bd6791/userFiles-be350558-1610-4c2d-8b4b-f3851d49d099/hadoop-aws-3.3.4.jar to class loader
[2025-12-05T12:23:54.805+0000] {spark_read_mongo_dag.py:187} ERROR - spark-submit stderr | 25/12/05 12:22:47 INFO Executor: Fetching spark://fa5351f36d22:42933/jars/mongo-spark-connector_2.12-10.1.1.jar with timestamp 1764937365296
[2025-12-05T12:23:54.806+0000] {spark_read_mongo_dag.py:187} ERROR - spark-submit stderr | 25/12/05 12:22:47 INFO Utils: Fetching spark://fa5351f36d22:42933/jars/mongo-spark-connector_2.12-10.1.1.jar to /tmp/spark-f2b22fce-0556-4cc8-8ca0-a221d7bd6791/userFiles-be350558-1610-4c2d-8b4b-f3851d49d099/fetchFileTemp1911038251425425424.tmp
[2025-12-05T12:23:54.806+0000] {spark_read_mongo_dag.py:187} ERROR - spark-submit stderr | 25/12/05 12:22:48 INFO Executor: Adding file:/tmp/spark-f2b22fce-0556-4cc8-8ca0-a221d7bd6791/userFiles-be350558-1610-4c2d-8b4b-f3851d49d099/mongo-spark-connector_2.12-10.1.1.jar to class loader
[2025-12-05T12:23:54.806+0000] {spark_read_mongo_dag.py:187} ERROR - spark-submit stderr | 25/12/05 12:22:48 INFO Executor: Fetching spark://fa5351f36d22:42933/jars/aws-java-sdk-bundle-1.12.772.jar with timestamp 1764937365296
[2025-12-05T12:23:54.806+0000] {spark_read_mongo_dag.py:187} ERROR - spark-submit stderr | 25/12/05 12:22:48 INFO Utils: Fetching spark://fa5351f36d22:42933/jars/aws-java-sdk-bundle-1.12.772.jar to /tmp/spark-f2b22fce-0556-4cc8-8ca0-a221d7bd6791/userFiles-be350558-1610-4c2d-8b4b-f3851d49d099/fetchFileTemp18100444684639082329.tmp
[2025-12-05T12:23:54.807+0000] {spark_read_mongo_dag.py:187} ERROR - spark-submit stderr | 25/12/05 12:22:57 INFO Executor: Told to re-register on heartbeat
[2025-12-05T12:23:54.807+0000] {spark_read_mongo_dag.py:187} ERROR - spark-submit stderr | 25/12/05 12:22:57 INFO BlockManager: BlockManager null re-registering with master
[2025-12-05T12:23:54.808+0000] {spark_read_mongo_dag.py:187} ERROR - spark-submit stderr | 25/12/05 12:22:57 INFO BlockManagerMaster: Registering BlockManager null
[2025-12-05T12:23:54.808+0000] {spark_read_mongo_dag.py:187} ERROR - spark-submit stderr | 25/12/05 12:22:57 ERROR Inbox: Ignoring error
[2025-12-05T12:23:54.808+0000] {spark_read_mongo_dag.py:187} ERROR - spark-submit stderr | java.lang.NullPointerException: Cannot invoke "org.apache.spark.storage.BlockManagerId.executorId()" because "idWithoutTopologyInfo" is null
[2025-12-05T12:23:54.809+0000] {spark_read_mongo_dag.py:187} ERROR - spark-submit stderr | 	at org.apache.spark.storage.BlockManagerMasterEndpoint.org$apache$spark$storage$BlockManagerMasterEndpoint$$register(BlockManagerMasterEndpoint.scala:600)
[2025-12-05T12:23:54.809+0000] {spark_read_mongo_dag.py:187} ERROR - spark-submit stderr | 	at org.apache.spark.storage.BlockManagerMasterEndpoint$$anonfun$receiveAndReply$1.applyOrElse(BlockManagerMasterEndpoint.scala:123)
[2025-12-05T12:23:54.809+0000] {spark_read_mongo_dag.py:187} ERROR - spark-submit stderr | 	at org.apache.spark.rpc.netty.Inbox.$anonfun$process$1(Inbox.scala:103)
[2025-12-05T12:23:54.810+0000] {spark_read_mongo_dag.py:187} ERROR - spark-submit stderr | 	at org.apache.spark.rpc.netty.Inbox.safelyCall(Inbox.scala:213)
[2025-12-05T12:23:54.810+0000] {spark_read_mongo_dag.py:187} ERROR - spark-submit stderr | 	at org.apache.spark.rpc.netty.Inbox.process(Inbox.scala:100)
[2025-12-05T12:23:54.811+0000] {spark_read_mongo_dag.py:187} ERROR - spark-submit stderr | 	at org.apache.spark.rpc.netty.MessageLoop.org$apache$spark$rpc$netty$MessageLoop$$receiveLoop(MessageLoop.scala:75)
[2025-12-05T12:23:54.811+0000] {spark_read_mongo_dag.py:187} ERROR - spark-submit stderr | 	at org.apache.spark.rpc.netty.MessageLoop$$anon$1.run(MessageLoop.scala:41)
[2025-12-05T12:23:54.811+0000] {spark_read_mongo_dag.py:187} ERROR - spark-submit stderr | 	at java.base/java.util.concurrent.ThreadPoolExecutor.runWorker(ThreadPoolExecutor.java:1136)
[2025-12-05T12:23:54.812+0000] {spark_read_mongo_dag.py:187} ERROR - spark-submit stderr | 	at java.base/java.util.concurrent.ThreadPoolExecutor$Worker.run(ThreadPoolExecutor.java:635)
[2025-12-05T12:23:54.812+0000] {spark_read_mongo_dag.py:187} ERROR - spark-submit stderr | 	at java.base/java.lang.Thread.run(Thread.java:840)
[2025-12-05T12:23:54.812+0000] {spark_read_mongo_dag.py:187} ERROR - spark-submit stderr | 25/12/05 12:22:57 WARN Executor: Issue communicating with driver in heartbeater
[2025-12-05T12:23:54.813+0000] {spark_read_mongo_dag.py:187} ERROR - spark-submit stderr | org.apache.spark.SparkException: Exception thrown in awaitResult: 
[2025-12-05T12:23:54.813+0000] {spark_read_mongo_dag.py:187} ERROR - spark-submit stderr | 	at org.apache.spark.util.ThreadUtils$.awaitResult(ThreadUtils.scala:322)
[2025-12-05T12:23:54.814+0000] {spark_read_mongo_dag.py:187} ERROR - spark-submit stderr | 	at org.apache.spark.rpc.RpcTimeout.awaitResult(RpcTimeout.scala:75)
[2025-12-05T12:23:54.814+0000] {spark_read_mongo_dag.py:187} ERROR - spark-submit stderr | 	at org.apache.spark.rpc.RpcEndpointRef.askSync(RpcEndpointRef.scala:101)
[2025-12-05T12:23:54.814+0000] {spark_read_mongo_dag.py:187} ERROR - spark-submit stderr | 	at org.apache.spark.rpc.RpcEndpointRef.askSync(RpcEndpointRef.scala:85)
[2025-12-05T12:23:54.815+0000] {spark_read_mongo_dag.py:187} ERROR - spark-submit stderr | 	at org.apache.spark.storage.BlockManagerMaster.registerBlockManager(BlockManagerMaster.scala:80)
[2025-12-05T12:23:54.815+0000] {spark_read_mongo_dag.py:187} ERROR - spark-submit stderr | 	at org.apache.spark.storage.BlockManager.reregister(BlockManager.scala:641)
[2025-12-05T12:23:54.815+0000] {spark_read_mongo_dag.py:187} ERROR - spark-submit stderr | 	at org.apache.spark.executor.Executor.reportHeartBeat(Executor.scala:1111)
[2025-12-05T12:23:54.815+0000] {spark_read_mongo_dag.py:187} ERROR - spark-submit stderr | 	at org.apache.spark.executor.Executor.$anonfun$heartbeater$1(Executor.scala:244)
[2025-12-05T12:23:54.816+0000] {spark_read_mongo_dag.py:187} ERROR - spark-submit stderr | 	at scala.runtime.java8.JFunction0$mcV$sp.apply(JFunction0$mcV$sp.java:23)
[2025-12-05T12:23:54.816+0000] {spark_read_mongo_dag.py:187} ERROR - spark-submit stderr | 	at org.apache.spark.util.Utils$.logUncaughtExceptions(Utils.scala:2088)
[2025-12-05T12:23:54.816+0000] {spark_read_mongo_dag.py:187} ERROR - spark-submit stderr | 	at org.apache.spark.Heartbeater$$anon$1.run(Heartbeater.scala:46)
[2025-12-05T12:23:54.817+0000] {spark_read_mongo_dag.py:187} ERROR - spark-submit stderr | 	at java.base/java.util.concurrent.Executors$RunnableAdapter.call(Executors.java:539)
[2025-12-05T12:23:54.817+0000] {spark_read_mongo_dag.py:187} ERROR - spark-submit stderr | 	at java.base/java.util.concurrent.FutureTask.runAndReset(FutureTask.java:305)
[2025-12-05T12:23:54.817+0000] {spark_read_mongo_dag.py:187} ERROR - spark-submit stderr | 	at java.base/java.util.concurrent.ScheduledThreadPoolExecutor$ScheduledFutureTask.run(ScheduledThreadPoolExecutor.java:305)
[2025-12-05T12:23:54.818+0000] {spark_read_mongo_dag.py:187} ERROR - spark-submit stderr | 	at java.base/java.util.concurrent.ThreadPoolExecutor.runWorker(ThreadPoolExecutor.java:1136)
[2025-12-05T12:23:54.818+0000] {spark_read_mongo_dag.py:187} ERROR - spark-submit stderr | 	at java.base/java.util.concurrent.ThreadPoolExecutor$Worker.run(ThreadPoolExecutor.java:635)
[2025-12-05T12:23:54.818+0000] {spark_read_mongo_dag.py:187} ERROR - spark-submit stderr | 	at java.base/java.lang.Thread.run(Thread.java:840)
[2025-12-05T12:23:54.819+0000] {spark_read_mongo_dag.py:187} ERROR - spark-submit stderr | Caused by: java.lang.NullPointerException: Cannot invoke "org.apache.spark.storage.BlockManagerId.executorId()" because "idWithoutTopologyInfo" is null
[2025-12-05T12:23:54.819+0000] {spark_read_mongo_dag.py:187} ERROR - spark-submit stderr | 	at org.apache.spark.storage.BlockManagerMasterEndpoint.org$apache$spark$storage$BlockManagerMasterEndpoint$$register(BlockManagerMasterEndpoint.scala:600)
[2025-12-05T12:23:54.819+0000] {spark_read_mongo_dag.py:187} ERROR - spark-submit stderr | 	at org.apache.spark.storage.BlockManagerMasterEndpoint$$anonfun$receiveAndReply$1.applyOrElse(BlockManagerMasterEndpoint.scala:123)
[2025-12-05T12:23:54.820+0000] {spark_read_mongo_dag.py:187} ERROR - spark-submit stderr | 	at org.apache.spark.rpc.netty.Inbox.$anonfun$process$1(Inbox.scala:103)
[2025-12-05T12:23:54.820+0000] {spark_read_mongo_dag.py:187} ERROR - spark-submit stderr | 	at org.apache.spark.rpc.netty.Inbox.safelyCall(Inbox.scala:213)
[2025-12-05T12:23:54.821+0000] {spark_read_mongo_dag.py:187} ERROR - spark-submit stderr | 	at org.apache.spark.rpc.netty.Inbox.process(Inbox.scala:100)
[2025-12-05T12:23:54.821+0000] {spark_read_mongo_dag.py:187} ERROR - spark-submit stderr | 	at org.apache.spark.rpc.netty.MessageLoop.org$apache$spark$rpc$netty$MessageLoop$$receiveLoop(MessageLoop.scala:75)
[2025-12-05T12:23:54.821+0000] {spark_read_mongo_dag.py:187} ERROR - spark-submit stderr | 	at org.apache.spark.rpc.netty.MessageLoop$$anon$1.run(MessageLoop.scala:41)
[2025-12-05T12:23:54.822+0000] {spark_read_mongo_dag.py:187} ERROR - spark-submit stderr | 	... 3 more
[2025-12-05T12:23:54.822+0000] {spark_read_mongo_dag.py:187} ERROR - spark-submit stderr | 25/12/05 12:23:07 INFO Executor: Told to re-register on heartbeat
[2025-12-05T12:23:54.822+0000] {spark_read_mongo_dag.py:187} ERROR - spark-submit stderr | 25/12/05 12:23:07 INFO BlockManager: BlockManager null re-registering with master
[2025-12-05T12:23:54.822+0000] {spark_read_mongo_dag.py:187} ERROR - spark-submit stderr | 25/12/05 12:23:07 INFO BlockManagerMaster: Registering BlockManager null
[2025-12-05T12:23:54.823+0000] {spark_read_mongo_dag.py:187} ERROR - spark-submit stderr | 25/12/05 12:23:07 ERROR Inbox: Ignoring error
[2025-12-05T12:23:54.823+0000] {spark_read_mongo_dag.py:187} ERROR - spark-submit stderr | java.lang.NullPointerException: Cannot invoke "org.apache.spark.storage.BlockManagerId.executorId()" because "idWithoutTopologyInfo" is null
[2025-12-05T12:23:54.823+0000] {spark_read_mongo_dag.py:187} ERROR - spark-submit stderr | 	at org.apache.spark.storage.BlockManagerMasterEndpoint.org$apache$spark$storage$BlockManagerMasterEndpoint$$register(BlockManagerMasterEndpoint.scala:600)
[2025-12-05T12:23:54.824+0000] {spark_read_mongo_dag.py:187} ERROR - spark-submit stderr | 	at org.apache.spark.storage.BlockManagerMasterEndpoint$$anonfun$receiveAndReply$1.applyOrElse(BlockManagerMasterEndpoint.scala:123)
[2025-12-05T12:23:54.824+0000] {spark_read_mongo_dag.py:187} ERROR - spark-submit stderr | 	at org.apache.spark.rpc.netty.Inbox.$anonfun$process$1(Inbox.scala:103)
[2025-12-05T12:23:54.824+0000] {spark_read_mongo_dag.py:187} ERROR - spark-submit stderr | 	at org.apache.spark.rpc.netty.Inbox.safelyCall(Inbox.scala:213)
[2025-12-05T12:23:54.824+0000] {spark_read_mongo_dag.py:187} ERROR - spark-submit stderr | 	at org.apache.spark.rpc.netty.Inbox.process(Inbox.scala:100)
[2025-12-05T12:23:54.825+0000] {spark_read_mongo_dag.py:187} ERROR - spark-submit stderr | 	at org.apache.spark.rpc.netty.MessageLoop.org$apache$spark$rpc$netty$MessageLoop$$receiveLoop(MessageLoop.scala:75)
[2025-12-05T12:23:54.825+0000] {spark_read_mongo_dag.py:187} ERROR - spark-submit stderr | 	at org.apache.spark.rpc.netty.MessageLoop$$anon$1.run(MessageLoop.scala:41)
[2025-12-05T12:23:54.825+0000] {spark_read_mongo_dag.py:187} ERROR - spark-submit stderr | 	at java.base/java.util.concurrent.ThreadPoolExecutor.runWorker(ThreadPoolExecutor.java:1136)
[2025-12-05T12:23:54.826+0000] {spark_read_mongo_dag.py:187} ERROR - spark-submit stderr | 	at java.base/java.util.concurrent.ThreadPoolExecutor$Worker.run(ThreadPoolExecutor.java:635)
[2025-12-05T12:23:54.826+0000] {spark_read_mongo_dag.py:187} ERROR - spark-submit stderr | 	at java.base/java.lang.Thread.run(Thread.java:840)
[2025-12-05T12:23:54.826+0000] {spark_read_mongo_dag.py:187} ERROR - spark-submit stderr | 25/12/05 12:23:07 WARN Executor: Issue communicating with driver in heartbeater
[2025-12-05T12:23:54.827+0000] {spark_read_mongo_dag.py:187} ERROR - spark-submit stderr | org.apache.spark.SparkException: Exception thrown in awaitResult: 
[2025-12-05T12:23:54.827+0000] {spark_read_mongo_dag.py:187} ERROR - spark-submit stderr | 	at org.apache.spark.util.ThreadUtils$.awaitResult(ThreadUtils.scala:322)
[2025-12-05T12:23:54.827+0000] {spark_read_mongo_dag.py:187} ERROR - spark-submit stderr | 	at org.apache.spark.rpc.RpcTimeout.awaitResult(RpcTimeout.scala:75)
[2025-12-05T12:23:54.828+0000] {spark_read_mongo_dag.py:187} ERROR - spark-submit stderr | 	at org.apache.spark.rpc.RpcEndpointRef.askSync(RpcEndpointRef.scala:101)
[2025-12-05T12:23:54.828+0000] {spark_read_mongo_dag.py:187} ERROR - spark-submit stderr | 	at org.apache.spark.rpc.RpcEndpointRef.askSync(RpcEndpointRef.scala:85)
[2025-12-05T12:23:54.829+0000] {spark_read_mongo_dag.py:187} ERROR - spark-submit stderr | 	at org.apache.spark.storage.BlockManagerMaster.registerBlockManager(BlockManagerMaster.scala:80)
[2025-12-05T12:23:54.829+0000] {spark_read_mongo_dag.py:187} ERROR - spark-submit stderr | 	at org.apache.spark.storage.BlockManager.reregister(BlockManager.scala:641)
[2025-12-05T12:23:54.829+0000] {spark_read_mongo_dag.py:187} ERROR - spark-submit stderr | 	at org.apache.spark.executor.Executor.reportHeartBeat(Executor.scala:1111)
[2025-12-05T12:23:54.830+0000] {spark_read_mongo_dag.py:187} ERROR - spark-submit stderr | 	at org.apache.spark.executor.Executor.$anonfun$heartbeater$1(Executor.scala:244)
[2025-12-05T12:23:54.830+0000] {spark_read_mongo_dag.py:187} ERROR - spark-submit stderr | 	at scala.runtime.java8.JFunction0$mcV$sp.apply(JFunction0$mcV$sp.java:23)
[2025-12-05T12:23:54.830+0000] {spark_read_mongo_dag.py:187} ERROR - spark-submit stderr | 	at org.apache.spark.util.Utils$.logUncaughtExceptions(Utils.scala:2088)
[2025-12-05T12:23:54.831+0000] {spark_read_mongo_dag.py:187} ERROR - spark-submit stderr | 	at org.apache.spark.Heartbeater$$anon$1.run(Heartbeater.scala:46)
[2025-12-05T12:23:54.831+0000] {spark_read_mongo_dag.py:187} ERROR - spark-submit stderr | 	at java.base/java.util.concurrent.Executors$RunnableAdapter.call(Executors.java:539)
[2025-12-05T12:23:54.831+0000] {spark_read_mongo_dag.py:187} ERROR - spark-submit stderr | 	at java.base/java.util.concurrent.FutureTask.runAndReset(FutureTask.java:305)
[2025-12-05T12:23:54.832+0000] {spark_read_mongo_dag.py:187} ERROR - spark-submit stderr | 	at java.base/java.util.concurrent.ScheduledThreadPoolExecutor$ScheduledFutureTask.run(ScheduledThreadPoolExecutor.java:305)
[2025-12-05T12:23:54.832+0000] {spark_read_mongo_dag.py:187} ERROR - spark-submit stderr | 	at java.base/java.util.concurrent.ThreadPoolExecutor.runWorker(ThreadPoolExecutor.java:1136)
[2025-12-05T12:23:54.832+0000] {spark_read_mongo_dag.py:187} ERROR - spark-submit stderr | 	at java.base/java.util.concurrent.ThreadPoolExecutor$Worker.run(ThreadPoolExecutor.java:635)
[2025-12-05T12:23:54.833+0000] {spark_read_mongo_dag.py:187} ERROR - spark-submit stderr | 	at java.base/java.lang.Thread.run(Thread.java:840)
[2025-12-05T12:23:54.833+0000] {spark_read_mongo_dag.py:187} ERROR - spark-submit stderr | Caused by: java.lang.NullPointerException: Cannot invoke "org.apache.spark.storage.BlockManagerId.executorId()" because "idWithoutTopologyInfo" is null
[2025-12-05T12:23:54.833+0000] {spark_read_mongo_dag.py:187} ERROR - spark-submit stderr | 	at org.apache.spark.storage.BlockManagerMasterEndpoint.org$apache$spark$storage$BlockManagerMasterEndpoint$$register(BlockManagerMasterEndpoint.scala:600)
[2025-12-05T12:23:54.834+0000] {spark_read_mongo_dag.py:187} ERROR - spark-submit stderr | 	at org.apache.spark.storage.BlockManagerMasterEndpoint$$anonfun$receiveAndReply$1.applyOrElse(BlockManagerMasterEndpoint.scala:123)
[2025-12-05T12:23:54.834+0000] {spark_read_mongo_dag.py:187} ERROR - spark-submit stderr | 	at org.apache.spark.rpc.netty.Inbox.$anonfun$process$1(Inbox.scala:103)
[2025-12-05T12:23:54.834+0000] {spark_read_mongo_dag.py:187} ERROR - spark-submit stderr | 	at org.apache.spark.rpc.netty.Inbox.safelyCall(Inbox.scala:213)
[2025-12-05T12:23:54.835+0000] {spark_read_mongo_dag.py:187} ERROR - spark-submit stderr | 	at org.apache.spark.rpc.netty.Inbox.process(Inbox.scala:100)
[2025-12-05T12:23:54.835+0000] {spark_read_mongo_dag.py:187} ERROR - spark-submit stderr | 	at org.apache.spark.rpc.netty.MessageLoop.org$apache$spark$rpc$netty$MessageLoop$$receiveLoop(MessageLoop.scala:75)
[2025-12-05T12:23:54.835+0000] {spark_read_mongo_dag.py:187} ERROR - spark-submit stderr | 	at org.apache.spark.rpc.netty.MessageLoop$$anon$1.run(MessageLoop.scala:41)
[2025-12-05T12:23:54.835+0000] {spark_read_mongo_dag.py:187} ERROR - spark-submit stderr | 	... 3 more
[2025-12-05T12:23:54.836+0000] {spark_read_mongo_dag.py:187} ERROR - spark-submit stderr | 25/12/05 12:23:17 INFO Executor: Told to re-register on heartbeat
[2025-12-05T12:23:54.836+0000] {spark_read_mongo_dag.py:187} ERROR - spark-submit stderr | 25/12/05 12:23:17 INFO BlockManager: BlockManager null re-registering with master
[2025-12-05T12:23:54.836+0000] {spark_read_mongo_dag.py:187} ERROR - spark-submit stderr | 25/12/05 12:23:17 INFO BlockManagerMaster: Registering BlockManager null
[2025-12-05T12:23:54.837+0000] {spark_read_mongo_dag.py:187} ERROR - spark-submit stderr | 25/12/05 12:23:17 ERROR Inbox: Ignoring error
[2025-12-05T12:23:54.837+0000] {spark_read_mongo_dag.py:187} ERROR - spark-submit stderr | java.lang.NullPointerException: Cannot invoke "org.apache.spark.storage.BlockManagerId.executorId()" because "idWithoutTopologyInfo" is null
[2025-12-05T12:23:54.837+0000] {spark_read_mongo_dag.py:187} ERROR - spark-submit stderr | 	at org.apache.spark.storage.BlockManagerMasterEndpoint.org$apache$spark$storage$BlockManagerMasterEndpoint$$register(BlockManagerMasterEndpoint.scala:600)
[2025-12-05T12:23:54.838+0000] {spark_read_mongo_dag.py:187} ERROR - spark-submit stderr | 	at org.apache.spark.storage.BlockManagerMasterEndpoint$$anonfun$receiveAndReply$1.applyOrElse(BlockManagerMasterEndpoint.scala:123)
[2025-12-05T12:23:54.838+0000] {spark_read_mongo_dag.py:187} ERROR - spark-submit stderr | 	at org.apache.spark.rpc.netty.Inbox.$anonfun$process$1(Inbox.scala:103)
[2025-12-05T12:23:54.838+0000] {spark_read_mongo_dag.py:187} ERROR - spark-submit stderr | 	at org.apache.spark.rpc.netty.Inbox.safelyCall(Inbox.scala:213)
[2025-12-05T12:23:54.839+0000] {spark_read_mongo_dag.py:187} ERROR - spark-submit stderr | 	at org.apache.spark.rpc.netty.Inbox.process(Inbox.scala:100)
[2025-12-05T12:23:54.839+0000] {spark_read_mongo_dag.py:187} ERROR - spark-submit stderr | 	at org.apache.spark.rpc.netty.MessageLoop.org$apache$spark$rpc$netty$MessageLoop$$receiveLoop(MessageLoop.scala:75)
[2025-12-05T12:23:54.839+0000] {spark_read_mongo_dag.py:187} ERROR - spark-submit stderr | 	at org.apache.spark.rpc.netty.MessageLoop$$anon$1.run(MessageLoop.scala:41)
[2025-12-05T12:23:54.840+0000] {spark_read_mongo_dag.py:187} ERROR - spark-submit stderr | 	at java.base/java.util.concurrent.ThreadPoolExecutor.runWorker(ThreadPoolExecutor.java:1136)
[2025-12-05T12:23:54.840+0000] {spark_read_mongo_dag.py:187} ERROR - spark-submit stderr | 	at java.base/java.util.concurrent.ThreadPoolExecutor$Worker.run(ThreadPoolExecutor.java:635)
[2025-12-05T12:23:54.840+0000] {spark_read_mongo_dag.py:187} ERROR - spark-submit stderr | 	at java.base/java.lang.Thread.run(Thread.java:840)
[2025-12-05T12:23:54.841+0000] {spark_read_mongo_dag.py:187} ERROR - spark-submit stderr | 25/12/05 12:23:17 WARN Executor: Issue communicating with driver in heartbeater
[2025-12-05T12:23:54.841+0000] {spark_read_mongo_dag.py:187} ERROR - spark-submit stderr | org.apache.spark.SparkException: Exception thrown in awaitResult: 
[2025-12-05T12:23:54.841+0000] {spark_read_mongo_dag.py:187} ERROR - spark-submit stderr | 	at org.apache.spark.util.ThreadUtils$.awaitResult(ThreadUtils.scala:322)
[2025-12-05T12:23:54.842+0000] {spark_read_mongo_dag.py:187} ERROR - spark-submit stderr | 	at org.apache.spark.rpc.RpcTimeout.awaitResult(RpcTimeout.scala:75)
[2025-12-05T12:23:54.842+0000] {spark_read_mongo_dag.py:187} ERROR - spark-submit stderr | 	at org.apache.spark.rpc.RpcEndpointRef.askSync(RpcEndpointRef.scala:101)
[2025-12-05T12:23:54.842+0000] {spark_read_mongo_dag.py:187} ERROR - spark-submit stderr | 	at org.apache.spark.rpc.RpcEndpointRef.askSync(RpcEndpointRef.scala:85)
[2025-12-05T12:23:54.842+0000] {spark_read_mongo_dag.py:187} ERROR - spark-submit stderr | 	at org.apache.spark.storage.BlockManagerMaster.registerBlockManager(BlockManagerMaster.scala:80)
[2025-12-05T12:23:54.843+0000] {spark_read_mongo_dag.py:187} ERROR - spark-submit stderr | 	at org.apache.spark.storage.BlockManager.reregister(BlockManager.scala:641)
[2025-12-05T12:23:54.843+0000] {spark_read_mongo_dag.py:187} ERROR - spark-submit stderr | 	at org.apache.spark.executor.Executor.reportHeartBeat(Executor.scala:1111)
[2025-12-05T12:23:54.843+0000] {spark_read_mongo_dag.py:187} ERROR - spark-submit stderr | 	at org.apache.spark.executor.Executor.$anonfun$heartbeater$1(Executor.scala:244)
[2025-12-05T12:23:54.843+0000] {spark_read_mongo_dag.py:187} ERROR - spark-submit stderr | 	at scala.runtime.java8.JFunction0$mcV$sp.apply(JFunction0$mcV$sp.java:23)
[2025-12-05T12:23:54.844+0000] {spark_read_mongo_dag.py:187} ERROR - spark-submit stderr | 	at org.apache.spark.util.Utils$.logUncaughtExceptions(Utils.scala:2088)
[2025-12-05T12:23:54.844+0000] {spark_read_mongo_dag.py:187} ERROR - spark-submit stderr | 	at org.apache.spark.Heartbeater$$anon$1.run(Heartbeater.scala:46)
[2025-12-05T12:23:54.844+0000] {spark_read_mongo_dag.py:187} ERROR - spark-submit stderr | 	at java.base/java.util.concurrent.Executors$RunnableAdapter.call(Executors.java:539)
[2025-12-05T12:23:54.845+0000] {spark_read_mongo_dag.py:187} ERROR - spark-submit stderr | 	at java.base/java.util.concurrent.FutureTask.runAndReset(FutureTask.java:305)
[2025-12-05T12:23:54.845+0000] {spark_read_mongo_dag.py:187} ERROR - spark-submit stderr | 	at java.base/java.util.concurrent.ScheduledThreadPoolExecutor$ScheduledFutureTask.run(ScheduledThreadPoolExecutor.java:305)
[2025-12-05T12:23:54.845+0000] {spark_read_mongo_dag.py:187} ERROR - spark-submit stderr | 	at java.base/java.util.concurrent.ThreadPoolExecutor.runWorker(ThreadPoolExecutor.java:1136)
[2025-12-05T12:23:54.846+0000] {spark_read_mongo_dag.py:187} ERROR - spark-submit stderr | 	at java.base/java.util.concurrent.ThreadPoolExecutor$Worker.run(ThreadPoolExecutor.java:635)
[2025-12-05T12:23:54.846+0000] {spark_read_mongo_dag.py:187} ERROR - spark-submit stderr | 	at java.base/java.lang.Thread.run(Thread.java:840)
[2025-12-05T12:23:54.847+0000] {spark_read_mongo_dag.py:187} ERROR - spark-submit stderr | Caused by: java.lang.NullPointerException: Cannot invoke "org.apache.spark.storage.BlockManagerId.executorId()" because "idWithoutTopologyInfo" is null
[2025-12-05T12:23:54.847+0000] {spark_read_mongo_dag.py:187} ERROR - spark-submit stderr | 	at org.apache.spark.storage.BlockManagerMasterEndpoint.org$apache$spark$storage$BlockManagerMasterEndpoint$$register(BlockManagerMasterEndpoint.scala:600)
[2025-12-05T12:23:54.847+0000] {spark_read_mongo_dag.py:187} ERROR - spark-submit stderr | 	at org.apache.spark.storage.BlockManagerMasterEndpoint$$anonfun$receiveAndReply$1.applyOrElse(BlockManagerMasterEndpoint.scala:123)
[2025-12-05T12:23:54.848+0000] {spark_read_mongo_dag.py:187} ERROR - spark-submit stderr | 	at org.apache.spark.rpc.netty.Inbox.$anonfun$process$1(Inbox.scala:103)
[2025-12-05T12:23:54.848+0000] {spark_read_mongo_dag.py:187} ERROR - spark-submit stderr | 	at org.apache.spark.rpc.netty.Inbox.safelyCall(Inbox.scala:213)
[2025-12-05T12:23:54.848+0000] {spark_read_mongo_dag.py:187} ERROR - spark-submit stderr | 	at org.apache.spark.rpc.netty.Inbox.process(Inbox.scala:100)
[2025-12-05T12:23:54.849+0000] {spark_read_mongo_dag.py:187} ERROR - spark-submit stderr | 	at org.apache.spark.rpc.netty.MessageLoop.org$apache$spark$rpc$netty$MessageLoop$$receiveLoop(MessageLoop.scala:75)
[2025-12-05T12:23:54.849+0000] {spark_read_mongo_dag.py:187} ERROR - spark-submit stderr | 	at org.apache.spark.rpc.netty.MessageLoop$$anon$1.run(MessageLoop.scala:41)
[2025-12-05T12:23:54.849+0000] {spark_read_mongo_dag.py:187} ERROR - spark-submit stderr | 	... 3 more
[2025-12-05T12:23:54.850+0000] {spark_read_mongo_dag.py:187} ERROR - spark-submit stderr | 25/12/05 12:23:24 INFO Executor: Adding file:/tmp/spark-f2b22fce-0556-4cc8-8ca0-a221d7bd6791/userFiles-be350558-1610-4c2d-8b4b-f3851d49d099/aws-java-sdk-bundle-1.12.772.jar to class loader
[2025-12-05T12:23:54.850+0000] {spark_read_mongo_dag.py:187} ERROR - spark-submit stderr | 25/12/05 12:23:24 INFO Executor: Fetching spark://fa5351f36d22:42933/jars/iceberg-nessie-1.5.2.jar with timestamp 1764937365296
[2025-12-05T12:23:54.851+0000] {spark_read_mongo_dag.py:187} ERROR - spark-submit stderr | 25/12/05 12:23:24 INFO Utils: Fetching spark://fa5351f36d22:42933/jars/iceberg-nessie-1.5.2.jar to /tmp/spark-f2b22fce-0556-4cc8-8ca0-a221d7bd6791/userFiles-be350558-1610-4c2d-8b4b-f3851d49d099/fetchFileTemp17409293449909192681.tmp
[2025-12-05T12:23:54.851+0000] {spark_read_mongo_dag.py:187} ERROR - spark-submit stderr | 25/12/05 12:23:25 INFO Executor: Adding file:/tmp/spark-f2b22fce-0556-4cc8-8ca0-a221d7bd6791/userFiles-be350558-1610-4c2d-8b4b-f3851d49d099/iceberg-nessie-1.5.2.jar to class loader
[2025-12-05T12:23:54.851+0000] {spark_read_mongo_dag.py:187} ERROR - spark-submit stderr | 25/12/05 12:23:25 INFO Executor: Fetching spark://fa5351f36d22:42933/jars/nessie-client-0.99.0.jar with timestamp 1764937365296
[2025-12-05T12:23:54.851+0000] {spark_read_mongo_dag.py:187} ERROR - spark-submit stderr | 25/12/05 12:23:25 INFO Utils: Fetching spark://fa5351f36d22:42933/jars/nessie-client-0.99.0.jar to /tmp/spark-f2b22fce-0556-4cc8-8ca0-a221d7bd6791/userFiles-be350558-1610-4c2d-8b4b-f3851d49d099/fetchFileTemp9518676264920169534.tmp
[2025-12-05T12:23:54.852+0000] {spark_read_mongo_dag.py:187} ERROR - spark-submit stderr | 25/12/05 12:23:25 INFO Executor: Adding file:/tmp/spark-f2b22fce-0556-4cc8-8ca0-a221d7bd6791/userFiles-be350558-1610-4c2d-8b4b-f3851d49d099/nessie-client-0.99.0.jar to class loader
[2025-12-05T12:23:54.852+0000] {spark_read_mongo_dag.py:187} ERROR - spark-submit stderr | 25/12/05 12:23:25 INFO Executor: Fetching spark://fa5351f36d22:42933/jars/nessie-spark-extensions-3.4_2.12-0.105.7.jar with timestamp 1764937365296
[2025-12-05T12:23:54.852+0000] {spark_read_mongo_dag.py:187} ERROR - spark-submit stderr | 25/12/05 12:23:25 INFO Utils: Fetching spark://fa5351f36d22:42933/jars/nessie-spark-extensions-3.4_2.12-0.105.7.jar to /tmp/spark-f2b22fce-0556-4cc8-8ca0-a221d7bd6791/userFiles-be350558-1610-4c2d-8b4b-f3851d49d099/fetchFileTemp6264957497382388503.tmp
[2025-12-05T12:23:54.853+0000] {spark_read_mongo_dag.py:187} ERROR - spark-submit stderr | 25/12/05 12:23:25 INFO Executor: Adding file:/tmp/spark-f2b22fce-0556-4cc8-8ca0-a221d7bd6791/userFiles-be350558-1610-4c2d-8b4b-f3851d49d099/nessie-spark-extensions-3.4_2.12-0.105.7.jar to class loader
[2025-12-05T12:23:54.853+0000] {spark_read_mongo_dag.py:187} ERROR - spark-submit stderr | 25/12/05 12:23:25 INFO Executor: Fetching spark://fa5351f36d22:42933/jars/mongodb-driver-sync-4.11.2.jar with timestamp 1764937365296
[2025-12-05T12:23:54.853+0000] {spark_read_mongo_dag.py:187} ERROR - spark-submit stderr | 25/12/05 12:23:25 INFO Utils: Fetching spark://fa5351f36d22:42933/jars/mongodb-driver-sync-4.11.2.jar to /tmp/spark-f2b22fce-0556-4cc8-8ca0-a221d7bd6791/userFiles-be350558-1610-4c2d-8b4b-f3851d49d099/fetchFileTemp10257239484380993124.tmp
[2025-12-05T12:23:54.854+0000] {spark_read_mongo_dag.py:187} ERROR - spark-submit stderr | 25/12/05 12:23:25 INFO Executor: Adding file:/tmp/spark-f2b22fce-0556-4cc8-8ca0-a221d7bd6791/userFiles-be350558-1610-4c2d-8b4b-f3851d49d099/mongodb-driver-sync-4.11.2.jar to class loader
[2025-12-05T12:23:54.854+0000] {spark_read_mongo_dag.py:187} ERROR - spark-submit stderr | 25/12/05 12:23:25 INFO Executor: Fetching spark://fa5351f36d22:42933/jars/mongodb-driver-core-4.11.2.jar with timestamp 1764937365296
[2025-12-05T12:23:54.854+0000] {spark_read_mongo_dag.py:187} ERROR - spark-submit stderr | 25/12/05 12:23:25 INFO Utils: Fetching spark://fa5351f36d22:42933/jars/mongodb-driver-core-4.11.2.jar to /tmp/spark-f2b22fce-0556-4cc8-8ca0-a221d7bd6791/userFiles-be350558-1610-4c2d-8b4b-f3851d49d099/fetchFileTemp9576726070265942244.tmp
[2025-12-05T12:23:54.854+0000] {spark_read_mongo_dag.py:187} ERROR - spark-submit stderr | 25/12/05 12:23:26 INFO Executor: Adding file:/tmp/spark-f2b22fce-0556-4cc8-8ca0-a221d7bd6791/userFiles-be350558-1610-4c2d-8b4b-f3851d49d099/mongodb-driver-core-4.11.2.jar to class loader
[2025-12-05T12:23:54.855+0000] {spark_read_mongo_dag.py:187} ERROR - spark-submit stderr | 25/12/05 12:23:26 INFO Utils: Successfully started service 'org.apache.spark.network.netty.NettyBlockTransferService' on port 42583.
[2025-12-05T12:23:54.855+0000] {spark_read_mongo_dag.py:187} ERROR - spark-submit stderr | 25/12/05 12:23:26 INFO NettyBlockTransferService: Server created on fa5351f36d22:42583
[2025-12-05T12:23:54.855+0000] {spark_read_mongo_dag.py:187} ERROR - spark-submit stderr | 25/12/05 12:23:26 INFO BlockManager: Using org.apache.spark.storage.RandomBlockReplicationPolicy for block replication policy
[2025-12-05T12:23:54.856+0000] {spark_read_mongo_dag.py:187} ERROR - spark-submit stderr | 25/12/05 12:23:26 INFO BlockManagerMaster: Registering BlockManager BlockManagerId(driver, fa5351f36d22, 42583, None)
[2025-12-05T12:23:54.856+0000] {spark_read_mongo_dag.py:187} ERROR - spark-submit stderr | 25/12/05 12:23:26 INFO BlockManagerMasterEndpoint: Registering block manager fa5351f36d22:42583 with 434.4 MiB RAM, BlockManagerId(driver, fa5351f36d22, 42583, None)
[2025-12-05T12:23:54.856+0000] {spark_read_mongo_dag.py:187} ERROR - spark-submit stderr | 25/12/05 12:23:26 INFO BlockManagerMaster: Registered BlockManager BlockManagerId(driver, fa5351f36d22, 42583, None)
[2025-12-05T12:23:54.856+0000] {spark_read_mongo_dag.py:187} ERROR - spark-submit stderr | 25/12/05 12:23:26 INFO BlockManager: Initialized BlockManager: BlockManagerId(driver, fa5351f36d22, 42583, None)
[2025-12-05T12:23:54.857+0000] {spark_read_mongo_dag.py:187} ERROR - spark-submit stderr | 25/12/05 12:23:29 INFO SharedState: Setting hive.metastore.warehouse.dir ('null') to the value of spark.sql.warehouse.dir.
[2025-12-05T12:23:54.857+0000] {spark_read_mongo_dag.py:187} ERROR - spark-submit stderr | 25/12/05 12:23:29 INFO SharedState: Warehouse path is 'file:/opt/***/spark-warehouse'.
[2025-12-05T12:23:54.857+0000] {spark_read_mongo_dag.py:187} ERROR - spark-submit stderr | 25/12/05 12:23:32 INFO client: MongoClient with metadata {"driver": {"name": "mongo-java-driver|sync|mongo-spark-connector|source", "version": "4.11.2|10.1.1"}, "os": {"type": "Linux", "name": "Linux", "architecture": "amd64", "version": "6.6.87.2-microsoft-standard-WSL2"}, "platform": "Java/Debian/17.0.17+10-Debian-1deb12u1|Scala/2.12.17/Spark/3.4.1"} created with settings MongoClientSettings{readPreference=primary, writeConcern=WriteConcern{w=null, wTimeout=null ms, journal=null}, retryWrites=true, retryReads=true, readConcern=ReadConcern{level=null}, credential=null, transportSettings=null, streamFactoryFactory=null, commandListeners=[], codecRegistry=ProvidersCodecRegistry{codecProviders=[ValueCodecProvider{}, BsonValueCodecProvider{}, DBRefCodecProvider{}, DBObjectCodecProvider{}, DocumentCodecProvider{}, CollectionCodecProvider{}, IterableCodecProvider{}, MapCodecProvider{}, GeoJsonCodecProvider{}, GridFSFileCodecProvider{}, Jsr310CodecProvider{}, JsonObjectCodecProvider{}, BsonCodecProvider{}, EnumCodecProvider{}, com.mongodb.client.model.mql.ExpressionCodecProvider@1be387f3, com.mongodb.Jep395RecordCodecProvider@6845847d, com.mongodb.KotlinCodecProvider@81b128]}, loggerSettings=LoggerSettings{maxDocumentLength=1000}, clusterSettings={hosts=[172.168.168.206:27017], srvServiceName=mongodb, mode=SINGLE, requiredClusterType=UNKNOWN, requiredReplicaSetName='null', serverSelector='null', clusterListeners='[]', serverSelectionTimeout='30000 ms', localThreshold='15 ms'}, socketSettings=SocketSettings{connectTimeoutMS=10000, readTimeoutMS=0, receiveBufferSize=0, proxySettings=ProxySettings{host=null, port=null, username=null, password=null}}, heartbeatSocketSettings=SocketSettings{connectTimeoutMS=10000, readTimeoutMS=10000, receiveBufferSize=0, proxySettings=ProxySettings{host=null, port=null, username=null, password=null}}, connectionPoolSettings=ConnectionPoolSettings{maxSize=100, minSize=0, maxWaitTimeMS=120000, maxConnectionLifeTimeMS=0, maxConnectionIdleTimeMS=0, maintenanceInitialDelayMS=0, maintenanceFrequencyMS=60000, connectionPoolListeners=[], maxConnecting=2}, serverSettings=ServerSettings{heartbeatFrequencyMS=10000, minHeartbeatFrequencyMS=500, serverListeners='[]', serverMonitorListeners='[]'}, sslSettings=SslSettings{enabled=false, invalidHostNameAllowed=false, context=null}, applicationName='null', compressorList=[], uuidRepresentation=UNSPECIFIED, serverApi=null, autoEncryptionSettings=null, dnsClient=null, inetAddressResolver=null, contextProvider=null}
[2025-12-05T12:23:54.858+0000] {spark_read_mongo_dag.py:187} ERROR - spark-submit stderr | 25/12/05 12:23:32 INFO cluster: Monitor thread successfully connected to server with description ServerDescription{address=172.168.168.206:27017, type=STANDALONE, state=CONNECTED, ok=true, minWireVersion=0, maxWireVersion=21, maxDocumentSize=16777216, logicalSessionTimeoutMinutes=30, roundTripTimeNanos=64272844}
[2025-12-05T12:23:54.858+0000] {spark_read_mongo_dag.py:187} ERROR - spark-submit stderr | 25/12/05 12:23:33 INFO MongoTable: Creating MongoTable: mongo-spark-connector-10.1.1
[2025-12-05T12:23:54.858+0000] {spark_read_mongo_dag.py:187} ERROR - spark-submit stderr | 25/12/05 12:23:49 WARN MetricsConfig: Cannot locate configuration: tried hadoop-metrics2-s3a-file-system.properties,hadoop-metrics2.properties
[2025-12-05T12:23:54.858+0000] {spark_read_mongo_dag.py:187} ERROR - spark-submit stderr | 25/12/05 12:23:49 INFO MetricsSystemImpl: Scheduled Metric snapshot period at 10 second(s).
[2025-12-05T12:23:54.859+0000] {spark_read_mongo_dag.py:187} ERROR - spark-submit stderr | 25/12/05 12:23:49 INFO MetricsSystemImpl: s3a-file-system metrics system started
[2025-12-05T12:23:54.859+0000] {spark_read_mongo_dag.py:187} ERROR - spark-submit stderr | 25/12/05 12:23:50 WARN VersionInfoUtils: The AWS SDK for Java 1.x entered maintenance mode starting July 31, 2024 and will reach end of support on December 31, 2025. For more information, see https://aws.amazon.com/blogs/developer/the-aws-sdk-for-java-1-x-is-in-maintenance-mode-effective-july-31-2024/
[2025-12-05T12:23:54.859+0000] {spark_read_mongo_dag.py:187} ERROR - spark-submit stderr | You can print where on the file system the AWS SDK for Java 1.x core runtime is located by setting the AWS_JAVA_V1_PRINT_LOCATION environment variable or aws.java.v1.printLocation system property to 'true'.
[2025-12-05T12:23:54.860+0000] {spark_read_mongo_dag.py:187} ERROR - spark-submit stderr | This message can be disabled by setting the AWS_JAVA_V1_DISABLE_DEPRECATION_ANNOUNCEMENT environment variable or aws.java.v1.disableDeprecationAnnouncement system property to 'true'.
[2025-12-05T12:23:54.860+0000] {spark_read_mongo_dag.py:187} ERROR - spark-submit stderr | The AWS SDK for Java 1.x is being used here:
[2025-12-05T12:23:54.860+0000] {spark_read_mongo_dag.py:187} ERROR - spark-submit stderr | at java.base/java.lang.Thread.getStackTrace(Thread.java:1619)
[2025-12-05T12:23:54.861+0000] {spark_read_mongo_dag.py:187} ERROR - spark-submit stderr | at com.amazonaws.util.VersionInfoUtils.printDeprecationAnnouncement(VersionInfoUtils.java:81)
[2025-12-05T12:23:54.861+0000] {spark_read_mongo_dag.py:187} ERROR - spark-submit stderr | at com.amazonaws.util.VersionInfoUtils.<clinit>(VersionInfoUtils.java:59)
[2025-12-05T12:23:54.861+0000] {spark_read_mongo_dag.py:187} ERROR - spark-submit stderr | at com.amazonaws.internal.EC2ResourceFetcher.<clinit>(EC2ResourceFetcher.java:44)
[2025-12-05T12:23:54.861+0000] {spark_read_mongo_dag.py:187} ERROR - spark-submit stderr | at com.amazonaws.auth.InstanceMetadataServiceCredentialsFetcher.<init>(InstanceMetadataServiceCredentialsFetcher.java:38)
[2025-12-05T12:23:54.862+0000] {spark_read_mongo_dag.py:187} ERROR - spark-submit stderr | at com.amazonaws.auth.InstanceProfileCredentialsProvider.<init>(InstanceProfileCredentialsProvider.java:111)
[2025-12-05T12:23:54.863+0000] {spark_read_mongo_dag.py:187} ERROR - spark-submit stderr | at com.amazonaws.auth.InstanceProfileCredentialsProvider.<init>(InstanceProfileCredentialsProvider.java:91)
[2025-12-05T12:23:54.863+0000] {spark_read_mongo_dag.py:187} ERROR - spark-submit stderr | at com.amazonaws.auth.InstanceProfileCredentialsProvider.<init>(InstanceProfileCredentialsProvider.java:75)
[2025-12-05T12:23:54.864+0000] {spark_read_mongo_dag.py:187} ERROR - spark-submit stderr | at com.amazonaws.auth.InstanceProfileCredentialsProvider.<clinit>(InstanceProfileCredentialsProvider.java:58)
[2025-12-05T12:23:54.864+0000] {spark_read_mongo_dag.py:187} ERROR - spark-submit stderr | at com.amazonaws.auth.EC2ContainerCredentialsProviderWrapper.initializeProvider(EC2ContainerCredentialsProviderWrapper.java:66)
[2025-12-05T12:23:54.864+0000] {spark_read_mongo_dag.py:187} ERROR - spark-submit stderr | at com.amazonaws.auth.EC2ContainerCredentialsProviderWrapper.<init>(EC2ContainerCredentialsProviderWrapper.java:55)
[2025-12-05T12:23:54.865+0000] {spark_read_mongo_dag.py:187} ERROR - spark-submit stderr | at org.apache.hadoop.fs.s3a.auth.IAMInstanceCredentialsProvider.<init>(IAMInstanceCredentialsProvider.java:49)
[2025-12-05T12:23:54.865+0000] {spark_read_mongo_dag.py:187} ERROR - spark-submit stderr | at java.base/jdk.internal.reflect.NativeConstructorAccessorImpl.newInstance0(Native Method)
[2025-12-05T12:23:54.866+0000] {spark_read_mongo_dag.py:187} ERROR - spark-submit stderr | at java.base/jdk.internal.reflect.NativeConstructorAccessorImpl.newInstance(NativeConstructorAccessorImpl.java:77)
[2025-12-05T12:23:54.866+0000] {spark_read_mongo_dag.py:187} ERROR - spark-submit stderr | at java.base/jdk.internal.reflect.DelegatingConstructorAccessorImpl.newInstance(DelegatingConstructorAccessorImpl.java:45)
[2025-12-05T12:23:54.866+0000] {spark_read_mongo_dag.py:187} ERROR - spark-submit stderr | at java.base/java.lang.reflect.Constructor.newInstanceWithCaller(Constructor.java:500)
[2025-12-05T12:23:54.867+0000] {spark_read_mongo_dag.py:187} ERROR - spark-submit stderr | at java.base/java.lang.reflect.Constructor.newInstance(Constructor.java:481)
[2025-12-05T12:23:54.867+0000] {spark_read_mongo_dag.py:187} ERROR - spark-submit stderr | at org.apache.hadoop.fs.s3a.S3AUtils.createAWSCredentialProvider(S3AUtils.java:766)
[2025-12-05T12:23:54.867+0000] {spark_read_mongo_dag.py:187} ERROR - spark-submit stderr | at org.apache.hadoop.fs.s3a.S3AUtils.buildAWSProviderList(S3AUtils.java:698)
[2025-12-05T12:23:54.868+0000] {spark_read_mongo_dag.py:187} ERROR - spark-submit stderr | at org.apache.hadoop.fs.s3a.S3AUtils.createAWSCredentialProviderSet(S3AUtils.java:631)
[2025-12-05T12:23:54.868+0000] {spark_read_mongo_dag.py:187} ERROR - spark-submit stderr | at org.apache.hadoop.fs.s3a.S3AFileSystem.bindAWSClient(S3AFileSystem.java:877)
[2025-12-05T12:23:54.868+0000] {spark_read_mongo_dag.py:187} ERROR - spark-submit stderr | at org.apache.hadoop.fs.s3a.S3AFileSystem.initialize(S3AFileSystem.java:534)
[2025-12-05T12:23:54.869+0000] {spark_read_mongo_dag.py:187} ERROR - spark-submit stderr | at org.apache.hadoop.fs.FileSystem.createFileSystem(FileSystem.java:3469)
[2025-12-05T12:23:54.869+0000] {spark_read_mongo_dag.py:187} ERROR - spark-submit stderr | at org.apache.hadoop.fs.FileSystem.access$300(FileSystem.java:174)
[2025-12-05T12:23:54.869+0000] {spark_read_mongo_dag.py:187} ERROR - spark-submit stderr | at org.apache.hadoop.fs.FileSystem$Cache.getInternal(FileSystem.java:3574)
[2025-12-05T12:23:54.870+0000] {spark_read_mongo_dag.py:187} ERROR - spark-submit stderr | at org.apache.hadoop.fs.FileSystem$Cache.get(FileSystem.java:3521)
[2025-12-05T12:23:54.870+0000] {spark_read_mongo_dag.py:187} ERROR - spark-submit stderr | at org.apache.hadoop.fs.FileSystem.get(FileSystem.java:540)
[2025-12-05T12:23:54.870+0000] {spark_read_mongo_dag.py:187} ERROR - spark-submit stderr | at org.apache.hadoop.fs.Path.getFileSystem(Path.java:365)
[2025-12-05T12:23:54.870+0000] {spark_read_mongo_dag.py:187} ERROR - spark-submit stderr | at org.apache.spark.sql.execution.datasources.DataSource.planForWritingFileFormat(DataSource.scala:454)
[2025-12-05T12:23:54.871+0000] {spark_read_mongo_dag.py:187} ERROR - spark-submit stderr | at org.apache.spark.sql.execution.datasources.DataSource.planForWriting(DataSource.scala:530)
[2025-12-05T12:23:54.871+0000] {spark_read_mongo_dag.py:187} ERROR - spark-submit stderr | at org.apache.spark.sql.DataFrameWriter.saveToV1Source(DataFrameWriter.scala:387)
[2025-12-05T12:23:54.871+0000] {spark_read_mongo_dag.py:187} ERROR - spark-submit stderr | at org.apache.spark.sql.DataFrameWriter.saveInternal(DataFrameWriter.scala:360)
[2025-12-05T12:23:54.871+0000] {spark_read_mongo_dag.py:187} ERROR - spark-submit stderr | at org.apache.spark.sql.DataFrameWriter.save(DataFrameWriter.scala:239)
[2025-12-05T12:23:54.872+0000] {spark_read_mongo_dag.py:187} ERROR - spark-submit stderr | at org.apache.spark.sql.DataFrameWriter.csv(DataFrameWriter.scala:847)
[2025-12-05T12:23:54.872+0000] {spark_read_mongo_dag.py:187} ERROR - spark-submit stderr | at java.base/jdk.internal.reflect.NativeMethodAccessorImpl.invoke0(Native Method)
[2025-12-05T12:23:54.872+0000] {spark_read_mongo_dag.py:187} ERROR - spark-submit stderr | at java.base/jdk.internal.reflect.NativeMethodAccessorImpl.invoke(NativeMethodAccessorImpl.java:77)
[2025-12-05T12:23:54.873+0000] {spark_read_mongo_dag.py:187} ERROR - spark-submit stderr | at java.base/jdk.internal.reflect.DelegatingMethodAccessorImpl.invoke(DelegatingMethodAccessorImpl.java:43)
[2025-12-05T12:23:54.873+0000] {spark_read_mongo_dag.py:187} ERROR - spark-submit stderr | at java.base/java.lang.reflect.Method.invoke(Method.java:569)
[2025-12-05T12:23:54.873+0000] {spark_read_mongo_dag.py:187} ERROR - spark-submit stderr | at py4j.reflection.MethodInvoker.invoke(MethodInvoker.java:244)
[2025-12-05T12:23:54.873+0000] {spark_read_mongo_dag.py:187} ERROR - spark-submit stderr | at py4j.reflection.ReflectionEngine.invoke(ReflectionEngine.java:374)
[2025-12-05T12:23:54.874+0000] {spark_read_mongo_dag.py:187} ERROR - spark-submit stderr | at py4j.Gateway.invoke(Gateway.java:282)
[2025-12-05T12:23:54.874+0000] {spark_read_mongo_dag.py:187} ERROR - spark-submit stderr | at py4j.commands.AbstractCommand.invokeMethod(AbstractCommand.java:132)
[2025-12-05T12:23:54.874+0000] {spark_read_mongo_dag.py:187} ERROR - spark-submit stderr | at py4j.commands.CallCommand.execute(CallCommand.java:79)
[2025-12-05T12:23:54.874+0000] {spark_read_mongo_dag.py:187} ERROR - spark-submit stderr | at py4j.ClientServerConnection.waitForCommands(ClientServerConnection.java:182)
[2025-12-05T12:23:54.875+0000] {spark_read_mongo_dag.py:187} ERROR - spark-submit stderr | at py4j.ClientServerConnection.run(ClientServerConnection.java:106)
[2025-12-05T12:23:54.875+0000] {spark_read_mongo_dag.py:187} ERROR - spark-submit stderr | at java.base/java.lang.Thread.run(Thread.java:840)
[2025-12-05T12:23:54.875+0000] {spark_read_mongo_dag.py:187} ERROR - spark-submit stderr | 25/12/05 12:23:53 INFO SparkContext: SparkContext is stopping with exitCode 0.
[2025-12-05T12:23:54.876+0000] {spark_read_mongo_dag.py:187} ERROR - spark-submit stderr | 25/12/05 12:23:53 INFO SparkUI: Stopped Spark web UI at http://fa5351f36d22:4040
[2025-12-05T12:23:54.876+0000] {spark_read_mongo_dag.py:187} ERROR - spark-submit stderr | 25/12/05 12:23:53 INFO MapOutputTrackerMasterEndpoint: MapOutputTrackerMasterEndpoint stopped!
[2025-12-05T12:23:54.876+0000] {spark_read_mongo_dag.py:187} ERROR - spark-submit stderr | 25/12/05 12:23:53 INFO MemoryStore: MemoryStore cleared
[2025-12-05T12:23:54.877+0000] {spark_read_mongo_dag.py:187} ERROR - spark-submit stderr | 25/12/05 12:23:53 INFO BlockManager: BlockManager stopped
[2025-12-05T12:23:54.877+0000] {spark_read_mongo_dag.py:187} ERROR - spark-submit stderr | 25/12/05 12:23:53 INFO BlockManagerMaster: BlockManagerMaster stopped
[2025-12-05T12:23:54.877+0000] {spark_read_mongo_dag.py:187} ERROR - spark-submit stderr | 25/12/05 12:23:53 INFO OutputCommitCoordinator$OutputCommitCoordinatorEndpoint: OutputCommitCoordinator stopped!
[2025-12-05T12:23:54.877+0000] {spark_read_mongo_dag.py:187} ERROR - spark-submit stderr | 25/12/05 12:23:53 INFO SparkContext: Successfully stopped SparkContext
[2025-12-05T12:23:54.878+0000] {spark_read_mongo_dag.py:187} ERROR - spark-submit stderr | 25/12/05 12:23:54 INFO ShutdownHookManager: Shutdown hook called
[2025-12-05T12:23:54.878+0000] {spark_read_mongo_dag.py:187} ERROR - spark-submit stderr | 25/12/05 12:23:54 INFO ShutdownHookManager: Deleting directory /tmp/spark-f2b22fce-0556-4cc8-8ca0-a221d7bd6791/pyspark-2397f4e2-78f7-4d9d-b7f4-0ca39f17727c
[2025-12-05T12:23:54.878+0000] {spark_read_mongo_dag.py:187} ERROR - spark-submit stderr | 25/12/05 12:23:54 INFO ShutdownHookManager: Deleting directory /tmp/spark-4649e258-587c-4b71-a1f6-fa85440ac1b3
[2025-12-05T12:23:54.879+0000] {spark_read_mongo_dag.py:187} ERROR - spark-submit stderr | 25/12/05 12:23:54 INFO ShutdownHookManager: Deleting directory /tmp/spark-f2b22fce-0556-4cc8-8ca0-a221d7bd6791
[2025-12-05T12:23:54.879+0000] {spark_read_mongo_dag.py:187} ERROR - spark-submit stderr | 25/12/05 12:23:54 INFO MetricsSystemImpl: Stopping s3a-file-system metrics system...
[2025-12-05T12:23:54.880+0000] {spark_read_mongo_dag.py:187} ERROR - spark-submit stderr | 25/12/05 12:23:54 INFO MetricsSystemImpl: s3a-file-system metrics system stopped.
[2025-12-05T12:23:54.880+0000] {spark_read_mongo_dag.py:187} ERROR - spark-submit stderr | 25/12/05 12:23:54 INFO MetricsSystemImpl: s3a-file-system metrics system shutdown complete.
[2025-12-05T12:23:54.881+0000] {spark_read_mongo_dag.py:192} INFO - END run_spark_job SUCCESS
[2025-12-05T12:23:54.881+0000] {python.py:237} INFO - Done. Returned value was: None
[2025-12-05T12:23:54.882+0000] {taskinstance.py:441} INFO - ::group::Post task execution logs
[2025-12-05T12:23:54.902+0000] {taskinstance.py:1206} INFO - Marking task as SUCCESS. dag_id=mongo_iceberg_dremio_dag, task_id=run_mongo_to_iceberg, run_id=manual__2025-12-05T12:22:38.803331+00:00, execution_date=20251205T122238, start_date=20251205T122239, end_date=20251205T122354
[2025-12-05T12:23:55.051+0000] {local_task_job_runner.py:240} INFO - Task exited with return code 0
[2025-12-05T12:23:55.593+0000] {taskinstance.py:3503} INFO - 1 downstream tasks scheduled from follow-on schedule check
[2025-12-05T12:23:55.679+0000] {local_task_job_runner.py:222} INFO - ::endgroup::
