[2025-12-08T08:09:18.853+0000] {local_task_job_runner.py:120} INFO - ::group::Pre task execution logs
[2025-12-08T08:09:18.890+0000] {taskinstance.py:2076} INFO - Dependencies all met for dep_context=non-requeueable deps ti=<TaskInstance: mongo_iceberg_dremio_dag.configure_dremio_source manual__2025-12-08T08:03:26.434497+00:00 [queued]>
[2025-12-08T08:09:18.899+0000] {taskinstance.py:2076} INFO - Dependencies all met for dep_context=requeueable deps ti=<TaskInstance: mongo_iceberg_dremio_dag.configure_dremio_source manual__2025-12-08T08:03:26.434497+00:00 [queued]>
[2025-12-08T08:09:18.900+0000] {taskinstance.py:2306} INFO - Starting attempt 2 of 2
[2025-12-08T08:09:18.954+0000] {taskinstance.py:2330} INFO - Executing <Task(PythonOperator): configure_dremio_source> on 2025-12-08 08:03:26.434497+00:00
[2025-12-08T08:09:18.959+0000] {standard_task_runner.py:63} INFO - Started process 1004 to run task
[2025-12-08T08:09:18.964+0000] {standard_task_runner.py:90} INFO - Running: ['***', 'tasks', 'run', 'mongo_iceberg_dremio_dag', 'configure_dremio_source', 'manual__2025-12-08T08:03:26.434497+00:00', '--job-id', '84', '--raw', '--subdir', 'DAGS_FOLDER/spark_read_mongo_dag.py', '--cfg-path', '/tmp/tmpz0yxa083']
[2025-12-08T08:09:18.967+0000] {standard_task_runner.py:91} INFO - Job 84: Subtask configure_dremio_source
[2025-12-08T08:09:19.094+0000] {task_command.py:426} INFO - Running <TaskInstance: mongo_iceberg_dremio_dag.configure_dremio_source manual__2025-12-08T08:03:26.434497+00:00 [running]> on host ef1c6bdacaab
[2025-12-08T08:09:19.253+0000] {taskinstance.py:2648} INFO - Exporting env vars: AIRFLOW_CTX_DAG_OWNER='deeku' AIRFLOW_CTX_DAG_ID='mongo_iceberg_dremio_dag' AIRFLOW_CTX_TASK_ID='configure_dremio_source' AIRFLOW_CTX_EXECUTION_DATE='2025-12-08T08:03:26.434497+00:00' AIRFLOW_CTX_TRY_NUMBER='2' AIRFLOW_CTX_DAG_RUN_ID='manual__2025-12-08T08:03:26.434497+00:00'
[2025-12-08T08:09:19.254+0000] {taskinstance.py:430} INFO - ::endgroup::
[2025-12-08T08:09:19.266+0000] {spark_read_mongo_dag.py:255} INFO - create_dremio_iceberg_source: start
[2025-12-08T08:09:19.349+0000] {spark_read_mongo_dag.py:290} INFO - Dremio source exists=False id=None
[2025-12-08T08:09:19.427+0000] {spark_read_mongo_dag.py:343} INFO - Creating/updating Dremio source with Nessie URI: http://nessie:19120/api/v2
[2025-12-08T08:09:19.428+0000] {spark_read_mongo_dag.py:344} INFO - Config: {
  "nessieUri": "http://nessie:19120/api/v2",
  "defaultBranch": "main",
  "authType": "NONE",
  "warehouse": "s3a://iceberg",
  "enableS3FileStatusCheck": false,
  "isCachingEnabled": true,
  "isRecursiveAllowedNamespaces": true,
  "propertyList": [
    {
      "name": "fs.s3a.endpoint",
      "value": "minio:9000"
    },
    {
      "name": "fs.s3a.access.key",
      "value": "minioadmin"
    },
    {
      "name": "fs.s3a.secret.key",
      "value": "minioadmin123"
    },
    {
      "name": "fs.s3a.path.style.access",
      "value": "true"
    },
    {
      "name": "fs.s3a.connection.ssl.enabled",
      "value": "false"
    },
    {
      "name": "fs.s3a.endpoint.region",
      "value": "us-east-1"
    }
  ]
}
[2025-12-08T08:09:19.429+0000] {spark_read_mongo_dag.py:352} INFO - Creating new source
[2025-12-08T08:09:19.436+0000] {spark_read_mongo_dag.py:355} INFO - Response: 400 {"errorMessage":"Invalid value found at: nessieUri","moreInfo":"","stackTrace":[]}
[2025-12-08T08:09:19.437+0000] {taskinstance.py:441} INFO - ::group::Post task execution logs
[2025-12-08T08:09:19.438+0000] {taskinstance.py:2905} ERROR - Task failed with exception
Traceback (most recent call last):
  File "/home/airflow/.local/lib/python3.9/site-packages/airflow/models/taskinstance.py", line 465, in _execute_task
    result = _execute_callable(context=context, **execute_callable_kwargs)
  File "/home/airflow/.local/lib/python3.9/site-packages/airflow/models/taskinstance.py", line 432, in _execute_callable
    return execute_callable(context=context, **execute_callable_kwargs)
  File "/home/airflow/.local/lib/python3.9/site-packages/airflow/models/baseoperator.py", line 401, in wrapper
    return func(self, *args, **kwargs)
  File "/home/airflow/.local/lib/python3.9/site-packages/airflow/operators/python.py", line 235, in execute
    return_value = self.execute_callable()
  File "/home/airflow/.local/lib/python3.9/site-packages/airflow/operators/python.py", line 252, in execute_callable
    return self.python_callable(*self.op_args, **self.op_kwargs)
  File "/opt/airflow/dags/spark_read_mongo_dag.py", line 379, in create_dremio_iceberg_source
    raise RuntimeError(f"Dremio API error {resp.status_code}: {error_msg}")
RuntimeError: Dremio API error 400: Invalid value found at: nessieUri
[2025-12-08T08:09:19.456+0000] {taskinstance.py:1206} INFO - Marking task as FAILED. dag_id=mongo_iceberg_dremio_dag, task_id=configure_dremio_source, run_id=manual__2025-12-08T08:03:26.434497+00:00, execution_date=20251208T080326, start_date=20251208T080918, end_date=20251208T080919
[2025-12-08T08:09:19.495+0000] {standard_task_runner.py:110} ERROR - Failed to execute job 84 for task configure_dremio_source (Dremio API error 400: Invalid value found at: nessieUri; 1004)
[2025-12-08T08:09:19.539+0000] {local_task_job_runner.py:240} INFO - Task exited with return code 1
[2025-12-08T08:09:19.590+0000] {taskinstance.py:3503} INFO - 0 downstream tasks scheduled from follow-on schedule check
[2025-12-08T08:09:19.621+0000] {local_task_job_runner.py:222} INFO - ::endgroup::
