[2025-12-08T09:31:20.646+0000] {local_task_job_runner.py:120} INFO - ::group::Pre task execution logs
[2025-12-08T09:31:20.813+0000] {taskinstance.py:2076} INFO - Dependencies all met for dep_context=non-requeueable deps ti=<TaskInstance: mongo_iceberg_dremio_dag.configure_dremio_source manual__2025-12-08T09:30:39.210628+00:00 [queued]>
[2025-12-08T09:31:20.822+0000] {taskinstance.py:2076} INFO - Dependencies all met for dep_context=requeueable deps ti=<TaskInstance: mongo_iceberg_dremio_dag.configure_dremio_source manual__2025-12-08T09:30:39.210628+00:00 [queued]>
[2025-12-08T09:31:20.824+0000] {taskinstance.py:2306} INFO - Starting attempt 1 of 2
[2025-12-08T09:31:20.878+0000] {taskinstance.py:2330} INFO - Executing <Task(PythonOperator): configure_dremio_source> on 2025-12-08 09:30:39.210628+00:00
[2025-12-08T09:31:20.883+0000] {standard_task_runner.py:63} INFO - Started process 2904 to run task
[2025-12-08T09:31:20.887+0000] {standard_task_runner.py:90} INFO - Running: ['***', 'tasks', 'run', 'mongo_iceberg_dremio_dag', 'configure_dremio_source', 'manual__2025-12-08T09:30:39.210628+00:00', '--job-id', '86', '--raw', '--subdir', 'DAGS_FOLDER/spark_read_mongo_dag.py', '--cfg-path', '/tmp/tmp01jl8u_q']
[2025-12-08T09:31:20.889+0000] {standard_task_runner.py:91} INFO - Job 86: Subtask configure_dremio_source
[2025-12-08T09:31:21.010+0000] {task_command.py:426} INFO - Running <TaskInstance: mongo_iceberg_dremio_dag.configure_dremio_source manual__2025-12-08T09:30:39.210628+00:00 [running]> on host ef1c6bdacaab
[2025-12-08T09:31:21.293+0000] {taskinstance.py:2648} INFO - Exporting env vars: AIRFLOW_CTX_DAG_OWNER='deeku' AIRFLOW_CTX_DAG_ID='mongo_iceberg_dremio_dag' AIRFLOW_CTX_TASK_ID='configure_dremio_source' AIRFLOW_CTX_EXECUTION_DATE='2025-12-08T09:30:39.210628+00:00' AIRFLOW_CTX_TRY_NUMBER='1' AIRFLOW_CTX_DAG_RUN_ID='manual__2025-12-08T09:30:39.210628+00:00'
[2025-12-08T09:31:21.295+0000] {taskinstance.py:430} INFO - ::endgroup::
[2025-12-08T09:31:21.370+0000] {spark_read_mongo_dag.py:256} INFO - create_dremio_iceberg_source: start
[2025-12-08T09:31:21.568+0000] {spark_read_mongo_dag.py:286} INFO - Dremio source exists=False id=None
[2025-12-08T09:31:21.648+0000] {spark_read_mongo_dag.py:295} INFO - Checking available source types...
[2025-12-08T09:31:21.752+0000] {spark_read_mongo_dag.py:301} INFO - Available source types: {
  "data": [
    {
      "sourceType": "DREMIOTODREMIO",
      "label": "Dremio",
      "previewEngineRequired": false,
      "externalQueryAllowed": true
    },
    {
      "sourceType": "MSSQL",
      "label": "Microsoft SQL Server",
      "previewEngineRequired": true,
      "externalQueryAllowed": true
    },
    {
      "sourceType": "AWSGLUE",
      "label": "AWS Glue Data Catalog",
      "previewEngineRequired": false,
      "externalQueryAllowed": false
    },
    {
      "sourceType": "ORACLE",
      "label": "Oracle",
      "previewEngineRequired": true,
      "externalQueryAllowed": true
    },
    {
      "sourceType": "SYNAPSE",
      "label": "Microsoft Azure Synapse Analytics",
      "previewEngineRequired": true,
      "externalQueryAllowed": true
    },
    {
      "sourceType": "AZURE_STORAGE",
      "label": "Azure Storage",
      "previewEngineRequired": false,
      "externalQueryAllowed": false
    },
    {
      "sourceType": "DB2",
      "label": "IBM Db2",
      "previewEngineRequired": false,
      "externalQueryAllowed": true
    },
    {
      "sourceType": "HIVE",
      "label": "Hive 2.x",
      "previewEngineRequired": false,
      "externalQueryAllowed": false
    },
    {
      "sourceType": "NAS",
      "label": "",
      "previewEngineRequired": false,
      "externalQueryAllowed": false
    },
    {
      "sourceType": "REDSHIFT",
      "label": "Amazon Redshift",
      "previewEngineRequired": true,
      "externalQueryAllowed": true
    },
    {
      "sourceType": "GCS",
      "label": "Google Cloud Storage",
      "previewEngineRequired": false,
      "externalQueryAllowed": false
    },
    {
      "sourceType": "HDFS",
      "label": "",
      "previewEngineRequired": false,
      "externalQueryAllowed": false
    },
    {
      "sourceType": "ADL",
      "label": "Azure Data Lake Storage Gen1",
      "previewEngineRequired": false,
      "externalQueryAllowed": false
    },
    {
      "sourceType": "MYSQL",
      "label": "MySQL",
      "previewEngineRequired": true,
      "externalQueryAllowed": true
    },
    {
      "sourceType": "NESSIE",
      "label": "Nessie (Preview)",
      "previewEngineRequired": false,
      "externalQueryAllowed": false
    },
    {
      "sourceType": "HIVE3",
      "label": "Hive 3.x",
      "previewEngineRequired": false,
      "externalQueryAllowed": false
    },
    {
      "sourceType": "ADX",
      "label": "Microsoft Azure Data Explorer",
      "previewEngineRequired": true,
      "externalQueryAllowed": true
    },
    {
      "sourceType": "ELASTIC",
      "label": "Elasticsearch",
      "previewEngineRequired": false,
      "externalQueryAllowed": false
    },
    {
      "sourceType": "MONGO",
      "label": "MongoDB",
      "previewEngineRequired": false,
      "externalQueryAllowed": false
    },
    {
      "sourceType": "S3",
      "label": "Amazon S3",
      "previewEngineRequired": false,
      "externalQueryAllowed": false
    },
    {
      "sourceType": "SNOWFLAKE",
      "label": "Snowflake",
      "previewEngineRequired": true,
      "externalQueryAllowed": true
    },
    {
      "sourceType": "AMAZONELASTIC",
      "label": "Amazon OpenSearch Service",
      "previewEngineRequired": false,
      "externalQueryAllowed": false
    },
    {
      "sourceType": "DRUID",
      "label": "Druid",
      "previewEngineRequired": true,
      "externalQueryAllowed": true
    },
    {
      "sourceType": "POSTGRES",
      "label": "PostgreSQL",
      "previewEngineRequired": true,
      "externalQueryAllowed": true
    }
  ]
}
[2025-12-08T09:31:21.753+0000] {spark_read_mongo_dag.py:411} INFO - === Trying approach 1/10: type=NESSIE ===
[2025-12-08T09:31:21.754+0000] {spark_read_mongo_dag.py:427} INFO - Attempt config (masked): {
  "nessieUri": "http://nessie:19120/api/v2",
  "defaultBranch": "main",
  "warehouse": "s3a://iceberg",
  "propertyList": [
    {
      "name": "fs.s3a.endpoint",
      "value": "minio:9000"
    },
    {
      "name": "fs.s3a.access.key",
      "value": "***MASKED***"
    },
    {
      "name": "fs.s3a.secret.key",
      "value": "***MASKED***"
    },
    {
      "name": "fs.s3a.path.style.access",
      "value": "true"
    },
    {
      "name": "fs.s3a.connection.ssl.enabled",
      "value": "false"
    },
    {
      "name": "fs.s3a.endpoint.region",
      "value": "us-east-1"
    }
  ]
}
[2025-12-08T09:31:21.755+0000] {spark_read_mongo_dag.py:435} INFO - Creating new source
[2025-12-08T09:31:21.764+0000] {spark_read_mongo_dag.py:438} INFO - Response status: 400
[2025-12-08T09:31:21.765+0000] {spark_read_mongo_dag.py:458} INFO - Response error: {"errorMessage":"Invalid value found at: nessieUri","moreInfo":"","stackTrace":[]}
[2025-12-08T09:31:21.766+0000] {spark_read_mongo_dag.py:464} INFO - Validation error details: {
  "errorMessage": "Invalid value found at: nessieUri",
  "moreInfo": "",
  "stackTrace": []
}
[2025-12-08T09:31:21.766+0000] {spark_read_mongo_dag.py:411} INFO - === Trying approach 2/10: type=NESSIE ===
[2025-12-08T09:31:21.767+0000] {spark_read_mongo_dag.py:427} INFO - Attempt config (masked): {
  "nessieUri": "http://nessie:19120/api/v1",
  "defaultBranch": "main",
  "warehouse": "s3a://iceberg",
  "propertyList": [
    {
      "name": "fs.s3a.endpoint",
      "value": "minio:9000"
    },
    {
      "name": "fs.s3a.access.key",
      "value": "***MASKED***"
    },
    {
      "name": "fs.s3a.secret.key",
      "value": "***MASKED***"
    },
    {
      "name": "fs.s3a.path.style.access",
      "value": "true"
    },
    {
      "name": "fs.s3a.connection.ssl.enabled",
      "value": "false"
    },
    {
      "name": "fs.s3a.endpoint.region",
      "value": "us-east-1"
    }
  ]
}
[2025-12-08T09:31:21.768+0000] {spark_read_mongo_dag.py:435} INFO - Creating new source
[2025-12-08T09:31:21.778+0000] {spark_read_mongo_dag.py:438} INFO - Response status: 400
[2025-12-08T09:31:21.779+0000] {spark_read_mongo_dag.py:458} INFO - Response error: {"errorMessage":"Invalid value found at: nessieUri","moreInfo":"","stackTrace":[]}
[2025-12-08T09:31:21.780+0000] {spark_read_mongo_dag.py:464} INFO - Validation error details: {
  "errorMessage": "Invalid value found at: nessieUri",
  "moreInfo": "",
  "stackTrace": []
}
[2025-12-08T09:31:21.781+0000] {spark_read_mongo_dag.py:411} INFO - === Trying approach 3/10: type=NESSIE ===
[2025-12-08T09:31:21.781+0000] {spark_read_mongo_dag.py:427} INFO - Attempt config (masked): {
  "nessieUri": "http://nessie:19120",
  "defaultBranch": "main",
  "warehouse": "s3a://iceberg",
  "propertyList": [
    {
      "name": "fs.s3a.endpoint",
      "value": "minio:9000"
    },
    {
      "name": "fs.s3a.access.key",
      "value": "***MASKED***"
    },
    {
      "name": "fs.s3a.secret.key",
      "value": "***MASKED***"
    },
    {
      "name": "fs.s3a.path.style.access",
      "value": "true"
    },
    {
      "name": "fs.s3a.connection.ssl.enabled",
      "value": "false"
    },
    {
      "name": "fs.s3a.endpoint.region",
      "value": "us-east-1"
    }
  ]
}
[2025-12-08T09:31:21.782+0000] {spark_read_mongo_dag.py:435} INFO - Creating new source
[2025-12-08T09:31:21.791+0000] {spark_read_mongo_dag.py:438} INFO - Response status: 400
[2025-12-08T09:31:21.792+0000] {spark_read_mongo_dag.py:458} INFO - Response error: {"errorMessage":"Invalid value found at: nessieUri","moreInfo":"","stackTrace":[]}
[2025-12-08T09:31:21.793+0000] {spark_read_mongo_dag.py:464} INFO - Validation error details: {
  "errorMessage": "Invalid value found at: nessieUri",
  "moreInfo": "",
  "stackTrace": []
}
[2025-12-08T09:31:21.793+0000] {spark_read_mongo_dag.py:411} INFO - === Trying approach 4/10: type=NESSIE ===
[2025-12-08T09:31:21.794+0000] {spark_read_mongo_dag.py:427} INFO - Attempt config (masked): {
  "nessieUri": "nessie://nessie:19120/api/v2",
  "defaultBranch": "main",
  "warehouse": "s3a://iceberg",
  "propertyList": [
    {
      "name": "fs.s3a.endpoint",
      "value": "minio:9000"
    },
    {
      "name": "fs.s3a.access.key",
      "value": "***MASKED***"
    },
    {
      "name": "fs.s3a.secret.key",
      "value": "***MASKED***"
    },
    {
      "name": "fs.s3a.path.style.access",
      "value": "true"
    },
    {
      "name": "fs.s3a.connection.ssl.enabled",
      "value": "false"
    },
    {
      "name": "fs.s3a.endpoint.region",
      "value": "us-east-1"
    }
  ]
}
[2025-12-08T09:31:21.794+0000] {spark_read_mongo_dag.py:435} INFO - Creating new source
[2025-12-08T09:31:21.806+0000] {spark_read_mongo_dag.py:438} INFO - Response status: 400
[2025-12-08T09:31:21.806+0000] {spark_read_mongo_dag.py:458} INFO - Response error: {"errorMessage":"Invalid value found at: nessieUri","moreInfo":"","stackTrace":[]}
[2025-12-08T09:31:21.807+0000] {spark_read_mongo_dag.py:464} INFO - Validation error details: {
  "errorMessage": "Invalid value found at: nessieUri",
  "moreInfo": "",
  "stackTrace": []
}
[2025-12-08T09:31:21.807+0000] {spark_read_mongo_dag.py:411} INFO - === Trying approach 5/10: type=NESSIE ===
[2025-12-08T09:31:21.808+0000] {spark_read_mongo_dag.py:427} INFO - Attempt config (masked): {
  "nessieUri": "nessie://nessie:19120/api/v1",
  "defaultBranch": "main",
  "warehouse": "s3a://iceberg",
  "propertyList": [
    {
      "name": "fs.s3a.endpoint",
      "value": "minio:9000"
    },
    {
      "name": "fs.s3a.access.key",
      "value": "***MASKED***"
    },
    {
      "name": "fs.s3a.secret.key",
      "value": "***MASKED***"
    },
    {
      "name": "fs.s3a.path.style.access",
      "value": "true"
    },
    {
      "name": "fs.s3a.connection.ssl.enabled",
      "value": "false"
    },
    {
      "name": "fs.s3a.endpoint.region",
      "value": "us-east-1"
    }
  ]
}
[2025-12-08T09:31:21.808+0000] {spark_read_mongo_dag.py:435} INFO - Creating new source
[2025-12-08T09:31:21.815+0000] {spark_read_mongo_dag.py:438} INFO - Response status: 400
[2025-12-08T09:31:21.817+0000] {spark_read_mongo_dag.py:458} INFO - Response error: {"errorMessage":"Invalid value found at: nessieUri","moreInfo":"","stackTrace":[]}
[2025-12-08T09:31:21.818+0000] {spark_read_mongo_dag.py:464} INFO - Validation error details: {
  "errorMessage": "Invalid value found at: nessieUri",
  "moreInfo": "",
  "stackTrace": []
}
[2025-12-08T09:31:21.818+0000] {spark_read_mongo_dag.py:411} INFO - === Trying approach 6/10: type=NESSIE ===
[2025-12-08T09:31:21.818+0000] {spark_read_mongo_dag.py:427} INFO - Attempt config (masked): {
  "nessieUri": "nessie://nessie:19120",
  "defaultBranch": "main",
  "warehouse": "s3a://iceberg",
  "propertyList": [
    {
      "name": "fs.s3a.endpoint",
      "value": "minio:9000"
    },
    {
      "name": "fs.s3a.access.key",
      "value": "***MASKED***"
    },
    {
      "name": "fs.s3a.secret.key",
      "value": "***MASKED***"
    },
    {
      "name": "fs.s3a.path.style.access",
      "value": "true"
    },
    {
      "name": "fs.s3a.connection.ssl.enabled",
      "value": "false"
    },
    {
      "name": "fs.s3a.endpoint.region",
      "value": "us-east-1"
    }
  ]
}
[2025-12-08T09:31:21.819+0000] {spark_read_mongo_dag.py:435} INFO - Creating new source
[2025-12-08T09:31:21.825+0000] {spark_read_mongo_dag.py:438} INFO - Response status: 400
[2025-12-08T09:31:21.825+0000] {spark_read_mongo_dag.py:458} INFO - Response error: {"errorMessage":"Invalid value found at: nessieUri","moreInfo":"","stackTrace":[]}
[2025-12-08T09:31:21.826+0000] {spark_read_mongo_dag.py:464} INFO - Validation error details: {
  "errorMessage": "Invalid value found at: nessieUri",
  "moreInfo": "",
  "stackTrace": []
}
[2025-12-08T09:31:21.826+0000] {spark_read_mongo_dag.py:411} INFO - === Trying approach 7/10: type=NESSIE ===
[2025-12-08T09:31:21.827+0000] {spark_read_mongo_dag.py:427} INFO - Attempt config (masked): {
  "defaultBranch": "main",
  "warehouse": "s3a://iceberg",
  "propertyList": [
    {
      "name": "nessie.uri",
      "value": "http://nessie:19120/api/v2"
    },
    {
      "name": "fs.s3a.endpoint",
      "value": "minio:9000"
    },
    {
      "name": "fs.s3a.access.key",
      "value": "***MASKED***"
    },
    {
      "name": "fs.s3a.secret.key",
      "value": "***MASKED***"
    },
    {
      "name": "fs.s3a.path.style.access",
      "value": "true"
    },
    {
      "name": "fs.s3a.connection.ssl.enabled",
      "value": "false"
    }
  ]
}
[2025-12-08T09:31:21.828+0000] {spark_read_mongo_dag.py:435} INFO - Creating new source
[2025-12-08T09:31:21.839+0000] {spark_read_mongo_dag.py:438} INFO - Response status: 400
[2025-12-08T09:31:21.840+0000] {spark_read_mongo_dag.py:458} INFO - Response error: {"errorMessage":"Invalid value found at: defaultBranch","moreInfo":"","stackTrace":[]}
[2025-12-08T09:31:21.840+0000] {spark_read_mongo_dag.py:464} INFO - Validation error details: {
  "errorMessage": "Invalid value found at: defaultBranch",
  "moreInfo": "",
  "stackTrace": []
}
[2025-12-08T09:31:21.841+0000] {spark_read_mongo_dag.py:411} INFO - === Trying approach 8/10: type=ARCTIC ===
[2025-12-08T09:31:21.842+0000] {spark_read_mongo_dag.py:427} INFO - Attempt config (masked): {
  "nessieUri": "http://nessie:19120/api/v2",
  "defaultBranch": "main",
  "warehouse": "s3a://iceberg",
  "propertyList": [
    {
      "name": "fs.s3a.endpoint",
      "value": "minio:9000"
    },
    {
      "name": "fs.s3a.access.key",
      "value": "***MASKED***"
    },
    {
      "name": "fs.s3a.secret.key",
      "value": "***MASKED***"
    },
    {
      "name": "fs.s3a.path.style.access",
      "value": "true"
    },
    {
      "name": "fs.s3a.connection.ssl.enabled",
      "value": "false"
    }
  ]
}
[2025-12-08T09:31:21.842+0000] {spark_read_mongo_dag.py:435} INFO - Creating new source
[2025-12-08T09:31:21.856+0000] {spark_read_mongo_dag.py:438} INFO - Response status: 400
[2025-12-08T09:31:21.858+0000] {spark_read_mongo_dag.py:458} INFO - Response error: {"errorMessage":"Invalid value","moreInfo":"","stackTrace":[]}
[2025-12-08T09:31:21.859+0000] {spark_read_mongo_dag.py:464} INFO - Validation error details: {
  "errorMessage": "Invalid value",
  "moreInfo": "",
  "stackTrace": []
}
[2025-12-08T09:31:21.862+0000] {spark_read_mongo_dag.py:411} INFO - === Trying approach 9/10: type=DATA_LAKE ===
[2025-12-08T09:31:21.863+0000] {spark_read_mongo_dag.py:427} INFO - Attempt config (masked): {
  "rootPath": "s3a://iceberg",
  "propertyList": [
    {
      "name": "fs.s3a.endpoint",
      "value": "minio:9000"
    },
    {
      "name": "fs.s3a.access.key",
      "value": "***MASKED***"
    },
    {
      "name": "fs.s3a.secret.key",
      "value": "***MASKED***"
    },
    {
      "name": "fs.s3a.path.style.access",
      "value": "true"
    },
    {
      "name": "fs.s3a.connection.ssl.enabled",
      "value": "false"
    },
    {
      "name": "iceberg.catalog.type",
      "value": "nessie"
    },
    {
      "name": "iceberg.catalog.uri",
      "value": "http://nessie:19120/api/v2"
    },
    {
      "name": "iceberg.catalog.ref",
      "value": "main"
    }
  ]
}
[2025-12-08T09:31:21.864+0000] {spark_read_mongo_dag.py:435} INFO - Creating new source
[2025-12-08T09:31:21.882+0000] {spark_read_mongo_dag.py:438} INFO - Response status: 400
[2025-12-08T09:31:21.883+0000] {spark_read_mongo_dag.py:458} INFO - Response error: {"errorMessage":"Invalid value","moreInfo":"","stackTrace":[]}
[2025-12-08T09:31:21.885+0000] {spark_read_mongo_dag.py:464} INFO - Validation error details: {
  "errorMessage": "Invalid value",
  "moreInfo": "",
  "stackTrace": []
}
[2025-12-08T09:31:21.886+0000] {spark_read_mongo_dag.py:411} INFO - === Trying approach 10/10: type=HIVE ===
[2025-12-08T09:31:21.887+0000] {spark_read_mongo_dag.py:427} INFO - Attempt config (masked): {
  "propertyList": [
    {
      "name": "fs.s3a.endpoint",
      "value": "minio:9000"
    },
    {
      "name": "fs.s3a.access.key",
      "value": "***MASKED***"
    },
    {
      "name": "fs.s3a.secret.key",
      "value": "***MASKED***"
    },
    {
      "name": "fs.s3a.path.style.access",
      "value": "true"
    },
    {
      "name": "fs.s3a.connection.ssl.enabled",
      "value": "false"
    },
    {
      "name": "iceberg.enabled",
      "value": "true"
    },
    {
      "name": "iceberg.catalog.type",
      "value": "nessie"
    },
    {
      "name": "iceberg.catalog.uri",
      "value": "http://nessie:19120/api/v2"
    },
    {
      "name": "iceberg.catalog.warehouse",
      "value": "s3a://iceberg"
    },
    {
      "name": "iceberg.catalog.ref",
      "value": "main"
    }
  ]
}
[2025-12-08T09:31:21.887+0000] {spark_read_mongo_dag.py:435} INFO - Creating new source
[2025-12-08T09:31:21.999+0000] {spark_read_mongo_dag.py:438} INFO - Response status: 409
[2025-12-08T09:31:22.001+0000] {spark_read_mongo_dag.py:453} WARNING - Source already exists
[2025-12-08T09:31:22.003+0000] {python.py:237} INFO - Done. Returned value was: {'status': 'exists', 'message': 'Source already exists'}
[2025-12-08T09:31:22.004+0000] {taskinstance.py:441} INFO - ::group::Post task execution logs
[2025-12-08T09:31:22.102+0000] {taskinstance.py:1206} INFO - Marking task as SUCCESS. dag_id=mongo_iceberg_dremio_dag, task_id=configure_dremio_source, run_id=manual__2025-12-08T09:30:39.210628+00:00, execution_date=20251208T093039, start_date=20251208T093120, end_date=20251208T093122
[2025-12-08T09:31:22.185+0000] {local_task_job_runner.py:240} INFO - Task exited with return code 0
[2025-12-08T09:31:22.252+0000] {taskinstance.py:3503} INFO - 1 downstream tasks scheduled from follow-on schedule check
[2025-12-08T09:31:22.320+0000] {local_task_job_runner.py:222} INFO - ::endgroup::
