[2025-12-03T06:59:59.877+0000] {local_task_job_runner.py:120} INFO - ::group::Pre task execution logs
[2025-12-03T06:59:59.930+0000] {taskinstance.py:2076} INFO - Dependencies all met for dep_context=non-requeueable deps ti=<TaskInstance: mongo_iceberg_dag.run_mongo_to_iceberg manual__2025-12-03T06:59:58.078440+00:00 [queued]>
[2025-12-03T06:59:59.943+0000] {taskinstance.py:2076} INFO - Dependencies all met for dep_context=requeueable deps ti=<TaskInstance: mongo_iceberg_dag.run_mongo_to_iceberg manual__2025-12-03T06:59:58.078440+00:00 [queued]>
[2025-12-03T06:59:59.945+0000] {taskinstance.py:2306} INFO - Starting attempt 1 of 1
[2025-12-03T07:00:00.027+0000] {taskinstance.py:2330} INFO - Executing <Task(PythonOperator): run_mongo_to_iceberg> on 2025-12-03 06:59:58.078440+00:00
[2025-12-03T07:00:00.033+0000] {standard_task_runner.py:63} INFO - Started process 194 to run task
[2025-12-03T07:00:00.039+0000] {standard_task_runner.py:90} INFO - Running: ['***', 'tasks', 'run', 'mongo_iceberg_dag', 'run_mongo_to_iceberg', 'manual__2025-12-03T06:59:58.078440+00:00', '--job-id', '37', '--raw', '--subdir', 'DAGS_FOLDER/spark_read_mongo_dag.py', '--cfg-path', '/tmp/tmpkkzfb6ck']
[2025-12-03T07:00:00.043+0000] {standard_task_runner.py:91} INFO - Job 37: Subtask run_mongo_to_iceberg
[2025-12-03T07:00:00.330+0000] {task_command.py:426} INFO - Running <TaskInstance: mongo_iceberg_dag.run_mongo_to_iceberg manual__2025-12-03T06:59:58.078440+00:00 [running]> on host f4ba3cedf7c2
[2025-12-03T07:00:00.505+0000] {taskinstance.py:2648} INFO - Exporting env vars: AIRFLOW_CTX_DAG_OWNER='deeku' AIRFLOW_CTX_DAG_ID='mongo_iceberg_dag' AIRFLOW_CTX_TASK_ID='run_mongo_to_iceberg' AIRFLOW_CTX_EXECUTION_DATE='2025-12-03T06:59:58.078440+00:00' AIRFLOW_CTX_TRY_NUMBER='1' AIRFLOW_CTX_DAG_RUN_ID='manual__2025-12-03T06:59:58.078440+00:00'
[2025-12-03T07:00:00.506+0000] {taskinstance.py:430} INFO - ::endgroup::
[2025-12-03T07:00:00.645+0000] {spark_read_mongo_dag.py:28} INFO - START run_spark_job
[2025-12-03T07:00:00.647+0000] {spark_read_mongo_dag.py:30} INFO - Checking path: /opt/***/spark_jobs/mongo_pyspark.py exists=True
[2025-12-03T07:00:00.648+0000] {spark_read_mongo_dag.py:30} INFO - Checking path: /opt/***/jars exists=True
[2025-12-03T07:00:00.650+0000] {spark_read_mongo_dag.py:34} INFO - Jar check: /opt/***/jars/mongo-spark-connector_2.12-10.1.1.jar exists=True size=156368
[2025-12-03T07:00:00.652+0000] {spark_read_mongo_dag.py:34} INFO - Jar check: /opt/***/jars/bson-4.11.2.jar exists=True size=511356
[2025-12-03T07:00:00.654+0000] {spark_read_mongo_dag.py:34} INFO - Jar check: /opt/***/jars/mongodb-driver-core-4.11.2.jar exists=True size=1670650
[2025-12-03T07:00:00.656+0000] {spark_read_mongo_dag.py:34} INFO - Jar check: /opt/***/jars/mongodb-driver-sync-4.11.2.jar exists=True size=151808
[2025-12-03T07:00:00.657+0000] {spark_read_mongo_dag.py:34} INFO - Jar check: /opt/***/jars/iceberg-spark-runtime-3.5_2.12-1.5.2.jar exists=True size=41604737
[2025-12-03T07:00:00.659+0000] {spark_read_mongo_dag.py:34} INFO - Jar check: /opt/***/jars/hadoop-aws-3.3.4.jar exists=True size=962685
[2025-12-03T07:00:00.660+0000] {spark_read_mongo_dag.py:34} INFO - Jar check: /opt/***/jars/aws-java-sdk-bundle-1.12.772.jar exists=True size=388405806
[2025-12-03T07:00:00.661+0000] {spark_read_mongo_dag.py:36} INFO - which spark-submit -> /home/***/.local/bin/spark-submit
[2025-12-03T07:00:00.661+0000] {spark_read_mongo_dag.py:45} INFO - ENV SPARK_HOME=/opt/spark/spark-3.4.1-bin-hadoop3 JAVA_HOME=/usr/lib/jvm/java-17-openjdk-amd64
[2025-12-03T07:00:00.661+0000] {spark_read_mongo_dag.py:46} INFO - Env PATH head: ['/opt/spark/spark-3.4.1-bin-hadoop3/bin', '/usr/lib/jvm/java-17-openjdk-amd64/bin', '/opt/spark/bin', '/usr/lib/jvm/java-17-openjdk-amd64/bin', '/root/bin']
[2025-12-03T07:00:00.662+0000] {spark_read_mongo_dag.py:49} INFO - Running command: spark-submit --jars /opt/***/jars/mongo-spark-connector_2.12-10.1.1.jar,/opt/***/jars/bson-4.11.2.jar,/opt/***/jars/mongodb-driver-core-4.11.2.jar,/opt/***/jars/mongodb-driver-sync-4.11.2.jar,/opt/***/jars/iceberg-spark-runtime-3.5_2.12-1.5.2.jar,/opt/***/jars/hadoop-aws-3.3.4.jar,/opt/***/jars/aws-java-sdk-bundle-1.12.772.jar /opt/***/spark_jobs/mongo_pyspark.py
[2025-12-03T07:00:51.382+0000] {spark_read_mongo_dag.py:51} INFO - Process finished. returncode=0
[2025-12-03T07:00:51.383+0000] {spark_read_mongo_dag.py:54} INFO - spark-submit stdout | 2025-12-03 07:00:04,177 INFO mongo_to_iceberg - START main at 2025-12-03 07:00:04
[2025-12-03T07:00:51.384+0000] {spark_read_mongo_dag.py:54} INFO - spark-submit stdout | 2025-12-03 07:00:04,178 INFO mongo_to_iceberg - Checking required JARs under /opt/***/jars
[2025-12-03T07:00:51.384+0000] {spark_read_mongo_dag.py:54} INFO - spark-submit stdout | 2025-12-03 07:00:04,183 INFO mongo_to_iceberg - JAR: /opt/***/jars/mongo-spark-connector_2.12-10.1.1.jar exists=True size=156368
[2025-12-03T07:00:51.385+0000] {spark_read_mongo_dag.py:54} INFO - spark-submit stdout | 2025-12-03 07:00:04,185 INFO mongo_to_iceberg - JAR: /opt/***/jars/bson-4.11.2.jar exists=True size=511356
[2025-12-03T07:00:51.385+0000] {spark_read_mongo_dag.py:54} INFO - spark-submit stdout | 2025-12-03 07:00:04,187 INFO mongo_to_iceberg - JAR: /opt/***/jars/mongodb-driver-core-4.11.2.jar exists=True size=1670650
[2025-12-03T07:00:51.386+0000] {spark_read_mongo_dag.py:54} INFO - spark-submit stdout | 2025-12-03 07:00:04,189 INFO mongo_to_iceberg - JAR: /opt/***/jars/mongodb-driver-sync-4.11.2.jar exists=True size=151808
[2025-12-03T07:00:51.386+0000] {spark_read_mongo_dag.py:54} INFO - spark-submit stdout | 2025-12-03 07:00:04,190 INFO mongo_to_iceberg - JAR: /opt/***/jars/iceberg-spark-runtime-3.5_2.12-1.5.2.jar exists=True size=41604737
[2025-12-03T07:00:51.387+0000] {spark_read_mongo_dag.py:54} INFO - spark-submit stdout | 2025-12-03 07:00:04,192 INFO mongo_to_iceberg - JAR: /opt/***/jars/hadoop-aws-3.3.4.jar exists=True size=962685
[2025-12-03T07:00:51.387+0000] {spark_read_mongo_dag.py:54} INFO - spark-submit stdout | 2025-12-03 07:00:04,193 INFO mongo_to_iceberg - JAR: /opt/***/jars/aws-java-sdk-bundle-1.12.772.jar exists=True size=388405806
[2025-12-03T07:00:51.388+0000] {spark_read_mongo_dag.py:54} INFO - spark-submit stdout | 2025-12-03 07:00:04,193 INFO mongo_to_iceberg - Mongo URI (masked): mongodb://admin:****@mongo:27017/ai_segmentation.conversations?authSource=admin
[2025-12-03T07:00:51.389+0000] {spark_read_mongo_dag.py:54} INFO - spark-submit stdout | 2025-12-03 07:00:04,193 INFO mongo_to_iceberg - Using Iceberg warehouse (must be s3a://): s3a://iceberg/
[2025-12-03T07:00:51.389+0000] {spark_read_mongo_dag.py:54} INFO - spark-submit stdout | 2025-12-03 07:00:04,193 INFO mongo_to_iceberg - S3 endpoint=http://minio:9000 path_style=true ssl_enabled=false
[2025-12-03T07:00:51.389+0000] {spark_read_mongo_dag.py:54} INFO - spark-submit stdout | 2025-12-03 07:00:04,193 INFO mongo_to_iceberg - Creating SparkSession...
[2025-12-03T07:00:51.390+0000] {spark_read_mongo_dag.py:54} INFO - spark-submit stdout | 2025-12-03 07:00:11,409 INFO mongo_to_iceberg - SparkSession created. Spark version=3.4.1
[2025-12-03T07:00:51.390+0000] {spark_read_mongo_dag.py:54} INFO - spark-submit stdout | 2025-12-03 07:00:12,189 INFO mongo_to_iceberg - spark.jars config=/opt/***/jars/mongo-spark-connector_2.12-10.1.1.jar,/opt/***/jars/bson-4.11.2.jar,/opt/***/jars/mongodb-driver-core-4.11.2.jar,/opt/***/jars/mongodb-driver-sync-4.11.2.jar,/opt/***/jars/iceberg-spark-runtime-3.5_2.12-1.5.2.jar,/opt/***/jars/hadoop-aws-3.3.4.jar,/opt/***/jars/aws-java-sdk-bundle-1.12.772.jar
[2025-12-03T07:00:51.391+0000] {spark_read_mongo_dag.py:54} INFO - spark-submit stdout | 2025-12-03 07:00:12,190 INFO mongo_to_iceberg - spark.mongodb.read.connection.uri=mongodb://admin:example@mongo:27017/ai_segmentation.conversations?authSource=admin
[2025-12-03T07:00:51.391+0000] {spark_read_mongo_dag.py:54} INFO - spark-submit stdout | 2025-12-03 07:00:12,190 INFO mongo_to_iceberg - spark.sql.catalog.iceberg_catalog.warehouse=s3a://iceberg/
[2025-12-03T07:00:51.392+0000] {spark_read_mongo_dag.py:54} INFO - spark-submit stdout | 2025-12-03 07:00:12,190 INFO mongo_to_iceberg - Starting read from MongoDB collection ai_segmentation.conversations
[2025-12-03T07:00:51.392+0000] {spark_read_mongo_dag.py:54} INFO - spark-submit stdout | 2025-12-03 07:00:26,543 INFO mongo_to_iceberg - Read succeeded. Counting rows (this may be slow)...
[2025-12-03T07:00:51.393+0000] {spark_read_mongo_dag.py:54} INFO - spark-submit stdout | 2025-12-03 07:00:36,997 INFO mongo_to_iceberg - Rows read from MongoDB: 0
[2025-12-03T07:00:51.393+0000] {spark_read_mongo_dag.py:54} INFO - spark-submit stdout | 2025-12-03 07:00:36,997 INFO mongo_to_iceberg - Showing up to 5 rows:
[2025-12-03T07:00:51.394+0000] {spark_read_mongo_dag.py:54} INFO - spark-submit stdout | 2025-12-03 07:00:37,224 INFO mongo_to_iceberg - Namespace: ai_segmentation, Table: conversations, Table ident: iceberg_catalog.ai_segmentation.conversations
[2025-12-03T07:00:51.394+0000] {spark_read_mongo_dag.py:54} INFO - spark-submit stdout | 2025-12-03 07:00:37,224 INFO mongo_to_iceberg - Namespace location: s3a://iceberg/ai_segmentation
[2025-12-03T07:00:51.395+0000] {spark_read_mongo_dag.py:54} INFO - spark-submit stdout | 2025-12-03 07:00:37,224 INFO mongo_to_iceberg - Parquet target path (for fallback): s3a://iceberg/ai_segmentation/conversations/parquet/
[2025-12-03T07:00:51.395+0000] {spark_read_mongo_dag.py:54} INFO - spark-submit stdout | 2025-12-03 07:00:37,224 WARNING mongo_to_iceberg - DataFrame appears empty or has no columns (rows=0). Will write a job marker instead.
[2025-12-03T07:00:51.396+0000] {spark_read_mongo_dag.py:54} INFO - spark-submit stdout | 2025-12-03 07:00:50,314 INFO mongo_to_iceberg - Job marker written to s3a://iceberg/ai_segmentation/conversations/_job_marker/
[2025-12-03T07:00:51.396+0000] {spark_read_mongo_dag.py:54} INFO - spark-submit stdout | 2025-12-03 07:00:50,337 INFO mongo_to_iceberg - Stopping Spark.
[2025-12-03T07:00:51.397+0000] {spark_read_mongo_dag.py:54} INFO - spark-submit stdout | 2025-12-03 07:00:50,586 INFO mongo_to_iceberg - END main SUCCESS at 2025-12-03 07:00:50
[2025-12-03T07:00:51.397+0000] {spark_read_mongo_dag.py:54} INFO - spark-submit stdout | 2025-12-03 07:00:50,586 INFO py4j.clientserver - Closing down clientserver connection
[2025-12-03T07:00:51.398+0000] {spark_read_mongo_dag.py:57} ERROR - spark-submit stderr | 25/12/03 07:00:02 WARN NativeCodeLoader: Unable to load native-hadoop library for your platform... using builtin-java classes where applicable
[2025-12-03T07:00:51.398+0000] {spark_read_mongo_dag.py:57} ERROR - spark-submit stderr | 25/12/03 07:00:05 INFO SparkContext: Running Spark version 3.4.1
[2025-12-03T07:00:51.399+0000] {spark_read_mongo_dag.py:57} ERROR - spark-submit stderr | 25/12/03 07:00:05 INFO ResourceUtils: ==============================================================
[2025-12-03T07:00:51.400+0000] {spark_read_mongo_dag.py:57} ERROR - spark-submit stderr | 25/12/03 07:00:05 INFO ResourceUtils: No custom resources configured for spark.driver.
[2025-12-03T07:00:51.400+0000] {spark_read_mongo_dag.py:57} ERROR - spark-submit stderr | 25/12/03 07:00:05 INFO ResourceUtils: ==============================================================
[2025-12-03T07:00:51.401+0000] {spark_read_mongo_dag.py:57} ERROR - spark-submit stderr | 25/12/03 07:00:05 INFO SparkContext: Submitted application: MongoToIceberg
[2025-12-03T07:00:51.402+0000] {spark_read_mongo_dag.py:57} ERROR - spark-submit stderr | 25/12/03 07:00:05 INFO ResourceProfile: Default ResourceProfile created, executor resources: Map(cores -> name: cores, amount: 1, script: , vendor: , memory -> name: memory, amount: 1024, script: , vendor: , offHeap -> name: offHeap, amount: 0, script: , vendor: ), task resources: Map(cpus -> name: cpus, amount: 1.0)
[2025-12-03T07:00:51.403+0000] {spark_read_mongo_dag.py:57} ERROR - spark-submit stderr | 25/12/03 07:00:05 INFO ResourceProfile: Limiting resource is cpu
[2025-12-03T07:00:51.403+0000] {spark_read_mongo_dag.py:57} ERROR - spark-submit stderr | 25/12/03 07:00:05 INFO ResourceProfileManager: Added ResourceProfile id: 0
[2025-12-03T07:00:51.404+0000] {spark_read_mongo_dag.py:57} ERROR - spark-submit stderr | 25/12/03 07:00:05 INFO SecurityManager: Changing view acls to: ***
[2025-12-03T07:00:51.404+0000] {spark_read_mongo_dag.py:57} ERROR - spark-submit stderr | 25/12/03 07:00:05 INFO SecurityManager: Changing modify acls to: ***
[2025-12-03T07:00:51.405+0000] {spark_read_mongo_dag.py:57} ERROR - spark-submit stderr | 25/12/03 07:00:05 INFO SecurityManager: Changing view acls groups to: 
[2025-12-03T07:00:51.406+0000] {spark_read_mongo_dag.py:57} ERROR - spark-submit stderr | 25/12/03 07:00:05 INFO SecurityManager: Changing modify acls groups to: 
[2025-12-03T07:00:51.406+0000] {spark_read_mongo_dag.py:57} ERROR - spark-submit stderr | 25/12/03 07:00:05 INFO SecurityManager: SecurityManager: authentication disabled; ui acls disabled; users with view permissions: ***; groups with view permissions: EMPTY; users with modify permissions: ***; groups with modify permissions: EMPTY
[2025-12-03T07:00:51.407+0000] {spark_read_mongo_dag.py:57} ERROR - spark-submit stderr | 25/12/03 07:00:06 INFO Utils: Successfully started service 'sparkDriver' on port 33901.
[2025-12-03T07:00:51.407+0000] {spark_read_mongo_dag.py:57} ERROR - spark-submit stderr | 25/12/03 07:00:06 INFO SparkEnv: Registering MapOutputTracker
[2025-12-03T07:00:51.408+0000] {spark_read_mongo_dag.py:57} ERROR - spark-submit stderr | 25/12/03 07:00:06 INFO SparkEnv: Registering BlockManagerMaster
[2025-12-03T07:00:51.408+0000] {spark_read_mongo_dag.py:57} ERROR - spark-submit stderr | 25/12/03 07:00:06 INFO BlockManagerMasterEndpoint: Using org.apache.spark.storage.DefaultTopologyMapper for getting topology information
[2025-12-03T07:00:51.409+0000] {spark_read_mongo_dag.py:57} ERROR - spark-submit stderr | 25/12/03 07:00:06 INFO BlockManagerMasterEndpoint: BlockManagerMasterEndpoint up
[2025-12-03T07:00:51.409+0000] {spark_read_mongo_dag.py:57} ERROR - spark-submit stderr | 25/12/03 07:00:06 INFO SparkEnv: Registering BlockManagerMasterHeartbeat
[2025-12-03T07:00:51.410+0000] {spark_read_mongo_dag.py:57} ERROR - spark-submit stderr | 25/12/03 07:00:06 INFO DiskBlockManager: Created local directory at /tmp/blockmgr-b6f6ef37-e04f-4c0a-87bd-c3c8a21c45ae
[2025-12-03T07:00:51.411+0000] {spark_read_mongo_dag.py:57} ERROR - spark-submit stderr | 25/12/03 07:00:06 INFO MemoryStore: MemoryStore started with capacity 434.4 MiB
[2025-12-03T07:00:51.411+0000] {spark_read_mongo_dag.py:57} ERROR - spark-submit stderr | 25/12/03 07:00:06 INFO SparkEnv: Registering OutputCommitCoordinator
[2025-12-03T07:00:51.411+0000] {spark_read_mongo_dag.py:57} ERROR - spark-submit stderr | 25/12/03 07:00:06 INFO JettyUtils: Start Jetty 0.0.0.0:4040 for SparkUI
[2025-12-03T07:00:51.412+0000] {spark_read_mongo_dag.py:57} ERROR - spark-submit stderr | 25/12/03 07:00:06 INFO Utils: Successfully started service 'SparkUI' on port 4040.
[2025-12-03T07:00:51.412+0000] {spark_read_mongo_dag.py:57} ERROR - spark-submit stderr | 25/12/03 07:00:06 INFO SparkContext: Added JAR /opt/***/jars/mongo-spark-connector_2.12-10.1.1.jar at spark://f4ba3cedf7c2:33901/jars/mongo-spark-connector_2.12-10.1.1.jar with timestamp 1764745205050
[2025-12-03T07:00:51.413+0000] {spark_read_mongo_dag.py:57} ERROR - spark-submit stderr | 25/12/03 07:00:06 INFO SparkContext: Added JAR /opt/***/jars/bson-4.11.2.jar at spark://f4ba3cedf7c2:33901/jars/bson-4.11.2.jar with timestamp 1764745205050
[2025-12-03T07:00:51.413+0000] {spark_read_mongo_dag.py:57} ERROR - spark-submit stderr | 25/12/03 07:00:06 INFO SparkContext: Added JAR /opt/***/jars/mongodb-driver-core-4.11.2.jar at spark://f4ba3cedf7c2:33901/jars/mongodb-driver-core-4.11.2.jar with timestamp 1764745205050
[2025-12-03T07:00:51.413+0000] {spark_read_mongo_dag.py:57} ERROR - spark-submit stderr | 25/12/03 07:00:06 INFO SparkContext: Added JAR /opt/***/jars/mongodb-driver-sync-4.11.2.jar at spark://f4ba3cedf7c2:33901/jars/mongodb-driver-sync-4.11.2.jar with timestamp 1764745205050
[2025-12-03T07:00:51.414+0000] {spark_read_mongo_dag.py:57} ERROR - spark-submit stderr | 25/12/03 07:00:06 INFO SparkContext: Added JAR /opt/***/jars/iceberg-spark-runtime-3.5_2.12-1.5.2.jar at spark://f4ba3cedf7c2:33901/jars/iceberg-spark-runtime-3.5_2.12-1.5.2.jar with timestamp 1764745205050
[2025-12-03T07:00:51.414+0000] {spark_read_mongo_dag.py:57} ERROR - spark-submit stderr | 25/12/03 07:00:06 INFO SparkContext: Added JAR /opt/***/jars/hadoop-aws-3.3.4.jar at spark://f4ba3cedf7c2:33901/jars/hadoop-aws-3.3.4.jar with timestamp 1764745205050
[2025-12-03T07:00:51.415+0000] {spark_read_mongo_dag.py:57} ERROR - spark-submit stderr | 25/12/03 07:00:06 INFO SparkContext: Added JAR /opt/***/jars/aws-java-sdk-bundle-1.12.772.jar at spark://f4ba3cedf7c2:33901/jars/aws-java-sdk-bundle-1.12.772.jar with timestamp 1764745205050
[2025-12-03T07:00:51.415+0000] {spark_read_mongo_dag.py:57} ERROR - spark-submit stderr | 25/12/03 07:00:07 INFO Executor: Starting executor ID driver on host f4ba3cedf7c2
[2025-12-03T07:00:51.416+0000] {spark_read_mongo_dag.py:57} ERROR - spark-submit stderr | 25/12/03 07:00:07 INFO Executor: Starting executor with user classpath (userClassPathFirst = false): ''
[2025-12-03T07:00:51.416+0000] {spark_read_mongo_dag.py:57} ERROR - spark-submit stderr | 25/12/03 07:00:07 INFO Executor: Fetching spark://f4ba3cedf7c2:33901/jars/iceberg-spark-runtime-3.5_2.12-1.5.2.jar with timestamp 1764745205050
[2025-12-03T07:00:51.417+0000] {spark_read_mongo_dag.py:57} ERROR - spark-submit stderr | 25/12/03 07:00:07 INFO TransportClientFactory: Successfully created connection to f4ba3cedf7c2/172.19.0.11:33901 after 60 ms (0 ms spent in bootstraps)
[2025-12-03T07:00:51.417+0000] {spark_read_mongo_dag.py:57} ERROR - spark-submit stderr | 25/12/03 07:00:07 INFO Utils: Fetching spark://f4ba3cedf7c2:33901/jars/iceberg-spark-runtime-3.5_2.12-1.5.2.jar to /tmp/spark-490b0383-88f8-4b20-a73c-e787523cdc95/userFiles-52f645de-a89d-45ad-8b28-263f0ce43a16/fetchFileTemp1070659444171977653.tmp
[2025-12-03T07:00:51.418+0000] {spark_read_mongo_dag.py:57} ERROR - spark-submit stderr | 25/12/03 07:00:07 INFO Executor: Adding file:/tmp/spark-490b0383-88f8-4b20-a73c-e787523cdc95/userFiles-52f645de-a89d-45ad-8b28-263f0ce43a16/iceberg-spark-runtime-3.5_2.12-1.5.2.jar to class loader
[2025-12-03T07:00:51.418+0000] {spark_read_mongo_dag.py:57} ERROR - spark-submit stderr | 25/12/03 07:00:07 INFO Executor: Fetching spark://f4ba3cedf7c2:33901/jars/mongodb-driver-sync-4.11.2.jar with timestamp 1764745205050
[2025-12-03T07:00:51.419+0000] {spark_read_mongo_dag.py:57} ERROR - spark-submit stderr | 25/12/03 07:00:07 INFO Utils: Fetching spark://f4ba3cedf7c2:33901/jars/mongodb-driver-sync-4.11.2.jar to /tmp/spark-490b0383-88f8-4b20-a73c-e787523cdc95/userFiles-52f645de-a89d-45ad-8b28-263f0ce43a16/fetchFileTemp9539460384410659748.tmp
[2025-12-03T07:00:51.420+0000] {spark_read_mongo_dag.py:57} ERROR - spark-submit stderr | 25/12/03 07:00:07 INFO Executor: Adding file:/tmp/spark-490b0383-88f8-4b20-a73c-e787523cdc95/userFiles-52f645de-a89d-45ad-8b28-263f0ce43a16/mongodb-driver-sync-4.11.2.jar to class loader
[2025-12-03T07:00:51.420+0000] {spark_read_mongo_dag.py:57} ERROR - spark-submit stderr | 25/12/03 07:00:07 INFO Executor: Fetching spark://f4ba3cedf7c2:33901/jars/mongodb-driver-core-4.11.2.jar with timestamp 1764745205050
[2025-12-03T07:00:51.420+0000] {spark_read_mongo_dag.py:57} ERROR - spark-submit stderr | 25/12/03 07:00:07 INFO Utils: Fetching spark://f4ba3cedf7c2:33901/jars/mongodb-driver-core-4.11.2.jar to /tmp/spark-490b0383-88f8-4b20-a73c-e787523cdc95/userFiles-52f645de-a89d-45ad-8b28-263f0ce43a16/fetchFileTemp13158965258200765577.tmp
[2025-12-03T07:00:51.421+0000] {spark_read_mongo_dag.py:57} ERROR - spark-submit stderr | 25/12/03 07:00:07 INFO Executor: Adding file:/tmp/spark-490b0383-88f8-4b20-a73c-e787523cdc95/userFiles-52f645de-a89d-45ad-8b28-263f0ce43a16/mongodb-driver-core-4.11.2.jar to class loader
[2025-12-03T07:00:51.422+0000] {spark_read_mongo_dag.py:57} ERROR - spark-submit stderr | 25/12/03 07:00:07 INFO Executor: Fetching spark://f4ba3cedf7c2:33901/jars/aws-java-sdk-bundle-1.12.772.jar with timestamp 1764745205050
[2025-12-03T07:00:51.422+0000] {spark_read_mongo_dag.py:57} ERROR - spark-submit stderr | 25/12/03 07:00:07 INFO Utils: Fetching spark://f4ba3cedf7c2:33901/jars/aws-java-sdk-bundle-1.12.772.jar to /tmp/spark-490b0383-88f8-4b20-a73c-e787523cdc95/userFiles-52f645de-a89d-45ad-8b28-263f0ce43a16/fetchFileTemp10661764401100348032.tmp
[2025-12-03T07:00:51.422+0000] {spark_read_mongo_dag.py:57} ERROR - spark-submit stderr | 25/12/03 07:00:10 INFO Executor: Adding file:/tmp/spark-490b0383-88f8-4b20-a73c-e787523cdc95/userFiles-52f645de-a89d-45ad-8b28-263f0ce43a16/aws-java-sdk-bundle-1.12.772.jar to class loader
[2025-12-03T07:00:51.423+0000] {spark_read_mongo_dag.py:57} ERROR - spark-submit stderr | 25/12/03 07:00:10 INFO Executor: Fetching spark://f4ba3cedf7c2:33901/jars/bson-4.11.2.jar with timestamp 1764745205050
[2025-12-03T07:00:51.424+0000] {spark_read_mongo_dag.py:57} ERROR - spark-submit stderr | 25/12/03 07:00:10 INFO Utils: Fetching spark://f4ba3cedf7c2:33901/jars/bson-4.11.2.jar to /tmp/spark-490b0383-88f8-4b20-a73c-e787523cdc95/userFiles-52f645de-a89d-45ad-8b28-263f0ce43a16/fetchFileTemp2334267266505026863.tmp
[2025-12-03T07:00:51.424+0000] {spark_read_mongo_dag.py:57} ERROR - spark-submit stderr | 25/12/03 07:00:10 INFO Executor: Adding file:/tmp/spark-490b0383-88f8-4b20-a73c-e787523cdc95/userFiles-52f645de-a89d-45ad-8b28-263f0ce43a16/bson-4.11.2.jar to class loader
[2025-12-03T07:00:51.425+0000] {spark_read_mongo_dag.py:57} ERROR - spark-submit stderr | 25/12/03 07:00:10 INFO Executor: Fetching spark://f4ba3cedf7c2:33901/jars/mongo-spark-connector_2.12-10.1.1.jar with timestamp 1764745205050
[2025-12-03T07:00:51.425+0000] {spark_read_mongo_dag.py:57} ERROR - spark-submit stderr | 25/12/03 07:00:10 INFO Utils: Fetching spark://f4ba3cedf7c2:33901/jars/mongo-spark-connector_2.12-10.1.1.jar to /tmp/spark-490b0383-88f8-4b20-a73c-e787523cdc95/userFiles-52f645de-a89d-45ad-8b28-263f0ce43a16/fetchFileTemp14285891308333365923.tmp
[2025-12-03T07:00:51.426+0000] {spark_read_mongo_dag.py:57} ERROR - spark-submit stderr | 25/12/03 07:00:10 INFO Executor: Adding file:/tmp/spark-490b0383-88f8-4b20-a73c-e787523cdc95/userFiles-52f645de-a89d-45ad-8b28-263f0ce43a16/mongo-spark-connector_2.12-10.1.1.jar to class loader
[2025-12-03T07:00:51.426+0000] {spark_read_mongo_dag.py:57} ERROR - spark-submit stderr | 25/12/03 07:00:10 INFO Executor: Fetching spark://f4ba3cedf7c2:33901/jars/hadoop-aws-3.3.4.jar with timestamp 1764745205050
[2025-12-03T07:00:51.426+0000] {spark_read_mongo_dag.py:57} ERROR - spark-submit stderr | 25/12/03 07:00:10 INFO Utils: Fetching spark://f4ba3cedf7c2:33901/jars/hadoop-aws-3.3.4.jar to /tmp/spark-490b0383-88f8-4b20-a73c-e787523cdc95/userFiles-52f645de-a89d-45ad-8b28-263f0ce43a16/fetchFileTemp403903718286617010.tmp
[2025-12-03T07:00:51.427+0000] {spark_read_mongo_dag.py:57} ERROR - spark-submit stderr | 25/12/03 07:00:10 INFO Executor: Adding file:/tmp/spark-490b0383-88f8-4b20-a73c-e787523cdc95/userFiles-52f645de-a89d-45ad-8b28-263f0ce43a16/hadoop-aws-3.3.4.jar to class loader
[2025-12-03T07:00:51.427+0000] {spark_read_mongo_dag.py:57} ERROR - spark-submit stderr | 25/12/03 07:00:10 INFO Utils: Successfully started service 'org.apache.spark.network.netty.NettyBlockTransferService' on port 36261.
[2025-12-03T07:00:51.428+0000] {spark_read_mongo_dag.py:57} ERROR - spark-submit stderr | 25/12/03 07:00:10 INFO NettyBlockTransferService: Server created on f4ba3cedf7c2:36261
[2025-12-03T07:00:51.428+0000] {spark_read_mongo_dag.py:57} ERROR - spark-submit stderr | 25/12/03 07:00:10 INFO BlockManager: Using org.apache.spark.storage.RandomBlockReplicationPolicy for block replication policy
[2025-12-03T07:00:51.429+0000] {spark_read_mongo_dag.py:57} ERROR - spark-submit stderr | 25/12/03 07:00:10 INFO BlockManagerMaster: Registering BlockManager BlockManagerId(driver, f4ba3cedf7c2, 36261, None)
[2025-12-03T07:00:51.429+0000] {spark_read_mongo_dag.py:57} ERROR - spark-submit stderr | 25/12/03 07:00:10 INFO BlockManagerMasterEndpoint: Registering block manager f4ba3cedf7c2:36261 with 434.4 MiB RAM, BlockManagerId(driver, f4ba3cedf7c2, 36261, None)
[2025-12-03T07:00:51.429+0000] {spark_read_mongo_dag.py:57} ERROR - spark-submit stderr | 25/12/03 07:00:10 INFO BlockManagerMaster: Registered BlockManager BlockManagerId(driver, f4ba3cedf7c2, 36261, None)
[2025-12-03T07:00:51.430+0000] {spark_read_mongo_dag.py:57} ERROR - spark-submit stderr | 25/12/03 07:00:10 INFO BlockManager: Initialized BlockManager: BlockManagerId(driver, f4ba3cedf7c2, 36261, None)
[2025-12-03T07:00:51.430+0000] {spark_read_mongo_dag.py:57} ERROR - spark-submit stderr | 25/12/03 07:00:11 INFO SharedState: Setting hive.metastore.warehouse.dir ('null') to the value of spark.sql.warehouse.dir.
[2025-12-03T07:00:51.430+0000] {spark_read_mongo_dag.py:57} ERROR - spark-submit stderr | 25/12/03 07:00:11 INFO SharedState: Warehouse path is 'file:/opt/***/spark-warehouse'.
[2025-12-03T07:00:51.431+0000] {spark_read_mongo_dag.py:57} ERROR - spark-submit stderr | 25/12/03 07:00:12 INFO client: MongoClient with metadata {"driver": {"name": "mongo-java-driver|sync|mongo-spark-connector|source", "version": "4.11.2|10.1.1"}, "os": {"type": "Linux", "name": "Linux", "architecture": "amd64", "version": "6.6.87.2-microsoft-standard-WSL2"}, "platform": "Java/Debian/17.0.17+10-Debian-1deb12u1|Scala/2.12.17/Spark/3.4.1"} created with settings MongoClientSettings{readPreference=primary, writeConcern=WriteConcern{w=null, wTimeout=null ms, journal=null}, retryWrites=true, retryReads=true, readConcern=ReadConcern{level=null}, credential=MongoCredential{mechanism=null, userName='admin', source='admin', password=<hidden>, mechanismProperties=<hidden>}, transportSettings=null, streamFactoryFactory=null, commandListeners=[], codecRegistry=ProvidersCodecRegistry{codecProviders=[ValueCodecProvider{}, BsonValueCodecProvider{}, DBRefCodecProvider{}, DBObjectCodecProvider{}, DocumentCodecProvider{}, CollectionCodecProvider{}, IterableCodecProvider{}, MapCodecProvider{}, GeoJsonCodecProvider{}, GridFSFileCodecProvider{}, Jsr310CodecProvider{}, JsonObjectCodecProvider{}, BsonCodecProvider{}, EnumCodecProvider{}, com.mongodb.client.model.mql.ExpressionCodecProvider@40701000, com.mongodb.Jep395RecordCodecProvider@714f8f4f, com.mongodb.KotlinCodecProvider@2e30c724]}, loggerSettings=LoggerSettings{maxDocumentLength=1000}, clusterSettings={hosts=[mongo:27017], srvServiceName=mongodb, mode=SINGLE, requiredClusterType=UNKNOWN, requiredReplicaSetName='null', serverSelector='null', clusterListeners='[]', serverSelectionTimeout='30000 ms', localThreshold='15 ms'}, socketSettings=SocketSettings{connectTimeoutMS=10000, readTimeoutMS=0, receiveBufferSize=0, proxySettings=ProxySettings{host=null, port=null, username=null, password=null}}, heartbeatSocketSettings=SocketSettings{connectTimeoutMS=10000, readTimeoutMS=10000, receiveBufferSize=0, proxySettings=ProxySettings{host=null, port=null, username=null, password=null}}, connectionPoolSettings=ConnectionPoolSettings{maxSize=100, minSize=0, maxWaitTimeMS=120000, maxConnectionLifeTimeMS=0, maxConnectionIdleTimeMS=0, maintenanceInitialDelayMS=0, maintenanceFrequencyMS=60000, connectionPoolListeners=[], maxConnecting=2}, serverSettings=ServerSettings{heartbeatFrequencyMS=10000, minHeartbeatFrequencyMS=500, serverListeners='[]', serverMonitorListeners='[]'}, sslSettings=SslSettings{enabled=false, invalidHostNameAllowed=false, context=null}, applicationName='null', compressorList=[], uuidRepresentation=UNSPECIFIED, serverApi=null, autoEncryptionSettings=null, dnsClient=null, inetAddressResolver=null, contextProvider=null}
[2025-12-03T07:00:51.431+0000] {spark_read_mongo_dag.py:57} ERROR - spark-submit stderr | 25/12/03 07:00:12 INFO cluster: Monitor thread successfully connected to server with description ServerDescription{address=mongo:27017, type=STANDALONE, state=CONNECTED, ok=true, minWireVersion=0, maxWireVersion=17, maxDocumentSize=16777216, logicalSessionTimeoutMinutes=30, roundTripTimeNanos=64207849}
[2025-12-03T07:00:51.431+0000] {spark_read_mongo_dag.py:57} ERROR - spark-submit stderr | 25/12/03 07:00:20 INFO MongoTable: Creating MongoTable: mongo-spark-connector-10.1.1
[2025-12-03T07:00:51.432+0000] {spark_read_mongo_dag.py:57} ERROR - spark-submit stderr | 25/12/03 07:00:30 WARN MetricsConfig: Cannot locate configuration: tried hadoop-metrics2-s3a-file-system.properties,hadoop-metrics2.properties
[2025-12-03T07:00:51.432+0000] {spark_read_mongo_dag.py:57} ERROR - spark-submit stderr | 25/12/03 07:00:30 INFO MetricsSystemImpl: Scheduled Metric snapshot period at 10 second(s).
[2025-12-03T07:00:51.432+0000] {spark_read_mongo_dag.py:57} ERROR - spark-submit stderr | 25/12/03 07:00:30 INFO MetricsSystemImpl: s3a-file-system metrics system started
[2025-12-03T07:00:51.433+0000] {spark_read_mongo_dag.py:57} ERROR - spark-submit stderr | 25/12/03 07:00:30 WARN VersionInfoUtils: The AWS SDK for Java 1.x entered maintenance mode starting July 31, 2024 and will reach end of support on December 31, 2025. For more information, see https://aws.amazon.com/blogs/developer/the-aws-sdk-for-java-1-x-is-in-maintenance-mode-effective-july-31-2024/
[2025-12-03T07:00:51.433+0000] {spark_read_mongo_dag.py:57} ERROR - spark-submit stderr | You can print where on the file system the AWS SDK for Java 1.x core runtime is located by setting the AWS_JAVA_V1_PRINT_LOCATION environment variable or aws.java.v1.printLocation system property to 'true'.
[2025-12-03T07:00:51.433+0000] {spark_read_mongo_dag.py:57} ERROR - spark-submit stderr | This message can be disabled by setting the AWS_JAVA_V1_DISABLE_DEPRECATION_ANNOUNCEMENT environment variable or aws.java.v1.disableDeprecationAnnouncement system property to 'true'.
[2025-12-03T07:00:51.434+0000] {spark_read_mongo_dag.py:57} ERROR - spark-submit stderr | The AWS SDK for Java 1.x is being used here:
[2025-12-03T07:00:51.434+0000] {spark_read_mongo_dag.py:57} ERROR - spark-submit stderr | at java.base/java.lang.Thread.getStackTrace(Thread.java:1619)
[2025-12-03T07:00:51.434+0000] {spark_read_mongo_dag.py:57} ERROR - spark-submit stderr | at com.amazonaws.util.VersionInfoUtils.printDeprecationAnnouncement(VersionInfoUtils.java:81)
[2025-12-03T07:00:51.435+0000] {spark_read_mongo_dag.py:57} ERROR - spark-submit stderr | at com.amazonaws.util.VersionInfoUtils.<clinit>(VersionInfoUtils.java:59)
[2025-12-03T07:00:51.435+0000] {spark_read_mongo_dag.py:57} ERROR - spark-submit stderr | at com.amazonaws.internal.EC2ResourceFetcher.<clinit>(EC2ResourceFetcher.java:44)
[2025-12-03T07:00:51.435+0000] {spark_read_mongo_dag.py:57} ERROR - spark-submit stderr | at com.amazonaws.auth.InstanceMetadataServiceCredentialsFetcher.<init>(InstanceMetadataServiceCredentialsFetcher.java:38)
[2025-12-03T07:00:51.435+0000] {spark_read_mongo_dag.py:57} ERROR - spark-submit stderr | at com.amazonaws.auth.InstanceProfileCredentialsProvider.<init>(InstanceProfileCredentialsProvider.java:111)
[2025-12-03T07:00:51.436+0000] {spark_read_mongo_dag.py:57} ERROR - spark-submit stderr | at com.amazonaws.auth.InstanceProfileCredentialsProvider.<init>(InstanceProfileCredentialsProvider.java:91)
[2025-12-03T07:00:51.436+0000] {spark_read_mongo_dag.py:57} ERROR - spark-submit stderr | at com.amazonaws.auth.InstanceProfileCredentialsProvider.<init>(InstanceProfileCredentialsProvider.java:75)
[2025-12-03T07:00:51.436+0000] {spark_read_mongo_dag.py:57} ERROR - spark-submit stderr | at com.amazonaws.auth.InstanceProfileCredentialsProvider.<clinit>(InstanceProfileCredentialsProvider.java:58)
[2025-12-03T07:00:51.436+0000] {spark_read_mongo_dag.py:57} ERROR - spark-submit stderr | at com.amazonaws.auth.EC2ContainerCredentialsProviderWrapper.initializeProvider(EC2ContainerCredentialsProviderWrapper.java:66)
[2025-12-03T07:00:51.437+0000] {spark_read_mongo_dag.py:57} ERROR - spark-submit stderr | at com.amazonaws.auth.EC2ContainerCredentialsProviderWrapper.<init>(EC2ContainerCredentialsProviderWrapper.java:55)
[2025-12-03T07:00:51.437+0000] {spark_read_mongo_dag.py:57} ERROR - spark-submit stderr | at org.apache.hadoop.fs.s3a.auth.IAMInstanceCredentialsProvider.<init>(IAMInstanceCredentialsProvider.java:49)
[2025-12-03T07:00:51.438+0000] {spark_read_mongo_dag.py:57} ERROR - spark-submit stderr | at java.base/jdk.internal.reflect.NativeConstructorAccessorImpl.newInstance0(Native Method)
[2025-12-03T07:00:51.438+0000] {spark_read_mongo_dag.py:57} ERROR - spark-submit stderr | at java.base/jdk.internal.reflect.NativeConstructorAccessorImpl.newInstance(NativeConstructorAccessorImpl.java:77)
[2025-12-03T07:00:51.438+0000] {spark_read_mongo_dag.py:57} ERROR - spark-submit stderr | at java.base/jdk.internal.reflect.DelegatingConstructorAccessorImpl.newInstance(DelegatingConstructorAccessorImpl.java:45)
[2025-12-03T07:00:51.439+0000] {spark_read_mongo_dag.py:57} ERROR - spark-submit stderr | at java.base/java.lang.reflect.Constructor.newInstanceWithCaller(Constructor.java:500)
[2025-12-03T07:00:51.439+0000] {spark_read_mongo_dag.py:57} ERROR - spark-submit stderr | at java.base/java.lang.reflect.Constructor.newInstance(Constructor.java:481)
[2025-12-03T07:00:51.439+0000] {spark_read_mongo_dag.py:57} ERROR - spark-submit stderr | at org.apache.hadoop.fs.s3a.S3AUtils.createAWSCredentialProvider(S3AUtils.java:766)
[2025-12-03T07:00:51.439+0000] {spark_read_mongo_dag.py:57} ERROR - spark-submit stderr | at org.apache.hadoop.fs.s3a.S3AUtils.buildAWSProviderList(S3AUtils.java:698)
[2025-12-03T07:00:51.440+0000] {spark_read_mongo_dag.py:57} ERROR - spark-submit stderr | at org.apache.hadoop.fs.s3a.S3AUtils.createAWSCredentialProviderSet(S3AUtils.java:631)
[2025-12-03T07:00:51.440+0000] {spark_read_mongo_dag.py:57} ERROR - spark-submit stderr | at org.apache.hadoop.fs.s3a.S3AFileSystem.bindAWSClient(S3AFileSystem.java:877)
[2025-12-03T07:00:51.440+0000] {spark_read_mongo_dag.py:57} ERROR - spark-submit stderr | at org.apache.hadoop.fs.s3a.S3AFileSystem.initialize(S3AFileSystem.java:534)
[2025-12-03T07:00:51.440+0000] {spark_read_mongo_dag.py:57} ERROR - spark-submit stderr | at org.apache.hadoop.fs.FileSystem.createFileSystem(FileSystem.java:3469)
[2025-12-03T07:00:51.441+0000] {spark_read_mongo_dag.py:57} ERROR - spark-submit stderr | at org.apache.hadoop.fs.FileSystem.access$300(FileSystem.java:174)
[2025-12-03T07:00:51.441+0000] {spark_read_mongo_dag.py:57} ERROR - spark-submit stderr | at org.apache.hadoop.fs.FileSystem$Cache.getInternal(FileSystem.java:3574)
[2025-12-03T07:00:51.441+0000] {spark_read_mongo_dag.py:57} ERROR - spark-submit stderr | at org.apache.hadoop.fs.FileSystem$Cache.get(FileSystem.java:3521)
[2025-12-03T07:00:51.442+0000] {spark_read_mongo_dag.py:57} ERROR - spark-submit stderr | at org.apache.hadoop.fs.FileSystem.get(FileSystem.java:540)
[2025-12-03T07:00:51.442+0000] {spark_read_mongo_dag.py:57} ERROR - spark-submit stderr | at org.apache.hadoop.fs.Path.getFileSystem(Path.java:365)
[2025-12-03T07:00:51.442+0000] {spark_read_mongo_dag.py:57} ERROR - spark-submit stderr | at org.apache.iceberg.hadoop.Util.getFs(Util.java:56)
[2025-12-03T07:00:51.442+0000] {spark_read_mongo_dag.py:57} ERROR - spark-submit stderr | at org.apache.iceberg.hadoop.HadoopCatalog.initialize(HadoopCatalog.java:112)
[2025-12-03T07:00:51.443+0000] {spark_read_mongo_dag.py:57} ERROR - spark-submit stderr | at org.apache.iceberg.CatalogUtil.loadCatalog(CatalogUtil.java:255)
[2025-12-03T07:00:51.443+0000] {spark_read_mongo_dag.py:57} ERROR - spark-submit stderr | at org.apache.iceberg.CatalogUtil.buildIcebergCatalog(CatalogUtil.java:309)
[2025-12-03T07:00:51.443+0000] {spark_read_mongo_dag.py:57} ERROR - spark-submit stderr | at org.apache.iceberg.spark.SparkCatalog.buildIcebergCatalog(SparkCatalog.java:154)
[2025-12-03T07:00:51.443+0000] {spark_read_mongo_dag.py:57} ERROR - spark-submit stderr | at org.apache.iceberg.spark.SparkCatalog.initialize(SparkCatalog.java:751)
[2025-12-03T07:00:51.444+0000] {spark_read_mongo_dag.py:57} ERROR - spark-submit stderr | at org.apache.spark.sql.connector.catalog.Catalogs$.load(Catalogs.scala:65)
[2025-12-03T07:00:51.444+0000] {spark_read_mongo_dag.py:57} ERROR - spark-submit stderr | at org.apache.spark.sql.connector.catalog.CatalogManager.$anonfun$catalog$1(CatalogManager.scala:53)
[2025-12-03T07:00:51.444+0000] {spark_read_mongo_dag.py:57} ERROR - spark-submit stderr | at scala.collection.mutable.HashMap.getOrElseUpdate(HashMap.scala:86)
[2025-12-03T07:00:51.444+0000] {spark_read_mongo_dag.py:57} ERROR - spark-submit stderr | at org.apache.spark.sql.connector.catalog.CatalogManager.catalog(CatalogManager.scala:53)
[2025-12-03T07:00:51.445+0000] {spark_read_mongo_dag.py:57} ERROR - spark-submit stderr | at org.apache.spark.sql.connector.catalog.CatalogManager.currentCatalog(CatalogManager.scala:122)
[2025-12-03T07:00:51.445+0000] {spark_read_mongo_dag.py:57} ERROR - spark-submit stderr | at org.apache.spark.sql.connector.catalog.CatalogManager.currentNamespace(CatalogManager.scala:93)
[2025-12-03T07:00:51.445+0000] {spark_read_mongo_dag.py:57} ERROR - spark-submit stderr | at org.apache.spark.sql.catalyst.optimizer.ReplaceCurrentLike.apply(finishAnalysis.scala:110)
[2025-12-03T07:00:51.445+0000] {spark_read_mongo_dag.py:57} ERROR - spark-submit stderr | at org.apache.spark.sql.catalyst.optimizer.ReplaceCurrentLike.apply(finishAnalysis.scala:107)
[2025-12-03T07:00:51.446+0000] {spark_read_mongo_dag.py:57} ERROR - spark-submit stderr | at org.apache.spark.sql.catalyst.optimizer.Optimizer$FinishAnalysis$.$anonfun$apply$1(Optimizer.scala:289)
[2025-12-03T07:00:51.446+0000] {spark_read_mongo_dag.py:57} ERROR - spark-submit stderr | at scala.collection.LinearSeqOptimized.foldLeft(LinearSeqOptimized.scala:126)
[2025-12-03T07:00:51.446+0000] {spark_read_mongo_dag.py:57} ERROR - spark-submit stderr | at scala.collection.LinearSeqOptimized.foldLeft$(LinearSeqOptimized.scala:122)
[2025-12-03T07:00:51.447+0000] {spark_read_mongo_dag.py:57} ERROR - spark-submit stderr | at scala.collection.immutable.List.foldLeft(List.scala:91)
[2025-12-03T07:00:51.447+0000] {spark_read_mongo_dag.py:57} ERROR - spark-submit stderr | at org.apache.spark.sql.catalyst.optimizer.Optimizer$FinishAnalysis$.apply(Optimizer.scala:289)
[2025-12-03T07:00:51.447+0000] {spark_read_mongo_dag.py:57} ERROR - spark-submit stderr | at org.apache.spark.sql.catalyst.optimizer.Optimizer$FinishAnalysis$.apply(Optimizer.scala:271)
[2025-12-03T07:00:51.447+0000] {spark_read_mongo_dag.py:57} ERROR - spark-submit stderr | at org.apache.spark.sql.catalyst.rules.RuleExecutor.$anonfun$execute$2(RuleExecutor.scala:222)
[2025-12-03T07:00:51.448+0000] {spark_read_mongo_dag.py:57} ERROR - spark-submit stderr | at scala.collection.IndexedSeqOptimized.foldLeft(IndexedSeqOptimized.scala:60)
[2025-12-03T07:00:51.448+0000] {spark_read_mongo_dag.py:57} ERROR - spark-submit stderr | at scala.collection.IndexedSeqOptimized.foldLeft$(IndexedSeqOptimized.scala:68)
[2025-12-03T07:00:51.448+0000] {spark_read_mongo_dag.py:57} ERROR - spark-submit stderr | at scala.collection.mutable.WrappedArray.foldLeft(WrappedArray.scala:38)
[2025-12-03T07:00:51.448+0000] {spark_read_mongo_dag.py:57} ERROR - spark-submit stderr | at org.apache.spark.sql.catalyst.rules.RuleExecutor.$anonfun$execute$1(RuleExecutor.scala:219)
[2025-12-03T07:00:51.449+0000] {spark_read_mongo_dag.py:57} ERROR - spark-submit stderr | at org.apache.spark.sql.catalyst.rules.RuleExecutor.$anonfun$execute$1$adapted(RuleExecutor.scala:211)
[2025-12-03T07:00:51.449+0000] {spark_read_mongo_dag.py:57} ERROR - spark-submit stderr | at scala.collection.immutable.List.foreach(List.scala:431)
[2025-12-03T07:00:51.449+0000] {spark_read_mongo_dag.py:57} ERROR - spark-submit stderr | at org.apache.spark.sql.catalyst.rules.RuleExecutor.execute(RuleExecutor.scala:211)
[2025-12-03T07:00:51.450+0000] {spark_read_mongo_dag.py:57} ERROR - spark-submit stderr | at org.apache.spark.sql.catalyst.rules.RuleExecutor.$anonfun$executeAndTrack$1(RuleExecutor.scala:182)
[2025-12-03T07:00:51.450+0000] {spark_read_mongo_dag.py:57} ERROR - spark-submit stderr | at org.apache.spark.sql.catalyst.QueryPlanningTracker$.withTracker(QueryPlanningTracker.scala:88)
[2025-12-03T07:00:51.450+0000] {spark_read_mongo_dag.py:57} ERROR - spark-submit stderr | at org.apache.spark.sql.catalyst.rules.RuleExecutor.executeAndTrack(RuleExecutor.scala:182)
[2025-12-03T07:00:51.450+0000] {spark_read_mongo_dag.py:57} ERROR - spark-submit stderr | at org.apache.spark.sql.execution.QueryExecution.$anonfun$optimizedPlan$1(QueryExecution.scala:143)
[2025-12-03T07:00:51.451+0000] {spark_read_mongo_dag.py:57} ERROR - spark-submit stderr | at org.apache.spark.sql.catalyst.QueryPlanningTracker.measurePhase(QueryPlanningTracker.scala:111)
[2025-12-03T07:00:51.451+0000] {spark_read_mongo_dag.py:57} ERROR - spark-submit stderr | at org.apache.spark.sql.execution.QueryExecution.$anonfun$executePhase$2(QueryExecution.scala:202)
[2025-12-03T07:00:51.451+0000] {spark_read_mongo_dag.py:57} ERROR - spark-submit stderr | at org.apache.spark.sql.execution.QueryExecution$.withInternalError(QueryExecution.scala:526)
[2025-12-03T07:00:51.452+0000] {spark_read_mongo_dag.py:57} ERROR - spark-submit stderr | at org.apache.spark.sql.execution.QueryExecution.$anonfun$executePhase$1(QueryExecution.scala:202)
[2025-12-03T07:00:51.452+0000] {spark_read_mongo_dag.py:57} ERROR - spark-submit stderr | at org.apache.spark.sql.SparkSession.withActive(SparkSession.scala:827)
[2025-12-03T07:00:51.452+0000] {spark_read_mongo_dag.py:57} ERROR - spark-submit stderr | at org.apache.spark.sql.execution.QueryExecution.executePhase(QueryExecution.scala:201)
[2025-12-03T07:00:51.452+0000] {spark_read_mongo_dag.py:57} ERROR - spark-submit stderr | at org.apache.spark.sql.execution.QueryExecution.optimizedPlan$lzycompute(QueryExecution.scala:139)
[2025-12-03T07:00:51.453+0000] {spark_read_mongo_dag.py:57} ERROR - spark-submit stderr | at org.apache.spark.sql.execution.QueryExecution.optimizedPlan(QueryExecution.scala:135)
[2025-12-03T07:00:51.453+0000] {spark_read_mongo_dag.py:57} ERROR - spark-submit stderr | at org.apache.spark.sql.execution.QueryExecution.assertOptimized(QueryExecution.scala:153)
[2025-12-03T07:00:51.453+0000] {spark_read_mongo_dag.py:57} ERROR - spark-submit stderr | at org.apache.spark.sql.execution.QueryExecution.executedPlan$lzycompute(QueryExecution.scala:171)
[2025-12-03T07:00:51.453+0000] {spark_read_mongo_dag.py:57} ERROR - spark-submit stderr | at org.apache.spark.sql.execution.QueryExecution.executedPlan(QueryExecution.scala:168)
[2025-12-03T07:00:51.454+0000] {spark_read_mongo_dag.py:57} ERROR - spark-submit stderr | at org.apache.spark.sql.execution.QueryExecution.simpleString(QueryExecution.scala:221)
[2025-12-03T07:00:51.454+0000] {spark_read_mongo_dag.py:57} ERROR - spark-submit stderr | at org.apache.spark.sql.execution.QueryExecution.org$apache$spark$sql$execution$QueryExecution$$explainString(QueryExecution.scala:266)
[2025-12-03T07:00:51.455+0000] {spark_read_mongo_dag.py:57} ERROR - spark-submit stderr | at org.apache.spark.sql.execution.QueryExecution.explainString(QueryExecution.scala:235)
[2025-12-03T07:00:51.455+0000] {spark_read_mongo_dag.py:57} ERROR - spark-submit stderr | at org.apache.spark.sql.execution.SQLExecution$.$anonfun$withNewExecutionId$6(SQLExecution.scala:112)
[2025-12-03T07:00:51.456+0000] {spark_read_mongo_dag.py:57} ERROR - spark-submit stderr | at org.apache.spark.sql.execution.SQLExecution$.withSQLConfPropagated(SQLExecution.scala:195)
[2025-12-03T07:00:51.456+0000] {spark_read_mongo_dag.py:57} ERROR - spark-submit stderr | at org.apache.spark.sql.execution.SQLExecution$.$anonfun$withNewExecutionId$1(SQLExecution.scala:103)
[2025-12-03T07:00:51.456+0000] {spark_read_mongo_dag.py:57} ERROR - spark-submit stderr | at org.apache.spark.sql.SparkSession.withActive(SparkSession.scala:827)
[2025-12-03T07:00:51.457+0000] {spark_read_mongo_dag.py:57} ERROR - spark-submit stderr | at org.apache.spark.sql.execution.SQLExecution$.withNewExecutionId(SQLExecution.scala:65)
[2025-12-03T07:00:51.457+0000] {spark_read_mongo_dag.py:57} ERROR - spark-submit stderr | at org.apache.spark.sql.Dataset.withAction(Dataset.scala:4165)
[2025-12-03T07:00:51.457+0000] {spark_read_mongo_dag.py:57} ERROR - spark-submit stderr | at org.apache.spark.sql.Dataset.count(Dataset.scala:3458)
[2025-12-03T07:00:51.458+0000] {spark_read_mongo_dag.py:57} ERROR - spark-submit stderr | at java.base/jdk.internal.reflect.NativeMethodAccessorImpl.invoke0(Native Method)
[2025-12-03T07:00:51.458+0000] {spark_read_mongo_dag.py:57} ERROR - spark-submit stderr | at java.base/jdk.internal.reflect.NativeMethodAccessorImpl.invoke(NativeMethodAccessorImpl.java:77)
[2025-12-03T07:00:51.458+0000] {spark_read_mongo_dag.py:57} ERROR - spark-submit stderr | at java.base/jdk.internal.reflect.DelegatingMethodAccessorImpl.invoke(DelegatingMethodAccessorImpl.java:43)
[2025-12-03T07:00:51.459+0000] {spark_read_mongo_dag.py:57} ERROR - spark-submit stderr | at java.base/java.lang.reflect.Method.invoke(Method.java:569)
[2025-12-03T07:00:51.459+0000] {spark_read_mongo_dag.py:57} ERROR - spark-submit stderr | at py4j.reflection.MethodInvoker.invoke(MethodInvoker.java:244)
[2025-12-03T07:00:51.459+0000] {spark_read_mongo_dag.py:57} ERROR - spark-submit stderr | at py4j.reflection.ReflectionEngine.invoke(ReflectionEngine.java:374)
[2025-12-03T07:00:51.460+0000] {spark_read_mongo_dag.py:57} ERROR - spark-submit stderr | at py4j.Gateway.invoke(Gateway.java:282)
[2025-12-03T07:00:51.460+0000] {spark_read_mongo_dag.py:57} ERROR - spark-submit stderr | at py4j.commands.AbstractCommand.invokeMethod(AbstractCommand.java:132)
[2025-12-03T07:00:51.460+0000] {spark_read_mongo_dag.py:57} ERROR - spark-submit stderr | at py4j.commands.CallCommand.execute(CallCommand.java:79)
[2025-12-03T07:00:51.460+0000] {spark_read_mongo_dag.py:57} ERROR - spark-submit stderr | at py4j.ClientServerConnection.waitForCommands(ClientServerConnection.java:182)
[2025-12-03T07:00:51.461+0000] {spark_read_mongo_dag.py:57} ERROR - spark-submit stderr | at py4j.ClientServerConnection.run(ClientServerConnection.java:106)
[2025-12-03T07:00:51.461+0000] {spark_read_mongo_dag.py:57} ERROR - spark-submit stderr | at java.base/java.lang.Thread.run(Thread.java:840)
[2025-12-03T07:00:51.461+0000] {spark_read_mongo_dag.py:57} ERROR - spark-submit stderr | 25/12/03 07:00:33 INFO CatalogUtil: Loading custom FileIO implementation: org.apache.iceberg.hadoop.HadoopFileIO
[2025-12-03T07:00:51.461+0000] {spark_read_mongo_dag.py:57} ERROR - spark-submit stderr | 25/12/03 07:00:34 INFO V2ScanRelationPushDown: 
[2025-12-03T07:00:51.462+0000] {spark_read_mongo_dag.py:57} ERROR - spark-submit stderr | Output: 
[2025-12-03T07:00:51.462+0000] {spark_read_mongo_dag.py:57} ERROR - spark-submit stderr |          
[2025-12-03T07:00:51.462+0000] {spark_read_mongo_dag.py:57} ERROR - spark-submit stderr | 25/12/03 07:00:34 INFO Partitioner: Getting collection stats for: ai_segmentation.conversations
[2025-12-03T07:00:51.463+0000] {spark_read_mongo_dag.py:57} ERROR - spark-submit stderr | 25/12/03 07:00:34 INFO client: MongoClient with metadata {"driver": {"name": "mongo-java-driver|sync|mongo-spark-connector|source", "version": "4.11.2|10.1.1"}, "os": {"type": "Linux", "name": "Linux", "architecture": "amd64", "version": "6.6.87.2-microsoft-standard-WSL2"}, "platform": "Java/Debian/17.0.17+10-Debian-1deb12u1|Scala/2.12.17/Spark/3.4.1"} created with settings MongoClientSettings{readPreference=primary, writeConcern=WriteConcern{w=null, wTimeout=null ms, journal=null}, retryWrites=true, retryReads=true, readConcern=ReadConcern{level=null}, credential=MongoCredential{mechanism=null, userName='admin', source='admin', password=<hidden>, mechanismProperties=<hidden>}, transportSettings=null, streamFactoryFactory=null, commandListeners=[], codecRegistry=ProvidersCodecRegistry{codecProviders=[ValueCodecProvider{}, BsonValueCodecProvider{}, DBRefCodecProvider{}, DBObjectCodecProvider{}, DocumentCodecProvider{}, CollectionCodecProvider{}, IterableCodecProvider{}, MapCodecProvider{}, GeoJsonCodecProvider{}, GridFSFileCodecProvider{}, Jsr310CodecProvider{}, JsonObjectCodecProvider{}, BsonCodecProvider{}, EnumCodecProvider{}, com.mongodb.client.model.mql.ExpressionCodecProvider@40701000, com.mongodb.Jep395RecordCodecProvider@714f8f4f, com.mongodb.KotlinCodecProvider@2e30c724]}, loggerSettings=LoggerSettings{maxDocumentLength=1000}, clusterSettings={hosts=[mongo:27017], srvServiceName=mongodb, mode=SINGLE, requiredClusterType=UNKNOWN, requiredReplicaSetName='null', serverSelector='null', clusterListeners='[]', serverSelectionTimeout='30000 ms', localThreshold='15 ms'}, socketSettings=SocketSettings{connectTimeoutMS=10000, readTimeoutMS=0, receiveBufferSize=0, proxySettings=ProxySettings{host=null, port=null, username=null, password=null}}, heartbeatSocketSettings=SocketSettings{connectTimeoutMS=10000, readTimeoutMS=10000, receiveBufferSize=0, proxySettings=ProxySettings{host=null, port=null, username=null, password=null}}, connectionPoolSettings=ConnectionPoolSettings{maxSize=100, minSize=0, maxWaitTimeMS=120000, maxConnectionLifeTimeMS=0, maxConnectionIdleTimeMS=0, maintenanceInitialDelayMS=0, maintenanceFrequencyMS=60000, connectionPoolListeners=[], maxConnecting=2}, serverSettings=ServerSettings{heartbeatFrequencyMS=10000, minHeartbeatFrequencyMS=500, serverListeners='[]', serverMonitorListeners='[]'}, sslSettings=SslSettings{enabled=false, invalidHostNameAllowed=false, context=null}, applicationName='null', compressorList=[], uuidRepresentation=UNSPECIFIED, serverApi=null, autoEncryptionSettings=null, dnsClient=null, inetAddressResolver=null, contextProvider=null}
[2025-12-03T07:00:51.463+0000] {spark_read_mongo_dag.py:57} ERROR - spark-submit stderr | 25/12/03 07:00:34 INFO cluster: Monitor thread successfully connected to server with description ServerDescription{address=mongo:27017, type=STANDALONE, state=CONNECTED, ok=true, minWireVersion=0, maxWireVersion=17, maxDocumentSize=16777216, logicalSessionTimeoutMinutes=30, roundTripTimeNanos=1291052}
[2025-12-03T07:00:51.463+0000] {spark_read_mongo_dag.py:57} ERROR - spark-submit stderr | 25/12/03 07:00:34 INFO cluster: No server chosen by ReadPreferenceServerSelector{readPreference=primary} from cluster description ClusterDescription{type=UNKNOWN, connectionMode=SINGLE, serverDescriptions=[ServerDescription{address=mongo:27017, type=UNKNOWN, state=CONNECTING}]}. Waiting for 30000 ms before timing out
[2025-12-03T07:00:51.463+0000] {spark_read_mongo_dag.py:57} ERROR - spark-submit stderr | 25/12/03 07:00:34 INFO Partitioner: Could not find collection: conversations
[2025-12-03T07:00:51.464+0000] {spark_read_mongo_dag.py:57} ERROR - spark-submit stderr | 25/12/03 07:00:34 WARN Partitioner: Unable to get collection stats (collstats) returning a single partition.
[2025-12-03T07:00:51.464+0000] {spark_read_mongo_dag.py:57} ERROR - spark-submit stderr | 25/12/03 07:00:34 INFO Partitioner: Getting collection stats for: ai_segmentation.conversations
[2025-12-03T07:00:51.464+0000] {spark_read_mongo_dag.py:57} ERROR - spark-submit stderr | 25/12/03 07:00:34 INFO Partitioner: Could not find collection: conversations
[2025-12-03T07:00:51.464+0000] {spark_read_mongo_dag.py:57} ERROR - spark-submit stderr | 25/12/03 07:00:34 WARN Partitioner: Unable to get collection stats (collstats) returning a single partition.
[2025-12-03T07:00:51.465+0000] {spark_read_mongo_dag.py:57} ERROR - spark-submit stderr | 25/12/03 07:00:35 INFO CodeGenerator: Code generated in 429.929212 ms
[2025-12-03T07:00:51.465+0000] {spark_read_mongo_dag.py:57} ERROR - spark-submit stderr | 25/12/03 07:00:35 INFO SparkContext: Starting job: count at NativeMethodAccessorImpl.java:0
[2025-12-03T07:00:51.465+0000] {spark_read_mongo_dag.py:57} ERROR - spark-submit stderr | 25/12/03 07:00:35 INFO DAGScheduler: Got job 0 (count at NativeMethodAccessorImpl.java:0) with 1 output partitions
[2025-12-03T07:00:51.466+0000] {spark_read_mongo_dag.py:57} ERROR - spark-submit stderr | 25/12/03 07:00:35 INFO DAGScheduler: Final stage: ResultStage 0 (count at NativeMethodAccessorImpl.java:0)
[2025-12-03T07:00:51.466+0000] {spark_read_mongo_dag.py:57} ERROR - spark-submit stderr | 25/12/03 07:00:35 INFO DAGScheduler: Parents of final stage: List()
[2025-12-03T07:00:51.466+0000] {spark_read_mongo_dag.py:57} ERROR - spark-submit stderr | 25/12/03 07:00:35 INFO DAGScheduler: Missing parents: List()
[2025-12-03T07:00:51.466+0000] {spark_read_mongo_dag.py:57} ERROR - spark-submit stderr | 25/12/03 07:00:35 INFO DAGScheduler: Submitting ResultStage 0 (MapPartitionsRDD[3] at count at NativeMethodAccessorImpl.java:0), which has no missing parents
[2025-12-03T07:00:51.467+0000] {spark_read_mongo_dag.py:57} ERROR - spark-submit stderr | 25/12/03 07:00:36 INFO MemoryStore: Block broadcast_0 stored as values in memory (estimated size 12.6 KiB, free 434.4 MiB)
[2025-12-03T07:00:51.467+0000] {spark_read_mongo_dag.py:57} ERROR - spark-submit stderr | 25/12/03 07:00:36 INFO MemoryStore: Block broadcast_0_piece0 stored as bytes in memory (estimated size 5.7 KiB, free 434.4 MiB)
[2025-12-03T07:00:51.467+0000] {spark_read_mongo_dag.py:57} ERROR - spark-submit stderr | 25/12/03 07:00:36 INFO BlockManagerInfo: Added broadcast_0_piece0 in memory on f4ba3cedf7c2:36261 (size: 5.7 KiB, free: 434.4 MiB)
[2025-12-03T07:00:51.468+0000] {spark_read_mongo_dag.py:57} ERROR - spark-submit stderr | 25/12/03 07:00:36 INFO SparkContext: Created broadcast 0 from broadcast at DAGScheduler.scala:1535
[2025-12-03T07:00:51.468+0000] {spark_read_mongo_dag.py:57} ERROR - spark-submit stderr | 25/12/03 07:00:36 INFO DAGScheduler: Submitting 1 missing tasks from ResultStage 0 (MapPartitionsRDD[3] at count at NativeMethodAccessorImpl.java:0) (first 15 tasks are for partitions Vector(0))
[2025-12-03T07:00:51.468+0000] {spark_read_mongo_dag.py:57} ERROR - spark-submit stderr | 25/12/03 07:00:36 INFO TaskSchedulerImpl: Adding task set 0.0 with 1 tasks resource profile 0
[2025-12-03T07:00:51.468+0000] {spark_read_mongo_dag.py:57} ERROR - spark-submit stderr | 25/12/03 07:00:36 INFO TaskSetManager: Starting task 0.0 in stage 0.0 (TID 0) (f4ba3cedf7c2, executor driver, partition 0, PROCESS_LOCAL, 7619 bytes) 
[2025-12-03T07:00:51.469+0000] {spark_read_mongo_dag.py:57} ERROR - spark-submit stderr | 25/12/03 07:00:36 INFO Executor: Running task 0.0 in stage 0.0 (TID 0)
[2025-12-03T07:00:51.469+0000] {spark_read_mongo_dag.py:57} ERROR - spark-submit stderr | 25/12/03 07:00:36 INFO client: MongoClient with metadata {"driver": {"name": "mongo-java-driver|sync|mongo-spark-connector|source", "version": "4.11.2|10.1.1"}, "os": {"type": "Linux", "name": "Linux", "architecture": "amd64", "version": "6.6.87.2-microsoft-standard-WSL2"}, "platform": "Java/Debian/17.0.17+10-Debian-1deb12u1|Scala/2.12.17/Spark/3.4.1"} created with settings MongoClientSettings{readPreference=primary, writeConcern=WriteConcern{w=null, wTimeout=null ms, journal=null}, retryWrites=true, retryReads=true, readConcern=ReadConcern{level=null}, credential=MongoCredential{mechanism=null, userName='admin', source='admin', password=<hidden>, mechanismProperties=<hidden>}, transportSettings=null, streamFactoryFactory=null, commandListeners=[], codecRegistry=ProvidersCodecRegistry{codecProviders=[ValueCodecProvider{}, BsonValueCodecProvider{}, DBRefCodecProvider{}, DBObjectCodecProvider{}, DocumentCodecProvider{}, CollectionCodecProvider{}, IterableCodecProvider{}, MapCodecProvider{}, GeoJsonCodecProvider{}, GridFSFileCodecProvider{}, Jsr310CodecProvider{}, JsonObjectCodecProvider{}, BsonCodecProvider{}, EnumCodecProvider{}, com.mongodb.client.model.mql.ExpressionCodecProvider@40701000, com.mongodb.Jep395RecordCodecProvider@714f8f4f, com.mongodb.KotlinCodecProvider@2e30c724]}, loggerSettings=LoggerSettings{maxDocumentLength=1000}, clusterSettings={hosts=[mongo:27017], srvServiceName=mongodb, mode=SINGLE, requiredClusterType=UNKNOWN, requiredReplicaSetName='null', serverSelector='null', clusterListeners='[]', serverSelectionTimeout='30000 ms', localThreshold='15 ms'}, socketSettings=SocketSettings{connectTimeoutMS=10000, readTimeoutMS=0, receiveBufferSize=0, proxySettings=ProxySettings{host=null, port=null, username=null, password=null}}, heartbeatSocketSettings=SocketSettings{connectTimeoutMS=10000, readTimeoutMS=10000, receiveBufferSize=0, proxySettings=ProxySettings{host=null, port=null, username=null, password=null}}, connectionPoolSettings=ConnectionPoolSettings{maxSize=100, minSize=0, maxWaitTimeMS=120000, maxConnectionLifeTimeMS=0, maxConnectionIdleTimeMS=0, maintenanceInitialDelayMS=0, maintenanceFrequencyMS=60000, connectionPoolListeners=[], maxConnecting=2}, serverSettings=ServerSettings{heartbeatFrequencyMS=10000, minHeartbeatFrequencyMS=500, serverListeners='[]', serverMonitorListeners='[]'}, sslSettings=SslSettings{enabled=false, invalidHostNameAllowed=false, context=null}, applicationName='null', compressorList=[], uuidRepresentation=UNSPECIFIED, serverApi=null, autoEncryptionSettings=null, dnsClient=null, inetAddressResolver=null, contextProvider=null}
[2025-12-03T07:00:51.469+0000] {spark_read_mongo_dag.py:57} ERROR - spark-submit stderr | 25/12/03 07:00:36 INFO cluster: No server chosen by ReadPreferenceServerSelector{readPreference=primary} from cluster description ClusterDescription{type=UNKNOWN, connectionMode=SINGLE, serverDescriptions=[ServerDescription{address=mongo:27017, type=UNKNOWN, state=CONNECTING}]}. Waiting for 30000 ms before timing out
[2025-12-03T07:00:51.470+0000] {spark_read_mongo_dag.py:57} ERROR - spark-submit stderr | 25/12/03 07:00:36 INFO cluster: Monitor thread successfully connected to server with description ServerDescription{address=mongo:27017, type=STANDALONE, state=CONNECTED, ok=true, minWireVersion=0, maxWireVersion=17, maxDocumentSize=16777216, logicalSessionTimeoutMinutes=30, roundTripTimeNanos=2042383}
[2025-12-03T07:00:51.470+0000] {spark_read_mongo_dag.py:57} ERROR - spark-submit stderr | 25/12/03 07:00:36 INFO Executor: Finished task 0.0 in stage 0.0 (TID 0). 1794 bytes result sent to driver
[2025-12-03T07:00:51.471+0000] {spark_read_mongo_dag.py:57} ERROR - spark-submit stderr | 25/12/03 07:00:36 INFO TaskSetManager: Finished task 0.0 in stage 0.0 (TID 0) in 358 ms on f4ba3cedf7c2 (executor driver) (1/1)
[2025-12-03T07:00:51.471+0000] {spark_read_mongo_dag.py:57} ERROR - spark-submit stderr | 25/12/03 07:00:36 INFO TaskSchedulerImpl: Removed TaskSet 0.0, whose tasks have all completed, from pool 
[2025-12-03T07:00:51.471+0000] {spark_read_mongo_dag.py:57} ERROR - spark-submit stderr | 25/12/03 07:00:36 INFO DAGScheduler: ResultStage 0 (count at NativeMethodAccessorImpl.java:0) finished in 0.948 s
[2025-12-03T07:00:51.472+0000] {spark_read_mongo_dag.py:57} ERROR - spark-submit stderr | 25/12/03 07:00:36 INFO DAGScheduler: Job 0 is finished. Cancelling potential speculative or zombie tasks for this job
[2025-12-03T07:00:51.472+0000] {spark_read_mongo_dag.py:57} ERROR - spark-submit stderr | 25/12/03 07:00:36 INFO TaskSchedulerImpl: Killing all running tasks in stage 0: Stage finished
[2025-12-03T07:00:51.472+0000] {spark_read_mongo_dag.py:57} ERROR - spark-submit stderr | 25/12/03 07:00:36 INFO DAGScheduler: Job 0 finished: count at NativeMethodAccessorImpl.java:0, took 1.067601 s
[2025-12-03T07:00:51.473+0000] {spark_read_mongo_dag.py:57} ERROR - spark-submit stderr | 25/12/03 07:00:37 INFO V2ScanRelationPushDown: 
[2025-12-03T07:00:51.473+0000] {spark_read_mongo_dag.py:57} ERROR - spark-submit stderr | Output: 
[2025-12-03T07:00:51.474+0000] {spark_read_mongo_dag.py:57} ERROR - spark-submit stderr |          
[2025-12-03T07:00:51.474+0000] {spark_read_mongo_dag.py:57} ERROR - spark-submit stderr | 25/12/03 07:00:37 INFO Partitioner: Getting collection stats for: ai_segmentation.conversations
[2025-12-03T07:00:51.474+0000] {spark_read_mongo_dag.py:57} ERROR - spark-submit stderr | 25/12/03 07:00:37 INFO client: MongoClient with metadata {"driver": {"name": "mongo-java-driver|sync|mongo-spark-connector|source", "version": "4.11.2|10.1.1"}, "os": {"type": "Linux", "name": "Linux", "architecture": "amd64", "version": "6.6.87.2-microsoft-standard-WSL2"}, "platform": "Java/Debian/17.0.17+10-Debian-1deb12u1|Scala/2.12.17/Spark/3.4.1"} created with settings MongoClientSettings{readPreference=primary, writeConcern=WriteConcern{w=null, wTimeout=null ms, journal=null}, retryWrites=true, retryReads=true, readConcern=ReadConcern{level=null}, credential=MongoCredential{mechanism=null, userName='admin', source='admin', password=<hidden>, mechanismProperties=<hidden>}, transportSettings=null, streamFactoryFactory=null, commandListeners=[], codecRegistry=ProvidersCodecRegistry{codecProviders=[ValueCodecProvider{}, BsonValueCodecProvider{}, DBRefCodecProvider{}, DBObjectCodecProvider{}, DocumentCodecProvider{}, CollectionCodecProvider{}, IterableCodecProvider{}, MapCodecProvider{}, GeoJsonCodecProvider{}, GridFSFileCodecProvider{}, Jsr310CodecProvider{}, JsonObjectCodecProvider{}, BsonCodecProvider{}, EnumCodecProvider{}, com.mongodb.client.model.mql.ExpressionCodecProvider@40701000, com.mongodb.Jep395RecordCodecProvider@714f8f4f, com.mongodb.KotlinCodecProvider@2e30c724]}, loggerSettings=LoggerSettings{maxDocumentLength=1000}, clusterSettings={hosts=[mongo:27017], srvServiceName=mongodb, mode=SINGLE, requiredClusterType=UNKNOWN, requiredReplicaSetName='null', serverSelector='null', clusterListeners='[]', serverSelectionTimeout='30000 ms', localThreshold='15 ms'}, socketSettings=SocketSettings{connectTimeoutMS=10000, readTimeoutMS=0, receiveBufferSize=0, proxySettings=ProxySettings{host=null, port=null, username=null, password=null}}, heartbeatSocketSettings=SocketSettings{connectTimeoutMS=10000, readTimeoutMS=10000, receiveBufferSize=0, proxySettings=ProxySettings{host=null, port=null, username=null, password=null}}, connectionPoolSettings=ConnectionPoolSettings{maxSize=100, minSize=0, maxWaitTimeMS=120000, maxConnectionLifeTimeMS=0, maxConnectionIdleTimeMS=0, maintenanceInitialDelayMS=0, maintenanceFrequencyMS=60000, connectionPoolListeners=[], maxConnecting=2}, serverSettings=ServerSettings{heartbeatFrequencyMS=10000, minHeartbeatFrequencyMS=500, serverListeners='[]', serverMonitorListeners='[]'}, sslSettings=SslSettings{enabled=false, invalidHostNameAllowed=false, context=null}, applicationName='null', compressorList=[], uuidRepresentation=UNSPECIFIED, serverApi=null, autoEncryptionSettings=null, dnsClient=null, inetAddressResolver=null, contextProvider=null}
[2025-12-03T07:00:51.475+0000] {spark_read_mongo_dag.py:57} ERROR - spark-submit stderr | 25/12/03 07:00:37 INFO cluster: No server chosen by ReadPreferenceServerSelector{readPreference=primary} from cluster description ClusterDescription{type=UNKNOWN, connectionMode=SINGLE, serverDescriptions=[ServerDescription{address=mongo:27017, type=UNKNOWN, state=CONNECTING}]}. Waiting for 30000 ms before timing out
[2025-12-03T07:00:51.476+0000] {spark_read_mongo_dag.py:57} ERROR - spark-submit stderr | 25/12/03 07:00:37 INFO cluster: Monitor thread successfully connected to server with description ServerDescription{address=mongo:27017, type=STANDALONE, state=CONNECTED, ok=true, minWireVersion=0, maxWireVersion=17, maxDocumentSize=16777216, logicalSessionTimeoutMinutes=30, roundTripTimeNanos=1287652}
[2025-12-03T07:00:51.476+0000] {spark_read_mongo_dag.py:57} ERROR - spark-submit stderr | 25/12/03 07:00:37 INFO Partitioner: Could not find collection: conversations
[2025-12-03T07:00:51.477+0000] {spark_read_mongo_dag.py:57} ERROR - spark-submit stderr | 25/12/03 07:00:37 WARN Partitioner: Unable to get collection stats (collstats) returning a single partition.
[2025-12-03T07:00:51.477+0000] {spark_read_mongo_dag.py:57} ERROR - spark-submit stderr | 25/12/03 07:00:37 INFO Partitioner: Getting collection stats for: ai_segmentation.conversations
[2025-12-03T07:00:51.479+0000] {spark_read_mongo_dag.py:57} ERROR - spark-submit stderr | 25/12/03 07:00:37 INFO Partitioner: Could not find collection: conversations
[2025-12-03T07:00:51.480+0000] {spark_read_mongo_dag.py:57} ERROR - spark-submit stderr | 25/12/03 07:00:37 WARN Partitioner: Unable to get collection stats (collstats) returning a single partition.
[2025-12-03T07:00:51.480+0000] {spark_read_mongo_dag.py:57} ERROR - spark-submit stderr | 25/12/03 07:00:37 INFO CodeGenerator: Code generated in 7.3748 ms
[2025-12-03T07:00:51.481+0000] {spark_read_mongo_dag.py:57} ERROR - spark-submit stderr | 25/12/03 07:00:37 INFO SparkContext: Starting job: take at /opt/***/spark_jobs/mongo_pyspark.py:550
[2025-12-03T07:00:51.482+0000] {spark_read_mongo_dag.py:57} ERROR - spark-submit stderr | 25/12/03 07:00:37 INFO DAGScheduler: Got job 1 (take at /opt/***/spark_jobs/mongo_pyspark.py:550) with 1 output partitions
[2025-12-03T07:00:51.482+0000] {spark_read_mongo_dag.py:57} ERROR - spark-submit stderr | 25/12/03 07:00:37 INFO DAGScheduler: Final stage: ResultStage 1 (take at /opt/***/spark_jobs/mongo_pyspark.py:550)
[2025-12-03T07:00:51.487+0000] {spark_read_mongo_dag.py:57} ERROR - spark-submit stderr | 25/12/03 07:00:37 INFO DAGScheduler: Parents of final stage: List()
[2025-12-03T07:00:51.488+0000] {spark_read_mongo_dag.py:57} ERROR - spark-submit stderr | 25/12/03 07:00:37 INFO DAGScheduler: Missing parents: List()
[2025-12-03T07:00:51.489+0000] {spark_read_mongo_dag.py:57} ERROR - spark-submit stderr | 25/12/03 07:00:37 INFO DAGScheduler: Submitting ResultStage 1 (MapPartitionsRDD[7] at take at /opt/***/spark_jobs/mongo_pyspark.py:550), which has no missing parents
[2025-12-03T07:00:51.489+0000] {spark_read_mongo_dag.py:57} ERROR - spark-submit stderr | 25/12/03 07:00:37 INFO MemoryStore: Block broadcast_1 stored as values in memory (estimated size 9.7 KiB, free 434.4 MiB)
[2025-12-03T07:00:51.490+0000] {spark_read_mongo_dag.py:57} ERROR - spark-submit stderr | 25/12/03 07:00:37 INFO MemoryStore: Block broadcast_1_piece0 stored as bytes in memory (estimated size 4.9 KiB, free 434.4 MiB)
[2025-12-03T07:00:51.490+0000] {spark_read_mongo_dag.py:57} ERROR - spark-submit stderr | 25/12/03 07:00:37 INFO BlockManagerInfo: Added broadcast_1_piece0 in memory on f4ba3cedf7c2:36261 (size: 4.9 KiB, free: 434.4 MiB)
[2025-12-03T07:00:51.491+0000] {spark_read_mongo_dag.py:57} ERROR - spark-submit stderr | 25/12/03 07:00:37 INFO SparkContext: Created broadcast 1 from broadcast at DAGScheduler.scala:1535
[2025-12-03T07:00:51.491+0000] {spark_read_mongo_dag.py:57} ERROR - spark-submit stderr | 25/12/03 07:00:37 INFO DAGScheduler: Submitting 1 missing tasks from ResultStage 1 (MapPartitionsRDD[7] at take at /opt/***/spark_jobs/mongo_pyspark.py:550) (first 15 tasks are for partitions Vector(0))
[2025-12-03T07:00:51.492+0000] {spark_read_mongo_dag.py:57} ERROR - spark-submit stderr | 25/12/03 07:00:37 INFO TaskSchedulerImpl: Adding task set 1.0 with 1 tasks resource profile 0
[2025-12-03T07:00:51.495+0000] {spark_read_mongo_dag.py:57} ERROR - spark-submit stderr | 25/12/03 07:00:37 INFO TaskSetManager: Starting task 0.0 in stage 1.0 (TID 1) (f4ba3cedf7c2, executor driver, partition 0, PROCESS_LOCAL, 7619 bytes) 
[2025-12-03T07:00:51.496+0000] {spark_read_mongo_dag.py:57} ERROR - spark-submit stderr | 25/12/03 07:00:37 INFO Executor: Running task 0.0 in stage 1.0 (TID 1)
[2025-12-03T07:00:51.496+0000] {spark_read_mongo_dag.py:57} ERROR - spark-submit stderr | 25/12/03 07:00:37 INFO client: MongoClient with metadata {"driver": {"name": "mongo-java-driver|sync|mongo-spark-connector|source", "version": "4.11.2|10.1.1"}, "os": {"type": "Linux", "name": "Linux", "architecture": "amd64", "version": "6.6.87.2-microsoft-standard-WSL2"}, "platform": "Java/Debian/17.0.17+10-Debian-1deb12u1|Scala/2.12.17/Spark/3.4.1"} created with settings MongoClientSettings{readPreference=primary, writeConcern=WriteConcern{w=null, wTimeout=null ms, journal=null}, retryWrites=true, retryReads=true, readConcern=ReadConcern{level=null}, credential=MongoCredential{mechanism=null, userName='admin', source='admin', password=<hidden>, mechanismProperties=<hidden>}, transportSettings=null, streamFactoryFactory=null, commandListeners=[], codecRegistry=ProvidersCodecRegistry{codecProviders=[ValueCodecProvider{}, BsonValueCodecProvider{}, DBRefCodecProvider{}, DBObjectCodecProvider{}, DocumentCodecProvider{}, CollectionCodecProvider{}, IterableCodecProvider{}, MapCodecProvider{}, GeoJsonCodecProvider{}, GridFSFileCodecProvider{}, Jsr310CodecProvider{}, JsonObjectCodecProvider{}, BsonCodecProvider{}, EnumCodecProvider{}, com.mongodb.client.model.mql.ExpressionCodecProvider@40701000, com.mongodb.Jep395RecordCodecProvider@714f8f4f, com.mongodb.KotlinCodecProvider@2e30c724]}, loggerSettings=LoggerSettings{maxDocumentLength=1000}, clusterSettings={hosts=[mongo:27017], srvServiceName=mongodb, mode=SINGLE, requiredClusterType=UNKNOWN, requiredReplicaSetName='null', serverSelector='null', clusterListeners='[]', serverSelectionTimeout='30000 ms', localThreshold='15 ms'}, socketSettings=SocketSettings{connectTimeoutMS=10000, readTimeoutMS=0, receiveBufferSize=0, proxySettings=ProxySettings{host=null, port=null, username=null, password=null}}, heartbeatSocketSettings=SocketSettings{connectTimeoutMS=10000, readTimeoutMS=10000, receiveBufferSize=0, proxySettings=ProxySettings{host=null, port=null, username=null, password=null}}, connectionPoolSettings=ConnectionPoolSettings{maxSize=100, minSize=0, maxWaitTimeMS=120000, maxConnectionLifeTimeMS=0, maxConnectionIdleTimeMS=0, maintenanceInitialDelayMS=0, maintenanceFrequencyMS=60000, connectionPoolListeners=[], maxConnecting=2}, serverSettings=ServerSettings{heartbeatFrequencyMS=10000, minHeartbeatFrequencyMS=500, serverListeners='[]', serverMonitorListeners='[]'}, sslSettings=SslSettings{enabled=false, invalidHostNameAllowed=false, context=null}, applicationName='null', compressorList=[], uuidRepresentation=UNSPECIFIED, serverApi=null, autoEncryptionSettings=null, dnsClient=null, inetAddressResolver=null, contextProvider=null}
[2025-12-03T07:00:51.497+0000] {spark_read_mongo_dag.py:57} ERROR - spark-submit stderr | 25/12/03 07:00:37 INFO cluster: No server chosen by ReadPreferenceServerSelector{readPreference=primary} from cluster description ClusterDescription{type=UNKNOWN, connectionMode=SINGLE, serverDescriptions=[ServerDescription{address=mongo:27017, type=UNKNOWN, state=CONNECTING}]}. Waiting for 30000 ms before timing out
[2025-12-03T07:00:51.497+0000] {spark_read_mongo_dag.py:57} ERROR - spark-submit stderr | 25/12/03 07:00:37 INFO cluster: Monitor thread successfully connected to server with description ServerDescription{address=mongo:27017, type=STANDALONE, state=CONNECTED, ok=true, minWireVersion=0, maxWireVersion=17, maxDocumentSize=16777216, logicalSessionTimeoutMinutes=30, roundTripTimeNanos=1464960}
[2025-12-03T07:00:51.497+0000] {spark_read_mongo_dag.py:57} ERROR - spark-submit stderr | 25/12/03 07:00:37 INFO Executor: Finished task 0.0 in stage 1.0 (TID 1). 1452 bytes result sent to driver
[2025-12-03T07:00:51.498+0000] {spark_read_mongo_dag.py:57} ERROR - spark-submit stderr | 25/12/03 07:00:37 INFO TaskSetManager: Finished task 0.0 in stage 1.0 (TID 1) in 37 ms on f4ba3cedf7c2 (executor driver) (1/1)
[2025-12-03T07:00:51.498+0000] {spark_read_mongo_dag.py:57} ERROR - spark-submit stderr | 25/12/03 07:00:37 INFO TaskSchedulerImpl: Removed TaskSet 1.0, whose tasks have all completed, from pool 
[2025-12-03T07:00:51.499+0000] {spark_read_mongo_dag.py:57} ERROR - spark-submit stderr | 25/12/03 07:00:37 INFO DAGScheduler: ResultStage 1 (take at /opt/***/spark_jobs/mongo_pyspark.py:550) finished in 0.047 s
[2025-12-03T07:00:51.499+0000] {spark_read_mongo_dag.py:57} ERROR - spark-submit stderr | 25/12/03 07:00:37 INFO DAGScheduler: Job 1 is finished. Cancelling potential speculative or zombie tasks for this job
[2025-12-03T07:00:51.500+0000] {spark_read_mongo_dag.py:57} ERROR - spark-submit stderr | 25/12/03 07:00:37 INFO TaskSchedulerImpl: Killing all running tasks in stage 1: Stage finished
[2025-12-03T07:00:51.500+0000] {spark_read_mongo_dag.py:57} ERROR - spark-submit stderr | 25/12/03 07:00:37 INFO DAGScheduler: Job 1 finished: take at /opt/***/spark_jobs/mongo_pyspark.py:550, took 0.050952 s
[2025-12-03T07:00:51.501+0000] {spark_read_mongo_dag.py:57} ERROR - spark-submit stderr | 25/12/03 07:00:40 WARN AbstractS3ACommitterFactory: Using standard FileOutputCommitter to commit work. This is slow and potentially unsafe.
[2025-12-03T07:00:51.501+0000] {spark_read_mongo_dag.py:57} ERROR - spark-submit stderr | 25/12/03 07:00:40 INFO FileOutputCommitter: File Output Committer Algorithm version is 1
[2025-12-03T07:00:51.502+0000] {spark_read_mongo_dag.py:57} ERROR - spark-submit stderr | 25/12/03 07:00:40 INFO FileOutputCommitter: FileOutputCommitter skip cleanup _temporary folders under output directory:false, ignore cleanup failures: false
[2025-12-03T07:00:51.502+0000] {spark_read_mongo_dag.py:57} ERROR - spark-submit stderr | 25/12/03 07:00:40 INFO AbstractS3ACommitterFactory: Using Committer FileOutputCommitter{PathOutputCommitter{context=TaskAttemptContextImpl{JobContextImpl{jobId=job_202512030700405401763785943638624_0000}; taskId=attempt_202512030700405401763785943638624_0000_m_000000_0, status=''}; org.apache.hadoop.mapreduce.lib.output.FileOutputCommitter@6a37eea1}; outputPath=s3a://iceberg/ai_segmentation/conversations/_job_marker, workPath=s3a://iceberg/ai_segmentation/conversations/_job_marker/_temporary/0/_temporary/attempt_202512030700405401763785943638624_0000_m_000000_0, algorithmVersion=1, skipCleanup=false, ignoreCleanupFailures=false} for s3a://iceberg/ai_segmentation/conversations/_job_marker
[2025-12-03T07:00:51.503+0000] {spark_read_mongo_dag.py:57} ERROR - spark-submit stderr | 25/12/03 07:00:40 INFO SQLHadoopMapReduceCommitProtocol: Using output committer class org.apache.hadoop.mapreduce.lib.output.FileOutputCommitter
[2025-12-03T07:00:51.503+0000] {spark_read_mongo_dag.py:57} ERROR - spark-submit stderr | 25/12/03 07:00:41 INFO BlockManagerInfo: Removed broadcast_1_piece0 on f4ba3cedf7c2:36261 in memory (size: 4.9 KiB, free: 434.4 MiB)
[2025-12-03T07:00:51.503+0000] {spark_read_mongo_dag.py:57} ERROR - spark-submit stderr | 25/12/03 07:00:41 INFO BlockManagerInfo: Removed broadcast_0_piece0 on f4ba3cedf7c2:36261 in memory (size: 5.7 KiB, free: 434.4 MiB)
[2025-12-03T07:00:51.504+0000] {spark_read_mongo_dag.py:57} ERROR - spark-submit stderr | 25/12/03 07:00:41 INFO CodeGenerator: Code generated in 27.723429 ms
[2025-12-03T07:00:51.505+0000] {spark_read_mongo_dag.py:57} ERROR - spark-submit stderr | 25/12/03 07:00:41 INFO SparkContext: Starting job: csv at NativeMethodAccessorImpl.java:0
[2025-12-03T07:00:51.505+0000] {spark_read_mongo_dag.py:57} ERROR - spark-submit stderr | 25/12/03 07:00:41 INFO DAGScheduler: Got job 2 (csv at NativeMethodAccessorImpl.java:0) with 1 output partitions
[2025-12-03T07:00:51.506+0000] {spark_read_mongo_dag.py:57} ERROR - spark-submit stderr | 25/12/03 07:00:41 INFO DAGScheduler: Final stage: ResultStage 2 (csv at NativeMethodAccessorImpl.java:0)
[2025-12-03T07:00:51.506+0000] {spark_read_mongo_dag.py:57} ERROR - spark-submit stderr | 25/12/03 07:00:41 INFO DAGScheduler: Parents of final stage: List()
[2025-12-03T07:00:51.506+0000] {spark_read_mongo_dag.py:57} ERROR - spark-submit stderr | 25/12/03 07:00:41 INFO DAGScheduler: Missing parents: List()
[2025-12-03T07:00:51.507+0000] {spark_read_mongo_dag.py:57} ERROR - spark-submit stderr | 25/12/03 07:00:41 INFO DAGScheduler: Submitting ResultStage 2 (MapPartitionsRDD[15] at csv at NativeMethodAccessorImpl.java:0), which has no missing parents
[2025-12-03T07:00:51.508+0000] {spark_read_mongo_dag.py:57} ERROR - spark-submit stderr | 25/12/03 07:00:41 INFO MemoryStore: Block broadcast_2 stored as values in memory (estimated size 220.7 KiB, free 434.2 MiB)
[2025-12-03T07:00:51.508+0000] {spark_read_mongo_dag.py:57} ERROR - spark-submit stderr | 25/12/03 07:00:41 INFO MemoryStore: Block broadcast_2_piece0 stored as bytes in memory (estimated size 80.9 KiB, free 434.1 MiB)
[2025-12-03T07:00:51.509+0000] {spark_read_mongo_dag.py:57} ERROR - spark-submit stderr | 25/12/03 07:00:41 INFO BlockManagerInfo: Added broadcast_2_piece0 in memory on f4ba3cedf7c2:36261 (size: 80.9 KiB, free: 434.3 MiB)
[2025-12-03T07:00:51.509+0000] {spark_read_mongo_dag.py:57} ERROR - spark-submit stderr | 25/12/03 07:00:41 INFO SparkContext: Created broadcast 2 from broadcast at DAGScheduler.scala:1535
[2025-12-03T07:00:51.510+0000] {spark_read_mongo_dag.py:57} ERROR - spark-submit stderr | 25/12/03 07:00:41 INFO DAGScheduler: Submitting 1 missing tasks from ResultStage 2 (MapPartitionsRDD[15] at csv at NativeMethodAccessorImpl.java:0) (first 15 tasks are for partitions Vector(0))
[2025-12-03T07:00:51.510+0000] {spark_read_mongo_dag.py:57} ERROR - spark-submit stderr | 25/12/03 07:00:41 INFO TaskSchedulerImpl: Adding task set 2.0 with 1 tasks resource profile 0
[2025-12-03T07:00:51.511+0000] {spark_read_mongo_dag.py:57} ERROR - spark-submit stderr | 25/12/03 07:00:41 INFO TaskSetManager: Starting task 0.0 in stage 2.0 (TID 2) (f4ba3cedf7c2, executor driver, partition 0, PROCESS_LOCAL, 7892 bytes) 
[2025-12-03T07:00:51.511+0000] {spark_read_mongo_dag.py:57} ERROR - spark-submit stderr | 25/12/03 07:00:41 INFO Executor: Running task 0.0 in stage 2.0 (TID 2)
[2025-12-03T07:00:51.512+0000] {spark_read_mongo_dag.py:57} ERROR - spark-submit stderr | 25/12/03 07:00:41 WARN AbstractS3ACommitterFactory: Using standard FileOutputCommitter to commit work. This is slow and potentially unsafe.
[2025-12-03T07:00:51.512+0000] {spark_read_mongo_dag.py:57} ERROR - spark-submit stderr | 25/12/03 07:00:41 INFO FileOutputCommitter: File Output Committer Algorithm version is 1
[2025-12-03T07:00:51.513+0000] {spark_read_mongo_dag.py:57} ERROR - spark-submit stderr | 25/12/03 07:00:41 INFO FileOutputCommitter: FileOutputCommitter skip cleanup _temporary folders under output directory:false, ignore cleanup failures: false
[2025-12-03T07:00:51.513+0000] {spark_read_mongo_dag.py:57} ERROR - spark-submit stderr | 25/12/03 07:00:41 INFO AbstractS3ACommitterFactory: Using Committer FileOutputCommitter{PathOutputCommitter{context=TaskAttemptContextImpl{JobContextImpl{jobId=job_20251203070041771351702560161162_0002}; taskId=attempt_20251203070041771351702560161162_0002_m_000000_2, status=''}; org.apache.hadoop.mapreduce.lib.output.FileOutputCommitter@6295d14f}; outputPath=s3a://iceberg/ai_segmentation/conversations/_job_marker, workPath=s3a://iceberg/ai_segmentation/conversations/_job_marker/_temporary/0/_temporary/attempt_20251203070041771351702560161162_0002_m_000000_2, algorithmVersion=1, skipCleanup=false, ignoreCleanupFailures=false} for s3a://iceberg/ai_segmentation/conversations/_job_marker
[2025-12-03T07:00:51.514+0000] {spark_read_mongo_dag.py:57} ERROR - spark-submit stderr | 25/12/03 07:00:41 INFO SQLHadoopMapReduceCommitProtocol: Using output committer class org.apache.hadoop.mapreduce.lib.output.FileOutputCommitter
[2025-12-03T07:00:51.514+0000] {spark_read_mongo_dag.py:57} ERROR - spark-submit stderr | 25/12/03 07:00:47 INFO PythonRunner: Times: total = 3512, boot = 3461, init = 51, finish = 0
[2025-12-03T07:00:51.515+0000] {spark_read_mongo_dag.py:57} ERROR - spark-submit stderr | 25/12/03 07:00:47 INFO PythonRunner: Times: total = 61, boot = 61, init = 0, finish = 0
[2025-12-03T07:00:51.515+0000] {spark_read_mongo_dag.py:57} ERROR - spark-submit stderr | 25/12/03 07:00:47 INFO PythonRunner: Times: total = 42, boot = 6, init = 36, finish = 0
[2025-12-03T07:00:51.516+0000] {spark_read_mongo_dag.py:57} ERROR - spark-submit stderr | 25/12/03 07:00:47 INFO PythonRunner: Times: total = 43, boot = 7, init = 36, finish = 0
[2025-12-03T07:00:51.516+0000] {spark_read_mongo_dag.py:57} ERROR - spark-submit stderr | 25/12/03 07:00:47 INFO PythonRunner: Times: total = 43, boot = 8, init = 35, finish = 0
[2025-12-03T07:00:51.517+0000] {spark_read_mongo_dag.py:57} ERROR - spark-submit stderr | 25/12/03 07:00:47 INFO PythonRunner: Times: total = 43, boot = 7, init = 36, finish = 0
[2025-12-03T07:00:51.517+0000] {spark_read_mongo_dag.py:57} ERROR - spark-submit stderr | 25/12/03 07:00:47 INFO PythonRunner: Times: total = 47, boot = 10, init = 37, finish = 0
[2025-12-03T07:00:51.518+0000] {spark_read_mongo_dag.py:57} ERROR - spark-submit stderr | 25/12/03 07:00:47 INFO PythonRunner: Times: total = 43, boot = 8, init = 35, finish = 0
[2025-12-03T07:00:51.519+0000] {spark_read_mongo_dag.py:57} ERROR - spark-submit stderr | 25/12/03 07:00:49 INFO FileOutputCommitter: Saved output of task 'attempt_20251203070041771351702560161162_0002_m_000000_2' to s3a://iceberg/ai_segmentation/conversations/_job_marker/_temporary/0/task_20251203070041771351702560161162_0002_m_000000
[2025-12-03T07:00:51.519+0000] {spark_read_mongo_dag.py:57} ERROR - spark-submit stderr | 25/12/03 07:00:49 INFO SparkHadoopMapRedUtil: attempt_20251203070041771351702560161162_0002_m_000000_2: Committed. Elapsed time: 1193 ms.
[2025-12-03T07:00:51.520+0000] {spark_read_mongo_dag.py:57} ERROR - spark-submit stderr | 25/12/03 07:00:49 INFO Executor: Finished task 0.0 in stage 2.0 (TID 2). 2961 bytes result sent to driver
[2025-12-03T07:00:51.520+0000] {spark_read_mongo_dag.py:57} ERROR - spark-submit stderr | 25/12/03 07:00:49 INFO TaskSetManager: Finished task 0.0 in stage 2.0 (TID 2) in 7922 ms on f4ba3cedf7c2 (executor driver) (1/1)
[2025-12-03T07:00:51.520+0000] {spark_read_mongo_dag.py:57} ERROR - spark-submit stderr | 25/12/03 07:00:49 INFO TaskSchedulerImpl: Removed TaskSet 2.0, whose tasks have all completed, from pool 
[2025-12-03T07:00:51.521+0000] {spark_read_mongo_dag.py:57} ERROR - spark-submit stderr | 25/12/03 07:00:49 INFO PythonAccumulatorV2: Connected to AccumulatorServer at host: 127.0.0.1 port: 53839
[2025-12-03T07:00:51.522+0000] {spark_read_mongo_dag.py:57} ERROR - spark-submit stderr | 25/12/03 07:00:49 INFO DAGScheduler: ResultStage 2 (csv at NativeMethodAccessorImpl.java:0) finished in 8.250 s
[2025-12-03T07:00:51.522+0000] {spark_read_mongo_dag.py:57} ERROR - spark-submit stderr | 25/12/03 07:00:49 INFO DAGScheduler: Job 2 is finished. Cancelling potential speculative or zombie tasks for this job
[2025-12-03T07:00:51.523+0000] {spark_read_mongo_dag.py:57} ERROR - spark-submit stderr | 25/12/03 07:00:49 INFO TaskSchedulerImpl: Killing all running tasks in stage 2: Stage finished
[2025-12-03T07:00:51.523+0000] {spark_read_mongo_dag.py:57} ERROR - spark-submit stderr | 25/12/03 07:00:49 INFO DAGScheduler: Job 2 finished: csv at NativeMethodAccessorImpl.java:0, took 8.268035 s
[2025-12-03T07:00:51.524+0000] {spark_read_mongo_dag.py:57} ERROR - spark-submit stderr | 25/12/03 07:00:49 INFO FileFormatWriter: Start to commit write Job 3f0534f9-aea4-4cbf-921e-af9f86221e33.
[2025-12-03T07:00:51.524+0000] {spark_read_mongo_dag.py:57} ERROR - spark-submit stderr | 25/12/03 07:00:50 INFO FileFormatWriter: Write Job 3f0534f9-aea4-4cbf-921e-af9f86221e33 committed. Elapsed time: 716 ms.
[2025-12-03T07:00:51.524+0000] {spark_read_mongo_dag.py:57} ERROR - spark-submit stderr | 25/12/03 07:00:50 INFO FileFormatWriter: Finished processing stats for write job 3f0534f9-aea4-4cbf-921e-af9f86221e33.
[2025-12-03T07:00:51.525+0000] {spark_read_mongo_dag.py:57} ERROR - spark-submit stderr | 25/12/03 07:00:50 INFO SparkContext: SparkContext is stopping with exitCode 0.
[2025-12-03T07:00:51.525+0000] {spark_read_mongo_dag.py:57} ERROR - spark-submit stderr | 25/12/03 07:00:50 INFO SparkUI: Stopped Spark web UI at http://f4ba3cedf7c2:4040
[2025-12-03T07:00:51.526+0000] {spark_read_mongo_dag.py:57} ERROR - spark-submit stderr | 25/12/03 07:00:50 INFO MapOutputTrackerMasterEndpoint: MapOutputTrackerMasterEndpoint stopped!
[2025-12-03T07:00:51.526+0000] {spark_read_mongo_dag.py:57} ERROR - spark-submit stderr | 25/12/03 07:00:50 INFO MemoryStore: MemoryStore cleared
[2025-12-03T07:00:51.527+0000] {spark_read_mongo_dag.py:57} ERROR - spark-submit stderr | 25/12/03 07:00:50 INFO BlockManager: BlockManager stopped
[2025-12-03T07:00:51.527+0000] {spark_read_mongo_dag.py:57} ERROR - spark-submit stderr | 25/12/03 07:00:50 INFO BlockManagerMaster: BlockManagerMaster stopped
[2025-12-03T07:00:51.527+0000] {spark_read_mongo_dag.py:57} ERROR - spark-submit stderr | 25/12/03 07:00:50 INFO OutputCommitCoordinator$OutputCommitCoordinatorEndpoint: OutputCommitCoordinator stopped!
[2025-12-03T07:00:51.528+0000] {spark_read_mongo_dag.py:57} ERROR - spark-submit stderr | 25/12/03 07:00:50 INFO SparkContext: Successfully stopped SparkContext
[2025-12-03T07:00:51.528+0000] {spark_read_mongo_dag.py:57} ERROR - spark-submit stderr | 25/12/03 07:00:51 INFO ShutdownHookManager: Shutdown hook called
[2025-12-03T07:00:51.529+0000] {spark_read_mongo_dag.py:57} ERROR - spark-submit stderr | 25/12/03 07:00:51 INFO ShutdownHookManager: Deleting directory /tmp/spark-490b0383-88f8-4b20-a73c-e787523cdc95/pyspark-963b7308-ec6a-450e-8ee5-cc411053876c
[2025-12-03T07:00:51.529+0000] {spark_read_mongo_dag.py:57} ERROR - spark-submit stderr | 25/12/03 07:00:51 INFO ShutdownHookManager: Deleting directory /tmp/spark-a3639d5b-26d0-408c-8fb9-9a29bccabad2
[2025-12-03T07:00:51.529+0000] {spark_read_mongo_dag.py:57} ERROR - spark-submit stderr | 25/12/03 07:00:51 INFO ShutdownHookManager: Deleting directory /tmp/spark-490b0383-88f8-4b20-a73c-e787523cdc95
[2025-12-03T07:00:51.530+0000] {spark_read_mongo_dag.py:57} ERROR - spark-submit stderr | 25/12/03 07:00:51 INFO MetricsSystemImpl: Stopping s3a-file-system metrics system...
[2025-12-03T07:00:51.530+0000] {spark_read_mongo_dag.py:57} ERROR - spark-submit stderr | 25/12/03 07:00:51 INFO MetricsSystemImpl: s3a-file-system metrics system stopped.
[2025-12-03T07:00:51.531+0000] {spark_read_mongo_dag.py:57} ERROR - spark-submit stderr | 25/12/03 07:00:51 INFO MetricsSystemImpl: s3a-file-system metrics system shutdown complete.
[2025-12-03T07:00:51.531+0000] {spark_read_mongo_dag.py:60} INFO - END run_spark_job SUCCESS
[2025-12-03T07:00:51.532+0000] {python.py:237} INFO - Done. Returned value was: None
[2025-12-03T07:00:51.535+0000] {taskinstance.py:441} INFO - ::group::Post task execution logs
[2025-12-03T07:00:51.574+0000] {taskinstance.py:1206} INFO - Marking task as SUCCESS. dag_id=mongo_iceberg_dag, task_id=run_mongo_to_iceberg, run_id=manual__2025-12-03T06:59:58.078440+00:00, execution_date=20251203T065958, start_date=20251203T065959, end_date=20251203T070051
[2025-12-03T07:00:51.789+0000] {local_task_job_runner.py:240} INFO - Task exited with return code 0
[2025-12-03T07:00:51.898+0000] {taskinstance.py:3503} INFO - 0 downstream tasks scheduled from follow-on schedule check
[2025-12-03T07:00:51.982+0000] {local_task_job_runner.py:222} INFO - ::endgroup::
