[2025-12-08T11:48:17.925+0000] {local_task_job_runner.py:120} INFO - ::group::Pre task execution logs
[2025-12-08T11:48:17.962+0000] {taskinstance.py:2076} INFO - Dependencies all met for dep_context=non-requeueable deps ti=<TaskInstance: mongo_iceberg_dremio_dagg.query_dremio_tables manual__2025-12-08T11:46:39.215905+00:00 [queued]>
[2025-12-08T11:48:17.974+0000] {taskinstance.py:2076} INFO - Dependencies all met for dep_context=requeueable deps ti=<TaskInstance: mongo_iceberg_dremio_dagg.query_dremio_tables manual__2025-12-08T11:46:39.215905+00:00 [queued]>
[2025-12-08T11:48:17.975+0000] {taskinstance.py:2306} INFO - Starting attempt 1 of 2
[2025-12-08T11:48:18.070+0000] {taskinstance.py:2330} INFO - Executing <Task(PythonOperator): query_dremio_tables> on 2025-12-08 11:46:39.215905+00:00
[2025-12-08T11:48:18.078+0000] {standard_task_runner.py:63} INFO - Started process 837 to run task
[2025-12-08T11:48:18.084+0000] {standard_task_runner.py:90} INFO - Running: ['***', 'tasks', 'run', 'mongo_iceberg_dremio_dagg', 'query_dremio_tables', 'manual__2025-12-08T11:46:39.215905+00:00', '--job-id', '128', '--raw', '--subdir', 'DAGS_FOLDER/spark_read_mongo_dag.py', '--cfg-path', '/tmp/tmprftpoeed']
[2025-12-08T11:48:18.088+0000] {standard_task_runner.py:91} INFO - Job 128: Subtask query_dremio_tables
[2025-12-08T11:48:18.208+0000] {task_command.py:426} INFO - Running <TaskInstance: mongo_iceberg_dremio_dagg.query_dremio_tables manual__2025-12-08T11:46:39.215905+00:00 [running]> on host 890929a34e0d
[2025-12-08T11:48:18.390+0000] {taskinstance.py:2648} INFO - Exporting env vars: AIRFLOW_CTX_DAG_OWNER='deeku' AIRFLOW_CTX_DAG_ID='mongo_iceberg_dremio_dagg' AIRFLOW_CTX_TASK_ID='query_dremio_tables' AIRFLOW_CTX_EXECUTION_DATE='2025-12-08T11:46:39.215905+00:00' AIRFLOW_CTX_TRY_NUMBER='1' AIRFLOW_CTX_DAG_RUN_ID='manual__2025-12-08T11:46:39.215905+00:00'
[2025-12-08T11:48:18.391+0000] {taskinstance.py:430} INFO - ::endgroup::
[2025-12-08T11:48:18.406+0000] {spark_read_mongo_dag.py:578} INFO - === Querying Dremio Tables ===
[2025-12-08T11:48:18.407+0000] {spark_read_mongo_dag.py:601} INFO - Executing query: SHOW SCHEMAS IN "iceberg"
[2025-12-08T11:48:18.480+0000] {spark_read_mongo_dag.py:509} INFO - Submitting query to Dremio: SHOW SCHEMAS IN "iceberg"...
[2025-12-08T11:48:18.528+0000] {spark_read_mongo_dag.py:526} INFO - Dremio job started: 16c944fd-57cb-1459-60e3-0393b033e000
[2025-12-08T11:48:48.991+0000] {spark_read_mongo_dag.py:567} ERROR - Error executing Dremio query: Timed out waiting for Dremio job 16c944fd-57cb-1459-60e3-0393b033e000 to finish after 30 seconds
[2025-12-08T11:48:48.992+0000] {spark_read_mongo_dag.py:634} WARNING - Query timed out: SHOW SCHEMAS IN "iceberg"
[2025-12-08T11:48:48.993+0000] {spark_read_mongo_dag.py:601} INFO - Executing query: SHOW TABLES IN "iceberg"
[2025-12-08T11:48:49.075+0000] {spark_read_mongo_dag.py:509} INFO - Submitting query to Dremio: SHOW TABLES IN "iceberg"...
[2025-12-08T11:48:49.098+0000] {spark_read_mongo_dag.py:526} INFO - Dremio job started: 16c944de-2324-4cdb-14c1-5cd5e54ca000
[2025-12-08T11:49:19.574+0000] {spark_read_mongo_dag.py:567} ERROR - Error executing Dremio query: Timed out waiting for Dremio job 16c944de-2324-4cdb-14c1-5cd5e54ca000 to finish after 30 seconds
[2025-12-08T11:49:19.575+0000] {spark_read_mongo_dag.py:634} WARNING - Query timed out: SHOW TABLES IN "iceberg"
[2025-12-08T11:49:19.576+0000] {spark_read_mongo_dag.py:601} INFO - Executing query: SHOW TABLES IN "iceberg"."ai_segmentation"
[2025-12-08T11:49:19.655+0000] {spark_read_mongo_dag.py:509} INFO - Submitting query to Dremio: SHOW TABLES IN "iceberg"."ai_segmentation"...
[2025-12-08T11:49:19.671+0000] {spark_read_mongo_dag.py:526} INFO - Dremio job started: 16c944bf-9bb8-d9db-7381-258d70562e00
[2025-12-08T11:49:50.074+0000] {spark_read_mongo_dag.py:567} ERROR - Error executing Dremio query: Timed out waiting for Dremio job 16c944bf-9bb8-d9db-7381-258d70562e00 to finish after 30 seconds
[2025-12-08T11:49:50.075+0000] {spark_read_mongo_dag.py:634} WARNING - Query timed out: SHOW TABLES IN "iceberg"."ai_segmentation"
[2025-12-08T11:49:50.076+0000] {spark_read_mongo_dag.py:601} INFO - Executing query: SELECT COUNT(*) as row_count FROM "iceberg"."ai_segmentation"."conversations"
[2025-12-08T11:49:50.172+0000] {spark_read_mongo_dag.py:509} INFO - Submitting query to Dremio: SELECT COUNT(*) as row_count FROM "iceberg"."ai_segmentation"."conversations"...
[2025-12-08T11:49:50.200+0000] {spark_read_mongo_dag.py:526} INFO - Dremio job started: 16c944a1-4045-2490-bde1-19b2a748c300
[2025-12-08T11:50:20.692+0000] {spark_read_mongo_dag.py:567} ERROR - Error executing Dremio query: Timed out waiting for Dremio job 16c944a1-4045-2490-bde1-19b2a748c300 to finish after 30 seconds
[2025-12-08T11:50:20.694+0000] {spark_read_mongo_dag.py:634} WARNING - Query timed out: SELECT COUNT(*) as row_count FROM "iceberg"."ai_segmentation"."conversations"
[2025-12-08T11:50:20.696+0000] {spark_read_mongo_dag.py:601} INFO - Executing query: SELECT * FROM "iceberg"."ai_segmentation"."conversations" LIMIT 5
[2025-12-08T11:50:20.776+0000] {spark_read_mongo_dag.py:509} INFO - Submitting query to Dremio: SELECT * FROM "iceberg"."ai_segmentation"."conversations" LIMIT 5...
[2025-12-08T11:50:20.790+0000] {spark_read_mongo_dag.py:526} INFO - Dremio job started: 16c94483-2912-0f3b-a905-22a1349b0e00
[2025-12-08T11:50:51.190+0000] {spark_read_mongo_dag.py:567} ERROR - Error executing Dremio query: Timed out waiting for Dremio job 16c94483-2912-0f3b-a905-22a1349b0e00 to finish after 30 seconds
[2025-12-08T11:50:51.191+0000] {spark_read_mongo_dag.py:634} WARNING - Query timed out: SELECT * FROM "iceberg"."ai_segmentation"."conversations" LIMIT 5
[2025-12-08T11:50:51.191+0000] {spark_read_mongo_dag.py:650} INFO - === All Query Attempts Summary ===
[2025-12-08T11:50:51.192+0000] {spark_read_mongo_dag.py:653} INFO - [✗] 1. SHOW SCHEMAS IN "iceberg"
[2025-12-08T11:50:51.193+0000] {spark_read_mongo_dag.py:655} INFO -    Error: Timeout
[2025-12-08T11:50:51.193+0000] {spark_read_mongo_dag.py:653} INFO - [✗] 2. SHOW TABLES IN "iceberg"
[2025-12-08T11:50:51.193+0000] {spark_read_mongo_dag.py:655} INFO -    Error: Timeout
[2025-12-08T11:50:51.194+0000] {spark_read_mongo_dag.py:653} INFO - [✗] 3. SHOW TABLES IN "iceberg"."ai_segmentation"
[2025-12-08T11:50:51.194+0000] {spark_read_mongo_dag.py:655} INFO -    Error: Timeout
[2025-12-08T11:50:51.195+0000] {spark_read_mongo_dag.py:653} INFO - [✗] 4. SELECT COUNT(*) as row_count FROM "iceberg"."ai_segmentation"."conversations"
[2025-12-08T11:50:51.195+0000] {spark_read_mongo_dag.py:655} INFO -    Error: Timeout
[2025-12-08T11:50:51.195+0000] {spark_read_mongo_dag.py:653} INFO - [✗] 5. SELECT * FROM "iceberg"."ai_segmentation"."conversations" LIMIT 5
[2025-12-08T11:50:51.196+0000] {spark_read_mongo_dag.py:655} INFO -    Error: Timeout
[2025-12-08T11:50:51.238+0000] {python.py:237} INFO - Done. Returned value was: {'status': 'partial_success', 'total_queries': 5, 'successful': 0, 'failed': 5, 'results': [{'query': 'SHOW SCHEMAS IN "iceberg"', 'success': False, 'error': 'Timeout', 'message': 'Timed out waiting for Dremio job 16c944fd-57cb-1459-60e3-0393b033e000 to finish after 30 seconds'}, {'query': 'SHOW TABLES IN "iceberg"', 'success': False, 'error': 'Timeout', 'message': 'Timed out waiting for Dremio job 16c944de-2324-4cdb-14c1-5cd5e54ca000 to finish after 30 seconds'}, {'query': 'SHOW TABLES IN "iceberg"."ai_segmentation"', 'success': False, 'error': 'Timeout', 'message': 'Timed out waiting for Dremio job 16c944bf-9bb8-d9db-7381-258d70562e00 to finish after 30 seconds'}, {'query': 'SELECT COUNT(*) as row_count FROM "iceberg"."ai_segmentation"."conversations"', 'success': False, 'error': 'Timeout', 'message': 'Timed out waiting for Dremio job 16c944a1-4045-2490-bde1-19b2a748c300 to finish after 30 seconds'}, {'query': 'SELECT * FROM "iceberg"."ai_segmentation"."conversations" LIMIT 5', 'success': False, 'error': 'Timeout', 'message': 'Timed out waiting for Dremio job 16c94483-2912-0f3b-a905-22a1349b0e00 to finish after 30 seconds'}]}
[2025-12-08T11:50:51.239+0000] {taskinstance.py:441} INFO - ::group::Post task execution logs
[2025-12-08T11:50:51.312+0000] {taskinstance.py:1206} INFO - Marking task as SUCCESS. dag_id=mongo_iceberg_dremio_dagg, task_id=query_dremio_tables, run_id=manual__2025-12-08T11:46:39.215905+00:00, execution_date=20251208T114639, start_date=20251208T114817, end_date=20251208T115051
[2025-12-08T11:50:51.441+0000] {local_task_job_runner.py:240} INFO - Task exited with return code 0
[2025-12-08T11:50:51.477+0000] {taskinstance.py:3503} INFO - 0 downstream tasks scheduled from follow-on schedule check
[2025-12-08T11:50:51.504+0000] {local_task_job_runner.py:222} INFO - ::endgroup::
