[2025-12-08T12:11:49.100+0000] {local_task_job_runner.py:120} INFO - ::group::Pre task execution logs
[2025-12-08T12:11:49.140+0000] {taskinstance.py:2076} INFO - Dependencies all met for dep_context=non-requeueable deps ti=<TaskInstance: mongo_iceberg_dremio_dagg.query_dremio_tables manual__2025-12-08T12:05:40.114720+00:00 [queued]>
[2025-12-08T12:11:49.149+0000] {taskinstance.py:2076} INFO - Dependencies all met for dep_context=requeueable deps ti=<TaskInstance: mongo_iceberg_dremio_dagg.query_dremio_tables manual__2025-12-08T12:05:40.114720+00:00 [queued]>
[2025-12-08T12:11:49.150+0000] {taskinstance.py:2306} INFO - Starting attempt 1 of 2
[2025-12-08T12:11:49.242+0000] {taskinstance.py:2330} INFO - Executing <Task(PythonOperator): query_dremio_tables> on 2025-12-08 12:05:40.114720+00:00
[2025-12-08T12:11:49.248+0000] {standard_task_runner.py:63} INFO - Started process 1525 to run task
[2025-12-08T12:11:49.252+0000] {standard_task_runner.py:90} INFO - Running: ['***', 'tasks', 'run', 'mongo_iceberg_dremio_dagg', 'query_dremio_tables', 'manual__2025-12-08T12:05:40.114720+00:00', '--job-id', '144', '--raw', '--subdir', 'DAGS_FOLDER/spark_read_mongo_dag.py', '--cfg-path', '/tmp/tmpmco88e7u']
[2025-12-08T12:11:49.256+0000] {standard_task_runner.py:91} INFO - Job 144: Subtask query_dremio_tables
[2025-12-08T12:11:49.518+0000] {task_command.py:426} INFO - Running <TaskInstance: mongo_iceberg_dremio_dagg.query_dremio_tables manual__2025-12-08T12:05:40.114720+00:00 [running]> on host d8c44c1d4518
[2025-12-08T12:11:49.734+0000] {taskinstance.py:2648} INFO - Exporting env vars: AIRFLOW_CTX_DAG_OWNER='deeku' AIRFLOW_CTX_DAG_ID='mongo_iceberg_dremio_dagg' AIRFLOW_CTX_TASK_ID='query_dremio_tables' AIRFLOW_CTX_EXECUTION_DATE='2025-12-08T12:05:40.114720+00:00' AIRFLOW_CTX_TRY_NUMBER='1' AIRFLOW_CTX_DAG_RUN_ID='manual__2025-12-08T12:05:40.114720+00:00'
[2025-12-08T12:11:49.738+0000] {taskinstance.py:430} INFO - ::endgroup::
[2025-12-08T12:11:49.750+0000] {spark_read_mongo_dag.py:559} INFO - === Querying Dremio Tables ===
[2025-12-08T12:11:49.751+0000] {spark_read_mongo_dag.py:582} INFO - Executing query: SHOW SCHEMAS IN "iceberg"
[2025-12-08T12:11:49.826+0000] {spark_read_mongo_dag.py:500} INFO - Submitting query to Dremio: SHOW SCHEMAS IN "iceberg"
[2025-12-08T12:11:49.844+0000] {spark_read_mongo_dag.py:508} INFO - Dremio job started: 16c93f79-db75-4959-a600-e350f1072900
[2025-12-08T12:12:20.112+0000] {spark_read_mongo_dag.py:548} ERROR - Error executing Dremio query: Timed out waiting for Dremio job 16c93f79-db75-4959-a600-e350f1072900 to finish after 30 seconds
[2025-12-08T12:12:20.114+0000] {spark_read_mongo_dag.py:615} WARNING - Query timed out: SHOW SCHEMAS IN "iceberg"
[2025-12-08T12:12:20.115+0000] {spark_read_mongo_dag.py:582} INFO - Executing query: SHOW TABLES IN "iceberg"
[2025-12-08T12:12:20.190+0000] {spark_read_mongo_dag.py:500} INFO - Submitting query to Dremio: SHOW TABLES IN "iceberg"
[2025-12-08T12:12:20.214+0000] {spark_read_mongo_dag.py:508} INFO - Dremio job started: 16c93f5b-31e6-62e8-7fb5-43f137abf700
[2025-12-08T12:12:50.426+0000] {spark_read_mongo_dag.py:548} ERROR - Error executing Dremio query: Timed out waiting for Dremio job 16c93f5b-31e6-62e8-7fb5-43f137abf700 to finish after 30 seconds
[2025-12-08T12:12:50.426+0000] {spark_read_mongo_dag.py:615} WARNING - Query timed out: SHOW TABLES IN "iceberg"
[2025-12-08T12:12:50.427+0000] {spark_read_mongo_dag.py:582} INFO - Executing query: SHOW TABLES IN "iceberg"."ai_segmentation"
[2025-12-08T12:12:50.505+0000] {spark_read_mongo_dag.py:500} INFO - Submitting query to Dremio: SHOW TABLES IN "iceberg"."ai_segmentation"
[2025-12-08T12:12:50.520+0000] {spark_read_mongo_dag.py:508} INFO - Dremio job started: 16c93f3d-5cb6-a21f-dd99-263b91b7a300
[2025-12-08T12:13:20.744+0000] {spark_read_mongo_dag.py:548} ERROR - Error executing Dremio query: Timed out waiting for Dremio job 16c93f3d-5cb6-a21f-dd99-263b91b7a300 to finish after 30 seconds
[2025-12-08T12:13:20.745+0000] {spark_read_mongo_dag.py:615} WARNING - Query timed out: SHOW TABLES IN "iceberg"."ai_segmentation"
[2025-12-08T12:13:20.746+0000] {spark_read_mongo_dag.py:582} INFO - Executing query: SELECT COUNT(*) as row_count FROM "iceberg"."ai_segmentation"."conversations"
[2025-12-08T12:13:20.839+0000] {spark_read_mongo_dag.py:500} INFO - Submitting query to Dremio: SELECT COUNT(*) as row_count FROM "iceberg"."ai_segmentation"."conversations"
[2025-12-08T12:13:20.857+0000] {spark_read_mongo_dag.py:508} INFO - Dremio job started: 16c93f1f-7856-13ed-58c0-feceb7b32400
[2025-12-08T12:13:51.114+0000] {spark_read_mongo_dag.py:548} ERROR - Error executing Dremio query: Timed out waiting for Dremio job 16c93f1f-7856-13ed-58c0-feceb7b32400 to finish after 30 seconds
[2025-12-08T12:13:51.115+0000] {spark_read_mongo_dag.py:615} WARNING - Query timed out: SELECT COUNT(*) as row_count FROM "iceberg"."ai_segmentation"."conversations"
[2025-12-08T12:13:51.116+0000] {spark_read_mongo_dag.py:582} INFO - Executing query: SELECT * FROM "iceberg"."ai_segmentation"."conversations" LIMIT 5
[2025-12-08T12:13:51.196+0000] {spark_read_mongo_dag.py:500} INFO - Submitting query to Dremio: SELECT * FROM "iceberg"."ai_segmentation"."conversations" LIMIT 5
[2025-12-08T12:13:51.212+0000] {spark_read_mongo_dag.py:508} INFO - Dremio job started: 16c93eff-c787-dd53-130a-653bd4d67900
[2025-12-08T12:14:21.427+0000] {spark_read_mongo_dag.py:548} ERROR - Error executing Dremio query: Timed out waiting for Dremio job 16c93eff-c787-dd53-130a-653bd4d67900 to finish after 30 seconds
[2025-12-08T12:14:21.429+0000] {spark_read_mongo_dag.py:615} WARNING - Query timed out: SELECT * FROM "iceberg"."ai_segmentation"."conversations" LIMIT 5
[2025-12-08T12:14:21.431+0000] {spark_read_mongo_dag.py:631} INFO - === All Query Attempts Summary ===
[2025-12-08T12:14:21.433+0000] {spark_read_mongo_dag.py:634} INFO - [✗] 1. SHOW SCHEMAS IN "iceberg"
[2025-12-08T12:14:21.434+0000] {spark_read_mongo_dag.py:636} INFO -    Error: Timeout
[2025-12-08T12:14:21.436+0000] {spark_read_mongo_dag.py:634} INFO - [✗] 2. SHOW TABLES IN "iceberg"
[2025-12-08T12:14:21.437+0000] {spark_read_mongo_dag.py:636} INFO -    Error: Timeout
[2025-12-08T12:14:21.438+0000] {spark_read_mongo_dag.py:634} INFO - [✗] 3. SHOW TABLES IN "iceberg"."ai_segmentation"
[2025-12-08T12:14:21.440+0000] {spark_read_mongo_dag.py:636} INFO -    Error: Timeout
[2025-12-08T12:14:21.441+0000] {spark_read_mongo_dag.py:634} INFO - [✗] 4. SELECT COUNT(*) as row_count FROM "iceberg"."ai_segmentation"."conversations"
[2025-12-08T12:14:21.442+0000] {spark_read_mongo_dag.py:636} INFO -    Error: Timeout
[2025-12-08T12:14:21.443+0000] {spark_read_mongo_dag.py:634} INFO - [✗] 5. SELECT * FROM "iceberg"."ai_segmentation"."conversations" LIMIT 5
[2025-12-08T12:14:21.444+0000] {spark_read_mongo_dag.py:636} INFO -    Error: Timeout
[2025-12-08T12:14:21.486+0000] {python.py:237} INFO - Done. Returned value was: {'status': 'partial_success', 'total_queries': 5, 'successful': 0, 'failed': 5, 'results': [{'query': 'SHOW SCHEMAS IN "iceberg"', 'success': False, 'error': 'Timeout', 'message': 'Timed out waiting for Dremio job 16c93f79-db75-4959-a600-e350f1072900 to finish after 30 seconds'}, {'query': 'SHOW TABLES IN "iceberg"', 'success': False, 'error': 'Timeout', 'message': 'Timed out waiting for Dremio job 16c93f5b-31e6-62e8-7fb5-43f137abf700 to finish after 30 seconds'}, {'query': 'SHOW TABLES IN "iceberg"."ai_segmentation"', 'success': False, 'error': 'Timeout', 'message': 'Timed out waiting for Dremio job 16c93f3d-5cb6-a21f-dd99-263b91b7a300 to finish after 30 seconds'}, {'query': 'SELECT COUNT(*) as row_count FROM "iceberg"."ai_segmentation"."conversations"', 'success': False, 'error': 'Timeout', 'message': 'Timed out waiting for Dremio job 16c93f1f-7856-13ed-58c0-feceb7b32400 to finish after 30 seconds'}, {'query': 'SELECT * FROM "iceberg"."ai_segmentation"."conversations" LIMIT 5', 'success': False, 'error': 'Timeout', 'message': 'Timed out waiting for Dremio job 16c93eff-c787-dd53-130a-653bd4d67900 to finish after 30 seconds'}]}
[2025-12-08T12:14:21.487+0000] {taskinstance.py:441} INFO - ::group::Post task execution logs
[2025-12-08T12:14:21.553+0000] {taskinstance.py:1206} INFO - Marking task as SUCCESS. dag_id=mongo_iceberg_dremio_dagg, task_id=query_dremio_tables, run_id=manual__2025-12-08T12:05:40.114720+00:00, execution_date=20251208T120540, start_date=20251208T121149, end_date=20251208T121421
[2025-12-08T12:14:21.629+0000] {local_task_job_runner.py:240} INFO - Task exited with return code 0
[2025-12-08T12:14:21.653+0000] {taskinstance.py:3503} INFO - 0 downstream tasks scheduled from follow-on schedule check
[2025-12-08T12:14:21.675+0000] {local_task_job_runner.py:222} INFO - ::endgroup::
