[2025-12-08T07:33:33.725+0000] {local_task_job_runner.py:120} INFO - ::group::Pre task execution logs
[2025-12-08T07:33:33.790+0000] {taskinstance.py:2076} INFO - Dependencies all met for dep_context=non-requeueable deps ti=<TaskInstance: mongo_iceberg_dremio_dag.configure_dremio_source manual__2025-12-08T07:32:42.926396+00:00 [queued]>
[2025-12-08T07:33:33.801+0000] {taskinstance.py:2076} INFO - Dependencies all met for dep_context=requeueable deps ti=<TaskInstance: mongo_iceberg_dremio_dag.configure_dremio_source manual__2025-12-08T07:32:42.926396+00:00 [queued]>
[2025-12-08T07:33:33.803+0000] {taskinstance.py:2306} INFO - Starting attempt 1 of 2
[2025-12-08T07:33:33.857+0000] {taskinstance.py:2330} INFO - Executing <Task(PythonOperator): configure_dremio_source> on 2025-12-08 07:32:42.926396+00:00
[2025-12-08T07:33:33.868+0000] {standard_task_runner.py:63} INFO - Started process 987 to run task
[2025-12-08T07:33:33.872+0000] {standard_task_runner.py:90} INFO - Running: ['***', 'tasks', 'run', 'mongo_iceberg_dremio_dag', 'configure_dremio_source', 'manual__2025-12-08T07:32:42.926396+00:00', '--job-id', '72', '--raw', '--subdir', 'DAGS_FOLDER/spark_read_mongo_dag.py', '--cfg-path', '/tmp/tmpx5z34ny_']
[2025-12-08T07:33:33.875+0000] {standard_task_runner.py:91} INFO - Job 72: Subtask configure_dremio_source
[2025-12-08T07:33:34.013+0000] {task_command.py:426} INFO - Running <TaskInstance: mongo_iceberg_dremio_dag.configure_dremio_source manual__2025-12-08T07:32:42.926396+00:00 [running]> on host dcc1a34ec7bc
[2025-12-08T07:33:34.315+0000] {taskinstance.py:2648} INFO - Exporting env vars: AIRFLOW_CTX_DAG_OWNER='deeku' AIRFLOW_CTX_DAG_ID='mongo_iceberg_dremio_dag' AIRFLOW_CTX_TASK_ID='configure_dremio_source' AIRFLOW_CTX_EXECUTION_DATE='2025-12-08T07:32:42.926396+00:00' AIRFLOW_CTX_TRY_NUMBER='1' AIRFLOW_CTX_DAG_RUN_ID='manual__2025-12-08T07:32:42.926396+00:00'
[2025-12-08T07:33:34.316+0000] {taskinstance.py:430} INFO - ::endgroup::
[2025-12-08T07:33:34.342+0000] {spark_read_mongo_dag.py:256} INFO - create_dremio_iceberg_source: start
[2025-12-08T07:33:34.765+0000] {spark_read_mongo_dag.py:310} INFO - Dremio source exists=False id=None
[2025-12-08T07:33:34.835+0000] {spark_read_mongo_dag.py:322} INFO - Trying Nessie URI: http://nessie:19120/api/v1
[2025-12-08T07:33:34.835+0000] {spark_read_mongo_dag.py:357} INFO - Trying POST with Nessie URI: http://nessie:19120/api/v1
[2025-12-08T07:33:34.843+0000] {spark_read_mongo_dag.py:360} INFO - Response for http://nessie:19120/api/v1: 400 {"errorMessage":"Invalid value found at: nessieUri","moreInfo":"","stackTrace":[]}
[2025-12-08T07:33:34.844+0000] {spark_read_mongo_dag.py:378} WARNING - Nessie URI 'http://nessie:19120/api/v1' failed: 400 - {"errorMessage":"Invalid value found at: nessieUri","moreInfo":"","stackTrace":[]}
[2025-12-08T07:33:34.845+0000] {spark_read_mongo_dag.py:322} INFO - Trying Nessie URI: http://nessie:19120/api/v2
[2025-12-08T07:33:34.845+0000] {spark_read_mongo_dag.py:357} INFO - Trying POST with Nessie URI: http://nessie:19120/api/v2
[2025-12-08T07:33:34.852+0000] {spark_read_mongo_dag.py:360} INFO - Response for http://nessie:19120/api/v2: 400 {"errorMessage":"Invalid value found at: nessieUri","moreInfo":"","stackTrace":[]}
[2025-12-08T07:33:34.852+0000] {spark_read_mongo_dag.py:378} WARNING - Nessie URI 'http://nessie:19120/api/v2' failed: 400 - {"errorMessage":"Invalid value found at: nessieUri","moreInfo":"","stackTrace":[]}
[2025-12-08T07:33:34.853+0000] {spark_read_mongo_dag.py:322} INFO - Trying Nessie URI: http://nessie:19120
[2025-12-08T07:33:34.853+0000] {spark_read_mongo_dag.py:357} INFO - Trying POST with Nessie URI: http://nessie:19120
[2025-12-08T07:33:34.860+0000] {spark_read_mongo_dag.py:360} INFO - Response for http://nessie:19120: 400 {"errorMessage":"Invalid value found at: nessieUri","moreInfo":"","stackTrace":[]}
[2025-12-08T07:33:34.861+0000] {spark_read_mongo_dag.py:378} WARNING - Nessie URI 'http://nessie:19120' failed: 400 - {"errorMessage":"Invalid value found at: nessieUri","moreInfo":"","stackTrace":[]}
[2025-12-08T07:33:34.861+0000] {spark_read_mongo_dag.py:322} INFO - Trying Nessie URI: http://nessie:19120/api/v2/trees
[2025-12-08T07:33:34.862+0000] {spark_read_mongo_dag.py:357} INFO - Trying POST with Nessie URI: http://nessie:19120/api/v2/trees
[2025-12-08T07:33:34.868+0000] {spark_read_mongo_dag.py:360} INFO - Response for http://nessie:19120/api/v2/trees: 400 {"errorMessage":"Invalid value found at: nessieUri","moreInfo":"","stackTrace":[]}
[2025-12-08T07:33:34.869+0000] {spark_read_mongo_dag.py:378} WARNING - Nessie URI 'http://nessie:19120/api/v2/trees' failed: 400 - {"errorMessage":"Invalid value found at: nessieUri","moreInfo":"","stackTrace":[]}
[2025-12-08T07:33:34.869+0000] {spark_read_mongo_dag.py:322} INFO - Trying Nessie URI: http://nessie:19120/api/v1/trees
[2025-12-08T07:33:34.870+0000] {spark_read_mongo_dag.py:357} INFO - Trying POST with Nessie URI: http://nessie:19120/api/v1/trees
[2025-12-08T07:33:34.880+0000] {spark_read_mongo_dag.py:360} INFO - Response for http://nessie:19120/api/v1/trees: 400 {"errorMessage":"Invalid value found at: nessieUri","moreInfo":"","stackTrace":[]}
[2025-12-08T07:33:34.880+0000] {spark_read_mongo_dag.py:378} WARNING - Nessie URI 'http://nessie:19120/api/v1/trees' failed: 400 - {"errorMessage":"Invalid value found at: nessieUri","moreInfo":"","stackTrace":[]}
[2025-12-08T07:33:34.881+0000] {spark_read_mongo_dag.py:322} INFO - Trying Nessie URI: http://nessie:19120/api/v2/refs
[2025-12-08T07:33:34.881+0000] {spark_read_mongo_dag.py:357} INFO - Trying POST with Nessie URI: http://nessie:19120/api/v2/refs
[2025-12-08T07:33:34.889+0000] {spark_read_mongo_dag.py:360} INFO - Response for http://nessie:19120/api/v2/refs: 400 {"errorMessage":"Invalid value found at: nessieUri","moreInfo":"","stackTrace":[]}
[2025-12-08T07:33:34.891+0000] {spark_read_mongo_dag.py:378} WARNING - Nessie URI 'http://nessie:19120/api/v2/refs' failed: 400 - {"errorMessage":"Invalid value found at: nessieUri","moreInfo":"","stackTrace":[]}
[2025-12-08T07:33:34.891+0000] {spark_read_mongo_dag.py:322} INFO - Trying Nessie URI: http://nessie:19120/api/v1/refs
[2025-12-08T07:33:34.892+0000] {spark_read_mongo_dag.py:357} INFO - Trying POST with Nessie URI: http://nessie:19120/api/v1/refs
[2025-12-08T07:33:34.899+0000] {spark_read_mongo_dag.py:360} INFO - Response for http://nessie:19120/api/v1/refs: 400 {"errorMessage":"Invalid value found at: nessieUri","moreInfo":"","stackTrace":[]}
[2025-12-08T07:33:34.900+0000] {spark_read_mongo_dag.py:378} WARNING - Nessie URI 'http://nessie:19120/api/v1/refs' failed: 400 - {"errorMessage":"Invalid value found at: nessieUri","moreInfo":"","stackTrace":[]}
[2025-12-08T07:33:34.901+0000] {spark_read_mongo_dag.py:386} ERROR - All Nessie URI attempts failed. Last error: Nessie URI 'http://nessie:19120/api/v1/refs' failed: 400 - {"errorMessage":"Invalid value found at: nessieUri","moreInfo":"","stackTrace":[]}
[2025-12-08T07:33:34.901+0000] {taskinstance.py:441} INFO - ::group::Post task execution logs
[2025-12-08T07:33:34.902+0000] {taskinstance.py:2905} ERROR - Task failed with exception
Traceback (most recent call last):
  File "/home/airflow/.local/lib/python3.9/site-packages/airflow/models/taskinstance.py", line 465, in _execute_task
    result = _execute_callable(context=context, **execute_callable_kwargs)
  File "/home/airflow/.local/lib/python3.9/site-packages/airflow/models/taskinstance.py", line 432, in _execute_callable
    return execute_callable(context=context, **execute_callable_kwargs)
  File "/home/airflow/.local/lib/python3.9/site-packages/airflow/models/baseoperator.py", line 401, in wrapper
    return func(self, *args, **kwargs)
  File "/home/airflow/.local/lib/python3.9/site-packages/airflow/operators/python.py", line 235, in execute
    return_value = self.execute_callable()
  File "/home/airflow/.local/lib/python3.9/site-packages/airflow/operators/python.py", line 252, in execute_callable
    return self.python_callable(*self.op_args, **self.op_kwargs)
  File "/opt/airflow/dags/spark_read_mongo_dag.py", line 387, in create_dremio_iceberg_source
    raise RuntimeError(f"Failed to create/update Dremio source. All Nessie URI attempts failed. Last error: {last_error}")
RuntimeError: Failed to create/update Dremio source. All Nessie URI attempts failed. Last error: Nessie URI 'http://nessie:19120/api/v1/refs' failed: 400 - {"errorMessage":"Invalid value found at: nessieUri","moreInfo":"","stackTrace":[]}
[2025-12-08T07:33:34.933+0000] {taskinstance.py:1206} INFO - Marking task as UP_FOR_RETRY. dag_id=mongo_iceberg_dremio_dag, task_id=configure_dremio_source, run_id=manual__2025-12-08T07:32:42.926396+00:00, execution_date=20251208T073242, start_date=20251208T073333, end_date=20251208T073334
[2025-12-08T07:33:34.981+0000] {standard_task_runner.py:110} ERROR - Failed to execute job 72 for task configure_dremio_source (Failed to create/update Dremio source. All Nessie URI attempts failed. Last error: Nessie URI 'http://nessie:19120/api/v1/refs' failed: 400 - {"errorMessage":"Invalid value found at: nessieUri","moreInfo":"","stackTrace":[]}; 987)
[2025-12-08T07:33:35.011+0000] {local_task_job_runner.py:240} INFO - Task exited with return code 1
[2025-12-08T07:33:35.052+0000] {taskinstance.py:3503} INFO - 0 downstream tasks scheduled from follow-on schedule check
[2025-12-08T07:33:35.097+0000] {local_task_job_runner.py:222} INFO - ::endgroup::
