[2025-12-03T06:17:31.096+0000] {local_task_job_runner.py:120} INFO - ::group::Pre task execution logs
[2025-12-03T06:17:31.210+0000] {taskinstance.py:2076} INFO - Dependencies all met for dep_context=non-requeueable deps ti=<TaskInstance: mongo_iceberg_dag.run_mongo_to_iceberg manual__2025-12-03T06:17:29.358663+00:00 [queued]>
[2025-12-03T06:17:31.248+0000] {taskinstance.py:2076} INFO - Dependencies all met for dep_context=requeueable deps ti=<TaskInstance: mongo_iceberg_dag.run_mongo_to_iceberg manual__2025-12-03T06:17:29.358663+00:00 [queued]>
[2025-12-03T06:17:31.250+0000] {taskinstance.py:2306} INFO - Starting attempt 1 of 1
[2025-12-03T06:17:31.324+0000] {taskinstance.py:2330} INFO - Executing <Task(PythonOperator): run_mongo_to_iceberg> on 2025-12-03 06:17:29.358663+00:00
[2025-12-03T06:17:31.331+0000] {standard_task_runner.py:63} INFO - Started process 376 to run task
[2025-12-03T06:17:31.335+0000] {standard_task_runner.py:90} INFO - Running: ['***', 'tasks', 'run', 'mongo_iceberg_dag', 'run_mongo_to_iceberg', 'manual__2025-12-03T06:17:29.358663+00:00', '--job-id', '29', '--raw', '--subdir', 'DAGS_FOLDER/spark_read_mongo_dag.py', '--cfg-path', '/tmp/tmpx11wif3s']
[2025-12-03T06:17:31.339+0000] {standard_task_runner.py:91} INFO - Job 29: Subtask run_mongo_to_iceberg
[2025-12-03T06:17:31.696+0000] {task_command.py:426} INFO - Running <TaskInstance: mongo_iceberg_dag.run_mongo_to_iceberg manual__2025-12-03T06:17:29.358663+00:00 [running]> on host cb8e7c19f994
[2025-12-03T06:17:32.310+0000] {taskinstance.py:2648} INFO - Exporting env vars: AIRFLOW_CTX_DAG_OWNER='deeku' AIRFLOW_CTX_DAG_ID='mongo_iceberg_dag' AIRFLOW_CTX_TASK_ID='run_mongo_to_iceberg' AIRFLOW_CTX_EXECUTION_DATE='2025-12-03T06:17:29.358663+00:00' AIRFLOW_CTX_TRY_NUMBER='1' AIRFLOW_CTX_DAG_RUN_ID='manual__2025-12-03T06:17:29.358663+00:00'
[2025-12-03T06:17:32.318+0000] {taskinstance.py:430} INFO - ::endgroup::
[2025-12-03T06:17:32.509+0000] {spark_read_mongo_dag.py:31} INFO - START run_spark_job
[2025-12-03T06:17:32.514+0000] {spark_read_mongo_dag.py:33} INFO - Checking path: /opt/***/spark_jobs/mongo_pyspark.py exists=True
[2025-12-03T06:17:32.517+0000] {spark_read_mongo_dag.py:33} INFO - Checking path: /opt/***/jars exists=True
[2025-12-03T06:17:32.522+0000] {spark_read_mongo_dag.py:37} INFO - Jar check: /opt/***/jars/mongo-spark-connector_2.12-10.1.1.jar exists=True size=156368
[2025-12-03T06:17:32.527+0000] {spark_read_mongo_dag.py:37} INFO - Jar check: /opt/***/jars/bson-4.11.2.jar exists=True size=511356
[2025-12-03T06:17:32.587+0000] {spark_read_mongo_dag.py:37} INFO - Jar check: /opt/***/jars/mongodb-driver-core-4.11.2.jar exists=True size=1670650
[2025-12-03T06:17:32.590+0000] {spark_read_mongo_dag.py:37} INFO - Jar check: /opt/***/jars/mongodb-driver-sync-4.11.2.jar exists=True size=151808
[2025-12-03T06:17:32.592+0000] {spark_read_mongo_dag.py:37} INFO - Jar check: /opt/***/jars/iceberg-spark-runtime-3.5_2.12-1.5.2.jar exists=True size=41604737
[2025-12-03T06:17:32.638+0000] {spark_read_mongo_dag.py:37} INFO - Jar check: /opt/***/jars/iceberg-nessie-1.5.2.jar exists=True size=44895
[2025-12-03T06:17:32.691+0000] {spark_read_mongo_dag.py:37} INFO - Jar check: /opt/***/jars/nessie-client-0.99.0.jar exists=True size=585165
[2025-12-03T06:17:32.693+0000] {spark_read_mongo_dag.py:37} INFO - Jar check: /opt/***/jars/hadoop-aws-3.3.4.jar exists=True size=962685
[2025-12-03T06:17:32.741+0000] {spark_read_mongo_dag.py:37} INFO - Jar check: /opt/***/jars/aws-java-sdk-bundle-1.12.772.jar exists=True size=388405806
[2025-12-03T06:17:32.742+0000] {spark_read_mongo_dag.py:39} INFO - which spark-submit -> /home/***/.local/bin/spark-submit
[2025-12-03T06:17:32.743+0000] {spark_read_mongo_dag.py:48} INFO - ENV SPARK_HOME=/opt/spark/spark-3.4.1-bin-hadoop3 JAVA_HOME=/usr/lib/jvm/java-17-openjdk-amd64
[2025-12-03T06:17:32.744+0000] {spark_read_mongo_dag.py:49} INFO - Env PATH head: ['/opt/spark/spark-3.4.1-bin-hadoop3/bin', '/usr/lib/jvm/java-17-openjdk-amd64/bin', '/opt/spark/bin', '/usr/lib/jvm/java-17-openjdk-amd64/bin', '/root/bin']
[2025-12-03T06:17:32.745+0000] {spark_read_mongo_dag.py:52} INFO - Running command: spark-submit --jars /opt/***/jars/mongo-spark-connector_2.12-10.1.1.jar,/opt/***/jars/bson-4.11.2.jar,/opt/***/jars/mongodb-driver-core-4.11.2.jar,/opt/***/jars/mongodb-driver-sync-4.11.2.jar,/opt/***/jars/iceberg-spark-runtime-3.5_2.12-1.5.2.jar,/opt/***/jars/iceberg-nessie-1.5.2.jar,/opt/***/jars/nessie-client-0.99.0.jar,/opt/***/jars/hadoop-aws-3.3.4.jar,/opt/***/jars/aws-java-sdk-bundle-1.12.772.jar /opt/***/spark_jobs/mongo_pyspark.py
[2025-12-03T06:18:58.376+0000] {spark_read_mongo_dag.py:54} INFO - Process finished. returncode=1
[2025-12-03T06:18:58.377+0000] {spark_read_mongo_dag.py:57} INFO - spark-submit stdout | 2025-12-03 06:17:53,153 INFO mongo_to_iceberg - START main at 2025-12-03 06:17:53
[2025-12-03T06:18:58.378+0000] {spark_read_mongo_dag.py:57} INFO - spark-submit stdout | 2025-12-03 06:17:53,153 INFO mongo_to_iceberg - Checking required JARs under /opt/***/jars
[2025-12-03T06:18:58.378+0000] {spark_read_mongo_dag.py:57} INFO - spark-submit stdout | 2025-12-03 06:17:53,157 INFO mongo_to_iceberg - JAR: /opt/***/jars/mongo-spark-connector_2.12-10.1.1.jar exists=True size=156368
[2025-12-03T06:18:58.378+0000] {spark_read_mongo_dag.py:57} INFO - spark-submit stdout | 2025-12-03 06:17:53,162 INFO mongo_to_iceberg - JAR: /opt/***/jars/bson-4.11.2.jar exists=True size=511356
[2025-12-03T06:18:58.379+0000] {spark_read_mongo_dag.py:57} INFO - spark-submit stdout | 2025-12-03 06:17:53,164 INFO mongo_to_iceberg - JAR: /opt/***/jars/mongodb-driver-core-4.11.2.jar exists=True size=1670650
[2025-12-03T06:18:58.379+0000] {spark_read_mongo_dag.py:57} INFO - spark-submit stdout | 2025-12-03 06:17:53,166 INFO mongo_to_iceberg - JAR: /opt/***/jars/mongodb-driver-sync-4.11.2.jar exists=True size=151808
[2025-12-03T06:18:58.380+0000] {spark_read_mongo_dag.py:57} INFO - spark-submit stdout | 2025-12-03 06:17:53,169 INFO mongo_to_iceberg - JAR: /opt/***/jars/iceberg-spark-runtime-3.5_2.12-1.5.2.jar exists=True size=41604737
[2025-12-03T06:18:58.380+0000] {spark_read_mongo_dag.py:57} INFO - spark-submit stdout | 2025-12-03 06:17:53,172 INFO mongo_to_iceberg - JAR: /opt/***/jars/iceberg-nessie-1.5.2.jar exists=True size=44895
[2025-12-03T06:18:58.381+0000] {spark_read_mongo_dag.py:57} INFO - spark-submit stdout | 2025-12-03 06:17:53,174 INFO mongo_to_iceberg - JAR: /opt/***/jars/nessie-client-0.99.0.jar exists=True size=585165
[2025-12-03T06:18:58.381+0000] {spark_read_mongo_dag.py:57} INFO - spark-submit stdout | 2025-12-03 06:17:53,178 INFO mongo_to_iceberg - JAR: /opt/***/jars/hadoop-aws-3.3.4.jar exists=True size=962685
[2025-12-03T06:18:58.382+0000] {spark_read_mongo_dag.py:57} INFO - spark-submit stdout | 2025-12-03 06:17:53,183 INFO mongo_to_iceberg - JAR: /opt/***/jars/aws-java-sdk-bundle-1.12.772.jar exists=True size=388405806
[2025-12-03T06:18:58.382+0000] {spark_read_mongo_dag.py:57} INFO - spark-submit stdout | 2025-12-03 06:17:53,184 INFO mongo_to_iceberg - Mongo URI (masked): mongodb://172.168.168.206:27017/ai_segmentation.conversations
[2025-12-03T06:18:58.382+0000] {spark_read_mongo_dag.py:57} INFO - spark-submit stdout | 2025-12-03 06:17:53,184 INFO mongo_to_iceberg - Using Iceberg warehouse (must be s3a://): s3a://iceberg/
[2025-12-03T06:18:58.383+0000] {spark_read_mongo_dag.py:57} INFO - spark-submit stdout | 2025-12-03 06:17:53,184 INFO mongo_to_iceberg - S3 endpoint=http://minio:9000 path_style=true ssl_enabled=false
[2025-12-03T06:18:58.383+0000] {spark_read_mongo_dag.py:57} INFO - spark-submit stdout | 2025-12-03 06:17:53,184 INFO mongo_to_iceberg - Creating SparkSession...
[2025-12-03T06:18:58.383+0000] {spark_read_mongo_dag.py:57} INFO - spark-submit stdout | 2025-12-03 06:18:24,024 INFO mongo_to_iceberg - SparkSession created. Spark version=3.4.1
[2025-12-03T06:18:58.383+0000] {spark_read_mongo_dag.py:57} INFO - spark-submit stdout | 2025-12-03 06:18:26,010 INFO mongo_to_iceberg - spark.jars config=/opt/***/jars/mongo-spark-connector_2.12-10.1.1.jar,/opt/***/jars/bson-4.11.2.jar,/opt/***/jars/mongodb-driver-core-4.11.2.jar,/opt/***/jars/mongodb-driver-sync-4.11.2.jar,/opt/***/jars/iceberg-spark-runtime-3.5_2.12-1.5.2.jar,/opt/***/jars/iceberg-nessie-1.5.2.jar,/opt/***/jars/nessie-client-0.99.0.jar,/opt/***/jars/hadoop-aws-3.3.4.jar,/opt/***/jars/aws-java-sdk-bundle-1.12.772.jar
[2025-12-03T06:18:58.384+0000] {spark_read_mongo_dag.py:57} INFO - spark-submit stdout | 2025-12-03 06:18:26,011 INFO mongo_to_iceberg - spark.mongodb.read.connection.uri=mongodb://172.168.168.206:27017/ai_segmentation.conversations
[2025-12-03T06:18:58.384+0000] {spark_read_mongo_dag.py:57} INFO - spark-submit stdout | 2025-12-03 06:18:26,011 INFO mongo_to_iceberg - spark.sql.catalog.iceberg_catalog.warehouse=s3a://iceberg/
[2025-12-03T06:18:58.384+0000] {spark_read_mongo_dag.py:57} INFO - spark-submit stdout | 2025-12-03 06:18:26,011 INFO mongo_to_iceberg - Starting read from MongoDB collection ai_segmentation.conversations
[2025-12-03T06:18:58.385+0000] {spark_read_mongo_dag.py:57} INFO - spark-submit stdout | 2025-12-03 06:18:57,337 ERROR mongo_to_iceberg - Exception during job: An error occurred while calling o62.load.
[2025-12-03T06:18:58.385+0000] {spark_read_mongo_dag.py:57} INFO - spark-submit stdout | : com.mongodb.MongoTimeoutException: Timed out after 30000 ms while waiting for a server that matches ReadPreferenceServerSelector{readPreference=primary}. Client view of cluster state is {type=UNKNOWN, servers=[{address=172.168.168.206:27017, type=UNKNOWN, state=CONNECTING, exception={com.mongodb.MongoSocketOpenException: Exception opening socket}, caused by {java.net.SocketTimeoutException: Connect timed out}}]
[2025-12-03T06:18:58.385+0000] {spark_read_mongo_dag.py:57} INFO - spark-submit stdout | 	at com.mongodb.internal.connection.BaseCluster.createTimeoutException(BaseCluster.java:380)
[2025-12-03T06:18:58.386+0000] {spark_read_mongo_dag.py:57} INFO - spark-submit stdout | 	at com.mongodb.internal.connection.BaseCluster.selectServer(BaseCluster.java:125)
[2025-12-03T06:18:58.386+0000] {spark_read_mongo_dag.py:57} INFO - spark-submit stdout | 	at com.mongodb.internal.connection.SingleServerCluster.selectServer(SingleServerCluster.java:46)
[2025-12-03T06:18:58.386+0000] {spark_read_mongo_dag.py:57} INFO - spark-submit stdout | 	at com.mongodb.internal.binding.ClusterBinding.getReadConnectionSource(ClusterBinding.java:116)
[2025-12-03T06:18:58.386+0000] {spark_read_mongo_dag.py:57} INFO - spark-submit stdout | 	at com.mongodb.client.internal.ClientSessionBinding.getConnectionSource(ClientSessionBinding.java:128)
[2025-12-03T06:18:58.387+0000] {spark_read_mongo_dag.py:57} INFO - spark-submit stdout | 	at com.mongodb.client.internal.ClientSessionBinding.getReadConnectionSource(ClientSessionBinding.java:92)
[2025-12-03T06:18:58.387+0000] {spark_read_mongo_dag.py:57} INFO - spark-submit stdout | 	at com.mongodb.internal.operation.SyncOperationHelper.withSuppliedResource(SyncOperationHelper.java:144)
[2025-12-03T06:18:58.387+0000] {spark_read_mongo_dag.py:57} INFO - spark-submit stdout | 	at com.mongodb.internal.operation.SyncOperationHelper.withSourceAndConnection(SyncOperationHelper.java:125)
[2025-12-03T06:18:58.387+0000] {spark_read_mongo_dag.py:57} INFO - spark-submit stdout | 	at com.mongodb.internal.operation.SyncOperationHelper.lambda$executeRetryableRead$4(SyncOperationHelper.java:189)
[2025-12-03T06:18:58.388+0000] {spark_read_mongo_dag.py:57} INFO - spark-submit stdout | 	at com.mongodb.internal.operation.SyncOperationHelper.lambda$decorateReadWithRetries$12(SyncOperationHelper.java:292)
[2025-12-03T06:18:58.388+0000] {spark_read_mongo_dag.py:57} INFO - spark-submit stdout | 	at com.mongodb.internal.async.function.RetryingSyncSupplier.get(RetryingSyncSupplier.java:67)
[2025-12-03T06:18:58.388+0000] {spark_read_mongo_dag.py:57} INFO - spark-submit stdout | 	at com.mongodb.internal.operation.SyncOperationHelper.executeRetryableRead(SyncOperationHelper.java:194)
[2025-12-03T06:18:58.389+0000] {spark_read_mongo_dag.py:57} INFO - spark-submit stdout | 	at com.mongodb.internal.operation.SyncOperationHelper.executeRetryableRead(SyncOperationHelper.java:176)
[2025-12-03T06:18:58.389+0000] {spark_read_mongo_dag.py:57} INFO - spark-submit stdout | 	at com.mongodb.internal.operation.AggregateOperationImpl.execute(AggregateOperationImpl.java:193)
[2025-12-03T06:18:58.389+0000] {spark_read_mongo_dag.py:57} INFO - spark-submit stdout | 	at com.mongodb.internal.operation.AggregateOperation.execute(AggregateOperation.java:153)
[2025-12-03T06:18:58.390+0000] {spark_read_mongo_dag.py:57} INFO - spark-submit stdout | 	at com.mongodb.internal.operation.AggregateOperation.execute(AggregateOperation.java:44)
[2025-12-03T06:18:58.390+0000] {spark_read_mongo_dag.py:57} INFO - spark-submit stdout | 	at com.mongodb.client.internal.MongoClientDelegate$DelegateOperationExecutor.execute(MongoClientDelegate.java:153)
[2025-12-03T06:18:58.390+0000] {spark_read_mongo_dag.py:57} INFO - spark-submit stdout | 	at com.mongodb.client.internal.MongoIterableImpl.execute(MongoIterableImpl.java:130)
[2025-12-03T06:18:58.390+0000] {spark_read_mongo_dag.py:57} INFO - spark-submit stdout | 	at com.mongodb.client.internal.MongoIterableImpl.iterator(MongoIterableImpl.java:90)
[2025-12-03T06:18:58.391+0000] {spark_read_mongo_dag.py:57} INFO - spark-submit stdout | 	at com.mongodb.client.internal.MongoIterableImpl.forEach(MongoIterableImpl.java:116)
[2025-12-03T06:18:58.391+0000] {spark_read_mongo_dag.py:57} INFO - spark-submit stdout | 	at com.mongodb.client.internal.MongoIterableImpl.into(MongoIterableImpl.java:125)
[2025-12-03T06:18:58.391+0000] {spark_read_mongo_dag.py:57} INFO - spark-submit stdout | 	at com.mongodb.spark.sql.connector.schema.InferSchema.lambda$inferSchema$0(InferSchema.java:86)
[2025-12-03T06:18:58.392+0000] {spark_read_mongo_dag.py:57} INFO - spark-submit stdout | 	at com.mongodb.spark.sql.connector.config.AbstractMongoConfig.withCollection(AbstractMongoConfig.java:173)
[2025-12-03T06:18:58.393+0000] {spark_read_mongo_dag.py:57} INFO - spark-submit stdout | 	at com.mongodb.spark.sql.connector.config.ReadConfig.withCollection(ReadConfig.java:45)
[2025-12-03T06:18:58.394+0000] {spark_read_mongo_dag.py:57} INFO - spark-submit stdout | 	at com.mongodb.spark.sql.connector.schema.InferSchema.inferSchema(InferSchema.java:82)
[2025-12-03T06:18:58.395+0000] {spark_read_mongo_dag.py:57} INFO - spark-submit stdout | 	at com.mongodb.spark.sql.connector.MongoTableProvider.inferSchema(MongoTableProvider.java:62)
[2025-12-03T06:18:58.395+0000] {spark_read_mongo_dag.py:57} INFO - spark-submit stdout | 	at org.apache.spark.sql.execution.datasources.v2.DataSourceV2Utils$.getTableFromProvider(DataSourceV2Utils.scala:90)
[2025-12-03T06:18:58.396+0000] {spark_read_mongo_dag.py:57} INFO - spark-submit stdout | 	at org.apache.spark.sql.execution.datasources.v2.DataSourceV2Utils$.loadV2Source(DataSourceV2Utils.scala:140)
[2025-12-03T06:18:58.396+0000] {spark_read_mongo_dag.py:57} INFO - spark-submit stdout | 	at org.apache.spark.sql.DataFrameReader.$anonfun$load$1(DataFrameReader.scala:210)
[2025-12-03T06:18:58.397+0000] {spark_read_mongo_dag.py:57} INFO - spark-submit stdout | 	at scala.Option.flatMap(Option.scala:271)
[2025-12-03T06:18:58.397+0000] {spark_read_mongo_dag.py:57} INFO - spark-submit stdout | 	at org.apache.spark.sql.DataFrameReader.load(DataFrameReader.scala:208)
[2025-12-03T06:18:58.397+0000] {spark_read_mongo_dag.py:57} INFO - spark-submit stdout | 	at org.apache.spark.sql.DataFrameReader.load(DataFrameReader.scala:172)
[2025-12-03T06:18:58.398+0000] {spark_read_mongo_dag.py:57} INFO - spark-submit stdout | 	at java.base/jdk.internal.reflect.NativeMethodAccessorImpl.invoke0(Native Method)
[2025-12-03T06:18:58.398+0000] {spark_read_mongo_dag.py:57} INFO - spark-submit stdout | 	at java.base/jdk.internal.reflect.NativeMethodAccessorImpl.invoke(NativeMethodAccessorImpl.java:77)
[2025-12-03T06:18:58.398+0000] {spark_read_mongo_dag.py:57} INFO - spark-submit stdout | 	at java.base/jdk.internal.reflect.DelegatingMethodAccessorImpl.invoke(DelegatingMethodAccessorImpl.java:43)
[2025-12-03T06:18:58.399+0000] {spark_read_mongo_dag.py:57} INFO - spark-submit stdout | 	at java.base/java.lang.reflect.Method.invoke(Method.java:569)
[2025-12-03T06:18:58.399+0000] {spark_read_mongo_dag.py:57} INFO - spark-submit stdout | 	at py4j.reflection.MethodInvoker.invoke(MethodInvoker.java:244)
[2025-12-03T06:18:58.399+0000] {spark_read_mongo_dag.py:57} INFO - spark-submit stdout | 	at py4j.reflection.ReflectionEngine.invoke(ReflectionEngine.java:374)
[2025-12-03T06:18:58.400+0000] {spark_read_mongo_dag.py:57} INFO - spark-submit stdout | 	at py4j.Gateway.invoke(Gateway.java:282)
[2025-12-03T06:18:58.400+0000] {spark_read_mongo_dag.py:57} INFO - spark-submit stdout | 	at py4j.commands.AbstractCommand.invokeMethod(AbstractCommand.java:132)
[2025-12-03T06:18:58.400+0000] {spark_read_mongo_dag.py:57} INFO - spark-submit stdout | 	at py4j.commands.CallCommand.execute(CallCommand.java:79)
[2025-12-03T06:18:58.401+0000] {spark_read_mongo_dag.py:57} INFO - spark-submit stdout | 	at py4j.ClientServerConnection.waitForCommands(ClientServerConnection.java:182)
[2025-12-03T06:18:58.401+0000] {spark_read_mongo_dag.py:57} INFO - spark-submit stdout | 	at py4j.ClientServerConnection.run(ClientServerConnection.java:106)
[2025-12-03T06:18:58.401+0000] {spark_read_mongo_dag.py:57} INFO - spark-submit stdout | 	at java.base/java.lang.Thread.run(Thread.java:840)
[2025-12-03T06:18:58.401+0000] {spark_read_mongo_dag.py:57} INFO - spark-submit stdout | 
[2025-12-03T06:18:58.402+0000] {spark_read_mongo_dag.py:57} INFO - spark-submit stdout | 2025-12-03 06:18:57,342 ERROR mongo_to_iceberg - Traceback:
[2025-12-03T06:18:58.402+0000] {spark_read_mongo_dag.py:57} INFO - spark-submit stdout | Traceback (most recent call last):
[2025-12-03T06:18:58.402+0000] {spark_read_mongo_dag.py:57} INFO - spark-submit stdout |   File "/opt/***/spark_jobs/mongo_pyspark.py", line 529, in main
[2025-12-03T06:18:58.403+0000] {spark_read_mongo_dag.py:57} INFO - spark-submit stdout |     spark.read
[2025-12-03T06:18:58.403+0000] {spark_read_mongo_dag.py:57} INFO - spark-submit stdout |   File "/opt/spark/spark-3.4.1-bin-hadoop3/python/lib/pyspark.zip/pyspark/sql/readwriter.py", line 307, in load
[2025-12-03T06:18:58.403+0000] {spark_read_mongo_dag.py:57} INFO - spark-submit stdout |     return self._df(self._jreader.load())
[2025-12-03T06:18:58.404+0000] {spark_read_mongo_dag.py:57} INFO - spark-submit stdout |   File "/opt/spark/spark-3.4.1-bin-hadoop3/python/lib/py4j-0.10.9.7-src.zip/py4j/java_gateway.py", line 1322, in __call__
[2025-12-03T06:18:58.404+0000] {spark_read_mongo_dag.py:57} INFO - spark-submit stdout |     return_value = get_return_value(
[2025-12-03T06:18:58.404+0000] {spark_read_mongo_dag.py:57} INFO - spark-submit stdout |   File "/opt/spark/spark-3.4.1-bin-hadoop3/python/lib/pyspark.zip/pyspark/errors/exceptions/captured.py", line 169, in deco
[2025-12-03T06:18:58.405+0000] {spark_read_mongo_dag.py:57} INFO - spark-submit stdout |     return f(*a, **kw)
[2025-12-03T06:18:58.405+0000] {spark_read_mongo_dag.py:57} INFO - spark-submit stdout |   File "/opt/spark/spark-3.4.1-bin-hadoop3/python/lib/py4j-0.10.9.7-src.zip/py4j/protocol.py", line 326, in get_return_value
[2025-12-03T06:18:58.405+0000] {spark_read_mongo_dag.py:57} INFO - spark-submit stdout |     raise Py4JJavaError(
[2025-12-03T06:18:58.405+0000] {spark_read_mongo_dag.py:57} INFO - spark-submit stdout | py4j.protocol.Py4JJavaError: An error occurred while calling o62.load.
[2025-12-03T06:18:58.406+0000] {spark_read_mongo_dag.py:57} INFO - spark-submit stdout | : com.mongodb.MongoTimeoutException: Timed out after 30000 ms while waiting for a server that matches ReadPreferenceServerSelector{readPreference=primary}. Client view of cluster state is {type=UNKNOWN, servers=[{address=172.168.168.206:27017, type=UNKNOWN, state=CONNECTING, exception={com.mongodb.MongoSocketOpenException: Exception opening socket}, caused by {java.net.SocketTimeoutException: Connect timed out}}]
[2025-12-03T06:18:58.406+0000] {spark_read_mongo_dag.py:57} INFO - spark-submit stdout | 	at com.mongodb.internal.connection.BaseCluster.createTimeoutException(BaseCluster.java:380)
[2025-12-03T06:18:58.406+0000] {spark_read_mongo_dag.py:57} INFO - spark-submit stdout | 	at com.mongodb.internal.connection.BaseCluster.selectServer(BaseCluster.java:125)
[2025-12-03T06:18:58.407+0000] {spark_read_mongo_dag.py:57} INFO - spark-submit stdout | 	at com.mongodb.internal.connection.SingleServerCluster.selectServer(SingleServerCluster.java:46)
[2025-12-03T06:18:58.407+0000] {spark_read_mongo_dag.py:57} INFO - spark-submit stdout | 	at com.mongodb.internal.binding.ClusterBinding.getReadConnectionSource(ClusterBinding.java:116)
[2025-12-03T06:18:58.407+0000] {spark_read_mongo_dag.py:57} INFO - spark-submit stdout | 	at com.mongodb.client.internal.ClientSessionBinding.getConnectionSource(ClientSessionBinding.java:128)
[2025-12-03T06:18:58.408+0000] {spark_read_mongo_dag.py:57} INFO - spark-submit stdout | 	at com.mongodb.client.internal.ClientSessionBinding.getReadConnectionSource(ClientSessionBinding.java:92)
[2025-12-03T06:18:58.408+0000] {spark_read_mongo_dag.py:57} INFO - spark-submit stdout | 	at com.mongodb.internal.operation.SyncOperationHelper.withSuppliedResource(SyncOperationHelper.java:144)
[2025-12-03T06:18:58.408+0000] {spark_read_mongo_dag.py:57} INFO - spark-submit stdout | 	at com.mongodb.internal.operation.SyncOperationHelper.withSourceAndConnection(SyncOperationHelper.java:125)
[2025-12-03T06:18:58.409+0000] {spark_read_mongo_dag.py:57} INFO - spark-submit stdout | 	at com.mongodb.internal.operation.SyncOperationHelper.lambda$executeRetryableRead$4(SyncOperationHelper.java:189)
[2025-12-03T06:18:58.409+0000] {spark_read_mongo_dag.py:57} INFO - spark-submit stdout | 	at com.mongodb.internal.operation.SyncOperationHelper.lambda$decorateReadWithRetries$12(SyncOperationHelper.java:292)
[2025-12-03T06:18:58.410+0000] {spark_read_mongo_dag.py:57} INFO - spark-submit stdout | 	at com.mongodb.internal.async.function.RetryingSyncSupplier.get(RetryingSyncSupplier.java:67)
[2025-12-03T06:18:58.411+0000] {spark_read_mongo_dag.py:57} INFO - spark-submit stdout | 	at com.mongodb.internal.operation.SyncOperationHelper.executeRetryableRead(SyncOperationHelper.java:194)
[2025-12-03T06:18:58.411+0000] {spark_read_mongo_dag.py:57} INFO - spark-submit stdout | 	at com.mongodb.internal.operation.SyncOperationHelper.executeRetryableRead(SyncOperationHelper.java:176)
[2025-12-03T06:18:58.412+0000] {spark_read_mongo_dag.py:57} INFO - spark-submit stdout | 	at com.mongodb.internal.operation.AggregateOperationImpl.execute(AggregateOperationImpl.java:193)
[2025-12-03T06:18:58.412+0000] {spark_read_mongo_dag.py:57} INFO - spark-submit stdout | 	at com.mongodb.internal.operation.AggregateOperation.execute(AggregateOperation.java:153)
[2025-12-03T06:18:58.413+0000] {spark_read_mongo_dag.py:57} INFO - spark-submit stdout | 	at com.mongodb.internal.operation.AggregateOperation.execute(AggregateOperation.java:44)
[2025-12-03T06:18:58.413+0000] {spark_read_mongo_dag.py:57} INFO - spark-submit stdout | 	at com.mongodb.client.internal.MongoClientDelegate$DelegateOperationExecutor.execute(MongoClientDelegate.java:153)
[2025-12-03T06:18:58.413+0000] {spark_read_mongo_dag.py:57} INFO - spark-submit stdout | 	at com.mongodb.client.internal.MongoIterableImpl.execute(MongoIterableImpl.java:130)
[2025-12-03T06:18:58.414+0000] {spark_read_mongo_dag.py:57} INFO - spark-submit stdout | 	at com.mongodb.client.internal.MongoIterableImpl.iterator(MongoIterableImpl.java:90)
[2025-12-03T06:18:58.414+0000] {spark_read_mongo_dag.py:57} INFO - spark-submit stdout | 	at com.mongodb.client.internal.MongoIterableImpl.forEach(MongoIterableImpl.java:116)
[2025-12-03T06:18:58.414+0000] {spark_read_mongo_dag.py:57} INFO - spark-submit stdout | 	at com.mongodb.client.internal.MongoIterableImpl.into(MongoIterableImpl.java:125)
[2025-12-03T06:18:58.414+0000] {spark_read_mongo_dag.py:57} INFO - spark-submit stdout | 	at com.mongodb.spark.sql.connector.schema.InferSchema.lambda$inferSchema$0(InferSchema.java:86)
[2025-12-03T06:18:58.415+0000] {spark_read_mongo_dag.py:57} INFO - spark-submit stdout | 	at com.mongodb.spark.sql.connector.config.AbstractMongoConfig.withCollection(AbstractMongoConfig.java:173)
[2025-12-03T06:18:58.415+0000] {spark_read_mongo_dag.py:57} INFO - spark-submit stdout | 	at com.mongodb.spark.sql.connector.config.ReadConfig.withCollection(ReadConfig.java:45)
[2025-12-03T06:18:58.415+0000] {spark_read_mongo_dag.py:57} INFO - spark-submit stdout | 	at com.mongodb.spark.sql.connector.schema.InferSchema.inferSchema(InferSchema.java:82)
[2025-12-03T06:18:58.416+0000] {spark_read_mongo_dag.py:57} INFO - spark-submit stdout | 	at com.mongodb.spark.sql.connector.MongoTableProvider.inferSchema(MongoTableProvider.java:62)
[2025-12-03T06:18:58.416+0000] {spark_read_mongo_dag.py:57} INFO - spark-submit stdout | 	at org.apache.spark.sql.execution.datasources.v2.DataSourceV2Utils$.getTableFromProvider(DataSourceV2Utils.scala:90)
[2025-12-03T06:18:58.416+0000] {spark_read_mongo_dag.py:57} INFO - spark-submit stdout | 	at org.apache.spark.sql.execution.datasources.v2.DataSourceV2Utils$.loadV2Source(DataSourceV2Utils.scala:140)
[2025-12-03T06:18:58.417+0000] {spark_read_mongo_dag.py:57} INFO - spark-submit stdout | 	at org.apache.spark.sql.DataFrameReader.$anonfun$load$1(DataFrameReader.scala:210)
[2025-12-03T06:18:58.417+0000] {spark_read_mongo_dag.py:57} INFO - spark-submit stdout | 	at scala.Option.flatMap(Option.scala:271)
[2025-12-03T06:18:58.417+0000] {spark_read_mongo_dag.py:57} INFO - spark-submit stdout | 	at org.apache.spark.sql.DataFrameReader.load(DataFrameReader.scala:208)
[2025-12-03T06:18:58.417+0000] {spark_read_mongo_dag.py:57} INFO - spark-submit stdout | 	at org.apache.spark.sql.DataFrameReader.load(DataFrameReader.scala:172)
[2025-12-03T06:18:58.418+0000] {spark_read_mongo_dag.py:57} INFO - spark-submit stdout | 	at java.base/jdk.internal.reflect.NativeMethodAccessorImpl.invoke0(Native Method)
[2025-12-03T06:18:58.418+0000] {spark_read_mongo_dag.py:57} INFO - spark-submit stdout | 	at java.base/jdk.internal.reflect.NativeMethodAccessorImpl.invoke(NativeMethodAccessorImpl.java:77)
[2025-12-03T06:18:58.418+0000] {spark_read_mongo_dag.py:57} INFO - spark-submit stdout | 	at java.base/jdk.internal.reflect.DelegatingMethodAccessorImpl.invoke(DelegatingMethodAccessorImpl.java:43)
[2025-12-03T06:18:58.419+0000] {spark_read_mongo_dag.py:57} INFO - spark-submit stdout | 	at java.base/java.lang.reflect.Method.invoke(Method.java:569)
[2025-12-03T06:18:58.419+0000] {spark_read_mongo_dag.py:57} INFO - spark-submit stdout | 	at py4j.reflection.MethodInvoker.invoke(MethodInvoker.java:244)
[2025-12-03T06:18:58.419+0000] {spark_read_mongo_dag.py:57} INFO - spark-submit stdout | 	at py4j.reflection.ReflectionEngine.invoke(ReflectionEngine.java:374)
[2025-12-03T06:18:58.419+0000] {spark_read_mongo_dag.py:57} INFO - spark-submit stdout | 	at py4j.Gateway.invoke(Gateway.java:282)
[2025-12-03T06:18:58.420+0000] {spark_read_mongo_dag.py:57} INFO - spark-submit stdout | 	at py4j.commands.AbstractCommand.invokeMethod(AbstractCommand.java:132)
[2025-12-03T06:18:58.420+0000] {spark_read_mongo_dag.py:57} INFO - spark-submit stdout | 	at py4j.commands.CallCommand.execute(CallCommand.java:79)
[2025-12-03T06:18:58.420+0000] {spark_read_mongo_dag.py:57} INFO - spark-submit stdout | 	at py4j.ClientServerConnection.waitForCommands(ClientServerConnection.java:182)
[2025-12-03T06:18:58.421+0000] {spark_read_mongo_dag.py:57} INFO - spark-submit stdout | 	at py4j.ClientServerConnection.run(ClientServerConnection.java:106)
[2025-12-03T06:18:58.421+0000] {spark_read_mongo_dag.py:57} INFO - spark-submit stdout | 	at java.base/java.lang.Thread.run(Thread.java:840)
[2025-12-03T06:18:58.421+0000] {spark_read_mongo_dag.py:57} INFO - spark-submit stdout | 
[2025-12-03T06:18:58.421+0000] {spark_read_mongo_dag.py:57} INFO - spark-submit stdout | 
[2025-12-03T06:18:58.422+0000] {spark_read_mongo_dag.py:57} INFO - spark-submit stdout | 2025-12-03 06:18:57,342 ERROR mongo_to_iceberg - HINTS: - Ensure Mongo credentials are correct and authSource is right.
[2025-12-03T06:18:58.422+0000] {spark_read_mongo_dag.py:57} INFO - spark-submit stdout | 2025-12-03 06:18:57,342 ERROR mongo_to_iceberg -        - Verify mongo container user/password (MONGO_INITDB_ROOT_USERNAME/PASSWORD).
[2025-12-03T06:18:58.422+0000] {spark_read_mongo_dag.py:57} INFO - spark-submit stdout | 2025-12-03 06:18:57,342 ERROR mongo_to_iceberg -        - If using docker-compose, ensure 'mongo' and 'minio' hostnames resolve from Spark executors.
[2025-12-03T06:18:58.422+0000] {spark_read_mongo_dag.py:57} INFO - spark-submit stdout | 2025-12-03 06:18:57,342 ERROR mongo_to_iceberg -        - Ensure ICEBERG_WAREHOUSE uses s3a:// and that hadoop-aws + aws-java-sdk + iceberg-spark-runtime jars are present.
[2025-12-03T06:18:58.423+0000] {spark_read_mongo_dag.py:57} INFO - spark-submit stdout | Traceback (most recent call last):
[2025-12-03T06:18:58.423+0000] {spark_read_mongo_dag.py:57} INFO - spark-submit stdout |   File "/opt/***/spark_jobs/mongo_pyspark.py", line 651, in <module>
[2025-12-03T06:18:58.423+0000] {spark_read_mongo_dag.py:57} INFO - spark-submit stdout |     main()
[2025-12-03T06:18:58.424+0000] {spark_read_mongo_dag.py:57} INFO - spark-submit stdout |   File "/opt/***/spark_jobs/mongo_pyspark.py", line 529, in main
[2025-12-03T06:18:58.424+0000] {spark_read_mongo_dag.py:57} INFO - spark-submit stdout |     spark.read
[2025-12-03T06:18:58.424+0000] {spark_read_mongo_dag.py:57} INFO - spark-submit stdout |   File "/opt/spark/spark-3.4.1-bin-hadoop3/python/lib/pyspark.zip/pyspark/sql/readwriter.py", line 307, in load
[2025-12-03T06:18:58.425+0000] {spark_read_mongo_dag.py:57} INFO - spark-submit stdout |   File "/opt/spark/spark-3.4.1-bin-hadoop3/python/lib/py4j-0.10.9.7-src.zip/py4j/java_gateway.py", line 1322, in __call__
[2025-12-03T06:18:58.425+0000] {spark_read_mongo_dag.py:57} INFO - spark-submit stdout |   File "/opt/spark/spark-3.4.1-bin-hadoop3/python/lib/pyspark.zip/pyspark/errors/exceptions/captured.py", line 169, in deco
[2025-12-03T06:18:58.425+0000] {spark_read_mongo_dag.py:57} INFO - spark-submit stdout |   File "/opt/spark/spark-3.4.1-bin-hadoop3/python/lib/py4j-0.10.9.7-src.zip/py4j/protocol.py", line 326, in get_return_value
[2025-12-03T06:18:58.426+0000] {spark_read_mongo_dag.py:57} INFO - spark-submit stdout | py4j.protocol.Py4JJavaError: An error occurred while calling o62.load.
[2025-12-03T06:18:58.426+0000] {spark_read_mongo_dag.py:57} INFO - spark-submit stdout | : com.mongodb.MongoTimeoutException: Timed out after 30000 ms while waiting for a server that matches ReadPreferenceServerSelector{readPreference=primary}. Client view of cluster state is {type=UNKNOWN, servers=[{address=172.168.168.206:27017, type=UNKNOWN, state=CONNECTING, exception={com.mongodb.MongoSocketOpenException: Exception opening socket}, caused by {java.net.SocketTimeoutException: Connect timed out}}]
[2025-12-03T06:18:58.427+0000] {spark_read_mongo_dag.py:57} INFO - spark-submit stdout | 	at com.mongodb.internal.connection.BaseCluster.createTimeoutException(BaseCluster.java:380)
[2025-12-03T06:18:58.428+0000] {spark_read_mongo_dag.py:57} INFO - spark-submit stdout | 	at com.mongodb.internal.connection.BaseCluster.selectServer(BaseCluster.java:125)
[2025-12-03T06:18:58.429+0000] {spark_read_mongo_dag.py:57} INFO - spark-submit stdout | 	at com.mongodb.internal.connection.SingleServerCluster.selectServer(SingleServerCluster.java:46)
[2025-12-03T06:18:58.429+0000] {spark_read_mongo_dag.py:57} INFO - spark-submit stdout | 	at com.mongodb.internal.binding.ClusterBinding.getReadConnectionSource(ClusterBinding.java:116)
[2025-12-03T06:18:58.429+0000] {spark_read_mongo_dag.py:57} INFO - spark-submit stdout | 	at com.mongodb.client.internal.ClientSessionBinding.getConnectionSource(ClientSessionBinding.java:128)
[2025-12-03T06:18:58.430+0000] {spark_read_mongo_dag.py:57} INFO - spark-submit stdout | 	at com.mongodb.client.internal.ClientSessionBinding.getReadConnectionSource(ClientSessionBinding.java:92)
[2025-12-03T06:18:58.430+0000] {spark_read_mongo_dag.py:57} INFO - spark-submit stdout | 	at com.mongodb.internal.operation.SyncOperationHelper.withSuppliedResource(SyncOperationHelper.java:144)
[2025-12-03T06:18:58.431+0000] {spark_read_mongo_dag.py:57} INFO - spark-submit stdout | 	at com.mongodb.internal.operation.SyncOperationHelper.withSourceAndConnection(SyncOperationHelper.java:125)
[2025-12-03T06:18:58.431+0000] {spark_read_mongo_dag.py:57} INFO - spark-submit stdout | 	at com.mongodb.internal.operation.SyncOperationHelper.lambda$executeRetryableRead$4(SyncOperationHelper.java:189)
[2025-12-03T06:18:58.431+0000] {spark_read_mongo_dag.py:57} INFO - spark-submit stdout | 	at com.mongodb.internal.operation.SyncOperationHelper.lambda$decorateReadWithRetries$12(SyncOperationHelper.java:292)
[2025-12-03T06:18:58.432+0000] {spark_read_mongo_dag.py:57} INFO - spark-submit stdout | 	at com.mongodb.internal.async.function.RetryingSyncSupplier.get(RetryingSyncSupplier.java:67)
[2025-12-03T06:18:58.432+0000] {spark_read_mongo_dag.py:57} INFO - spark-submit stdout | 	at com.mongodb.internal.operation.SyncOperationHelper.executeRetryableRead(SyncOperationHelper.java:194)
[2025-12-03T06:18:58.433+0000] {spark_read_mongo_dag.py:57} INFO - spark-submit stdout | 	at com.mongodb.internal.operation.SyncOperationHelper.executeRetryableRead(SyncOperationHelper.java:176)
[2025-12-03T06:18:58.433+0000] {spark_read_mongo_dag.py:57} INFO - spark-submit stdout | 	at com.mongodb.internal.operation.AggregateOperationImpl.execute(AggregateOperationImpl.java:193)
[2025-12-03T06:18:58.433+0000] {spark_read_mongo_dag.py:57} INFO - spark-submit stdout | 	at com.mongodb.internal.operation.AggregateOperation.execute(AggregateOperation.java:153)
[2025-12-03T06:18:58.433+0000] {spark_read_mongo_dag.py:57} INFO - spark-submit stdout | 	at com.mongodb.internal.operation.AggregateOperation.execute(AggregateOperation.java:44)
[2025-12-03T06:18:58.434+0000] {spark_read_mongo_dag.py:57} INFO - spark-submit stdout | 	at com.mongodb.client.internal.MongoClientDelegate$DelegateOperationExecutor.execute(MongoClientDelegate.java:153)
[2025-12-03T06:18:58.434+0000] {spark_read_mongo_dag.py:57} INFO - spark-submit stdout | 	at com.mongodb.client.internal.MongoIterableImpl.execute(MongoIterableImpl.java:130)
[2025-12-03T06:18:58.434+0000] {spark_read_mongo_dag.py:57} INFO - spark-submit stdout | 	at com.mongodb.client.internal.MongoIterableImpl.iterator(MongoIterableImpl.java:90)
[2025-12-03T06:18:58.435+0000] {spark_read_mongo_dag.py:57} INFO - spark-submit stdout | 	at com.mongodb.client.internal.MongoIterableImpl.forEach(MongoIterableImpl.java:116)
[2025-12-03T06:18:58.435+0000] {spark_read_mongo_dag.py:57} INFO - spark-submit stdout | 	at com.mongodb.client.internal.MongoIterableImpl.into(MongoIterableImpl.java:125)
[2025-12-03T06:18:58.436+0000] {spark_read_mongo_dag.py:57} INFO - spark-submit stdout | 	at com.mongodb.spark.sql.connector.schema.InferSchema.lambda$inferSchema$0(InferSchema.java:86)
[2025-12-03T06:18:58.436+0000] {spark_read_mongo_dag.py:57} INFO - spark-submit stdout | 	at com.mongodb.spark.sql.connector.config.AbstractMongoConfig.withCollection(AbstractMongoConfig.java:173)
[2025-12-03T06:18:58.436+0000] {spark_read_mongo_dag.py:57} INFO - spark-submit stdout | 	at com.mongodb.spark.sql.connector.config.ReadConfig.withCollection(ReadConfig.java:45)
[2025-12-03T06:18:58.436+0000] {spark_read_mongo_dag.py:57} INFO - spark-submit stdout | 	at com.mongodb.spark.sql.connector.schema.InferSchema.inferSchema(InferSchema.java:82)
[2025-12-03T06:18:58.437+0000] {spark_read_mongo_dag.py:57} INFO - spark-submit stdout | 	at com.mongodb.spark.sql.connector.MongoTableProvider.inferSchema(MongoTableProvider.java:62)
[2025-12-03T06:18:58.437+0000] {spark_read_mongo_dag.py:57} INFO - spark-submit stdout | 	at org.apache.spark.sql.execution.datasources.v2.DataSourceV2Utils$.getTableFromProvider(DataSourceV2Utils.scala:90)
[2025-12-03T06:18:58.437+0000] {spark_read_mongo_dag.py:57} INFO - spark-submit stdout | 	at org.apache.spark.sql.execution.datasources.v2.DataSourceV2Utils$.loadV2Source(DataSourceV2Utils.scala:140)
[2025-12-03T06:18:58.438+0000] {spark_read_mongo_dag.py:57} INFO - spark-submit stdout | 	at org.apache.spark.sql.DataFrameReader.$anonfun$load$1(DataFrameReader.scala:210)
[2025-12-03T06:18:58.438+0000] {spark_read_mongo_dag.py:57} INFO - spark-submit stdout | 	at scala.Option.flatMap(Option.scala:271)
[2025-12-03T06:18:58.438+0000] {spark_read_mongo_dag.py:57} INFO - spark-submit stdout | 	at org.apache.spark.sql.DataFrameReader.load(DataFrameReader.scala:208)
[2025-12-03T06:18:58.439+0000] {spark_read_mongo_dag.py:57} INFO - spark-submit stdout | 	at org.apache.spark.sql.DataFrameReader.load(DataFrameReader.scala:172)
[2025-12-03T06:18:58.439+0000] {spark_read_mongo_dag.py:57} INFO - spark-submit stdout | 	at java.base/jdk.internal.reflect.NativeMethodAccessorImpl.invoke0(Native Method)
[2025-12-03T06:18:58.439+0000] {spark_read_mongo_dag.py:57} INFO - spark-submit stdout | 	at java.base/jdk.internal.reflect.NativeMethodAccessorImpl.invoke(NativeMethodAccessorImpl.java:77)
[2025-12-03T06:18:58.440+0000] {spark_read_mongo_dag.py:57} INFO - spark-submit stdout | 	at java.base/jdk.internal.reflect.DelegatingMethodAccessorImpl.invoke(DelegatingMethodAccessorImpl.java:43)
[2025-12-03T06:18:58.440+0000] {spark_read_mongo_dag.py:57} INFO - spark-submit stdout | 	at java.base/java.lang.reflect.Method.invoke(Method.java:569)
[2025-12-03T06:18:58.440+0000] {spark_read_mongo_dag.py:57} INFO - spark-submit stdout | 	at py4j.reflection.MethodInvoker.invoke(MethodInvoker.java:244)
[2025-12-03T06:18:58.440+0000] {spark_read_mongo_dag.py:57} INFO - spark-submit stdout | 	at py4j.reflection.ReflectionEngine.invoke(ReflectionEngine.java:374)
[2025-12-03T06:18:58.441+0000] {spark_read_mongo_dag.py:57} INFO - spark-submit stdout | 	at py4j.Gateway.invoke(Gateway.java:282)
[2025-12-03T06:18:58.441+0000] {spark_read_mongo_dag.py:57} INFO - spark-submit stdout | 	at py4j.commands.AbstractCommand.invokeMethod(AbstractCommand.java:132)
[2025-12-03T06:18:58.441+0000] {spark_read_mongo_dag.py:57} INFO - spark-submit stdout | 	at py4j.commands.CallCommand.execute(CallCommand.java:79)
[2025-12-03T06:18:58.442+0000] {spark_read_mongo_dag.py:57} INFO - spark-submit stdout | 	at py4j.ClientServerConnection.waitForCommands(ClientServerConnection.java:182)
[2025-12-03T06:18:58.442+0000] {spark_read_mongo_dag.py:57} INFO - spark-submit stdout | 	at py4j.ClientServerConnection.run(ClientServerConnection.java:106)
[2025-12-03T06:18:58.442+0000] {spark_read_mongo_dag.py:57} INFO - spark-submit stdout | 	at java.base/java.lang.Thread.run(Thread.java:840)
[2025-12-03T06:18:58.443+0000] {spark_read_mongo_dag.py:57} INFO - spark-submit stdout | 
[2025-12-03T06:18:58.444+0000] {spark_read_mongo_dag.py:57} INFO - spark-submit stdout | 2025-12-03 06:18:57,352 INFO py4j.clientserver - Closing down clientserver connection
[2025-12-03T06:18:58.445+0000] {spark_read_mongo_dag.py:60} ERROR - spark-submit stderr | 25/12/03 06:17:50 WARN NativeCodeLoader: Unable to load native-hadoop library for your platform... using builtin-java classes where applicable
[2025-12-03T06:18:58.445+0000] {spark_read_mongo_dag.py:60} ERROR - spark-submit stderr | 25/12/03 06:17:55 INFO SparkContext: Running Spark version 3.4.1
[2025-12-03T06:18:58.446+0000] {spark_read_mongo_dag.py:60} ERROR - spark-submit stderr | 25/12/03 06:17:55 INFO ResourceUtils: ==============================================================
[2025-12-03T06:18:58.446+0000] {spark_read_mongo_dag.py:60} ERROR - spark-submit stderr | 25/12/03 06:17:55 INFO ResourceUtils: No custom resources configured for spark.driver.
[2025-12-03T06:18:58.446+0000] {spark_read_mongo_dag.py:60} ERROR - spark-submit stderr | 25/12/03 06:17:55 INFO ResourceUtils: ==============================================================
[2025-12-03T06:18:58.447+0000] {spark_read_mongo_dag.py:60} ERROR - spark-submit stderr | 25/12/03 06:17:55 INFO SparkContext: Submitted application: MongoToIceberg
[2025-12-03T06:18:58.447+0000] {spark_read_mongo_dag.py:60} ERROR - spark-submit stderr | 25/12/03 06:17:55 INFO ResourceProfile: Default ResourceProfile created, executor resources: Map(cores -> name: cores, amount: 1, script: , vendor: , memory -> name: memory, amount: 1024, script: , vendor: , offHeap -> name: offHeap, amount: 0, script: , vendor: ), task resources: Map(cpus -> name: cpus, amount: 1.0)
[2025-12-03T06:18:58.448+0000] {spark_read_mongo_dag.py:60} ERROR - spark-submit stderr | 25/12/03 06:17:55 INFO ResourceProfile: Limiting resource is cpu
[2025-12-03T06:18:58.448+0000] {spark_read_mongo_dag.py:60} ERROR - spark-submit stderr | 25/12/03 06:17:55 INFO ResourceProfileManager: Added ResourceProfile id: 0
[2025-12-03T06:18:58.448+0000] {spark_read_mongo_dag.py:60} ERROR - spark-submit stderr | 25/12/03 06:17:56 INFO SecurityManager: Changing view acls to: ***
[2025-12-03T06:18:58.449+0000] {spark_read_mongo_dag.py:60} ERROR - spark-submit stderr | 25/12/03 06:17:56 INFO SecurityManager: Changing modify acls to: ***
[2025-12-03T06:18:58.449+0000] {spark_read_mongo_dag.py:60} ERROR - spark-submit stderr | 25/12/03 06:17:56 INFO SecurityManager: Changing view acls groups to: 
[2025-12-03T06:18:58.450+0000] {spark_read_mongo_dag.py:60} ERROR - spark-submit stderr | 25/12/03 06:17:56 INFO SecurityManager: Changing modify acls groups to: 
[2025-12-03T06:18:58.450+0000] {spark_read_mongo_dag.py:60} ERROR - spark-submit stderr | 25/12/03 06:17:56 INFO SecurityManager: SecurityManager: authentication disabled; ui acls disabled; users with view permissions: ***; groups with view permissions: EMPTY; users with modify permissions: ***; groups with modify permissions: EMPTY
[2025-12-03T06:18:58.450+0000] {spark_read_mongo_dag.py:60} ERROR - spark-submit stderr | 25/12/03 06:17:58 INFO Utils: Successfully started service 'sparkDriver' on port 36295.
[2025-12-03T06:18:58.451+0000] {spark_read_mongo_dag.py:60} ERROR - spark-submit stderr | 25/12/03 06:17:58 INFO SparkEnv: Registering MapOutputTracker
[2025-12-03T06:18:58.451+0000] {spark_read_mongo_dag.py:60} ERROR - spark-submit stderr | 25/12/03 06:17:58 INFO SparkEnv: Registering BlockManagerMaster
[2025-12-03T06:18:58.451+0000] {spark_read_mongo_dag.py:60} ERROR - spark-submit stderr | 25/12/03 06:17:58 INFO BlockManagerMasterEndpoint: Using org.apache.spark.storage.DefaultTopologyMapper for getting topology information
[2025-12-03T06:18:58.452+0000] {spark_read_mongo_dag.py:60} ERROR - spark-submit stderr | 25/12/03 06:17:58 INFO BlockManagerMasterEndpoint: BlockManagerMasterEndpoint up
[2025-12-03T06:18:58.452+0000] {spark_read_mongo_dag.py:60} ERROR - spark-submit stderr | 25/12/03 06:17:58 INFO SparkEnv: Registering BlockManagerMasterHeartbeat
[2025-12-03T06:18:58.452+0000] {spark_read_mongo_dag.py:60} ERROR - spark-submit stderr | 25/12/03 06:17:59 INFO DiskBlockManager: Created local directory at /tmp/blockmgr-4cc05b9d-d672-4d40-ab80-2e5b256190fa
[2025-12-03T06:18:58.453+0000] {spark_read_mongo_dag.py:60} ERROR - spark-submit stderr | 25/12/03 06:17:59 INFO MemoryStore: MemoryStore started with capacity 434.4 MiB
[2025-12-03T06:18:58.453+0000] {spark_read_mongo_dag.py:60} ERROR - spark-submit stderr | 25/12/03 06:17:59 INFO SparkEnv: Registering OutputCommitCoordinator
[2025-12-03T06:18:58.453+0000] {spark_read_mongo_dag.py:60} ERROR - spark-submit stderr | 25/12/03 06:18:03 INFO JettyUtils: Start Jetty 0.0.0.0:4040 for SparkUI
[2025-12-03T06:18:58.454+0000] {spark_read_mongo_dag.py:60} ERROR - spark-submit stderr | 25/12/03 06:18:03 INFO Utils: Successfully started service 'SparkUI' on port 4040.
[2025-12-03T06:18:58.454+0000] {spark_read_mongo_dag.py:60} ERROR - spark-submit stderr | 25/12/03 06:18:03 INFO SparkContext: Added JAR /opt/***/jars/mongo-spark-connector_2.12-10.1.1.jar at spark://cb8e7c19f994:36295/jars/mongo-spark-connector_2.12-10.1.1.jar with timestamp 1764742675516
[2025-12-03T06:18:58.454+0000] {spark_read_mongo_dag.py:60} ERROR - spark-submit stderr | 25/12/03 06:18:03 INFO SparkContext: Added JAR /opt/***/jars/bson-4.11.2.jar at spark://cb8e7c19f994:36295/jars/bson-4.11.2.jar with timestamp 1764742675516
[2025-12-03T06:18:58.455+0000] {spark_read_mongo_dag.py:60} ERROR - spark-submit stderr | 25/12/03 06:18:03 INFO SparkContext: Added JAR /opt/***/jars/mongodb-driver-core-4.11.2.jar at spark://cb8e7c19f994:36295/jars/mongodb-driver-core-4.11.2.jar with timestamp 1764742675516
[2025-12-03T06:18:58.455+0000] {spark_read_mongo_dag.py:60} ERROR - spark-submit stderr | 25/12/03 06:18:03 INFO SparkContext: Added JAR /opt/***/jars/mongodb-driver-sync-4.11.2.jar at spark://cb8e7c19f994:36295/jars/mongodb-driver-sync-4.11.2.jar with timestamp 1764742675516
[2025-12-03T06:18:58.455+0000] {spark_read_mongo_dag.py:60} ERROR - spark-submit stderr | 25/12/03 06:18:03 INFO SparkContext: Added JAR /opt/***/jars/iceberg-spark-runtime-3.5_2.12-1.5.2.jar at spark://cb8e7c19f994:36295/jars/iceberg-spark-runtime-3.5_2.12-1.5.2.jar with timestamp 1764742675516
[2025-12-03T06:18:58.456+0000] {spark_read_mongo_dag.py:60} ERROR - spark-submit stderr | 25/12/03 06:18:03 INFO SparkContext: Added JAR /opt/***/jars/iceberg-nessie-1.5.2.jar at spark://cb8e7c19f994:36295/jars/iceberg-nessie-1.5.2.jar with timestamp 1764742675516
[2025-12-03T06:18:58.456+0000] {spark_read_mongo_dag.py:60} ERROR - spark-submit stderr | 25/12/03 06:18:03 INFO SparkContext: Added JAR /opt/***/jars/nessie-client-0.99.0.jar at spark://cb8e7c19f994:36295/jars/nessie-client-0.99.0.jar with timestamp 1764742675516
[2025-12-03T06:18:58.456+0000] {spark_read_mongo_dag.py:60} ERROR - spark-submit stderr | 25/12/03 06:18:03 INFO SparkContext: Added JAR /opt/***/jars/hadoop-aws-3.3.4.jar at spark://cb8e7c19f994:36295/jars/hadoop-aws-3.3.4.jar with timestamp 1764742675516
[2025-12-03T06:18:58.457+0000] {spark_read_mongo_dag.py:60} ERROR - spark-submit stderr | 25/12/03 06:18:03 INFO SparkContext: Added JAR /opt/***/jars/aws-java-sdk-bundle-1.12.772.jar at spark://cb8e7c19f994:36295/jars/aws-java-sdk-bundle-1.12.772.jar with timestamp 1764742675516
[2025-12-03T06:18:58.457+0000] {spark_read_mongo_dag.py:60} ERROR - spark-submit stderr | 25/12/03 06:18:04 INFO Executor: Starting executor ID driver on host cb8e7c19f994
[2025-12-03T06:18:58.458+0000] {spark_read_mongo_dag.py:60} ERROR - spark-submit stderr | 25/12/03 06:18:04 INFO Executor: Starting executor with user classpath (userClassPathFirst = false): ''
[2025-12-03T06:18:58.458+0000] {spark_read_mongo_dag.py:60} ERROR - spark-submit stderr | 25/12/03 06:18:04 INFO Executor: Fetching spark://cb8e7c19f994:36295/jars/mongodb-driver-core-4.11.2.jar with timestamp 1764742675516
[2025-12-03T06:18:58.458+0000] {spark_read_mongo_dag.py:60} ERROR - spark-submit stderr | 25/12/03 06:18:04 INFO TransportClientFactory: Successfully created connection to cb8e7c19f994/172.19.0.11:36295 after 209 ms (0 ms spent in bootstraps)
[2025-12-03T06:18:58.459+0000] {spark_read_mongo_dag.py:60} ERROR - spark-submit stderr | 25/12/03 06:18:04 INFO Utils: Fetching spark://cb8e7c19f994:36295/jars/mongodb-driver-core-4.11.2.jar to /tmp/spark-92ae3072-f0f0-4def-b4bc-6fd32b819d90/userFiles-a667cbab-fefe-4c42-adb0-32320ed4d437/fetchFileTemp3354444648823748630.tmp
[2025-12-03T06:18:58.459+0000] {spark_read_mongo_dag.py:60} ERROR - spark-submit stderr | 25/12/03 06:18:05 INFO Executor: Adding file:/tmp/spark-92ae3072-f0f0-4def-b4bc-6fd32b819d90/userFiles-a667cbab-fefe-4c42-adb0-32320ed4d437/mongodb-driver-core-4.11.2.jar to class loader
[2025-12-03T06:18:58.460+0000] {spark_read_mongo_dag.py:60} ERROR - spark-submit stderr | 25/12/03 06:18:05 INFO Executor: Fetching spark://cb8e7c19f994:36295/jars/iceberg-spark-runtime-3.5_2.12-1.5.2.jar with timestamp 1764742675516
[2025-12-03T06:18:58.461+0000] {spark_read_mongo_dag.py:60} ERROR - spark-submit stderr | 25/12/03 06:18:05 INFO Utils: Fetching spark://cb8e7c19f994:36295/jars/iceberg-spark-runtime-3.5_2.12-1.5.2.jar to /tmp/spark-92ae3072-f0f0-4def-b4bc-6fd32b819d90/userFiles-a667cbab-fefe-4c42-adb0-32320ed4d437/fetchFileTemp7953663756311050128.tmp
[2025-12-03T06:18:58.462+0000] {spark_read_mongo_dag.py:60} ERROR - spark-submit stderr | 25/12/03 06:18:06 INFO Executor: Adding file:/tmp/spark-92ae3072-f0f0-4def-b4bc-6fd32b819d90/userFiles-a667cbab-fefe-4c42-adb0-32320ed4d437/iceberg-spark-runtime-3.5_2.12-1.5.2.jar to class loader
[2025-12-03T06:18:58.462+0000] {spark_read_mongo_dag.py:60} ERROR - spark-submit stderr | 25/12/03 06:18:06 INFO Executor: Fetching spark://cb8e7c19f994:36295/jars/hadoop-aws-3.3.4.jar with timestamp 1764742675516
[2025-12-03T06:18:58.462+0000] {spark_read_mongo_dag.py:60} ERROR - spark-submit stderr | 25/12/03 06:18:06 INFO Utils: Fetching spark://cb8e7c19f994:36295/jars/hadoop-aws-3.3.4.jar to /tmp/spark-92ae3072-f0f0-4def-b4bc-6fd32b819d90/userFiles-a667cbab-fefe-4c42-adb0-32320ed4d437/fetchFileTemp5209873488553660367.tmp
[2025-12-03T06:18:58.463+0000] {spark_read_mongo_dag.py:60} ERROR - spark-submit stderr | 25/12/03 06:18:06 INFO Executor: Adding file:/tmp/spark-92ae3072-f0f0-4def-b4bc-6fd32b819d90/userFiles-a667cbab-fefe-4c42-adb0-32320ed4d437/hadoop-aws-3.3.4.jar to class loader
[2025-12-03T06:18:58.463+0000] {spark_read_mongo_dag.py:60} ERROR - spark-submit stderr | 25/12/03 06:18:06 INFO Executor: Fetching spark://cb8e7c19f994:36295/jars/aws-java-sdk-bundle-1.12.772.jar with timestamp 1764742675516
[2025-12-03T06:18:58.463+0000] {spark_read_mongo_dag.py:60} ERROR - spark-submit stderr | 25/12/03 06:18:06 INFO Utils: Fetching spark://cb8e7c19f994:36295/jars/aws-java-sdk-bundle-1.12.772.jar to /tmp/spark-92ae3072-f0f0-4def-b4bc-6fd32b819d90/userFiles-a667cbab-fefe-4c42-adb0-32320ed4d437/fetchFileTemp5250018628341061631.tmp
[2025-12-03T06:18:58.464+0000] {spark_read_mongo_dag.py:60} ERROR - spark-submit stderr | 25/12/03 06:18:20 INFO Executor: Told to re-register on heartbeat
[2025-12-03T06:18:58.464+0000] {spark_read_mongo_dag.py:60} ERROR - spark-submit stderr | 25/12/03 06:18:20 INFO BlockManager: BlockManager null re-registering with master
[2025-12-03T06:18:58.464+0000] {spark_read_mongo_dag.py:60} ERROR - spark-submit stderr | 25/12/03 06:18:20 INFO BlockManagerMaster: Registering BlockManager null
[2025-12-03T06:18:58.465+0000] {spark_read_mongo_dag.py:60} ERROR - spark-submit stderr | 25/12/03 06:18:21 ERROR Inbox: Ignoring error
[2025-12-03T06:18:58.465+0000] {spark_read_mongo_dag.py:60} ERROR - spark-submit stderr | java.lang.NullPointerException: Cannot invoke "org.apache.spark.storage.BlockManagerId.executorId()" because "idWithoutTopologyInfo" is null
[2025-12-03T06:18:58.465+0000] {spark_read_mongo_dag.py:60} ERROR - spark-submit stderr | 	at org.apache.spark.storage.BlockManagerMasterEndpoint.org$apache$spark$storage$BlockManagerMasterEndpoint$$register(BlockManagerMasterEndpoint.scala:600)
[2025-12-03T06:18:58.466+0000] {spark_read_mongo_dag.py:60} ERROR - spark-submit stderr | 	at org.apache.spark.storage.BlockManagerMasterEndpoint$$anonfun$receiveAndReply$1.applyOrElse(BlockManagerMasterEndpoint.scala:123)
[2025-12-03T06:18:58.466+0000] {spark_read_mongo_dag.py:60} ERROR - spark-submit stderr | 	at org.apache.spark.rpc.netty.Inbox.$anonfun$process$1(Inbox.scala:103)
[2025-12-03T06:18:58.466+0000] {spark_read_mongo_dag.py:60} ERROR - spark-submit stderr | 	at org.apache.spark.rpc.netty.Inbox.safelyCall(Inbox.scala:213)
[2025-12-03T06:18:58.467+0000] {spark_read_mongo_dag.py:60} ERROR - spark-submit stderr | 	at org.apache.spark.rpc.netty.Inbox.process(Inbox.scala:100)
[2025-12-03T06:18:58.467+0000] {spark_read_mongo_dag.py:60} ERROR - spark-submit stderr | 	at org.apache.spark.rpc.netty.MessageLoop.org$apache$spark$rpc$netty$MessageLoop$$receiveLoop(MessageLoop.scala:75)
[2025-12-03T06:18:58.467+0000] {spark_read_mongo_dag.py:60} ERROR - spark-submit stderr | 	at org.apache.spark.rpc.netty.MessageLoop$$anon$1.run(MessageLoop.scala:41)
[2025-12-03T06:18:58.468+0000] {spark_read_mongo_dag.py:60} ERROR - spark-submit stderr | 	at java.base/java.util.concurrent.ThreadPoolExecutor.runWorker(ThreadPoolExecutor.java:1136)
[2025-12-03T06:18:58.468+0000] {spark_read_mongo_dag.py:60} ERROR - spark-submit stderr | 	at java.base/java.util.concurrent.ThreadPoolExecutor$Worker.run(ThreadPoolExecutor.java:635)
[2025-12-03T06:18:58.468+0000] {spark_read_mongo_dag.py:60} ERROR - spark-submit stderr | 	at java.base/java.lang.Thread.run(Thread.java:840)
[2025-12-03T06:18:58.469+0000] {spark_read_mongo_dag.py:60} ERROR - spark-submit stderr | 25/12/03 06:18:21 WARN Executor: Issue communicating with driver in heartbeater
[2025-12-03T06:18:58.469+0000] {spark_read_mongo_dag.py:60} ERROR - spark-submit stderr | org.apache.spark.SparkException: Exception thrown in awaitResult: 
[2025-12-03T06:18:58.469+0000] {spark_read_mongo_dag.py:60} ERROR - spark-submit stderr | 	at org.apache.spark.util.ThreadUtils$.awaitResult(ThreadUtils.scala:322)
[2025-12-03T06:18:58.470+0000] {spark_read_mongo_dag.py:60} ERROR - spark-submit stderr | 	at org.apache.spark.rpc.RpcTimeout.awaitResult(RpcTimeout.scala:75)
[2025-12-03T06:18:58.470+0000] {spark_read_mongo_dag.py:60} ERROR - spark-submit stderr | 	at org.apache.spark.rpc.RpcEndpointRef.askSync(RpcEndpointRef.scala:101)
[2025-12-03T06:18:58.470+0000] {spark_read_mongo_dag.py:60} ERROR - spark-submit stderr | 	at org.apache.spark.rpc.RpcEndpointRef.askSync(RpcEndpointRef.scala:85)
[2025-12-03T06:18:58.471+0000] {spark_read_mongo_dag.py:60} ERROR - spark-submit stderr | 	at org.apache.spark.storage.BlockManagerMaster.registerBlockManager(BlockManagerMaster.scala:80)
[2025-12-03T06:18:58.471+0000] {spark_read_mongo_dag.py:60} ERROR - spark-submit stderr | 	at org.apache.spark.storage.BlockManager.reregister(BlockManager.scala:641)
[2025-12-03T06:18:58.471+0000] {spark_read_mongo_dag.py:60} ERROR - spark-submit stderr | 	at org.apache.spark.executor.Executor.reportHeartBeat(Executor.scala:1111)
[2025-12-03T06:18:58.472+0000] {spark_read_mongo_dag.py:60} ERROR - spark-submit stderr | 	at org.apache.spark.executor.Executor.$anonfun$heartbeater$1(Executor.scala:244)
[2025-12-03T06:18:58.472+0000] {spark_read_mongo_dag.py:60} ERROR - spark-submit stderr | 	at scala.runtime.java8.JFunction0$mcV$sp.apply(JFunction0$mcV$sp.java:23)
[2025-12-03T06:18:58.472+0000] {spark_read_mongo_dag.py:60} ERROR - spark-submit stderr | 	at org.apache.spark.util.Utils$.logUncaughtExceptions(Utils.scala:2088)
[2025-12-03T06:18:58.472+0000] {spark_read_mongo_dag.py:60} ERROR - spark-submit stderr | 	at org.apache.spark.Heartbeater$$anon$1.run(Heartbeater.scala:46)
[2025-12-03T06:18:58.473+0000] {spark_read_mongo_dag.py:60} ERROR - spark-submit stderr | 	at java.base/java.util.concurrent.Executors$RunnableAdapter.call(Executors.java:539)
[2025-12-03T06:18:58.473+0000] {spark_read_mongo_dag.py:60} ERROR - spark-submit stderr | 	at java.base/java.util.concurrent.FutureTask.runAndReset(FutureTask.java:305)
[2025-12-03T06:18:58.473+0000] {spark_read_mongo_dag.py:60} ERROR - spark-submit stderr | 	at java.base/java.util.concurrent.ScheduledThreadPoolExecutor$ScheduledFutureTask.run(ScheduledThreadPoolExecutor.java:305)
[2025-12-03T06:18:58.474+0000] {spark_read_mongo_dag.py:60} ERROR - spark-submit stderr | 	at java.base/java.util.concurrent.ThreadPoolExecutor.runWorker(ThreadPoolExecutor.java:1136)
[2025-12-03T06:18:58.474+0000] {spark_read_mongo_dag.py:60} ERROR - spark-submit stderr | 	at java.base/java.util.concurrent.ThreadPoolExecutor$Worker.run(ThreadPoolExecutor.java:635)
[2025-12-03T06:18:58.474+0000] {spark_read_mongo_dag.py:60} ERROR - spark-submit stderr | 	at java.base/java.lang.Thread.run(Thread.java:840)
[2025-12-03T06:18:58.475+0000] {spark_read_mongo_dag.py:60} ERROR - spark-submit stderr | Caused by: java.lang.NullPointerException: Cannot invoke "org.apache.spark.storage.BlockManagerId.executorId()" because "idWithoutTopologyInfo" is null
[2025-12-03T06:18:58.475+0000] {spark_read_mongo_dag.py:60} ERROR - spark-submit stderr | 	at org.apache.spark.storage.BlockManagerMasterEndpoint.org$apache$spark$storage$BlockManagerMasterEndpoint$$register(BlockManagerMasterEndpoint.scala:600)
[2025-12-03T06:18:58.475+0000] {spark_read_mongo_dag.py:60} ERROR - spark-submit stderr | 	at org.apache.spark.storage.BlockManagerMasterEndpoint$$anonfun$receiveAndReply$1.applyOrElse(BlockManagerMasterEndpoint.scala:123)
[2025-12-03T06:18:58.476+0000] {spark_read_mongo_dag.py:60} ERROR - spark-submit stderr | 	at org.apache.spark.rpc.netty.Inbox.$anonfun$process$1(Inbox.scala:103)
[2025-12-03T06:18:58.476+0000] {spark_read_mongo_dag.py:60} ERROR - spark-submit stderr | 	at org.apache.spark.rpc.netty.Inbox.safelyCall(Inbox.scala:213)
[2025-12-03T06:18:58.477+0000] {spark_read_mongo_dag.py:60} ERROR - spark-submit stderr | 	at org.apache.spark.rpc.netty.Inbox.process(Inbox.scala:100)
[2025-12-03T06:18:58.478+0000] {spark_read_mongo_dag.py:60} ERROR - spark-submit stderr | 	at org.apache.spark.rpc.netty.MessageLoop.org$apache$spark$rpc$netty$MessageLoop$$receiveLoop(MessageLoop.scala:75)
[2025-12-03T06:18:58.479+0000] {spark_read_mongo_dag.py:60} ERROR - spark-submit stderr | 	at org.apache.spark.rpc.netty.MessageLoop$$anon$1.run(MessageLoop.scala:41)
[2025-12-03T06:18:58.479+0000] {spark_read_mongo_dag.py:60} ERROR - spark-submit stderr | 	... 3 more
[2025-12-03T06:18:58.479+0000] {spark_read_mongo_dag.py:60} ERROR - spark-submit stderr | 25/12/03 06:18:21 INFO Executor: Adding file:/tmp/spark-92ae3072-f0f0-4def-b4bc-6fd32b819d90/userFiles-a667cbab-fefe-4c42-adb0-32320ed4d437/aws-java-sdk-bundle-1.12.772.jar to class loader
[2025-12-03T06:18:58.480+0000] {spark_read_mongo_dag.py:60} ERROR - spark-submit stderr | 25/12/03 06:18:21 INFO Executor: Fetching spark://cb8e7c19f994:36295/jars/mongo-spark-connector_2.12-10.1.1.jar with timestamp 1764742675516
[2025-12-03T06:18:58.480+0000] {spark_read_mongo_dag.py:60} ERROR - spark-submit stderr | 25/12/03 06:18:21 INFO Utils: Fetching spark://cb8e7c19f994:36295/jars/mongo-spark-connector_2.12-10.1.1.jar to /tmp/spark-92ae3072-f0f0-4def-b4bc-6fd32b819d90/userFiles-a667cbab-fefe-4c42-adb0-32320ed4d437/fetchFileTemp6334722519830184813.tmp
[2025-12-03T06:18:58.480+0000] {spark_read_mongo_dag.py:60} ERROR - spark-submit stderr | 25/12/03 06:18:22 INFO Executor: Adding file:/tmp/spark-92ae3072-f0f0-4def-b4bc-6fd32b819d90/userFiles-a667cbab-fefe-4c42-adb0-32320ed4d437/mongo-spark-connector_2.12-10.1.1.jar to class loader
[2025-12-03T06:18:58.481+0000] {spark_read_mongo_dag.py:60} ERROR - spark-submit stderr | 25/12/03 06:18:22 INFO Executor: Fetching spark://cb8e7c19f994:36295/jars/iceberg-nessie-1.5.2.jar with timestamp 1764742675516
[2025-12-03T06:18:58.483+0000] {spark_read_mongo_dag.py:60} ERROR - spark-submit stderr | 25/12/03 06:18:22 INFO Utils: Fetching spark://cb8e7c19f994:36295/jars/iceberg-nessie-1.5.2.jar to /tmp/spark-92ae3072-f0f0-4def-b4bc-6fd32b819d90/userFiles-a667cbab-fefe-4c42-adb0-32320ed4d437/fetchFileTemp9302778487778987294.tmp
[2025-12-03T06:18:58.483+0000] {spark_read_mongo_dag.py:60} ERROR - spark-submit stderr | 25/12/03 06:18:22 INFO Executor: Adding file:/tmp/spark-92ae3072-f0f0-4def-b4bc-6fd32b819d90/userFiles-a667cbab-fefe-4c42-adb0-32320ed4d437/iceberg-nessie-1.5.2.jar to class loader
[2025-12-03T06:18:58.484+0000] {spark_read_mongo_dag.py:60} ERROR - spark-submit stderr | 25/12/03 06:18:22 INFO Executor: Fetching spark://cb8e7c19f994:36295/jars/nessie-client-0.99.0.jar with timestamp 1764742675516
[2025-12-03T06:18:58.484+0000] {spark_read_mongo_dag.py:60} ERROR - spark-submit stderr | 25/12/03 06:18:22 INFO Utils: Fetching spark://cb8e7c19f994:36295/jars/nessie-client-0.99.0.jar to /tmp/spark-92ae3072-f0f0-4def-b4bc-6fd32b819d90/userFiles-a667cbab-fefe-4c42-adb0-32320ed4d437/fetchFileTemp2002462080108497812.tmp
[2025-12-03T06:18:58.484+0000] {spark_read_mongo_dag.py:60} ERROR - spark-submit stderr | 25/12/03 06:18:22 INFO Executor: Adding file:/tmp/spark-92ae3072-f0f0-4def-b4bc-6fd32b819d90/userFiles-a667cbab-fefe-4c42-adb0-32320ed4d437/nessie-client-0.99.0.jar to class loader
[2025-12-03T06:18:58.485+0000] {spark_read_mongo_dag.py:60} ERROR - spark-submit stderr | 25/12/03 06:18:22 INFO Executor: Fetching spark://cb8e7c19f994:36295/jars/bson-4.11.2.jar with timestamp 1764742675516
[2025-12-03T06:18:58.485+0000] {spark_read_mongo_dag.py:60} ERROR - spark-submit stderr | 25/12/03 06:18:22 INFO Utils: Fetching spark://cb8e7c19f994:36295/jars/bson-4.11.2.jar to /tmp/spark-92ae3072-f0f0-4def-b4bc-6fd32b819d90/userFiles-a667cbab-fefe-4c42-adb0-32320ed4d437/fetchFileTemp15695257072235872382.tmp
[2025-12-03T06:18:58.485+0000] {spark_read_mongo_dag.py:60} ERROR - spark-submit stderr | 25/12/03 06:18:22 INFO Executor: Adding file:/tmp/spark-92ae3072-f0f0-4def-b4bc-6fd32b819d90/userFiles-a667cbab-fefe-4c42-adb0-32320ed4d437/bson-4.11.2.jar to class loader
[2025-12-03T06:18:58.486+0000] {spark_read_mongo_dag.py:60} ERROR - spark-submit stderr | 25/12/03 06:18:22 INFO Executor: Fetching spark://cb8e7c19f994:36295/jars/mongodb-driver-sync-4.11.2.jar with timestamp 1764742675516
[2025-12-03T06:18:58.486+0000] {spark_read_mongo_dag.py:60} ERROR - spark-submit stderr | 25/12/03 06:18:22 INFO Utils: Fetching spark://cb8e7c19f994:36295/jars/mongodb-driver-sync-4.11.2.jar to /tmp/spark-92ae3072-f0f0-4def-b4bc-6fd32b819d90/userFiles-a667cbab-fefe-4c42-adb0-32320ed4d437/fetchFileTemp15852069491310631401.tmp
[2025-12-03T06:18:58.486+0000] {spark_read_mongo_dag.py:60} ERROR - spark-submit stderr | 25/12/03 06:18:22 INFO Executor: Adding file:/tmp/spark-92ae3072-f0f0-4def-b4bc-6fd32b819d90/userFiles-a667cbab-fefe-4c42-adb0-32320ed4d437/mongodb-driver-sync-4.11.2.jar to class loader
[2025-12-03T06:18:58.486+0000] {spark_read_mongo_dag.py:60} ERROR - spark-submit stderr | 25/12/03 06:18:22 INFO Utils: Successfully started service 'org.apache.spark.network.netty.NettyBlockTransferService' on port 39579.
[2025-12-03T06:18:58.487+0000] {spark_read_mongo_dag.py:60} ERROR - spark-submit stderr | 25/12/03 06:18:22 INFO NettyBlockTransferService: Server created on cb8e7c19f994:39579
[2025-12-03T06:18:58.487+0000] {spark_read_mongo_dag.py:60} ERROR - spark-submit stderr | 25/12/03 06:18:22 INFO BlockManager: Using org.apache.spark.storage.RandomBlockReplicationPolicy for block replication policy
[2025-12-03T06:18:58.487+0000] {spark_read_mongo_dag.py:60} ERROR - spark-submit stderr | 25/12/03 06:18:22 INFO BlockManagerMaster: Registering BlockManager BlockManagerId(driver, cb8e7c19f994, 39579, None)
[2025-12-03T06:18:58.488+0000] {spark_read_mongo_dag.py:60} ERROR - spark-submit stderr | 25/12/03 06:18:22 INFO BlockManagerMasterEndpoint: Registering block manager cb8e7c19f994:39579 with 434.4 MiB RAM, BlockManagerId(driver, cb8e7c19f994, 39579, None)
[2025-12-03T06:18:58.488+0000] {spark_read_mongo_dag.py:60} ERROR - spark-submit stderr | 25/12/03 06:18:22 INFO BlockManagerMaster: Registered BlockManager BlockManagerId(driver, cb8e7c19f994, 39579, None)
[2025-12-03T06:18:58.488+0000] {spark_read_mongo_dag.py:60} ERROR - spark-submit stderr | 25/12/03 06:18:22 INFO BlockManager: Initialized BlockManager: BlockManagerId(driver, cb8e7c19f994, 39579, None)
[2025-12-03T06:18:58.489+0000] {spark_read_mongo_dag.py:60} ERROR - spark-submit stderr | 25/12/03 06:18:24 INFO SharedState: Setting hive.metastore.warehouse.dir ('null') to the value of spark.sql.warehouse.dir.
[2025-12-03T06:18:58.489+0000] {spark_read_mongo_dag.py:60} ERROR - spark-submit stderr | 25/12/03 06:18:24 INFO SharedState: Warehouse path is 'file:/opt/***/spark-warehouse'.
[2025-12-03T06:18:58.490+0000] {spark_read_mongo_dag.py:60} ERROR - spark-submit stderr | 25/12/03 06:18:27 INFO client: MongoClient with metadata {"driver": {"name": "mongo-java-driver|sync|mongo-spark-connector|source", "version": "4.11.2|10.1.1"}, "os": {"type": "Linux", "name": "Linux", "architecture": "amd64", "version": "6.6.87.2-microsoft-standard-WSL2"}, "platform": "Java/Debian/17.0.17+10-Debian-1deb12u1|Scala/2.12.17/Spark/3.4.1"} created with settings MongoClientSettings{readPreference=primary, writeConcern=WriteConcern{w=null, wTimeout=null ms, journal=null}, retryWrites=true, retryReads=true, readConcern=ReadConcern{level=null}, credential=null, transportSettings=null, streamFactoryFactory=null, commandListeners=[], codecRegistry=ProvidersCodecRegistry{codecProviders=[ValueCodecProvider{}, BsonValueCodecProvider{}, DBRefCodecProvider{}, DBObjectCodecProvider{}, DocumentCodecProvider{}, CollectionCodecProvider{}, IterableCodecProvider{}, MapCodecProvider{}, GeoJsonCodecProvider{}, GridFSFileCodecProvider{}, Jsr310CodecProvider{}, JsonObjectCodecProvider{}, BsonCodecProvider{}, EnumCodecProvider{}, com.mongodb.client.model.mql.ExpressionCodecProvider@35bcc150, com.mongodb.Jep395RecordCodecProvider@7a01adbd, com.mongodb.KotlinCodecProvider@c9fb0be]}, loggerSettings=LoggerSettings{maxDocumentLength=1000}, clusterSettings={hosts=[172.168.168.206:27017], srvServiceName=mongodb, mode=SINGLE, requiredClusterType=UNKNOWN, requiredReplicaSetName='null', serverSelector='null', clusterListeners='[]', serverSelectionTimeout='30000 ms', localThreshold='15 ms'}, socketSettings=SocketSettings{connectTimeoutMS=10000, readTimeoutMS=0, receiveBufferSize=0, proxySettings=ProxySettings{host=null, port=null, username=null, password=null}}, heartbeatSocketSettings=SocketSettings{connectTimeoutMS=10000, readTimeoutMS=10000, receiveBufferSize=0, proxySettings=ProxySettings{host=null, port=null, username=null, password=null}}, connectionPoolSettings=ConnectionPoolSettings{maxSize=100, minSize=0, maxWaitTimeMS=120000, maxConnectionLifeTimeMS=0, maxConnectionIdleTimeMS=0, maintenanceInitialDelayMS=0, maintenanceFrequencyMS=60000, connectionPoolListeners=[], maxConnecting=2}, serverSettings=ServerSettings{heartbeatFrequencyMS=10000, minHeartbeatFrequencyMS=500, serverListeners='[]', serverMonitorListeners='[]'}, sslSettings=SslSettings{enabled=false, invalidHostNameAllowed=false, context=null}, applicationName='null', compressorList=[], uuidRepresentation=UNSPECIFIED, serverApi=null, autoEncryptionSettings=null, dnsClient=null, inetAddressResolver=null, contextProvider=null}
[2025-12-03T06:18:58.490+0000] {spark_read_mongo_dag.py:60} ERROR - spark-submit stderr | 25/12/03 06:18:27 INFO cluster: No server chosen by ReadPreferenceServerSelector{readPreference=primary} from cluster description ClusterDescription{type=UNKNOWN, connectionMode=SINGLE, serverDescriptions=[ServerDescription{address=172.168.168.206:27017, type=UNKNOWN, state=CONNECTING}]}. Waiting for 30000 ms before timing out
[2025-12-03T06:18:58.490+0000] {spark_read_mongo_dag.py:60} ERROR - spark-submit stderr | 25/12/03 06:18:37 INFO cluster: Exception in monitor thread while connecting to server 172.168.168.206:27017
[2025-12-03T06:18:58.491+0000] {spark_read_mongo_dag.py:60} ERROR - spark-submit stderr | com.mongodb.MongoSocketOpenException: Exception opening socket
[2025-12-03T06:18:58.491+0000] {spark_read_mongo_dag.py:60} ERROR - spark-submit stderr | 	at com.mongodb.internal.connection.SocketStream.lambda$open$0(SocketStream.java:84)
[2025-12-03T06:18:58.491+0000] {spark_read_mongo_dag.py:60} ERROR - spark-submit stderr | 	at java.base/java.util.Optional.orElseThrow(Optional.java:403)
[2025-12-03T06:18:58.492+0000] {spark_read_mongo_dag.py:60} ERROR - spark-submit stderr | 	at com.mongodb.internal.connection.SocketStream.open(SocketStream.java:84)
[2025-12-03T06:18:58.492+0000] {spark_read_mongo_dag.py:60} ERROR - spark-submit stderr | 	at com.mongodb.internal.connection.InternalStreamConnection.open(InternalStreamConnection.java:211)
[2025-12-03T06:18:58.492+0000] {spark_read_mongo_dag.py:60} ERROR - spark-submit stderr | 	at com.mongodb.internal.connection.DefaultServerMonitor$ServerMonitorRunnable.lookupServerDescription(DefaultServerMonitor.java:193)
[2025-12-03T06:18:58.493+0000] {spark_read_mongo_dag.py:60} ERROR - spark-submit stderr | 	at com.mongodb.internal.connection.DefaultServerMonitor$ServerMonitorRunnable.run(DefaultServerMonitor.java:153)
[2025-12-03T06:18:58.494+0000] {spark_read_mongo_dag.py:60} ERROR - spark-submit stderr | 	at java.base/java.lang.Thread.run(Thread.java:840)
[2025-12-03T06:18:58.495+0000] {spark_read_mongo_dag.py:60} ERROR - spark-submit stderr | Caused by: java.net.SocketTimeoutException: Connect timed out
[2025-12-03T06:18:58.496+0000] {spark_read_mongo_dag.py:60} ERROR - spark-submit stderr | 	at java.base/sun.nio.ch.NioSocketImpl.timedFinishConnect(NioSocketImpl.java:551)
[2025-12-03T06:18:58.496+0000] {spark_read_mongo_dag.py:60} ERROR - spark-submit stderr | 	at java.base/sun.nio.ch.NioSocketImpl.connect(NioSocketImpl.java:602)
[2025-12-03T06:18:58.496+0000] {spark_read_mongo_dag.py:60} ERROR - spark-submit stderr | 	at java.base/java.net.SocksSocketImpl.connect(SocksSocketImpl.java:327)
[2025-12-03T06:18:58.497+0000] {spark_read_mongo_dag.py:60} ERROR - spark-submit stderr | 	at java.base/java.net.Socket.connect(Socket.java:633)
[2025-12-03T06:18:58.497+0000] {spark_read_mongo_dag.py:60} ERROR - spark-submit stderr | 	at com.mongodb.internal.connection.SocketStreamHelper.initialize(SocketStreamHelper.java:76)
[2025-12-03T06:18:58.497+0000] {spark_read_mongo_dag.py:60} ERROR - spark-submit stderr | 	at com.mongodb.internal.connection.SocketStream.initializeSocket(SocketStream.java:104)
[2025-12-03T06:18:58.498+0000] {spark_read_mongo_dag.py:60} ERROR - spark-submit stderr | 	at com.mongodb.internal.connection.SocketStream.open(SocketStream.java:78)
[2025-12-03T06:18:58.498+0000] {spark_read_mongo_dag.py:60} ERROR - spark-submit stderr | 	... 4 more
[2025-12-03T06:18:58.498+0000] {spark_read_mongo_dag.py:60} ERROR - spark-submit stderr | 25/12/03 06:18:57 INFO SparkContext: Invoking stop() from shutdown hook
[2025-12-03T06:18:58.499+0000] {spark_read_mongo_dag.py:60} ERROR - spark-submit stderr | 25/12/03 06:18:57 INFO SparkContext: SparkContext is stopping with exitCode 0.
[2025-12-03T06:18:58.499+0000] {spark_read_mongo_dag.py:60} ERROR - spark-submit stderr | 25/12/03 06:18:57 INFO SparkUI: Stopped Spark web UI at http://cb8e7c19f994:4040
[2025-12-03T06:18:58.499+0000] {spark_read_mongo_dag.py:60} ERROR - spark-submit stderr | 25/12/03 06:18:57 INFO MapOutputTrackerMasterEndpoint: MapOutputTrackerMasterEndpoint stopped!
[2025-12-03T06:18:58.500+0000] {spark_read_mongo_dag.py:60} ERROR - spark-submit stderr | 25/12/03 06:18:57 INFO MemoryStore: MemoryStore cleared
[2025-12-03T06:18:58.500+0000] {spark_read_mongo_dag.py:60} ERROR - spark-submit stderr | 25/12/03 06:18:57 INFO BlockManager: BlockManager stopped
[2025-12-03T06:18:58.500+0000] {spark_read_mongo_dag.py:60} ERROR - spark-submit stderr | 25/12/03 06:18:57 INFO BlockManagerMaster: BlockManagerMaster stopped
[2025-12-03T06:18:58.501+0000] {spark_read_mongo_dag.py:60} ERROR - spark-submit stderr | 25/12/03 06:18:57 INFO OutputCommitCoordinator$OutputCommitCoordinatorEndpoint: OutputCommitCoordinator stopped!
[2025-12-03T06:18:58.501+0000] {spark_read_mongo_dag.py:60} ERROR - spark-submit stderr | 25/12/03 06:18:58 INFO SparkContext: Successfully stopped SparkContext
[2025-12-03T06:18:58.501+0000] {spark_read_mongo_dag.py:60} ERROR - spark-submit stderr | 25/12/03 06:18:58 INFO ShutdownHookManager: Shutdown hook called
[2025-12-03T06:18:58.502+0000] {spark_read_mongo_dag.py:60} ERROR - spark-submit stderr | 25/12/03 06:18:58 INFO ShutdownHookManager: Deleting directory /tmp/spark-04e93c82-9e73-4884-b5db-fc7fff46730a
[2025-12-03T06:18:58.502+0000] {spark_read_mongo_dag.py:60} ERROR - spark-submit stderr | 25/12/03 06:18:58 INFO ShutdownHookManager: Deleting directory /tmp/spark-92ae3072-f0f0-4def-b4bc-6fd32b819d90
[2025-12-03T06:18:58.502+0000] {spark_read_mongo_dag.py:60} ERROR - spark-submit stderr | 25/12/03 06:18:58 INFO ShutdownHookManager: Deleting directory /tmp/spark-92ae3072-f0f0-4def-b4bc-6fd32b819d90/pyspark-541e8654-85a1-436c-a360-202d99bc57d3
[2025-12-03T06:18:58.505+0000] {spark_read_mongo_dag.py:66} ERROR - Exception in run_spark_job: spark-submit failed with exit 1
[2025-12-03T06:18:58.505+0000] {spark_read_mongo_dag.py:67} ERROR - Traceback:
Traceback (most recent call last):
  File "/opt/***/dags/spark_read_mongo_dag.py", line 62, in run_spark_job
    raise RuntimeError(f"spark-submit failed with exit {proc.returncode}")
RuntimeError: spark-submit failed with exit 1

[2025-12-03T06:18:58.506+0000] {taskinstance.py:441} INFO - ::group::Post task execution logs
[2025-12-03T06:18:58.517+0000] {taskinstance.py:2905} ERROR - Task failed with exception
Traceback (most recent call last):
  File "/home/airflow/.local/lib/python3.9/site-packages/airflow/models/taskinstance.py", line 465, in _execute_task
    result = _execute_callable(context=context, **execute_callable_kwargs)
  File "/home/airflow/.local/lib/python3.9/site-packages/airflow/models/taskinstance.py", line 432, in _execute_callable
    return execute_callable(context=context, **execute_callable_kwargs)
  File "/home/airflow/.local/lib/python3.9/site-packages/airflow/models/baseoperator.py", line 401, in wrapper
    return func(self, *args, **kwargs)
  File "/home/airflow/.local/lib/python3.9/site-packages/airflow/operators/python.py", line 235, in execute
    return_value = self.execute_callable()
  File "/home/airflow/.local/lib/python3.9/site-packages/airflow/operators/python.py", line 252, in execute_callable
    return self.python_callable(*self.op_args, **self.op_kwargs)
  File "/opt/airflow/dags/spark_read_mongo_dag.py", line 62, in run_spark_job
    raise RuntimeError(f"spark-submit failed with exit {proc.returncode}")
RuntimeError: spark-submit failed with exit 1
[2025-12-03T06:18:58.553+0000] {taskinstance.py:1206} INFO - Marking task as FAILED. dag_id=mongo_iceberg_dag, task_id=run_mongo_to_iceberg, run_id=manual__2025-12-03T06:17:29.358663+00:00, execution_date=20251203T061729, start_date=20251203T061731, end_date=20251203T061858
[2025-12-03T06:18:59.083+0000] {standard_task_runner.py:110} ERROR - Failed to execute job 29 for task run_mongo_to_iceberg (spark-submit failed with exit 1; 376)
[2025-12-03T06:18:59.130+0000] {local_task_job_runner.py:240} INFO - Task exited with return code 1
[2025-12-03T06:18:59.370+0000] {taskinstance.py:3503} INFO - 0 downstream tasks scheduled from follow-on schedule check
[2025-12-03T06:18:59.446+0000] {local_task_job_runner.py:222} INFO - ::endgroup::
