[2025-12-04T11:02:17.675+0000] {local_task_job_runner.py:120} INFO - ::group::Pre task execution logs
[2025-12-04T11:02:17.855+0000] {taskinstance.py:2076} INFO - Dependencies all met for dep_context=non-requeueable deps ti=<TaskInstance: mongo_iceberg_dremio_dag.configure_dremio_source manual__2025-12-04T11:01:20.869613+00:00 [queued]>
[2025-12-04T11:02:17.867+0000] {taskinstance.py:2076} INFO - Dependencies all met for dep_context=requeueable deps ti=<TaskInstance: mongo_iceberg_dremio_dag.configure_dremio_source manual__2025-12-04T11:01:20.869613+00:00 [queued]>
[2025-12-04T11:02:17.868+0000] {taskinstance.py:2306} INFO - Starting attempt 1 of 1
[2025-12-04T11:02:17.909+0000] {taskinstance.py:2330} INFO - Executing <Task(PythonOperator): configure_dremio_source> on 2025-12-04 11:01:20.869613+00:00
[2025-12-04T11:02:17.914+0000] {standard_task_runner.py:63} INFO - Started process 710 to run task
[2025-12-04T11:02:17.918+0000] {standard_task_runner.py:90} INFO - Running: ['***', 'tasks', 'run', 'mongo_iceberg_dremio_dag', 'configure_dremio_source', 'manual__2025-12-04T11:01:20.869613+00:00', '--job-id', '84', '--raw', '--subdir', 'DAGS_FOLDER/spark_read_mongo_dag.py', '--cfg-path', '/tmp/tmpxg7zdild']
[2025-12-04T11:02:17.921+0000] {standard_task_runner.py:91} INFO - Job 84: Subtask configure_dremio_source
[2025-12-04T11:02:18.056+0000] {task_command.py:426} INFO - Running <TaskInstance: mongo_iceberg_dremio_dag.configure_dremio_source manual__2025-12-04T11:01:20.869613+00:00 [running]> on host 3df9a8d6b5da
[2025-12-04T11:02:18.584+0000] {taskinstance.py:2648} INFO - Exporting env vars: AIRFLOW_CTX_DAG_OWNER='deeku' AIRFLOW_CTX_DAG_ID='mongo_iceberg_dremio_dag' AIRFLOW_CTX_TASK_ID='configure_dremio_source' AIRFLOW_CTX_EXECUTION_DATE='2025-12-04T11:01:20.869613+00:00' AIRFLOW_CTX_TRY_NUMBER='1' AIRFLOW_CTX_DAG_RUN_ID='manual__2025-12-04T11:01:20.869613+00:00'
[2025-12-04T11:02:18.585+0000] {taskinstance.py:430} INFO - ::endgroup::
[2025-12-04T11:02:18.807+0000] {spark_read_mongo_dag.py:367} INFO - Creating Dremio source 'iceberg' with payload: {"name": "iceberg", "config": {"restEndpointUri": "http://nessie:19120/api/v2", "propertyList": [{"name": "warehouse", "value": "s3a://iceberg/"}], "secretPropertyList": [{"name": "fs.s3a.access.key", "value": "minioadmin"}, {"name": "fs.s3a.secret.key", "value": "minioadmin123"}], "isUsingVendedCredentials": false, "enableAsync": true, "isCachingEnabled": true, "isRecursiveAllowedNamespaces": true}}
[2025-12-04T11:02:18.902+0000] {spark_read_mongo_dag.py:374} ERROR - Failed to create Dremio source. status=400 body={"errorMessage":"Invalid value found at: config","moreInfo":"","stackTrace":[]}
[2025-12-04T11:02:18.903+0000] {taskinstance.py:441} INFO - ::group::Post task execution logs
[2025-12-04T11:02:18.904+0000] {taskinstance.py:2905} ERROR - Task failed with exception
Traceback (most recent call last):
  File "/home/airflow/.local/lib/python3.9/site-packages/airflow/models/taskinstance.py", line 465, in _execute_task
    result = _execute_callable(context=context, **execute_callable_kwargs)
  File "/home/airflow/.local/lib/python3.9/site-packages/airflow/models/taskinstance.py", line 432, in _execute_callable
    return execute_callable(context=context, **execute_callable_kwargs)
  File "/home/airflow/.local/lib/python3.9/site-packages/airflow/models/baseoperator.py", line 401, in wrapper
    return func(self, *args, **kwargs)
  File "/home/airflow/.local/lib/python3.9/site-packages/airflow/operators/python.py", line 235, in execute
    return_value = self.execute_callable()
  File "/home/airflow/.local/lib/python3.9/site-packages/airflow/operators/python.py", line 252, in execute_callable
    return self.python_callable(*self.op_args, **self.op_kwargs)
  File "/opt/airflow/dags/spark_read_mongo_dag.py", line 375, in create_dremio_iceberg_source
    r.raise_for_status()
  File "/home/airflow/.local/lib/python3.9/site-packages/requests/models.py", line 1021, in raise_for_status
    raise HTTPError(http_error_msg, response=self)
requests.exceptions.HTTPError: 400 Client Error: Bad Request for url: http://dremio:9047/api/v3/source
[2025-12-04T11:02:18.919+0000] {taskinstance.py:1206} INFO - Marking task as FAILED. dag_id=mongo_iceberg_dremio_dag, task_id=configure_dremio_source, run_id=manual__2025-12-04T11:01:20.869613+00:00, execution_date=20251204T110120, start_date=20251204T110217, end_date=20251204T110218
[2025-12-04T11:02:19.076+0000] {standard_task_runner.py:110} ERROR - Failed to execute job 84 for task configure_dremio_source (400 Client Error: Bad Request for url: http://dremio:9047/api/v3/source; 710)
[2025-12-04T11:02:19.095+0000] {local_task_job_runner.py:240} INFO - Task exited with return code 1
[2025-12-04T11:02:19.127+0000] {taskinstance.py:3503} INFO - 0 downstream tasks scheduled from follow-on schedule check
[2025-12-04T11:02:19.193+0000] {local_task_job_runner.py:222} INFO - ::endgroup::
