[2025-12-08T12:14:08.335+0000] {local_task_job_runner.py:120} INFO - ::group::Pre task execution logs
[2025-12-08T12:14:08.387+0000] {taskinstance.py:2076} INFO - Dependencies all met for dep_context=non-requeueable deps ti=<TaskInstance: mongo_iceberg_dremio_dagg.query_dremio_tables manual__2025-12-08T12:08:14.947342+00:00 [queued]>
[2025-12-08T12:14:08.401+0000] {taskinstance.py:2076} INFO - Dependencies all met for dep_context=requeueable deps ti=<TaskInstance: mongo_iceberg_dremio_dagg.query_dremio_tables manual__2025-12-08T12:08:14.947342+00:00 [queued]>
[2025-12-08T12:14:08.403+0000] {taskinstance.py:2306} INFO - Starting attempt 1 of 2
[2025-12-08T12:14:08.458+0000] {taskinstance.py:2330} INFO - Executing <Task(PythonOperator): query_dremio_tables> on 2025-12-08 12:08:14.947342+00:00
[2025-12-08T12:14:08.465+0000] {standard_task_runner.py:63} INFO - Started process 1579 to run task
[2025-12-08T12:14:08.469+0000] {standard_task_runner.py:90} INFO - Running: ['***', 'tasks', 'run', 'mongo_iceberg_dremio_dagg', 'query_dremio_tables', 'manual__2025-12-08T12:08:14.947342+00:00', '--job-id', '146', '--raw', '--subdir', 'DAGS_FOLDER/spark_read_mongo_dag.py', '--cfg-path', '/tmp/tmpgtqvgy6u']
[2025-12-08T12:14:08.472+0000] {standard_task_runner.py:91} INFO - Job 146: Subtask query_dremio_tables
[2025-12-08T12:14:08.586+0000] {task_command.py:426} INFO - Running <TaskInstance: mongo_iceberg_dremio_dagg.query_dremio_tables manual__2025-12-08T12:08:14.947342+00:00 [running]> on host d8c44c1d4518
[2025-12-08T12:14:08.757+0000] {taskinstance.py:2648} INFO - Exporting env vars: AIRFLOW_CTX_DAG_OWNER='deeku' AIRFLOW_CTX_DAG_ID='mongo_iceberg_dremio_dagg' AIRFLOW_CTX_TASK_ID='query_dremio_tables' AIRFLOW_CTX_EXECUTION_DATE='2025-12-08T12:08:14.947342+00:00' AIRFLOW_CTX_TRY_NUMBER='1' AIRFLOW_CTX_DAG_RUN_ID='manual__2025-12-08T12:08:14.947342+00:00'
[2025-12-08T12:14:08.758+0000] {taskinstance.py:430} INFO - ::endgroup::
[2025-12-08T12:14:08.771+0000] {spark_read_mongo_dag.py:559} INFO - === Querying Dremio Tables ===
[2025-12-08T12:14:08.771+0000] {spark_read_mongo_dag.py:582} INFO - Executing query: SHOW SCHEMAS IN "iceberg"
[2025-12-08T12:14:08.845+0000] {spark_read_mongo_dag.py:500} INFO - Submitting query to Dremio: SHOW SCHEMAS IN "iceberg"
[2025-12-08T12:14:08.862+0000] {spark_read_mongo_dag.py:508} INFO - Dremio job started: 16c93eee-8041-007b-d9da-250b3612ce00
[2025-12-08T12:14:39.074+0000] {spark_read_mongo_dag.py:548} ERROR - Error executing Dremio query: Timed out waiting for Dremio job 16c93eee-8041-007b-d9da-250b3612ce00 to finish after 30 seconds
[2025-12-08T12:14:39.075+0000] {spark_read_mongo_dag.py:615} WARNING - Query timed out: SHOW SCHEMAS IN "iceberg"
[2025-12-08T12:14:39.076+0000] {spark_read_mongo_dag.py:582} INFO - Executing query: SHOW TABLES IN "iceberg"
[2025-12-08T12:14:39.144+0000] {spark_read_mongo_dag.py:500} INFO - Submitting query to Dremio: SHOW TABLES IN "iceberg"
[2025-12-08T12:14:39.157+0000] {spark_read_mongo_dag.py:508} INFO - Dremio job started: 16c93ecf-d28c-b396-1c16-1e7996133200
[2025-12-08T12:15:09.380+0000] {spark_read_mongo_dag.py:548} ERROR - Error executing Dremio query: Timed out waiting for Dremio job 16c93ecf-d28c-b396-1c16-1e7996133200 to finish after 30 seconds
[2025-12-08T12:15:09.382+0000] {spark_read_mongo_dag.py:615} WARNING - Query timed out: SHOW TABLES IN "iceberg"
[2025-12-08T12:15:09.385+0000] {spark_read_mongo_dag.py:582} INFO - Executing query: SHOW TABLES IN "iceberg"."ai_segmentation"
[2025-12-08T12:15:09.479+0000] {spark_read_mongo_dag.py:500} INFO - Submitting query to Dremio: SHOW TABLES IN "iceberg"."ai_segmentation"
[2025-12-08T12:15:09.498+0000] {spark_read_mongo_dag.py:508} INFO - Dremio job started: 16c93eb2-1931-1cb1-2510-a0aa82f69500
[2025-12-08T12:15:39.752+0000] {spark_read_mongo_dag.py:548} ERROR - Error executing Dremio query: Timed out waiting for Dremio job 16c93eb2-1931-1cb1-2510-a0aa82f69500 to finish after 30 seconds
[2025-12-08T12:15:39.753+0000] {spark_read_mongo_dag.py:615} WARNING - Query timed out: SHOW TABLES IN "iceberg"."ai_segmentation"
[2025-12-08T12:15:39.755+0000] {spark_read_mongo_dag.py:582} INFO - Executing query: SELECT COUNT(*) as row_count FROM "iceberg"."ai_segmentation"."conversations"
[2025-12-08T12:15:39.833+0000] {spark_read_mongo_dag.py:500} INFO - Submitting query to Dremio: SELECT COUNT(*) as row_count FROM "iceberg"."ai_segmentation"."conversations"
[2025-12-08T12:15:39.847+0000] {spark_read_mongo_dag.py:508} INFO - Dremio job started: 16c93e93-b040-3191-0a39-e852afefb200
[2025-12-08T12:16:10.063+0000] {spark_read_mongo_dag.py:548} ERROR - Error executing Dremio query: Timed out waiting for Dremio job 16c93e93-b040-3191-0a39-e852afefb200 to finish after 30 seconds
[2025-12-08T12:16:10.064+0000] {spark_read_mongo_dag.py:615} WARNING - Query timed out: SELECT COUNT(*) as row_count FROM "iceberg"."ai_segmentation"."conversations"
[2025-12-08T12:16:10.065+0000] {spark_read_mongo_dag.py:582} INFO - Executing query: SELECT * FROM "iceberg"."ai_segmentation"."conversations" LIMIT 5
[2025-12-08T12:16:10.139+0000] {spark_read_mongo_dag.py:500} INFO - Submitting query to Dremio: SELECT * FROM "iceberg"."ai_segmentation"."conversations" LIMIT 5
[2025-12-08T12:16:10.158+0000] {spark_read_mongo_dag.py:508} INFO - Dremio job started: 16c93e74-fa74-3753-11fc-fae87824ae00
[2025-12-08T12:16:40.424+0000] {spark_read_mongo_dag.py:548} ERROR - Error executing Dremio query: Timed out waiting for Dremio job 16c93e74-fa74-3753-11fc-fae87824ae00 to finish after 30 seconds
[2025-12-08T12:16:40.425+0000] {spark_read_mongo_dag.py:615} WARNING - Query timed out: SELECT * FROM "iceberg"."ai_segmentation"."conversations" LIMIT 5
[2025-12-08T12:16:40.425+0000] {spark_read_mongo_dag.py:631} INFO - === All Query Attempts Summary ===
[2025-12-08T12:16:40.426+0000] {spark_read_mongo_dag.py:634} INFO - [✗] 1. SHOW SCHEMAS IN "iceberg"
[2025-12-08T12:16:40.427+0000] {spark_read_mongo_dag.py:636} INFO -    Error: Timeout
[2025-12-08T12:16:40.427+0000] {spark_read_mongo_dag.py:634} INFO - [✗] 2. SHOW TABLES IN "iceberg"
[2025-12-08T12:16:40.428+0000] {spark_read_mongo_dag.py:636} INFO -    Error: Timeout
[2025-12-08T12:16:40.429+0000] {spark_read_mongo_dag.py:634} INFO - [✗] 3. SHOW TABLES IN "iceberg"."ai_segmentation"
[2025-12-08T12:16:40.429+0000] {spark_read_mongo_dag.py:636} INFO -    Error: Timeout
[2025-12-08T12:16:40.430+0000] {spark_read_mongo_dag.py:634} INFO - [✗] 4. SELECT COUNT(*) as row_count FROM "iceberg"."ai_segmentation"."conversations"
[2025-12-08T12:16:40.430+0000] {spark_read_mongo_dag.py:636} INFO -    Error: Timeout
[2025-12-08T12:16:40.431+0000] {spark_read_mongo_dag.py:634} INFO - [✗] 5. SELECT * FROM "iceberg"."ai_segmentation"."conversations" LIMIT 5
[2025-12-08T12:16:40.431+0000] {spark_read_mongo_dag.py:636} INFO -    Error: Timeout
[2025-12-08T12:16:40.469+0000] {python.py:237} INFO - Done. Returned value was: {'status': 'partial_success', 'total_queries': 5, 'successful': 0, 'failed': 5, 'results': [{'query': 'SHOW SCHEMAS IN "iceberg"', 'success': False, 'error': 'Timeout', 'message': 'Timed out waiting for Dremio job 16c93eee-8041-007b-d9da-250b3612ce00 to finish after 30 seconds'}, {'query': 'SHOW TABLES IN "iceberg"', 'success': False, 'error': 'Timeout', 'message': 'Timed out waiting for Dremio job 16c93ecf-d28c-b396-1c16-1e7996133200 to finish after 30 seconds'}, {'query': 'SHOW TABLES IN "iceberg"."ai_segmentation"', 'success': False, 'error': 'Timeout', 'message': 'Timed out waiting for Dremio job 16c93eb2-1931-1cb1-2510-a0aa82f69500 to finish after 30 seconds'}, {'query': 'SELECT COUNT(*) as row_count FROM "iceberg"."ai_segmentation"."conversations"', 'success': False, 'error': 'Timeout', 'message': 'Timed out waiting for Dremio job 16c93e93-b040-3191-0a39-e852afefb200 to finish after 30 seconds'}, {'query': 'SELECT * FROM "iceberg"."ai_segmentation"."conversations" LIMIT 5', 'success': False, 'error': 'Timeout', 'message': 'Timed out waiting for Dremio job 16c93e74-fa74-3753-11fc-fae87824ae00 to finish after 30 seconds'}]}
[2025-12-08T12:16:40.469+0000] {taskinstance.py:441} INFO - ::group::Post task execution logs
[2025-12-08T12:16:40.518+0000] {taskinstance.py:1206} INFO - Marking task as SUCCESS. dag_id=mongo_iceberg_dremio_dagg, task_id=query_dremio_tables, run_id=manual__2025-12-08T12:08:14.947342+00:00, execution_date=20251208T120814, start_date=20251208T121408, end_date=20251208T121640
[2025-12-08T12:16:40.591+0000] {local_task_job_runner.py:240} INFO - Task exited with return code 0
[2025-12-08T12:16:40.611+0000] {taskinstance.py:3503} INFO - 0 downstream tasks scheduled from follow-on schedule check
[2025-12-08T12:16:40.663+0000] {local_task_job_runner.py:222} INFO - ::endgroup::
