[2025-12-04T07:43:17.462+0000] {local_task_job_runner.py:120} INFO - ::group::Pre task execution logs
[2025-12-04T07:43:17.531+0000] {taskinstance.py:2076} INFO - Dependencies all met for dep_context=non-requeueable deps ti=<TaskInstance: mongo_iceberg_dremio_dag.configure_dremio_source manual__2025-12-04T07:42:48.864103+00:00 [queued]>
[2025-12-04T07:43:17.541+0000] {taskinstance.py:2076} INFO - Dependencies all met for dep_context=requeueable deps ti=<TaskInstance: mongo_iceberg_dremio_dag.configure_dremio_source manual__2025-12-04T07:42:48.864103+00:00 [queued]>
[2025-12-04T07:43:17.542+0000] {taskinstance.py:2306} INFO - Starting attempt 1 of 1
[2025-12-04T07:43:17.592+0000] {taskinstance.py:2330} INFO - Executing <Task(PythonOperator): configure_dremio_source> on 2025-12-04 07:42:48.864103+00:00
[2025-12-04T07:43:17.597+0000] {standard_task_runner.py:63} INFO - Started process 507 to run task
[2025-12-04T07:43:17.601+0000] {standard_task_runner.py:90} INFO - Running: ['***', 'tasks', 'run', 'mongo_iceberg_dremio_dag', 'configure_dremio_source', 'manual__2025-12-04T07:42:48.864103+00:00', '--job-id', '79', '--raw', '--subdir', 'DAGS_FOLDER/spark_read_mongo_dag.py', '--cfg-path', '/tmp/tmp5ynd3bhx']
[2025-12-04T07:43:17.604+0000] {standard_task_runner.py:91} INFO - Job 79: Subtask configure_dremio_source
[2025-12-04T07:43:17.697+0000] {task_command.py:426} INFO - Running <TaskInstance: mongo_iceberg_dremio_dag.configure_dremio_source manual__2025-12-04T07:42:48.864103+00:00 [running]> on host ac2bc633af9c
[2025-12-04T07:43:17.866+0000] {taskinstance.py:2648} INFO - Exporting env vars: AIRFLOW_CTX_DAG_OWNER='deeku' AIRFLOW_CTX_DAG_ID='mongo_iceberg_dremio_dag' AIRFLOW_CTX_TASK_ID='configure_dremio_source' AIRFLOW_CTX_EXECUTION_DATE='2025-12-04T07:42:48.864103+00:00' AIRFLOW_CTX_TRY_NUMBER='1' AIRFLOW_CTX_DAG_RUN_ID='manual__2025-12-04T07:42:48.864103+00:00'
[2025-12-04T07:43:17.867+0000] {taskinstance.py:430} INFO - ::endgroup::
[2025-12-04T07:43:18.010+0000] {spark_read_mongo_dag.py:384} INFO - Creating Dremio source 'nessie_iceberg' with payload: {"name": "nessie_iceberg", "config": {"restEndpointUri": "http://nessie:19120/api/v2", "propertyList": [{"name": "warehouse", "value": "s3a://iceberg/"}], "secretPropertyList": [{"name": "fs.s3a.access.key", "value": "minioadmin"}, {"name": "fs.s3a.secret.key", "value": "minioadmin123"}], "isUsingVendedCredentials": false, "enableAsync": true, "isCachingEnabled": true, "isRecursiveAllowedNamespaces": true}}
[2025-12-04T07:43:18.094+0000] {spark_read_mongo_dag.py:393} ERROR - Failed to create Dremio source. status=400 body={"errorMessage":"Invalid value found at: config","moreInfo":"","stackTrace":[]}
[2025-12-04T07:43:18.095+0000] {taskinstance.py:441} INFO - ::group::Post task execution logs
[2025-12-04T07:43:18.095+0000] {taskinstance.py:2905} ERROR - Task failed with exception
Traceback (most recent call last):
  File "/home/airflow/.local/lib/python3.9/site-packages/airflow/models/taskinstance.py", line 465, in _execute_task
    result = _execute_callable(context=context, **execute_callable_kwargs)
  File "/home/airflow/.local/lib/python3.9/site-packages/airflow/models/taskinstance.py", line 432, in _execute_callable
    return execute_callable(context=context, **execute_callable_kwargs)
  File "/home/airflow/.local/lib/python3.9/site-packages/airflow/models/baseoperator.py", line 401, in wrapper
    return func(self, *args, **kwargs)
  File "/home/airflow/.local/lib/python3.9/site-packages/airflow/operators/python.py", line 235, in execute
    return_value = self.execute_callable()
  File "/home/airflow/.local/lib/python3.9/site-packages/airflow/operators/python.py", line 252, in execute_callable
    return self.python_callable(*self.op_args, **self.op_kwargs)
  File "/opt/airflow/dags/spark_read_mongo_dag.py", line 394, in create_dremio_iceberg_source
    r.raise_for_status()
  File "/home/airflow/.local/lib/python3.9/site-packages/requests/models.py", line 1021, in raise_for_status
    raise HTTPError(http_error_msg, response=self)
requests.exceptions.HTTPError: 400 Client Error: Bad Request for url: http://dremio:9047/api/v3/source
[2025-12-04T07:43:18.147+0000] {taskinstance.py:1206} INFO - Marking task as FAILED. dag_id=mongo_iceberg_dremio_dag, task_id=configure_dremio_source, run_id=manual__2025-12-04T07:42:48.864103+00:00, execution_date=20251204T074248, start_date=20251204T074317, end_date=20251204T074318
[2025-12-04T07:43:18.201+0000] {standard_task_runner.py:110} ERROR - Failed to execute job 79 for task configure_dremio_source (400 Client Error: Bad Request for url: http://dremio:9047/api/v3/source; 507)
[2025-12-04T07:43:18.216+0000] {local_task_job_runner.py:240} INFO - Task exited with return code 1
[2025-12-04T07:43:18.242+0000] {taskinstance.py:3503} INFO - 0 downstream tasks scheduled from follow-on schedule check
[2025-12-04T07:43:18.342+0000] {local_task_job_runner.py:222} INFO - ::endgroup::
