[2025-12-02T05:20:19.335+0000] {local_task_job_runner.py:120} INFO - ::group::Pre task execution logs
[2025-12-02T05:20:19.371+0000] {taskinstance.py:2076} INFO - Dependencies all met for dep_context=non-requeueable deps ti=<TaskInstance: mongo_to_iceberg_dag.run_mongo_to_iceberg manual__2025-12-02T05:20:18.169820+00:00 [queued]>
[2025-12-02T05:20:19.380+0000] {taskinstance.py:2076} INFO - Dependencies all met for dep_context=requeueable deps ti=<TaskInstance: mongo_to_iceberg_dag.run_mongo_to_iceberg manual__2025-12-02T05:20:18.169820+00:00 [queued]>
[2025-12-02T05:20:19.402+0000] {taskinstance.py:2306} INFO - Starting attempt 1 of 1
[2025-12-02T05:20:19.454+0000] {taskinstance.py:2330} INFO - Executing <Task(PythonOperator): run_mongo_to_iceberg> on 2025-12-02 05:20:18.169820+00:00
[2025-12-02T05:20:19.461+0000] {standard_task_runner.py:63} INFO - Started process 195 to run task
[2025-12-02T05:20:19.465+0000] {standard_task_runner.py:90} INFO - Running: ['***', 'tasks', 'run', 'mongo_to_iceberg_dag', 'run_mongo_to_iceberg', 'manual__2025-12-02T05:20:18.169820+00:00', '--job-id', '35', '--raw', '--subdir', 'DAGS_FOLDER/spark_read_mongo_dag.py', '--cfg-path', '/tmp/tmp57nm89ag']
[2025-12-02T05:20:19.468+0000] {standard_task_runner.py:91} INFO - Job 35: Subtask run_mongo_to_iceberg
[2025-12-02T05:20:19.670+0000] {task_command.py:426} INFO - Running <TaskInstance: mongo_to_iceberg_dag.run_mongo_to_iceberg manual__2025-12-02T05:20:18.169820+00:00 [running]> on host 5978eb534719
[2025-12-02T05:20:19.871+0000] {taskinstance.py:2648} INFO - Exporting env vars: AIRFLOW_CTX_DAG_OWNER='deeku' AIRFLOW_CTX_DAG_ID='mongo_to_iceberg_dag' AIRFLOW_CTX_TASK_ID='run_mongo_to_iceberg' AIRFLOW_CTX_EXECUTION_DATE='2025-12-02T05:20:18.169820+00:00' AIRFLOW_CTX_TRY_NUMBER='1' AIRFLOW_CTX_DAG_RUN_ID='manual__2025-12-02T05:20:18.169820+00:00'
[2025-12-02T05:20:19.874+0000] {taskinstance.py:430} INFO - ::endgroup::
[2025-12-02T05:20:19.898+0000] {spark_read_mongo_dag.py:28} INFO - START run_spark_job
[2025-12-02T05:20:19.901+0000] {spark_read_mongo_dag.py:30} INFO - Checking path: /opt/***/spark_jobs/mongo_pyspark.py exists=True
[2025-12-02T05:20:19.902+0000] {spark_read_mongo_dag.py:30} INFO - Checking path: /opt/***/jars exists=True
[2025-12-02T05:20:19.904+0000] {spark_read_mongo_dag.py:34} INFO - Jar check: /opt/***/jars/mongo-spark-connector_2.12-10.1.1.jar exists=True size=156368
[2025-12-02T05:20:19.906+0000] {spark_read_mongo_dag.py:34} INFO - Jar check: /opt/***/jars/bson-4.11.2.jar exists=True size=511356
[2025-12-02T05:20:19.908+0000] {spark_read_mongo_dag.py:34} INFO - Jar check: /opt/***/jars/mongodb-driver-core-4.11.2.jar exists=True size=1670650
[2025-12-02T05:20:19.910+0000] {spark_read_mongo_dag.py:34} INFO - Jar check: /opt/***/jars/mongodb-driver-sync-4.9.1.jar exists=True size=147212
[2025-12-02T05:20:19.912+0000] {spark_read_mongo_dag.py:34} INFO - Jar check: /opt/***/jars/iceberg-spark-runtime-3.5_2.12-1.5.2.jar exists=True size=41604737
[2025-12-02T05:20:19.913+0000] {spark_read_mongo_dag.py:34} INFO - Jar check: /opt/***/jars/hadoop-aws-3.3.4.jar exists=True size=962685
[2025-12-02T05:20:19.915+0000] {spark_read_mongo_dag.py:34} INFO - Jar check: /opt/***/jars/aws-java-sdk-bundle-1.12.772.jar exists=True size=388405806
[2025-12-02T05:20:19.915+0000] {spark_read_mongo_dag.py:36} INFO - which spark-submit -> /home/***/.local/bin/spark-submit
[2025-12-02T05:20:19.916+0000] {spark_read_mongo_dag.py:45} INFO - ENV SPARK_HOME=/opt/spark/spark-3.4.1-bin-hadoop3 JAVA_HOME=/usr/lib/jvm/java-17-openjdk-amd64
[2025-12-02T05:20:19.916+0000] {spark_read_mongo_dag.py:46} INFO - Env PATH head: ['/opt/spark/spark-3.4.1-bin-hadoop3/bin', '/usr/lib/jvm/java-17-openjdk-amd64/bin', '/opt/spark/bin', '/usr/lib/jvm/java-17-openjdk-amd64/bin', '/root/bin']
[2025-12-02T05:20:19.916+0000] {spark_read_mongo_dag.py:49} INFO - Running command: spark-submit --jars /opt/***/jars/mongo-spark-connector_2.12-10.1.1.jar,/opt/***/jars/bson-4.11.2.jar,/opt/***/jars/mongodb-driver-core-4.11.2.jar,/opt/***/jars/mongodb-driver-sync-4.9.1.jar,/opt/***/jars/iceberg-spark-runtime-3.5_2.12-1.5.2.jar,/opt/***/jars/hadoop-aws-3.3.4.jar,/opt/***/jars/aws-java-sdk-bundle-1.12.772.jar /opt/***/spark_jobs/mongo_pyspark.py
[2025-12-02T05:20:37.409+0000] {spark_read_mongo_dag.py:51} INFO - Process finished. returncode=1
[2025-12-02T05:20:37.411+0000] {spark_read_mongo_dag.py:54} INFO - spark-submit stdout | 📌 Spark session created
[2025-12-02T05:20:37.411+0000] {spark_read_mongo_dag.py:54} INFO - spark-submit stdout | Traceback (most recent call last):
[2025-12-02T05:20:37.412+0000] {spark_read_mongo_dag.py:54} INFO - spark-submit stdout |   File "/opt/***/spark_jobs/mongo_pyspark.py", line 57, in <module>
[2025-12-02T05:20:37.413+0000] {spark_read_mongo_dag.py:54} INFO - spark-submit stdout |     main()
[2025-12-02T05:20:37.413+0000] {spark_read_mongo_dag.py:54} INFO - spark-submit stdout |   File "/opt/***/spark_jobs/mongo_pyspark.py", line 34, in main
[2025-12-02T05:20:37.413+0000] {spark_read_mongo_dag.py:54} INFO - spark-submit stdout |     spark.read
[2025-12-02T05:20:37.414+0000] {spark_read_mongo_dag.py:54} INFO - spark-submit stdout |   File "/opt/spark/spark-3.4.1-bin-hadoop3/python/lib/pyspark.zip/pyspark/sql/readwriter.py", line 307, in load
[2025-12-02T05:20:37.414+0000] {spark_read_mongo_dag.py:54} INFO - spark-submit stdout |   File "/opt/spark/spark-3.4.1-bin-hadoop3/python/lib/py4j-0.10.9.7-src.zip/py4j/java_gateway.py", line 1322, in __call__
[2025-12-02T05:20:37.415+0000] {spark_read_mongo_dag.py:54} INFO - spark-submit stdout |   File "/opt/spark/spark-3.4.1-bin-hadoop3/python/lib/pyspark.zip/pyspark/errors/exceptions/captured.py", line 169, in deco
[2025-12-02T05:20:37.415+0000] {spark_read_mongo_dag.py:54} INFO - spark-submit stdout |   File "/opt/spark/spark-3.4.1-bin-hadoop3/python/lib/py4j-0.10.9.7-src.zip/py4j/protocol.py", line 326, in get_return_value
[2025-12-02T05:20:37.415+0000] {spark_read_mongo_dag.py:54} INFO - spark-submit stdout | py4j.protocol.Py4JJavaError: An error occurred while calling o49.load.
[2025-12-02T05:20:37.416+0000] {spark_read_mongo_dag.py:54} INFO - spark-submit stdout | : java.lang.NoSuchMethodError: 'com.mongodb.internal.connection.Cluster com.mongodb.internal.connection.DefaultClusterFactory.createCluster(com.mongodb.connection.ClusterSettings, com.mongodb.connection.ServerSettings, com.mongodb.connection.ConnectionPoolSettings, com.mongodb.internal.connection.InternalConnectionPoolSettings, com.mongodb.connection.StreamFactory, com.mongodb.connection.StreamFactory, com.mongodb.MongoCredential, com.mongodb.LoggerSettings, com.mongodb.event.CommandListener, java.lang.String, com.mongodb.MongoDriverInformation, java.util.List, com.mongodb.ServerApi)'
[2025-12-02T05:20:37.416+0000] {spark_read_mongo_dag.py:54} INFO - spark-submit stdout | 	at com.mongodb.client.internal.MongoClientImpl.createCluster(MongoClientImpl.java:228)
[2025-12-02T05:20:37.417+0000] {spark_read_mongo_dag.py:54} INFO - spark-submit stdout | 	at com.mongodb.client.internal.MongoClientImpl.<init>(MongoClientImpl.java:72)
[2025-12-02T05:20:37.417+0000] {spark_read_mongo_dag.py:54} INFO - spark-submit stdout | 	at com.mongodb.client.MongoClients.create(MongoClients.java:108)
[2025-12-02T05:20:37.417+0000] {spark_read_mongo_dag.py:54} INFO - spark-submit stdout | 	at com.mongodb.client.MongoClients.create(MongoClients.java:93)
[2025-12-02T05:20:37.418+0000] {spark_read_mongo_dag.py:54} INFO - spark-submit stdout | 	at com.mongodb.spark.sql.connector.connection.DefaultMongoClientFactory.create(DefaultMongoClientFactory.java:52)
[2025-12-02T05:20:37.418+0000] {spark_read_mongo_dag.py:54} INFO - spark-submit stdout | 	at com.mongodb.spark.sql.connector.connection.MongoClientCache.lambda$acquire$0(MongoClientCache.java:99)
[2025-12-02T05:20:37.419+0000] {spark_read_mongo_dag.py:54} INFO - spark-submit stdout | 	at java.base/java.util.HashMap.computeIfAbsent(HashMap.java:1220)
[2025-12-02T05:20:37.419+0000] {spark_read_mongo_dag.py:54} INFO - spark-submit stdout | 	at com.mongodb.spark.sql.connector.connection.MongoClientCache.acquire(MongoClientCache.java:97)
[2025-12-02T05:20:37.419+0000] {spark_read_mongo_dag.py:54} INFO - spark-submit stdout | 	at com.mongodb.spark.sql.connector.connection.LazyMongoClientCache.getMongoClient(LazyMongoClientCache.java:57)
[2025-12-02T05:20:37.420+0000] {spark_read_mongo_dag.py:54} INFO - spark-submit stdout | 	at com.mongodb.spark.sql.connector.config.AbstractMongoConfig.getMongoClient(AbstractMongoConfig.java:135)
[2025-12-02T05:20:37.420+0000] {spark_read_mongo_dag.py:54} INFO - spark-submit stdout | 	at com.mongodb.spark.sql.connector.config.ReadConfig.getMongoClient(ReadConfig.java:45)
[2025-12-02T05:20:37.420+0000] {spark_read_mongo_dag.py:54} INFO - spark-submit stdout | 	at com.mongodb.spark.sql.connector.config.AbstractMongoConfig.withCollection(AbstractMongoConfig.java:172)
[2025-12-02T05:20:37.421+0000] {spark_read_mongo_dag.py:54} INFO - spark-submit stdout | 	at com.mongodb.spark.sql.connector.config.ReadConfig.withCollection(ReadConfig.java:45)
[2025-12-02T05:20:37.421+0000] {spark_read_mongo_dag.py:54} INFO - spark-submit stdout | 	at com.mongodb.spark.sql.connector.schema.InferSchema.inferSchema(InferSchema.java:82)
[2025-12-02T05:20:37.421+0000] {spark_read_mongo_dag.py:54} INFO - spark-submit stdout | 	at com.mongodb.spark.sql.connector.MongoTableProvider.inferSchema(MongoTableProvider.java:62)
[2025-12-02T05:20:37.422+0000] {spark_read_mongo_dag.py:54} INFO - spark-submit stdout | 	at org.apache.spark.sql.execution.datasources.v2.DataSourceV2Utils$.getTableFromProvider(DataSourceV2Utils.scala:90)
[2025-12-02T05:20:37.422+0000] {spark_read_mongo_dag.py:54} INFO - spark-submit stdout | 	at org.apache.spark.sql.execution.datasources.v2.DataSourceV2Utils$.loadV2Source(DataSourceV2Utils.scala:140)
[2025-12-02T05:20:37.423+0000] {spark_read_mongo_dag.py:54} INFO - spark-submit stdout | 	at org.apache.spark.sql.DataFrameReader.$anonfun$load$1(DataFrameReader.scala:210)
[2025-12-02T05:20:37.423+0000] {spark_read_mongo_dag.py:54} INFO - spark-submit stdout | 	at scala.Option.flatMap(Option.scala:271)
[2025-12-02T05:20:37.423+0000] {spark_read_mongo_dag.py:54} INFO - spark-submit stdout | 	at org.apache.spark.sql.DataFrameReader.load(DataFrameReader.scala:208)
[2025-12-02T05:20:37.424+0000] {spark_read_mongo_dag.py:54} INFO - spark-submit stdout | 	at org.apache.spark.sql.DataFrameReader.load(DataFrameReader.scala:172)
[2025-12-02T05:20:37.424+0000] {spark_read_mongo_dag.py:54} INFO - spark-submit stdout | 	at java.base/jdk.internal.reflect.NativeMethodAccessorImpl.invoke0(Native Method)
[2025-12-02T05:20:37.425+0000] {spark_read_mongo_dag.py:54} INFO - spark-submit stdout | 	at java.base/jdk.internal.reflect.NativeMethodAccessorImpl.invoke(NativeMethodAccessorImpl.java:77)
[2025-12-02T05:20:37.425+0000] {spark_read_mongo_dag.py:54} INFO - spark-submit stdout | 	at java.base/jdk.internal.reflect.DelegatingMethodAccessorImpl.invoke(DelegatingMethodAccessorImpl.java:43)
[2025-12-02T05:20:37.425+0000] {spark_read_mongo_dag.py:54} INFO - spark-submit stdout | 	at java.base/java.lang.reflect.Method.invoke(Method.java:569)
[2025-12-02T05:20:37.426+0000] {spark_read_mongo_dag.py:54} INFO - spark-submit stdout | 	at py4j.reflection.MethodInvoker.invoke(MethodInvoker.java:244)
[2025-12-02T05:20:37.426+0000] {spark_read_mongo_dag.py:54} INFO - spark-submit stdout | 	at py4j.reflection.ReflectionEngine.invoke(ReflectionEngine.java:374)
[2025-12-02T05:20:37.426+0000] {spark_read_mongo_dag.py:54} INFO - spark-submit stdout | 	at py4j.Gateway.invoke(Gateway.java:282)
[2025-12-02T05:20:37.427+0000] {spark_read_mongo_dag.py:54} INFO - spark-submit stdout | 	at py4j.commands.AbstractCommand.invokeMethod(AbstractCommand.java:132)
[2025-12-02T05:20:37.427+0000] {spark_read_mongo_dag.py:54} INFO - spark-submit stdout | 	at py4j.commands.CallCommand.execute(CallCommand.java:79)
[2025-12-02T05:20:37.428+0000] {spark_read_mongo_dag.py:54} INFO - spark-submit stdout | 	at py4j.ClientServerConnection.waitForCommands(ClientServerConnection.java:182)
[2025-12-02T05:20:37.428+0000] {spark_read_mongo_dag.py:54} INFO - spark-submit stdout | 	at py4j.ClientServerConnection.run(ClientServerConnection.java:106)
[2025-12-02T05:20:37.429+0000] {spark_read_mongo_dag.py:54} INFO - spark-submit stdout | 	at java.base/java.lang.Thread.run(Thread.java:840)
[2025-12-02T05:20:37.429+0000] {spark_read_mongo_dag.py:54} INFO - spark-submit stdout | 
[2025-12-02T05:20:37.430+0000] {spark_read_mongo_dag.py:57} ERROR - spark-submit stderr | 25/12/02 05:20:21 WARN NativeCodeLoader: Unable to load native-hadoop library for your platform... using builtin-java classes where applicable
[2025-12-02T05:20:37.430+0000] {spark_read_mongo_dag.py:57} ERROR - spark-submit stderr | 25/12/02 05:20:23 INFO SparkContext: Running Spark version 3.4.1
[2025-12-02T05:20:37.430+0000] {spark_read_mongo_dag.py:57} ERROR - spark-submit stderr | 25/12/02 05:20:23 INFO ResourceUtils: ==============================================================
[2025-12-02T05:20:37.431+0000] {spark_read_mongo_dag.py:57} ERROR - spark-submit stderr | 25/12/02 05:20:23 INFO ResourceUtils: No custom resources configured for spark.driver.
[2025-12-02T05:20:37.431+0000] {spark_read_mongo_dag.py:57} ERROR - spark-submit stderr | 25/12/02 05:20:23 INFO ResourceUtils: ==============================================================
[2025-12-02T05:20:37.431+0000] {spark_read_mongo_dag.py:57} ERROR - spark-submit stderr | 25/12/02 05:20:23 INFO SparkContext: Submitted application: MongoToIceberg
[2025-12-02T05:20:37.432+0000] {spark_read_mongo_dag.py:57} ERROR - spark-submit stderr | 25/12/02 05:20:23 INFO ResourceProfile: Default ResourceProfile created, executor resources: Map(cores -> name: cores, amount: 1, script: , vendor: , memory -> name: memory, amount: 1024, script: , vendor: , offHeap -> name: offHeap, amount: 0, script: , vendor: ), task resources: Map(cpus -> name: cpus, amount: 1.0)
[2025-12-02T05:20:37.432+0000] {spark_read_mongo_dag.py:57} ERROR - spark-submit stderr | 25/12/02 05:20:23 INFO ResourceProfile: Limiting resource is cpu
[2025-12-02T05:20:37.432+0000] {spark_read_mongo_dag.py:57} ERROR - spark-submit stderr | 25/12/02 05:20:23 INFO ResourceProfileManager: Added ResourceProfile id: 0
[2025-12-02T05:20:37.432+0000] {spark_read_mongo_dag.py:57} ERROR - spark-submit stderr | 25/12/02 05:20:23 INFO SecurityManager: Changing view acls to: ***
[2025-12-02T05:20:37.433+0000] {spark_read_mongo_dag.py:57} ERROR - spark-submit stderr | 25/12/02 05:20:23 INFO SecurityManager: Changing modify acls to: ***
[2025-12-02T05:20:37.433+0000] {spark_read_mongo_dag.py:57} ERROR - spark-submit stderr | 25/12/02 05:20:23 INFO SecurityManager: Changing view acls groups to: 
[2025-12-02T05:20:37.434+0000] {spark_read_mongo_dag.py:57} ERROR - spark-submit stderr | 25/12/02 05:20:23 INFO SecurityManager: Changing modify acls groups to: 
[2025-12-02T05:20:37.434+0000] {spark_read_mongo_dag.py:57} ERROR - spark-submit stderr | 25/12/02 05:20:23 INFO SecurityManager: SecurityManager: authentication disabled; ui acls disabled; users with view permissions: ***; groups with view permissions: EMPTY; users with modify permissions: ***; groups with modify permissions: EMPTY
[2025-12-02T05:20:37.435+0000] {spark_read_mongo_dag.py:57} ERROR - spark-submit stderr | 25/12/02 05:20:23 INFO Utils: Successfully started service 'sparkDriver' on port 34933.
[2025-12-02T05:20:37.435+0000] {spark_read_mongo_dag.py:57} ERROR - spark-submit stderr | 25/12/02 05:20:23 INFO SparkEnv: Registering MapOutputTracker
[2025-12-02T05:20:37.435+0000] {spark_read_mongo_dag.py:57} ERROR - spark-submit stderr | 25/12/02 05:20:24 INFO SparkEnv: Registering BlockManagerMaster
[2025-12-02T05:20:37.436+0000] {spark_read_mongo_dag.py:57} ERROR - spark-submit stderr | 25/12/02 05:20:24 INFO BlockManagerMasterEndpoint: Using org.apache.spark.storage.DefaultTopologyMapper for getting topology information
[2025-12-02T05:20:37.436+0000] {spark_read_mongo_dag.py:57} ERROR - spark-submit stderr | 25/12/02 05:20:24 INFO BlockManagerMasterEndpoint: BlockManagerMasterEndpoint up
[2025-12-02T05:20:37.437+0000] {spark_read_mongo_dag.py:57} ERROR - spark-submit stderr | 25/12/02 05:20:24 INFO SparkEnv: Registering BlockManagerMasterHeartbeat
[2025-12-02T05:20:37.437+0000] {spark_read_mongo_dag.py:57} ERROR - spark-submit stderr | 25/12/02 05:20:24 INFO DiskBlockManager: Created local directory at /tmp/blockmgr-ad3ff0f6-9efa-4f32-8db5-0d91a38f2c04
[2025-12-02T05:20:37.438+0000] {spark_read_mongo_dag.py:57} ERROR - spark-submit stderr | 25/12/02 05:20:24 INFO MemoryStore: MemoryStore started with capacity 434.4 MiB
[2025-12-02T05:20:37.438+0000] {spark_read_mongo_dag.py:57} ERROR - spark-submit stderr | 25/12/02 05:20:24 INFO SparkEnv: Registering OutputCommitCoordinator
[2025-12-02T05:20:37.439+0000] {spark_read_mongo_dag.py:57} ERROR - spark-submit stderr | 25/12/02 05:20:24 INFO JettyUtils: Start Jetty 0.0.0.0:4040 for SparkUI
[2025-12-02T05:20:37.439+0000] {spark_read_mongo_dag.py:57} ERROR - spark-submit stderr | 25/12/02 05:20:24 INFO Utils: Successfully started service 'SparkUI' on port 4040.
[2025-12-02T05:20:37.440+0000] {spark_read_mongo_dag.py:57} ERROR - spark-submit stderr | 25/12/02 05:20:24 INFO SparkContext: Added JAR /opt/***/jars/mongo-spark-connector_2.12-10.1.1.jar at spark://5978eb534719:34933/jars/mongo-spark-connector_2.12-10.1.1.jar with timestamp 1764652823650
[2025-12-02T05:20:37.440+0000] {spark_read_mongo_dag.py:57} ERROR - spark-submit stderr | 25/12/02 05:20:24 INFO SparkContext: Added JAR /opt/***/jars/iceberg-spark-runtime-3.5_2.12-1.5.2.jar at spark://5978eb534719:34933/jars/iceberg-spark-runtime-3.5_2.12-1.5.2.jar with timestamp 1764652823650
[2025-12-02T05:20:37.440+0000] {spark_read_mongo_dag.py:57} ERROR - spark-submit stderr | 25/12/02 05:20:24 INFO SparkContext: Added JAR /opt/***/jars/hadoop-aws-3.3.4.jar at spark://5978eb534719:34933/jars/hadoop-aws-3.3.4.jar with timestamp 1764652823650
[2025-12-02T05:20:37.441+0000] {spark_read_mongo_dag.py:57} ERROR - spark-submit stderr | 25/12/02 05:20:24 INFO SparkContext: Added JAR /opt/***/jars/aws-java-sdk-bundle-1.12.772.jar at spark://5978eb534719:34933/jars/aws-java-sdk-bundle-1.12.772.jar with timestamp 1764652823650
[2025-12-02T05:20:37.441+0000] {spark_read_mongo_dag.py:57} ERROR - spark-submit stderr | 25/12/02 05:20:24 INFO Executor: Starting executor ID driver on host 5978eb534719
[2025-12-02T05:20:37.442+0000] {spark_read_mongo_dag.py:57} ERROR - spark-submit stderr | 25/12/02 05:20:24 INFO Executor: Starting executor with user classpath (userClassPathFirst = false): ''
[2025-12-02T05:20:37.442+0000] {spark_read_mongo_dag.py:57} ERROR - spark-submit stderr | 25/12/02 05:20:24 INFO Executor: Fetching spark://5978eb534719:34933/jars/hadoop-aws-3.3.4.jar with timestamp 1764652823650
[2025-12-02T05:20:37.442+0000] {spark_read_mongo_dag.py:57} ERROR - spark-submit stderr | 25/12/02 05:20:24 INFO TransportClientFactory: Successfully created connection to 5978eb534719/172.19.0.8:34933 after 20 ms (0 ms spent in bootstraps)
[2025-12-02T05:20:37.443+0000] {spark_read_mongo_dag.py:57} ERROR - spark-submit stderr | 25/12/02 05:20:24 INFO Utils: Fetching spark://5978eb534719:34933/jars/hadoop-aws-3.3.4.jar to /tmp/spark-397a1681-06ed-4c5b-81d7-119b60a52de7/userFiles-a65882f2-0395-40b8-aae0-f6a496fe524c/fetchFileTemp17728657834801897483.tmp
[2025-12-02T05:20:37.443+0000] {spark_read_mongo_dag.py:57} ERROR - spark-submit stderr | 25/12/02 05:20:24 INFO Executor: Adding file:/tmp/spark-397a1681-06ed-4c5b-81d7-119b60a52de7/userFiles-a65882f2-0395-40b8-aae0-f6a496fe524c/hadoop-aws-3.3.4.jar to class loader
[2025-12-02T05:20:37.444+0000] {spark_read_mongo_dag.py:57} ERROR - spark-submit stderr | 25/12/02 05:20:24 INFO Executor: Fetching spark://5978eb534719:34933/jars/aws-java-sdk-bundle-1.12.772.jar with timestamp 1764652823650
[2025-12-02T05:20:37.445+0000] {spark_read_mongo_dag.py:57} ERROR - spark-submit stderr | 25/12/02 05:20:24 INFO Utils: Fetching spark://5978eb534719:34933/jars/aws-java-sdk-bundle-1.12.772.jar to /tmp/spark-397a1681-06ed-4c5b-81d7-119b60a52de7/userFiles-a65882f2-0395-40b8-aae0-f6a496fe524c/fetchFileTemp5310262765642865507.tmp
[2025-12-02T05:20:37.445+0000] {spark_read_mongo_dag.py:57} ERROR - spark-submit stderr | 25/12/02 05:20:27 INFO Executor: Adding file:/tmp/spark-397a1681-06ed-4c5b-81d7-119b60a52de7/userFiles-a65882f2-0395-40b8-aae0-f6a496fe524c/aws-java-sdk-bundle-1.12.772.jar to class loader
[2025-12-02T05:20:37.446+0000] {spark_read_mongo_dag.py:57} ERROR - spark-submit stderr | 25/12/02 05:20:27 INFO Executor: Fetching spark://5978eb534719:34933/jars/mongo-spark-connector_2.12-10.1.1.jar with timestamp 1764652823650
[2025-12-02T05:20:37.447+0000] {spark_read_mongo_dag.py:57} ERROR - spark-submit stderr | 25/12/02 05:20:27 INFO Utils: Fetching spark://5978eb534719:34933/jars/mongo-spark-connector_2.12-10.1.1.jar to /tmp/spark-397a1681-06ed-4c5b-81d7-119b60a52de7/userFiles-a65882f2-0395-40b8-aae0-f6a496fe524c/fetchFileTemp2965652835320388212.tmp
[2025-12-02T05:20:37.447+0000] {spark_read_mongo_dag.py:57} ERROR - spark-submit stderr | 25/12/02 05:20:27 INFO Executor: Adding file:/tmp/spark-397a1681-06ed-4c5b-81d7-119b60a52de7/userFiles-a65882f2-0395-40b8-aae0-f6a496fe524c/mongo-spark-connector_2.12-10.1.1.jar to class loader
[2025-12-02T05:20:37.447+0000] {spark_read_mongo_dag.py:57} ERROR - spark-submit stderr | 25/12/02 05:20:27 INFO Executor: Fetching spark://5978eb534719:34933/jars/iceberg-spark-runtime-3.5_2.12-1.5.2.jar with timestamp 1764652823650
[2025-12-02T05:20:37.448+0000] {spark_read_mongo_dag.py:57} ERROR - spark-submit stderr | 25/12/02 05:20:27 INFO Utils: Fetching spark://5978eb534719:34933/jars/iceberg-spark-runtime-3.5_2.12-1.5.2.jar to /tmp/spark-397a1681-06ed-4c5b-81d7-119b60a52de7/userFiles-a65882f2-0395-40b8-aae0-f6a496fe524c/fetchFileTemp9074928248013655637.tmp
[2025-12-02T05:20:37.448+0000] {spark_read_mongo_dag.py:57} ERROR - spark-submit stderr | 25/12/02 05:20:27 INFO Executor: Adding file:/tmp/spark-397a1681-06ed-4c5b-81d7-119b60a52de7/userFiles-a65882f2-0395-40b8-aae0-f6a496fe524c/iceberg-spark-runtime-3.5_2.12-1.5.2.jar to class loader
[2025-12-02T05:20:37.449+0000] {spark_read_mongo_dag.py:57} ERROR - spark-submit stderr | 25/12/02 05:20:27 INFO Utils: Successfully started service 'org.apache.spark.network.netty.NettyBlockTransferService' on port 36775.
[2025-12-02T05:20:37.449+0000] {spark_read_mongo_dag.py:57} ERROR - spark-submit stderr | 25/12/02 05:20:27 INFO NettyBlockTransferService: Server created on 5978eb534719:36775
[2025-12-02T05:20:37.449+0000] {spark_read_mongo_dag.py:57} ERROR - spark-submit stderr | 25/12/02 05:20:27 INFO BlockManager: Using org.apache.spark.storage.RandomBlockReplicationPolicy for block replication policy
[2025-12-02T05:20:37.450+0000] {spark_read_mongo_dag.py:57} ERROR - spark-submit stderr | 25/12/02 05:20:27 INFO BlockManagerMaster: Registering BlockManager BlockManagerId(driver, 5978eb534719, 36775, None)
[2025-12-02T05:20:37.450+0000] {spark_read_mongo_dag.py:57} ERROR - spark-submit stderr | 25/12/02 05:20:27 INFO BlockManagerMasterEndpoint: Registering block manager 5978eb534719:36775 with 434.4 MiB RAM, BlockManagerId(driver, 5978eb534719, 36775, None)
[2025-12-02T05:20:37.451+0000] {spark_read_mongo_dag.py:57} ERROR - spark-submit stderr | 25/12/02 05:20:27 INFO BlockManagerMaster: Registered BlockManager BlockManagerId(driver, 5978eb534719, 36775, None)
[2025-12-02T05:20:37.451+0000] {spark_read_mongo_dag.py:57} ERROR - spark-submit stderr | 25/12/02 05:20:27 INFO BlockManager: Initialized BlockManager: BlockManagerId(driver, 5978eb534719, 36775, None)
[2025-12-02T05:20:37.451+0000] {spark_read_mongo_dag.py:57} ERROR - spark-submit stderr | 25/12/02 05:20:28 INFO SharedState: Setting hive.metastore.warehouse.dir ('null') to the value of spark.sql.warehouse.dir.
[2025-12-02T05:20:37.452+0000] {spark_read_mongo_dag.py:57} ERROR - spark-submit stderr | 25/12/02 05:20:28 INFO SharedState: Warehouse path is 'file:/opt/***/spark-warehouse'.
[2025-12-02T05:20:37.452+0000] {spark_read_mongo_dag.py:57} ERROR - spark-submit stderr | 25/12/02 05:20:30 INFO SparkContext: Invoking stop() from shutdown hook
[2025-12-02T05:20:37.453+0000] {spark_read_mongo_dag.py:57} ERROR - spark-submit stderr | 25/12/02 05:20:30 INFO SparkContext: SparkContext is stopping with exitCode 0.
[2025-12-02T05:20:37.453+0000] {spark_read_mongo_dag.py:57} ERROR - spark-submit stderr | 25/12/02 05:20:30 INFO SparkUI: Stopped Spark web UI at http://5978eb534719:4040
[2025-12-02T05:20:37.454+0000] {spark_read_mongo_dag.py:57} ERROR - spark-submit stderr | 25/12/02 05:20:30 INFO MapOutputTrackerMasterEndpoint: MapOutputTrackerMasterEndpoint stopped!
[2025-12-02T05:20:37.454+0000] {spark_read_mongo_dag.py:57} ERROR - spark-submit stderr | 25/12/02 05:20:30 INFO MemoryStore: MemoryStore cleared
[2025-12-02T05:20:37.454+0000] {spark_read_mongo_dag.py:57} ERROR - spark-submit stderr | 25/12/02 05:20:30 INFO BlockManager: BlockManager stopped
[2025-12-02T05:20:37.455+0000] {spark_read_mongo_dag.py:57} ERROR - spark-submit stderr | 25/12/02 05:20:30 INFO BlockManagerMaster: BlockManagerMaster stopped
[2025-12-02T05:20:37.455+0000] {spark_read_mongo_dag.py:57} ERROR - spark-submit stderr | 25/12/02 05:20:30 INFO OutputCommitCoordinator$OutputCommitCoordinatorEndpoint: OutputCommitCoordinator stopped!
[2025-12-02T05:20:37.455+0000] {spark_read_mongo_dag.py:57} ERROR - spark-submit stderr | 25/12/02 05:20:37 INFO SparkContext: Successfully stopped SparkContext
[2025-12-02T05:20:37.456+0000] {spark_read_mongo_dag.py:57} ERROR - spark-submit stderr | 25/12/02 05:20:37 INFO ShutdownHookManager: Shutdown hook called
[2025-12-02T05:20:37.456+0000] {spark_read_mongo_dag.py:57} ERROR - spark-submit stderr | 25/12/02 05:20:37 INFO ShutdownHookManager: Deleting directory /tmp/spark-af1a05a7-2e9e-4b97-b4f7-2550ee179275
[2025-12-02T05:20:37.457+0000] {spark_read_mongo_dag.py:57} ERROR - spark-submit stderr | 25/12/02 05:20:37 INFO ShutdownHookManager: Deleting directory /tmp/spark-397a1681-06ed-4c5b-81d7-119b60a52de7/pyspark-96e2c708-19d4-471d-8033-3bd3973d6afe
[2025-12-02T05:20:37.457+0000] {spark_read_mongo_dag.py:57} ERROR - spark-submit stderr | 25/12/02 05:20:37 INFO ShutdownHookManager: Deleting directory /tmp/spark-397a1681-06ed-4c5b-81d7-119b60a52de7
[2025-12-02T05:20:37.460+0000] {spark_read_mongo_dag.py:63} ERROR - Exception in run_spark_job: spark-submit failed with exit 1
[2025-12-02T05:20:37.461+0000] {spark_read_mongo_dag.py:64} ERROR - Traceback:
Traceback (most recent call last):
  File "/opt/***/dags/spark_read_mongo_dag.py", line 59, in run_spark_job
    raise RuntimeError(f"spark-submit failed with exit {proc.returncode}")
RuntimeError: spark-submit failed with exit 1

[2025-12-02T05:20:37.461+0000] {taskinstance.py:441} INFO - ::group::Post task execution logs
[2025-12-02T05:20:37.462+0000] {taskinstance.py:2905} ERROR - Task failed with exception
Traceback (most recent call last):
  File "/home/airflow/.local/lib/python3.9/site-packages/airflow/models/taskinstance.py", line 465, in _execute_task
    result = _execute_callable(context=context, **execute_callable_kwargs)
  File "/home/airflow/.local/lib/python3.9/site-packages/airflow/models/taskinstance.py", line 432, in _execute_callable
    return execute_callable(context=context, **execute_callable_kwargs)
  File "/home/airflow/.local/lib/python3.9/site-packages/airflow/models/baseoperator.py", line 401, in wrapper
    return func(self, *args, **kwargs)
  File "/home/airflow/.local/lib/python3.9/site-packages/airflow/operators/python.py", line 235, in execute
    return_value = self.execute_callable()
  File "/home/airflow/.local/lib/python3.9/site-packages/airflow/operators/python.py", line 252, in execute_callable
    return self.python_callable(*self.op_args, **self.op_kwargs)
  File "/opt/airflow/dags/spark_read_mongo_dag.py", line 59, in run_spark_job
    raise RuntimeError(f"spark-submit failed with exit {proc.returncode}")
RuntimeError: spark-submit failed with exit 1
[2025-12-02T05:20:37.502+0000] {taskinstance.py:1206} INFO - Marking task as FAILED. dag_id=mongo_to_iceberg_dag, task_id=run_mongo_to_iceberg, run_id=manual__2025-12-02T05:20:18.169820+00:00, execution_date=20251202T052018, start_date=20251202T052019, end_date=20251202T052037
[2025-12-02T05:20:37.615+0000] {standard_task_runner.py:110} ERROR - Failed to execute job 35 for task run_mongo_to_iceberg (spark-submit failed with exit 1; 195)
[2025-12-02T05:20:37.662+0000] {local_task_job_runner.py:240} INFO - Task exited with return code 1
[2025-12-02T05:20:37.692+0000] {taskinstance.py:3503} INFO - 0 downstream tasks scheduled from follow-on schedule check
[2025-12-02T05:20:37.748+0000] {local_task_job_runner.py:222} INFO - ::endgroup::
