[2025-12-09T05:18:59.976+0000] {local_task_job_runner.py:120} INFO - ::group::Pre task execution logs
[2025-12-09T05:19:00.012+0000] {taskinstance.py:2076} INFO - Dependencies all met for dep_context=non-requeueable deps ti=<TaskInstance: mongo_iceberg_dremio_dagg.configure_dremio_source manual__2025-12-09T05:16:45.316782+00:00 [queued]>
[2025-12-09T05:19:00.021+0000] {taskinstance.py:2076} INFO - Dependencies all met for dep_context=requeueable deps ti=<TaskInstance: mongo_iceberg_dremio_dagg.configure_dremio_source manual__2025-12-09T05:16:45.316782+00:00 [queued]>
[2025-12-09T05:19:00.022+0000] {taskinstance.py:2306} INFO - Starting attempt 1 of 2
[2025-12-09T05:19:00.165+0000] {taskinstance.py:2330} INFO - Executing <Task(PythonOperator): configure_dremio_source> on 2025-12-09 05:16:45.316782+00:00
[2025-12-09T05:19:00.170+0000] {standard_task_runner.py:63} INFO - Started process 685 to run task
[2025-12-09T05:19:00.175+0000] {standard_task_runner.py:90} INFO - Running: ['***', 'tasks', 'run', 'mongo_iceberg_dremio_dagg', 'configure_dremio_source', 'manual__2025-12-09T05:16:45.316782+00:00', '--job-id', '150', '--raw', '--subdir', 'DAGS_FOLDER/spark_read_mongo_dag.py', '--cfg-path', '/tmp/tmp3f5v3ui0']
[2025-12-09T05:19:00.178+0000] {standard_task_runner.py:91} INFO - Job 150: Subtask configure_dremio_source
[2025-12-09T05:19:00.318+0000] {task_command.py:426} INFO - Running <TaskInstance: mongo_iceberg_dremio_dagg.configure_dremio_source manual__2025-12-09T05:16:45.316782+00:00 [running]> on host e0aa762b1237
[2025-12-09T05:19:00.600+0000] {taskinstance.py:2648} INFO - Exporting env vars: AIRFLOW_CTX_DAG_OWNER='deeku' AIRFLOW_CTX_DAG_ID='mongo_iceberg_dremio_dagg' AIRFLOW_CTX_TASK_ID='configure_dremio_source' AIRFLOW_CTX_EXECUTION_DATE='2025-12-09T05:16:45.316782+00:00' AIRFLOW_CTX_TRY_NUMBER='1' AIRFLOW_CTX_DAG_RUN_ID='manual__2025-12-09T05:16:45.316782+00:00'
[2025-12-09T05:19:00.602+0000] {taskinstance.py:430} INFO - ::endgroup::
[2025-12-09T05:19:00.626+0000] {spark_read_mongo_dag.py:241} INFO - create_dremio_iceberg_source: start
[2025-12-09T05:19:00.770+0000] {spark_read_mongo_dag.py:269} INFO - Dremio source exists=False id=None
[2025-12-09T05:19:00.856+0000] {spark_read_mongo_dag.py:277} INFO - Checking available source types...
[2025-12-09T05:19:00.884+0000] {spark_read_mongo_dag.py:283} INFO - Available source types: {
  "data": [
    {
      "sourceType": "MYSQL",
      "label": "MySQL",
      "previewEngineRequired": true,
      "externalQueryAllowed": true
    },
    {
      "sourceType": "DREMIOTODREMIO",
      "label": "Dremio",
      "previewEngineRequired": false,
      "externalQueryAllowed": true
    },
    {
      "sourceType": "ADL",
      "label": "Azure Data Lake Storage Gen1",
      "previewEngineRequired": false,
      "externalQueryAllowed": false
    },
    {
      "sourceType": "SNOWFLAKE",
      "label": "Snowflake",
      "previewEngineRequired": true,
      "externalQueryAllowed": true
    },
    {
      "sourceType": "NAS",
      "label": "",
      "previewEngineRequired": false,
      "externalQueryAllowed": false
    },
    {
      "sourceType": "AZURE_STORAGE",
      "label": "Azure Storage",
      "previewEngineRequired": false,
      "externalQueryAllowed": false
    },
    {
      "sourceType": "MSSQL",
      "label": "Microsoft SQL Server",
      "previewEngineRequired": true,
      "externalQueryAllowed": true
    },
    {
      "sourceType": "ELASTIC",
      "label": "Elasticsearch",
      "previewEngineRequired": false,
      "externalQueryAllowed": false
    },
    {
      "sourceType": "S3",
      "label": "Amazon S3",
      "previewEngineRequired": false,
      "externalQueryAllowed": false
    },
    {
      "sourceType": "DB2",
      "label": "IBM Db2",
      "previewEngineRequired": false,
      "externalQueryAllowed": true
    },
    {
      "sourceType": "GCS",
      "label": "Google Cloud Storage",
      "previewEngineRequired": false,
      "externalQueryAllowed": false
    },
    {
      "sourceType": "SYNAPSE",
      "label": "Microsoft Azure Synapse Analytics",
      "previewEngineRequired": true,
      "externalQueryAllowed": true
    },
    {
      "sourceType": "MONGO",
      "label": "MongoDB",
      "previewEngineRequired": false,
      "externalQueryAllowed": false
    },
    {
      "sourceType": "HIVE",
      "label": "Hive 2.x",
      "previewEngineRequired": false,
      "externalQueryAllowed": false
    },
    {
      "sourceType": "DRUID",
      "label": "Druid",
      "previewEngineRequired": true,
      "externalQueryAllowed": true
    },
    {
      "sourceType": "HIVE3",
      "label": "Hive 3.x",
      "previewEngineRequired": false,
      "externalQueryAllowed": false
    },
    {
      "sourceType": "AWSGLUE",
      "label": "AWS Glue Data Catalog",
      "previewEngineRequired": false,
      "externalQueryAllowed": false
    },
    {
      "sourceType": "AMAZONELASTIC",
      "label": "Amazon OpenSearch Service",
      "previewEngineRequired": false,
      "externalQueryAllowed": false
    },
    {
      "sourceType": "NESSIE",
      "label": "Nessie (Preview)",
      "previewEngineRequired": false,
      "externalQueryAllowed": false
    },
    {
      "sourceType": "REDSHIFT",
      "label": "Amazon Redshift",
      "previewEngineRequired": true,
      "externalQueryAllowed": true
    },
    {
      "sourceType": "POSTGRES",
      "label": "PostgreSQL",
      "previewEngineRequired": true,
      "externalQueryAllowed": true
    },
    {
      "sourceType": "ORACLE",
      "label": "Oracle",
      "previewEngineRequired": true,
      "externalQueryAllowed": true
    },
    {
      "sourceType": "ADX",
      "label": "Microsoft Azure Data Explorer",
      "previewEngineRequired": true,
      "externalQueryAllowed": true
    },
    {
      "sourceType": "HDFS",
      "label": "",
      "previewEngineRequired": false,
      "externalQueryAllowed": false
    }
  ]
}
[2025-12-09T05:19:00.885+0000] {spark_read_mongo_dag.py:389} INFO - === Trying approach 1/10: type=NESSIE ===
[2025-12-09T05:19:00.886+0000] {spark_read_mongo_dag.py:404} INFO - Attempt config (masked): {
  "nessieUri": "http://nessie:19120/api/v2",
  "defaultBranch": "main",
  "warehouse": "s3a://iceberg",
  "propertyList": [
    {
      "name": "fs.s3a.endpoint",
      "value": "minio:9000"
    },
    {
      "name": "fs.s3a.access.key",
      "value": "***MASKED***"
    },
    {
      "name": "fs.s3a.secret.key",
      "value": "***MASKED***"
    },
    {
      "name": "fs.s3a.path.style.access",
      "value": "true"
    },
    {
      "name": "fs.s3a.connection.ssl.enabled",
      "value": "false"
    },
    {
      "name": "fs.s3a.endpoint.region",
      "value": "us-east-1"
    }
  ]
}
[2025-12-09T05:19:00.887+0000] {spark_read_mongo_dag.py:414} INFO - Creating new source
[2025-12-09T05:19:01.136+0000] {spark_read_mongo_dag.py:418} INFO - Response status: 400
[2025-12-09T05:19:01.137+0000] {spark_read_mongo_dag.py:441} INFO - Response error: {"errorMessage":"Invalid value found at: nessieUri","moreInfo":"","stackTrace":[]}
[2025-12-09T05:19:01.138+0000] {spark_read_mongo_dag.py:446} INFO - Validation error details: {
  "errorMessage": "Invalid value found at: nessieUri",
  "moreInfo": "",
  "stackTrace": []
}
[2025-12-09T05:19:01.139+0000] {spark_read_mongo_dag.py:389} INFO - === Trying approach 2/10: type=NESSIE ===
[2025-12-09T05:19:01.140+0000] {spark_read_mongo_dag.py:404} INFO - Attempt config (masked): {
  "nessieUri": "http://nessie:19120/api/v1",
  "defaultBranch": "main",
  "warehouse": "s3a://iceberg",
  "propertyList": [
    {
      "name": "fs.s3a.endpoint",
      "value": "minio:9000"
    },
    {
      "name": "fs.s3a.access.key",
      "value": "***MASKED***"
    },
    {
      "name": "fs.s3a.secret.key",
      "value": "***MASKED***"
    },
    {
      "name": "fs.s3a.path.style.access",
      "value": "true"
    },
    {
      "name": "fs.s3a.connection.ssl.enabled",
      "value": "false"
    },
    {
      "name": "fs.s3a.endpoint.region",
      "value": "us-east-1"
    }
  ]
}
[2025-12-09T05:19:01.141+0000] {spark_read_mongo_dag.py:414} INFO - Creating new source
[2025-12-09T05:19:01.154+0000] {spark_read_mongo_dag.py:418} INFO - Response status: 400
[2025-12-09T05:19:01.154+0000] {spark_read_mongo_dag.py:441} INFO - Response error: {"errorMessage":"Invalid value found at: nessieUri","moreInfo":"","stackTrace":[]}
[2025-12-09T05:19:01.155+0000] {spark_read_mongo_dag.py:446} INFO - Validation error details: {
  "errorMessage": "Invalid value found at: nessieUri",
  "moreInfo": "",
  "stackTrace": []
}
[2025-12-09T05:19:01.156+0000] {spark_read_mongo_dag.py:389} INFO - === Trying approach 3/10: type=NESSIE ===
[2025-12-09T05:19:01.156+0000] {spark_read_mongo_dag.py:404} INFO - Attempt config (masked): {
  "nessieUri": "http://nessie:19120",
  "defaultBranch": "main",
  "warehouse": "s3a://iceberg",
  "propertyList": [
    {
      "name": "fs.s3a.endpoint",
      "value": "minio:9000"
    },
    {
      "name": "fs.s3a.access.key",
      "value": "***MASKED***"
    },
    {
      "name": "fs.s3a.secret.key",
      "value": "***MASKED***"
    },
    {
      "name": "fs.s3a.path.style.access",
      "value": "true"
    },
    {
      "name": "fs.s3a.connection.ssl.enabled",
      "value": "false"
    },
    {
      "name": "fs.s3a.endpoint.region",
      "value": "us-east-1"
    }
  ]
}
[2025-12-09T05:19:01.157+0000] {spark_read_mongo_dag.py:414} INFO - Creating new source
[2025-12-09T05:19:01.164+0000] {spark_read_mongo_dag.py:418} INFO - Response status: 400
[2025-12-09T05:19:01.165+0000] {spark_read_mongo_dag.py:441} INFO - Response error: {"errorMessage":"Invalid value found at: nessieUri","moreInfo":"","stackTrace":[]}
[2025-12-09T05:19:01.165+0000] {spark_read_mongo_dag.py:446} INFO - Validation error details: {
  "errorMessage": "Invalid value found at: nessieUri",
  "moreInfo": "",
  "stackTrace": []
}
[2025-12-09T05:19:01.166+0000] {spark_read_mongo_dag.py:389} INFO - === Trying approach 4/10: type=NESSIE ===
[2025-12-09T05:19:01.166+0000] {spark_read_mongo_dag.py:404} INFO - Attempt config (masked): {
  "nessieUri": "nessie://nessie:19120/api/v2",
  "defaultBranch": "main",
  "warehouse": "s3a://iceberg",
  "propertyList": [
    {
      "name": "fs.s3a.endpoint",
      "value": "minio:9000"
    },
    {
      "name": "fs.s3a.access.key",
      "value": "***MASKED***"
    },
    {
      "name": "fs.s3a.secret.key",
      "value": "***MASKED***"
    },
    {
      "name": "fs.s3a.path.style.access",
      "value": "true"
    },
    {
      "name": "fs.s3a.connection.ssl.enabled",
      "value": "false"
    },
    {
      "name": "fs.s3a.endpoint.region",
      "value": "us-east-1"
    }
  ]
}
[2025-12-09T05:19:01.167+0000] {spark_read_mongo_dag.py:414} INFO - Creating new source
[2025-12-09T05:19:01.173+0000] {spark_read_mongo_dag.py:418} INFO - Response status: 400
[2025-12-09T05:19:01.174+0000] {spark_read_mongo_dag.py:441} INFO - Response error: {"errorMessage":"Invalid value found at: nessieUri","moreInfo":"","stackTrace":[]}
[2025-12-09T05:19:01.175+0000] {spark_read_mongo_dag.py:446} INFO - Validation error details: {
  "errorMessage": "Invalid value found at: nessieUri",
  "moreInfo": "",
  "stackTrace": []
}
[2025-12-09T05:19:01.175+0000] {spark_read_mongo_dag.py:389} INFO - === Trying approach 5/10: type=NESSIE ===
[2025-12-09T05:19:01.176+0000] {spark_read_mongo_dag.py:404} INFO - Attempt config (masked): {
  "nessieUri": "nessie://nessie:19120/api/v1",
  "defaultBranch": "main",
  "warehouse": "s3a://iceberg",
  "propertyList": [
    {
      "name": "fs.s3a.endpoint",
      "value": "minio:9000"
    },
    {
      "name": "fs.s3a.access.key",
      "value": "***MASKED***"
    },
    {
      "name": "fs.s3a.secret.key",
      "value": "***MASKED***"
    },
    {
      "name": "fs.s3a.path.style.access",
      "value": "true"
    },
    {
      "name": "fs.s3a.connection.ssl.enabled",
      "value": "false"
    },
    {
      "name": "fs.s3a.endpoint.region",
      "value": "us-east-1"
    }
  ]
}
[2025-12-09T05:19:01.176+0000] {spark_read_mongo_dag.py:414} INFO - Creating new source
[2025-12-09T05:19:01.183+0000] {spark_read_mongo_dag.py:418} INFO - Response status: 400
[2025-12-09T05:19:01.184+0000] {spark_read_mongo_dag.py:441} INFO - Response error: {"errorMessage":"Invalid value found at: nessieUri","moreInfo":"","stackTrace":[]}
[2025-12-09T05:19:01.184+0000] {spark_read_mongo_dag.py:446} INFO - Validation error details: {
  "errorMessage": "Invalid value found at: nessieUri",
  "moreInfo": "",
  "stackTrace": []
}
[2025-12-09T05:19:01.185+0000] {spark_read_mongo_dag.py:389} INFO - === Trying approach 6/10: type=NESSIE ===
[2025-12-09T05:19:01.185+0000] {spark_read_mongo_dag.py:404} INFO - Attempt config (masked): {
  "nessieUri": "nessie://nessie:19120",
  "defaultBranch": "main",
  "warehouse": "s3a://iceberg",
  "propertyList": [
    {
      "name": "fs.s3a.endpoint",
      "value": "minio:9000"
    },
    {
      "name": "fs.s3a.access.key",
      "value": "***MASKED***"
    },
    {
      "name": "fs.s3a.secret.key",
      "value": "***MASKED***"
    },
    {
      "name": "fs.s3a.path.style.access",
      "value": "true"
    },
    {
      "name": "fs.s3a.connection.ssl.enabled",
      "value": "false"
    },
    {
      "name": "fs.s3a.endpoint.region",
      "value": "us-east-1"
    }
  ]
}
[2025-12-09T05:19:01.186+0000] {spark_read_mongo_dag.py:414} INFO - Creating new source
[2025-12-09T05:19:01.193+0000] {spark_read_mongo_dag.py:418} INFO - Response status: 400
[2025-12-09T05:19:01.193+0000] {spark_read_mongo_dag.py:441} INFO - Response error: {"errorMessage":"Invalid value found at: nessieUri","moreInfo":"","stackTrace":[]}
[2025-12-09T05:19:01.194+0000] {spark_read_mongo_dag.py:446} INFO - Validation error details: {
  "errorMessage": "Invalid value found at: nessieUri",
  "moreInfo": "",
  "stackTrace": []
}
[2025-12-09T05:19:01.195+0000] {spark_read_mongo_dag.py:389} INFO - === Trying approach 7/10: type=NESSIE ===
[2025-12-09T05:19:01.195+0000] {spark_read_mongo_dag.py:404} INFO - Attempt config (masked): {
  "defaultBranch": "main",
  "warehouse": "s3a://iceberg",
  "propertyList": [
    {
      "name": "nessie.uri",
      "value": "http://nessie:19120/api/v2"
    },
    {
      "name": "fs.s3a.endpoint",
      "value": "minio:9000"
    },
    {
      "name": "fs.s3a.access.key",
      "value": "***MASKED***"
    },
    {
      "name": "fs.s3a.secret.key",
      "value": "***MASKED***"
    },
    {
      "name": "fs.s3a.path.style.access",
      "value": "true"
    },
    {
      "name": "fs.s3a.connection.ssl.enabled",
      "value": "false"
    }
  ]
}
[2025-12-09T05:19:01.196+0000] {spark_read_mongo_dag.py:414} INFO - Creating new source
[2025-12-09T05:19:01.202+0000] {spark_read_mongo_dag.py:418} INFO - Response status: 400
[2025-12-09T05:19:01.203+0000] {spark_read_mongo_dag.py:441} INFO - Response error: {"errorMessage":"Invalid value found at: defaultBranch","moreInfo":"","stackTrace":[]}
[2025-12-09T05:19:01.204+0000] {spark_read_mongo_dag.py:446} INFO - Validation error details: {
  "errorMessage": "Invalid value found at: defaultBranch",
  "moreInfo": "",
  "stackTrace": []
}
[2025-12-09T05:19:01.205+0000] {spark_read_mongo_dag.py:389} INFO - === Trying approach 8/10: type=ARCTIC ===
[2025-12-09T05:19:01.205+0000] {spark_read_mongo_dag.py:404} INFO - Attempt config (masked): {
  "nessieUri": "http://nessie:19120/api/v2",
  "defaultBranch": "main",
  "warehouse": "s3a://iceberg",
  "propertyList": [
    {
      "name": "fs.s3a.endpoint",
      "value": "minio:9000"
    },
    {
      "name": "fs.s3a.access.key",
      "value": "***MASKED***"
    },
    {
      "name": "fs.s3a.secret.key",
      "value": "***MASKED***"
    },
    {
      "name": "fs.s3a.path.style.access",
      "value": "true"
    },
    {
      "name": "fs.s3a.connection.ssl.enabled",
      "value": "false"
    }
  ]
}
[2025-12-09T05:19:01.206+0000] {spark_read_mongo_dag.py:414} INFO - Creating new source
[2025-12-09T05:19:01.213+0000] {spark_read_mongo_dag.py:418} INFO - Response status: 400
[2025-12-09T05:19:01.214+0000] {spark_read_mongo_dag.py:441} INFO - Response error: {"errorMessage":"Invalid value","moreInfo":"","stackTrace":[]}
[2025-12-09T05:19:01.215+0000] {spark_read_mongo_dag.py:446} INFO - Validation error details: {
  "errorMessage": "Invalid value",
  "moreInfo": "",
  "stackTrace": []
}
[2025-12-09T05:19:01.215+0000] {spark_read_mongo_dag.py:389} INFO - === Trying approach 9/10: type=DATA_LAKE ===
[2025-12-09T05:19:01.216+0000] {spark_read_mongo_dag.py:404} INFO - Attempt config (masked): {
  "rootPath": "s3a://iceberg",
  "propertyList": [
    {
      "name": "fs.s3a.endpoint",
      "value": "minio:9000"
    },
    {
      "name": "fs.s3a.access.key",
      "value": "***MASKED***"
    },
    {
      "name": "fs.s3a.secret.key",
      "value": "***MASKED***"
    },
    {
      "name": "fs.s3a.path.style.access",
      "value": "true"
    },
    {
      "name": "fs.s3a.connection.ssl.enabled",
      "value": "false"
    },
    {
      "name": "iceberg.catalog.type",
      "value": "nessie"
    },
    {
      "name": "iceberg.catalog.uri",
      "value": "http://nessie:19120/api/v2"
    },
    {
      "name": "iceberg.catalog.ref",
      "value": "main"
    }
  ]
}
[2025-12-09T05:19:01.216+0000] {spark_read_mongo_dag.py:414} INFO - Creating new source
[2025-12-09T05:19:01.225+0000] {spark_read_mongo_dag.py:418} INFO - Response status: 400
[2025-12-09T05:19:01.226+0000] {spark_read_mongo_dag.py:441} INFO - Response error: {"errorMessage":"Invalid value","moreInfo":"","stackTrace":[]}
[2025-12-09T05:19:01.227+0000] {spark_read_mongo_dag.py:446} INFO - Validation error details: {
  "errorMessage": "Invalid value",
  "moreInfo": "",
  "stackTrace": []
}
[2025-12-09T05:19:01.228+0000] {spark_read_mongo_dag.py:389} INFO - === Trying approach 10/10: type=HIVE ===
[2025-12-09T05:19:01.265+0000] {spark_read_mongo_dag.py:404} INFO - Attempt config (masked): {
  "propertyList": [
    {
      "name": "fs.s3a.endpoint",
      "value": "minio:9000"
    },
    {
      "name": "fs.s3a.access.key",
      "value": "***MASKED***"
    },
    {
      "name": "fs.s3a.secret.key",
      "value": "***MASKED***"
    },
    {
      "name": "fs.s3a.path.style.access",
      "value": "true"
    },
    {
      "name": "fs.s3a.connection.ssl.enabled",
      "value": "false"
    },
    {
      "name": "iceberg.enabled",
      "value": "true"
    },
    {
      "name": "iceberg.catalog.type",
      "value": "nessie"
    },
    {
      "name": "iceberg.catalog.uri",
      "value": "http://nessie:19120/api/v2"
    },
    {
      "name": "iceberg.catalog.warehouse",
      "value": "s3a://iceberg"
    },
    {
      "name": "iceberg.catalog.ref",
      "value": "main"
    }
  ]
}
[2025-12-09T05:19:01.266+0000] {spark_read_mongo_dag.py:414} INFO - Creating new source
[2025-12-09T05:19:09.568+0000] {spark_read_mongo_dag.py:418} INFO - Response status: 400
[2025-12-09T05:19:09.569+0000] {spark_read_mongo_dag.py:441} INFO - Response error: {"errorMessage":"Failed to create source with name iceberg.","context":[],"moreInfo":""}
[2025-12-09T05:19:09.570+0000] {spark_read_mongo_dag.py:446} INFO - Validation error details: {
  "errorMessage": "Failed to create source with name iceberg.",
  "context": [],
  "moreInfo": ""
}
[2025-12-09T05:19:09.570+0000] {spark_read_mongo_dag.py:455} ERROR - All 10 approaches failed
[2025-12-09T05:19:09.579+0000] {taskinstance.py:441} INFO - ::group::Post task execution logs
[2025-12-09T05:19:09.579+0000] {taskinstance.py:2905} ERROR - Task failed with exception
Traceback (most recent call last):
  File "/home/airflow/.local/lib/python3.9/site-packages/airflow/models/taskinstance.py", line 465, in _execute_task
    result = _execute_callable(context=context, **execute_callable_kwargs)
  File "/home/airflow/.local/lib/python3.9/site-packages/airflow/models/taskinstance.py", line 432, in _execute_callable
    return execute_callable(context=context, **execute_callable_kwargs)
  File "/home/airflow/.local/lib/python3.9/site-packages/airflow/models/baseoperator.py", line 401, in wrapper
    return func(self, *args, **kwargs)
  File "/home/airflow/.local/lib/python3.9/site-packages/airflow/operators/python.py", line 235, in execute
    return_value = self.execute_callable()
  File "/home/airflow/.local/lib/python3.9/site-packages/airflow/operators/python.py", line 252, in execute_callable
    return self.python_callable(*self.op_args, **self.op_kwargs)
  File "/opt/airflow/dags/spark_read_mongo_dag.py", line 466, in create_dremio_iceberg_source
    raise RuntimeError(f"Failed to create Dremio source after {len(attempts)} attempts. " +
RuntimeError: Failed to create Dremio source after 10 attempts. Check Dremio documentation for correct source configuration.
[2025-12-09T05:19:09.600+0000] {taskinstance.py:1206} INFO - Marking task as UP_FOR_RETRY. dag_id=mongo_iceberg_dremio_dagg, task_id=configure_dremio_source, run_id=manual__2025-12-09T05:16:45.316782+00:00, execution_date=20251209T051645, start_date=20251209T051900, end_date=20251209T051909
[2025-12-09T05:19:09.764+0000] {standard_task_runner.py:110} ERROR - Failed to execute job 150 for task configure_dremio_source (Failed to create Dremio source after 10 attempts. Check Dremio documentation for correct source configuration.; 685)
[2025-12-09T05:19:09.790+0000] {local_task_job_runner.py:240} INFO - Task exited with return code 1
[2025-12-09T05:19:09.817+0000] {taskinstance.py:3503} INFO - 0 downstream tasks scheduled from follow-on schedule check
[2025-12-09T05:19:09.868+0000] {local_task_job_runner.py:222} INFO - ::endgroup::
