[2025-12-02T11:18:57.250+0000] {local_task_job_runner.py:120} INFO - ::group::Pre task execution logs
[2025-12-02T11:18:57.420+0000] {taskinstance.py:2076} INFO - Dependencies all met for dep_context=non-requeueable deps ti=<TaskInstance: mongo_iceberg_dag.run_mongo_to_iceberg manual__2025-12-02T11:18:55.902306+00:00 [queued]>
[2025-12-02T11:18:57.461+0000] {taskinstance.py:2076} INFO - Dependencies all met for dep_context=requeueable deps ti=<TaskInstance: mongo_iceberg_dag.run_mongo_to_iceberg manual__2025-12-02T11:18:55.902306+00:00 [queued]>
[2025-12-02T11:18:57.464+0000] {taskinstance.py:2306} INFO - Starting attempt 1 of 1
[2025-12-02T11:18:57.528+0000] {taskinstance.py:2330} INFO - Executing <Task(PythonOperator): run_mongo_to_iceberg> on 2025-12-02 11:18:55.902306+00:00
[2025-12-02T11:18:57.539+0000] {standard_task_runner.py:63} INFO - Started process 932 to run task
[2025-12-02T11:18:57.548+0000] {standard_task_runner.py:90} INFO - Running: ['***', 'tasks', 'run', 'mongo_iceberg_dag', 'run_mongo_to_iceberg', 'manual__2025-12-02T11:18:55.902306+00:00', '--job-id', '19', '--raw', '--subdir', 'DAGS_FOLDER/spark_read_mongo_dag.py', '--cfg-path', '/tmp/tmpiu3knp0w']
[2025-12-02T11:18:57.554+0000] {standard_task_runner.py:91} INFO - Job 19: Subtask run_mongo_to_iceberg
[2025-12-02T11:18:57.723+0000] {task_command.py:426} INFO - Running <TaskInstance: mongo_iceberg_dag.run_mongo_to_iceberg manual__2025-12-02T11:18:55.902306+00:00 [running]> on host f8453ad61174
[2025-12-02T11:18:57.907+0000] {taskinstance.py:2648} INFO - Exporting env vars: AIRFLOW_CTX_DAG_OWNER='deeku' AIRFLOW_CTX_DAG_ID='mongo_iceberg_dag' AIRFLOW_CTX_TASK_ID='run_mongo_to_iceberg' AIRFLOW_CTX_EXECUTION_DATE='2025-12-02T11:18:55.902306+00:00' AIRFLOW_CTX_TRY_NUMBER='1' AIRFLOW_CTX_DAG_RUN_ID='manual__2025-12-02T11:18:55.902306+00:00'
[2025-12-02T11:18:57.908+0000] {taskinstance.py:430} INFO - ::endgroup::
[2025-12-02T11:18:57.945+0000] {spark_read_mongo_dag.py:28} INFO - START run_spark_job
[2025-12-02T11:18:57.947+0000] {spark_read_mongo_dag.py:30} INFO - Checking path: /opt/***/spark_jobs/mongo_pyspark.py exists=True
[2025-12-02T11:18:57.948+0000] {spark_read_mongo_dag.py:30} INFO - Checking path: /opt/***/jars exists=True
[2025-12-02T11:18:57.950+0000] {spark_read_mongo_dag.py:34} INFO - Jar check: /opt/***/jars/mongo-spark-connector_2.12-10.1.1.jar exists=True size=156368
[2025-12-02T11:18:57.952+0000] {spark_read_mongo_dag.py:34} INFO - Jar check: /opt/***/jars/bson-4.11.2.jar exists=True size=511356
[2025-12-02T11:18:57.954+0000] {spark_read_mongo_dag.py:34} INFO - Jar check: /opt/***/jars/mongodb-driver-core-4.11.2.jar exists=True size=1670650
[2025-12-02T11:18:57.955+0000] {spark_read_mongo_dag.py:34} INFO - Jar check: /opt/***/jars/mongodb-driver-sync-4.11.2.jar exists=True size=151808
[2025-12-02T11:18:57.957+0000] {spark_read_mongo_dag.py:34} INFO - Jar check: /opt/***/jars/iceberg-spark-runtime-3.5_2.12-1.5.2.jar exists=True size=41604737
[2025-12-02T11:18:57.959+0000] {spark_read_mongo_dag.py:34} INFO - Jar check: /opt/***/jars/hadoop-aws-3.3.4.jar exists=True size=962685
[2025-12-02T11:18:57.960+0000] {spark_read_mongo_dag.py:34} INFO - Jar check: /opt/***/jars/aws-java-sdk-bundle-1.12.772.jar exists=True size=388405806
[2025-12-02T11:18:57.960+0000] {spark_read_mongo_dag.py:36} INFO - which spark-submit -> /home/***/.local/bin/spark-submit
[2025-12-02T11:18:57.961+0000] {spark_read_mongo_dag.py:45} INFO - ENV SPARK_HOME=/opt/spark/spark-3.4.1-bin-hadoop3 JAVA_HOME=/usr/lib/jvm/java-17-openjdk-amd64
[2025-12-02T11:18:57.961+0000] {spark_read_mongo_dag.py:46} INFO - Env PATH head: ['/opt/spark/spark-3.4.1-bin-hadoop3/bin', '/usr/lib/jvm/java-17-openjdk-amd64/bin', '/opt/spark/bin', '/usr/lib/jvm/java-17-openjdk-amd64/bin', '/root/bin']
[2025-12-02T11:18:57.961+0000] {spark_read_mongo_dag.py:49} INFO - Running command: spark-submit --jars /opt/***/jars/mongo-spark-connector_2.12-10.1.1.jar,/opt/***/jars/bson-4.11.2.jar,/opt/***/jars/mongodb-driver-core-4.11.2.jar,/opt/***/jars/mongodb-driver-sync-4.11.2.jar,/opt/***/jars/iceberg-spark-runtime-3.5_2.12-1.5.2.jar,/opt/***/jars/hadoop-aws-3.3.4.jar,/opt/***/jars/aws-java-sdk-bundle-1.12.772.jar /opt/***/spark_jobs/mongo_pyspark.py
[2025-12-02T11:19:19.170+0000] {spark_read_mongo_dag.py:51} INFO - Process finished. returncode=1
[2025-12-02T11:19:19.171+0000] {spark_read_mongo_dag.py:54} INFO - spark-submit stdout | 2025-12-02 11:19:04,153 INFO mongo_to_iceberg - START main at 2025-12-02 11:19:04
[2025-12-02T11:19:19.172+0000] {spark_read_mongo_dag.py:54} INFO - spark-submit stdout | 2025-12-02 11:19:04,153 INFO mongo_to_iceberg - Checking required JARs under /opt/***/jars
[2025-12-02T11:19:19.172+0000] {spark_read_mongo_dag.py:54} INFO - spark-submit stdout | 2025-12-02 11:19:04,155 INFO mongo_to_iceberg - JAR: /opt/***/jars/mongo-spark-connector_2.12-10.1.1.jar exists=True size=156368
[2025-12-02T11:19:19.173+0000] {spark_read_mongo_dag.py:54} INFO - spark-submit stdout | 2025-12-02 11:19:04,158 INFO mongo_to_iceberg - JAR: /opt/***/jars/bson-4.11.2.jar exists=True size=511356
[2025-12-02T11:19:19.173+0000] {spark_read_mongo_dag.py:54} INFO - spark-submit stdout | 2025-12-02 11:19:04,159 INFO mongo_to_iceberg - JAR: /opt/***/jars/mongodb-driver-core-4.11.2.jar exists=True size=1670650
[2025-12-02T11:19:19.173+0000] {spark_read_mongo_dag.py:54} INFO - spark-submit stdout | 2025-12-02 11:19:04,160 INFO mongo_to_iceberg - JAR: /opt/***/jars/mongodb-driver-sync-4.11.2.jar exists=True size=151808
[2025-12-02T11:19:19.174+0000] {spark_read_mongo_dag.py:54} INFO - spark-submit stdout | 2025-12-02 11:19:04,162 INFO mongo_to_iceberg - JAR: /opt/***/jars/iceberg-spark-runtime-3.5_2.12-1.5.2.jar exists=True size=41604737
[2025-12-02T11:19:19.174+0000] {spark_read_mongo_dag.py:54} INFO - spark-submit stdout | 2025-12-02 11:19:04,163 INFO mongo_to_iceberg - JAR: /opt/***/jars/hadoop-aws-3.3.4.jar exists=True size=962685
[2025-12-02T11:19:19.174+0000] {spark_read_mongo_dag.py:54} INFO - spark-submit stdout | 2025-12-02 11:19:04,164 INFO mongo_to_iceberg - JAR: /opt/***/jars/aws-java-sdk-bundle-1.12.772.jar exists=True size=388405806
[2025-12-02T11:19:19.175+0000] {spark_read_mongo_dag.py:54} INFO - spark-submit stdout | 2025-12-02 11:19:04,164 INFO mongo_to_iceberg - Mongo URI (masked): mongodb://172.168.168.206:27017/event-mesh
[2025-12-02T11:19:19.175+0000] {spark_read_mongo_dag.py:54} INFO - spark-submit stdout | 2025-12-02 11:19:04,164 INFO mongo_to_iceberg - Using Iceberg warehouse (must be s3a://): s3a://iceberg/
[2025-12-02T11:19:19.175+0000] {spark_read_mongo_dag.py:54} INFO - spark-submit stdout | 2025-12-02 11:19:04,164 INFO mongo_to_iceberg - S3 endpoint=http://minio:9000 path_style=true ssl_enabled=false
[2025-12-02T11:19:19.176+0000] {spark_read_mongo_dag.py:54} INFO - spark-submit stdout | 2025-12-02 11:19:04,165 INFO mongo_to_iceberg - Creating SparkSession...
[2025-12-02T11:19:19.176+0000] {spark_read_mongo_dag.py:54} INFO - spark-submit stdout | 2025-12-02 11:19:11,085 INFO mongo_to_iceberg - SparkSession created. Spark version=3.4.1
[2025-12-02T11:19:19.176+0000] {spark_read_mongo_dag.py:54} INFO - spark-submit stdout | 2025-12-02 11:19:11,693 INFO mongo_to_iceberg - spark.jars config=/opt/***/jars/mongo-spark-connector_2.12-10.1.1.jar,/opt/***/jars/bson-4.11.2.jar,/opt/***/jars/mongodb-driver-core-4.11.2.jar,/opt/***/jars/mongodb-driver-sync-4.11.2.jar,/opt/***/jars/iceberg-spark-runtime-3.5_2.12-1.5.2.jar,/opt/***/jars/hadoop-aws-3.3.4.jar,/opt/***/jars/aws-java-sdk-bundle-1.12.772.jar
[2025-12-02T11:19:19.177+0000] {spark_read_mongo_dag.py:54} INFO - spark-submit stdout | 2025-12-02 11:19:11,694 INFO mongo_to_iceberg - spark.mongodb.read.connection.uri=mongodb://172.168.168.206:27017/event-mesh
[2025-12-02T11:19:19.177+0000] {spark_read_mongo_dag.py:54} INFO - spark-submit stdout | 2025-12-02 11:19:11,695 INFO mongo_to_iceberg - spark.sql.catalog.iceberg_catalog.warehouse=s3a://iceberg/
[2025-12-02T11:19:19.177+0000] {spark_read_mongo_dag.py:54} INFO - spark-submit stdout | 2025-12-02 11:19:11,695 INFO mongo_to_iceberg - Starting read from MongoDB collection event-mesh.
[2025-12-02T11:19:19.178+0000] {spark_read_mongo_dag.py:54} INFO - spark-submit stdout | 2025-12-02 11:19:12,259 ERROR mongo_to_iceberg - Exception during job: An error occurred while calling o59.load.
[2025-12-02T11:19:19.178+0000] {spark_read_mongo_dag.py:54} INFO - spark-submit stdout | : com.mongodb.spark.sql.connector.exceptions.ConfigException: Missing configuration for: collection
[2025-12-02T11:19:19.178+0000] {spark_read_mongo_dag.py:54} INFO - spark-submit stdout | 	at com.mongodb.spark.sql.connector.assertions.Assertions.validateConfig(Assertions.java:69)
[2025-12-02T11:19:19.179+0000] {spark_read_mongo_dag.py:54} INFO - spark-submit stdout | 	at com.mongodb.spark.sql.connector.config.AbstractMongoConfig.getCollectionName(AbstractMongoConfig.java:119)
[2025-12-02T11:19:19.179+0000] {spark_read_mongo_dag.py:54} INFO - spark-submit stdout | 	at com.mongodb.spark.sql.connector.config.ReadConfig.getCollectionName(ReadConfig.java:45)
[2025-12-02T11:19:19.179+0000] {spark_read_mongo_dag.py:54} INFO - spark-submit stdout | 	at com.mongodb.spark.sql.connector.config.AbstractMongoConfig.withCollection(AbstractMongoConfig.java:176)
[2025-12-02T11:19:19.180+0000] {spark_read_mongo_dag.py:54} INFO - spark-submit stdout | 	at com.mongodb.spark.sql.connector.config.ReadConfig.withCollection(ReadConfig.java:45)
[2025-12-02T11:19:19.180+0000] {spark_read_mongo_dag.py:54} INFO - spark-submit stdout | 	at com.mongodb.spark.sql.connector.schema.InferSchema.inferSchema(InferSchema.java:82)
[2025-12-02T11:19:19.181+0000] {spark_read_mongo_dag.py:54} INFO - spark-submit stdout | 	at com.mongodb.spark.sql.connector.MongoTableProvider.inferSchema(MongoTableProvider.java:62)
[2025-12-02T11:19:19.181+0000] {spark_read_mongo_dag.py:54} INFO - spark-submit stdout | 	at org.apache.spark.sql.execution.datasources.v2.DataSourceV2Utils$.getTableFromProvider(DataSourceV2Utils.scala:90)
[2025-12-02T11:19:19.182+0000] {spark_read_mongo_dag.py:54} INFO - spark-submit stdout | 	at org.apache.spark.sql.execution.datasources.v2.DataSourceV2Utils$.loadV2Source(DataSourceV2Utils.scala:140)
[2025-12-02T11:19:19.182+0000] {spark_read_mongo_dag.py:54} INFO - spark-submit stdout | 	at org.apache.spark.sql.DataFrameReader.$anonfun$load$1(DataFrameReader.scala:210)
[2025-12-02T11:19:19.182+0000] {spark_read_mongo_dag.py:54} INFO - spark-submit stdout | 	at scala.Option.flatMap(Option.scala:271)
[2025-12-02T11:19:19.182+0000] {spark_read_mongo_dag.py:54} INFO - spark-submit stdout | 	at org.apache.spark.sql.DataFrameReader.load(DataFrameReader.scala:208)
[2025-12-02T11:19:19.183+0000] {spark_read_mongo_dag.py:54} INFO - spark-submit stdout | 	at org.apache.spark.sql.DataFrameReader.load(DataFrameReader.scala:172)
[2025-12-02T11:19:19.183+0000] {spark_read_mongo_dag.py:54} INFO - spark-submit stdout | 	at java.base/jdk.internal.reflect.NativeMethodAccessorImpl.invoke0(Native Method)
[2025-12-02T11:19:19.183+0000] {spark_read_mongo_dag.py:54} INFO - spark-submit stdout | 	at java.base/jdk.internal.reflect.NativeMethodAccessorImpl.invoke(NativeMethodAccessorImpl.java:77)
[2025-12-02T11:19:19.184+0000] {spark_read_mongo_dag.py:54} INFO - spark-submit stdout | 	at java.base/jdk.internal.reflect.DelegatingMethodAccessorImpl.invoke(DelegatingMethodAccessorImpl.java:43)
[2025-12-02T11:19:19.184+0000] {spark_read_mongo_dag.py:54} INFO - spark-submit stdout | 	at java.base/java.lang.reflect.Method.invoke(Method.java:569)
[2025-12-02T11:19:19.184+0000] {spark_read_mongo_dag.py:54} INFO - spark-submit stdout | 	at py4j.reflection.MethodInvoker.invoke(MethodInvoker.java:244)
[2025-12-02T11:19:19.185+0000] {spark_read_mongo_dag.py:54} INFO - spark-submit stdout | 	at py4j.reflection.ReflectionEngine.invoke(ReflectionEngine.java:374)
[2025-12-02T11:19:19.185+0000] {spark_read_mongo_dag.py:54} INFO - spark-submit stdout | 	at py4j.Gateway.invoke(Gateway.java:282)
[2025-12-02T11:19:19.185+0000] {spark_read_mongo_dag.py:54} INFO - spark-submit stdout | 	at py4j.commands.AbstractCommand.invokeMethod(AbstractCommand.java:132)
[2025-12-02T11:19:19.185+0000] {spark_read_mongo_dag.py:54} INFO - spark-submit stdout | 	at py4j.commands.CallCommand.execute(CallCommand.java:79)
[2025-12-02T11:19:19.186+0000] {spark_read_mongo_dag.py:54} INFO - spark-submit stdout | 	at py4j.ClientServerConnection.waitForCommands(ClientServerConnection.java:182)
[2025-12-02T11:19:19.186+0000] {spark_read_mongo_dag.py:54} INFO - spark-submit stdout | 	at py4j.ClientServerConnection.run(ClientServerConnection.java:106)
[2025-12-02T11:19:19.186+0000] {spark_read_mongo_dag.py:54} INFO - spark-submit stdout | 	at java.base/java.lang.Thread.run(Thread.java:840)
[2025-12-02T11:19:19.187+0000] {spark_read_mongo_dag.py:54} INFO - spark-submit stdout | 
[2025-12-02T11:19:19.187+0000] {spark_read_mongo_dag.py:54} INFO - spark-submit stdout | 2025-12-02 11:19:12,263 ERROR mongo_to_iceberg - Traceback:
[2025-12-02T11:19:19.187+0000] {spark_read_mongo_dag.py:54} INFO - spark-submit stdout | Traceback (most recent call last):
[2025-12-02T11:19:19.188+0000] {spark_read_mongo_dag.py:54} INFO - spark-submit stdout |   File "/opt/***/spark_jobs/mongo_pyspark.py", line 296, in main
[2025-12-02T11:19:19.188+0000] {spark_read_mongo_dag.py:54} INFO - spark-submit stdout |     spark.read
[2025-12-02T11:19:19.189+0000] {spark_read_mongo_dag.py:54} INFO - spark-submit stdout |   File "/opt/spark/spark-3.4.1-bin-hadoop3/python/lib/pyspark.zip/pyspark/sql/readwriter.py", line 307, in load
[2025-12-02T11:19:19.189+0000] {spark_read_mongo_dag.py:54} INFO - spark-submit stdout |     return self._df(self._jreader.load())
[2025-12-02T11:19:19.189+0000] {spark_read_mongo_dag.py:54} INFO - spark-submit stdout |   File "/opt/spark/spark-3.4.1-bin-hadoop3/python/lib/py4j-0.10.9.7-src.zip/py4j/java_gateway.py", line 1322, in __call__
[2025-12-02T11:19:19.190+0000] {spark_read_mongo_dag.py:54} INFO - spark-submit stdout |     return_value = get_return_value(
[2025-12-02T11:19:19.190+0000] {spark_read_mongo_dag.py:54} INFO - spark-submit stdout |   File "/opt/spark/spark-3.4.1-bin-hadoop3/python/lib/pyspark.zip/pyspark/errors/exceptions/captured.py", line 169, in deco
[2025-12-02T11:19:19.190+0000] {spark_read_mongo_dag.py:54} INFO - spark-submit stdout |     return f(*a, **kw)
[2025-12-02T11:19:19.191+0000] {spark_read_mongo_dag.py:54} INFO - spark-submit stdout |   File "/opt/spark/spark-3.4.1-bin-hadoop3/python/lib/py4j-0.10.9.7-src.zip/py4j/protocol.py", line 326, in get_return_value
[2025-12-02T11:19:19.191+0000] {spark_read_mongo_dag.py:54} INFO - spark-submit stdout |     raise Py4JJavaError(
[2025-12-02T11:19:19.192+0000] {spark_read_mongo_dag.py:54} INFO - spark-submit stdout | py4j.protocol.Py4JJavaError: An error occurred while calling o59.load.
[2025-12-02T11:19:19.192+0000] {spark_read_mongo_dag.py:54} INFO - spark-submit stdout | : com.mongodb.spark.sql.connector.exceptions.ConfigException: Missing configuration for: collection
[2025-12-02T11:19:19.192+0000] {spark_read_mongo_dag.py:54} INFO - spark-submit stdout | 	at com.mongodb.spark.sql.connector.assertions.Assertions.validateConfig(Assertions.java:69)
[2025-12-02T11:19:19.193+0000] {spark_read_mongo_dag.py:54} INFO - spark-submit stdout | 	at com.mongodb.spark.sql.connector.config.AbstractMongoConfig.getCollectionName(AbstractMongoConfig.java:119)
[2025-12-02T11:19:19.193+0000] {spark_read_mongo_dag.py:54} INFO - spark-submit stdout | 	at com.mongodb.spark.sql.connector.config.ReadConfig.getCollectionName(ReadConfig.java:45)
[2025-12-02T11:19:19.194+0000] {spark_read_mongo_dag.py:54} INFO - spark-submit stdout | 	at com.mongodb.spark.sql.connector.config.AbstractMongoConfig.withCollection(AbstractMongoConfig.java:176)
[2025-12-02T11:19:19.194+0000] {spark_read_mongo_dag.py:54} INFO - spark-submit stdout | 	at com.mongodb.spark.sql.connector.config.ReadConfig.withCollection(ReadConfig.java:45)
[2025-12-02T11:19:19.195+0000] {spark_read_mongo_dag.py:54} INFO - spark-submit stdout | 	at com.mongodb.spark.sql.connector.schema.InferSchema.inferSchema(InferSchema.java:82)
[2025-12-02T11:19:19.195+0000] {spark_read_mongo_dag.py:54} INFO - spark-submit stdout | 	at com.mongodb.spark.sql.connector.MongoTableProvider.inferSchema(MongoTableProvider.java:62)
[2025-12-02T11:19:19.196+0000] {spark_read_mongo_dag.py:54} INFO - spark-submit stdout | 	at org.apache.spark.sql.execution.datasources.v2.DataSourceV2Utils$.getTableFromProvider(DataSourceV2Utils.scala:90)
[2025-12-02T11:19:19.196+0000] {spark_read_mongo_dag.py:54} INFO - spark-submit stdout | 	at org.apache.spark.sql.execution.datasources.v2.DataSourceV2Utils$.loadV2Source(DataSourceV2Utils.scala:140)
[2025-12-02T11:19:19.196+0000] {spark_read_mongo_dag.py:54} INFO - spark-submit stdout | 	at org.apache.spark.sql.DataFrameReader.$anonfun$load$1(DataFrameReader.scala:210)
[2025-12-02T11:19:19.197+0000] {spark_read_mongo_dag.py:54} INFO - spark-submit stdout | 	at scala.Option.flatMap(Option.scala:271)
[2025-12-02T11:19:19.198+0000] {spark_read_mongo_dag.py:54} INFO - spark-submit stdout | 	at org.apache.spark.sql.DataFrameReader.load(DataFrameReader.scala:208)
[2025-12-02T11:19:19.199+0000] {spark_read_mongo_dag.py:54} INFO - spark-submit stdout | 	at org.apache.spark.sql.DataFrameReader.load(DataFrameReader.scala:172)
[2025-12-02T11:19:19.200+0000] {spark_read_mongo_dag.py:54} INFO - spark-submit stdout | 	at java.base/jdk.internal.reflect.NativeMethodAccessorImpl.invoke0(Native Method)
[2025-12-02T11:19:19.201+0000] {spark_read_mongo_dag.py:54} INFO - spark-submit stdout | 	at java.base/jdk.internal.reflect.NativeMethodAccessorImpl.invoke(NativeMethodAccessorImpl.java:77)
[2025-12-02T11:19:19.203+0000] {spark_read_mongo_dag.py:54} INFO - spark-submit stdout | 	at java.base/jdk.internal.reflect.DelegatingMethodAccessorImpl.invoke(DelegatingMethodAccessorImpl.java:43)
[2025-12-02T11:19:19.204+0000] {spark_read_mongo_dag.py:54} INFO - spark-submit stdout | 	at java.base/java.lang.reflect.Method.invoke(Method.java:569)
[2025-12-02T11:19:19.204+0000] {spark_read_mongo_dag.py:54} INFO - spark-submit stdout | 	at py4j.reflection.MethodInvoker.invoke(MethodInvoker.java:244)
[2025-12-02T11:19:19.205+0000] {spark_read_mongo_dag.py:54} INFO - spark-submit stdout | 	at py4j.reflection.ReflectionEngine.invoke(ReflectionEngine.java:374)
[2025-12-02T11:19:19.206+0000] {spark_read_mongo_dag.py:54} INFO - spark-submit stdout | 	at py4j.Gateway.invoke(Gateway.java:282)
[2025-12-02T11:19:19.212+0000] {spark_read_mongo_dag.py:54} INFO - spark-submit stdout | 	at py4j.commands.AbstractCommand.invokeMethod(AbstractCommand.java:132)
[2025-12-02T11:19:19.213+0000] {spark_read_mongo_dag.py:54} INFO - spark-submit stdout | 	at py4j.commands.CallCommand.execute(CallCommand.java:79)
[2025-12-02T11:19:19.215+0000] {spark_read_mongo_dag.py:54} INFO - spark-submit stdout | 	at py4j.ClientServerConnection.waitForCommands(ClientServerConnection.java:182)
[2025-12-02T11:19:19.217+0000] {spark_read_mongo_dag.py:54} INFO - spark-submit stdout | 	at py4j.ClientServerConnection.run(ClientServerConnection.java:106)
[2025-12-02T11:19:19.218+0000] {spark_read_mongo_dag.py:54} INFO - spark-submit stdout | 	at java.base/java.lang.Thread.run(Thread.java:840)
[2025-12-02T11:19:19.218+0000] {spark_read_mongo_dag.py:54} INFO - spark-submit stdout | 
[2025-12-02T11:19:19.218+0000] {spark_read_mongo_dag.py:54} INFO - spark-submit stdout | 
[2025-12-02T11:19:19.219+0000] {spark_read_mongo_dag.py:54} INFO - spark-submit stdout | 2025-12-02 11:19:12,263 ERROR mongo_to_iceberg - HINTS: - Ensure Mongo credentials are correct and authSource is right.
[2025-12-02T11:19:19.220+0000] {spark_read_mongo_dag.py:54} INFO - spark-submit stdout | 2025-12-02 11:19:12,263 ERROR mongo_to_iceberg -        - Verify mongo container user/password (MONGO_INITDB_ROOT_USERNAME/PASSWORD).
[2025-12-02T11:19:19.220+0000] {spark_read_mongo_dag.py:54} INFO - spark-submit stdout | 2025-12-02 11:19:12,263 ERROR mongo_to_iceberg -        - If using networked services, ensure 'mongo' and 'minio' hostnames resolve from Spark executors.
[2025-12-02T11:19:19.221+0000] {spark_read_mongo_dag.py:54} INFO - spark-submit stdout | 2025-12-02 11:19:12,263 ERROR mongo_to_iceberg -        - Ensure ICEBERG_WAREHOUSE uses s3a:// and that hadoop-aws + aws-java-sdk jars are present.
[2025-12-02T11:19:19.222+0000] {spark_read_mongo_dag.py:54} INFO - spark-submit stdout | Traceback (most recent call last):
[2025-12-02T11:19:19.222+0000] {spark_read_mongo_dag.py:54} INFO - spark-submit stdout |   File "/opt/***/spark_jobs/mongo_pyspark.py", line 413, in <module>
[2025-12-02T11:19:19.223+0000] {spark_read_mongo_dag.py:54} INFO - spark-submit stdout |     main()
[2025-12-02T11:19:19.223+0000] {spark_read_mongo_dag.py:54} INFO - spark-submit stdout |   File "/opt/***/spark_jobs/mongo_pyspark.py", line 296, in main
[2025-12-02T11:19:19.224+0000] {spark_read_mongo_dag.py:54} INFO - spark-submit stdout |     spark.read
[2025-12-02T11:19:19.224+0000] {spark_read_mongo_dag.py:54} INFO - spark-submit stdout |   File "/opt/spark/spark-3.4.1-bin-hadoop3/python/lib/pyspark.zip/pyspark/sql/readwriter.py", line 307, in load
[2025-12-02T11:19:19.225+0000] {spark_read_mongo_dag.py:54} INFO - spark-submit stdout |   File "/opt/spark/spark-3.4.1-bin-hadoop3/python/lib/py4j-0.10.9.7-src.zip/py4j/java_gateway.py", line 1322, in __call__
[2025-12-02T11:19:19.225+0000] {spark_read_mongo_dag.py:54} INFO - spark-submit stdout |   File "/opt/spark/spark-3.4.1-bin-hadoop3/python/lib/pyspark.zip/pyspark/errors/exceptions/captured.py", line 169, in deco
[2025-12-02T11:19:19.225+0000] {spark_read_mongo_dag.py:54} INFO - spark-submit stdout |   File "/opt/spark/spark-3.4.1-bin-hadoop3/python/lib/py4j-0.10.9.7-src.zip/py4j/protocol.py", line 326, in get_return_value
[2025-12-02T11:19:19.226+0000] {spark_read_mongo_dag.py:54} INFO - spark-submit stdout | py4j.protocol.Py4JJavaError: An error occurred while calling o59.load.
[2025-12-02T11:19:19.226+0000] {spark_read_mongo_dag.py:54} INFO - spark-submit stdout | : com.mongodb.spark.sql.connector.exceptions.ConfigException: Missing configuration for: collection
[2025-12-02T11:19:19.226+0000] {spark_read_mongo_dag.py:54} INFO - spark-submit stdout | 	at com.mongodb.spark.sql.connector.assertions.Assertions.validateConfig(Assertions.java:69)
[2025-12-02T11:19:19.227+0000] {spark_read_mongo_dag.py:54} INFO - spark-submit stdout | 	at com.mongodb.spark.sql.connector.config.AbstractMongoConfig.getCollectionName(AbstractMongoConfig.java:119)
[2025-12-02T11:19:19.227+0000] {spark_read_mongo_dag.py:54} INFO - spark-submit stdout | 	at com.mongodb.spark.sql.connector.config.ReadConfig.getCollectionName(ReadConfig.java:45)
[2025-12-02T11:19:19.228+0000] {spark_read_mongo_dag.py:54} INFO - spark-submit stdout | 	at com.mongodb.spark.sql.connector.config.AbstractMongoConfig.withCollection(AbstractMongoConfig.java:176)
[2025-12-02T11:19:19.228+0000] {spark_read_mongo_dag.py:54} INFO - spark-submit stdout | 	at com.mongodb.spark.sql.connector.config.ReadConfig.withCollection(ReadConfig.java:45)
[2025-12-02T11:19:19.228+0000] {spark_read_mongo_dag.py:54} INFO - spark-submit stdout | 	at com.mongodb.spark.sql.connector.schema.InferSchema.inferSchema(InferSchema.java:82)
[2025-12-02T11:19:19.229+0000] {spark_read_mongo_dag.py:54} INFO - spark-submit stdout | 	at com.mongodb.spark.sql.connector.MongoTableProvider.inferSchema(MongoTableProvider.java:62)
[2025-12-02T11:19:19.229+0000] {spark_read_mongo_dag.py:54} INFO - spark-submit stdout | 	at org.apache.spark.sql.execution.datasources.v2.DataSourceV2Utils$.getTableFromProvider(DataSourceV2Utils.scala:90)
[2025-12-02T11:19:19.229+0000] {spark_read_mongo_dag.py:54} INFO - spark-submit stdout | 	at org.apache.spark.sql.execution.datasources.v2.DataSourceV2Utils$.loadV2Source(DataSourceV2Utils.scala:140)
[2025-12-02T11:19:19.230+0000] {spark_read_mongo_dag.py:54} INFO - spark-submit stdout | 	at org.apache.spark.sql.DataFrameReader.$anonfun$load$1(DataFrameReader.scala:210)
[2025-12-02T11:19:19.230+0000] {spark_read_mongo_dag.py:54} INFO - spark-submit stdout | 	at scala.Option.flatMap(Option.scala:271)
[2025-12-02T11:19:19.231+0000] {spark_read_mongo_dag.py:54} INFO - spark-submit stdout | 	at org.apache.spark.sql.DataFrameReader.load(DataFrameReader.scala:208)
[2025-12-02T11:19:19.231+0000] {spark_read_mongo_dag.py:54} INFO - spark-submit stdout | 	at org.apache.spark.sql.DataFrameReader.load(DataFrameReader.scala:172)
[2025-12-02T11:19:19.232+0000] {spark_read_mongo_dag.py:54} INFO - spark-submit stdout | 	at java.base/jdk.internal.reflect.NativeMethodAccessorImpl.invoke0(Native Method)
[2025-12-02T11:19:19.232+0000] {spark_read_mongo_dag.py:54} INFO - spark-submit stdout | 	at java.base/jdk.internal.reflect.NativeMethodAccessorImpl.invoke(NativeMethodAccessorImpl.java:77)
[2025-12-02T11:19:19.232+0000] {spark_read_mongo_dag.py:54} INFO - spark-submit stdout | 	at java.base/jdk.internal.reflect.DelegatingMethodAccessorImpl.invoke(DelegatingMethodAccessorImpl.java:43)
[2025-12-02T11:19:19.233+0000] {spark_read_mongo_dag.py:54} INFO - spark-submit stdout | 	at java.base/java.lang.reflect.Method.invoke(Method.java:569)
[2025-12-02T11:19:19.233+0000] {spark_read_mongo_dag.py:54} INFO - spark-submit stdout | 	at py4j.reflection.MethodInvoker.invoke(MethodInvoker.java:244)
[2025-12-02T11:19:19.233+0000] {spark_read_mongo_dag.py:54} INFO - spark-submit stdout | 	at py4j.reflection.ReflectionEngine.invoke(ReflectionEngine.java:374)
[2025-12-02T11:19:19.234+0000] {spark_read_mongo_dag.py:54} INFO - spark-submit stdout | 	at py4j.Gateway.invoke(Gateway.java:282)
[2025-12-02T11:19:19.234+0000] {spark_read_mongo_dag.py:54} INFO - spark-submit stdout | 	at py4j.commands.AbstractCommand.invokeMethod(AbstractCommand.java:132)
[2025-12-02T11:19:19.234+0000] {spark_read_mongo_dag.py:54} INFO - spark-submit stdout | 	at py4j.commands.CallCommand.execute(CallCommand.java:79)
[2025-12-02T11:19:19.235+0000] {spark_read_mongo_dag.py:54} INFO - spark-submit stdout | 	at py4j.ClientServerConnection.waitForCommands(ClientServerConnection.java:182)
[2025-12-02T11:19:19.235+0000] {spark_read_mongo_dag.py:54} INFO - spark-submit stdout | 	at py4j.ClientServerConnection.run(ClientServerConnection.java:106)
[2025-12-02T11:19:19.235+0000] {spark_read_mongo_dag.py:54} INFO - spark-submit stdout | 	at java.base/java.lang.Thread.run(Thread.java:840)
[2025-12-02T11:19:19.236+0000] {spark_read_mongo_dag.py:54} INFO - spark-submit stdout | 
[2025-12-02T11:19:19.236+0000] {spark_read_mongo_dag.py:54} INFO - spark-submit stdout | 2025-12-02 11:19:12,271 INFO py4j.clientserver - Closing down clientserver connection
[2025-12-02T11:19:19.237+0000] {spark_read_mongo_dag.py:57} ERROR - spark-submit stderr | 25/12/02 11:19:01 WARN NativeCodeLoader: Unable to load native-hadoop library for your platform... using builtin-java classes where applicable
[2025-12-02T11:19:19.237+0000] {spark_read_mongo_dag.py:57} ERROR - spark-submit stderr | 25/12/02 11:19:04 INFO SparkContext: Running Spark version 3.4.1
[2025-12-02T11:19:19.237+0000] {spark_read_mongo_dag.py:57} ERROR - spark-submit stderr | 25/12/02 11:19:04 INFO ResourceUtils: ==============================================================
[2025-12-02T11:19:19.238+0000] {spark_read_mongo_dag.py:57} ERROR - spark-submit stderr | 25/12/02 11:19:04 INFO ResourceUtils: No custom resources configured for spark.driver.
[2025-12-02T11:19:19.238+0000] {spark_read_mongo_dag.py:57} ERROR - spark-submit stderr | 25/12/02 11:19:04 INFO ResourceUtils: ==============================================================
[2025-12-02T11:19:19.238+0000] {spark_read_mongo_dag.py:57} ERROR - spark-submit stderr | 25/12/02 11:19:04 INFO SparkContext: Submitted application: MongoToParquetToMinIO
[2025-12-02T11:19:19.239+0000] {spark_read_mongo_dag.py:57} ERROR - spark-submit stderr | 25/12/02 11:19:04 INFO ResourceProfile: Default ResourceProfile created, executor resources: Map(cores -> name: cores, amount: 1, script: , vendor: , memory -> name: memory, amount: 1024, script: , vendor: , offHeap -> name: offHeap, amount: 0, script: , vendor: ), task resources: Map(cpus -> name: cpus, amount: 1.0)
[2025-12-02T11:19:19.239+0000] {spark_read_mongo_dag.py:57} ERROR - spark-submit stderr | 25/12/02 11:19:04 INFO ResourceProfile: Limiting resource is cpu
[2025-12-02T11:19:19.239+0000] {spark_read_mongo_dag.py:57} ERROR - spark-submit stderr | 25/12/02 11:19:04 INFO ResourceProfileManager: Added ResourceProfile id: 0
[2025-12-02T11:19:19.240+0000] {spark_read_mongo_dag.py:57} ERROR - spark-submit stderr | 25/12/02 11:19:04 INFO SecurityManager: Changing view acls to: ***
[2025-12-02T11:19:19.240+0000] {spark_read_mongo_dag.py:57} ERROR - spark-submit stderr | 25/12/02 11:19:04 INFO SecurityManager: Changing modify acls to: ***
[2025-12-02T11:19:19.240+0000] {spark_read_mongo_dag.py:57} ERROR - spark-submit stderr | 25/12/02 11:19:04 INFO SecurityManager: Changing view acls groups to: 
[2025-12-02T11:19:19.241+0000] {spark_read_mongo_dag.py:57} ERROR - spark-submit stderr | 25/12/02 11:19:04 INFO SecurityManager: Changing modify acls groups to: 
[2025-12-02T11:19:19.241+0000] {spark_read_mongo_dag.py:57} ERROR - spark-submit stderr | 25/12/02 11:19:04 INFO SecurityManager: SecurityManager: authentication disabled; ui acls disabled; users with view permissions: ***; groups with view permissions: EMPTY; users with modify permissions: ***; groups with modify permissions: EMPTY
[2025-12-02T11:19:19.241+0000] {spark_read_mongo_dag.py:57} ERROR - spark-submit stderr | 25/12/02 11:19:05 INFO Utils: Successfully started service 'sparkDriver' on port 36543.
[2025-12-02T11:19:19.242+0000] {spark_read_mongo_dag.py:57} ERROR - spark-submit stderr | 25/12/02 11:19:05 INFO SparkEnv: Registering MapOutputTracker
[2025-12-02T11:19:19.242+0000] {spark_read_mongo_dag.py:57} ERROR - spark-submit stderr | 25/12/02 11:19:05 INFO SparkEnv: Registering BlockManagerMaster
[2025-12-02T11:19:19.242+0000] {spark_read_mongo_dag.py:57} ERROR - spark-submit stderr | 25/12/02 11:19:05 INFO BlockManagerMasterEndpoint: Using org.apache.spark.storage.DefaultTopologyMapper for getting topology information
[2025-12-02T11:19:19.243+0000] {spark_read_mongo_dag.py:57} ERROR - spark-submit stderr | 25/12/02 11:19:05 INFO BlockManagerMasterEndpoint: BlockManagerMasterEndpoint up
[2025-12-02T11:19:19.243+0000] {spark_read_mongo_dag.py:57} ERROR - spark-submit stderr | 25/12/02 11:19:05 INFO SparkEnv: Registering BlockManagerMasterHeartbeat
[2025-12-02T11:19:19.243+0000] {spark_read_mongo_dag.py:57} ERROR - spark-submit stderr | 25/12/02 11:19:05 INFO DiskBlockManager: Created local directory at /tmp/blockmgr-8fd06e72-1647-4d55-a7dd-befd5994e9c8
[2025-12-02T11:19:19.244+0000] {spark_read_mongo_dag.py:57} ERROR - spark-submit stderr | 25/12/02 11:19:05 INFO MemoryStore: MemoryStore started with capacity 434.4 MiB
[2025-12-02T11:19:19.244+0000] {spark_read_mongo_dag.py:57} ERROR - spark-submit stderr | 25/12/02 11:19:05 INFO SparkEnv: Registering OutputCommitCoordinator
[2025-12-02T11:19:19.244+0000] {spark_read_mongo_dag.py:57} ERROR - spark-submit stderr | 25/12/02 11:19:05 INFO JettyUtils: Start Jetty 0.0.0.0:4040 for SparkUI
[2025-12-02T11:19:19.245+0000] {spark_read_mongo_dag.py:57} ERROR - spark-submit stderr | 25/12/02 11:19:05 INFO Utils: Successfully started service 'SparkUI' on port 4040.
[2025-12-02T11:19:19.245+0000] {spark_read_mongo_dag.py:57} ERROR - spark-submit stderr | 25/12/02 11:19:06 INFO SparkContext: Added JAR /opt/***/jars/mongo-spark-connector_2.12-10.1.1.jar at spark://f8453ad61174:36543/jars/mongo-spark-connector_2.12-10.1.1.jar with timestamp 1764674344793
[2025-12-02T11:19:19.245+0000] {spark_read_mongo_dag.py:57} ERROR - spark-submit stderr | 25/12/02 11:19:06 INFO SparkContext: Added JAR /opt/***/jars/bson-4.11.2.jar at spark://f8453ad61174:36543/jars/bson-4.11.2.jar with timestamp 1764674344793
[2025-12-02T11:19:19.246+0000] {spark_read_mongo_dag.py:57} ERROR - spark-submit stderr | 25/12/02 11:19:06 INFO SparkContext: Added JAR /opt/***/jars/mongodb-driver-core-4.11.2.jar at spark://f8453ad61174:36543/jars/mongodb-driver-core-4.11.2.jar with timestamp 1764674344793
[2025-12-02T11:19:19.246+0000] {spark_read_mongo_dag.py:57} ERROR - spark-submit stderr | 25/12/02 11:19:06 INFO SparkContext: Added JAR /opt/***/jars/mongodb-driver-sync-4.11.2.jar at spark://f8453ad61174:36543/jars/mongodb-driver-sync-4.11.2.jar with timestamp 1764674344793
[2025-12-02T11:19:19.246+0000] {spark_read_mongo_dag.py:57} ERROR - spark-submit stderr | 25/12/02 11:19:06 INFO SparkContext: Added JAR /opt/***/jars/iceberg-spark-runtime-3.5_2.12-1.5.2.jar at spark://f8453ad61174:36543/jars/iceberg-spark-runtime-3.5_2.12-1.5.2.jar with timestamp 1764674344793
[2025-12-02T11:19:19.247+0000] {spark_read_mongo_dag.py:57} ERROR - spark-submit stderr | 25/12/02 11:19:06 INFO SparkContext: Added JAR /opt/***/jars/hadoop-aws-3.3.4.jar at spark://f8453ad61174:36543/jars/hadoop-aws-3.3.4.jar with timestamp 1764674344793
[2025-12-02T11:19:19.248+0000] {spark_read_mongo_dag.py:57} ERROR - spark-submit stderr | 25/12/02 11:19:06 INFO SparkContext: Added JAR /opt/***/jars/aws-java-sdk-bundle-1.12.772.jar at spark://f8453ad61174:36543/jars/aws-java-sdk-bundle-1.12.772.jar with timestamp 1764674344793
[2025-12-02T11:19:19.248+0000] {spark_read_mongo_dag.py:57} ERROR - spark-submit stderr | 25/12/02 11:19:06 INFO Executor: Starting executor ID driver on host f8453ad61174
[2025-12-02T11:19:19.249+0000] {spark_read_mongo_dag.py:57} ERROR - spark-submit stderr | 25/12/02 11:19:06 INFO Executor: Starting executor with user classpath (userClassPathFirst = false): ''
[2025-12-02T11:19:19.249+0000] {spark_read_mongo_dag.py:57} ERROR - spark-submit stderr | 25/12/02 11:19:06 INFO Executor: Fetching spark://f8453ad61174:36543/jars/hadoop-aws-3.3.4.jar with timestamp 1764674344793
[2025-12-02T11:19:19.250+0000] {spark_read_mongo_dag.py:57} ERROR - spark-submit stderr | 25/12/02 11:19:06 INFO TransportClientFactory: Successfully created connection to f8453ad61174/172.19.0.8:36543 after 51 ms (0 ms spent in bootstraps)
[2025-12-02T11:19:19.250+0000] {spark_read_mongo_dag.py:57} ERROR - spark-submit stderr | 25/12/02 11:19:06 INFO Utils: Fetching spark://f8453ad61174:36543/jars/hadoop-aws-3.3.4.jar to /tmp/spark-8d9173ce-79f7-4aaf-b6f0-b1b7ed7487e2/userFiles-3eff4d8c-4c9a-4f1d-b0a8-be8fa28b649e/fetchFileTemp11403804271375342009.tmp
[2025-12-02T11:19:19.251+0000] {spark_read_mongo_dag.py:57} ERROR - spark-submit stderr | 25/12/02 11:19:06 INFO Executor: Adding file:/tmp/spark-8d9173ce-79f7-4aaf-b6f0-b1b7ed7487e2/userFiles-3eff4d8c-4c9a-4f1d-b0a8-be8fa28b649e/hadoop-aws-3.3.4.jar to class loader
[2025-12-02T11:19:19.251+0000] {spark_read_mongo_dag.py:57} ERROR - spark-submit stderr | 25/12/02 11:19:06 INFO Executor: Fetching spark://f8453ad61174:36543/jars/aws-java-sdk-bundle-1.12.772.jar with timestamp 1764674344793
[2025-12-02T11:19:19.252+0000] {spark_read_mongo_dag.py:57} ERROR - spark-submit stderr | 25/12/02 11:19:06 INFO Utils: Fetching spark://f8453ad61174:36543/jars/aws-java-sdk-bundle-1.12.772.jar to /tmp/spark-8d9173ce-79f7-4aaf-b6f0-b1b7ed7487e2/userFiles-3eff4d8c-4c9a-4f1d-b0a8-be8fa28b649e/fetchFileTemp1337115357880648207.tmp
[2025-12-02T11:19:19.252+0000] {spark_read_mongo_dag.py:57} ERROR - spark-submit stderr | 25/12/02 11:19:09 INFO Executor: Adding file:/tmp/spark-8d9173ce-79f7-4aaf-b6f0-b1b7ed7487e2/userFiles-3eff4d8c-4c9a-4f1d-b0a8-be8fa28b649e/aws-java-sdk-bundle-1.12.772.jar to class loader
[2025-12-02T11:19:19.253+0000] {spark_read_mongo_dag.py:57} ERROR - spark-submit stderr | 25/12/02 11:19:09 INFO Executor: Fetching spark://f8453ad61174:36543/jars/mongodb-driver-sync-4.11.2.jar with timestamp 1764674344793
[2025-12-02T11:19:19.253+0000] {spark_read_mongo_dag.py:57} ERROR - spark-submit stderr | 25/12/02 11:19:09 INFO Utils: Fetching spark://f8453ad61174:36543/jars/mongodb-driver-sync-4.11.2.jar to /tmp/spark-8d9173ce-79f7-4aaf-b6f0-b1b7ed7487e2/userFiles-3eff4d8c-4c9a-4f1d-b0a8-be8fa28b649e/fetchFileTemp3130997949623350740.tmp
[2025-12-02T11:19:19.253+0000] {spark_read_mongo_dag.py:57} ERROR - spark-submit stderr | 25/12/02 11:19:09 INFO Executor: Adding file:/tmp/spark-8d9173ce-79f7-4aaf-b6f0-b1b7ed7487e2/userFiles-3eff4d8c-4c9a-4f1d-b0a8-be8fa28b649e/mongodb-driver-sync-4.11.2.jar to class loader
[2025-12-02T11:19:19.254+0000] {spark_read_mongo_dag.py:57} ERROR - spark-submit stderr | 25/12/02 11:19:09 INFO Executor: Fetching spark://f8453ad61174:36543/jars/mongodb-driver-core-4.11.2.jar with timestamp 1764674344793
[2025-12-02T11:19:19.254+0000] {spark_read_mongo_dag.py:57} ERROR - spark-submit stderr | 25/12/02 11:19:09 INFO Utils: Fetching spark://f8453ad61174:36543/jars/mongodb-driver-core-4.11.2.jar to /tmp/spark-8d9173ce-79f7-4aaf-b6f0-b1b7ed7487e2/userFiles-3eff4d8c-4c9a-4f1d-b0a8-be8fa28b649e/fetchFileTemp17474362200088906149.tmp
[2025-12-02T11:19:19.255+0000] {spark_read_mongo_dag.py:57} ERROR - spark-submit stderr | 25/12/02 11:19:09 INFO Executor: Adding file:/tmp/spark-8d9173ce-79f7-4aaf-b6f0-b1b7ed7487e2/userFiles-3eff4d8c-4c9a-4f1d-b0a8-be8fa28b649e/mongodb-driver-core-4.11.2.jar to class loader
[2025-12-02T11:19:19.255+0000] {spark_read_mongo_dag.py:57} ERROR - spark-submit stderr | 25/12/02 11:19:09 INFO Executor: Fetching spark://f8453ad61174:36543/jars/mongo-spark-connector_2.12-10.1.1.jar with timestamp 1764674344793
[2025-12-02T11:19:19.255+0000] {spark_read_mongo_dag.py:57} ERROR - spark-submit stderr | 25/12/02 11:19:09 INFO Utils: Fetching spark://f8453ad61174:36543/jars/mongo-spark-connector_2.12-10.1.1.jar to /tmp/spark-8d9173ce-79f7-4aaf-b6f0-b1b7ed7487e2/userFiles-3eff4d8c-4c9a-4f1d-b0a8-be8fa28b649e/fetchFileTemp9415688465619815956.tmp
[2025-12-02T11:19:19.256+0000] {spark_read_mongo_dag.py:57} ERROR - spark-submit stderr | 25/12/02 11:19:09 INFO Executor: Adding file:/tmp/spark-8d9173ce-79f7-4aaf-b6f0-b1b7ed7487e2/userFiles-3eff4d8c-4c9a-4f1d-b0a8-be8fa28b649e/mongo-spark-connector_2.12-10.1.1.jar to class loader
[2025-12-02T11:19:19.256+0000] {spark_read_mongo_dag.py:57} ERROR - spark-submit stderr | 25/12/02 11:19:09 INFO Executor: Fetching spark://f8453ad61174:36543/jars/iceberg-spark-runtime-3.5_2.12-1.5.2.jar with timestamp 1764674344793
[2025-12-02T11:19:19.257+0000] {spark_read_mongo_dag.py:57} ERROR - spark-submit stderr | 25/12/02 11:19:09 INFO Utils: Fetching spark://f8453ad61174:36543/jars/iceberg-spark-runtime-3.5_2.12-1.5.2.jar to /tmp/spark-8d9173ce-79f7-4aaf-b6f0-b1b7ed7487e2/userFiles-3eff4d8c-4c9a-4f1d-b0a8-be8fa28b649e/fetchFileTemp6535981521758056958.tmp
[2025-12-02T11:19:19.257+0000] {spark_read_mongo_dag.py:57} ERROR - spark-submit stderr | 25/12/02 11:19:09 INFO Executor: Adding file:/tmp/spark-8d9173ce-79f7-4aaf-b6f0-b1b7ed7487e2/userFiles-3eff4d8c-4c9a-4f1d-b0a8-be8fa28b649e/iceberg-spark-runtime-3.5_2.12-1.5.2.jar to class loader
[2025-12-02T11:19:19.257+0000] {spark_read_mongo_dag.py:57} ERROR - spark-submit stderr | 25/12/02 11:19:09 INFO Executor: Fetching spark://f8453ad61174:36543/jars/bson-4.11.2.jar with timestamp 1764674344793
[2025-12-02T11:19:19.257+0000] {spark_read_mongo_dag.py:57} ERROR - spark-submit stderr | 25/12/02 11:19:09 INFO Utils: Fetching spark://f8453ad61174:36543/jars/bson-4.11.2.jar to /tmp/spark-8d9173ce-79f7-4aaf-b6f0-b1b7ed7487e2/userFiles-3eff4d8c-4c9a-4f1d-b0a8-be8fa28b649e/fetchFileTemp12983122143331257182.tmp
[2025-12-02T11:19:19.258+0000] {spark_read_mongo_dag.py:57} ERROR - spark-submit stderr | 25/12/02 11:19:09 INFO Executor: Adding file:/tmp/spark-8d9173ce-79f7-4aaf-b6f0-b1b7ed7487e2/userFiles-3eff4d8c-4c9a-4f1d-b0a8-be8fa28b649e/bson-4.11.2.jar to class loader
[2025-12-02T11:19:19.258+0000] {spark_read_mongo_dag.py:57} ERROR - spark-submit stderr | 25/12/02 11:19:09 INFO Utils: Successfully started service 'org.apache.spark.network.netty.NettyBlockTransferService' on port 39993.
[2025-12-02T11:19:19.258+0000] {spark_read_mongo_dag.py:57} ERROR - spark-submit stderr | 25/12/02 11:19:09 INFO NettyBlockTransferService: Server created on f8453ad61174:39993
[2025-12-02T11:19:19.259+0000] {spark_read_mongo_dag.py:57} ERROR - spark-submit stderr | 25/12/02 11:19:09 INFO BlockManager: Using org.apache.spark.storage.RandomBlockReplicationPolicy for block replication policy
[2025-12-02T11:19:19.259+0000] {spark_read_mongo_dag.py:57} ERROR - spark-submit stderr | 25/12/02 11:19:10 INFO BlockManagerMaster: Registering BlockManager BlockManagerId(driver, f8453ad61174, 39993, None)
[2025-12-02T11:19:19.259+0000] {spark_read_mongo_dag.py:57} ERROR - spark-submit stderr | 25/12/02 11:19:10 INFO BlockManagerMasterEndpoint: Registering block manager f8453ad61174:39993 with 434.4 MiB RAM, BlockManagerId(driver, f8453ad61174, 39993, None)
[2025-12-02T11:19:19.260+0000] {spark_read_mongo_dag.py:57} ERROR - spark-submit stderr | 25/12/02 11:19:10 INFO BlockManagerMaster: Registered BlockManager BlockManagerId(driver, f8453ad61174, 39993, None)
[2025-12-02T11:19:19.260+0000] {spark_read_mongo_dag.py:57} ERROR - spark-submit stderr | 25/12/02 11:19:10 INFO BlockManager: Initialized BlockManager: BlockManagerId(driver, f8453ad61174, 39993, None)
[2025-12-02T11:19:19.261+0000] {spark_read_mongo_dag.py:57} ERROR - spark-submit stderr | 25/12/02 11:19:11 INFO SharedState: Setting hive.metastore.warehouse.dir ('null') to the value of spark.sql.warehouse.dir.
[2025-12-02T11:19:19.261+0000] {spark_read_mongo_dag.py:57} ERROR - spark-submit stderr | 25/12/02 11:19:11 INFO SharedState: Warehouse path is 'file:/opt/***/spark-warehouse'.
[2025-12-02T11:19:19.261+0000] {spark_read_mongo_dag.py:57} ERROR - spark-submit stderr | 25/12/02 11:19:12 INFO client: MongoClient with metadata {"driver": {"name": "mongo-java-driver|sync|mongo-spark-connector|source", "version": "4.11.2|10.1.1"}, "os": {"type": "Linux", "name": "Linux", "architecture": "amd64", "version": "6.6.87.2-microsoft-standard-WSL2"}, "platform": "Java/Debian/17.0.17+10-Debian-1deb12u1|Scala/2.12.17/Spark/3.4.1"} created with settings MongoClientSettings{readPreference=primary, writeConcern=WriteConcern{w=null, wTimeout=null ms, journal=null}, retryWrites=true, retryReads=true, readConcern=ReadConcern{level=null}, credential=null, transportSettings=null, streamFactoryFactory=null, commandListeners=[], codecRegistry=ProvidersCodecRegistry{codecProviders=[ValueCodecProvider{}, BsonValueCodecProvider{}, DBRefCodecProvider{}, DBObjectCodecProvider{}, DocumentCodecProvider{}, CollectionCodecProvider{}, IterableCodecProvider{}, MapCodecProvider{}, GeoJsonCodecProvider{}, GridFSFileCodecProvider{}, Jsr310CodecProvider{}, JsonObjectCodecProvider{}, BsonCodecProvider{}, EnumCodecProvider{}, com.mongodb.client.model.mql.ExpressionCodecProvider@7444917, com.mongodb.Jep395RecordCodecProvider@345ba9a6, com.mongodb.KotlinCodecProvider@3419b63c]}, loggerSettings=LoggerSettings{maxDocumentLength=1000}, clusterSettings={hosts=[172.168.168.206:27017], srvServiceName=mongodb, mode=SINGLE, requiredClusterType=UNKNOWN, requiredReplicaSetName='null', serverSelector='null', clusterListeners='[]', serverSelectionTimeout='30000 ms', localThreshold='15 ms'}, socketSettings=SocketSettings{connectTimeoutMS=10000, readTimeoutMS=0, receiveBufferSize=0, proxySettings=ProxySettings{host=null, port=null, username=null, password=null}}, heartbeatSocketSettings=SocketSettings{connectTimeoutMS=10000, readTimeoutMS=10000, receiveBufferSize=0, proxySettings=ProxySettings{host=null, port=null, username=null, password=null}}, connectionPoolSettings=ConnectionPoolSettings{maxSize=100, minSize=0, maxWaitTimeMS=120000, maxConnectionLifeTimeMS=0, maxConnectionIdleTimeMS=0, maintenanceInitialDelayMS=0, maintenanceFrequencyMS=60000, connectionPoolListeners=[], maxConnecting=2}, serverSettings=ServerSettings{heartbeatFrequencyMS=10000, minHeartbeatFrequencyMS=500, serverListeners='[]', serverMonitorListeners='[]'}, sslSettings=SslSettings{enabled=false, invalidHostNameAllowed=false, context=null}, applicationName='null', compressorList=[], uuidRepresentation=UNSPECIFIED, serverApi=null, autoEncryptionSettings=null, dnsClient=null, inetAddressResolver=null, contextProvider=null}
[2025-12-02T11:19:19.262+0000] {spark_read_mongo_dag.py:57} ERROR - spark-submit stderr | 25/12/02 11:19:12 INFO cluster: Monitor thread successfully connected to server with description ServerDescription{address=172.168.168.206:27017, type=STANDALONE, state=CONNECTED, ok=true, minWireVersion=0, maxWireVersion=21, maxDocumentSize=16777216, logicalSessionTimeoutMinutes=30, roundTripTimeNanos=49288423}
[2025-12-02T11:19:19.262+0000] {spark_read_mongo_dag.py:57} ERROR - spark-submit stderr | 25/12/02 11:19:12 INFO SparkContext: Invoking stop() from shutdown hook
[2025-12-02T11:19:19.262+0000] {spark_read_mongo_dag.py:57} ERROR - spark-submit stderr | 25/12/02 11:19:12 INFO SparkContext: SparkContext is stopping with exitCode 0.
[2025-12-02T11:19:19.263+0000] {spark_read_mongo_dag.py:57} ERROR - spark-submit stderr | 25/12/02 11:19:12 INFO SparkUI: Stopped Spark web UI at http://f8453ad61174:4040
[2025-12-02T11:19:19.263+0000] {spark_read_mongo_dag.py:57} ERROR - spark-submit stderr | 25/12/02 11:19:12 INFO MapOutputTrackerMasterEndpoint: MapOutputTrackerMasterEndpoint stopped!
[2025-12-02T11:19:19.264+0000] {spark_read_mongo_dag.py:57} ERROR - spark-submit stderr | 25/12/02 11:19:12 INFO MemoryStore: MemoryStore cleared
[2025-12-02T11:19:19.264+0000] {spark_read_mongo_dag.py:57} ERROR - spark-submit stderr | 25/12/02 11:19:12 INFO BlockManager: BlockManager stopped
[2025-12-02T11:19:19.264+0000] {spark_read_mongo_dag.py:57} ERROR - spark-submit stderr | 25/12/02 11:19:12 INFO BlockManagerMaster: BlockManagerMaster stopped
[2025-12-02T11:19:19.265+0000] {spark_read_mongo_dag.py:57} ERROR - spark-submit stderr | 25/12/02 11:19:12 INFO OutputCommitCoordinator$OutputCommitCoordinatorEndpoint: OutputCommitCoordinator stopped!
[2025-12-02T11:19:19.265+0000] {spark_read_mongo_dag.py:57} ERROR - spark-submit stderr | 25/12/02 11:19:19 INFO SparkContext: Successfully stopped SparkContext
[2025-12-02T11:19:19.265+0000] {spark_read_mongo_dag.py:57} ERROR - spark-submit stderr | 25/12/02 11:19:19 INFO ShutdownHookManager: Shutdown hook called
[2025-12-02T11:19:19.266+0000] {spark_read_mongo_dag.py:57} ERROR - spark-submit stderr | 25/12/02 11:19:19 INFO ShutdownHookManager: Deleting directory /tmp/spark-8d9173ce-79f7-4aaf-b6f0-b1b7ed7487e2/pyspark-73f5764c-3671-44ef-99d5-2866809be00d
[2025-12-02T11:19:19.266+0000] {spark_read_mongo_dag.py:57} ERROR - spark-submit stderr | 25/12/02 11:19:19 INFO ShutdownHookManager: Deleting directory /tmp/spark-8d9173ce-79f7-4aaf-b6f0-b1b7ed7487e2
[2025-12-02T11:19:19.266+0000] {spark_read_mongo_dag.py:57} ERROR - spark-submit stderr | 25/12/02 11:19:19 INFO ShutdownHookManager: Deleting directory /tmp/spark-d7e18f1b-51cb-431c-aa00-bcccff914f96
[2025-12-02T11:19:19.269+0000] {spark_read_mongo_dag.py:63} ERROR - Exception in run_spark_job: spark-submit failed with exit 1
[2025-12-02T11:19:19.270+0000] {spark_read_mongo_dag.py:64} ERROR - Traceback:
Traceback (most recent call last):
  File "/opt/***/dags/spark_read_mongo_dag.py", line 59, in run_spark_job
    raise RuntimeError(f"spark-submit failed with exit {proc.returncode}")
RuntimeError: spark-submit failed with exit 1

[2025-12-02T11:19:19.270+0000] {taskinstance.py:441} INFO - ::group::Post task execution logs
[2025-12-02T11:19:19.271+0000] {taskinstance.py:2905} ERROR - Task failed with exception
Traceback (most recent call last):
  File "/home/airflow/.local/lib/python3.9/site-packages/airflow/models/taskinstance.py", line 465, in _execute_task
    result = _execute_callable(context=context, **execute_callable_kwargs)
  File "/home/airflow/.local/lib/python3.9/site-packages/airflow/models/taskinstance.py", line 432, in _execute_callable
    return execute_callable(context=context, **execute_callable_kwargs)
  File "/home/airflow/.local/lib/python3.9/site-packages/airflow/models/baseoperator.py", line 401, in wrapper
    return func(self, *args, **kwargs)
  File "/home/airflow/.local/lib/python3.9/site-packages/airflow/operators/python.py", line 235, in execute
    return_value = self.execute_callable()
  File "/home/airflow/.local/lib/python3.9/site-packages/airflow/operators/python.py", line 252, in execute_callable
    return self.python_callable(*self.op_args, **self.op_kwargs)
  File "/opt/airflow/dags/spark_read_mongo_dag.py", line 59, in run_spark_job
    raise RuntimeError(f"spark-submit failed with exit {proc.returncode}")
RuntimeError: spark-submit failed with exit 1
[2025-12-02T11:19:19.288+0000] {taskinstance.py:1206} INFO - Marking task as FAILED. dag_id=mongo_iceberg_dag, task_id=run_mongo_to_iceberg, run_id=manual__2025-12-02T11:18:55.902306+00:00, execution_date=20251202T111855, start_date=20251202T111857, end_date=20251202T111919
[2025-12-02T11:19:19.353+0000] {standard_task_runner.py:110} ERROR - Failed to execute job 19 for task run_mongo_to_iceberg (spark-submit failed with exit 1; 932)
[2025-12-02T11:19:19.400+0000] {local_task_job_runner.py:240} INFO - Task exited with return code 1
[2025-12-02T11:19:19.424+0000] {taskinstance.py:3503} INFO - 0 downstream tasks scheduled from follow-on schedule check
[2025-12-02T11:19:19.516+0000] {local_task_job_runner.py:222} INFO - ::endgroup::
