[2025-12-05T12:41:37.832+0000] {local_task_job_runner.py:120} INFO - ::group::Pre task execution logs
[2025-12-05T12:41:37.868+0000] {taskinstance.py:2076} INFO - Dependencies all met for dep_context=non-requeueable deps ti=<TaskInstance: mongo_iceberg_dremio_dag.configure_dremio_source manual__2025-12-05T12:35:41.093972+00:00 [queued]>
[2025-12-05T12:41:37.876+0000] {taskinstance.py:2076} INFO - Dependencies all met for dep_context=requeueable deps ti=<TaskInstance: mongo_iceberg_dremio_dag.configure_dremio_source manual__2025-12-05T12:35:41.093972+00:00 [queued]>
[2025-12-05T12:41:37.877+0000] {taskinstance.py:2306} INFO - Starting attempt 1 of 1
[2025-12-05T12:41:37.923+0000] {taskinstance.py:2330} INFO - Executing <Task(PythonOperator): configure_dremio_source> on 2025-12-05 12:35:41.093972+00:00
[2025-12-05T12:41:37.928+0000] {standard_task_runner.py:63} INFO - Started process 1308 to run task
[2025-12-05T12:41:37.931+0000] {standard_task_runner.py:90} INFO - Running: ['***', 'tasks', 'run', 'mongo_iceberg_dremio_dag', 'configure_dremio_source', 'manual__2025-12-05T12:35:41.093972+00:00', '--job-id', '27', '--raw', '--subdir', 'DAGS_FOLDER/spark_read_mongo_dag.py', '--cfg-path', '/tmp/tmplx6rm7so']
[2025-12-05T12:41:37.934+0000] {standard_task_runner.py:91} INFO - Job 27: Subtask configure_dremio_source
[2025-12-05T12:41:38.034+0000] {task_command.py:426} INFO - Running <TaskInstance: mongo_iceberg_dremio_dag.configure_dremio_source manual__2025-12-05T12:35:41.093972+00:00 [running]> on host fa5351f36d22
[2025-12-05T12:41:38.261+0000] {taskinstance.py:2648} INFO - Exporting env vars: AIRFLOW_CTX_DAG_OWNER='deeku' AIRFLOW_CTX_DAG_ID='mongo_iceberg_dremio_dag' AIRFLOW_CTX_TASK_ID='configure_dremio_source' AIRFLOW_CTX_EXECUTION_DATE='2025-12-05T12:35:41.093972+00:00' AIRFLOW_CTX_TRY_NUMBER='1' AIRFLOW_CTX_DAG_RUN_ID='manual__2025-12-05T12:35:41.093972+00:00'
[2025-12-05T12:41:38.262+0000] {taskinstance.py:430} INFO - ::endgroup::
[2025-12-05T12:41:38.353+0000] {spark_read_mongo_dag.py:261} INFO - Using nessieUri: http://nessie:19120/api/v2
[2025-12-05T12:41:38.354+0000] {spark_read_mongo_dag.py:285} INFO - Creating Dremio source 'iceberg' with /api/v2...
[2025-12-05T12:41:38.434+0000] {spark_read_mongo_dag.py:293} INFO - Dremio response: status=400 body={"errorMessage":"Invalid value found at: nessieUri","moreInfo":"","stackTrace":[]}
[2025-12-05T12:41:38.435+0000] {taskinstance.py:441} INFO - ::group::Post task execution logs
[2025-12-05T12:41:38.435+0000] {taskinstance.py:2905} ERROR - Task failed with exception
Traceback (most recent call last):
  File "/home/airflow/.local/lib/python3.9/site-packages/airflow/models/taskinstance.py", line 465, in _execute_task
    result = _execute_callable(context=context, **execute_callable_kwargs)
  File "/home/airflow/.local/lib/python3.9/site-packages/airflow/models/taskinstance.py", line 432, in _execute_callable
    return execute_callable(context=context, **execute_callable_kwargs)
  File "/home/airflow/.local/lib/python3.9/site-packages/airflow/models/baseoperator.py", line 401, in wrapper
    return func(self, *args, **kwargs)
  File "/home/airflow/.local/lib/python3.9/site-packages/airflow/operators/python.py", line 235, in execute
    return_value = self.execute_callable()
  File "/home/airflow/.local/lib/python3.9/site-packages/airflow/operators/python.py", line 252, in execute_callable
    return self.python_callable(*self.op_args, **self.op_kwargs)
  File "/opt/airflow/dags/spark_read_mongo_dag.py", line 308, in create_dremio_iceberg_source
    raise RuntimeError(f"Failed to create Dremio source: status={r.status_code}, body={r.text}")
RuntimeError: Failed to create Dremio source: status=400, body={"errorMessage":"Invalid value found at: nessieUri","moreInfo":"","stackTrace":[]}
[2025-12-05T12:41:38.451+0000] {taskinstance.py:1206} INFO - Marking task as FAILED. dag_id=mongo_iceberg_dremio_dag, task_id=configure_dremio_source, run_id=manual__2025-12-05T12:35:41.093972+00:00, execution_date=20251205T123541, start_date=20251205T124137, end_date=20251205T124138
[2025-12-05T12:41:38.590+0000] {standard_task_runner.py:110} ERROR - Failed to execute job 27 for task configure_dremio_source (Failed to create Dremio source: status=400, body={"errorMessage":"Invalid value found at: nessieUri","moreInfo":"","stackTrace":[]}; 1308)
[2025-12-05T12:41:38.630+0000] {local_task_job_runner.py:240} INFO - Task exited with return code 1
[2025-12-05T12:41:38.650+0000] {local_task_job_runner.py:222} INFO - ::endgroup::
