[2025-12-09T05:06:54.138+0000] {processor.py:161} INFO - Started process (PID=168) to work on /opt/airflow/dags/basic_dag.py
[2025-12-09T05:06:54.139+0000] {processor.py:830} INFO - Processing file /opt/airflow/dags/basic_dag.py for tasks to queue
[2025-12-09T05:06:54.142+0000] {logging_mixin.py:188} INFO - [2025-12-09T05:06:54.141+0000] {dagbag.py:545} INFO - Filling up the DagBag from /opt/airflow/dags/basic_dag.py
[2025-12-09T05:06:54.166+0000] {processor.py:840} INFO - DAG(s) 'basic_test_dag' retrieved from /opt/airflow/dags/basic_dag.py
[2025-12-09T05:06:54.273+0000] {logging_mixin.py:188} INFO - [2025-12-09T05:06:54.273+0000] {dag.py:3096} INFO - Sync 1 DAGs
[2025-12-09T05:06:54.329+0000] {logging_mixin.py:188} INFO - [2025-12-09T05:06:54.328+0000] {dag.py:3954} INFO - Setting next_dagrun for basic_test_dag to 2025-12-08 00:00:00+00:00, run_after=2025-12-09 00:00:00+00:00
[2025-12-09T05:06:54.499+0000] {processor.py:183} INFO - Processing /opt/airflow/dags/basic_dag.py took 0.371 seconds
[2025-12-09T05:07:24.693+0000] {processor.py:161} INFO - Started process (PID=178) to work on /opt/airflow/dags/basic_dag.py
[2025-12-09T05:07:24.694+0000] {processor.py:830} INFO - Processing file /opt/airflow/dags/basic_dag.py for tasks to queue
[2025-12-09T05:07:24.697+0000] {logging_mixin.py:188} INFO - [2025-12-09T05:07:24.697+0000] {dagbag.py:545} INFO - Filling up the DagBag from /opt/airflow/dags/basic_dag.py
[2025-12-09T05:07:24.730+0000] {processor.py:840} INFO - DAG(s) 'basic_test_dag' retrieved from /opt/airflow/dags/basic_dag.py
[2025-12-09T05:07:25.058+0000] {logging_mixin.py:188} INFO - [2025-12-09T05:07:25.058+0000] {dag.py:3096} INFO - Sync 1 DAGs
[2025-12-09T05:07:25.108+0000] {logging_mixin.py:188} INFO - [2025-12-09T05:07:25.108+0000] {dag.py:3954} INFO - Setting next_dagrun for basic_test_dag to 2025-12-08 00:00:00+00:00, run_after=2025-12-09 00:00:00+00:00
[2025-12-09T05:07:25.289+0000] {processor.py:183} INFO - Processing /opt/airflow/dags/basic_dag.py took 0.606 seconds
[2025-12-09T05:07:55.531+0000] {processor.py:161} INFO - Started process (PID=188) to work on /opt/airflow/dags/basic_dag.py
[2025-12-09T05:07:55.532+0000] {processor.py:830} INFO - Processing file /opt/airflow/dags/basic_dag.py for tasks to queue
[2025-12-09T05:07:55.535+0000] {logging_mixin.py:188} INFO - [2025-12-09T05:07:55.534+0000] {dagbag.py:545} INFO - Filling up the DagBag from /opt/airflow/dags/basic_dag.py
[2025-12-09T05:07:55.561+0000] {processor.py:840} INFO - DAG(s) 'basic_test_dag' retrieved from /opt/airflow/dags/basic_dag.py
[2025-12-09T05:07:55.603+0000] {logging_mixin.py:188} INFO - [2025-12-09T05:07:55.602+0000] {dag.py:3096} INFO - Sync 1 DAGs
[2025-12-09T05:07:55.627+0000] {logging_mixin.py:188} INFO - [2025-12-09T05:07:55.627+0000] {dag.py:3954} INFO - Setting next_dagrun for basic_test_dag to 2025-12-08 00:00:00+00:00, run_after=2025-12-09 00:00:00+00:00
[2025-12-09T05:07:55.804+0000] {processor.py:183} INFO - Processing /opt/airflow/dags/basic_dag.py took 0.285 seconds
[2025-12-09T05:08:26.359+0000] {processor.py:161} INFO - Started process (PID=198) to work on /opt/airflow/dags/basic_dag.py
[2025-12-09T05:08:26.362+0000] {processor.py:830} INFO - Processing file /opt/airflow/dags/basic_dag.py for tasks to queue
[2025-12-09T05:08:26.367+0000] {logging_mixin.py:188} INFO - [2025-12-09T05:08:26.366+0000] {dagbag.py:545} INFO - Filling up the DagBag from /opt/airflow/dags/basic_dag.py
[2025-12-09T05:08:26.402+0000] {processor.py:840} INFO - DAG(s) 'basic_test_dag' retrieved from /opt/airflow/dags/basic_dag.py
[2025-12-09T05:08:26.443+0000] {logging_mixin.py:188} INFO - [2025-12-09T05:08:26.443+0000] {dag.py:3096} INFO - Sync 1 DAGs
[2025-12-09T05:08:26.478+0000] {logging_mixin.py:188} INFO - [2025-12-09T05:08:26.477+0000] {dag.py:3954} INFO - Setting next_dagrun for basic_test_dag to 2025-12-08 00:00:00+00:00, run_after=2025-12-09 00:00:00+00:00
[2025-12-09T05:08:26.924+0000] {processor.py:183} INFO - Processing /opt/airflow/dags/basic_dag.py took 0.592 seconds
[2025-12-09T05:08:57.055+0000] {processor.py:161} INFO - Started process (PID=208) to work on /opt/airflow/dags/basic_dag.py
[2025-12-09T05:08:57.057+0000] {processor.py:830} INFO - Processing file /opt/airflow/dags/basic_dag.py for tasks to queue
[2025-12-09T05:08:57.060+0000] {logging_mixin.py:188} INFO - [2025-12-09T05:08:57.059+0000] {dagbag.py:545} INFO - Filling up the DagBag from /opt/airflow/dags/basic_dag.py
[2025-12-09T05:08:57.082+0000] {processor.py:840} INFO - DAG(s) 'basic_test_dag' retrieved from /opt/airflow/dags/basic_dag.py
[2025-12-09T05:08:57.129+0000] {logging_mixin.py:188} INFO - [2025-12-09T05:08:57.129+0000] {dag.py:3096} INFO - Sync 1 DAGs
[2025-12-09T05:08:57.155+0000] {logging_mixin.py:188} INFO - [2025-12-09T05:08:57.155+0000] {dag.py:3954} INFO - Setting next_dagrun for basic_test_dag to 2025-12-08 00:00:00+00:00, run_after=2025-12-09 00:00:00+00:00
[2025-12-09T05:08:57.370+0000] {processor.py:183} INFO - Processing /opt/airflow/dags/basic_dag.py took 0.322 seconds
[2025-12-09T05:09:27.658+0000] {processor.py:161} INFO - Started process (PID=218) to work on /opt/airflow/dags/basic_dag.py
[2025-12-09T05:09:27.659+0000] {processor.py:830} INFO - Processing file /opt/airflow/dags/basic_dag.py for tasks to queue
[2025-12-09T05:09:27.662+0000] {logging_mixin.py:188} INFO - [2025-12-09T05:09:27.662+0000] {dagbag.py:545} INFO - Filling up the DagBag from /opt/airflow/dags/basic_dag.py
[2025-12-09T05:09:27.686+0000] {processor.py:840} INFO - DAG(s) 'basic_test_dag' retrieved from /opt/airflow/dags/basic_dag.py
[2025-12-09T05:09:27.732+0000] {logging_mixin.py:188} INFO - [2025-12-09T05:09:27.732+0000] {dag.py:3096} INFO - Sync 1 DAGs
[2025-12-09T05:09:27.767+0000] {logging_mixin.py:188} INFO - [2025-12-09T05:09:27.767+0000] {dag.py:3954} INFO - Setting next_dagrun for basic_test_dag to 2025-12-08 00:00:00+00:00, run_after=2025-12-09 00:00:00+00:00
[2025-12-09T05:09:27.950+0000] {processor.py:183} INFO - Processing /opt/airflow/dags/basic_dag.py took 0.304 seconds
[2025-12-09T05:09:58.196+0000] {processor.py:161} INFO - Started process (PID=228) to work on /opt/airflow/dags/basic_dag.py
[2025-12-09T05:09:58.197+0000] {processor.py:830} INFO - Processing file /opt/airflow/dags/basic_dag.py for tasks to queue
[2025-12-09T05:09:58.199+0000] {logging_mixin.py:188} INFO - [2025-12-09T05:09:58.198+0000] {dagbag.py:545} INFO - Filling up the DagBag from /opt/airflow/dags/basic_dag.py
[2025-12-09T05:09:58.234+0000] {processor.py:840} INFO - DAG(s) 'basic_test_dag' retrieved from /opt/airflow/dags/basic_dag.py
[2025-12-09T05:09:58.272+0000] {logging_mixin.py:188} INFO - [2025-12-09T05:09:58.271+0000] {dag.py:3096} INFO - Sync 1 DAGs
[2025-12-09T05:09:58.295+0000] {logging_mixin.py:188} INFO - [2025-12-09T05:09:58.294+0000] {dag.py:3954} INFO - Setting next_dagrun for basic_test_dag to 2025-12-08 00:00:00+00:00, run_after=2025-12-09 00:00:00+00:00
[2025-12-09T05:09:58.465+0000] {processor.py:183} INFO - Processing /opt/airflow/dags/basic_dag.py took 0.276 seconds
[2025-12-09T05:10:28.782+0000] {processor.py:161} INFO - Started process (PID=238) to work on /opt/airflow/dags/basic_dag.py
[2025-12-09T05:10:28.783+0000] {processor.py:830} INFO - Processing file /opt/airflow/dags/basic_dag.py for tasks to queue
[2025-12-09T05:10:28.785+0000] {logging_mixin.py:188} INFO - [2025-12-09T05:10:28.785+0000] {dagbag.py:545} INFO - Filling up the DagBag from /opt/airflow/dags/basic_dag.py
[2025-12-09T05:10:28.807+0000] {processor.py:840} INFO - DAG(s) 'basic_test_dag' retrieved from /opt/airflow/dags/basic_dag.py
[2025-12-09T05:10:28.843+0000] {logging_mixin.py:188} INFO - [2025-12-09T05:10:28.843+0000] {dag.py:3096} INFO - Sync 1 DAGs
[2025-12-09T05:10:28.865+0000] {logging_mixin.py:188} INFO - [2025-12-09T05:10:28.865+0000] {dag.py:3954} INFO - Setting next_dagrun for basic_test_dag to 2025-12-08 00:00:00+00:00, run_after=2025-12-09 00:00:00+00:00
[2025-12-09T05:10:28.955+0000] {processor.py:183} INFO - Processing /opt/airflow/dags/basic_dag.py took 0.180 seconds
[2025-12-09T05:10:59.582+0000] {processor.py:161} INFO - Started process (PID=248) to work on /opt/airflow/dags/basic_dag.py
[2025-12-09T05:10:59.584+0000] {processor.py:830} INFO - Processing file /opt/airflow/dags/basic_dag.py for tasks to queue
[2025-12-09T05:10:59.588+0000] {logging_mixin.py:188} INFO - [2025-12-09T05:10:59.587+0000] {dagbag.py:545} INFO - Filling up the DagBag from /opt/airflow/dags/basic_dag.py
[2025-12-09T05:10:59.614+0000] {processor.py:840} INFO - DAG(s) 'basic_test_dag' retrieved from /opt/airflow/dags/basic_dag.py
[2025-12-09T05:10:59.655+0000] {logging_mixin.py:188} INFO - [2025-12-09T05:10:59.655+0000] {dag.py:3096} INFO - Sync 1 DAGs
[2025-12-09T05:10:59.681+0000] {logging_mixin.py:188} INFO - [2025-12-09T05:10:59.680+0000] {dag.py:3954} INFO - Setting next_dagrun for basic_test_dag to 2025-12-08 00:00:00+00:00, run_after=2025-12-09 00:00:00+00:00
[2025-12-09T05:10:59.813+0000] {processor.py:183} INFO - Processing /opt/airflow/dags/basic_dag.py took 0.241 seconds
[2025-12-09T05:11:30.065+0000] {processor.py:161} INFO - Started process (PID=258) to work on /opt/airflow/dags/basic_dag.py
[2025-12-09T05:11:30.067+0000] {processor.py:830} INFO - Processing file /opt/airflow/dags/basic_dag.py for tasks to queue
[2025-12-09T05:11:30.069+0000] {logging_mixin.py:188} INFO - [2025-12-09T05:11:30.069+0000] {dagbag.py:545} INFO - Filling up the DagBag from /opt/airflow/dags/basic_dag.py
[2025-12-09T05:11:30.095+0000] {processor.py:840} INFO - DAG(s) 'basic_test_dag' retrieved from /opt/airflow/dags/basic_dag.py
[2025-12-09T05:11:30.133+0000] {logging_mixin.py:188} INFO - [2025-12-09T05:11:30.133+0000] {dag.py:3096} INFO - Sync 1 DAGs
[2025-12-09T05:11:30.157+0000] {logging_mixin.py:188} INFO - [2025-12-09T05:11:30.157+0000] {dag.py:3954} INFO - Setting next_dagrun for basic_test_dag to 2025-12-08 00:00:00+00:00, run_after=2025-12-09 00:00:00+00:00
[2025-12-09T05:11:30.274+0000] {processor.py:183} INFO - Processing /opt/airflow/dags/basic_dag.py took 0.218 seconds
[2025-12-09T05:12:00.785+0000] {processor.py:161} INFO - Started process (PID=268) to work on /opt/airflow/dags/basic_dag.py
[2025-12-09T05:12:00.786+0000] {processor.py:830} INFO - Processing file /opt/airflow/dags/basic_dag.py for tasks to queue
[2025-12-09T05:12:00.788+0000] {logging_mixin.py:188} INFO - [2025-12-09T05:12:00.788+0000] {dagbag.py:545} INFO - Filling up the DagBag from /opt/airflow/dags/basic_dag.py
[2025-12-09T05:12:00.813+0000] {processor.py:840} INFO - DAG(s) 'basic_test_dag' retrieved from /opt/airflow/dags/basic_dag.py
[2025-12-09T05:12:00.853+0000] {logging_mixin.py:188} INFO - [2025-12-09T05:12:00.852+0000] {dag.py:3096} INFO - Sync 1 DAGs
[2025-12-09T05:12:00.883+0000] {logging_mixin.py:188} INFO - [2025-12-09T05:12:00.883+0000] {dag.py:3954} INFO - Setting next_dagrun for basic_test_dag to 2025-12-08 00:00:00+00:00, run_after=2025-12-09 00:00:00+00:00
[2025-12-09T05:12:00.968+0000] {processor.py:183} INFO - Processing /opt/airflow/dags/basic_dag.py took 0.192 seconds
[2025-12-09T05:12:31.268+0000] {processor.py:161} INFO - Started process (PID=278) to work on /opt/airflow/dags/basic_dag.py
[2025-12-09T05:12:31.270+0000] {processor.py:830} INFO - Processing file /opt/airflow/dags/basic_dag.py for tasks to queue
[2025-12-09T05:12:31.273+0000] {logging_mixin.py:188} INFO - [2025-12-09T05:12:31.272+0000] {dagbag.py:545} INFO - Filling up the DagBag from /opt/airflow/dags/basic_dag.py
[2025-12-09T05:12:31.301+0000] {processor.py:840} INFO - DAG(s) 'basic_test_dag' retrieved from /opt/airflow/dags/basic_dag.py
[2025-12-09T05:12:31.356+0000] {logging_mixin.py:188} INFO - [2025-12-09T05:12:31.355+0000] {dag.py:3096} INFO - Sync 1 DAGs
[2025-12-09T05:12:31.401+0000] {logging_mixin.py:188} INFO - [2025-12-09T05:12:31.400+0000] {dag.py:3954} INFO - Setting next_dagrun for basic_test_dag to 2025-12-08 00:00:00+00:00, run_after=2025-12-09 00:00:00+00:00
[2025-12-09T05:12:31.480+0000] {processor.py:183} INFO - Processing /opt/airflow/dags/basic_dag.py took 0.222 seconds
[2025-12-09T05:13:01.746+0000] {processor.py:161} INFO - Started process (PID=288) to work on /opt/airflow/dags/basic_dag.py
[2025-12-09T05:13:01.747+0000] {processor.py:830} INFO - Processing file /opt/airflow/dags/basic_dag.py for tasks to queue
[2025-12-09T05:13:01.749+0000] {logging_mixin.py:188} INFO - [2025-12-09T05:13:01.749+0000] {dagbag.py:545} INFO - Filling up the DagBag from /opt/airflow/dags/basic_dag.py
[2025-12-09T05:13:01.770+0000] {processor.py:840} INFO - DAG(s) 'basic_test_dag' retrieved from /opt/airflow/dags/basic_dag.py
[2025-12-09T05:13:01.806+0000] {logging_mixin.py:188} INFO - [2025-12-09T05:13:01.806+0000] {dag.py:3096} INFO - Sync 1 DAGs
[2025-12-09T05:13:01.831+0000] {logging_mixin.py:188} INFO - [2025-12-09T05:13:01.830+0000] {dag.py:3954} INFO - Setting next_dagrun for basic_test_dag to 2025-12-08 00:00:00+00:00, run_after=2025-12-09 00:00:00+00:00
[2025-12-09T05:13:02.050+0000] {processor.py:183} INFO - Processing /opt/airflow/dags/basic_dag.py took 0.311 seconds
[2025-12-09T05:13:32.271+0000] {processor.py:161} INFO - Started process (PID=298) to work on /opt/airflow/dags/basic_dag.py
[2025-12-09T05:13:32.272+0000] {processor.py:830} INFO - Processing file /opt/airflow/dags/basic_dag.py for tasks to queue
[2025-12-09T05:13:32.274+0000] {logging_mixin.py:188} INFO - [2025-12-09T05:13:32.274+0000] {dagbag.py:545} INFO - Filling up the DagBag from /opt/airflow/dags/basic_dag.py
[2025-12-09T05:13:32.293+0000] {processor.py:840} INFO - DAG(s) 'basic_test_dag' retrieved from /opt/airflow/dags/basic_dag.py
[2025-12-09T05:13:32.329+0000] {logging_mixin.py:188} INFO - [2025-12-09T05:13:32.329+0000] {dag.py:3096} INFO - Sync 1 DAGs
[2025-12-09T05:13:32.365+0000] {logging_mixin.py:188} INFO - [2025-12-09T05:13:32.364+0000] {dag.py:3954} INFO - Setting next_dagrun for basic_test_dag to 2025-12-08 00:00:00+00:00, run_after=2025-12-09 00:00:00+00:00
[2025-12-09T05:13:32.481+0000] {processor.py:183} INFO - Processing /opt/airflow/dags/basic_dag.py took 0.216 seconds
[2025-12-09T05:14:02.701+0000] {processor.py:161} INFO - Started process (PID=308) to work on /opt/airflow/dags/basic_dag.py
[2025-12-09T05:14:02.702+0000] {processor.py:830} INFO - Processing file /opt/airflow/dags/basic_dag.py for tasks to queue
[2025-12-09T05:14:02.704+0000] {logging_mixin.py:188} INFO - [2025-12-09T05:14:02.704+0000] {dagbag.py:545} INFO - Filling up the DagBag from /opt/airflow/dags/basic_dag.py
[2025-12-09T05:14:02.728+0000] {processor.py:840} INFO - DAG(s) 'basic_test_dag' retrieved from /opt/airflow/dags/basic_dag.py
[2025-12-09T05:14:02.768+0000] {logging_mixin.py:188} INFO - [2025-12-09T05:14:02.767+0000] {dag.py:3096} INFO - Sync 1 DAGs
[2025-12-09T05:14:02.796+0000] {logging_mixin.py:188} INFO - [2025-12-09T05:14:02.796+0000] {dag.py:3954} INFO - Setting next_dagrun for basic_test_dag to 2025-12-08 00:00:00+00:00, run_after=2025-12-09 00:00:00+00:00
[2025-12-09T05:14:02.907+0000] {processor.py:183} INFO - Processing /opt/airflow/dags/basic_dag.py took 0.213 seconds
[2025-12-09T05:14:33.178+0000] {processor.py:161} INFO - Started process (PID=318) to work on /opt/airflow/dags/basic_dag.py
[2025-12-09T05:14:33.616+0000] {processor.py:830} INFO - Processing file /opt/airflow/dags/basic_dag.py for tasks to queue
[2025-12-09T05:14:33.635+0000] {logging_mixin.py:188} INFO - [2025-12-09T05:14:33.633+0000] {dagbag.py:545} INFO - Filling up the DagBag from /opt/airflow/dags/basic_dag.py
[2025-12-09T05:14:33.675+0000] {processor.py:840} INFO - DAG(s) 'basic_test_dag' retrieved from /opt/airflow/dags/basic_dag.py
[2025-12-09T05:14:33.723+0000] {logging_mixin.py:188} INFO - [2025-12-09T05:14:33.723+0000] {dag.py:3096} INFO - Sync 1 DAGs
[2025-12-09T05:14:33.752+0000] {logging_mixin.py:188} INFO - [2025-12-09T05:14:33.752+0000] {dag.py:3954} INFO - Setting next_dagrun for basic_test_dag to 2025-12-08 00:00:00+00:00, run_after=2025-12-09 00:00:00+00:00
[2025-12-09T05:14:33.878+0000] {processor.py:183} INFO - Processing /opt/airflow/dags/basic_dag.py took 0.710 seconds
[2025-12-09T05:15:04.086+0000] {processor.py:161} INFO - Started process (PID=328) to work on /opt/airflow/dags/basic_dag.py
[2025-12-09T05:15:04.086+0000] {processor.py:830} INFO - Processing file /opt/airflow/dags/basic_dag.py for tasks to queue
[2025-12-09T05:15:04.088+0000] {logging_mixin.py:188} INFO - [2025-12-09T05:15:04.088+0000] {dagbag.py:545} INFO - Filling up the DagBag from /opt/airflow/dags/basic_dag.py
[2025-12-09T05:15:04.108+0000] {processor.py:840} INFO - DAG(s) 'basic_test_dag' retrieved from /opt/airflow/dags/basic_dag.py
[2025-12-09T05:15:04.137+0000] {logging_mixin.py:188} INFO - [2025-12-09T05:15:04.137+0000] {dag.py:3096} INFO - Sync 1 DAGs
[2025-12-09T05:15:04.159+0000] {logging_mixin.py:188} INFO - [2025-12-09T05:15:04.159+0000] {dag.py:3954} INFO - Setting next_dagrun for basic_test_dag to 2025-12-08 00:00:00+00:00, run_after=2025-12-09 00:00:00+00:00
[2025-12-09T05:15:04.313+0000] {processor.py:183} INFO - Processing /opt/airflow/dags/basic_dag.py took 0.236 seconds
[2025-12-09T05:15:34.645+0000] {processor.py:161} INFO - Started process (PID=338) to work on /opt/airflow/dags/basic_dag.py
[2025-12-09T05:15:34.646+0000] {processor.py:830} INFO - Processing file /opt/airflow/dags/basic_dag.py for tasks to queue
[2025-12-09T05:15:34.649+0000] {logging_mixin.py:188} INFO - [2025-12-09T05:15:34.648+0000] {dagbag.py:545} INFO - Filling up the DagBag from /opt/airflow/dags/basic_dag.py
[2025-12-09T05:15:34.672+0000] {processor.py:840} INFO - DAG(s) 'basic_test_dag' retrieved from /opt/airflow/dags/basic_dag.py
[2025-12-09T05:15:34.718+0000] {logging_mixin.py:188} INFO - [2025-12-09T05:15:34.718+0000] {dag.py:3096} INFO - Sync 1 DAGs
[2025-12-09T05:15:34.742+0000] {logging_mixin.py:188} INFO - [2025-12-09T05:15:34.742+0000] {dag.py:3954} INFO - Setting next_dagrun for basic_test_dag to 2025-12-08 00:00:00+00:00, run_after=2025-12-09 00:00:00+00:00
[2025-12-09T05:15:35.008+0000] {processor.py:183} INFO - Processing /opt/airflow/dags/basic_dag.py took 0.372 seconds
[2025-12-09T05:16:05.303+0000] {processor.py:161} INFO - Started process (PID=348) to work on /opt/airflow/dags/basic_dag.py
[2025-12-09T05:16:06.038+0000] {processor.py:830} INFO - Processing file /opt/airflow/dags/basic_dag.py for tasks to queue
[2025-12-09T05:16:06.044+0000] {logging_mixin.py:188} INFO - [2025-12-09T05:16:06.044+0000] {dagbag.py:545} INFO - Filling up the DagBag from /opt/airflow/dags/basic_dag.py
[2025-12-09T05:16:06.096+0000] {processor.py:840} INFO - DAG(s) 'basic_test_dag' retrieved from /opt/airflow/dags/basic_dag.py
[2025-12-09T05:16:06.156+0000] {logging_mixin.py:188} INFO - [2025-12-09T05:16:06.156+0000] {dag.py:3096} INFO - Sync 1 DAGs
[2025-12-09T05:16:06.190+0000] {logging_mixin.py:188} INFO - [2025-12-09T05:16:06.190+0000] {dag.py:3954} INFO - Setting next_dagrun for basic_test_dag to 2025-12-08 00:00:00+00:00, run_after=2025-12-09 00:00:00+00:00
[2025-12-09T05:16:06.488+0000] {processor.py:183} INFO - Processing /opt/airflow/dags/basic_dag.py took 1.192 seconds
[2025-12-09T05:16:36.656+0000] {processor.py:161} INFO - Started process (PID=358) to work on /opt/airflow/dags/basic_dag.py
[2025-12-09T05:16:36.657+0000] {processor.py:830} INFO - Processing file /opt/airflow/dags/basic_dag.py for tasks to queue
[2025-12-09T05:16:36.660+0000] {logging_mixin.py:188} INFO - [2025-12-09T05:16:36.660+0000] {dagbag.py:545} INFO - Filling up the DagBag from /opt/airflow/dags/basic_dag.py
[2025-12-09T05:16:36.717+0000] {processor.py:840} INFO - DAG(s) 'basic_test_dag' retrieved from /opt/airflow/dags/basic_dag.py
[2025-12-09T05:16:36.756+0000] {logging_mixin.py:188} INFO - [2025-12-09T05:16:36.756+0000] {dag.py:3096} INFO - Sync 1 DAGs
[2025-12-09T05:16:36.781+0000] {logging_mixin.py:188} INFO - [2025-12-09T05:16:36.780+0000] {dag.py:3954} INFO - Setting next_dagrun for basic_test_dag to 2025-12-08 00:00:00+00:00, run_after=2025-12-09 00:00:00+00:00
[2025-12-09T05:16:36.852+0000] {processor.py:183} INFO - Processing /opt/airflow/dags/basic_dag.py took 0.208 seconds
[2025-12-09T05:17:07.204+0000] {processor.py:161} INFO - Started process (PID=412) to work on /opt/airflow/dags/basic_dag.py
[2025-12-09T05:17:07.208+0000] {processor.py:830} INFO - Processing file /opt/airflow/dags/basic_dag.py for tasks to queue
[2025-12-09T05:17:07.214+0000] {logging_mixin.py:188} INFO - [2025-12-09T05:17:07.213+0000] {dagbag.py:545} INFO - Filling up the DagBag from /opt/airflow/dags/basic_dag.py
[2025-12-09T05:17:07.257+0000] {processor.py:840} INFO - DAG(s) 'basic_test_dag' retrieved from /opt/airflow/dags/basic_dag.py
[2025-12-09T05:17:07.301+0000] {logging_mixin.py:188} INFO - [2025-12-09T05:17:07.301+0000] {dag.py:3096} INFO - Sync 1 DAGs
[2025-12-09T05:17:07.326+0000] {logging_mixin.py:188} INFO - [2025-12-09T05:17:07.325+0000] {dag.py:3954} INFO - Setting next_dagrun for basic_test_dag to 2025-12-08 00:00:00+00:00, run_after=2025-12-09 00:00:00+00:00
[2025-12-09T05:17:07.481+0000] {processor.py:183} INFO - Processing /opt/airflow/dags/basic_dag.py took 0.284 seconds
[2025-12-09T05:17:37.796+0000] {processor.py:161} INFO - Started process (PID=497) to work on /opt/airflow/dags/basic_dag.py
[2025-12-09T05:17:37.798+0000] {processor.py:830} INFO - Processing file /opt/airflow/dags/basic_dag.py for tasks to queue
[2025-12-09T05:17:37.801+0000] {logging_mixin.py:188} INFO - [2025-12-09T05:17:37.800+0000] {dagbag.py:545} INFO - Filling up the DagBag from /opt/airflow/dags/basic_dag.py
[2025-12-09T05:17:38.045+0000] {processor.py:840} INFO - DAG(s) 'basic_test_dag' retrieved from /opt/airflow/dags/basic_dag.py
[2025-12-09T05:17:38.134+0000] {logging_mixin.py:188} INFO - [2025-12-09T05:17:38.134+0000] {dag.py:3096} INFO - Sync 1 DAGs
[2025-12-09T05:17:38.198+0000] {logging_mixin.py:188} INFO - [2025-12-09T05:17:38.198+0000] {dag.py:3954} INFO - Setting next_dagrun for basic_test_dag to 2025-12-08 00:00:00+00:00, run_after=2025-12-09 00:00:00+00:00
[2025-12-09T05:17:38.327+0000] {processor.py:183} INFO - Processing /opt/airflow/dags/basic_dag.py took 0.554 seconds
[2025-12-09T05:18:08.626+0000] {processor.py:161} INFO - Started process (PID=524) to work on /opt/airflow/dags/basic_dag.py
[2025-12-09T05:18:08.632+0000] {processor.py:830} INFO - Processing file /opt/airflow/dags/basic_dag.py for tasks to queue
[2025-12-09T05:18:08.641+0000] {logging_mixin.py:188} INFO - [2025-12-09T05:18:08.640+0000] {dagbag.py:545} INFO - Filling up the DagBag from /opt/airflow/dags/basic_dag.py
[2025-12-09T05:18:08.995+0000] {processor.py:840} INFO - DAG(s) 'basic_test_dag' retrieved from /opt/airflow/dags/basic_dag.py
[2025-12-09T05:18:09.150+0000] {logging_mixin.py:188} INFO - [2025-12-09T05:18:09.150+0000] {dag.py:3096} INFO - Sync 1 DAGs
[2025-12-09T05:18:09.542+0000] {logging_mixin.py:188} INFO - [2025-12-09T05:18:09.542+0000] {dag.py:3954} INFO - Setting next_dagrun for basic_test_dag to 2025-12-08 00:00:00+00:00, run_after=2025-12-09 00:00:00+00:00
[2025-12-09T05:18:09.602+0000] {processor.py:183} INFO - Processing /opt/airflow/dags/basic_dag.py took 0.993 seconds
[2025-12-09T05:18:39.990+0000] {processor.py:161} INFO - Started process (PID=587) to work on /opt/airflow/dags/basic_dag.py
[2025-12-09T05:18:40.002+0000] {processor.py:830} INFO - Processing file /opt/airflow/dags/basic_dag.py for tasks to queue
[2025-12-09T05:18:40.033+0000] {logging_mixin.py:188} INFO - [2025-12-09T05:18:40.032+0000] {dagbag.py:545} INFO - Filling up the DagBag from /opt/airflow/dags/basic_dag.py
[2025-12-09T05:18:40.942+0000] {processor.py:840} INFO - DAG(s) 'basic_test_dag' retrieved from /opt/airflow/dags/basic_dag.py
[2025-12-09T05:18:41.985+0000] {logging_mixin.py:188} INFO - [2025-12-09T05:18:41.984+0000] {dag.py:3096} INFO - Sync 1 DAGs
[2025-12-09T05:18:42.740+0000] {logging_mixin.py:188} INFO - [2025-12-09T05:18:42.740+0000] {dag.py:3954} INFO - Setting next_dagrun for basic_test_dag to 2025-12-08 00:00:00+00:00, run_after=2025-12-09 00:00:00+00:00
[2025-12-09T05:18:42.845+0000] {processor.py:183} INFO - Processing /opt/airflow/dags/basic_dag.py took 2.866 seconds
[2025-12-09T05:19:12.949+0000] {processor.py:161} INFO - Started process (PID=733) to work on /opt/airflow/dags/basic_dag.py
[2025-12-09T05:19:12.951+0000] {processor.py:830} INFO - Processing file /opt/airflow/dags/basic_dag.py for tasks to queue
[2025-12-09T05:19:12.953+0000] {logging_mixin.py:188} INFO - [2025-12-09T05:19:12.953+0000] {dagbag.py:545} INFO - Filling up the DagBag from /opt/airflow/dags/basic_dag.py
[2025-12-09T05:19:12.982+0000] {processor.py:840} INFO - DAG(s) 'basic_test_dag' retrieved from /opt/airflow/dags/basic_dag.py
[2025-12-09T05:19:13.021+0000] {logging_mixin.py:188} INFO - [2025-12-09T05:19:13.021+0000] {dag.py:3096} INFO - Sync 1 DAGs
[2025-12-09T05:19:13.049+0000] {logging_mixin.py:188} INFO - [2025-12-09T05:19:13.049+0000] {dag.py:3954} INFO - Setting next_dagrun for basic_test_dag to 2025-12-08 00:00:00+00:00, run_after=2025-12-09 00:00:00+00:00
[2025-12-09T05:19:13.147+0000] {processor.py:183} INFO - Processing /opt/airflow/dags/basic_dag.py took 0.209 seconds
[2025-12-09T05:19:43.492+0000] {processor.py:161} INFO - Started process (PID=843) to work on /opt/airflow/dags/basic_dag.py
[2025-12-09T05:19:43.497+0000] {processor.py:830} INFO - Processing file /opt/airflow/dags/basic_dag.py for tasks to queue
[2025-12-09T05:19:43.504+0000] {logging_mixin.py:188} INFO - [2025-12-09T05:19:43.503+0000] {dagbag.py:545} INFO - Filling up the DagBag from /opt/airflow/dags/basic_dag.py
[2025-12-09T05:19:43.650+0000] {processor.py:840} INFO - DAG(s) 'basic_test_dag' retrieved from /opt/airflow/dags/basic_dag.py
[2025-12-09T05:19:43.841+0000] {logging_mixin.py:188} INFO - [2025-12-09T05:19:43.841+0000] {dag.py:3096} INFO - Sync 1 DAGs
[2025-12-09T05:19:44.152+0000] {logging_mixin.py:188} INFO - [2025-12-09T05:19:44.152+0000] {dag.py:3954} INFO - Setting next_dagrun for basic_test_dag to 2025-12-08 00:00:00+00:00, run_after=2025-12-09 00:00:00+00:00
[2025-12-09T05:19:44.451+0000] {processor.py:183} INFO - Processing /opt/airflow/dags/basic_dag.py took 0.981 seconds
[2025-12-09T05:20:14.954+0000] {processor.py:161} INFO - Started process (PID=998) to work on /opt/airflow/dags/basic_dag.py
[2025-12-09T05:20:14.962+0000] {processor.py:830} INFO - Processing file /opt/airflow/dags/basic_dag.py for tasks to queue
[2025-12-09T05:20:14.967+0000] {logging_mixin.py:188} INFO - [2025-12-09T05:20:14.966+0000] {dagbag.py:545} INFO - Filling up the DagBag from /opt/airflow/dags/basic_dag.py
[2025-12-09T05:20:15.099+0000] {processor.py:840} INFO - DAG(s) 'basic_test_dag' retrieved from /opt/airflow/dags/basic_dag.py
[2025-12-09T05:20:15.394+0000] {logging_mixin.py:188} INFO - [2025-12-09T05:20:15.393+0000] {dag.py:3096} INFO - Sync 1 DAGs
[2025-12-09T05:20:15.585+0000] {logging_mixin.py:188} INFO - [2025-12-09T05:20:15.585+0000] {dag.py:3954} INFO - Setting next_dagrun for basic_test_dag to 2025-12-08 00:00:00+00:00, run_after=2025-12-09 00:00:00+00:00
[2025-12-09T05:20:15.799+0000] {processor.py:183} INFO - Processing /opt/airflow/dags/basic_dag.py took 0.862 seconds
[2025-12-09T05:20:46.141+0000] {processor.py:161} INFO - Started process (PID=1012) to work on /opt/airflow/dags/basic_dag.py
[2025-12-09T05:20:46.153+0000] {processor.py:830} INFO - Processing file /opt/airflow/dags/basic_dag.py for tasks to queue
[2025-12-09T05:20:46.155+0000] {logging_mixin.py:188} INFO - [2025-12-09T05:20:46.154+0000] {dagbag.py:545} INFO - Filling up the DagBag from /opt/airflow/dags/basic_dag.py
[2025-12-09T05:20:46.207+0000] {processor.py:840} INFO - DAG(s) 'basic_test_dag' retrieved from /opt/airflow/dags/basic_dag.py
[2025-12-09T05:20:46.275+0000] {logging_mixin.py:188} INFO - [2025-12-09T05:20:46.274+0000] {dag.py:3096} INFO - Sync 1 DAGs
[2025-12-09T05:20:46.323+0000] {logging_mixin.py:188} INFO - [2025-12-09T05:20:46.323+0000] {dag.py:3954} INFO - Setting next_dagrun for basic_test_dag to 2025-12-08 00:00:00+00:00, run_after=2025-12-09 00:00:00+00:00
[2025-12-09T05:20:46.433+0000] {processor.py:183} INFO - Processing /opt/airflow/dags/basic_dag.py took 0.299 seconds
[2025-12-09T05:21:16.683+0000] {processor.py:161} INFO - Started process (PID=1022) to work on /opt/airflow/dags/basic_dag.py
[2025-12-09T05:21:16.684+0000] {processor.py:830} INFO - Processing file /opt/airflow/dags/basic_dag.py for tasks to queue
[2025-12-09T05:21:16.686+0000] {logging_mixin.py:188} INFO - [2025-12-09T05:21:16.686+0000] {dagbag.py:545} INFO - Filling up the DagBag from /opt/airflow/dags/basic_dag.py
[2025-12-09T05:21:16.711+0000] {processor.py:840} INFO - DAG(s) 'basic_test_dag' retrieved from /opt/airflow/dags/basic_dag.py
[2025-12-09T05:21:16.749+0000] {logging_mixin.py:188} INFO - [2025-12-09T05:21:16.748+0000] {dag.py:3096} INFO - Sync 1 DAGs
[2025-12-09T05:21:16.776+0000] {logging_mixin.py:188} INFO - [2025-12-09T05:21:16.776+0000] {dag.py:3954} INFO - Setting next_dagrun for basic_test_dag to 2025-12-08 00:00:00+00:00, run_after=2025-12-09 00:00:00+00:00
[2025-12-09T05:21:16.842+0000] {processor.py:183} INFO - Processing /opt/airflow/dags/basic_dag.py took 0.167 seconds
[2025-12-09T05:21:46.984+0000] {processor.py:161} INFO - Started process (PID=1032) to work on /opt/airflow/dags/basic_dag.py
[2025-12-09T05:21:46.986+0000] {processor.py:830} INFO - Processing file /opt/airflow/dags/basic_dag.py for tasks to queue
[2025-12-09T05:21:46.988+0000] {logging_mixin.py:188} INFO - [2025-12-09T05:21:46.988+0000] {dagbag.py:545} INFO - Filling up the DagBag from /opt/airflow/dags/basic_dag.py
[2025-12-09T05:21:47.010+0000] {processor.py:840} INFO - DAG(s) 'basic_test_dag' retrieved from /opt/airflow/dags/basic_dag.py
[2025-12-09T05:21:47.046+0000] {logging_mixin.py:188} INFO - [2025-12-09T05:21:47.045+0000] {dag.py:3096} INFO - Sync 1 DAGs
[2025-12-09T05:21:47.092+0000] {logging_mixin.py:188} INFO - [2025-12-09T05:21:47.092+0000] {dag.py:3954} INFO - Setting next_dagrun for basic_test_dag to 2025-12-08 00:00:00+00:00, run_after=2025-12-09 00:00:00+00:00
[2025-12-09T05:21:47.177+0000] {processor.py:183} INFO - Processing /opt/airflow/dags/basic_dag.py took 0.200 seconds
[2025-12-09T05:22:17.706+0000] {processor.py:161} INFO - Started process (PID=1042) to work on /opt/airflow/dags/basic_dag.py
[2025-12-09T05:22:17.707+0000] {processor.py:830} INFO - Processing file /opt/airflow/dags/basic_dag.py for tasks to queue
[2025-12-09T05:22:17.710+0000] {logging_mixin.py:188} INFO - [2025-12-09T05:22:17.709+0000] {dagbag.py:545} INFO - Filling up the DagBag from /opt/airflow/dags/basic_dag.py
[2025-12-09T05:22:17.738+0000] {processor.py:840} INFO - DAG(s) 'basic_test_dag' retrieved from /opt/airflow/dags/basic_dag.py
[2025-12-09T05:22:17.821+0000] {logging_mixin.py:188} INFO - [2025-12-09T05:22:17.820+0000] {dag.py:3096} INFO - Sync 1 DAGs
[2025-12-09T05:22:17.861+0000] {logging_mixin.py:188} INFO - [2025-12-09T05:22:17.860+0000] {dag.py:3954} INFO - Setting next_dagrun for basic_test_dag to 2025-12-08 00:00:00+00:00, run_after=2025-12-09 00:00:00+00:00
[2025-12-09T05:22:18.003+0000] {processor.py:183} INFO - Processing /opt/airflow/dags/basic_dag.py took 0.304 seconds
