[2025-12-06T06:47:54.086+0000] {local_task_job_runner.py:120} INFO - ::group::Pre task execution logs
[2025-12-06T06:47:54.478+0000] {taskinstance.py:2076} INFO - Dependencies all met for dep_context=non-requeueable deps ti=<TaskInstance: mongo_iceberg_dremio_dag.configure_dremio_source manual__2025-12-06T06:46:47.436044+00:00 [queued]>
[2025-12-06T06:47:54.488+0000] {taskinstance.py:2076} INFO - Dependencies all met for dep_context=requeueable deps ti=<TaskInstance: mongo_iceberg_dremio_dag.configure_dremio_source manual__2025-12-06T06:46:47.436044+00:00 [queued]>
[2025-12-06T06:47:54.490+0000] {taskinstance.py:2306} INFO - Starting attempt 1 of 1
[2025-12-06T06:47:54.703+0000] {taskinstance.py:2330} INFO - Executing <Task(PythonOperator): configure_dremio_source> on 2025-12-06 06:46:47.436044+00:00
[2025-12-06T06:47:54.715+0000] {standard_task_runner.py:63} INFO - Started process 1324 to run task
[2025-12-06T06:47:54.723+0000] {standard_task_runner.py:90} INFO - Running: ['***', 'tasks', 'run', 'mongo_iceberg_dremio_dag', 'configure_dremio_source', 'manual__2025-12-06T06:46:47.436044+00:00', '--job-id', '41', '--raw', '--subdir', 'DAGS_FOLDER/spark_read_mongo_dag.py', '--cfg-path', '/tmp/tmp3ot6nk4x']
[2025-12-06T06:47:54.727+0000] {standard_task_runner.py:91} INFO - Job 41: Subtask configure_dremio_source
[2025-12-06T06:47:54.836+0000] {task_command.py:426} INFO - Running <TaskInstance: mongo_iceberg_dremio_dag.configure_dremio_source manual__2025-12-06T06:46:47.436044+00:00 [running]> on host 895e81bfa4e0
[2025-12-06T06:47:55.355+0000] {taskinstance.py:2648} INFO - Exporting env vars: AIRFLOW_CTX_DAG_OWNER='deeku' AIRFLOW_CTX_DAG_ID='mongo_iceberg_dremio_dag' AIRFLOW_CTX_TASK_ID='configure_dremio_source' AIRFLOW_CTX_EXECUTION_DATE='2025-12-06T06:46:47.436044+00:00' AIRFLOW_CTX_TRY_NUMBER='1' AIRFLOW_CTX_DAG_RUN_ID='manual__2025-12-06T06:46:47.436044+00:00'
[2025-12-06T06:47:55.357+0000] {taskinstance.py:430} INFO - ::endgroup::
[2025-12-06T06:47:56.108+0000] {spark_read_mongo_dag.py:249} INFO - Dremio source 'iceberg' does not exist and will be created.
[2025-12-06T06:47:56.109+0000] {spark_read_mongo_dag.py:266} INFO - Probing Nessie endpoint: http://nessie:19120/api/v2
[2025-12-06T06:47:56.114+0000] {spark_read_mongo_dag.py:268} INFO - Probe status for http://nessie:19120/api/v2 -> 404
[2025-12-06T06:47:56.115+0000] {spark_read_mongo_dag.py:266} INFO - Probing Nessie endpoint: http://nessie:19120/api/v2/refs
[2025-12-06T06:47:56.132+0000] {spark_read_mongo_dag.py:268} INFO - Probe status for http://nessie:19120/api/v2/refs -> 404
[2025-12-06T06:47:56.133+0000] {spark_read_mongo_dag.py:266} INFO - Probing Nessie endpoint: http://nessie:19120/api/v2/trees
[2025-12-06T06:47:56.152+0000] {spark_read_mongo_dag.py:268} INFO - Probe status for http://nessie:19120/api/v2/trees -> 200
[2025-12-06T06:47:56.153+0000] {spark_read_mongo_dag.py:271} INFO - Probe success: http://nessie:19120/api/v2/trees
[2025-12-06T06:47:56.153+0000] {spark_read_mongo_dag.py:279} INFO - Probe found http://nessie:19120/api/v2/trees; we'll still send base host-only to Dremio.
[2025-12-06T06:47:56.154+0000] {taskinstance.py:441} INFO - ::group::Post task execution logs
[2025-12-06T06:47:56.155+0000] {taskinstance.py:2905} ERROR - Task failed with exception
Traceback (most recent call last):
  File "/home/airflow/.local/lib/python3.9/site-packages/airflow/models/taskinstance.py", line 465, in _execute_task
    result = _execute_callable(context=context, **execute_callable_kwargs)
  File "/home/airflow/.local/lib/python3.9/site-packages/airflow/models/taskinstance.py", line 432, in _execute_callable
    return execute_callable(context=context, **execute_callable_kwargs)
  File "/home/airflow/.local/lib/python3.9/site-packages/airflow/models/baseoperator.py", line 401, in wrapper
    return func(self, *args, **kwargs)
  File "/home/airflow/.local/lib/python3.9/site-packages/airflow/operators/python.py", line 235, in execute
    return_value = self.execute_callable()
  File "/home/airflow/.local/lib/python3.9/site-packages/airflow/operators/python.py", line 252, in execute_callable
    return self.python_callable(*self.op_args, **self.op_kwargs)
  File "/opt/airflow/dags/spark_read_mongo_dag.py", line 295, in create_dremio_iceberg_source
    {"name": "fs.s3a.path.style.access", "value": str(S3_PATH_STYLE).lower() if isinstance(S3_PATH_STYLE, bool) else str(S3_PATH_STYLE)},
NameError: name 'S3_PATH_STYLE' is not defined
[2025-12-06T06:47:56.221+0000] {taskinstance.py:1206} INFO - Marking task as FAILED. dag_id=mongo_iceberg_dremio_dag, task_id=configure_dremio_source, run_id=manual__2025-12-06T06:46:47.436044+00:00, execution_date=20251206T064647, start_date=20251206T064754, end_date=20251206T064756
[2025-12-06T06:47:56.343+0000] {standard_task_runner.py:110} ERROR - Failed to execute job 41 for task configure_dremio_source (name 'S3_PATH_STYLE' is not defined; 1324)
[2025-12-06T06:47:56.356+0000] {local_task_job_runner.py:240} INFO - Task exited with return code 1
[2025-12-06T06:47:56.384+0000] {taskinstance.py:3503} INFO - 0 downstream tasks scheduled from follow-on schedule check
[2025-12-06T06:47:56.478+0000] {local_task_job_runner.py:222} INFO - ::endgroup::
