[2025-12-05T09:16:41.807+0000] {local_task_job_runner.py:120} INFO - ::group::Pre task execution logs
[2025-12-05T09:16:41.858+0000] {taskinstance.py:2076} INFO - Dependencies all met for dep_context=non-requeueable deps ti=<TaskInstance: mongo_iceberg_dremio_dag.configure_dremio_source manual__2025-12-05T09:15:44.682966+00:00 [queued]>
[2025-12-05T09:16:41.868+0000] {taskinstance.py:2076} INFO - Dependencies all met for dep_context=requeueable deps ti=<TaskInstance: mongo_iceberg_dremio_dag.configure_dremio_source manual__2025-12-05T09:15:44.682966+00:00 [queued]>
[2025-12-05T09:16:41.870+0000] {taskinstance.py:2306} INFO - Starting attempt 1 of 1
[2025-12-05T09:16:41.956+0000] {taskinstance.py:2330} INFO - Executing <Task(PythonOperator): configure_dremio_source> on 2025-12-05 09:15:44.682966+00:00
[2025-12-05T09:16:41.962+0000] {standard_task_runner.py:63} INFO - Started process 4829 to run task
[2025-12-05T09:16:41.967+0000] {standard_task_runner.py:90} INFO - Running: ['***', 'tasks', 'run', 'mongo_iceberg_dremio_dag', 'configure_dremio_source', 'manual__2025-12-05T09:15:44.682966+00:00', '--job-id', '95', '--raw', '--subdir', 'DAGS_FOLDER/spark_read_mongo_dag.py', '--cfg-path', '/tmp/tmpw5jdhuhh']
[2025-12-05T09:16:41.970+0000] {standard_task_runner.py:91} INFO - Job 95: Subtask configure_dremio_source
[2025-12-05T09:16:42.064+0000] {task_command.py:426} INFO - Running <TaskInstance: mongo_iceberg_dremio_dag.configure_dremio_source manual__2025-12-05T09:15:44.682966+00:00 [running]> on host 6cf8c91d6608
[2025-12-05T09:16:42.214+0000] {taskinstance.py:2648} INFO - Exporting env vars: AIRFLOW_CTX_DAG_OWNER='deeku' AIRFLOW_CTX_DAG_ID='mongo_iceberg_dremio_dag' AIRFLOW_CTX_TASK_ID='configure_dremio_source' AIRFLOW_CTX_EXECUTION_DATE='2025-12-05T09:15:44.682966+00:00' AIRFLOW_CTX_TRY_NUMBER='1' AIRFLOW_CTX_DAG_RUN_ID='manual__2025-12-05T09:15:44.682966+00:00'
[2025-12-05T09:16:42.215+0000] {taskinstance.py:430} INFO - ::endgroup::
[2025-12-05T09:16:42.383+0000] {spark_read_mongo_dag.py:253} INFO - Waiting for Nessie REST endpoint to respond at: http://nessie:19120/api/v2
[2025-12-05T09:16:42.418+0000] {spark_read_mongo_dag.py:261} INFO - Nessie endpoint responded HTTP 404; waiting...
[2025-12-05T09:16:45.432+0000] {spark_read_mongo_dag.py:261} INFO - Nessie endpoint responded HTTP 404; waiting...
[2025-12-05T09:16:48.452+0000] {spark_read_mongo_dag.py:261} INFO - Nessie endpoint responded HTTP 404; waiting...
[2025-12-05T09:16:51.472+0000] {spark_read_mongo_dag.py:261} INFO - Nessie endpoint responded HTTP 404; waiting...
[2025-12-05T09:16:54.486+0000] {spark_read_mongo_dag.py:261} INFO - Nessie endpoint responded HTTP 404; waiting...
[2025-12-05T09:16:57.509+0000] {spark_read_mongo_dag.py:261} INFO - Nessie endpoint responded HTTP 404; waiting...
[2025-12-05T09:17:00.519+0000] {spark_read_mongo_dag.py:261} INFO - Nessie endpoint responded HTTP 404; waiting...
[2025-12-05T09:17:03.528+0000] {spark_read_mongo_dag.py:261} INFO - Nessie endpoint responded HTTP 404; waiting...
[2025-12-05T09:17:06.549+0000] {spark_read_mongo_dag.py:261} INFO - Nessie endpoint responded HTTP 404; waiting...
[2025-12-05T09:17:09.562+0000] {spark_read_mongo_dag.py:261} INFO - Nessie endpoint responded HTTP 404; waiting...
[2025-12-05T09:17:12.569+0000] {spark_read_mongo_dag.py:261} INFO - Nessie endpoint responded HTTP 404; waiting...
[2025-12-05T09:17:15.586+0000] {spark_read_mongo_dag.py:261} INFO - Nessie endpoint responded HTTP 404; waiting...
[2025-12-05T09:17:18.609+0000] {spark_read_mongo_dag.py:261} INFO - Nessie endpoint responded HTTP 404; waiting...
[2025-12-05T09:17:21.622+0000] {spark_read_mongo_dag.py:261} INFO - Nessie endpoint responded HTTP 404; waiting...
[2025-12-05T09:17:24.630+0000] {spark_read_mongo_dag.py:261} INFO - Nessie endpoint responded HTTP 404; waiting...
[2025-12-05T09:17:27.639+0000] {spark_read_mongo_dag.py:261} INFO - Nessie endpoint responded HTTP 404; waiting...
[2025-12-05T09:17:30.668+0000] {spark_read_mongo_dag.py:261} INFO - Nessie endpoint responded HTTP 404; waiting...
[2025-12-05T09:17:33.678+0000] {spark_read_mongo_dag.py:261} INFO - Nessie endpoint responded HTTP 404; waiting...
[2025-12-05T09:17:36.685+0000] {spark_read_mongo_dag.py:261} INFO - Nessie endpoint responded HTTP 404; waiting...
[2025-12-05T09:17:39.693+0000] {spark_read_mongo_dag.py:261} INFO - Nessie endpoint responded HTTP 404; waiting...
[2025-12-05T09:17:42.694+0000] {spark_read_mongo_dag.py:268} WARNING - Timed out waiting for Nessie at http://nessie:19120/api/v2 after 60 seconds.
[2025-12-05T09:17:42.695+0000] {spark_read_mongo_dag.py:293} INFO - Creating Dremio source 'iceberg' with payload: {"entityType": "source", "name": "iceberg", "type": "RESTCATALOG", "config": {"restEndpointUri": "http://nessie:19120/api/v2", "propertyList": [{"name": "warehouse", "value": "s3a://iceberg/"}], "secretPropertyList": [{"name": "fs.s3a.access.key", "value": "minioadmin"}, {"name": "fs.s3a.secret.key", "value": "minioadmin123"}], "isUsingVendedCredentials": false, "enableAsync": true, "isCachingEnabled": true, "isRecursiveAllowedNamespaces": true}}
[2025-12-05T09:17:42.788+0000] {spark_read_mongo_dag.py:298} INFO - Dremio responded status=400 body={"errorMessage":"An invalid value was found: RESTCATALOG","moreInfo":"","stackTrace":[]}
[2025-12-05T09:17:42.788+0000] {spark_read_mongo_dag.py:309} ERROR - Failed to create Dremio source. status=400 body={"errorMessage":"An invalid value was found: RESTCATALOG","moreInfo":"","stackTrace":[]}
[2025-12-05T09:17:42.788+0000] {spark_read_mongo_dag.py:314} ERROR - HTTPError while creating Dremio source: 400 Client Error: Bad Request for url: http://dremio:9047/api/v3/source
[2025-12-05T09:17:42.789+0000] {spark_read_mongo_dag.py:316} ERROR - Dremio response body: {"errorMessage":"An invalid value was found: RESTCATALOG","moreInfo":"","stackTrace":[]}
[2025-12-05T09:17:42.789+0000] {taskinstance.py:441} INFO - ::group::Post task execution logs
[2025-12-05T09:17:42.790+0000] {taskinstance.py:2905} ERROR - Task failed with exception
Traceback (most recent call last):
  File "/home/airflow/.local/lib/python3.9/site-packages/airflow/models/taskinstance.py", line 465, in _execute_task
    result = _execute_callable(context=context, **execute_callable_kwargs)
  File "/home/airflow/.local/lib/python3.9/site-packages/airflow/models/taskinstance.py", line 432, in _execute_callable
    return execute_callable(context=context, **execute_callable_kwargs)
  File "/home/airflow/.local/lib/python3.9/site-packages/airflow/models/baseoperator.py", line 401, in wrapper
    return func(self, *args, **kwargs)
  File "/home/airflow/.local/lib/python3.9/site-packages/airflow/operators/python.py", line 235, in execute
    return_value = self.execute_callable()
  File "/home/airflow/.local/lib/python3.9/site-packages/airflow/operators/python.py", line 252, in execute_callable
    return self.python_callable(*self.op_args, **self.op_kwargs)
  File "/opt/airflow/dags/spark_read_mongo_dag.py", line 310, in create_dremio_iceberg_source
    r.raise_for_status()
  File "/home/airflow/.local/lib/python3.9/site-packages/requests/models.py", line 1021, in raise_for_status
    raise HTTPError(http_error_msg, response=self)
requests.exceptions.HTTPError: 400 Client Error: Bad Request for url: http://dremio:9047/api/v3/source
[2025-12-05T09:17:42.830+0000] {taskinstance.py:1206} INFO - Marking task as FAILED. dag_id=mongo_iceberg_dremio_dag, task_id=configure_dremio_source, run_id=manual__2025-12-05T09:15:44.682966+00:00, execution_date=20251205T091544, start_date=20251205T091641, end_date=20251205T091742
[2025-12-05T09:17:42.871+0000] {standard_task_runner.py:110} ERROR - Failed to execute job 95 for task configure_dremio_source (400 Client Error: Bad Request for url: http://dremio:9047/api/v3/source; 4829)
[2025-12-05T09:17:42.894+0000] {local_task_job_runner.py:240} INFO - Task exited with return code 1
[2025-12-05T09:17:42.926+0000] {taskinstance.py:3503} INFO - 0 downstream tasks scheduled from follow-on schedule check
[2025-12-05T09:17:42.972+0000] {local_task_job_runner.py:222} INFO - ::endgroup::
