[2025-12-05T12:35:42.600+0000] {local_task_job_runner.py:120} INFO - ::group::Pre task execution logs
[2025-12-05T12:35:42.643+0000] {taskinstance.py:2076} INFO - Dependencies all met for dep_context=non-requeueable deps ti=<TaskInstance: mongo_iceberg_dremio_dag.run_mongo_to_iceberg manual__2025-12-05T12:35:41.093972+00:00 [queued]>
[2025-12-05T12:35:42.652+0000] {taskinstance.py:2076} INFO - Dependencies all met for dep_context=requeueable deps ti=<TaskInstance: mongo_iceberg_dremio_dag.run_mongo_to_iceberg manual__2025-12-05T12:35:41.093972+00:00 [queued]>
[2025-12-05T12:35:42.675+0000] {taskinstance.py:2306} INFO - Starting attempt 1 of 1
[2025-12-05T12:35:42.853+0000] {taskinstance.py:2330} INFO - Executing <Task(PythonOperator): run_mongo_to_iceberg> on 2025-12-05 12:35:41.093972+00:00
[2025-12-05T12:35:42.863+0000] {standard_task_runner.py:63} INFO - Started process 687 to run task
[2025-12-05T12:35:42.870+0000] {standard_task_runner.py:90} INFO - Running: ['***', 'tasks', 'run', 'mongo_iceberg_dremio_dag', 'run_mongo_to_iceberg', 'manual__2025-12-05T12:35:41.093972+00:00', '--job-id', '24', '--raw', '--subdir', 'DAGS_FOLDER/spark_read_mongo_dag.py', '--cfg-path', '/tmp/tmpm6kkyemq']
[2025-12-05T12:35:42.875+0000] {standard_task_runner.py:91} INFO - Job 24: Subtask run_mongo_to_iceberg
[2025-12-05T12:35:44.187+0000] {task_command.py:426} INFO - Running <TaskInstance: mongo_iceberg_dremio_dag.run_mongo_to_iceberg manual__2025-12-05T12:35:41.093972+00:00 [running]> on host fa5351f36d22
[2025-12-05T12:35:44.386+0000] {taskinstance.py:2648} INFO - Exporting env vars: AIRFLOW_CTX_DAG_OWNER='deeku' AIRFLOW_CTX_DAG_ID='mongo_iceberg_dremio_dag' AIRFLOW_CTX_TASK_ID='run_mongo_to_iceberg' AIRFLOW_CTX_EXECUTION_DATE='2025-12-05T12:35:41.093972+00:00' AIRFLOW_CTX_TRY_NUMBER='1' AIRFLOW_CTX_DAG_RUN_ID='manual__2025-12-05T12:35:41.093972+00:00'
[2025-12-05T12:35:44.387+0000] {taskinstance.py:430} INFO - ::endgroup::
[2025-12-05T12:35:44.400+0000] {spark_read_mongo_dag.py:153} INFO - START run_spark_job
[2025-12-05T12:35:44.401+0000] {spark_read_mongo_dag.py:155} INFO - Checking path: /opt/***/spark_jobs/mongo_pyspark.py exists=True
[2025-12-05T12:35:44.402+0000] {spark_read_mongo_dag.py:155} INFO - Checking path: /opt/***/jars exists=True
[2025-12-05T12:35:44.405+0000] {spark_read_mongo_dag.py:160} INFO - Jar check: /opt/***/jars/mongo-spark-connector_2.12-10.1.1.jar exists=True size=156368
[2025-12-05T12:35:44.406+0000] {spark_read_mongo_dag.py:160} INFO - Jar check: /opt/***/jars/bson-4.11.2.jar exists=True size=511356
[2025-12-05T12:35:44.407+0000] {spark_read_mongo_dag.py:160} INFO - Jar check: /opt/***/jars/mongodb-driver-core-4.11.2.jar exists=True size=1670650
[2025-12-05T12:35:44.409+0000] {spark_read_mongo_dag.py:160} INFO - Jar check: /opt/***/jars/mongodb-driver-sync-4.11.2.jar exists=True size=151808
[2025-12-05T12:35:44.410+0000] {spark_read_mongo_dag.py:160} INFO - Jar check: /opt/***/jars/iceberg-spark-runtime-3.5_2.12-1.5.2.jar exists=True size=41604737
[2025-12-05T12:35:44.413+0000] {spark_read_mongo_dag.py:160} INFO - Jar check: /opt/***/jars/iceberg-nessie-1.5.2.jar exists=True size=44895
[2025-12-05T12:35:44.415+0000] {spark_read_mongo_dag.py:160} INFO - Jar check: /opt/***/jars/nessie-client-0.99.0.jar exists=True size=585165
[2025-12-05T12:35:44.417+0000] {spark_read_mongo_dag.py:160} INFO - Jar check: /opt/***/jars/nessie-spark-extensions-3.4_2.12-0.105.7.jar exists=True size=2294495
[2025-12-05T12:35:44.420+0000] {spark_read_mongo_dag.py:160} INFO - Jar check: /opt/***/jars/hadoop-aws-3.3.4.jar exists=True size=962685
[2025-12-05T12:35:44.422+0000] {spark_read_mongo_dag.py:160} INFO - Jar check: /opt/***/jars/aws-java-sdk-bundle-1.12.772.jar exists=True size=388405806
[2025-12-05T12:35:44.423+0000] {spark_read_mongo_dag.py:163} INFO - which spark-submit -> /home/***/.local/bin/spark-submit
[2025-12-05T12:35:44.424+0000] {spark_read_mongo_dag.py:173} INFO - ENV SPARK_HOME=/opt/spark/spark-3.4.1-bin-hadoop3 JAVA_HOME=/usr/lib/jvm/java-17-openjdk-amd64
[2025-12-05T12:35:44.424+0000] {spark_read_mongo_dag.py:174} INFO - Env PATH head: ['/opt/spark/spark-3.4.1-bin-hadoop3/bin', '/usr/lib/jvm/java-17-openjdk-amd64/bin', '/opt/spark/bin', '/usr/lib/jvm/java-17-openjdk-amd64/bin', '/root/bin']
[2025-12-05T12:35:44.424+0000] {spark_read_mongo_dag.py:177} INFO - Running command: spark-submit --jars /opt/***/jars/mongo-spark-connector_2.12-10.1.1.jar,/opt/***/jars/bson-4.11.2.jar,/opt/***/jars/mongodb-driver-core-4.11.2.jar,/opt/***/jars/mongodb-driver-sync-4.11.2.jar,/opt/***/jars/iceberg-spark-runtime-3.5_2.12-1.5.2.jar,/opt/***/jars/iceberg-nessie-1.5.2.jar,/opt/***/jars/nessie-client-0.99.0.jar,/opt/***/jars/nessie-spark-extensions-3.4_2.12-0.105.7.jar,/opt/***/jars/hadoop-aws-3.3.4.jar,/opt/***/jars/aws-java-sdk-bundle-1.12.772.jar /opt/***/spark_jobs/mongo_pyspark.py
[2025-12-05T12:36:10.160+0000] {local_task_job_runner.py:310} WARNING - State of this instance has been externally set to restarting. Terminating instance.
[2025-12-05T12:36:10.205+0000] {local_task_job_runner.py:222} INFO - ::endgroup::
[2025-12-05T12:36:10.620+0000] {process_utils.py:132} INFO - Sending 15 to group 687. PIDs of all processes in the group: [688, 805, 687]
[2025-12-05T12:36:10.621+0000] {process_utils.py:87} INFO - Sending the signal 15 to group 687
[2025-12-05T12:36:10.622+0000] {taskinstance.py:2611} ERROR - Received SIGTERM. Terminating subprocesses.
[2025-12-05T12:36:10.895+0000] {taskinstance.py:441} INFO - ::group::Post task execution logs
[2025-12-05T12:36:11.022+0000] {process_utils.py:80} INFO - Process psutil.Process(pid=805, status='terminated', started='12:35:52') (805) terminated with exit code None
[2025-12-05T12:36:11.023+0000] {process_utils.py:80} INFO - Process psutil.Process(pid=688, status='terminated', started='12:35:43') (688) terminated with exit code None
[2025-12-05T12:36:10.917+0000] {taskinstance.py:2905} ERROR - Task failed with exception
Traceback (most recent call last):
  File "/home/airflow/.local/lib/python3.9/site-packages/airflow/models/taskinstance.py", line 465, in _execute_task
    result = _execute_callable(context=context, **execute_callable_kwargs)
  File "/home/airflow/.local/lib/python3.9/site-packages/airflow/models/taskinstance.py", line 432, in _execute_callable
    return execute_callable(context=context, **execute_callable_kwargs)
  File "/home/airflow/.local/lib/python3.9/site-packages/airflow/models/baseoperator.py", line 401, in wrapper
    return func(self, *args, **kwargs)
  File "/home/airflow/.local/lib/python3.9/site-packages/airflow/operators/python.py", line 235, in execute
    return_value = self.execute_callable()
  File "/home/airflow/.local/lib/python3.9/site-packages/airflow/operators/python.py", line 252, in execute_callable
    return self.python_callable(*self.op_args, **self.op_kwargs)
  File "/opt/airflow/dags/spark_read_mongo_dag.py", line 178, in run_spark_job
    proc = subprocess.run(shlex.split(cmd), env=env, capture_output=True, text=True)
  File "/usr/local/lib/python3.9/subprocess.py", line 507, in run
    stdout, stderr = process.communicate(input, timeout=timeout)
  File "/usr/local/lib/python3.9/subprocess.py", line 1134, in communicate
    stdout, stderr = self._communicate(input, endtime, timeout)
  File "/usr/local/lib/python3.9/subprocess.py", line 1995, in _communicate
    ready = selector.select(timeout)
  File "/usr/local/lib/python3.9/selectors.py", line 416, in select
    fd_event_list = self._selector.poll(timeout)
  File "/home/airflow/.local/lib/python3.9/site-packages/airflow/models/taskinstance.py", line 2613, in signal_handler
    raise AirflowTaskTerminated("Task received SIGTERM signal")
airflow.exceptions.AirflowTaskTerminated: Task received SIGTERM signal
[2025-12-05T12:36:11.709+0000] {taskinstance.py:1206} INFO - Marking task as UP_FOR_RETRY. dag_id=mongo_iceberg_dremio_dag, task_id=run_mongo_to_iceberg, run_id=manual__2025-12-05T12:35:41.093972+00:00, execution_date=20251205T123541, start_date=20251205T123542, end_date=20251205T123611
[2025-12-05T12:36:12.253+0000] {process_utils.py:80} INFO - Process psutil.Process(pid=687, status='terminated', exitcode=2, started='12:35:42') (687) terminated with exit code 2
