[2025-12-05T12:41:13.252+0000] {local_task_job_runner.py:120} INFO - ::group::Pre task execution logs
[2025-12-05T12:41:13.319+0000] {taskinstance.py:2076} INFO - Dependencies all met for dep_context=non-requeueable deps ti=<TaskInstance: mongo_iceberg_dremio_dag.run_mongo_to_iceberg manual__2025-12-05T12:35:41.093972+00:00 [queued]>
[2025-12-05T12:41:13.327+0000] {taskinstance.py:2076} INFO - Dependencies all met for dep_context=requeueable deps ti=<TaskInstance: mongo_iceberg_dremio_dag.run_mongo_to_iceberg manual__2025-12-05T12:35:41.093972+00:00 [queued]>
[2025-12-05T12:41:13.329+0000] {taskinstance.py:2306} INFO - Starting attempt 2 of 1
[2025-12-05T12:41:13.376+0000] {taskinstance.py:2330} INFO - Executing <Task(PythonOperator): run_mongo_to_iceberg> on 2025-12-05 12:35:41.093972+00:00
[2025-12-05T12:41:13.381+0000] {standard_task_runner.py:63} INFO - Started process 1110 to run task
[2025-12-05T12:41:13.385+0000] {standard_task_runner.py:90} INFO - Running: ['***', 'tasks', 'run', 'mongo_iceberg_dremio_dag', 'run_mongo_to_iceberg', 'manual__2025-12-05T12:35:41.093972+00:00', '--job-id', '26', '--raw', '--subdir', 'DAGS_FOLDER/spark_read_mongo_dag.py', '--cfg-path', '/tmp/tmp3ktcsqo1']
[2025-12-05T12:41:13.388+0000] {standard_task_runner.py:91} INFO - Job 26: Subtask run_mongo_to_iceberg
[2025-12-05T12:41:13.663+0000] {task_command.py:426} INFO - Running <TaskInstance: mongo_iceberg_dremio_dag.run_mongo_to_iceberg manual__2025-12-05T12:35:41.093972+00:00 [running]> on host fa5351f36d22
[2025-12-05T12:41:13.864+0000] {taskinstance.py:2648} INFO - Exporting env vars: AIRFLOW_CTX_DAG_OWNER='deeku' AIRFLOW_CTX_DAG_ID='mongo_iceberg_dremio_dag' AIRFLOW_CTX_TASK_ID='run_mongo_to_iceberg' AIRFLOW_CTX_EXECUTION_DATE='2025-12-05T12:35:41.093972+00:00' AIRFLOW_CTX_TRY_NUMBER='2' AIRFLOW_CTX_DAG_RUN_ID='manual__2025-12-05T12:35:41.093972+00:00'
[2025-12-05T12:41:13.866+0000] {taskinstance.py:430} INFO - ::endgroup::
[2025-12-05T12:41:13.884+0000] {spark_read_mongo_dag.py:153} INFO - START run_spark_job
[2025-12-05T12:41:13.885+0000] {spark_read_mongo_dag.py:155} INFO - Checking path: /opt/***/spark_jobs/mongo_pyspark.py exists=True
[2025-12-05T12:41:13.886+0000] {spark_read_mongo_dag.py:155} INFO - Checking path: /opt/***/jars exists=True
[2025-12-05T12:41:13.888+0000] {spark_read_mongo_dag.py:160} INFO - Jar check: /opt/***/jars/mongo-spark-connector_2.12-10.1.1.jar exists=True size=156368
[2025-12-05T12:41:13.890+0000] {spark_read_mongo_dag.py:160} INFO - Jar check: /opt/***/jars/bson-4.11.2.jar exists=True size=511356
[2025-12-05T12:41:13.891+0000] {spark_read_mongo_dag.py:160} INFO - Jar check: /opt/***/jars/mongodb-driver-core-4.11.2.jar exists=True size=1670650
[2025-12-05T12:41:13.893+0000] {spark_read_mongo_dag.py:160} INFO - Jar check: /opt/***/jars/mongodb-driver-sync-4.11.2.jar exists=True size=151808
[2025-12-05T12:41:13.894+0000] {spark_read_mongo_dag.py:160} INFO - Jar check: /opt/***/jars/iceberg-spark-runtime-3.5_2.12-1.5.2.jar exists=True size=41604737
[2025-12-05T12:41:13.896+0000] {spark_read_mongo_dag.py:160} INFO - Jar check: /opt/***/jars/iceberg-nessie-1.5.2.jar exists=True size=44895
[2025-12-05T12:41:13.898+0000] {spark_read_mongo_dag.py:160} INFO - Jar check: /opt/***/jars/nessie-client-0.99.0.jar exists=True size=585165
[2025-12-05T12:41:13.899+0000] {spark_read_mongo_dag.py:160} INFO - Jar check: /opt/***/jars/nessie-spark-extensions-3.4_2.12-0.105.7.jar exists=True size=2294495
[2025-12-05T12:41:13.901+0000] {spark_read_mongo_dag.py:160} INFO - Jar check: /opt/***/jars/hadoop-aws-3.3.4.jar exists=True size=962685
[2025-12-05T12:41:13.902+0000] {spark_read_mongo_dag.py:160} INFO - Jar check: /opt/***/jars/aws-java-sdk-bundle-1.12.772.jar exists=True size=388405806
[2025-12-05T12:41:13.902+0000] {spark_read_mongo_dag.py:163} INFO - which spark-submit -> /home/***/.local/bin/spark-submit
[2025-12-05T12:41:13.903+0000] {spark_read_mongo_dag.py:173} INFO - ENV SPARK_HOME=/opt/spark/spark-3.4.1-bin-hadoop3 JAVA_HOME=/usr/lib/jvm/java-17-openjdk-amd64
[2025-12-05T12:41:13.903+0000] {spark_read_mongo_dag.py:174} INFO - Env PATH head: ['/opt/spark/spark-3.4.1-bin-hadoop3/bin', '/usr/lib/jvm/java-17-openjdk-amd64/bin', '/opt/spark/bin', '/usr/lib/jvm/java-17-openjdk-amd64/bin', '/root/bin']
[2025-12-05T12:41:13.903+0000] {spark_read_mongo_dag.py:177} INFO - Running command: spark-submit --jars /opt/***/jars/mongo-spark-connector_2.12-10.1.1.jar,/opt/***/jars/bson-4.11.2.jar,/opt/***/jars/mongodb-driver-core-4.11.2.jar,/opt/***/jars/mongodb-driver-sync-4.11.2.jar,/opt/***/jars/iceberg-spark-runtime-3.5_2.12-1.5.2.jar,/opt/***/jars/iceberg-nessie-1.5.2.jar,/opt/***/jars/nessie-client-0.99.0.jar,/opt/***/jars/nessie-spark-extensions-3.4_2.12-0.105.7.jar,/opt/***/jars/hadoop-aws-3.3.4.jar,/opt/***/jars/aws-java-sdk-bundle-1.12.772.jar /opt/***/spark_jobs/mongo_pyspark.py
[2025-12-05T12:41:36.468+0000] {spark_read_mongo_dag.py:179} INFO - Process finished. returncode=0
[2025-12-05T12:41:36.469+0000] {spark_read_mongo_dag.py:183} INFO - spark-submit stdout | 2025-12-05 12:41:17,775 INFO mongo_to_iceberg - START main at 2025-12-05 12:41:17
[2025-12-05T12:41:36.470+0000] {spark_read_mongo_dag.py:183} INFO - spark-submit stdout | 2025-12-05 12:41:17,776 INFO mongo_to_iceberg - Checking required JARs under /opt/***/jars
[2025-12-05T12:41:36.470+0000] {spark_read_mongo_dag.py:183} INFO - spark-submit stdout | 2025-12-05 12:41:17,778 INFO mongo_to_iceberg - JAR: /opt/***/jars/mongo-spark-connector_2.12-10.1.1.jar exists=True size=156368
[2025-12-05T12:41:36.471+0000] {spark_read_mongo_dag.py:183} INFO - spark-submit stdout | 2025-12-05 12:41:17,780 INFO mongo_to_iceberg - JAR: /opt/***/jars/bson-4.11.2.jar exists=True size=511356
[2025-12-05T12:41:36.471+0000] {spark_read_mongo_dag.py:183} INFO - spark-submit stdout | 2025-12-05 12:41:17,782 INFO mongo_to_iceberg - JAR: /opt/***/jars/mongodb-driver-core-4.11.2.jar exists=True size=1670650
[2025-12-05T12:41:36.472+0000] {spark_read_mongo_dag.py:183} INFO - spark-submit stdout | 2025-12-05 12:41:17,783 INFO mongo_to_iceberg - JAR: /opt/***/jars/mongodb-driver-sync-4.11.2.jar exists=True size=151808
[2025-12-05T12:41:36.472+0000] {spark_read_mongo_dag.py:183} INFO - spark-submit stdout | 2025-12-05 12:41:17,785 INFO mongo_to_iceberg - JAR: /opt/***/jars/iceberg-spark-runtime-3.5_2.12-1.5.2.jar exists=True size=41604737
[2025-12-05T12:41:36.473+0000] {spark_read_mongo_dag.py:183} INFO - spark-submit stdout | 2025-12-05 12:41:17,786 INFO mongo_to_iceberg - JAR: /opt/***/jars/iceberg-nessie-1.5.2.jar exists=True size=44895
[2025-12-05T12:41:36.473+0000] {spark_read_mongo_dag.py:183} INFO - spark-submit stdout | 2025-12-05 12:41:17,787 INFO mongo_to_iceberg - JAR: /opt/***/jars/nessie-client-0.99.0.jar exists=True size=585165
[2025-12-05T12:41:36.474+0000] {spark_read_mongo_dag.py:183} INFO - spark-submit stdout | 2025-12-05 12:41:17,788 INFO mongo_to_iceberg - JAR: /opt/***/jars/nessie-spark-extensions-3.4_2.12-0.105.7.jar exists=True size=2294495
[2025-12-05T12:41:36.474+0000] {spark_read_mongo_dag.py:183} INFO - spark-submit stdout | 2025-12-05 12:41:17,789 INFO mongo_to_iceberg - JAR: /opt/***/jars/hadoop-aws-3.3.4.jar exists=True size=962685
[2025-12-05T12:41:36.475+0000] {spark_read_mongo_dag.py:183} INFO - spark-submit stdout | 2025-12-05 12:41:17,790 INFO mongo_to_iceberg - JAR: /opt/***/jars/aws-java-sdk-bundle-1.12.772.jar exists=True size=388405806
[2025-12-05T12:41:36.475+0000] {spark_read_mongo_dag.py:183} INFO - spark-submit stdout | 2025-12-05 12:41:17,790 INFO mongo_to_iceberg - Mongo URI (masked): mongodb://172.168.168.206:27017/ai_segmentation.conversations
[2025-12-05T12:41:36.476+0000] {spark_read_mongo_dag.py:183} INFO - spark-submit stdout | 2025-12-05 12:41:17,791 INFO mongo_to_iceberg - Using Iceberg warehouse (must be s3a://): s3a://iceberg/
[2025-12-05T12:41:36.476+0000] {spark_read_mongo_dag.py:183} INFO - spark-submit stdout | 2025-12-05 12:41:17,791 INFO mongo_to_iceberg - S3 endpoint=http://minio:9000 path_style=true ssl_enabled=false
[2025-12-05T12:41:36.476+0000] {spark_read_mongo_dag.py:183} INFO - spark-submit stdout | 2025-12-05 12:41:17,791 INFO mongo_to_iceberg - Nessie URI=http://nessie:19120/api/v2/trees ref=main
[2025-12-05T12:41:36.477+0000] {spark_read_mongo_dag.py:183} INFO - spark-submit stdout | 2025-12-05 12:41:17,791 INFO mongo_to_iceberg - Creating SparkSession...
[2025-12-05T12:41:36.477+0000] {spark_read_mongo_dag.py:183} INFO - spark-submit stdout | 2025-12-05 12:41:23,600 INFO mongo_to_iceberg - SparkSession created. Spark version=3.4.1
[2025-12-05T12:41:36.477+0000] {spark_read_mongo_dag.py:183} INFO - spark-submit stdout | 2025-12-05 12:41:24,316 INFO mongo_to_iceberg - spark.jars config=/opt/***/jars/mongo-spark-connector_2.12-10.1.1.jar,/opt/***/jars/bson-4.11.2.jar,/opt/***/jars/mongodb-driver-core-4.11.2.jar,/opt/***/jars/mongodb-driver-sync-4.11.2.jar,/opt/***/jars/iceberg-spark-runtime-3.5_2.12-1.5.2.jar,/opt/***/jars/iceberg-nessie-1.5.2.jar,/opt/***/jars/nessie-client-0.99.0.jar,/opt/***/jars/nessie-spark-extensions-3.4_2.12-0.105.7.jar,/opt/***/jars/hadoop-aws-3.3.4.jar,/opt/***/jars/aws-java-sdk-bundle-1.12.772.jar
[2025-12-05T12:41:36.478+0000] {spark_read_mongo_dag.py:183} INFO - spark-submit stdout | 2025-12-05 12:41:24,317 INFO mongo_to_iceberg - spark.mongodb.read.connection.uri=mongodb://172.168.168.206:27017/ai_segmentation.conversations
[2025-12-05T12:41:36.478+0000] {spark_read_mongo_dag.py:183} INFO - spark-submit stdout | 2025-12-05 12:41:24,318 INFO mongo_to_iceberg - spark.sql.catalog.nessie.warehouse=s3a://iceberg/
[2025-12-05T12:41:36.479+0000] {spark_read_mongo_dag.py:183} INFO - spark-submit stdout | 2025-12-05 12:41:24,318 INFO mongo_to_iceberg - Starting read from MongoDB collection ai_segmentation.conversations
[2025-12-05T12:41:36.479+0000] {spark_read_mongo_dag.py:183} INFO - spark-submit stdout | 2025-12-05 12:41:26,869 INFO mongo_to_iceberg - Read succeeded. Counting rows (this may be slow)...
[2025-12-05T12:41:36.480+0000] {spark_read_mongo_dag.py:183} INFO - spark-submit stdout | 2025-12-05 12:41:27,868 WARNING mongo_to_iceberg - Failed to count rows; assuming 0. Error: URI doesn't end with the version: http://nessie:19120/api/v2/trees. Please configure `client-api-version` in the catalog properties explicitly.
[2025-12-05T12:41:36.480+0000] {spark_read_mongo_dag.py:183} INFO - spark-submit stdout | 2025-12-05 12:41:27,869 INFO mongo_to_iceberg - Rows read from MongoDB: 0
[2025-12-05T12:41:36.481+0000] {spark_read_mongo_dag.py:183} INFO - spark-submit stdout | 2025-12-05 12:41:27,869 INFO mongo_to_iceberg - Showing up to 5 rows:
[2025-12-05T12:41:36.481+0000] {spark_read_mongo_dag.py:183} INFO - spark-submit stdout | 2025-12-05 12:41:27,957 WARNING mongo_to_iceberg - Failed to take sample rows: URI doesn't end with the version: http://nessie:19120/api/v2/trees. Please configure `client-api-version` in the catalog properties explicitly.
[2025-12-05T12:41:36.481+0000] {spark_read_mongo_dag.py:183} INFO - spark-submit stdout | 2025-12-05 12:41:28,092 ERROR mongo_to_iceberg - Failed to print JSON rows: URI doesn't end with the version: http://nessie:19120/api/v2/trees. Please configure `client-api-version` in the catalog properties explicitly.
[2025-12-05T12:41:36.482+0000] {spark_read_mongo_dag.py:183} INFO - spark-submit stdout | 2025-12-05 12:41:28,092 INFO mongo_to_iceberg - Namespace: ai_segmentation, Table: conversations, Table ident: nessie.ai_segmentation.conversations
[2025-12-05T12:41:36.482+0000] {spark_read_mongo_dag.py:183} INFO - spark-submit stdout | 2025-12-05 12:41:28,092 INFO mongo_to_iceberg - Namespace location: s3a://iceberg/ai_segmentation
[2025-12-05T12:41:36.482+0000] {spark_read_mongo_dag.py:183} INFO - spark-submit stdout | 2025-12-05 12:41:28,092 INFO mongo_to_iceberg - Parquet target path (for fallback): s3a://iceberg/ai_segmentation/conversations/parquet/
[2025-12-05T12:41:36.483+0000] {spark_read_mongo_dag.py:183} INFO - spark-submit stdout | 2025-12-05 12:41:28,092 WARNING mongo_to_iceberg - DataFrame appears empty or has no columns (rows=0). Will write a job marker instead.
[2025-12-05T12:41:36.483+0000] {spark_read_mongo_dag.py:183} INFO - spark-submit stdout | 2025-12-05 12:41:35,464 WARNING mongo_to_iceberg - Failed to write job marker: URI doesn't end with the version: http://nessie:19120/api/v2/trees. Please configure `client-api-version` in the catalog properties explicitly.
[2025-12-05T12:41:36.483+0000] {spark_read_mongo_dag.py:183} INFO - spark-submit stdout | 2025-12-05 12:41:35,468 INFO mongo_to_iceberg - Writing CSV preview (limit=100) to s3a://iceberg/ai_segmentation/conversations/preview/
[2025-12-05T12:41:36.484+0000] {spark_read_mongo_dag.py:183} INFO - spark-submit stdout | 2025-12-05 12:41:35,532 WARNING mongo_to_iceberg - Failed to write CSV preview: URI doesn't end with the version: http://nessie:19120/api/v2/trees. Please configure `client-api-version` in the catalog properties explicitly.
[2025-12-05T12:41:36.484+0000] {spark_read_mongo_dag.py:183} INFO - spark-submit stdout | 2025-12-05 12:41:35,532 INFO mongo_to_iceberg - Verifying Iceberg table read via Spark SQL: SELECT count(*) FROM nessie.ai_segmentation.conversations
[2025-12-05T12:41:36.484+0000] {spark_read_mongo_dag.py:183} INFO - spark-submit stdout | 2025-12-05 12:41:35,624 WARNING mongo_to_iceberg - Failed to verify Iceberg table via SQL: URI doesn't end with the version: http://nessie:19120/api/v2/trees. Please configure `client-api-version` in the catalog properties explicitly.
[2025-12-05T12:41:36.484+0000] {spark_read_mongo_dag.py:183} INFO - spark-submit stdout | 2025-12-05 12:41:35,624 INFO mongo_to_iceberg - Stopping Spark.
[2025-12-05T12:41:36.485+0000] {spark_read_mongo_dag.py:183} INFO - spark-submit stdout | 2025-12-05 12:41:36,218 INFO mongo_to_iceberg - END main SUCCESS at 2025-12-05 12:41:36
[2025-12-05T12:41:36.485+0000] {spark_read_mongo_dag.py:183} INFO - spark-submit stdout | 2025-12-05 12:41:36,219 INFO py4j.clientserver - Closing down clientserver connection
[2025-12-05T12:41:36.486+0000] {spark_read_mongo_dag.py:187} ERROR - spark-submit stderr | 25/12/05 12:41:16 WARN NativeCodeLoader: Unable to load native-hadoop library for your platform... using builtin-java classes where applicable
[2025-12-05T12:41:36.486+0000] {spark_read_mongo_dag.py:187} ERROR - spark-submit stderr | 25/12/05 12:41:18 INFO SparkContext: Running Spark version 3.4.1
[2025-12-05T12:41:36.486+0000] {spark_read_mongo_dag.py:187} ERROR - spark-submit stderr | 25/12/05 12:41:18 INFO ResourceUtils: ==============================================================
[2025-12-05T12:41:36.487+0000] {spark_read_mongo_dag.py:187} ERROR - spark-submit stderr | 25/12/05 12:41:18 INFO ResourceUtils: No custom resources configured for spark.driver.
[2025-12-05T12:41:36.487+0000] {spark_read_mongo_dag.py:187} ERROR - spark-submit stderr | 25/12/05 12:41:18 INFO ResourceUtils: ==============================================================
[2025-12-05T12:41:36.487+0000] {spark_read_mongo_dag.py:187} ERROR - spark-submit stderr | 25/12/05 12:41:18 INFO SparkContext: Submitted application: MongoToIceberg
[2025-12-05T12:41:36.487+0000] {spark_read_mongo_dag.py:187} ERROR - spark-submit stderr | 25/12/05 12:41:18 INFO ResourceProfile: Default ResourceProfile created, executor resources: Map(cores -> name: cores, amount: 1, script: , vendor: , memory -> name: memory, amount: 1024, script: , vendor: , offHeap -> name: offHeap, amount: 0, script: , vendor: ), task resources: Map(cpus -> name: cpus, amount: 1.0)
[2025-12-05T12:41:36.488+0000] {spark_read_mongo_dag.py:187} ERROR - spark-submit stderr | 25/12/05 12:41:18 INFO ResourceProfile: Limiting resource is cpu
[2025-12-05T12:41:36.488+0000] {spark_read_mongo_dag.py:187} ERROR - spark-submit stderr | 25/12/05 12:41:18 INFO ResourceProfileManager: Added ResourceProfile id: 0
[2025-12-05T12:41:36.488+0000] {spark_read_mongo_dag.py:187} ERROR - spark-submit stderr | 25/12/05 12:41:18 INFO SecurityManager: Changing view acls to: ***
[2025-12-05T12:41:36.489+0000] {spark_read_mongo_dag.py:187} ERROR - spark-submit stderr | 25/12/05 12:41:18 INFO SecurityManager: Changing modify acls to: ***
[2025-12-05T12:41:36.489+0000] {spark_read_mongo_dag.py:187} ERROR - spark-submit stderr | 25/12/05 12:41:18 INFO SecurityManager: Changing view acls groups to: 
[2025-12-05T12:41:36.489+0000] {spark_read_mongo_dag.py:187} ERROR - spark-submit stderr | 25/12/05 12:41:18 INFO SecurityManager: Changing modify acls groups to: 
[2025-12-05T12:41:36.490+0000] {spark_read_mongo_dag.py:187} ERROR - spark-submit stderr | 25/12/05 12:41:18 INFO SecurityManager: SecurityManager: authentication disabled; ui acls disabled; users with view permissions: ***; groups with view permissions: EMPTY; users with modify permissions: ***; groups with modify permissions: EMPTY
[2025-12-05T12:41:36.490+0000] {spark_read_mongo_dag.py:187} ERROR - spark-submit stderr | 25/12/05 12:41:18 INFO Utils: Successfully started service 'sparkDriver' on port 41151.
[2025-12-05T12:41:36.490+0000] {spark_read_mongo_dag.py:187} ERROR - spark-submit stderr | 25/12/05 12:41:18 INFO SparkEnv: Registering MapOutputTracker
[2025-12-05T12:41:36.491+0000] {spark_read_mongo_dag.py:187} ERROR - spark-submit stderr | 25/12/05 12:41:18 INFO SparkEnv: Registering BlockManagerMaster
[2025-12-05T12:41:36.491+0000] {spark_read_mongo_dag.py:187} ERROR - spark-submit stderr | 25/12/05 12:41:18 INFO BlockManagerMasterEndpoint: Using org.apache.spark.storage.DefaultTopologyMapper for getting topology information
[2025-12-05T12:41:36.491+0000] {spark_read_mongo_dag.py:187} ERROR - spark-submit stderr | 25/12/05 12:41:18 INFO BlockManagerMasterEndpoint: BlockManagerMasterEndpoint up
[2025-12-05T12:41:36.492+0000] {spark_read_mongo_dag.py:187} ERROR - spark-submit stderr | 25/12/05 12:41:18 INFO SparkEnv: Registering BlockManagerMasterHeartbeat
[2025-12-05T12:41:36.492+0000] {spark_read_mongo_dag.py:187} ERROR - spark-submit stderr | 25/12/05 12:41:18 INFO DiskBlockManager: Created local directory at /tmp/blockmgr-9cb49cb0-d4b5-4f32-9b39-3ee334f599ef
[2025-12-05T12:41:36.493+0000] {spark_read_mongo_dag.py:187} ERROR - spark-submit stderr | 25/12/05 12:41:18 INFO MemoryStore: MemoryStore started with capacity 434.4 MiB
[2025-12-05T12:41:36.493+0000] {spark_read_mongo_dag.py:187} ERROR - spark-submit stderr | 25/12/05 12:41:18 INFO SparkEnv: Registering OutputCommitCoordinator
[2025-12-05T12:41:36.494+0000] {spark_read_mongo_dag.py:187} ERROR - spark-submit stderr | 25/12/05 12:41:19 INFO JettyUtils: Start Jetty 0.0.0.0:4040 for SparkUI
[2025-12-05T12:41:36.494+0000] {spark_read_mongo_dag.py:187} ERROR - spark-submit stderr | 25/12/05 12:41:19 INFO Utils: Successfully started service 'SparkUI' on port 4040.
[2025-12-05T12:41:36.495+0000] {spark_read_mongo_dag.py:187} ERROR - spark-submit stderr | 25/12/05 12:41:19 INFO SparkContext: Added JAR /opt/***/jars/mongo-spark-connector_2.12-10.1.1.jar at spark://fa5351f36d22:41151/jars/mongo-spark-connector_2.12-10.1.1.jar with timestamp 1764938478380
[2025-12-05T12:41:36.495+0000] {spark_read_mongo_dag.py:187} ERROR - spark-submit stderr | 25/12/05 12:41:19 INFO SparkContext: Added JAR /opt/***/jars/bson-4.11.2.jar at spark://fa5351f36d22:41151/jars/bson-4.11.2.jar with timestamp 1764938478380
[2025-12-05T12:41:36.496+0000] {spark_read_mongo_dag.py:187} ERROR - spark-submit stderr | 25/12/05 12:41:19 INFO SparkContext: Added JAR /opt/***/jars/mongodb-driver-core-4.11.2.jar at spark://fa5351f36d22:41151/jars/mongodb-driver-core-4.11.2.jar with timestamp 1764938478380
[2025-12-05T12:41:36.496+0000] {spark_read_mongo_dag.py:187} ERROR - spark-submit stderr | 25/12/05 12:41:19 INFO SparkContext: Added JAR /opt/***/jars/mongodb-driver-sync-4.11.2.jar at spark://fa5351f36d22:41151/jars/mongodb-driver-sync-4.11.2.jar with timestamp 1764938478380
[2025-12-05T12:41:36.496+0000] {spark_read_mongo_dag.py:187} ERROR - spark-submit stderr | 25/12/05 12:41:19 INFO SparkContext: Added JAR /opt/***/jars/iceberg-spark-runtime-3.5_2.12-1.5.2.jar at spark://fa5351f36d22:41151/jars/iceberg-spark-runtime-3.5_2.12-1.5.2.jar with timestamp 1764938478380
[2025-12-05T12:41:36.497+0000] {spark_read_mongo_dag.py:187} ERROR - spark-submit stderr | 25/12/05 12:41:19 INFO SparkContext: Added JAR /opt/***/jars/iceberg-nessie-1.5.2.jar at spark://fa5351f36d22:41151/jars/iceberg-nessie-1.5.2.jar with timestamp 1764938478380
[2025-12-05T12:41:36.497+0000] {spark_read_mongo_dag.py:187} ERROR - spark-submit stderr | 25/12/05 12:41:19 INFO SparkContext: Added JAR /opt/***/jars/nessie-client-0.99.0.jar at spark://fa5351f36d22:41151/jars/nessie-client-0.99.0.jar with timestamp 1764938478380
[2025-12-05T12:41:36.497+0000] {spark_read_mongo_dag.py:187} ERROR - spark-submit stderr | 25/12/05 12:41:19 INFO SparkContext: Added JAR /opt/***/jars/nessie-spark-extensions-3.4_2.12-0.105.7.jar at spark://fa5351f36d22:41151/jars/nessie-spark-extensions-3.4_2.12-0.105.7.jar with timestamp 1764938478380
[2025-12-05T12:41:36.498+0000] {spark_read_mongo_dag.py:187} ERROR - spark-submit stderr | 25/12/05 12:41:19 INFO SparkContext: Added JAR /opt/***/jars/hadoop-aws-3.3.4.jar at spark://fa5351f36d22:41151/jars/hadoop-aws-3.3.4.jar with timestamp 1764938478380
[2025-12-05T12:41:36.498+0000] {spark_read_mongo_dag.py:187} ERROR - spark-submit stderr | 25/12/05 12:41:19 INFO SparkContext: Added JAR /opt/***/jars/aws-java-sdk-bundle-1.12.772.jar at spark://fa5351f36d22:41151/jars/aws-java-sdk-bundle-1.12.772.jar with timestamp 1764938478380
[2025-12-05T12:41:36.498+0000] {spark_read_mongo_dag.py:187} ERROR - spark-submit stderr | 25/12/05 12:41:19 INFO Executor: Starting executor ID driver on host fa5351f36d22
[2025-12-05T12:41:36.499+0000] {spark_read_mongo_dag.py:187} ERROR - spark-submit stderr | 25/12/05 12:41:19 INFO Executor: Starting executor with user classpath (userClassPathFirst = false): ''
[2025-12-05T12:41:36.499+0000] {spark_read_mongo_dag.py:187} ERROR - spark-submit stderr | 25/12/05 12:41:19 INFO Executor: Fetching spark://fa5351f36d22:41151/jars/aws-java-sdk-bundle-1.12.772.jar with timestamp 1764938478380
[2025-12-05T12:41:36.499+0000] {spark_read_mongo_dag.py:187} ERROR - spark-submit stderr | 25/12/05 12:41:19 INFO TransportClientFactory: Successfully created connection to fa5351f36d22/172.19.0.11:41151 after 31 ms (0 ms spent in bootstraps)
[2025-12-05T12:41:36.499+0000] {spark_read_mongo_dag.py:187} ERROR - spark-submit stderr | 25/12/05 12:41:19 INFO Utils: Fetching spark://fa5351f36d22:41151/jars/aws-java-sdk-bundle-1.12.772.jar to /tmp/spark-f4b90d2b-08ea-4dba-a92e-7ed141f5140c/userFiles-c31da854-edd6-40bc-bc04-6e6496e2a824/fetchFileTemp5668621297169420339.tmp
[2025-12-05T12:41:36.500+0000] {spark_read_mongo_dag.py:187} ERROR - spark-submit stderr | 25/12/05 12:41:22 INFO Executor: Adding file:/tmp/spark-f4b90d2b-08ea-4dba-a92e-7ed141f5140c/userFiles-c31da854-edd6-40bc-bc04-6e6496e2a824/aws-java-sdk-bundle-1.12.772.jar to class loader
[2025-12-05T12:41:36.500+0000] {spark_read_mongo_dag.py:187} ERROR - spark-submit stderr | 25/12/05 12:41:22 INFO Executor: Fetching spark://fa5351f36d22:41151/jars/iceberg-nessie-1.5.2.jar with timestamp 1764938478380
[2025-12-05T12:41:36.501+0000] {spark_read_mongo_dag.py:187} ERROR - spark-submit stderr | 25/12/05 12:41:22 INFO Utils: Fetching spark://fa5351f36d22:41151/jars/iceberg-nessie-1.5.2.jar to /tmp/spark-f4b90d2b-08ea-4dba-a92e-7ed141f5140c/userFiles-c31da854-edd6-40bc-bc04-6e6496e2a824/fetchFileTemp641889383793415656.tmp
[2025-12-05T12:41:36.501+0000] {spark_read_mongo_dag.py:187} ERROR - spark-submit stderr | 25/12/05 12:41:22 INFO Executor: Adding file:/tmp/spark-f4b90d2b-08ea-4dba-a92e-7ed141f5140c/userFiles-c31da854-edd6-40bc-bc04-6e6496e2a824/iceberg-nessie-1.5.2.jar to class loader
[2025-12-05T12:41:36.501+0000] {spark_read_mongo_dag.py:187} ERROR - spark-submit stderr | 25/12/05 12:41:22 INFO Executor: Fetching spark://fa5351f36d22:41151/jars/nessie-client-0.99.0.jar with timestamp 1764938478380
[2025-12-05T12:41:36.502+0000] {spark_read_mongo_dag.py:187} ERROR - spark-submit stderr | 25/12/05 12:41:22 INFO Utils: Fetching spark://fa5351f36d22:41151/jars/nessie-client-0.99.0.jar to /tmp/spark-f4b90d2b-08ea-4dba-a92e-7ed141f5140c/userFiles-c31da854-edd6-40bc-bc04-6e6496e2a824/fetchFileTemp4986860475643717994.tmp
[2025-12-05T12:41:36.502+0000] {spark_read_mongo_dag.py:187} ERROR - spark-submit stderr | 25/12/05 12:41:22 INFO Executor: Adding file:/tmp/spark-f4b90d2b-08ea-4dba-a92e-7ed141f5140c/userFiles-c31da854-edd6-40bc-bc04-6e6496e2a824/nessie-client-0.99.0.jar to class loader
[2025-12-05T12:41:36.502+0000] {spark_read_mongo_dag.py:187} ERROR - spark-submit stderr | 25/12/05 12:41:22 INFO Executor: Fetching spark://fa5351f36d22:41151/jars/mongo-spark-connector_2.12-10.1.1.jar with timestamp 1764938478380
[2025-12-05T12:41:36.502+0000] {spark_read_mongo_dag.py:187} ERROR - spark-submit stderr | 25/12/05 12:41:22 INFO Utils: Fetching spark://fa5351f36d22:41151/jars/mongo-spark-connector_2.12-10.1.1.jar to /tmp/spark-f4b90d2b-08ea-4dba-a92e-7ed141f5140c/userFiles-c31da854-edd6-40bc-bc04-6e6496e2a824/fetchFileTemp6293419384052096691.tmp
[2025-12-05T12:41:36.503+0000] {spark_read_mongo_dag.py:187} ERROR - spark-submit stderr | 25/12/05 12:41:22 INFO Executor: Adding file:/tmp/spark-f4b90d2b-08ea-4dba-a92e-7ed141f5140c/userFiles-c31da854-edd6-40bc-bc04-6e6496e2a824/mongo-spark-connector_2.12-10.1.1.jar to class loader
[2025-12-05T12:41:36.503+0000] {spark_read_mongo_dag.py:187} ERROR - spark-submit stderr | 25/12/05 12:41:22 INFO Executor: Fetching spark://fa5351f36d22:41151/jars/nessie-spark-extensions-3.4_2.12-0.105.7.jar with timestamp 1764938478380
[2025-12-05T12:41:36.503+0000] {spark_read_mongo_dag.py:187} ERROR - spark-submit stderr | 25/12/05 12:41:22 INFO Utils: Fetching spark://fa5351f36d22:41151/jars/nessie-spark-extensions-3.4_2.12-0.105.7.jar to /tmp/spark-f4b90d2b-08ea-4dba-a92e-7ed141f5140c/userFiles-c31da854-edd6-40bc-bc04-6e6496e2a824/fetchFileTemp17217798065530626972.tmp
[2025-12-05T12:41:36.504+0000] {spark_read_mongo_dag.py:187} ERROR - spark-submit stderr | 25/12/05 12:41:22 INFO Executor: Adding file:/tmp/spark-f4b90d2b-08ea-4dba-a92e-7ed141f5140c/userFiles-c31da854-edd6-40bc-bc04-6e6496e2a824/nessie-spark-extensions-3.4_2.12-0.105.7.jar to class loader
[2025-12-05T12:41:36.504+0000] {spark_read_mongo_dag.py:187} ERROR - spark-submit stderr | 25/12/05 12:41:22 INFO Executor: Fetching spark://fa5351f36d22:41151/jars/bson-4.11.2.jar with timestamp 1764938478380
[2025-12-05T12:41:36.504+0000] {spark_read_mongo_dag.py:187} ERROR - spark-submit stderr | 25/12/05 12:41:22 INFO Utils: Fetching spark://fa5351f36d22:41151/jars/bson-4.11.2.jar to /tmp/spark-f4b90d2b-08ea-4dba-a92e-7ed141f5140c/userFiles-c31da854-edd6-40bc-bc04-6e6496e2a824/fetchFileTemp7788140069012283902.tmp
[2025-12-05T12:41:36.505+0000] {spark_read_mongo_dag.py:187} ERROR - spark-submit stderr | 25/12/05 12:41:22 INFO Executor: Adding file:/tmp/spark-f4b90d2b-08ea-4dba-a92e-7ed141f5140c/userFiles-c31da854-edd6-40bc-bc04-6e6496e2a824/bson-4.11.2.jar to class loader
[2025-12-05T12:41:36.505+0000] {spark_read_mongo_dag.py:187} ERROR - spark-submit stderr | 25/12/05 12:41:22 INFO Executor: Fetching spark://fa5351f36d22:41151/jars/iceberg-spark-runtime-3.5_2.12-1.5.2.jar with timestamp 1764938478380
[2025-12-05T12:41:36.505+0000] {spark_read_mongo_dag.py:187} ERROR - spark-submit stderr | 25/12/05 12:41:22 INFO Utils: Fetching spark://fa5351f36d22:41151/jars/iceberg-spark-runtime-3.5_2.12-1.5.2.jar to /tmp/spark-f4b90d2b-08ea-4dba-a92e-7ed141f5140c/userFiles-c31da854-edd6-40bc-bc04-6e6496e2a824/fetchFileTemp5302051775808948529.tmp
[2025-12-05T12:41:36.506+0000] {spark_read_mongo_dag.py:187} ERROR - spark-submit stderr | 25/12/05 12:41:23 INFO Executor: Adding file:/tmp/spark-f4b90d2b-08ea-4dba-a92e-7ed141f5140c/userFiles-c31da854-edd6-40bc-bc04-6e6496e2a824/iceberg-spark-runtime-3.5_2.12-1.5.2.jar to class loader
[2025-12-05T12:41:36.506+0000] {spark_read_mongo_dag.py:187} ERROR - spark-submit stderr | 25/12/05 12:41:23 INFO Executor: Fetching spark://fa5351f36d22:41151/jars/hadoop-aws-3.3.4.jar with timestamp 1764938478380
[2025-12-05T12:41:36.506+0000] {spark_read_mongo_dag.py:187} ERROR - spark-submit stderr | 25/12/05 12:41:23 INFO Utils: Fetching spark://fa5351f36d22:41151/jars/hadoop-aws-3.3.4.jar to /tmp/spark-f4b90d2b-08ea-4dba-a92e-7ed141f5140c/userFiles-c31da854-edd6-40bc-bc04-6e6496e2a824/fetchFileTemp8093830488692238526.tmp
[2025-12-05T12:41:36.506+0000] {spark_read_mongo_dag.py:187} ERROR - spark-submit stderr | 25/12/05 12:41:23 INFO Executor: Adding file:/tmp/spark-f4b90d2b-08ea-4dba-a92e-7ed141f5140c/userFiles-c31da854-edd6-40bc-bc04-6e6496e2a824/hadoop-aws-3.3.4.jar to class loader
[2025-12-05T12:41:36.507+0000] {spark_read_mongo_dag.py:187} ERROR - spark-submit stderr | 25/12/05 12:41:23 INFO Executor: Fetching spark://fa5351f36d22:41151/jars/mongodb-driver-core-4.11.2.jar with timestamp 1764938478380
[2025-12-05T12:41:36.507+0000] {spark_read_mongo_dag.py:187} ERROR - spark-submit stderr | 25/12/05 12:41:23 INFO Utils: Fetching spark://fa5351f36d22:41151/jars/mongodb-driver-core-4.11.2.jar to /tmp/spark-f4b90d2b-08ea-4dba-a92e-7ed141f5140c/userFiles-c31da854-edd6-40bc-bc04-6e6496e2a824/fetchFileTemp15783298160432623819.tmp
[2025-12-05T12:41:36.507+0000] {spark_read_mongo_dag.py:187} ERROR - spark-submit stderr | 25/12/05 12:41:23 INFO Executor: Adding file:/tmp/spark-f4b90d2b-08ea-4dba-a92e-7ed141f5140c/userFiles-c31da854-edd6-40bc-bc04-6e6496e2a824/mongodb-driver-core-4.11.2.jar to class loader
[2025-12-05T12:41:36.508+0000] {spark_read_mongo_dag.py:187} ERROR - spark-submit stderr | 25/12/05 12:41:23 INFO Executor: Fetching spark://fa5351f36d22:41151/jars/mongodb-driver-sync-4.11.2.jar with timestamp 1764938478380
[2025-12-05T12:41:36.508+0000] {spark_read_mongo_dag.py:187} ERROR - spark-submit stderr | 25/12/05 12:41:23 INFO Utils: Fetching spark://fa5351f36d22:41151/jars/mongodb-driver-sync-4.11.2.jar to /tmp/spark-f4b90d2b-08ea-4dba-a92e-7ed141f5140c/userFiles-c31da854-edd6-40bc-bc04-6e6496e2a824/fetchFileTemp17848222888266986723.tmp
[2025-12-05T12:41:36.508+0000] {spark_read_mongo_dag.py:187} ERROR - spark-submit stderr | 25/12/05 12:41:23 INFO Executor: Adding file:/tmp/spark-f4b90d2b-08ea-4dba-a92e-7ed141f5140c/userFiles-c31da854-edd6-40bc-bc04-6e6496e2a824/mongodb-driver-sync-4.11.2.jar to class loader
[2025-12-05T12:41:36.508+0000] {spark_read_mongo_dag.py:187} ERROR - spark-submit stderr | 25/12/05 12:41:23 INFO Utils: Successfully started service 'org.apache.spark.network.netty.NettyBlockTransferService' on port 38253.
[2025-12-05T12:41:36.509+0000] {spark_read_mongo_dag.py:187} ERROR - spark-submit stderr | 25/12/05 12:41:23 INFO NettyBlockTransferService: Server created on fa5351f36d22:38253
[2025-12-05T12:41:36.509+0000] {spark_read_mongo_dag.py:187} ERROR - spark-submit stderr | 25/12/05 12:41:23 INFO BlockManager: Using org.apache.spark.storage.RandomBlockReplicationPolicy for block replication policy
[2025-12-05T12:41:36.509+0000] {spark_read_mongo_dag.py:187} ERROR - spark-submit stderr | 25/12/05 12:41:23 INFO BlockManagerMaster: Registering BlockManager BlockManagerId(driver, fa5351f36d22, 38253, None)
[2025-12-05T12:41:36.510+0000] {spark_read_mongo_dag.py:187} ERROR - spark-submit stderr | 25/12/05 12:41:23 INFO BlockManagerMasterEndpoint: Registering block manager fa5351f36d22:38253 with 434.4 MiB RAM, BlockManagerId(driver, fa5351f36d22, 38253, None)
[2025-12-05T12:41:36.510+0000] {spark_read_mongo_dag.py:187} ERROR - spark-submit stderr | 25/12/05 12:41:23 INFO BlockManagerMaster: Registered BlockManager BlockManagerId(driver, fa5351f36d22, 38253, None)
[2025-12-05T12:41:36.510+0000] {spark_read_mongo_dag.py:187} ERROR - spark-submit stderr | 25/12/05 12:41:23 INFO BlockManager: Initialized BlockManager: BlockManagerId(driver, fa5351f36d22, 38253, None)
[2025-12-05T12:41:36.511+0000] {spark_read_mongo_dag.py:187} ERROR - spark-submit stderr | 25/12/05 12:41:23 INFO SharedState: Setting hive.metastore.warehouse.dir ('null') to the value of spark.sql.warehouse.dir.
[2025-12-05T12:41:36.511+0000] {spark_read_mongo_dag.py:187} ERROR - spark-submit stderr | 25/12/05 12:41:23 INFO SharedState: Warehouse path is 'file:/opt/***/spark-warehouse'.
[2025-12-05T12:41:36.511+0000] {spark_read_mongo_dag.py:187} ERROR - spark-submit stderr | 25/12/05 12:41:25 INFO client: MongoClient with metadata {"driver": {"name": "mongo-java-driver|sync|mongo-spark-connector|source", "version": "4.11.2|10.1.1"}, "os": {"type": "Linux", "name": "Linux", "architecture": "amd64", "version": "6.6.87.2-microsoft-standard-WSL2"}, "platform": "Java/Debian/17.0.17+10-Debian-1deb12u1|Scala/2.12.17/Spark/3.4.1"} created with settings MongoClientSettings{readPreference=primary, writeConcern=WriteConcern{w=null, wTimeout=null ms, journal=null}, retryWrites=true, retryReads=true, readConcern=ReadConcern{level=null}, credential=null, transportSettings=null, streamFactoryFactory=null, commandListeners=[], codecRegistry=ProvidersCodecRegistry{codecProviders=[ValueCodecProvider{}, BsonValueCodecProvider{}, DBRefCodecProvider{}, DBObjectCodecProvider{}, DocumentCodecProvider{}, CollectionCodecProvider{}, IterableCodecProvider{}, MapCodecProvider{}, GeoJsonCodecProvider{}, GridFSFileCodecProvider{}, Jsr310CodecProvider{}, JsonObjectCodecProvider{}, BsonCodecProvider{}, EnumCodecProvider{}, com.mongodb.client.model.mql.ExpressionCodecProvider@1744d958, com.mongodb.Jep395RecordCodecProvider@5191d634, com.mongodb.KotlinCodecProvider@57a73055]}, loggerSettings=LoggerSettings{maxDocumentLength=1000}, clusterSettings={hosts=[172.168.168.206:27017], srvServiceName=mongodb, mode=SINGLE, requiredClusterType=UNKNOWN, requiredReplicaSetName='null', serverSelector='null', clusterListeners='[]', serverSelectionTimeout='30000 ms', localThreshold='15 ms'}, socketSettings=SocketSettings{connectTimeoutMS=10000, readTimeoutMS=0, receiveBufferSize=0, proxySettings=ProxySettings{host=null, port=null, username=null, password=null}}, heartbeatSocketSettings=SocketSettings{connectTimeoutMS=10000, readTimeoutMS=10000, receiveBufferSize=0, proxySettings=ProxySettings{host=null, port=null, username=null, password=null}}, connectionPoolSettings=ConnectionPoolSettings{maxSize=100, minSize=0, maxWaitTimeMS=120000, maxConnectionLifeTimeMS=0, maxConnectionIdleTimeMS=0, maintenanceInitialDelayMS=0, maintenanceFrequencyMS=60000, connectionPoolListeners=[], maxConnecting=2}, serverSettings=ServerSettings{heartbeatFrequencyMS=10000, minHeartbeatFrequencyMS=500, serverListeners='[]', serverMonitorListeners='[]'}, sslSettings=SslSettings{enabled=false, invalidHostNameAllowed=false, context=null}, applicationName='null', compressorList=[], uuidRepresentation=UNSPECIFIED, serverApi=null, autoEncryptionSettings=null, dnsClient=null, inetAddressResolver=null, contextProvider=null}
[2025-12-05T12:41:36.511+0000] {spark_read_mongo_dag.py:187} ERROR - spark-submit stderr | 25/12/05 12:41:25 INFO cluster: Monitor thread successfully connected to server with description ServerDescription{address=172.168.168.206:27017, type=STANDALONE, state=CONNECTED, ok=true, minWireVersion=0, maxWireVersion=21, maxDocumentSize=16777216, logicalSessionTimeoutMinutes=30, roundTripTimeNanos=63787595}
[2025-12-05T12:41:36.512+0000] {spark_read_mongo_dag.py:187} ERROR - spark-submit stderr | 25/12/05 12:41:25 INFO MongoTable: Creating MongoTable: mongo-spark-connector-10.1.1
[2025-12-05T12:41:36.512+0000] {spark_read_mongo_dag.py:187} ERROR - spark-submit stderr | 25/12/05 12:41:34 WARN MetricsConfig: Cannot locate configuration: tried hadoop-metrics2-s3a-file-system.properties,hadoop-metrics2.properties
[2025-12-05T12:41:36.512+0000] {spark_read_mongo_dag.py:187} ERROR - spark-submit stderr | 25/12/05 12:41:34 INFO MetricsSystemImpl: Scheduled Metric snapshot period at 10 second(s).
[2025-12-05T12:41:36.513+0000] {spark_read_mongo_dag.py:187} ERROR - spark-submit stderr | 25/12/05 12:41:34 INFO MetricsSystemImpl: s3a-file-system metrics system started
[2025-12-05T12:41:36.513+0000] {spark_read_mongo_dag.py:187} ERROR - spark-submit stderr | 25/12/05 12:41:34 WARN VersionInfoUtils: The AWS SDK for Java 1.x entered maintenance mode starting July 31, 2024 and will reach end of support on December 31, 2025. For more information, see https://aws.amazon.com/blogs/developer/the-aws-sdk-for-java-1-x-is-in-maintenance-mode-effective-july-31-2024/
[2025-12-05T12:41:36.514+0000] {spark_read_mongo_dag.py:187} ERROR - spark-submit stderr | You can print where on the file system the AWS SDK for Java 1.x core runtime is located by setting the AWS_JAVA_V1_PRINT_LOCATION environment variable or aws.java.v1.printLocation system property to 'true'.
[2025-12-05T12:41:36.514+0000] {spark_read_mongo_dag.py:187} ERROR - spark-submit stderr | This message can be disabled by setting the AWS_JAVA_V1_DISABLE_DEPRECATION_ANNOUNCEMENT environment variable or aws.java.v1.disableDeprecationAnnouncement system property to 'true'.
[2025-12-05T12:41:36.514+0000] {spark_read_mongo_dag.py:187} ERROR - spark-submit stderr | The AWS SDK for Java 1.x is being used here:
[2025-12-05T12:41:36.515+0000] {spark_read_mongo_dag.py:187} ERROR - spark-submit stderr | at java.base/java.lang.Thread.getStackTrace(Thread.java:1619)
[2025-12-05T12:41:36.515+0000] {spark_read_mongo_dag.py:187} ERROR - spark-submit stderr | at com.amazonaws.util.VersionInfoUtils.printDeprecationAnnouncement(VersionInfoUtils.java:81)
[2025-12-05T12:41:36.515+0000] {spark_read_mongo_dag.py:187} ERROR - spark-submit stderr | at com.amazonaws.util.VersionInfoUtils.<clinit>(VersionInfoUtils.java:59)
[2025-12-05T12:41:36.516+0000] {spark_read_mongo_dag.py:187} ERROR - spark-submit stderr | at com.amazonaws.internal.EC2ResourceFetcher.<clinit>(EC2ResourceFetcher.java:44)
[2025-12-05T12:41:36.516+0000] {spark_read_mongo_dag.py:187} ERROR - spark-submit stderr | at com.amazonaws.auth.InstanceMetadataServiceCredentialsFetcher.<init>(InstanceMetadataServiceCredentialsFetcher.java:38)
[2025-12-05T12:41:36.516+0000] {spark_read_mongo_dag.py:187} ERROR - spark-submit stderr | at com.amazonaws.auth.InstanceProfileCredentialsProvider.<init>(InstanceProfileCredentialsProvider.java:111)
[2025-12-05T12:41:36.517+0000] {spark_read_mongo_dag.py:187} ERROR - spark-submit stderr | at com.amazonaws.auth.InstanceProfileCredentialsProvider.<init>(InstanceProfileCredentialsProvider.java:91)
[2025-12-05T12:41:36.517+0000] {spark_read_mongo_dag.py:187} ERROR - spark-submit stderr | at com.amazonaws.auth.InstanceProfileCredentialsProvider.<init>(InstanceProfileCredentialsProvider.java:75)
[2025-12-05T12:41:36.517+0000] {spark_read_mongo_dag.py:187} ERROR - spark-submit stderr | at com.amazonaws.auth.InstanceProfileCredentialsProvider.<clinit>(InstanceProfileCredentialsProvider.java:58)
[2025-12-05T12:41:36.518+0000] {spark_read_mongo_dag.py:187} ERROR - spark-submit stderr | at com.amazonaws.auth.EC2ContainerCredentialsProviderWrapper.initializeProvider(EC2ContainerCredentialsProviderWrapper.java:66)
[2025-12-05T12:41:36.518+0000] {spark_read_mongo_dag.py:187} ERROR - spark-submit stderr | at com.amazonaws.auth.EC2ContainerCredentialsProviderWrapper.<init>(EC2ContainerCredentialsProviderWrapper.java:55)
[2025-12-05T12:41:36.519+0000] {spark_read_mongo_dag.py:187} ERROR - spark-submit stderr | at org.apache.hadoop.fs.s3a.auth.IAMInstanceCredentialsProvider.<init>(IAMInstanceCredentialsProvider.java:49)
[2025-12-05T12:41:36.519+0000] {spark_read_mongo_dag.py:187} ERROR - spark-submit stderr | at java.base/jdk.internal.reflect.NativeConstructorAccessorImpl.newInstance0(Native Method)
[2025-12-05T12:41:36.519+0000] {spark_read_mongo_dag.py:187} ERROR - spark-submit stderr | at java.base/jdk.internal.reflect.NativeConstructorAccessorImpl.newInstance(NativeConstructorAccessorImpl.java:77)
[2025-12-05T12:41:36.520+0000] {spark_read_mongo_dag.py:187} ERROR - spark-submit stderr | at java.base/jdk.internal.reflect.DelegatingConstructorAccessorImpl.newInstance(DelegatingConstructorAccessorImpl.java:45)
[2025-12-05T12:41:36.520+0000] {spark_read_mongo_dag.py:187} ERROR - spark-submit stderr | at java.base/java.lang.reflect.Constructor.newInstanceWithCaller(Constructor.java:500)
[2025-12-05T12:41:36.520+0000] {spark_read_mongo_dag.py:187} ERROR - spark-submit stderr | at java.base/java.lang.reflect.Constructor.newInstance(Constructor.java:481)
[2025-12-05T12:41:36.521+0000] {spark_read_mongo_dag.py:187} ERROR - spark-submit stderr | at org.apache.hadoop.fs.s3a.S3AUtils.createAWSCredentialProvider(S3AUtils.java:766)
[2025-12-05T12:41:36.521+0000] {spark_read_mongo_dag.py:187} ERROR - spark-submit stderr | at org.apache.hadoop.fs.s3a.S3AUtils.buildAWSProviderList(S3AUtils.java:698)
[2025-12-05T12:41:36.521+0000] {spark_read_mongo_dag.py:187} ERROR - spark-submit stderr | at org.apache.hadoop.fs.s3a.S3AUtils.createAWSCredentialProviderSet(S3AUtils.java:631)
[2025-12-05T12:41:36.522+0000] {spark_read_mongo_dag.py:187} ERROR - spark-submit stderr | at org.apache.hadoop.fs.s3a.S3AFileSystem.bindAWSClient(S3AFileSystem.java:877)
[2025-12-05T12:41:36.522+0000] {spark_read_mongo_dag.py:187} ERROR - spark-submit stderr | at org.apache.hadoop.fs.s3a.S3AFileSystem.initialize(S3AFileSystem.java:534)
[2025-12-05T12:41:36.523+0000] {spark_read_mongo_dag.py:187} ERROR - spark-submit stderr | at org.apache.hadoop.fs.FileSystem.createFileSystem(FileSystem.java:3469)
[2025-12-05T12:41:36.523+0000] {spark_read_mongo_dag.py:187} ERROR - spark-submit stderr | at org.apache.hadoop.fs.FileSystem.access$300(FileSystem.java:174)
[2025-12-05T12:41:36.523+0000] {spark_read_mongo_dag.py:187} ERROR - spark-submit stderr | at org.apache.hadoop.fs.FileSystem$Cache.getInternal(FileSystem.java:3574)
[2025-12-05T12:41:36.524+0000] {spark_read_mongo_dag.py:187} ERROR - spark-submit stderr | at org.apache.hadoop.fs.FileSystem$Cache.get(FileSystem.java:3521)
[2025-12-05T12:41:36.524+0000] {spark_read_mongo_dag.py:187} ERROR - spark-submit stderr | at org.apache.hadoop.fs.FileSystem.get(FileSystem.java:540)
[2025-12-05T12:41:36.525+0000] {spark_read_mongo_dag.py:187} ERROR - spark-submit stderr | at org.apache.hadoop.fs.Path.getFileSystem(Path.java:365)
[2025-12-05T12:41:36.525+0000] {spark_read_mongo_dag.py:187} ERROR - spark-submit stderr | at org.apache.spark.sql.execution.datasources.DataSource.planForWritingFileFormat(DataSource.scala:454)
[2025-12-05T12:41:36.525+0000] {spark_read_mongo_dag.py:187} ERROR - spark-submit stderr | at org.apache.spark.sql.execution.datasources.DataSource.planForWriting(DataSource.scala:530)
[2025-12-05T12:41:36.526+0000] {spark_read_mongo_dag.py:187} ERROR - spark-submit stderr | at org.apache.spark.sql.DataFrameWriter.saveToV1Source(DataFrameWriter.scala:387)
[2025-12-05T12:41:36.526+0000] {spark_read_mongo_dag.py:187} ERROR - spark-submit stderr | at org.apache.spark.sql.DataFrameWriter.saveInternal(DataFrameWriter.scala:360)
[2025-12-05T12:41:36.526+0000] {spark_read_mongo_dag.py:187} ERROR - spark-submit stderr | at org.apache.spark.sql.DataFrameWriter.save(DataFrameWriter.scala:239)
[2025-12-05T12:41:36.527+0000] {spark_read_mongo_dag.py:187} ERROR - spark-submit stderr | at org.apache.spark.sql.DataFrameWriter.csv(DataFrameWriter.scala:847)
[2025-12-05T12:41:36.527+0000] {spark_read_mongo_dag.py:187} ERROR - spark-submit stderr | at java.base/jdk.internal.reflect.NativeMethodAccessorImpl.invoke0(Native Method)
[2025-12-05T12:41:36.528+0000] {spark_read_mongo_dag.py:187} ERROR - spark-submit stderr | at java.base/jdk.internal.reflect.NativeMethodAccessorImpl.invoke(NativeMethodAccessorImpl.java:77)
[2025-12-05T12:41:36.528+0000] {spark_read_mongo_dag.py:187} ERROR - spark-submit stderr | at java.base/jdk.internal.reflect.DelegatingMethodAccessorImpl.invoke(DelegatingMethodAccessorImpl.java:43)
[2025-12-05T12:41:36.528+0000] {spark_read_mongo_dag.py:187} ERROR - spark-submit stderr | at java.base/java.lang.reflect.Method.invoke(Method.java:569)
[2025-12-05T12:41:36.529+0000] {spark_read_mongo_dag.py:187} ERROR - spark-submit stderr | at py4j.reflection.MethodInvoker.invoke(MethodInvoker.java:244)
[2025-12-05T12:41:36.529+0000] {spark_read_mongo_dag.py:187} ERROR - spark-submit stderr | at py4j.reflection.ReflectionEngine.invoke(ReflectionEngine.java:374)
[2025-12-05T12:41:36.529+0000] {spark_read_mongo_dag.py:187} ERROR - spark-submit stderr | at py4j.Gateway.invoke(Gateway.java:282)
[2025-12-05T12:41:36.530+0000] {spark_read_mongo_dag.py:187} ERROR - spark-submit stderr | at py4j.commands.AbstractCommand.invokeMethod(AbstractCommand.java:132)
[2025-12-05T12:41:36.530+0000] {spark_read_mongo_dag.py:187} ERROR - spark-submit stderr | at py4j.commands.CallCommand.execute(CallCommand.java:79)
[2025-12-05T12:41:36.530+0000] {spark_read_mongo_dag.py:187} ERROR - spark-submit stderr | at py4j.ClientServerConnection.waitForCommands(ClientServerConnection.java:182)
[2025-12-05T12:41:36.531+0000] {spark_read_mongo_dag.py:187} ERROR - spark-submit stderr | at py4j.ClientServerConnection.run(ClientServerConnection.java:106)
[2025-12-05T12:41:36.531+0000] {spark_read_mongo_dag.py:187} ERROR - spark-submit stderr | at java.base/java.lang.Thread.run(Thread.java:840)
[2025-12-05T12:41:36.531+0000] {spark_read_mongo_dag.py:187} ERROR - spark-submit stderr | 25/12/05 12:41:35 INFO SparkContext: SparkContext is stopping with exitCode 0.
[2025-12-05T12:41:36.532+0000] {spark_read_mongo_dag.py:187} ERROR - spark-submit stderr | 25/12/05 12:41:35 INFO SparkUI: Stopped Spark web UI at http://fa5351f36d22:4040
[2025-12-05T12:41:36.532+0000] {spark_read_mongo_dag.py:187} ERROR - spark-submit stderr | 25/12/05 12:41:35 INFO MapOutputTrackerMasterEndpoint: MapOutputTrackerMasterEndpoint stopped!
[2025-12-05T12:41:36.532+0000] {spark_read_mongo_dag.py:187} ERROR - spark-submit stderr | 25/12/05 12:41:35 INFO MemoryStore: MemoryStore cleared
[2025-12-05T12:41:36.533+0000] {spark_read_mongo_dag.py:187} ERROR - spark-submit stderr | 25/12/05 12:41:35 INFO BlockManager: BlockManager stopped
[2025-12-05T12:41:36.533+0000] {spark_read_mongo_dag.py:187} ERROR - spark-submit stderr | 25/12/05 12:41:35 INFO BlockManagerMaster: BlockManagerMaster stopped
[2025-12-05T12:41:36.534+0000] {spark_read_mongo_dag.py:187} ERROR - spark-submit stderr | 25/12/05 12:41:35 INFO OutputCommitCoordinator$OutputCommitCoordinatorEndpoint: OutputCommitCoordinator stopped!
[2025-12-05T12:41:36.534+0000] {spark_read_mongo_dag.py:187} ERROR - spark-submit stderr | 25/12/05 12:41:35 INFO SparkContext: Successfully stopped SparkContext
[2025-12-05T12:41:36.535+0000] {spark_read_mongo_dag.py:187} ERROR - spark-submit stderr | 25/12/05 12:41:36 INFO ShutdownHookManager: Shutdown hook called
[2025-12-05T12:41:36.535+0000] {spark_read_mongo_dag.py:187} ERROR - spark-submit stderr | 25/12/05 12:41:36 INFO ShutdownHookManager: Deleting directory /tmp/spark-2f4324e4-1d5a-4c8c-b991-aea4f7266716
[2025-12-05T12:41:36.535+0000] {spark_read_mongo_dag.py:187} ERROR - spark-submit stderr | 25/12/05 12:41:36 INFO ShutdownHookManager: Deleting directory /tmp/spark-f4b90d2b-08ea-4dba-a92e-7ed141f5140c
[2025-12-05T12:41:36.536+0000] {spark_read_mongo_dag.py:187} ERROR - spark-submit stderr | 25/12/05 12:41:36 INFO ShutdownHookManager: Deleting directory /tmp/spark-f4b90d2b-08ea-4dba-a92e-7ed141f5140c/pyspark-8b6d4f33-94c8-4838-94c6-e16a769bae7c
[2025-12-05T12:41:36.536+0000] {spark_read_mongo_dag.py:187} ERROR - spark-submit stderr | 25/12/05 12:41:36 INFO MetricsSystemImpl: Stopping s3a-file-system metrics system...
[2025-12-05T12:41:36.536+0000] {spark_read_mongo_dag.py:187} ERROR - spark-submit stderr | 25/12/05 12:41:36 INFO MetricsSystemImpl: s3a-file-system metrics system stopped.
[2025-12-05T12:41:36.537+0000] {spark_read_mongo_dag.py:187} ERROR - spark-submit stderr | 25/12/05 12:41:36 INFO MetricsSystemImpl: s3a-file-system metrics system shutdown complete.
[2025-12-05T12:41:36.537+0000] {spark_read_mongo_dag.py:192} INFO - END run_spark_job SUCCESS
[2025-12-05T12:41:36.537+0000] {python.py:237} INFO - Done. Returned value was: None
[2025-12-05T12:41:36.538+0000] {taskinstance.py:441} INFO - ::group::Post task execution logs
[2025-12-05T12:41:36.556+0000] {taskinstance.py:1206} INFO - Marking task as SUCCESS. dag_id=mongo_iceberg_dremio_dag, task_id=run_mongo_to_iceberg, run_id=manual__2025-12-05T12:35:41.093972+00:00, execution_date=20251205T123541, start_date=20251205T124113, end_date=20251205T124136
[2025-12-05T12:41:36.662+0000] {local_task_job_runner.py:240} INFO - Task exited with return code 0
[2025-12-05T12:41:36.691+0000] {taskinstance.py:3503} INFO - 1 downstream tasks scheduled from follow-on schedule check
[2025-12-05T12:41:36.709+0000] {local_task_job_runner.py:222} INFO - ::endgroup::
