[2025-12-08T10:00:24.808+0000] {local_task_job_runner.py:120} INFO - ::group::Pre task execution logs
[2025-12-08T10:00:24.877+0000] {taskinstance.py:2076} INFO - Dependencies all met for dep_context=non-requeueable deps ti=<TaskInstance: mongo_iceberg_dremio_dag.configure_dremio_source manual__2025-12-08T09:59:42.704987+00:00 [queued]>
[2025-12-08T10:00:24.887+0000] {taskinstance.py:2076} INFO - Dependencies all met for dep_context=requeueable deps ti=<TaskInstance: mongo_iceberg_dremio_dag.configure_dremio_source manual__2025-12-08T09:59:42.704987+00:00 [queued]>
[2025-12-08T10:00:24.888+0000] {taskinstance.py:2306} INFO - Starting attempt 1 of 2
[2025-12-08T10:00:24.939+0000] {taskinstance.py:2330} INFO - Executing <Task(PythonOperator): configure_dremio_source> on 2025-12-08 09:59:42.704987+00:00
[2025-12-08T10:00:24.945+0000] {standard_task_runner.py:63} INFO - Started process 4105 to run task
[2025-12-08T10:00:24.950+0000] {standard_task_runner.py:90} INFO - Running: ['***', 'tasks', 'run', 'mongo_iceberg_dremio_dag', 'configure_dremio_source', 'manual__2025-12-08T09:59:42.704987+00:00', '--job-id', '94', '--raw', '--subdir', 'DAGS_FOLDER/spark_read_mongo_dag.py', '--cfg-path', '/tmp/tmp0mpbvf1t']
[2025-12-08T10:00:24.953+0000] {standard_task_runner.py:91} INFO - Job 94: Subtask configure_dremio_source
[2025-12-08T10:00:25.059+0000] {task_command.py:426} INFO - Running <TaskInstance: mongo_iceberg_dremio_dag.configure_dremio_source manual__2025-12-08T09:59:42.704987+00:00 [running]> on host ef1c6bdacaab
[2025-12-08T10:00:25.722+0000] {taskinstance.py:2648} INFO - Exporting env vars: AIRFLOW_CTX_DAG_OWNER='deeku' AIRFLOW_CTX_DAG_ID='mongo_iceberg_dremio_dag' AIRFLOW_CTX_TASK_ID='configure_dremio_source' AIRFLOW_CTX_EXECUTION_DATE='2025-12-08T09:59:42.704987+00:00' AIRFLOW_CTX_TRY_NUMBER='1' AIRFLOW_CTX_DAG_RUN_ID='manual__2025-12-08T09:59:42.704987+00:00'
[2025-12-08T10:00:25.726+0000] {taskinstance.py:430} INFO - ::endgroup::
[2025-12-08T10:00:25.907+0000] {spark_read_mongo_dag.py:256} INFO - create_dremio_iceberg_source: start
[2025-12-08T10:00:26.149+0000] {spark_read_mongo_dag.py:286} INFO - Dremio source exists=True id=6b5d7d63-3475-4818-b067-e05b87560674
[2025-12-08T10:00:26.237+0000] {spark_read_mongo_dag.py:295} INFO - Checking available source types...
[2025-12-08T10:00:26.310+0000] {spark_read_mongo_dag.py:301} INFO - Available source types: {
  "data": [
    {
      "sourceType": "DREMIOTODREMIO",
      "label": "Dremio",
      "previewEngineRequired": false,
      "externalQueryAllowed": true
    },
    {
      "sourceType": "MSSQL",
      "label": "Microsoft SQL Server",
      "previewEngineRequired": true,
      "externalQueryAllowed": true
    },
    {
      "sourceType": "AWSGLUE",
      "label": "AWS Glue Data Catalog",
      "previewEngineRequired": false,
      "externalQueryAllowed": false
    },
    {
      "sourceType": "ORACLE",
      "label": "Oracle",
      "previewEngineRequired": true,
      "externalQueryAllowed": true
    },
    {
      "sourceType": "SYNAPSE",
      "label": "Microsoft Azure Synapse Analytics",
      "previewEngineRequired": true,
      "externalQueryAllowed": true
    },
    {
      "sourceType": "AZURE_STORAGE",
      "label": "Azure Storage",
      "previewEngineRequired": false,
      "externalQueryAllowed": false
    },
    {
      "sourceType": "DB2",
      "label": "IBM Db2",
      "previewEngineRequired": false,
      "externalQueryAllowed": true
    },
    {
      "sourceType": "HIVE",
      "label": "Hive 2.x",
      "previewEngineRequired": false,
      "externalQueryAllowed": false
    },
    {
      "sourceType": "NAS",
      "label": "",
      "previewEngineRequired": false,
      "externalQueryAllowed": false
    },
    {
      "sourceType": "REDSHIFT",
      "label": "Amazon Redshift",
      "previewEngineRequired": true,
      "externalQueryAllowed": true
    },
    {
      "sourceType": "GCS",
      "label": "Google Cloud Storage",
      "previewEngineRequired": false,
      "externalQueryAllowed": false
    },
    {
      "sourceType": "HDFS",
      "label": "",
      "previewEngineRequired": false,
      "externalQueryAllowed": false
    },
    {
      "sourceType": "ADL",
      "label": "Azure Data Lake Storage Gen1",
      "previewEngineRequired": false,
      "externalQueryAllowed": false
    },
    {
      "sourceType": "MYSQL",
      "label": "MySQL",
      "previewEngineRequired": true,
      "externalQueryAllowed": true
    },
    {
      "sourceType": "NESSIE",
      "label": "Nessie (Preview)",
      "previewEngineRequired": false,
      "externalQueryAllowed": false
    },
    {
      "sourceType": "HIVE3",
      "label": "Hive 3.x",
      "previewEngineRequired": false,
      "externalQueryAllowed": false
    },
    {
      "sourceType": "ADX",
      "label": "Microsoft Azure Data Explorer",
      "previewEngineRequired": true,
      "externalQueryAllowed": true
    },
    {
      "sourceType": "ELASTIC",
      "label": "Elasticsearch",
      "previewEngineRequired": false,
      "externalQueryAllowed": false
    },
    {
      "sourceType": "MONGO",
      "label": "MongoDB",
      "previewEngineRequired": false,
      "externalQueryAllowed": false
    },
    {
      "sourceType": "S3",
      "label": "Amazon S3",
      "previewEngineRequired": false,
      "externalQueryAllowed": false
    },
    {
      "sourceType": "SNOWFLAKE",
      "label": "Snowflake",
      "previewEngineRequired": true,
      "externalQueryAllowed": true
    },
    {
      "sourceType": "AMAZONELASTIC",
      "label": "Amazon OpenSearch Service",
      "previewEngineRequired": false,
      "externalQueryAllowed": false
    },
    {
      "sourceType": "DRUID",
      "label": "Druid",
      "previewEngineRequired": true,
      "externalQueryAllowed": true
    },
    {
      "sourceType": "POSTGRES",
      "label": "PostgreSQL",
      "previewEngineRequired": true,
      "externalQueryAllowed": true
    }
  ]
}
[2025-12-08T10:00:26.312+0000] {spark_read_mongo_dag.py:411} INFO - === Trying approach 1/10: type=NESSIE ===
[2025-12-08T10:00:26.313+0000] {spark_read_mongo_dag.py:427} INFO - Attempt config (masked): {
  "nessieUri": "http://nessie:19120/api/v2",
  "defaultBranch": "main",
  "warehouse": "s3a://iceberg",
  "propertyList": [
    {
      "name": "fs.s3a.endpoint",
      "value": "minio:9000"
    },
    {
      "name": "fs.s3a.access.key",
      "value": "***MASKED***"
    },
    {
      "name": "fs.s3a.secret.key",
      "value": "***MASKED***"
    },
    {
      "name": "fs.s3a.path.style.access",
      "value": "true"
    },
    {
      "name": "fs.s3a.connection.ssl.enabled",
      "value": "false"
    },
    {
      "name": "fs.s3a.endpoint.region",
      "value": "us-east-1"
    }
  ]
}
[2025-12-08T10:00:26.315+0000] {spark_read_mongo_dag.py:432} INFO - Updating existing source
[2025-12-08T10:00:26.355+0000] {spark_read_mongo_dag.py:438} INFO - Response status: 400
[2025-12-08T10:00:26.356+0000] {spark_read_mongo_dag.py:458} INFO - Response error: {"errorMessage":"Invalid value found at: nessieUri","moreInfo":"","stackTrace":[]}
[2025-12-08T10:00:26.358+0000] {spark_read_mongo_dag.py:464} INFO - Validation error details: {
  "errorMessage": "Invalid value found at: nessieUri",
  "moreInfo": "",
  "stackTrace": []
}
[2025-12-08T10:00:26.359+0000] {spark_read_mongo_dag.py:411} INFO - === Trying approach 2/10: type=NESSIE ===
[2025-12-08T10:00:26.360+0000] {spark_read_mongo_dag.py:427} INFO - Attempt config (masked): {
  "nessieUri": "http://nessie:19120/api/v1",
  "defaultBranch": "main",
  "warehouse": "s3a://iceberg",
  "propertyList": [
    {
      "name": "fs.s3a.endpoint",
      "value": "minio:9000"
    },
    {
      "name": "fs.s3a.access.key",
      "value": "***MASKED***"
    },
    {
      "name": "fs.s3a.secret.key",
      "value": "***MASKED***"
    },
    {
      "name": "fs.s3a.path.style.access",
      "value": "true"
    },
    {
      "name": "fs.s3a.connection.ssl.enabled",
      "value": "false"
    },
    {
      "name": "fs.s3a.endpoint.region",
      "value": "us-east-1"
    }
  ]
}
[2025-12-08T10:00:26.361+0000] {spark_read_mongo_dag.py:432} INFO - Updating existing source
[2025-12-08T10:00:26.376+0000] {spark_read_mongo_dag.py:438} INFO - Response status: 400
[2025-12-08T10:00:26.377+0000] {spark_read_mongo_dag.py:458} INFO - Response error: {"errorMessage":"Invalid value found at: nessieUri","moreInfo":"","stackTrace":[]}
[2025-12-08T10:00:26.378+0000] {spark_read_mongo_dag.py:464} INFO - Validation error details: {
  "errorMessage": "Invalid value found at: nessieUri",
  "moreInfo": "",
  "stackTrace": []
}
[2025-12-08T10:00:26.380+0000] {spark_read_mongo_dag.py:411} INFO - === Trying approach 3/10: type=NESSIE ===
[2025-12-08T10:00:26.381+0000] {spark_read_mongo_dag.py:427} INFO - Attempt config (masked): {
  "nessieUri": "http://nessie:19120",
  "defaultBranch": "main",
  "warehouse": "s3a://iceberg",
  "propertyList": [
    {
      "name": "fs.s3a.endpoint",
      "value": "minio:9000"
    },
    {
      "name": "fs.s3a.access.key",
      "value": "***MASKED***"
    },
    {
      "name": "fs.s3a.secret.key",
      "value": "***MASKED***"
    },
    {
      "name": "fs.s3a.path.style.access",
      "value": "true"
    },
    {
      "name": "fs.s3a.connection.ssl.enabled",
      "value": "false"
    },
    {
      "name": "fs.s3a.endpoint.region",
      "value": "us-east-1"
    }
  ]
}
[2025-12-08T10:00:26.382+0000] {spark_read_mongo_dag.py:432} INFO - Updating existing source
[2025-12-08T10:00:26.398+0000] {spark_read_mongo_dag.py:438} INFO - Response status: 400
[2025-12-08T10:00:26.399+0000] {spark_read_mongo_dag.py:458} INFO - Response error: {"errorMessage":"Invalid value found at: nessieUri","moreInfo":"","stackTrace":[]}
[2025-12-08T10:00:26.401+0000] {spark_read_mongo_dag.py:464} INFO - Validation error details: {
  "errorMessage": "Invalid value found at: nessieUri",
  "moreInfo": "",
  "stackTrace": []
}
[2025-12-08T10:00:26.402+0000] {spark_read_mongo_dag.py:411} INFO - === Trying approach 4/10: type=NESSIE ===
[2025-12-08T10:00:26.403+0000] {spark_read_mongo_dag.py:427} INFO - Attempt config (masked): {
  "nessieUri": "nessie://nessie:19120/api/v2",
  "defaultBranch": "main",
  "warehouse": "s3a://iceberg",
  "propertyList": [
    {
      "name": "fs.s3a.endpoint",
      "value": "minio:9000"
    },
    {
      "name": "fs.s3a.access.key",
      "value": "***MASKED***"
    },
    {
      "name": "fs.s3a.secret.key",
      "value": "***MASKED***"
    },
    {
      "name": "fs.s3a.path.style.access",
      "value": "true"
    },
    {
      "name": "fs.s3a.connection.ssl.enabled",
      "value": "false"
    },
    {
      "name": "fs.s3a.endpoint.region",
      "value": "us-east-1"
    }
  ]
}
[2025-12-08T10:00:26.404+0000] {spark_read_mongo_dag.py:432} INFO - Updating existing source
[2025-12-08T10:00:26.413+0000] {spark_read_mongo_dag.py:438} INFO - Response status: 400
[2025-12-08T10:00:26.414+0000] {spark_read_mongo_dag.py:458} INFO - Response error: {"errorMessage":"Invalid value found at: nessieUri","moreInfo":"","stackTrace":[]}
[2025-12-08T10:00:26.415+0000] {spark_read_mongo_dag.py:464} INFO - Validation error details: {
  "errorMessage": "Invalid value found at: nessieUri",
  "moreInfo": "",
  "stackTrace": []
}
[2025-12-08T10:00:26.416+0000] {spark_read_mongo_dag.py:411} INFO - === Trying approach 5/10: type=NESSIE ===
[2025-12-08T10:00:26.416+0000] {spark_read_mongo_dag.py:427} INFO - Attempt config (masked): {
  "nessieUri": "nessie://nessie:19120/api/v1",
  "defaultBranch": "main",
  "warehouse": "s3a://iceberg",
  "propertyList": [
    {
      "name": "fs.s3a.endpoint",
      "value": "minio:9000"
    },
    {
      "name": "fs.s3a.access.key",
      "value": "***MASKED***"
    },
    {
      "name": "fs.s3a.secret.key",
      "value": "***MASKED***"
    },
    {
      "name": "fs.s3a.path.style.access",
      "value": "true"
    },
    {
      "name": "fs.s3a.connection.ssl.enabled",
      "value": "false"
    },
    {
      "name": "fs.s3a.endpoint.region",
      "value": "us-east-1"
    }
  ]
}
[2025-12-08T10:00:26.417+0000] {spark_read_mongo_dag.py:432} INFO - Updating existing source
[2025-12-08T10:00:26.423+0000] {spark_read_mongo_dag.py:438} INFO - Response status: 400
[2025-12-08T10:00:26.424+0000] {spark_read_mongo_dag.py:458} INFO - Response error: {"errorMessage":"Invalid value found at: nessieUri","moreInfo":"","stackTrace":[]}
[2025-12-08T10:00:26.425+0000] {spark_read_mongo_dag.py:464} INFO - Validation error details: {
  "errorMessage": "Invalid value found at: nessieUri",
  "moreInfo": "",
  "stackTrace": []
}
[2025-12-08T10:00:26.425+0000] {spark_read_mongo_dag.py:411} INFO - === Trying approach 6/10: type=NESSIE ===
[2025-12-08T10:00:26.426+0000] {spark_read_mongo_dag.py:427} INFO - Attempt config (masked): {
  "nessieUri": "nessie://nessie:19120",
  "defaultBranch": "main",
  "warehouse": "s3a://iceberg",
  "propertyList": [
    {
      "name": "fs.s3a.endpoint",
      "value": "minio:9000"
    },
    {
      "name": "fs.s3a.access.key",
      "value": "***MASKED***"
    },
    {
      "name": "fs.s3a.secret.key",
      "value": "***MASKED***"
    },
    {
      "name": "fs.s3a.path.style.access",
      "value": "true"
    },
    {
      "name": "fs.s3a.connection.ssl.enabled",
      "value": "false"
    },
    {
      "name": "fs.s3a.endpoint.region",
      "value": "us-east-1"
    }
  ]
}
[2025-12-08T10:00:26.427+0000] {spark_read_mongo_dag.py:432} INFO - Updating existing source
[2025-12-08T10:00:26.433+0000] {spark_read_mongo_dag.py:438} INFO - Response status: 400
[2025-12-08T10:00:26.434+0000] {spark_read_mongo_dag.py:458} INFO - Response error: {"errorMessage":"Invalid value found at: nessieUri","moreInfo":"","stackTrace":[]}
[2025-12-08T10:00:26.434+0000] {spark_read_mongo_dag.py:464} INFO - Validation error details: {
  "errorMessage": "Invalid value found at: nessieUri",
  "moreInfo": "",
  "stackTrace": []
}
[2025-12-08T10:00:26.435+0000] {spark_read_mongo_dag.py:411} INFO - === Trying approach 7/10: type=NESSIE ===
[2025-12-08T10:00:26.435+0000] {spark_read_mongo_dag.py:427} INFO - Attempt config (masked): {
  "defaultBranch": "main",
  "warehouse": "s3a://iceberg",
  "propertyList": [
    {
      "name": "nessie.uri",
      "value": "http://nessie:19120/api/v2"
    },
    {
      "name": "fs.s3a.endpoint",
      "value": "minio:9000"
    },
    {
      "name": "fs.s3a.access.key",
      "value": "***MASKED***"
    },
    {
      "name": "fs.s3a.secret.key",
      "value": "***MASKED***"
    },
    {
      "name": "fs.s3a.path.style.access",
      "value": "true"
    },
    {
      "name": "fs.s3a.connection.ssl.enabled",
      "value": "false"
    }
  ]
}
[2025-12-08T10:00:26.436+0000] {spark_read_mongo_dag.py:432} INFO - Updating existing source
[2025-12-08T10:00:26.442+0000] {spark_read_mongo_dag.py:438} INFO - Response status: 400
[2025-12-08T10:00:26.443+0000] {spark_read_mongo_dag.py:458} INFO - Response error: {"errorMessage":"Invalid value found at: defaultBranch","moreInfo":"","stackTrace":[]}
[2025-12-08T10:00:26.444+0000] {spark_read_mongo_dag.py:464} INFO - Validation error details: {
  "errorMessage": "Invalid value found at: defaultBranch",
  "moreInfo": "",
  "stackTrace": []
}
[2025-12-08T10:00:26.444+0000] {spark_read_mongo_dag.py:411} INFO - === Trying approach 8/10: type=ARCTIC ===
[2025-12-08T10:00:26.445+0000] {spark_read_mongo_dag.py:427} INFO - Attempt config (masked): {
  "nessieUri": "http://nessie:19120/api/v2",
  "defaultBranch": "main",
  "warehouse": "s3a://iceberg",
  "propertyList": [
    {
      "name": "fs.s3a.endpoint",
      "value": "minio:9000"
    },
    {
      "name": "fs.s3a.access.key",
      "value": "***MASKED***"
    },
    {
      "name": "fs.s3a.secret.key",
      "value": "***MASKED***"
    },
    {
      "name": "fs.s3a.path.style.access",
      "value": "true"
    },
    {
      "name": "fs.s3a.connection.ssl.enabled",
      "value": "false"
    }
  ]
}
[2025-12-08T10:00:26.445+0000] {spark_read_mongo_dag.py:432} INFO - Updating existing source
[2025-12-08T10:00:26.451+0000] {spark_read_mongo_dag.py:438} INFO - Response status: 400
[2025-12-08T10:00:26.451+0000] {spark_read_mongo_dag.py:458} INFO - Response error: {"errorMessage":"Invalid value","moreInfo":"","stackTrace":[]}
[2025-12-08T10:00:26.452+0000] {spark_read_mongo_dag.py:464} INFO - Validation error details: {
  "errorMessage": "Invalid value",
  "moreInfo": "",
  "stackTrace": []
}
[2025-12-08T10:00:26.453+0000] {spark_read_mongo_dag.py:411} INFO - === Trying approach 9/10: type=DATA_LAKE ===
[2025-12-08T10:00:26.453+0000] {spark_read_mongo_dag.py:427} INFO - Attempt config (masked): {
  "rootPath": "s3a://iceberg",
  "propertyList": [
    {
      "name": "fs.s3a.endpoint",
      "value": "minio:9000"
    },
    {
      "name": "fs.s3a.access.key",
      "value": "***MASKED***"
    },
    {
      "name": "fs.s3a.secret.key",
      "value": "***MASKED***"
    },
    {
      "name": "fs.s3a.path.style.access",
      "value": "true"
    },
    {
      "name": "fs.s3a.connection.ssl.enabled",
      "value": "false"
    },
    {
      "name": "iceberg.catalog.type",
      "value": "nessie"
    },
    {
      "name": "iceberg.catalog.uri",
      "value": "http://nessie:19120/api/v2"
    },
    {
      "name": "iceberg.catalog.ref",
      "value": "main"
    }
  ]
}
[2025-12-08T10:00:26.454+0000] {spark_read_mongo_dag.py:432} INFO - Updating existing source
[2025-12-08T10:00:26.460+0000] {spark_read_mongo_dag.py:438} INFO - Response status: 400
[2025-12-08T10:00:26.460+0000] {spark_read_mongo_dag.py:458} INFO - Response error: {"errorMessage":"Invalid value","moreInfo":"","stackTrace":[]}
[2025-12-08T10:00:26.461+0000] {spark_read_mongo_dag.py:464} INFO - Validation error details: {
  "errorMessage": "Invalid value",
  "moreInfo": "",
  "stackTrace": []
}
[2025-12-08T10:00:26.461+0000] {spark_read_mongo_dag.py:411} INFO - === Trying approach 10/10: type=HIVE ===
[2025-12-08T10:00:26.462+0000] {spark_read_mongo_dag.py:427} INFO - Attempt config (masked): {
  "propertyList": [
    {
      "name": "fs.s3a.endpoint",
      "value": "minio:9000"
    },
    {
      "name": "fs.s3a.access.key",
      "value": "***MASKED***"
    },
    {
      "name": "fs.s3a.secret.key",
      "value": "***MASKED***"
    },
    {
      "name": "fs.s3a.path.style.access",
      "value": "true"
    },
    {
      "name": "fs.s3a.connection.ssl.enabled",
      "value": "false"
    },
    {
      "name": "iceberg.enabled",
      "value": "true"
    },
    {
      "name": "iceberg.catalog.type",
      "value": "nessie"
    },
    {
      "name": "iceberg.catalog.uri",
      "value": "http://nessie:19120/api/v2"
    },
    {
      "name": "iceberg.catalog.warehouse",
      "value": "s3a://iceberg"
    },
    {
      "name": "iceberg.catalog.ref",
      "value": "main"
    }
  ]
}
[2025-12-08T10:00:26.463+0000] {spark_read_mongo_dag.py:432} INFO - Updating existing source
[2025-12-08T10:00:26.471+0000] {spark_read_mongo_dag.py:438} INFO - Response status: 500
[2025-12-08T10:00:26.472+0000] {spark_read_mongo_dag.py:458} INFO - Response error: {"errorMessage":"Source id cannot be null.","moreInfo":""}
[2025-12-08T10:00:26.472+0000] {spark_read_mongo_dag.py:473} ERROR - All 10 approaches failed
[2025-12-08T10:00:26.477+0000] {taskinstance.py:441} INFO - ::group::Post task execution logs
[2025-12-08T10:00:26.478+0000] {taskinstance.py:2905} ERROR - Task failed with exception
Traceback (most recent call last):
  File "/home/airflow/.local/lib/python3.9/site-packages/airflow/models/taskinstance.py", line 465, in _execute_task
    result = _execute_callable(context=context, **execute_callable_kwargs)
  File "/home/airflow/.local/lib/python3.9/site-packages/airflow/models/taskinstance.py", line 432, in _execute_callable
    return execute_callable(context=context, **execute_callable_kwargs)
  File "/home/airflow/.local/lib/python3.9/site-packages/airflow/models/baseoperator.py", line 401, in wrapper
    return func(self, *args, **kwargs)
  File "/home/airflow/.local/lib/python3.9/site-packages/airflow/operators/python.py", line 235, in execute
    return_value = self.execute_callable()
  File "/home/airflow/.local/lib/python3.9/site-packages/airflow/operators/python.py", line 252, in execute_callable
    return self.python_callable(*self.op_args, **self.op_kwargs)
  File "/opt/airflow/dags/spark_read_mongo_dag.py", line 484, in create_dremio_iceberg_source
    raise RuntimeError(f"Failed to create Dremio source after {len(attempts)} attempts. " +
RuntimeError: Failed to create Dremio source after 10 attempts. Check Dremio documentation for correct source configuration.
[2025-12-08T10:00:27.429+0000] {taskinstance.py:1206} INFO - Marking task as UP_FOR_RETRY. dag_id=mongo_iceberg_dremio_dag, task_id=configure_dremio_source, run_id=manual__2025-12-08T09:59:42.704987+00:00, execution_date=20251208T095942, start_date=20251208T100024, end_date=20251208T100027
[2025-12-08T10:00:27.565+0000] {standard_task_runner.py:110} ERROR - Failed to execute job 94 for task configure_dremio_source (Failed to create Dremio source after 10 attempts. Check Dremio documentation for correct source configuration.; 4105)
[2025-12-08T10:00:27.619+0000] {local_task_job_runner.py:240} INFO - Task exited with return code 1
[2025-12-08T10:00:27.689+0000] {taskinstance.py:3503} INFO - 0 downstream tasks scheduled from follow-on schedule check
[2025-12-08T10:00:27.732+0000] {local_task_job_runner.py:222} INFO - ::endgroup::
