[2025-12-04T06:38:55.528+0000] {local_task_job_runner.py:120} INFO - ::group::Pre task execution logs
[2025-12-04T06:38:55.887+0000] {taskinstance.py:2076} INFO - Dependencies all met for dep_context=non-requeueable deps ti=<TaskInstance: mongo_iceberg_dremio_dag.configure_dremio_source manual__2025-12-04T06:37:31.118543+00:00 [queued]>
[2025-12-04T06:38:55.902+0000] {taskinstance.py:2076} INFO - Dependencies all met for dep_context=requeueable deps ti=<TaskInstance: mongo_iceberg_dremio_dag.configure_dremio_source manual__2025-12-04T06:37:31.118543+00:00 [queued]>
[2025-12-04T06:38:55.903+0000] {taskinstance.py:2306} INFO - Starting attempt 1 of 1
[2025-12-04T06:38:56.026+0000] {taskinstance.py:2330} INFO - Executing <Task(PythonOperator): configure_dremio_source> on 2025-12-04 06:37:31.118543+00:00
[2025-12-04T06:38:56.032+0000] {standard_task_runner.py:63} INFO - Started process 584 to run task
[2025-12-04T06:38:56.035+0000] {standard_task_runner.py:90} INFO - Running: ['***', 'tasks', 'run', 'mongo_iceberg_dremio_dag', 'configure_dremio_source', 'manual__2025-12-04T06:37:31.118543+00:00', '--job-id', '68', '--raw', '--subdir', 'DAGS_FOLDER/spark_read_mongo_dag.py', '--cfg-path', '/tmp/tmp1c9x56c6']
[2025-12-04T06:38:56.040+0000] {standard_task_runner.py:91} INFO - Job 68: Subtask configure_dremio_source
[2025-12-04T06:38:56.279+0000] {task_command.py:426} INFO - Running <TaskInstance: mongo_iceberg_dremio_dag.configure_dremio_source manual__2025-12-04T06:37:31.118543+00:00 [running]> on host 9d750d667b0d
[2025-12-04T06:38:56.532+0000] {taskinstance.py:2648} INFO - Exporting env vars: AIRFLOW_CTX_DAG_OWNER='deeku' AIRFLOW_CTX_DAG_ID='mongo_iceberg_dremio_dag' AIRFLOW_CTX_TASK_ID='configure_dremio_source' AIRFLOW_CTX_EXECUTION_DATE='2025-12-04T06:37:31.118543+00:00' AIRFLOW_CTX_TRY_NUMBER='1' AIRFLOW_CTX_DAG_RUN_ID='manual__2025-12-04T06:37:31.118543+00:00'
[2025-12-04T06:38:56.533+0000] {taskinstance.py:430} INFO - ::endgroup::
[2025-12-04T06:38:56.668+0000] {spark_read_mongo_dag.py:337} INFO - Creating Dremio source 'nessie_iceberg' with payload: {"name": "nessie_iceberg", "config": {"type": "ICEBERG", "warehouse": "s3a://iceberg/", "nessie_api_url": "http://nessie:19120/api/v2", "nessie_ref": "main", "s3_endpoint": "http://minio:9000", "s3_access_key": "minioadmin", "s3_secret_key": "minioadmin123", "s3_path_style": true, "s3_ssl_enabled": false}}
[2025-12-04T06:38:56.674+0000] {spark_read_mongo_dag.py:342} ERROR - Failed to create Dremio source. status=401 body=
[2025-12-04T06:38:56.675+0000] {taskinstance.py:441} INFO - ::group::Post task execution logs
[2025-12-04T06:38:56.676+0000] {taskinstance.py:2905} ERROR - Task failed with exception
Traceback (most recent call last):
  File "/home/airflow/.local/lib/python3.9/site-packages/airflow/models/taskinstance.py", line 465, in _execute_task
    result = _execute_callable(context=context, **execute_callable_kwargs)
  File "/home/airflow/.local/lib/python3.9/site-packages/airflow/models/taskinstance.py", line 432, in _execute_callable
    return execute_callable(context=context, **execute_callable_kwargs)
  File "/home/airflow/.local/lib/python3.9/site-packages/airflow/models/baseoperator.py", line 401, in wrapper
    return func(self, *args, **kwargs)
  File "/home/airflow/.local/lib/python3.9/site-packages/airflow/operators/python.py", line 235, in execute
    return_value = self.execute_callable()
  File "/home/airflow/.local/lib/python3.9/site-packages/airflow/operators/python.py", line 252, in execute_callable
    return self.python_callable(*self.op_args, **self.op_kwargs)
  File "/opt/airflow/dags/spark_read_mongo_dag.py", line 343, in create_dremio_iceberg_source
    r.raise_for_status()
  File "/home/airflow/.local/lib/python3.9/site-packages/requests/models.py", line 1021, in raise_for_status
    raise HTTPError(http_error_msg, response=self)
requests.exceptions.HTTPError: 401 Client Error: Unauthorized for url: http://dremio:9047/api/v3/source
[2025-12-04T06:38:56.739+0000] {taskinstance.py:1206} INFO - Marking task as FAILED. dag_id=mongo_iceberg_dremio_dag, task_id=configure_dremio_source, run_id=manual__2025-12-04T06:37:31.118543+00:00, execution_date=20251204T063731, start_date=20251204T063855, end_date=20251204T063856
[2025-12-04T06:38:56.815+0000] {standard_task_runner.py:110} ERROR - Failed to execute job 68 for task configure_dremio_source (401 Client Error: Unauthorized for url: http://dremio:9047/api/v3/source; 584)
[2025-12-04T06:38:56.849+0000] {local_task_job_runner.py:240} INFO - Task exited with return code 1
[2025-12-04T06:38:56.903+0000] {taskinstance.py:3503} INFO - 0 downstream tasks scheduled from follow-on schedule check
[2025-12-04T06:38:57.039+0000] {local_task_job_runner.py:222} INFO - ::endgroup::
