[2025-12-01T12:21:16.594+0000] {local_task_job_runner.py:120} INFO - ::group::Pre task execution logs
[2025-12-01T12:21:16.631+0000] {taskinstance.py:2076} INFO - Dependencies all met for dep_context=non-requeueable deps ti=<TaskInstance: mongo_to_iceberg_dag.run_mongo_to_iceberg manual__2025-12-01T12:21:15.513591+00:00 [queued]>
[2025-12-01T12:21:16.640+0000] {taskinstance.py:2076} INFO - Dependencies all met for dep_context=requeueable deps ti=<TaskInstance: mongo_to_iceberg_dag.run_mongo_to_iceberg manual__2025-12-01T12:21:15.513591+00:00 [queued]>
[2025-12-01T12:21:16.642+0000] {taskinstance.py:2306} INFO - Starting attempt 1 of 1
[2025-12-01T12:21:16.680+0000] {taskinstance.py:2330} INFO - Executing <Task(PythonOperator): run_mongo_to_iceberg> on 2025-12-01 12:21:15.513591+00:00
[2025-12-01T12:21:16.685+0000] {standard_task_runner.py:63} INFO - Started process 342 to run task
[2025-12-01T12:21:16.688+0000] {standard_task_runner.py:90} INFO - Running: ['***', 'tasks', 'run', 'mongo_to_iceberg_dag', 'run_mongo_to_iceberg', 'manual__2025-12-01T12:21:15.513591+00:00', '--job-id', '16', '--raw', '--subdir', 'DAGS_FOLDER/spark_read_mongo_dag.py', '--cfg-path', '/tmp/tmpwdmmtbke']
[2025-12-01T12:21:16.692+0000] {standard_task_runner.py:91} INFO - Job 16: Subtask run_mongo_to_iceberg
[2025-12-01T12:21:16.891+0000] {task_command.py:426} INFO - Running <TaskInstance: mongo_to_iceberg_dag.run_mongo_to_iceberg manual__2025-12-01T12:21:15.513591+00:00 [running]> on host 9ecbabf403f4
[2025-12-01T12:21:17.043+0000] {taskinstance.py:2648} INFO - Exporting env vars: AIRFLOW_CTX_DAG_OWNER='deeku' AIRFLOW_CTX_DAG_ID='mongo_to_iceberg_dag' AIRFLOW_CTX_TASK_ID='run_mongo_to_iceberg' AIRFLOW_CTX_EXECUTION_DATE='2025-12-01T12:21:15.513591+00:00' AIRFLOW_CTX_TRY_NUMBER='1' AIRFLOW_CTX_DAG_RUN_ID='manual__2025-12-01T12:21:15.513591+00:00'
[2025-12-01T12:21:17.044+0000] {taskinstance.py:430} INFO - ::endgroup::
[2025-12-01T12:21:17.059+0000] {logging_mixin.py:188} INFO - Running: spark-submit --jars /opt/***/jars/mongo-spark-connector_2.12-10.1.1.jar,/opt/***/jars/iceberg-spark-runtime-3.5_2.12-1.5.2.jar,/opt/***/jars/hadoop-aws-3.3.4.jar,/opt/***/jars/aws-java-sdk-bundle-1.12.772.jar /opt/***/spark_jobs/mongo_pyspark.py
[2025-12-01T12:21:17.211+0000] {logging_mixin.py:188} INFO - === spark-submit stdout ===
[2025-12-01T12:21:17.212+0000] {logging_mixin.py:188} INFO - === spark-submit stderr ===
[2025-12-01T12:21:17.212+0000] {logging_mixin.py:188} INFO - /home/***/.local/lib/python3.9/site-packages/pyspark/bin/load-spark-env.sh: line 68: ps: command not found
JAVA_HOME is not set
[2025-12-01T12:21:17.213+0000] {taskinstance.py:441} INFO - ::group::Post task execution logs
[2025-12-01T12:21:17.214+0000] {taskinstance.py:2905} ERROR - Task failed with exception
Traceback (most recent call last):
  File "/home/airflow/.local/lib/python3.9/site-packages/airflow/models/taskinstance.py", line 465, in _execute_task
    result = _execute_callable(context=context, **execute_callable_kwargs)
  File "/home/airflow/.local/lib/python3.9/site-packages/airflow/models/taskinstance.py", line 432, in _execute_callable
    return execute_callable(context=context, **execute_callable_kwargs)
  File "/home/airflow/.local/lib/python3.9/site-packages/airflow/models/baseoperator.py", line 401, in wrapper
    return func(self, *args, **kwargs)
  File "/home/airflow/.local/lib/python3.9/site-packages/airflow/operators/python.py", line 235, in execute
    return_value = self.execute_callable()
  File "/home/airflow/.local/lib/python3.9/site-packages/airflow/operators/python.py", line 252, in execute_callable
    return self.python_callable(*self.op_args, **self.op_kwargs)
  File "/opt/airflow/dags/spark_read_mongo_dag.py", line 36, in run_spark_job
    raise RuntimeError(f"spark-submit failed (exit {process.returncode})")
RuntimeError: spark-submit failed (exit 1)
[2025-12-01T12:21:17.232+0000] {taskinstance.py:1206} INFO - Marking task as FAILED. dag_id=mongo_to_iceberg_dag, task_id=run_mongo_to_iceberg, run_id=manual__2025-12-01T12:21:15.513591+00:00, execution_date=20251201T122115, start_date=20251201T122116, end_date=20251201T122117
[2025-12-01T12:21:17.273+0000] {standard_task_runner.py:110} ERROR - Failed to execute job 16 for task run_mongo_to_iceberg (spark-submit failed (exit 1); 342)
[2025-12-01T12:21:17.304+0000] {local_task_job_runner.py:240} INFO - Task exited with return code 1
[2025-12-01T12:21:17.326+0000] {taskinstance.py:3503} INFO - 0 downstream tasks scheduled from follow-on schedule check
[2025-12-01T12:21:17.380+0000] {local_task_job_runner.py:222} INFO - ::endgroup::
