[2025-12-09T06:27:17.716+0000] {local_task_job_runner.py:120} INFO - ::group::Pre task execution logs
[2025-12-09T06:27:17.753+0000] {taskinstance.py:2076} INFO - Dependencies all met for dep_context=non-requeueable deps ti=<TaskInstance: mongo_iceberg_dremio_dagg.configure_dremio_source manual__2025-12-09T06:26:40.281404+00:00 [queued]>
[2025-12-09T06:27:17.761+0000] {taskinstance.py:2076} INFO - Dependencies all met for dep_context=requeueable deps ti=<TaskInstance: mongo_iceberg_dremio_dagg.configure_dremio_source manual__2025-12-09T06:26:40.281404+00:00 [queued]>
[2025-12-09T06:27:17.763+0000] {taskinstance.py:2306} INFO - Starting attempt 1 of 2
[2025-12-09T06:27:17.831+0000] {taskinstance.py:2330} INFO - Executing <Task(PythonOperator): configure_dremio_source> on 2025-12-09 06:26:40.281404+00:00
[2025-12-09T06:27:17.837+0000] {standard_task_runner.py:63} INFO - Started process 2900 to run task
[2025-12-09T06:27:17.842+0000] {standard_task_runner.py:90} INFO - Running: ['***', 'tasks', 'run', 'mongo_iceberg_dremio_dagg', 'configure_dremio_source', 'manual__2025-12-09T06:26:40.281404+00:00', '--job-id', '157', '--raw', '--subdir', 'DAGS_FOLDER/spark_read_mongo_dag.py', '--cfg-path', '/tmp/tmpjce7ukfj']
[2025-12-09T06:27:17.845+0000] {standard_task_runner.py:91} INFO - Job 157: Subtask configure_dremio_source
[2025-12-09T06:27:17.934+0000] {task_command.py:426} INFO - Running <TaskInstance: mongo_iceberg_dremio_dagg.configure_dremio_source manual__2025-12-09T06:26:40.281404+00:00 [running]> on host e0aa762b1237
[2025-12-09T06:27:18.075+0000] {taskinstance.py:2648} INFO - Exporting env vars: AIRFLOW_CTX_DAG_OWNER='deeku' AIRFLOW_CTX_DAG_ID='mongo_iceberg_dremio_dagg' AIRFLOW_CTX_TASK_ID='configure_dremio_source' AIRFLOW_CTX_EXECUTION_DATE='2025-12-09T06:26:40.281404+00:00' AIRFLOW_CTX_TRY_NUMBER='1' AIRFLOW_CTX_DAG_RUN_ID='manual__2025-12-09T06:26:40.281404+00:00'
[2025-12-09T06:27:18.076+0000] {taskinstance.py:430} INFO - ::endgroup::
[2025-12-09T06:27:18.089+0000] {spark_read_mongo_dag.py:241} INFO - create_dremio_iceberg_source: start
[2025-12-09T06:27:18.201+0000] {spark_read_mongo_dag.py:269} INFO - Dremio source exists=False id=None
[2025-12-09T06:27:18.286+0000] {spark_read_mongo_dag.py:277} INFO - Checking available source types...
[2025-12-09T06:27:18.393+0000] {spark_read_mongo_dag.py:283} INFO - Available source types: {
  "data": [
    {
      "sourceType": "MYSQL",
      "label": "MySQL",
      "previewEngineRequired": true,
      "externalQueryAllowed": true
    },
    {
      "sourceType": "DREMIOTODREMIO",
      "label": "Dremio",
      "previewEngineRequired": false,
      "externalQueryAllowed": true
    },
    {
      "sourceType": "ADL",
      "label": "Azure Data Lake Storage Gen1",
      "previewEngineRequired": false,
      "externalQueryAllowed": false
    },
    {
      "sourceType": "SNOWFLAKE",
      "label": "Snowflake",
      "previewEngineRequired": true,
      "externalQueryAllowed": true
    },
    {
      "sourceType": "NAS",
      "label": "",
      "previewEngineRequired": false,
      "externalQueryAllowed": false
    },
    {
      "sourceType": "AZURE_STORAGE",
      "label": "Azure Storage",
      "previewEngineRequired": false,
      "externalQueryAllowed": false
    },
    {
      "sourceType": "MSSQL",
      "label": "Microsoft SQL Server",
      "previewEngineRequired": true,
      "externalQueryAllowed": true
    },
    {
      "sourceType": "ELASTIC",
      "label": "Elasticsearch",
      "previewEngineRequired": false,
      "externalQueryAllowed": false
    },
    {
      "sourceType": "S3",
      "label": "Amazon S3",
      "previewEngineRequired": false,
      "externalQueryAllowed": false
    },
    {
      "sourceType": "DB2",
      "label": "IBM Db2",
      "previewEngineRequired": false,
      "externalQueryAllowed": true
    },
    {
      "sourceType": "GCS",
      "label": "Google Cloud Storage",
      "previewEngineRequired": false,
      "externalQueryAllowed": false
    },
    {
      "sourceType": "SYNAPSE",
      "label": "Microsoft Azure Synapse Analytics",
      "previewEngineRequired": true,
      "externalQueryAllowed": true
    },
    {
      "sourceType": "MONGO",
      "label": "MongoDB",
      "previewEngineRequired": false,
      "externalQueryAllowed": false
    },
    {
      "sourceType": "HIVE",
      "label": "Hive 2.x",
      "previewEngineRequired": false,
      "externalQueryAllowed": false
    },
    {
      "sourceType": "DRUID",
      "label": "Druid",
      "previewEngineRequired": true,
      "externalQueryAllowed": true
    },
    {
      "sourceType": "HIVE3",
      "label": "Hive 3.x",
      "previewEngineRequired": false,
      "externalQueryAllowed": false
    },
    {
      "sourceType": "AWSGLUE",
      "label": "AWS Glue Data Catalog",
      "previewEngineRequired": false,
      "externalQueryAllowed": false
    },
    {
      "sourceType": "AMAZONELASTIC",
      "label": "Amazon OpenSearch Service",
      "previewEngineRequired": false,
      "externalQueryAllowed": false
    },
    {
      "sourceType": "NESSIE",
      "label": "Nessie (Preview)",
      "previewEngineRequired": false,
      "externalQueryAllowed": false
    },
    {
      "sourceType": "REDSHIFT",
      "label": "Amazon Redshift",
      "previewEngineRequired": true,
      "externalQueryAllowed": true
    },
    {
      "sourceType": "POSTGRES",
      "label": "PostgreSQL",
      "previewEngineRequired": true,
      "externalQueryAllowed": true
    },
    {
      "sourceType": "ORACLE",
      "label": "Oracle",
      "previewEngineRequired": true,
      "externalQueryAllowed": true
    },
    {
      "sourceType": "ADX",
      "label": "Microsoft Azure Data Explorer",
      "previewEngineRequired": true,
      "externalQueryAllowed": true
    },
    {
      "sourceType": "HDFS",
      "label": "",
      "previewEngineRequired": false,
      "externalQueryAllowed": false
    }
  ]
}
[2025-12-09T06:27:18.394+0000] {spark_read_mongo_dag.py:389} INFO - === Trying approach 1/10: type=NESSIE ===
[2025-12-09T06:27:18.395+0000] {spark_read_mongo_dag.py:404} INFO - Attempt config (masked): {
  "nessieUri": "http://nessie:19120/api/v2",
  "defaultBranch": "main",
  "warehouse": "s3a://iceberg",
  "propertyList": [
    {
      "name": "fs.s3a.endpoint",
      "value": "minio:9000"
    },
    {
      "name": "fs.s3a.access.key",
      "value": "***MASKED***"
    },
    {
      "name": "fs.s3a.secret.key",
      "value": "***MASKED***"
    },
    {
      "name": "fs.s3a.path.style.access",
      "value": "true"
    },
    {
      "name": "fs.s3a.connection.ssl.enabled",
      "value": "false"
    },
    {
      "name": "fs.s3a.endpoint.region",
      "value": "us-east-1"
    }
  ]
}
[2025-12-09T06:27:18.395+0000] {spark_read_mongo_dag.py:414} INFO - Creating new source
[2025-12-09T06:27:18.403+0000] {spark_read_mongo_dag.py:418} INFO - Response status: 400
[2025-12-09T06:27:18.404+0000] {spark_read_mongo_dag.py:441} INFO - Response error: {"errorMessage":"Invalid value found at: nessieUri","moreInfo":"","stackTrace":[]}
[2025-12-09T06:27:18.405+0000] {spark_read_mongo_dag.py:446} INFO - Validation error details: {
  "errorMessage": "Invalid value found at: nessieUri",
  "moreInfo": "",
  "stackTrace": []
}
[2025-12-09T06:27:18.405+0000] {spark_read_mongo_dag.py:389} INFO - === Trying approach 2/10: type=NESSIE ===
[2025-12-09T06:27:18.406+0000] {spark_read_mongo_dag.py:404} INFO - Attempt config (masked): {
  "nessieUri": "http://nessie:19120/api/v1",
  "defaultBranch": "main",
  "warehouse": "s3a://iceberg",
  "propertyList": [
    {
      "name": "fs.s3a.endpoint",
      "value": "minio:9000"
    },
    {
      "name": "fs.s3a.access.key",
      "value": "***MASKED***"
    },
    {
      "name": "fs.s3a.secret.key",
      "value": "***MASKED***"
    },
    {
      "name": "fs.s3a.path.style.access",
      "value": "true"
    },
    {
      "name": "fs.s3a.connection.ssl.enabled",
      "value": "false"
    },
    {
      "name": "fs.s3a.endpoint.region",
      "value": "us-east-1"
    }
  ]
}
[2025-12-09T06:27:18.406+0000] {spark_read_mongo_dag.py:414} INFO - Creating new source
[2025-12-09T06:27:18.413+0000] {spark_read_mongo_dag.py:418} INFO - Response status: 400
[2025-12-09T06:27:18.414+0000] {spark_read_mongo_dag.py:441} INFO - Response error: {"errorMessage":"Invalid value found at: nessieUri","moreInfo":"","stackTrace":[]}
[2025-12-09T06:27:18.415+0000] {spark_read_mongo_dag.py:446} INFO - Validation error details: {
  "errorMessage": "Invalid value found at: nessieUri",
  "moreInfo": "",
  "stackTrace": []
}
[2025-12-09T06:27:18.416+0000] {spark_read_mongo_dag.py:389} INFO - === Trying approach 3/10: type=NESSIE ===
[2025-12-09T06:27:18.416+0000] {spark_read_mongo_dag.py:404} INFO - Attempt config (masked): {
  "nessieUri": "http://nessie:19120",
  "defaultBranch": "main",
  "warehouse": "s3a://iceberg",
  "propertyList": [
    {
      "name": "fs.s3a.endpoint",
      "value": "minio:9000"
    },
    {
      "name": "fs.s3a.access.key",
      "value": "***MASKED***"
    },
    {
      "name": "fs.s3a.secret.key",
      "value": "***MASKED***"
    },
    {
      "name": "fs.s3a.path.style.access",
      "value": "true"
    },
    {
      "name": "fs.s3a.connection.ssl.enabled",
      "value": "false"
    },
    {
      "name": "fs.s3a.endpoint.region",
      "value": "us-east-1"
    }
  ]
}
[2025-12-09T06:27:18.417+0000] {spark_read_mongo_dag.py:414} INFO - Creating new source
[2025-12-09T06:27:18.424+0000] {spark_read_mongo_dag.py:418} INFO - Response status: 400
[2025-12-09T06:27:18.425+0000] {spark_read_mongo_dag.py:441} INFO - Response error: {"errorMessage":"Invalid value found at: nessieUri","moreInfo":"","stackTrace":[]}
[2025-12-09T06:27:18.425+0000] {spark_read_mongo_dag.py:446} INFO - Validation error details: {
  "errorMessage": "Invalid value found at: nessieUri",
  "moreInfo": "",
  "stackTrace": []
}
[2025-12-09T06:27:18.426+0000] {spark_read_mongo_dag.py:389} INFO - === Trying approach 4/10: type=NESSIE ===
[2025-12-09T06:27:18.427+0000] {spark_read_mongo_dag.py:404} INFO - Attempt config (masked): {
  "nessieUri": "nessie://nessie:19120/api/v2",
  "defaultBranch": "main",
  "warehouse": "s3a://iceberg",
  "propertyList": [
    {
      "name": "fs.s3a.endpoint",
      "value": "minio:9000"
    },
    {
      "name": "fs.s3a.access.key",
      "value": "***MASKED***"
    },
    {
      "name": "fs.s3a.secret.key",
      "value": "***MASKED***"
    },
    {
      "name": "fs.s3a.path.style.access",
      "value": "true"
    },
    {
      "name": "fs.s3a.connection.ssl.enabled",
      "value": "false"
    },
    {
      "name": "fs.s3a.endpoint.region",
      "value": "us-east-1"
    }
  ]
}
[2025-12-09T06:27:18.427+0000] {spark_read_mongo_dag.py:414} INFO - Creating new source
[2025-12-09T06:27:18.433+0000] {spark_read_mongo_dag.py:418} INFO - Response status: 400
[2025-12-09T06:27:18.434+0000] {spark_read_mongo_dag.py:441} INFO - Response error: {"errorMessage":"Invalid value found at: nessieUri","moreInfo":"","stackTrace":[]}
[2025-12-09T06:27:18.434+0000] {spark_read_mongo_dag.py:446} INFO - Validation error details: {
  "errorMessage": "Invalid value found at: nessieUri",
  "moreInfo": "",
  "stackTrace": []
}
[2025-12-09T06:27:18.435+0000] {spark_read_mongo_dag.py:389} INFO - === Trying approach 5/10: type=NESSIE ===
[2025-12-09T06:27:18.435+0000] {spark_read_mongo_dag.py:404} INFO - Attempt config (masked): {
  "nessieUri": "nessie://nessie:19120/api/v1",
  "defaultBranch": "main",
  "warehouse": "s3a://iceberg",
  "propertyList": [
    {
      "name": "fs.s3a.endpoint",
      "value": "minio:9000"
    },
    {
      "name": "fs.s3a.access.key",
      "value": "***MASKED***"
    },
    {
      "name": "fs.s3a.secret.key",
      "value": "***MASKED***"
    },
    {
      "name": "fs.s3a.path.style.access",
      "value": "true"
    },
    {
      "name": "fs.s3a.connection.ssl.enabled",
      "value": "false"
    },
    {
      "name": "fs.s3a.endpoint.region",
      "value": "us-east-1"
    }
  ]
}
[2025-12-09T06:27:18.436+0000] {spark_read_mongo_dag.py:414} INFO - Creating new source
[2025-12-09T06:27:18.442+0000] {spark_read_mongo_dag.py:418} INFO - Response status: 400
[2025-12-09T06:27:18.442+0000] {spark_read_mongo_dag.py:441} INFO - Response error: {"errorMessage":"Invalid value found at: nessieUri","moreInfo":"","stackTrace":[]}
[2025-12-09T06:27:18.443+0000] {spark_read_mongo_dag.py:446} INFO - Validation error details: {
  "errorMessage": "Invalid value found at: nessieUri",
  "moreInfo": "",
  "stackTrace": []
}
[2025-12-09T06:27:18.444+0000] {spark_read_mongo_dag.py:389} INFO - === Trying approach 6/10: type=NESSIE ===
[2025-12-09T06:27:18.444+0000] {spark_read_mongo_dag.py:404} INFO - Attempt config (masked): {
  "nessieUri": "nessie://nessie:19120",
  "defaultBranch": "main",
  "warehouse": "s3a://iceberg",
  "propertyList": [
    {
      "name": "fs.s3a.endpoint",
      "value": "minio:9000"
    },
    {
      "name": "fs.s3a.access.key",
      "value": "***MASKED***"
    },
    {
      "name": "fs.s3a.secret.key",
      "value": "***MASKED***"
    },
    {
      "name": "fs.s3a.path.style.access",
      "value": "true"
    },
    {
      "name": "fs.s3a.connection.ssl.enabled",
      "value": "false"
    },
    {
      "name": "fs.s3a.endpoint.region",
      "value": "us-east-1"
    }
  ]
}
[2025-12-09T06:27:18.445+0000] {spark_read_mongo_dag.py:414} INFO - Creating new source
[2025-12-09T06:27:18.450+0000] {spark_read_mongo_dag.py:418} INFO - Response status: 400
[2025-12-09T06:27:18.451+0000] {spark_read_mongo_dag.py:441} INFO - Response error: {"errorMessage":"Invalid value found at: nessieUri","moreInfo":"","stackTrace":[]}
[2025-12-09T06:27:18.451+0000] {spark_read_mongo_dag.py:446} INFO - Validation error details: {
  "errorMessage": "Invalid value found at: nessieUri",
  "moreInfo": "",
  "stackTrace": []
}
[2025-12-09T06:27:18.452+0000] {spark_read_mongo_dag.py:389} INFO - === Trying approach 7/10: type=NESSIE ===
[2025-12-09T06:27:18.452+0000] {spark_read_mongo_dag.py:404} INFO - Attempt config (masked): {
  "defaultBranch": "main",
  "warehouse": "s3a://iceberg",
  "propertyList": [
    {
      "name": "nessie.uri",
      "value": "http://nessie:19120/api/v2"
    },
    {
      "name": "fs.s3a.endpoint",
      "value": "minio:9000"
    },
    {
      "name": "fs.s3a.access.key",
      "value": "***MASKED***"
    },
    {
      "name": "fs.s3a.secret.key",
      "value": "***MASKED***"
    },
    {
      "name": "fs.s3a.path.style.access",
      "value": "true"
    },
    {
      "name": "fs.s3a.connection.ssl.enabled",
      "value": "false"
    }
  ]
}
[2025-12-09T06:27:18.453+0000] {spark_read_mongo_dag.py:414} INFO - Creating new source
[2025-12-09T06:27:18.458+0000] {spark_read_mongo_dag.py:418} INFO - Response status: 400
[2025-12-09T06:27:18.459+0000] {spark_read_mongo_dag.py:441} INFO - Response error: {"errorMessage":"Invalid value found at: defaultBranch","moreInfo":"","stackTrace":[]}
[2025-12-09T06:27:18.459+0000] {spark_read_mongo_dag.py:446} INFO - Validation error details: {
  "errorMessage": "Invalid value found at: defaultBranch",
  "moreInfo": "",
  "stackTrace": []
}
[2025-12-09T06:27:18.460+0000] {spark_read_mongo_dag.py:389} INFO - === Trying approach 8/10: type=ARCTIC ===
[2025-12-09T06:27:18.460+0000] {spark_read_mongo_dag.py:404} INFO - Attempt config (masked): {
  "nessieUri": "http://nessie:19120/api/v2",
  "defaultBranch": "main",
  "warehouse": "s3a://iceberg",
  "propertyList": [
    {
      "name": "fs.s3a.endpoint",
      "value": "minio:9000"
    },
    {
      "name": "fs.s3a.access.key",
      "value": "***MASKED***"
    },
    {
      "name": "fs.s3a.secret.key",
      "value": "***MASKED***"
    },
    {
      "name": "fs.s3a.path.style.access",
      "value": "true"
    },
    {
      "name": "fs.s3a.connection.ssl.enabled",
      "value": "false"
    }
  ]
}
[2025-12-09T06:27:18.461+0000] {spark_read_mongo_dag.py:414} INFO - Creating new source
[2025-12-09T06:27:18.466+0000] {spark_read_mongo_dag.py:418} INFO - Response status: 400
[2025-12-09T06:27:18.467+0000] {spark_read_mongo_dag.py:441} INFO - Response error: {"errorMessage":"Invalid value","moreInfo":"","stackTrace":[]}
[2025-12-09T06:27:18.467+0000] {spark_read_mongo_dag.py:446} INFO - Validation error details: {
  "errorMessage": "Invalid value",
  "moreInfo": "",
  "stackTrace": []
}
[2025-12-09T06:27:18.468+0000] {spark_read_mongo_dag.py:389} INFO - === Trying approach 9/10: type=DATA_LAKE ===
[2025-12-09T06:27:18.468+0000] {spark_read_mongo_dag.py:404} INFO - Attempt config (masked): {
  "rootPath": "s3a://iceberg",
  "propertyList": [
    {
      "name": "fs.s3a.endpoint",
      "value": "minio:9000"
    },
    {
      "name": "fs.s3a.access.key",
      "value": "***MASKED***"
    },
    {
      "name": "fs.s3a.secret.key",
      "value": "***MASKED***"
    },
    {
      "name": "fs.s3a.path.style.access",
      "value": "true"
    },
    {
      "name": "fs.s3a.connection.ssl.enabled",
      "value": "false"
    },
    {
      "name": "iceberg.catalog.type",
      "value": "nessie"
    },
    {
      "name": "iceberg.catalog.uri",
      "value": "http://nessie:19120/api/v2"
    },
    {
      "name": "iceberg.catalog.ref",
      "value": "main"
    }
  ]
}
[2025-12-09T06:27:18.469+0000] {spark_read_mongo_dag.py:414} INFO - Creating new source
[2025-12-09T06:27:18.474+0000] {spark_read_mongo_dag.py:418} INFO - Response status: 400
[2025-12-09T06:27:18.475+0000] {spark_read_mongo_dag.py:441} INFO - Response error: {"errorMessage":"Invalid value","moreInfo":"","stackTrace":[]}
[2025-12-09T06:27:18.476+0000] {spark_read_mongo_dag.py:446} INFO - Validation error details: {
  "errorMessage": "Invalid value",
  "moreInfo": "",
  "stackTrace": []
}
[2025-12-09T06:27:18.476+0000] {spark_read_mongo_dag.py:389} INFO - === Trying approach 10/10: type=HIVE ===
[2025-12-09T06:27:18.477+0000] {spark_read_mongo_dag.py:404} INFO - Attempt config (masked): {
  "propertyList": [
    {
      "name": "fs.s3a.endpoint",
      "value": "minio:9000"
    },
    {
      "name": "fs.s3a.access.key",
      "value": "***MASKED***"
    },
    {
      "name": "fs.s3a.secret.key",
      "value": "***MASKED***"
    },
    {
      "name": "fs.s3a.path.style.access",
      "value": "true"
    },
    {
      "name": "fs.s3a.connection.ssl.enabled",
      "value": "false"
    },
    {
      "name": "iceberg.enabled",
      "value": "true"
    },
    {
      "name": "iceberg.catalog.type",
      "value": "nessie"
    },
    {
      "name": "iceberg.catalog.uri",
      "value": "http://nessie:19120/api/v2"
    },
    {
      "name": "iceberg.catalog.warehouse",
      "value": "s3a://iceberg"
    },
    {
      "name": "iceberg.catalog.ref",
      "value": "main"
    }
  ]
}
[2025-12-09T06:27:18.477+0000] {spark_read_mongo_dag.py:414} INFO - Creating new source
[2025-12-09T06:27:18.484+0000] {spark_read_mongo_dag.py:418} INFO - Response status: 409
[2025-12-09T06:27:18.485+0000] {spark_read_mongo_dag.py:437} WARNING - Source already exists
[2025-12-09T06:27:18.485+0000] {python.py:237} INFO - Done. Returned value was: {'status': 'exists', 'message': 'Source already exists'}
[2025-12-09T06:27:18.486+0000] {taskinstance.py:441} INFO - ::group::Post task execution logs
[2025-12-09T06:27:18.560+0000] {taskinstance.py:1206} INFO - Marking task as SUCCESS. dag_id=mongo_iceberg_dremio_dagg, task_id=configure_dremio_source, run_id=manual__2025-12-09T06:26:40.281404+00:00, execution_date=20251209T062640, start_date=20251209T062717, end_date=20251209T062718
[2025-12-09T06:27:18.618+0000] {local_task_job_runner.py:240} INFO - Task exited with return code 0
[2025-12-09T06:27:18.645+0000] {taskinstance.py:3503} INFO - 1 downstream tasks scheduled from follow-on schedule check
[2025-12-09T06:27:18.715+0000] {local_task_job_runner.py:222} INFO - ::endgroup::
