[2025-12-08T12:11:16.581+0000] {local_task_job_runner.py:120} INFO - ::group::Pre task execution logs
[2025-12-08T12:11:16.620+0000] {taskinstance.py:2076} INFO - Dependencies all met for dep_context=non-requeueable deps ti=<TaskInstance: mongo_iceberg_dremio_dagg.query_dremio_tables manual__2025-12-08T12:10:15.837316+00:00 [queued]>
[2025-12-08T12:11:16.633+0000] {taskinstance.py:2076} INFO - Dependencies all met for dep_context=requeueable deps ti=<TaskInstance: mongo_iceberg_dremio_dagg.query_dremio_tables manual__2025-12-08T12:10:15.837316+00:00 [queued]>
[2025-12-08T12:11:16.634+0000] {taskinstance.py:2306} INFO - Starting attempt 1 of 2
[2025-12-08T12:11:16.678+0000] {taskinstance.py:2330} INFO - Executing <Task(PythonOperator): query_dremio_tables> on 2025-12-08 12:10:15.837316+00:00
[2025-12-08T12:11:16.686+0000] {standard_task_runner.py:63} INFO - Started process 1511 to run task
[2025-12-08T12:11:16.691+0000] {standard_task_runner.py:90} INFO - Running: ['***', 'tasks', 'run', 'mongo_iceberg_dremio_dagg', 'query_dremio_tables', 'manual__2025-12-08T12:10:15.837316+00:00', '--job-id', '142', '--raw', '--subdir', 'DAGS_FOLDER/spark_read_mongo_dag.py', '--cfg-path', '/tmp/tmp4y9m987w']
[2025-12-08T12:11:16.695+0000] {standard_task_runner.py:91} INFO - Job 142: Subtask query_dremio_tables
[2025-12-08T12:11:16.820+0000] {task_command.py:426} INFO - Running <TaskInstance: mongo_iceberg_dremio_dagg.query_dremio_tables manual__2025-12-08T12:10:15.837316+00:00 [running]> on host d8c44c1d4518
[2025-12-08T12:11:17.022+0000] {taskinstance.py:2648} INFO - Exporting env vars: AIRFLOW_CTX_DAG_OWNER='deeku' AIRFLOW_CTX_DAG_ID='mongo_iceberg_dremio_dagg' AIRFLOW_CTX_TASK_ID='query_dremio_tables' AIRFLOW_CTX_EXECUTION_DATE='2025-12-08T12:10:15.837316+00:00' AIRFLOW_CTX_TRY_NUMBER='1' AIRFLOW_CTX_DAG_RUN_ID='manual__2025-12-08T12:10:15.837316+00:00'
[2025-12-08T12:11:17.023+0000] {taskinstance.py:430} INFO - ::endgroup::
[2025-12-08T12:11:17.034+0000] {spark_read_mongo_dag.py:559} INFO - === Querying Dremio Tables ===
[2025-12-08T12:11:17.035+0000] {spark_read_mongo_dag.py:582} INFO - Executing query: SHOW SCHEMAS IN "iceberg"
[2025-12-08T12:11:17.109+0000] {spark_read_mongo_dag.py:500} INFO - Submitting query to Dremio: SHOW SCHEMAS IN "iceberg"
[2025-12-08T12:11:17.158+0000] {spark_read_mongo_dag.py:508} INFO - Dremio job started: 16c93f99-a163-2780-ec63-64d7c0579600
[2025-12-08T12:11:47.511+0000] {spark_read_mongo_dag.py:548} ERROR - Error executing Dremio query: Timed out waiting for Dremio job 16c93f99-a163-2780-ec63-64d7c0579600 to finish after 30 seconds
[2025-12-08T12:11:47.512+0000] {spark_read_mongo_dag.py:615} WARNING - Query timed out: SHOW SCHEMAS IN "iceberg"
[2025-12-08T12:11:47.515+0000] {spark_read_mongo_dag.py:582} INFO - Executing query: SHOW TABLES IN "iceberg"
[2025-12-08T12:11:47.629+0000] {spark_read_mongo_dag.py:500} INFO - Submitting query to Dremio: SHOW TABLES IN "iceberg"
[2025-12-08T12:11:47.647+0000] {spark_read_mongo_dag.py:508} INFO - Dremio job started: 16c93f7b-8d34-11bb-dea3-336039e27a00
[2025-12-08T12:12:17.935+0000] {spark_read_mongo_dag.py:548} ERROR - Error executing Dremio query: Timed out waiting for Dremio job 16c93f7b-8d34-11bb-dea3-336039e27a00 to finish after 30 seconds
[2025-12-08T12:12:17.936+0000] {spark_read_mongo_dag.py:615} WARNING - Query timed out: SHOW TABLES IN "iceberg"
[2025-12-08T12:12:17.937+0000] {spark_read_mongo_dag.py:582} INFO - Executing query: SHOW TABLES IN "iceberg"."ai_segmentation"
[2025-12-08T12:12:18.019+0000] {spark_read_mongo_dag.py:500} INFO - Submitting query to Dremio: SHOW TABLES IN "iceberg"."ai_segmentation"
[2025-12-08T12:12:18.042+0000] {spark_read_mongo_dag.py:508} INFO - Dremio job started: 16c93f5c-be3d-542b-a95e-f0658d74f400
[2025-12-08T12:12:48.308+0000] {spark_read_mongo_dag.py:548} ERROR - Error executing Dremio query: Timed out waiting for Dremio job 16c93f5c-be3d-542b-a95e-f0658d74f400 to finish after 30 seconds
[2025-12-08T12:12:48.309+0000] {spark_read_mongo_dag.py:615} WARNING - Query timed out: SHOW TABLES IN "iceberg"."ai_segmentation"
[2025-12-08T12:12:48.310+0000] {spark_read_mongo_dag.py:582} INFO - Executing query: SELECT COUNT(*) as row_count FROM "iceberg"."ai_segmentation"."conversations"
[2025-12-08T12:12:48.390+0000] {spark_read_mongo_dag.py:500} INFO - Submitting query to Dremio: SELECT COUNT(*) as row_count FROM "iceberg"."ai_segmentation"."conversations"
[2025-12-08T12:12:48.406+0000] {spark_read_mongo_dag.py:508} INFO - Dremio job started: 16c93f3f-1caa-5d8b-1dbe-d5b2ffa9fe00
[2025-12-08T12:13:18.710+0000] {spark_read_mongo_dag.py:548} ERROR - Error executing Dremio query: Timed out waiting for Dremio job 16c93f3f-1caa-5d8b-1dbe-d5b2ffa9fe00 to finish after 30 seconds
[2025-12-08T12:13:18.713+0000] {spark_read_mongo_dag.py:615} WARNING - Query timed out: SELECT COUNT(*) as row_count FROM "iceberg"."ai_segmentation"."conversations"
[2025-12-08T12:13:18.716+0000] {spark_read_mongo_dag.py:582} INFO - Executing query: SELECT * FROM "iceberg"."ai_segmentation"."conversations" LIMIT 5
[2025-12-08T12:13:18.809+0000] {spark_read_mongo_dag.py:500} INFO - Submitting query to Dremio: SELECT * FROM "iceberg"."ai_segmentation"."conversations" LIMIT 5
[2025-12-08T12:13:18.828+0000] {spark_read_mongo_dag.py:508} INFO - Dremio job started: 16c93f20-e435-3002-5ae1-fd662cbf5600
[2025-12-08T12:13:49.100+0000] {spark_read_mongo_dag.py:548} ERROR - Error executing Dremio query: Timed out waiting for Dremio job 16c93f20-e435-3002-5ae1-fd662cbf5600 to finish after 30 seconds
[2025-12-08T12:13:49.101+0000] {spark_read_mongo_dag.py:615} WARNING - Query timed out: SELECT * FROM "iceberg"."ai_segmentation"."conversations" LIMIT 5
[2025-12-08T12:13:49.102+0000] {spark_read_mongo_dag.py:631} INFO - === All Query Attempts Summary ===
[2025-12-08T12:13:49.104+0000] {spark_read_mongo_dag.py:634} INFO - [✗] 1. SHOW SCHEMAS IN "iceberg"
[2025-12-08T12:13:49.107+0000] {spark_read_mongo_dag.py:636} INFO -    Error: Timeout
[2025-12-08T12:13:49.108+0000] {spark_read_mongo_dag.py:634} INFO - [✗] 2. SHOW TABLES IN "iceberg"
[2025-12-08T12:13:49.109+0000] {spark_read_mongo_dag.py:636} INFO -    Error: Timeout
[2025-12-08T12:13:49.109+0000] {spark_read_mongo_dag.py:634} INFO - [✗] 3. SHOW TABLES IN "iceberg"."ai_segmentation"
[2025-12-08T12:13:49.110+0000] {spark_read_mongo_dag.py:636} INFO -    Error: Timeout
[2025-12-08T12:13:49.111+0000] {spark_read_mongo_dag.py:634} INFO - [✗] 4. SELECT COUNT(*) as row_count FROM "iceberg"."ai_segmentation"."conversations"
[2025-12-08T12:13:49.111+0000] {spark_read_mongo_dag.py:636} INFO -    Error: Timeout
[2025-12-08T12:13:49.112+0000] {spark_read_mongo_dag.py:634} INFO - [✗] 5. SELECT * FROM "iceberg"."ai_segmentation"."conversations" LIMIT 5
[2025-12-08T12:13:49.113+0000] {spark_read_mongo_dag.py:636} INFO -    Error: Timeout
[2025-12-08T12:13:49.172+0000] {python.py:237} INFO - Done. Returned value was: {'status': 'partial_success', 'total_queries': 5, 'successful': 0, 'failed': 5, 'results': [{'query': 'SHOW SCHEMAS IN "iceberg"', 'success': False, 'error': 'Timeout', 'message': 'Timed out waiting for Dremio job 16c93f99-a163-2780-ec63-64d7c0579600 to finish after 30 seconds'}, {'query': 'SHOW TABLES IN "iceberg"', 'success': False, 'error': 'Timeout', 'message': 'Timed out waiting for Dremio job 16c93f7b-8d34-11bb-dea3-336039e27a00 to finish after 30 seconds'}, {'query': 'SHOW TABLES IN "iceberg"."ai_segmentation"', 'success': False, 'error': 'Timeout', 'message': 'Timed out waiting for Dremio job 16c93f5c-be3d-542b-a95e-f0658d74f400 to finish after 30 seconds'}, {'query': 'SELECT COUNT(*) as row_count FROM "iceberg"."ai_segmentation"."conversations"', 'success': False, 'error': 'Timeout', 'message': 'Timed out waiting for Dremio job 16c93f3f-1caa-5d8b-1dbe-d5b2ffa9fe00 to finish after 30 seconds'}, {'query': 'SELECT * FROM "iceberg"."ai_segmentation"."conversations" LIMIT 5', 'success': False, 'error': 'Timeout', 'message': 'Timed out waiting for Dremio job 16c93f20-e435-3002-5ae1-fd662cbf5600 to finish after 30 seconds'}]}
[2025-12-08T12:13:49.173+0000] {taskinstance.py:441} INFO - ::group::Post task execution logs
[2025-12-08T12:13:49.247+0000] {taskinstance.py:1206} INFO - Marking task as SUCCESS. dag_id=mongo_iceberg_dremio_dagg, task_id=query_dremio_tables, run_id=manual__2025-12-08T12:10:15.837316+00:00, execution_date=20251208T121015, start_date=20251208T121116, end_date=20251208T121349
[2025-12-08T12:13:49.326+0000] {local_task_job_runner.py:240} INFO - Task exited with return code 0
[2025-12-08T12:13:49.355+0000] {taskinstance.py:3503} INFO - 0 downstream tasks scheduled from follow-on schedule check
[2025-12-08T12:13:49.381+0000] {local_task_job_runner.py:222} INFO - ::endgroup::
