[2025-12-08T10:46:46.987+0000] {local_task_job_runner.py:120} INFO - ::group::Pre task execution logs
[2025-12-08T10:46:47.038+0000] {taskinstance.py:2076} INFO - Dependencies all met for dep_context=non-requeueable deps ti=<TaskInstance: mongo_iceberg_dremio_dag1.run_mongo_to_iceberg manual__2025-12-08T10:46:45.795117+00:00 [queued]>
[2025-12-08T10:46:47.046+0000] {taskinstance.py:2076} INFO - Dependencies all met for dep_context=requeueable deps ti=<TaskInstance: mongo_iceberg_dremio_dag1.run_mongo_to_iceberg manual__2025-12-08T10:46:45.795117+00:00 [queued]>
[2025-12-08T10:46:47.068+0000] {taskinstance.py:2306} INFO - Starting attempt 1 of 2
[2025-12-08T10:46:47.112+0000] {taskinstance.py:2330} INFO - Executing <Task(PythonOperator): run_mongo_to_iceberg> on 2025-12-08 10:46:45.795117+00:00
[2025-12-08T10:46:47.117+0000] {standard_task_runner.py:63} INFO - Started process 636 to run task
[2025-12-08T10:46:47.123+0000] {standard_task_runner.py:90} INFO - Running: ['***', 'tasks', 'run', 'mongo_iceberg_dremio_dag1', 'run_mongo_to_iceberg', 'manual__2025-12-08T10:46:45.795117+00:00', '--job-id', '119', '--raw', '--subdir', 'DAGS_FOLDER/spark_read_mongo_dag.py', '--cfg-path', '/tmp/tmpcthgnfk6']
[2025-12-08T10:46:47.127+0000] {standard_task_runner.py:91} INFO - Job 119: Subtask run_mongo_to_iceberg
[2025-12-08T10:46:47.276+0000] {task_command.py:426} INFO - Running <TaskInstance: mongo_iceberg_dremio_dag1.run_mongo_to_iceberg manual__2025-12-08T10:46:45.795117+00:00 [running]> on host b98eec3b5437
[2025-12-08T10:46:47.446+0000] {taskinstance.py:2648} INFO - Exporting env vars: AIRFLOW_CTX_DAG_OWNER='deeku' AIRFLOW_CTX_DAG_ID='mongo_iceberg_dremio_dag1' AIRFLOW_CTX_TASK_ID='run_mongo_to_iceberg' AIRFLOW_CTX_EXECUTION_DATE='2025-12-08T10:46:45.795117+00:00' AIRFLOW_CTX_TRY_NUMBER='1' AIRFLOW_CTX_DAG_RUN_ID='manual__2025-12-08T10:46:45.795117+00:00'
[2025-12-08T10:46:47.447+0000] {taskinstance.py:430} INFO - ::endgroup::
[2025-12-08T10:46:47.461+0000] {spark_read_mongo_dag.py:151} INFO - START run_spark_job
[2025-12-08T10:46:47.462+0000] {spark_read_mongo_dag.py:155} INFO - Checking path: /opt/***/spark_jobs/mongo_pyspark.py exists=True
[2025-12-08T10:46:47.463+0000] {spark_read_mongo_dag.py:155} INFO - Checking path: /opt/***/jars exists=True
[2025-12-08T10:46:47.465+0000] {spark_read_mongo_dag.py:161} INFO - Jar check: /opt/***/jars/mongo-spark-connector_2.12-10.1.1.jar exists=True size=156368
[2025-12-08T10:46:47.468+0000] {spark_read_mongo_dag.py:161} INFO - Jar check: /opt/***/jars/bson-4.11.2.jar exists=True size=511356
[2025-12-08T10:46:47.471+0000] {spark_read_mongo_dag.py:161} INFO - Jar check: /opt/***/jars/mongodb-driver-core-4.11.2.jar exists=True size=1670650
[2025-12-08T10:46:47.472+0000] {spark_read_mongo_dag.py:161} INFO - Jar check: /opt/***/jars/mongodb-driver-sync-4.11.2.jar exists=True size=151808
[2025-12-08T10:46:47.474+0000] {spark_read_mongo_dag.py:161} INFO - Jar check: /opt/***/jars/iceberg-spark-runtime-3.5_2.12-1.5.2.jar exists=True size=41604737
[2025-12-08T10:46:47.475+0000] {spark_read_mongo_dag.py:161} INFO - Jar check: /opt/***/jars/iceberg-nessie-1.5.2.jar exists=True size=44895
[2025-12-08T10:46:47.476+0000] {spark_read_mongo_dag.py:161} INFO - Jar check: /opt/***/jars/nessie-client-0.99.0.jar exists=True size=585165
[2025-12-08T10:46:47.478+0000] {spark_read_mongo_dag.py:161} INFO - Jar check: /opt/***/jars/nessie-spark-extensions-3.4_2.12-0.105.7.jar exists=True size=2294495
[2025-12-08T10:46:47.479+0000] {spark_read_mongo_dag.py:161} INFO - Jar check: /opt/***/jars/hadoop-aws-3.3.4.jar exists=True size=962685
[2025-12-08T10:46:47.481+0000] {spark_read_mongo_dag.py:161} INFO - Jar check: /opt/***/jars/aws-java-sdk-bundle-1.12.772.jar exists=True size=388405806
[2025-12-08T10:46:47.481+0000] {spark_read_mongo_dag.py:182} INFO - Running command: spark-submit --jars /opt/***/jars/mongo-spark-connector_2.12-10.1.1.jar,/opt/***/jars/bson-4.11.2.jar,/opt/***/jars/mongodb-driver-core-4.11.2.jar,/opt/***/jars/mongodb-driver-sync-4.11.2.jar,/opt/***/jars/iceberg-spark-runtime-3.5_2.12-1.5.2.jar,/opt/***/jars/iceberg-nessie-1.5.2.jar,/opt/***/jars/nessie-client-0.99.0.jar,/opt/***/jars/nessie-spark-extensions-3.4_2.12-0.105.7.jar,/opt/***/jars/hadoop-aws-3.3.4.jar,/opt/***/jars/aws-java-sdk-bundle-1.12.772.jar /opt/***/spark_jobs/mongo_pyspark.py
[2025-12-08T10:46:47.482+0000] {spark_read_mongo_dag.py:183} INFO - ICEBERG_WAREHOUSE=s3a://iceberg
[2025-12-08T10:46:47.483+0000] {spark_read_mongo_dag.py:184} INFO - NESSIE_URI=http://nessie:19120/api/v1
[2025-12-08T10:46:47.483+0000] {spark_read_mongo_dag.py:185} INFO - S3_ENDPOINT=http://minio:9000
[2025-12-08T10:48:38.230+0000] {spark_read_mongo_dag.py:190} INFO - Process finished. returncode=1
[2025-12-08T10:48:38.233+0000] {spark_read_mongo_dag.py:196} INFO - spark-submit stdout | 	at java.base/java.lang.reflect.Method.invoke(Method.java:569)
[2025-12-08T10:48:38.234+0000] {spark_read_mongo_dag.py:196} INFO - spark-submit stdout | 	at py4j.reflection.MethodInvoker.invoke(MethodInvoker.java:244)
[2025-12-08T10:48:38.234+0000] {spark_read_mongo_dag.py:196} INFO - spark-submit stdout | 	at py4j.reflection.ReflectionEngine.invoke(ReflectionEngine.java:374)
[2025-12-08T10:48:38.235+0000] {spark_read_mongo_dag.py:196} INFO - spark-submit stdout | 	at py4j.Gateway.invoke(Gateway.java:282)
[2025-12-08T10:48:38.236+0000] {spark_read_mongo_dag.py:196} INFO - spark-submit stdout | 	at py4j.commands.AbstractCommand.invokeMethod(AbstractCommand.java:132)
[2025-12-08T10:48:38.237+0000] {spark_read_mongo_dag.py:196} INFO - spark-submit stdout | 	at py4j.commands.CallCommand.execute(CallCommand.java:79)
[2025-12-08T10:48:38.237+0000] {spark_read_mongo_dag.py:196} INFO - spark-submit stdout | 	at py4j.ClientServerConnection.waitForCommands(ClientServerConnection.java:182)
[2025-12-08T10:48:38.238+0000] {spark_read_mongo_dag.py:196} INFO - spark-submit stdout | 	at py4j.ClientServerConnection.run(ClientServerConnection.java:106)
[2025-12-08T10:48:38.239+0000] {spark_read_mongo_dag.py:196} INFO - spark-submit stdout | 	at java.base/java.lang.Thread.run(Thread.java:840)
[2025-12-08T10:48:38.240+0000] {spark_read_mongo_dag.py:196} INFO - spark-submit stdout | Caused by: java.io.FileNotFoundException: No such file or directory: s3a://iceberg/ai_segmentation/conversations_875b2273-c72d-4f38-ba5b-40a6dac84ab9/metadata/00000-7c33496c-547e-4e9e-98a5-1429d92ca4b0.metadata.json
[2025-12-08T10:48:38.241+0000] {spark_read_mongo_dag.py:196} INFO - spark-submit stdout | 	at org.apache.hadoop.fs.s3a.S3AFileSystem.s3GetFileStatus(S3AFileSystem.java:3866)
[2025-12-08T10:48:38.241+0000] {spark_read_mongo_dag.py:196} INFO - spark-submit stdout | 	at org.apache.hadoop.fs.s3a.S3AFileSystem.innerGetFileStatus(S3AFileSystem.java:3688)
[2025-12-08T10:48:38.242+0000] {spark_read_mongo_dag.py:196} INFO - spark-submit stdout | 	at org.apache.hadoop.fs.s3a.S3AFileSystem.extractOrFetchSimpleFileStatus(S3AFileSystem.java:5401)
[2025-12-08T10:48:38.243+0000] {spark_read_mongo_dag.py:196} INFO - spark-submit stdout | 	at org.apache.hadoop.fs.s3a.S3AFileSystem.open(S3AFileSystem.java:1465)
[2025-12-08T10:48:38.243+0000] {spark_read_mongo_dag.py:196} INFO - spark-submit stdout | 	at org.apache.hadoop.fs.s3a.S3AFileSystem.open(S3AFileSystem.java:1441)
[2025-12-08T10:48:38.244+0000] {spark_read_mongo_dag.py:196} INFO - spark-submit stdout | 	at org.apache.hadoop.fs.FileSystem.open(FileSystem.java:976)
[2025-12-08T10:48:38.245+0000] {spark_read_mongo_dag.py:196} INFO - spark-submit stdout | 	at org.apache.iceberg.hadoop.HadoopInputFile.newStream(HadoopInputFile.java:183)
[2025-12-08T10:48:38.246+0000] {spark_read_mongo_dag.py:196} INFO - spark-submit stdout | 	... 63 more
[2025-12-08T10:48:38.247+0000] {spark_read_mongo_dag.py:196} INFO - spark-submit stdout | 
[2025-12-08T10:48:38.248+0000] {spark_read_mongo_dag.py:196} INFO - spark-submit stdout | 2025-12-08 10:48:36,111 INFO py4j.clientserver - Closing down clientserver connection
[2025-12-08T10:48:38.250+0000] {spark_read_mongo_dag.py:202} ERROR - spark-submit stderr | 25/12/08 10:48:35 INFO DAGScheduler: Job 6 finished: count at NativeMethodAccessorImpl.java:0, took 0.121218 s
[2025-12-08T10:48:38.251+0000] {spark_read_mongo_dag.py:202} ERROR - spark-submit stderr | 25/12/08 10:48:35 INFO FileSourceStrategy: Pushed Filters: 
[2025-12-08T10:48:38.252+0000] {spark_read_mongo_dag.py:202} ERROR - spark-submit stderr | 25/12/08 10:48:35 INFO FileSourceStrategy: Post-Scan Filters: 
[2025-12-08T10:48:38.253+0000] {spark_read_mongo_dag.py:202} ERROR - spark-submit stderr | 25/12/08 10:48:35 INFO BaseMetastoreTableOperations: Refreshing table metadata from new version: s3a://iceberg/ai_segmentation/conversations_875b2273-c72d-4f38-ba5b-40a6dac84ab9/metadata/00000-7c33496c-547e-4e9e-98a5-1429d92ca4b0.metadata.json
[2025-12-08T10:48:38.254+0000] {spark_read_mongo_dag.py:202} ERROR - spark-submit stderr | 25/12/08 10:48:36 INFO SparkContext: Invoking stop() from shutdown hook
[2025-12-08T10:48:38.255+0000] {spark_read_mongo_dag.py:202} ERROR - spark-submit stderr | 25/12/08 10:48:36 INFO SparkContext: SparkContext is stopping with exitCode 0.
[2025-12-08T10:48:38.256+0000] {spark_read_mongo_dag.py:202} ERROR - spark-submit stderr | 25/12/08 10:48:36 INFO SparkUI: Stopped Spark web UI at http://b98eec3b5437:4040
[2025-12-08T10:48:38.257+0000] {spark_read_mongo_dag.py:202} ERROR - spark-submit stderr | 25/12/08 10:48:36 INFO MapOutputTrackerMasterEndpoint: MapOutputTrackerMasterEndpoint stopped!
[2025-12-08T10:48:38.257+0000] {spark_read_mongo_dag.py:202} ERROR - spark-submit stderr | 25/12/08 10:48:37 INFO MemoryStore: MemoryStore cleared
[2025-12-08T10:48:38.258+0000] {spark_read_mongo_dag.py:202} ERROR - spark-submit stderr | 25/12/08 10:48:37 INFO BlockManager: BlockManager stopped
[2025-12-08T10:48:38.259+0000] {spark_read_mongo_dag.py:202} ERROR - spark-submit stderr | 25/12/08 10:48:37 INFO BlockManagerMaster: BlockManagerMaster stopped
[2025-12-08T10:48:38.260+0000] {spark_read_mongo_dag.py:202} ERROR - spark-submit stderr | 25/12/08 10:48:37 INFO OutputCommitCoordinator$OutputCommitCoordinatorEndpoint: OutputCommitCoordinator stopped!
[2025-12-08T10:48:38.261+0000] {spark_read_mongo_dag.py:202} ERROR - spark-submit stderr | 25/12/08 10:48:37 INFO SparkContext: Successfully stopped SparkContext
[2025-12-08T10:48:38.261+0000] {spark_read_mongo_dag.py:202} ERROR - spark-submit stderr | 25/12/08 10:48:37 INFO ShutdownHookManager: Shutdown hook called
[2025-12-08T10:48:38.262+0000] {spark_read_mongo_dag.py:202} ERROR - spark-submit stderr | 25/12/08 10:48:37 INFO ShutdownHookManager: Deleting directory /tmp/spark-6fb2ea6e-6d92-43d2-a086-d99b967ae4ad
[2025-12-08T10:48:38.263+0000] {spark_read_mongo_dag.py:202} ERROR - spark-submit stderr | 25/12/08 10:48:37 INFO ShutdownHookManager: Deleting directory /tmp/spark-c01e4340-eabf-4cf7-9473-98393dd823f8
[2025-12-08T10:48:38.264+0000] {spark_read_mongo_dag.py:202} ERROR - spark-submit stderr | 25/12/08 10:48:37 INFO ShutdownHookManager: Deleting directory /tmp/spark-c01e4340-eabf-4cf7-9473-98393dd823f8/pyspark-846fedb0-438b-4d09-b418-2d8fcc91b8a9
[2025-12-08T10:48:38.264+0000] {spark_read_mongo_dag.py:202} ERROR - spark-submit stderr | 25/12/08 10:48:37 INFO MetricsSystemImpl: Stopping s3a-file-system metrics system...
[2025-12-08T10:48:38.265+0000] {spark_read_mongo_dag.py:202} ERROR - spark-submit stderr | 25/12/08 10:48:37 INFO MetricsSystemImpl: s3a-file-system metrics system stopped.
[2025-12-08T10:48:38.266+0000] {spark_read_mongo_dag.py:202} ERROR - spark-submit stderr | 25/12/08 10:48:37 INFO MetricsSystemImpl: s3a-file-system metrics system shutdown complete.
[2025-12-08T10:48:38.308+0000] {spark_read_mongo_dag.py:212} ERROR - Exception in run_spark_job: spark-submit failed with exit 1
[2025-12-08T10:48:38.309+0000] {spark_read_mongo_dag.py:213} ERROR - Traceback:
Traceback (most recent call last):
  File "/opt/***/dags/spark_read_mongo_dag.py", line 205, in run_spark_job
    raise RuntimeError(
RuntimeError: spark-submit failed with exit 1

[2025-12-08T10:48:38.310+0000] {taskinstance.py:441} INFO - ::group::Post task execution logs
[2025-12-08T10:48:38.311+0000] {taskinstance.py:2905} ERROR - Task failed with exception
Traceback (most recent call last):
  File "/home/airflow/.local/lib/python3.9/site-packages/airflow/models/taskinstance.py", line 465, in _execute_task
    result = _execute_callable(context=context, **execute_callable_kwargs)
  File "/home/airflow/.local/lib/python3.9/site-packages/airflow/models/taskinstance.py", line 432, in _execute_callable
    return execute_callable(context=context, **execute_callable_kwargs)
  File "/home/airflow/.local/lib/python3.9/site-packages/airflow/models/baseoperator.py", line 401, in wrapper
    return func(self, *args, **kwargs)
  File "/home/airflow/.local/lib/python3.9/site-packages/airflow/operators/python.py", line 235, in execute
    return_value = self.execute_callable()
  File "/home/airflow/.local/lib/python3.9/site-packages/airflow/operators/python.py", line 252, in execute_callable
    return self.python_callable(*self.op_args, **self.op_kwargs)
  File "/opt/airflow/dags/spark_read_mongo_dag.py", line 205, in run_spark_job
    raise RuntimeError(
RuntimeError: spark-submit failed with exit 1
[2025-12-08T10:48:38.944+0000] {taskinstance.py:1206} INFO - Marking task as UP_FOR_RETRY. dag_id=mongo_iceberg_dremio_dag1, task_id=run_mongo_to_iceberg, run_id=manual__2025-12-08T10:46:45.795117+00:00, execution_date=20251208T104645, start_date=20251208T104647, end_date=20251208T104838
[2025-12-08T10:48:39.210+0000] {standard_task_runner.py:110} ERROR - Failed to execute job 119 for task run_mongo_to_iceberg (spark-submit failed with exit 1; 636)
[2025-12-08T10:48:39.228+0000] {local_task_job_runner.py:240} INFO - Task exited with return code 1
[2025-12-08T10:48:39.862+0000] {taskinstance.py:3503} INFO - 0 downstream tasks scheduled from follow-on schedule check
[2025-12-08T10:48:39.959+0000] {local_task_job_runner.py:222} INFO - ::endgroup::
