[2025-12-06T07:05:39.598+0000] {local_task_job_runner.py:120} INFO - ::group::Pre task execution logs
[2025-12-06T07:05:40.540+0000] {taskinstance.py:2076} INFO - Dependencies all met for dep_context=non-requeueable deps ti=<TaskInstance: mongo_iceberg_dremio_dag.configure_dremio_source manual__2025-12-06T07:04:58.838152+00:00 [queued]>
[2025-12-06T07:05:40.583+0000] {taskinstance.py:2076} INFO - Dependencies all met for dep_context=requeueable deps ti=<TaskInstance: mongo_iceberg_dremio_dag.configure_dremio_source manual__2025-12-06T07:04:58.838152+00:00 [queued]>
[2025-12-06T07:05:40.585+0000] {taskinstance.py:2306} INFO - Starting attempt 1 of 1
[2025-12-06T07:05:41.018+0000] {taskinstance.py:2330} INFO - Executing <Task(PythonOperator): configure_dremio_source> on 2025-12-06 07:04:58.838152+00:00
[2025-12-06T07:05:41.024+0000] {standard_task_runner.py:63} INFO - Started process 879 to run task
[2025-12-06T07:05:41.028+0000] {standard_task_runner.py:90} INFO - Running: ['***', 'tasks', 'run', 'mongo_iceberg_dremio_dag', 'configure_dremio_source', 'manual__2025-12-06T07:04:58.838152+00:00', '--job-id', '46', '--raw', '--subdir', 'DAGS_FOLDER/spark_read_mongo_dag.py', '--cfg-path', '/tmp/tmpgiop2pzu']
[2025-12-06T07:05:41.032+0000] {standard_task_runner.py:91} INFO - Job 46: Subtask configure_dremio_source
[2025-12-06T07:05:41.211+0000] {task_command.py:426} INFO - Running <TaskInstance: mongo_iceberg_dremio_dag.configure_dremio_source manual__2025-12-06T07:04:58.838152+00:00 [running]> on host 895e81bfa4e0
[2025-12-06T07:05:41.906+0000] {taskinstance.py:2648} INFO - Exporting env vars: AIRFLOW_CTX_DAG_OWNER='deeku' AIRFLOW_CTX_DAG_ID='mongo_iceberg_dremio_dag' AIRFLOW_CTX_TASK_ID='configure_dremio_source' AIRFLOW_CTX_EXECUTION_DATE='2025-12-06T07:04:58.838152+00:00' AIRFLOW_CTX_TRY_NUMBER='1' AIRFLOW_CTX_DAG_RUN_ID='manual__2025-12-06T07:04:58.838152+00:00'
[2025-12-06T07:05:41.908+0000] {taskinstance.py:430} INFO - ::endgroup::
[2025-12-06T07:05:41.997+0000] {spark_read_mongo_dag.py:245} INFO - create_dremio_iceberg_source: start
[2025-12-06T07:05:41.997+0000] {spark_read_mongo_dag.py:286} INFO - Nessie probe & host only base: host_only=http://nessie:19120, candidates=['http://nessie:19120/api/v2', 'http://nessie:19120/api/v2/', 'http://nessie:19120/api/v2/trees', 'http://nessie:19120/api/v2/trees/', 'http://nessie:19120/api/v2/refs', 'http://nessie:19120/api/v2/refs/', 'http://nessie:19120', 'http://nessie:19120/']
[2025-12-06T07:05:42.006+0000] {spark_read_mongo_dag.py:292} INFO - Probe http://nessie:19120/api/v2 -> status=404
[2025-12-06T07:05:42.013+0000] {spark_read_mongo_dag.py:292} INFO - Probe http://nessie:19120/api/v2/ -> status=404
[2025-12-06T07:05:42.022+0000] {spark_read_mongo_dag.py:292} INFO - Probe http://nessie:19120/api/v2/trees -> status=200
[2025-12-06T07:05:42.030+0000] {spark_read_mongo_dag.py:292} INFO - Probe http://nessie:19120/api/v2/trees/ -> status=200
[2025-12-06T07:05:42.037+0000] {spark_read_mongo_dag.py:292} INFO - Probe http://nessie:19120/api/v2/refs -> status=404
[2025-12-06T07:05:42.051+0000] {spark_read_mongo_dag.py:292} INFO - Probe http://nessie:19120/api/v2/refs/ -> status=404
[2025-12-06T07:05:42.064+0000] {spark_read_mongo_dag.py:292} INFO - Probe http://nessie:19120 -> status=200
[2025-12-06T07:05:42.071+0000] {spark_read_mongo_dag.py:292} INFO - Probe http://nessie:19120/ -> status=200
[2025-12-06T07:05:42.182+0000] {spark_read_mongo_dag.py:332} INFO - Dremio source exists? False
[2025-12-06T07:05:42.266+0000] {spark_read_mongo_dag.py:358} INFO - Attempt POST create nessieUri=http://nessie:19120/api/v2
[2025-12-06T07:05:42.273+0000] {spark_read_mongo_dag.py:365} INFO - Dremio response for candidate http://nessie:19120/api/v2: status=400 body={"errorMessage":"Invalid value found at: defaultBranch","moreInfo":"","stackTrace":[]}
[2025-12-06T07:05:42.274+0000] {spark_read_mongo_dag.py:393} WARNING - Unexpected response for candidate http://nessie:19120/api/v2: {"errorMessage":"Invalid value found at: defaultBranch","moreInfo":"","stackTrace":[]}
[2025-12-06T07:05:42.274+0000] {spark_read_mongo_dag.py:358} INFO - Attempt POST create nessieUri=http://nessie:19120/api/v2/
[2025-12-06T07:05:42.281+0000] {spark_read_mongo_dag.py:365} INFO - Dremio response for candidate http://nessie:19120/api/v2/: status=400 body={"errorMessage":"Invalid value found at: defaultBranch","moreInfo":"","stackTrace":[]}
[2025-12-06T07:05:42.282+0000] {spark_read_mongo_dag.py:393} WARNING - Unexpected response for candidate http://nessie:19120/api/v2/: {"errorMessage":"Invalid value found at: defaultBranch","moreInfo":"","stackTrace":[]}
[2025-12-06T07:05:42.283+0000] {spark_read_mongo_dag.py:358} INFO - Attempt POST create nessieUri=http://nessie:19120/api/v2/trees
[2025-12-06T07:05:42.353+0000] {spark_read_mongo_dag.py:365} INFO - Dremio response for candidate http://nessie:19120/api/v2/trees: status=400 body={"errorMessage":"Invalid value found at: defaultBranch","moreInfo":"","stackTrace":[]}
[2025-12-06T07:05:42.355+0000] {spark_read_mongo_dag.py:393} WARNING - Unexpected response for candidate http://nessie:19120/api/v2/trees: {"errorMessage":"Invalid value found at: defaultBranch","moreInfo":"","stackTrace":[]}
[2025-12-06T07:05:42.356+0000] {spark_read_mongo_dag.py:358} INFO - Attempt POST create nessieUri=http://nessie:19120/api/v2/trees/
[2025-12-06T07:05:42.367+0000] {spark_read_mongo_dag.py:365} INFO - Dremio response for candidate http://nessie:19120/api/v2/trees/: status=400 body={"errorMessage":"Invalid value found at: defaultBranch","moreInfo":"","stackTrace":[]}
[2025-12-06T07:05:42.368+0000] {spark_read_mongo_dag.py:393} WARNING - Unexpected response for candidate http://nessie:19120/api/v2/trees/: {"errorMessage":"Invalid value found at: defaultBranch","moreInfo":"","stackTrace":[]}
[2025-12-06T07:05:42.368+0000] {spark_read_mongo_dag.py:358} INFO - Attempt POST create nessieUri=http://nessie:19120/api/v2/refs
[2025-12-06T07:05:42.376+0000] {spark_read_mongo_dag.py:365} INFO - Dremio response for candidate http://nessie:19120/api/v2/refs: status=400 body={"errorMessage":"Invalid value found at: defaultBranch","moreInfo":"","stackTrace":[]}
[2025-12-06T07:05:42.377+0000] {spark_read_mongo_dag.py:393} WARNING - Unexpected response for candidate http://nessie:19120/api/v2/refs: {"errorMessage":"Invalid value found at: defaultBranch","moreInfo":"","stackTrace":[]}
[2025-12-06T07:05:42.378+0000] {spark_read_mongo_dag.py:358} INFO - Attempt POST create nessieUri=http://nessie:19120/api/v2/refs/
[2025-12-06T07:05:42.386+0000] {spark_read_mongo_dag.py:365} INFO - Dremio response for candidate http://nessie:19120/api/v2/refs/: status=400 body={"errorMessage":"Invalid value found at: defaultBranch","moreInfo":"","stackTrace":[]}
[2025-12-06T07:05:42.386+0000] {spark_read_mongo_dag.py:393} WARNING - Unexpected response for candidate http://nessie:19120/api/v2/refs/: {"errorMessage":"Invalid value found at: defaultBranch","moreInfo":"","stackTrace":[]}
[2025-12-06T07:05:42.387+0000] {spark_read_mongo_dag.py:358} INFO - Attempt POST create nessieUri=http://nessie:19120
[2025-12-06T07:05:42.395+0000] {spark_read_mongo_dag.py:365} INFO - Dremio response for candidate http://nessie:19120: status=400 body={"errorMessage":"Invalid value found at: defaultBranch","moreInfo":"","stackTrace":[]}
[2025-12-06T07:05:42.396+0000] {spark_read_mongo_dag.py:393} WARNING - Unexpected response for candidate http://nessie:19120: {"errorMessage":"Invalid value found at: defaultBranch","moreInfo":"","stackTrace":[]}
[2025-12-06T07:05:42.396+0000] {spark_read_mongo_dag.py:358} INFO - Attempt POST create nessieUri=http://nessie:19120/
[2025-12-06T07:05:42.405+0000] {spark_read_mongo_dag.py:365} INFO - Dremio response for candidate http://nessie:19120/: status=400 body={"errorMessage":"Invalid value found at: defaultBranch","moreInfo":"","stackTrace":[]}
[2025-12-06T07:05:42.406+0000] {spark_read_mongo_dag.py:393} WARNING - Unexpected response for candidate http://nessie:19120/: {"errorMessage":"Invalid value found at: defaultBranch","moreInfo":"","stackTrace":[]}
[2025-12-06T07:05:42.406+0000] {spark_read_mongo_dag.py:397} ERROR - Exhausted nessieUri candidates. Last error: status=400, body={"errorMessage":"Invalid value found at: defaultBranch","moreInfo":"","stackTrace":[]}
[2025-12-06T07:05:42.407+0000] {taskinstance.py:441} INFO - ::group::Post task execution logs
[2025-12-06T07:05:42.408+0000] {taskinstance.py:2905} ERROR - Task failed with exception
Traceback (most recent call last):
  File "/home/airflow/.local/lib/python3.9/site-packages/airflow/models/taskinstance.py", line 465, in _execute_task
    result = _execute_callable(context=context, **execute_callable_kwargs)
  File "/home/airflow/.local/lib/python3.9/site-packages/airflow/models/taskinstance.py", line 432, in _execute_callable
    return execute_callable(context=context, **execute_callable_kwargs)
  File "/home/airflow/.local/lib/python3.9/site-packages/airflow/models/baseoperator.py", line 401, in wrapper
    return func(self, *args, **kwargs)
  File "/home/airflow/.local/lib/python3.9/site-packages/airflow/operators/python.py", line 235, in execute
    return_value = self.execute_callable()
  File "/home/airflow/.local/lib/python3.9/site-packages/airflow/operators/python.py", line 252, in execute_callable
    return self.python_callable(*self.op_args, **self.op_kwargs)
  File "/opt/airflow/dags/spark_read_mongo_dag.py", line 398, in create_dremio_iceberg_source
    raise RuntimeError(f"Failed to create/update Dremio source (exhausted candidates). Last error: {last_error}")
RuntimeError: Failed to create/update Dremio source (exhausted candidates). Last error: status=400, body={"errorMessage":"Invalid value found at: defaultBranch","moreInfo":"","stackTrace":[]}
[2025-12-06T07:05:42.481+0000] {taskinstance.py:1206} INFO - Marking task as FAILED. dag_id=mongo_iceberg_dremio_dag, task_id=configure_dremio_source, run_id=manual__2025-12-06T07:04:58.838152+00:00, execution_date=20251206T070458, start_date=20251206T070540, end_date=20251206T070542
[2025-12-06T07:05:42.607+0000] {standard_task_runner.py:110} ERROR - Failed to execute job 46 for task configure_dremio_source (Failed to create/update Dremio source (exhausted candidates). Last error: status=400, body={"errorMessage":"Invalid value found at: defaultBranch","moreInfo":"","stackTrace":[]}; 879)
[2025-12-06T07:05:42.655+0000] {local_task_job_runner.py:240} INFO - Task exited with return code 1
[2025-12-06T07:05:42.673+0000] {local_task_job_runner.py:222} INFO - ::endgroup::
