[2025-12-05T09:20:49.752+0000] {local_task_job_runner.py:120} INFO - ::group::Pre task execution logs
[2025-12-05T09:20:49.804+0000] {taskinstance.py:2076} INFO - Dependencies all met for dep_context=non-requeueable deps ti=<TaskInstance: mongo_iceberg_dremio_dag.configure_dremio_source manual__2025-12-05T09:20:13.897966+00:00 [queued]>
[2025-12-05T09:20:49.813+0000] {taskinstance.py:2076} INFO - Dependencies all met for dep_context=requeueable deps ti=<TaskInstance: mongo_iceberg_dremio_dag.configure_dremio_source manual__2025-12-05T09:20:13.897966+00:00 [queued]>
[2025-12-05T09:20:49.838+0000] {taskinstance.py:2306} INFO - Starting attempt 1 of 1
[2025-12-05T09:20:49.922+0000] {taskinstance.py:2330} INFO - Executing <Task(PythonOperator): configure_dremio_source> on 2025-12-05 09:20:13.897966+00:00
[2025-12-05T09:20:49.932+0000] {standard_task_runner.py:63} INFO - Started process 5192 to run task
[2025-12-05T09:20:49.937+0000] {standard_task_runner.py:90} INFO - Running: ['***', 'tasks', 'run', 'mongo_iceberg_dremio_dag', 'configure_dremio_source', 'manual__2025-12-05T09:20:13.897966+00:00', '--job-id', '97', '--raw', '--subdir', 'DAGS_FOLDER/spark_read_mongo_dag.py', '--cfg-path', '/tmp/tmpngzhpk0f']
[2025-12-05T09:20:49.940+0000] {standard_task_runner.py:91} INFO - Job 97: Subtask configure_dremio_source
[2025-12-05T09:20:50.054+0000] {task_command.py:426} INFO - Running <TaskInstance: mongo_iceberg_dremio_dag.configure_dremio_source manual__2025-12-05T09:20:13.897966+00:00 [running]> on host 6cf8c91d6608
[2025-12-05T09:20:50.601+0000] {taskinstance.py:2648} INFO - Exporting env vars: AIRFLOW_CTX_DAG_OWNER='deeku' AIRFLOW_CTX_DAG_ID='mongo_iceberg_dremio_dag' AIRFLOW_CTX_TASK_ID='configure_dremio_source' AIRFLOW_CTX_EXECUTION_DATE='2025-12-05T09:20:13.897966+00:00' AIRFLOW_CTX_TRY_NUMBER='1' AIRFLOW_CTX_DAG_RUN_ID='manual__2025-12-05T09:20:13.897966+00:00'
[2025-12-05T09:20:50.604+0000] {taskinstance.py:430} INFO - ::endgroup::
[2025-12-05T09:20:50.719+0000] {spark_read_mongo_dag.py:255} INFO - Waiting for Nessie REST endpoint (trying ['http://nessie:19120/api/v2/trees/-', 'http://nessie:19120/api/v2/config']) ...
[2025-12-05T09:20:50.734+0000] {spark_read_mongo_dag.py:261} INFO - Probed Nessie http://nessie:19120/api/v2/trees/- -> HTTP 200
[2025-12-05T09:20:50.734+0000] {spark_read_mongo_dag.py:281} INFO - Nessie ready at http://nessie:19120/api/v2 (probe endpoint http://nessie:19120/api/v2/trees/-).
[2025-12-05T09:20:50.735+0000] {spark_read_mongo_dag.py:306} INFO - Creating Dremio source 'iceberg' with payload: {"entityType": "source", "name": "iceberg", "type": "RESTCATALOG", "config": {"restEndpointUri": "http://nessie:19120/api/v2", "propertyList": [{"name": "warehouse", "value": "s3a://iceberg/"}], "secretPropertyList": [{"name": "fs.s3a.access.key", "value": "minioadmin"}, {"name": "fs.s3a.secret.key", "value": "minioadmin123"}], "isUsingVendedCredentials": false, "enableAsync": true, "isCachingEnabled": true, "isRecursiveAllowedNamespaces": true}}
[2025-12-05T09:20:50.815+0000] {spark_read_mongo_dag.py:310} INFO - Dremio responded status=400 body={"errorMessage":"An invalid value was found: RESTCATALOG","moreInfo":"","stackTrace":[]}
[2025-12-05T09:20:50.847+0000] {spark_read_mongo_dag.py:327} ERROR - Failed to create Dremio source. status=400 body={"errorMessage":"An invalid value was found: RESTCATALOG","moreInfo":"","stackTrace":[]}
[2025-12-05T09:20:50.847+0000] {spark_read_mongo_dag.py:332} ERROR - Exception while creating Dremio source: Dremio source creation failed status=400 body={"errorMessage":"An invalid value was found: RESTCATALOG","moreInfo":"","stackTrace":[]}
Traceback (most recent call last):
  File "/opt/airflow/dags/spark_read_mongo_dag.py", line 329, in create_dremio_iceberg_source
    raise RuntimeError(f"Dremio source creation failed status={r.status_code} body={r.text}")
RuntimeError: Dremio source creation failed status=400 body={"errorMessage":"An invalid value was found: RESTCATALOG","moreInfo":"","stackTrace":[]}
[2025-12-05T09:20:50.853+0000] {taskinstance.py:441} INFO - ::group::Post task execution logs
[2025-12-05T09:20:50.853+0000] {taskinstance.py:2905} ERROR - Task failed with exception
Traceback (most recent call last):
  File "/home/airflow/.local/lib/python3.9/site-packages/airflow/models/taskinstance.py", line 465, in _execute_task
    result = _execute_callable(context=context, **execute_callable_kwargs)
  File "/home/airflow/.local/lib/python3.9/site-packages/airflow/models/taskinstance.py", line 432, in _execute_callable
    return execute_callable(context=context, **execute_callable_kwargs)
  File "/home/airflow/.local/lib/python3.9/site-packages/airflow/models/baseoperator.py", line 401, in wrapper
    return func(self, *args, **kwargs)
  File "/home/airflow/.local/lib/python3.9/site-packages/airflow/operators/python.py", line 235, in execute
    return_value = self.execute_callable()
  File "/home/airflow/.local/lib/python3.9/site-packages/airflow/operators/python.py", line 252, in execute_callable
    return self.python_callable(*self.op_args, **self.op_kwargs)
  File "/opt/airflow/dags/spark_read_mongo_dag.py", line 329, in create_dremio_iceberg_source
    raise RuntimeError(f"Dremio source creation failed status={r.status_code} body={r.text}")
RuntimeError: Dremio source creation failed status=400 body={"errorMessage":"An invalid value was found: RESTCATALOG","moreInfo":"","stackTrace":[]}
[2025-12-05T09:20:50.869+0000] {taskinstance.py:1206} INFO - Marking task as FAILED. dag_id=mongo_iceberg_dremio_dag, task_id=configure_dremio_source, run_id=manual__2025-12-05T09:20:13.897966+00:00, execution_date=20251205T092013, start_date=20251205T092049, end_date=20251205T092050
[2025-12-05T09:20:50.919+0000] {standard_task_runner.py:110} ERROR - Failed to execute job 97 for task configure_dremio_source (Dremio source creation failed status=400 body={"errorMessage":"An invalid value was found: RESTCATALOG","moreInfo":"","stackTrace":[]}; 5192)
[2025-12-05T09:20:50.955+0000] {local_task_job_runner.py:240} INFO - Task exited with return code 1
[2025-12-05T09:20:50.989+0000] {taskinstance.py:3503} INFO - 0 downstream tasks scheduled from follow-on schedule check
[2025-12-05T09:20:51.019+0000] {local_task_job_runner.py:222} INFO - ::endgroup::
