[2025-12-05T05:03:04.077+0000] {processor.py:161} INFO - Started process (PID=173) to work on /opt/airflow/dags/basic_dag.py
[2025-12-05T05:03:04.079+0000] {processor.py:830} INFO - Processing file /opt/airflow/dags/basic_dag.py for tasks to queue
[2025-12-05T05:03:04.081+0000] {logging_mixin.py:188} INFO - [2025-12-05T05:03:04.081+0000] {dagbag.py:545} INFO - Filling up the DagBag from /opt/airflow/dags/basic_dag.py
[2025-12-05T05:03:04.113+0000] {processor.py:840} INFO - DAG(s) 'basic_test_dag' retrieved from /opt/airflow/dags/basic_dag.py
[2025-12-05T05:03:04.310+0000] {logging_mixin.py:188} INFO - [2025-12-05T05:03:04.310+0000] {dag.py:3096} INFO - Sync 1 DAGs
[2025-12-05T05:03:04.367+0000] {logging_mixin.py:188} INFO - [2025-12-05T05:03:04.367+0000] {dag.py:3954} INFO - Setting next_dagrun for basic_test_dag to 2025-12-04 00:00:00+00:00, run_after=2025-12-05 00:00:00+00:00
[2025-12-05T05:03:05.195+0000] {processor.py:183} INFO - Processing /opt/airflow/dags/basic_dag.py took 1.131 seconds
[2025-12-05T05:03:35.369+0000] {processor.py:161} INFO - Started process (PID=190) to work on /opt/airflow/dags/basic_dag.py
[2025-12-05T05:03:35.372+0000] {processor.py:830} INFO - Processing file /opt/airflow/dags/basic_dag.py for tasks to queue
[2025-12-05T05:03:35.376+0000] {logging_mixin.py:188} INFO - [2025-12-05T05:03:35.375+0000] {dagbag.py:545} INFO - Filling up the DagBag from /opt/airflow/dags/basic_dag.py
[2025-12-05T05:03:35.404+0000] {processor.py:840} INFO - DAG(s) 'basic_test_dag' retrieved from /opt/airflow/dags/basic_dag.py
[2025-12-05T05:03:35.537+0000] {logging_mixin.py:188} INFO - [2025-12-05T05:03:35.537+0000] {dag.py:3096} INFO - Sync 1 DAGs
[2025-12-05T05:03:35.569+0000] {logging_mixin.py:188} INFO - [2025-12-05T05:03:35.569+0000] {dag.py:3954} INFO - Setting next_dagrun for basic_test_dag to 2025-12-04 00:00:00+00:00, run_after=2025-12-05 00:00:00+00:00
[2025-12-05T05:03:36.906+0000] {processor.py:183} INFO - Processing /opt/airflow/dags/basic_dag.py took 1.548 seconds
[2025-12-05T05:04:07.397+0000] {processor.py:161} INFO - Started process (PID=205) to work on /opt/airflow/dags/basic_dag.py
[2025-12-05T05:04:07.399+0000] {processor.py:830} INFO - Processing file /opt/airflow/dags/basic_dag.py for tasks to queue
[2025-12-05T05:04:07.401+0000] {logging_mixin.py:188} INFO - [2025-12-05T05:04:07.400+0000] {dagbag.py:545} INFO - Filling up the DagBag from /opt/airflow/dags/basic_dag.py
[2025-12-05T05:04:07.430+0000] {processor.py:840} INFO - DAG(s) 'basic_test_dag' retrieved from /opt/airflow/dags/basic_dag.py
[2025-12-05T05:04:07.500+0000] {logging_mixin.py:188} INFO - [2025-12-05T05:04:07.499+0000] {dag.py:3096} INFO - Sync 1 DAGs
[2025-12-05T05:04:07.539+0000] {logging_mixin.py:188} INFO - [2025-12-05T05:04:07.538+0000] {dag.py:3954} INFO - Setting next_dagrun for basic_test_dag to 2025-12-04 00:00:00+00:00, run_after=2025-12-05 00:00:00+00:00
[2025-12-05T05:04:07.724+0000] {processor.py:183} INFO - Processing /opt/airflow/dags/basic_dag.py took 0.338 seconds
[2025-12-05T05:04:38.050+0000] {processor.py:161} INFO - Started process (PID=220) to work on /opt/airflow/dags/basic_dag.py
[2025-12-05T05:04:38.052+0000] {processor.py:830} INFO - Processing file /opt/airflow/dags/basic_dag.py for tasks to queue
[2025-12-05T05:04:38.053+0000] {logging_mixin.py:188} INFO - [2025-12-05T05:04:38.053+0000] {dagbag.py:545} INFO - Filling up the DagBag from /opt/airflow/dags/basic_dag.py
[2025-12-05T05:04:38.087+0000] {processor.py:840} INFO - DAG(s) 'basic_test_dag' retrieved from /opt/airflow/dags/basic_dag.py
[2025-12-05T05:04:38.153+0000] {logging_mixin.py:188} INFO - [2025-12-05T05:04:38.153+0000] {dag.py:3096} INFO - Sync 1 DAGs
[2025-12-05T05:04:38.188+0000] {logging_mixin.py:188} INFO - [2025-12-05T05:04:38.187+0000] {dag.py:3954} INFO - Setting next_dagrun for basic_test_dag to 2025-12-04 00:00:00+00:00, run_after=2025-12-05 00:00:00+00:00
[2025-12-05T05:04:38.411+0000] {processor.py:183} INFO - Processing /opt/airflow/dags/basic_dag.py took 0.369 seconds
[2025-12-05T05:05:08.704+0000] {processor.py:161} INFO - Started process (PID=235) to work on /opt/airflow/dags/basic_dag.py
[2025-12-05T05:05:08.705+0000] {processor.py:830} INFO - Processing file /opt/airflow/dags/basic_dag.py for tasks to queue
[2025-12-05T05:05:08.705+0000] {logging_mixin.py:188} INFO - [2025-12-05T05:05:08.705+0000] {dagbag.py:545} INFO - Filling up the DagBag from /opt/airflow/dags/basic_dag.py
[2025-12-05T05:05:08.730+0000] {processor.py:840} INFO - DAG(s) 'basic_test_dag' retrieved from /opt/airflow/dags/basic_dag.py
[2025-12-05T05:05:08.761+0000] {logging_mixin.py:188} INFO - [2025-12-05T05:05:08.761+0000] {dag.py:3096} INFO - Sync 1 DAGs
[2025-12-05T05:05:08.782+0000] {logging_mixin.py:188} INFO - [2025-12-05T05:05:08.782+0000] {dag.py:3954} INFO - Setting next_dagrun for basic_test_dag to 2025-12-04 00:00:00+00:00, run_after=2025-12-05 00:00:00+00:00
[2025-12-05T05:05:08.938+0000] {processor.py:183} INFO - Processing /opt/airflow/dags/basic_dag.py took 0.246 seconds
[2025-12-05T05:05:39.322+0000] {processor.py:161} INFO - Started process (PID=250) to work on /opt/airflow/dags/basic_dag.py
[2025-12-05T05:05:39.324+0000] {processor.py:830} INFO - Processing file /opt/airflow/dags/basic_dag.py for tasks to queue
[2025-12-05T05:05:39.325+0000] {logging_mixin.py:188} INFO - [2025-12-05T05:05:39.324+0000] {dagbag.py:545} INFO - Filling up the DagBag from /opt/airflow/dags/basic_dag.py
[2025-12-05T05:05:39.348+0000] {processor.py:840} INFO - DAG(s) 'basic_test_dag' retrieved from /opt/airflow/dags/basic_dag.py
[2025-12-05T05:05:39.384+0000] {logging_mixin.py:188} INFO - [2025-12-05T05:05:39.383+0000] {dag.py:3096} INFO - Sync 1 DAGs
[2025-12-05T05:05:39.421+0000] {logging_mixin.py:188} INFO - [2025-12-05T05:05:39.420+0000] {dag.py:3954} INFO - Setting next_dagrun for basic_test_dag to 2025-12-04 00:00:00+00:00, run_after=2025-12-05 00:00:00+00:00
[2025-12-05T05:05:39.517+0000] {processor.py:183} INFO - Processing /opt/airflow/dags/basic_dag.py took 0.201 seconds
[2025-12-05T05:06:10.113+0000] {processor.py:161} INFO - Started process (PID=265) to work on /opt/airflow/dags/basic_dag.py
[2025-12-05T05:06:10.114+0000] {processor.py:830} INFO - Processing file /opt/airflow/dags/basic_dag.py for tasks to queue
[2025-12-05T05:06:10.115+0000] {logging_mixin.py:188} INFO - [2025-12-05T05:06:10.115+0000] {dagbag.py:545} INFO - Filling up the DagBag from /opt/airflow/dags/basic_dag.py
[2025-12-05T05:06:10.135+0000] {processor.py:840} INFO - DAG(s) 'basic_test_dag' retrieved from /opt/airflow/dags/basic_dag.py
[2025-12-05T05:06:10.179+0000] {logging_mixin.py:188} INFO - [2025-12-05T05:06:10.179+0000] {dag.py:3096} INFO - Sync 1 DAGs
[2025-12-05T05:06:10.228+0000] {logging_mixin.py:188} INFO - [2025-12-05T05:06:10.227+0000] {dag.py:3954} INFO - Setting next_dagrun for basic_test_dag to 2025-12-04 00:00:00+00:00, run_after=2025-12-05 00:00:00+00:00
[2025-12-05T05:06:10.311+0000] {processor.py:183} INFO - Processing /opt/airflow/dags/basic_dag.py took 0.205 seconds
[2025-12-05T05:06:40.654+0000] {processor.py:161} INFO - Started process (PID=280) to work on /opt/airflow/dags/basic_dag.py
[2025-12-05T05:06:40.656+0000] {processor.py:830} INFO - Processing file /opt/airflow/dags/basic_dag.py for tasks to queue
[2025-12-05T05:06:40.661+0000] {logging_mixin.py:188} INFO - [2025-12-05T05:06:40.660+0000] {dagbag.py:545} INFO - Filling up the DagBag from /opt/airflow/dags/basic_dag.py
[2025-12-05T05:06:40.717+0000] {processor.py:840} INFO - DAG(s) 'basic_test_dag' retrieved from /opt/airflow/dags/basic_dag.py
[2025-12-05T05:06:40.777+0000] {logging_mixin.py:188} INFO - [2025-12-05T05:06:40.776+0000] {dag.py:3096} INFO - Sync 1 DAGs
[2025-12-05T05:06:40.820+0000] {logging_mixin.py:188} INFO - [2025-12-05T05:06:40.820+0000] {dag.py:3954} INFO - Setting next_dagrun for basic_test_dag to 2025-12-04 00:00:00+00:00, run_after=2025-12-05 00:00:00+00:00
[2025-12-05T05:06:40.923+0000] {processor.py:183} INFO - Processing /opt/airflow/dags/basic_dag.py took 0.286 seconds
[2025-12-05T05:07:11.533+0000] {processor.py:161} INFO - Started process (PID=295) to work on /opt/airflow/dags/basic_dag.py
[2025-12-05T05:07:11.534+0000] {processor.py:830} INFO - Processing file /opt/airflow/dags/basic_dag.py for tasks to queue
[2025-12-05T05:07:11.535+0000] {logging_mixin.py:188} INFO - [2025-12-05T05:07:11.535+0000] {dagbag.py:545} INFO - Filling up the DagBag from /opt/airflow/dags/basic_dag.py
[2025-12-05T05:07:11.557+0000] {processor.py:840} INFO - DAG(s) 'basic_test_dag' retrieved from /opt/airflow/dags/basic_dag.py
[2025-12-05T05:07:11.589+0000] {logging_mixin.py:188} INFO - [2025-12-05T05:07:11.589+0000] {dag.py:3096} INFO - Sync 1 DAGs
[2025-12-05T05:07:11.613+0000] {logging_mixin.py:188} INFO - [2025-12-05T05:07:11.613+0000] {dag.py:3954} INFO - Setting next_dagrun for basic_test_dag to 2025-12-04 00:00:00+00:00, run_after=2025-12-05 00:00:00+00:00
[2025-12-05T05:07:11.708+0000] {processor.py:183} INFO - Processing /opt/airflow/dags/basic_dag.py took 0.183 seconds
[2025-12-05T05:07:42.087+0000] {processor.py:161} INFO - Started process (PID=310) to work on /opt/airflow/dags/basic_dag.py
[2025-12-05T05:07:42.088+0000] {processor.py:830} INFO - Processing file /opt/airflow/dags/basic_dag.py for tasks to queue
[2025-12-05T05:07:42.090+0000] {logging_mixin.py:188} INFO - [2025-12-05T05:07:42.090+0000] {dagbag.py:545} INFO - Filling up the DagBag from /opt/airflow/dags/basic_dag.py
[2025-12-05T05:07:42.116+0000] {processor.py:840} INFO - DAG(s) 'basic_test_dag' retrieved from /opt/airflow/dags/basic_dag.py
[2025-12-05T05:07:42.151+0000] {logging_mixin.py:188} INFO - [2025-12-05T05:07:42.151+0000] {dag.py:3096} INFO - Sync 1 DAGs
[2025-12-05T05:07:42.173+0000] {logging_mixin.py:188} INFO - [2025-12-05T05:07:42.172+0000] {dag.py:3954} INFO - Setting next_dagrun for basic_test_dag to 2025-12-04 00:00:00+00:00, run_after=2025-12-05 00:00:00+00:00
[2025-12-05T05:07:42.379+0000] {processor.py:183} INFO - Processing /opt/airflow/dags/basic_dag.py took 0.301 seconds
