[2025-12-05T05:03:03.716+0000] {processor.py:161} INFO - Started process (PID=165) to work on /opt/airflow/dags/spark_read_mongo_dag.py
[2025-12-05T05:03:03.717+0000] {processor.py:830} INFO - Processing file /opt/airflow/dags/spark_read_mongo_dag.py for tasks to queue
[2025-12-05T05:03:03.720+0000] {logging_mixin.py:188} INFO - [2025-12-05T05:03:03.720+0000] {dagbag.py:545} INFO - Filling up the DagBag from /opt/airflow/dags/spark_read_mongo_dag.py
[2025-12-05T05:03:03.774+0000] {processor.py:840} INFO - DAG(s) 'mongo_iceberg_dag1' retrieved from /opt/airflow/dags/spark_read_mongo_dag.py
[2025-12-05T05:03:03.841+0000] {logging_mixin.py:188} INFO - [2025-12-05T05:03:03.841+0000] {dag.py:3096} INFO - Sync 1 DAGs
[2025-12-05T05:03:03.885+0000] {logging_mixin.py:188} INFO - [2025-12-05T05:03:03.884+0000] {dag.py:3954} INFO - Setting next_dagrun for mongo_iceberg_dag1 to None, run_after=None
[2025-12-05T05:03:04.024+0000] {processor.py:183} INFO - Processing /opt/airflow/dags/spark_read_mongo_dag.py took 0.323 seconds
[2025-12-05T05:03:34.386+0000] {processor.py:161} INFO - Started process (PID=180) to work on /opt/airflow/dags/spark_read_mongo_dag.py
[2025-12-05T05:03:34.388+0000] {processor.py:830} INFO - Processing file /opt/airflow/dags/spark_read_mongo_dag.py for tasks to queue
[2025-12-05T05:03:34.391+0000] {logging_mixin.py:188} INFO - [2025-12-05T05:03:34.391+0000] {dagbag.py:545} INFO - Filling up the DagBag from /opt/airflow/dags/spark_read_mongo_dag.py
[2025-12-05T05:03:34.424+0000] {processor.py:840} INFO - DAG(s) 'mongo_iceberg_dag1' retrieved from /opt/airflow/dags/spark_read_mongo_dag.py
[2025-12-05T05:03:35.018+0000] {logging_mixin.py:188} INFO - [2025-12-05T05:03:35.018+0000] {dag.py:3096} INFO - Sync 1 DAGs
[2025-12-05T05:03:35.060+0000] {logging_mixin.py:188} INFO - [2025-12-05T05:03:35.060+0000] {dag.py:3954} INFO - Setting next_dagrun for mongo_iceberg_dag1 to None, run_after=None
[2025-12-05T05:03:35.240+0000] {processor.py:183} INFO - Processing /opt/airflow/dags/spark_read_mongo_dag.py took 0.870 seconds
[2025-12-05T05:04:06.129+0000] {processor.py:161} INFO - Started process (PID=195) to work on /opt/airflow/dags/spark_read_mongo_dag.py
[2025-12-05T05:04:06.131+0000] {processor.py:830} INFO - Processing file /opt/airflow/dags/spark_read_mongo_dag.py for tasks to queue
[2025-12-05T05:04:06.134+0000] {logging_mixin.py:188} INFO - [2025-12-05T05:04:06.133+0000] {dagbag.py:545} INFO - Filling up the DagBag from /opt/airflow/dags/spark_read_mongo_dag.py
[2025-12-05T05:04:06.165+0000] {processor.py:840} INFO - DAG(s) 'mongo_iceberg_dag1' retrieved from /opt/airflow/dags/spark_read_mongo_dag.py
[2025-12-05T05:04:06.213+0000] {logging_mixin.py:188} INFO - [2025-12-05T05:04:06.213+0000] {dag.py:3096} INFO - Sync 1 DAGs
[2025-12-05T05:04:06.230+0000] {logging_mixin.py:188} INFO - [2025-12-05T05:04:06.229+0000] {dag.py:3954} INFO - Setting next_dagrun for mongo_iceberg_dag1 to None, run_after=None
[2025-12-05T05:04:06.335+0000] {processor.py:183} INFO - Processing /opt/airflow/dags/spark_read_mongo_dag.py took 0.218 seconds
[2025-12-05T05:04:36.736+0000] {processor.py:161} INFO - Started process (PID=210) to work on /opt/airflow/dags/spark_read_mongo_dag.py
[2025-12-05T05:04:36.738+0000] {processor.py:830} INFO - Processing file /opt/airflow/dags/spark_read_mongo_dag.py for tasks to queue
[2025-12-05T05:04:36.740+0000] {logging_mixin.py:188} INFO - [2025-12-05T05:04:36.740+0000] {dagbag.py:545} INFO - Filling up the DagBag from /opt/airflow/dags/spark_read_mongo_dag.py
[2025-12-05T05:04:36.774+0000] {processor.py:840} INFO - DAG(s) 'mongo_iceberg_dag1' retrieved from /opt/airflow/dags/spark_read_mongo_dag.py
[2025-12-05T05:04:36.835+0000] {logging_mixin.py:188} INFO - [2025-12-05T05:04:36.834+0000] {dag.py:3096} INFO - Sync 1 DAGs
[2025-12-05T05:04:36.862+0000] {logging_mixin.py:188} INFO - [2025-12-05T05:04:36.862+0000] {dag.py:3954} INFO - Setting next_dagrun for mongo_iceberg_dag1 to None, run_after=None
[2025-12-05T05:04:36.987+0000] {processor.py:183} INFO - Processing /opt/airflow/dags/spark_read_mongo_dag.py took 0.275 seconds
[2025-12-05T05:05:07.428+0000] {processor.py:161} INFO - Started process (PID=225) to work on /opt/airflow/dags/spark_read_mongo_dag.py
[2025-12-05T05:05:07.430+0000] {processor.py:830} INFO - Processing file /opt/airflow/dags/spark_read_mongo_dag.py for tasks to queue
[2025-12-05T05:05:07.432+0000] {logging_mixin.py:188} INFO - [2025-12-05T05:05:07.431+0000] {dagbag.py:545} INFO - Filling up the DagBag from /opt/airflow/dags/spark_read_mongo_dag.py
[2025-12-05T05:05:07.466+0000] {processor.py:840} INFO - DAG(s) 'mongo_iceberg_dag1' retrieved from /opt/airflow/dags/spark_read_mongo_dag.py
[2025-12-05T05:05:07.512+0000] {logging_mixin.py:188} INFO - [2025-12-05T05:05:07.512+0000] {dag.py:3096} INFO - Sync 1 DAGs
[2025-12-05T05:05:07.525+0000] {logging_mixin.py:188} INFO - [2025-12-05T05:05:07.524+0000] {dag.py:3954} INFO - Setting next_dagrun for mongo_iceberg_dag1 to None, run_after=None
[2025-12-05T05:05:07.699+0000] {processor.py:183} INFO - Processing /opt/airflow/dags/spark_read_mongo_dag.py took 0.292 seconds
[2025-12-05T05:05:37.988+0000] {processor.py:161} INFO - Started process (PID=240) to work on /opt/airflow/dags/spark_read_mongo_dag.py
[2025-12-05T05:05:37.990+0000] {processor.py:830} INFO - Processing file /opt/airflow/dags/spark_read_mongo_dag.py for tasks to queue
[2025-12-05T05:05:37.991+0000] {logging_mixin.py:188} INFO - [2025-12-05T05:05:37.991+0000] {dagbag.py:545} INFO - Filling up the DagBag from /opt/airflow/dags/spark_read_mongo_dag.py
[2025-12-05T05:05:38.021+0000] {processor.py:840} INFO - DAG(s) 'mongo_iceberg_dag1' retrieved from /opt/airflow/dags/spark_read_mongo_dag.py
[2025-12-05T05:05:38.068+0000] {logging_mixin.py:188} INFO - [2025-12-05T05:05:38.067+0000] {dag.py:3096} INFO - Sync 1 DAGs
[2025-12-05T05:05:38.085+0000] {logging_mixin.py:188} INFO - [2025-12-05T05:05:38.084+0000] {dag.py:3954} INFO - Setting next_dagrun for mongo_iceberg_dag1 to None, run_after=None
[2025-12-05T05:05:38.242+0000] {processor.py:183} INFO - Processing /opt/airflow/dags/spark_read_mongo_dag.py took 0.264 seconds
[2025-12-05T05:06:08.843+0000] {processor.py:161} INFO - Started process (PID=255) to work on /opt/airflow/dags/spark_read_mongo_dag.py
[2025-12-05T05:06:08.845+0000] {processor.py:830} INFO - Processing file /opt/airflow/dags/spark_read_mongo_dag.py for tasks to queue
[2025-12-05T05:06:08.851+0000] {logging_mixin.py:188} INFO - [2025-12-05T05:06:08.850+0000] {dagbag.py:545} INFO - Filling up the DagBag from /opt/airflow/dags/spark_read_mongo_dag.py
[2025-12-05T05:06:08.885+0000] {processor.py:840} INFO - DAG(s) 'mongo_iceberg_dag1' retrieved from /opt/airflow/dags/spark_read_mongo_dag.py
[2025-12-05T05:06:08.930+0000] {logging_mixin.py:188} INFO - [2025-12-05T05:06:08.930+0000] {dag.py:3096} INFO - Sync 1 DAGs
[2025-12-05T05:06:08.949+0000] {logging_mixin.py:188} INFO - [2025-12-05T05:06:08.949+0000] {dag.py:3954} INFO - Setting next_dagrun for mongo_iceberg_dag1 to None, run_after=None
[2025-12-05T05:06:09.061+0000] {processor.py:183} INFO - Processing /opt/airflow/dags/spark_read_mongo_dag.py took 0.229 seconds
[2025-12-05T05:06:39.442+0000] {processor.py:161} INFO - Started process (PID=270) to work on /opt/airflow/dags/spark_read_mongo_dag.py
[2025-12-05T05:06:39.443+0000] {processor.py:830} INFO - Processing file /opt/airflow/dags/spark_read_mongo_dag.py for tasks to queue
[2025-12-05T05:06:39.444+0000] {logging_mixin.py:188} INFO - [2025-12-05T05:06:39.444+0000] {dagbag.py:545} INFO - Filling up the DagBag from /opt/airflow/dags/spark_read_mongo_dag.py
[2025-12-05T05:06:39.466+0000] {processor.py:840} INFO - DAG(s) 'mongo_iceberg_dag1' retrieved from /opt/airflow/dags/spark_read_mongo_dag.py
[2025-12-05T05:06:39.498+0000] {logging_mixin.py:188} INFO - [2025-12-05T05:06:39.498+0000] {dag.py:3096} INFO - Sync 1 DAGs
[2025-12-05T05:06:39.511+0000] {logging_mixin.py:188} INFO - [2025-12-05T05:06:39.511+0000] {dag.py:3954} INFO - Setting next_dagrun for mongo_iceberg_dag1 to None, run_after=None
[2025-12-05T05:06:39.558+0000] {processor.py:183} INFO - Processing /opt/airflow/dags/spark_read_mongo_dag.py took 0.124 seconds
[2025-12-05T05:07:10.251+0000] {processor.py:161} INFO - Started process (PID=285) to work on /opt/airflow/dags/spark_read_mongo_dag.py
[2025-12-05T05:07:10.270+0000] {processor.py:830} INFO - Processing file /opt/airflow/dags/spark_read_mongo_dag.py for tasks to queue
[2025-12-05T05:07:10.271+0000] {logging_mixin.py:188} INFO - [2025-12-05T05:07:10.270+0000] {dagbag.py:545} INFO - Filling up the DagBag from /opt/airflow/dags/spark_read_mongo_dag.py
[2025-12-05T05:07:10.289+0000] {processor.py:840} INFO - DAG(s) 'mongo_iceberg_dag1' retrieved from /opt/airflow/dags/spark_read_mongo_dag.py
[2025-12-05T05:07:10.322+0000] {logging_mixin.py:188} INFO - [2025-12-05T05:07:10.322+0000] {dag.py:3096} INFO - Sync 1 DAGs
[2025-12-05T05:07:10.334+0000] {logging_mixin.py:188} INFO - [2025-12-05T05:07:10.334+0000] {dag.py:3954} INFO - Setting next_dagrun for mongo_iceberg_dag1 to None, run_after=None
[2025-12-05T05:07:10.466+0000] {processor.py:183} INFO - Processing /opt/airflow/dags/spark_read_mongo_dag.py took 0.223 seconds
[2025-12-05T05:07:40.880+0000] {processor.py:161} INFO - Started process (PID=300) to work on /opt/airflow/dags/spark_read_mongo_dag.py
[2025-12-05T05:07:40.882+0000] {processor.py:830} INFO - Processing file /opt/airflow/dags/spark_read_mongo_dag.py for tasks to queue
[2025-12-05T05:07:40.884+0000] {logging_mixin.py:188} INFO - [2025-12-05T05:07:40.884+0000] {dagbag.py:545} INFO - Filling up the DagBag from /opt/airflow/dags/spark_read_mongo_dag.py
[2025-12-05T05:07:40.911+0000] {processor.py:840} INFO - DAG(s) 'mongo_iceberg_dag1' retrieved from /opt/airflow/dags/spark_read_mongo_dag.py
[2025-12-05T05:07:40.958+0000] {logging_mixin.py:188} INFO - [2025-12-05T05:07:40.957+0000] {dag.py:3096} INFO - Sync 1 DAGs
[2025-12-05T05:07:40.978+0000] {logging_mixin.py:188} INFO - [2025-12-05T05:07:40.977+0000] {dag.py:3954} INFO - Setting next_dagrun for mongo_iceberg_dag1 to None, run_after=None
[2025-12-05T05:07:41.028+0000] {processor.py:183} INFO - Processing /opt/airflow/dags/spark_read_mongo_dag.py took 0.160 seconds
