[2025-12-04T07:36:34.554+0000] {local_task_job_runner.py:120} INFO - ::group::Pre task execution logs
[2025-12-04T07:36:34.599+0000] {taskinstance.py:2076} INFO - Dependencies all met for dep_context=non-requeueable deps ti=<TaskInstance: mongo_iceberg_dremio_dag.configure_dremio_source manual__2025-12-04T07:35:58.412024+00:00 [queued]>
[2025-12-04T07:36:34.611+0000] {taskinstance.py:2076} INFO - Dependencies all met for dep_context=requeueable deps ti=<TaskInstance: mongo_iceberg_dremio_dag.configure_dremio_source manual__2025-12-04T07:35:58.412024+00:00 [queued]>
[2025-12-04T07:36:34.612+0000] {taskinstance.py:2306} INFO - Starting attempt 1 of 1
[2025-12-04T07:36:34.669+0000] {taskinstance.py:2330} INFO - Executing <Task(PythonOperator): configure_dremio_source> on 2025-12-04 07:35:58.412024+00:00
[2025-12-04T07:36:34.677+0000] {standard_task_runner.py:63} INFO - Started process 1411 to run task
[2025-12-04T07:36:34.681+0000] {standard_task_runner.py:90} INFO - Running: ['***', 'tasks', 'run', 'mongo_iceberg_dremio_dag', 'configure_dremio_source', 'manual__2025-12-04T07:35:58.412024+00:00', '--job-id', '76', '--raw', '--subdir', 'DAGS_FOLDER/spark_read_mongo_dag.py', '--cfg-path', '/tmp/tmp9xo211ox']
[2025-12-04T07:36:34.684+0000] {standard_task_runner.py:91} INFO - Job 76: Subtask configure_dremio_source
[2025-12-04T07:36:34.832+0000] {task_command.py:426} INFO - Running <TaskInstance: mongo_iceberg_dremio_dag.configure_dremio_source manual__2025-12-04T07:35:58.412024+00:00 [running]> on host ac2bc633af9c
[2025-12-04T07:36:34.997+0000] {taskinstance.py:2648} INFO - Exporting env vars: AIRFLOW_CTX_DAG_OWNER='deeku' AIRFLOW_CTX_DAG_ID='mongo_iceberg_dremio_dag' AIRFLOW_CTX_TASK_ID='configure_dremio_source' AIRFLOW_CTX_EXECUTION_DATE='2025-12-04T07:35:58.412024+00:00' AIRFLOW_CTX_TRY_NUMBER='1' AIRFLOW_CTX_DAG_RUN_ID='manual__2025-12-04T07:35:58.412024+00:00'
[2025-12-04T07:36:35.000+0000] {taskinstance.py:430} INFO - ::endgroup::
[2025-12-04T07:36:35.175+0000] {spark_read_mongo_dag.py:356} INFO - Creating Dremio source 'nessie_iceberg' with payload: {"name": "nessie_iceberg", "config": {"type": "ICEBERG", "warehouse": "s3a://iceberg/", "nessie_api_url": "http://nessie:19120/api/v2", "nessie_ref": "main", "s3_endpoint": "http://minio:9000", "s3_access_key": "minioadmin", "s3_secret_key": "minioadmin123", "s3_path_style": true, "s3_ssl_enabled": false}}
[2025-12-04T07:36:35.450+0000] {spark_read_mongo_dag.py:361} ERROR - Failed to create Dremio source. status=400 body={"errorMessage":"Invalid value found at: config","moreInfo":"","stackTrace":[]}
[2025-12-04T07:36:35.452+0000] {taskinstance.py:441} INFO - ::group::Post task execution logs
[2025-12-04T07:36:35.453+0000] {taskinstance.py:2905} ERROR - Task failed with exception
Traceback (most recent call last):
  File "/home/airflow/.local/lib/python3.9/site-packages/airflow/models/taskinstance.py", line 465, in _execute_task
    result = _execute_callable(context=context, **execute_callable_kwargs)
  File "/home/airflow/.local/lib/python3.9/site-packages/airflow/models/taskinstance.py", line 432, in _execute_callable
    return execute_callable(context=context, **execute_callable_kwargs)
  File "/home/airflow/.local/lib/python3.9/site-packages/airflow/models/baseoperator.py", line 401, in wrapper
    return func(self, *args, **kwargs)
  File "/home/airflow/.local/lib/python3.9/site-packages/airflow/operators/python.py", line 235, in execute
    return_value = self.execute_callable()
  File "/home/airflow/.local/lib/python3.9/site-packages/airflow/operators/python.py", line 252, in execute_callable
    return self.python_callable(*self.op_args, **self.op_kwargs)
  File "/opt/airflow/dags/spark_read_mongo_dag.py", line 362, in create_dremio_iceberg_source
    r.raise_for_status()
  File "/home/airflow/.local/lib/python3.9/site-packages/requests/models.py", line 1021, in raise_for_status
    raise HTTPError(http_error_msg, response=self)
requests.exceptions.HTTPError: 400 Client Error: Bad Request for url: http://dremio:9047/api/v3/source
[2025-12-04T07:36:35.515+0000] {taskinstance.py:1206} INFO - Marking task as FAILED. dag_id=mongo_iceberg_dremio_dag, task_id=configure_dremio_source, run_id=manual__2025-12-04T07:35:58.412024+00:00, execution_date=20251204T073558, start_date=20251204T073634, end_date=20251204T073635
[2025-12-04T07:36:35.569+0000] {standard_task_runner.py:110} ERROR - Failed to execute job 76 for task configure_dremio_source (400 Client Error: Bad Request for url: http://dremio:9047/api/v3/source; 1411)
[2025-12-04T07:36:35.618+0000] {local_task_job_runner.py:240} INFO - Task exited with return code 1
[2025-12-04T07:36:35.659+0000] {taskinstance.py:3503} INFO - 0 downstream tasks scheduled from follow-on schedule check
[2025-12-04T07:36:35.695+0000] {local_task_job_runner.py:222} INFO - ::endgroup::
