[2025-12-08T11:49:45.073+0000] {local_task_job_runner.py:120} INFO - ::group::Pre task execution logs
[2025-12-08T11:49:45.115+0000] {taskinstance.py:2076} INFO - Dependencies all met for dep_context=non-requeueable deps ti=<TaskInstance: mongo_iceberg_dremio_dagg.query_dremio_tables manual__2025-12-08T11:33:24.680188+00:00 [queued]>
[2025-12-08T11:49:45.125+0000] {taskinstance.py:2076} INFO - Dependencies all met for dep_context=requeueable deps ti=<TaskInstance: mongo_iceberg_dremio_dagg.query_dremio_tables manual__2025-12-08T11:33:24.680188+00:00 [queued]>
[2025-12-08T11:49:45.126+0000] {taskinstance.py:2306} INFO - Starting attempt 1 of 2
[2025-12-08T11:49:45.214+0000] {taskinstance.py:2330} INFO - Executing <Task(PythonOperator): query_dremio_tables> on 2025-12-08 11:33:24.680188+00:00
[2025-12-08T11:49:45.219+0000] {standard_task_runner.py:63} INFO - Started process 871 to run task
[2025-12-08T11:49:45.224+0000] {standard_task_runner.py:90} INFO - Running: ['***', 'tasks', 'run', 'mongo_iceberg_dremio_dagg', 'query_dremio_tables', 'manual__2025-12-08T11:33:24.680188+00:00', '--job-id', '130', '--raw', '--subdir', 'DAGS_FOLDER/spark_read_mongo_dag.py', '--cfg-path', '/tmp/tmpwgp0vg30']
[2025-12-08T11:49:45.226+0000] {standard_task_runner.py:91} INFO - Job 130: Subtask query_dremio_tables
[2025-12-08T11:49:45.336+0000] {task_command.py:426} INFO - Running <TaskInstance: mongo_iceberg_dremio_dagg.query_dremio_tables manual__2025-12-08T11:33:24.680188+00:00 [running]> on host 890929a34e0d
[2025-12-08T11:49:45.539+0000] {taskinstance.py:2648} INFO - Exporting env vars: AIRFLOW_CTX_DAG_OWNER='deeku' AIRFLOW_CTX_DAG_ID='mongo_iceberg_dremio_dagg' AIRFLOW_CTX_TASK_ID='query_dremio_tables' AIRFLOW_CTX_EXECUTION_DATE='2025-12-08T11:33:24.680188+00:00' AIRFLOW_CTX_TRY_NUMBER='1' AIRFLOW_CTX_DAG_RUN_ID='manual__2025-12-08T11:33:24.680188+00:00'
[2025-12-08T11:49:45.540+0000] {taskinstance.py:430} INFO - ::endgroup::
[2025-12-08T11:49:45.553+0000] {spark_read_mongo_dag.py:578} INFO - === Querying Dremio Tables ===
[2025-12-08T11:49:45.554+0000] {spark_read_mongo_dag.py:601} INFO - Executing query: SHOW SCHEMAS IN "iceberg"
[2025-12-08T11:49:45.624+0000] {spark_read_mongo_dag.py:509} INFO - Submitting query to Dremio: SHOW SCHEMAS IN "iceberg"...
[2025-12-08T11:49:45.642+0000] {spark_read_mongo_dag.py:526} INFO - Dremio job started: 16c944a5-875f-463c-eb7f-f34147fe5a00
[2025-12-08T11:50:16.107+0000] {spark_read_mongo_dag.py:567} ERROR - Error executing Dremio query: Timed out waiting for Dremio job 16c944a5-875f-463c-eb7f-f34147fe5a00 to finish after 30 seconds
[2025-12-08T11:50:16.107+0000] {spark_read_mongo_dag.py:634} WARNING - Query timed out: SHOW SCHEMAS IN "iceberg"
[2025-12-08T11:50:16.108+0000] {spark_read_mongo_dag.py:601} INFO - Executing query: SHOW TABLES IN "iceberg"
[2025-12-08T11:50:16.175+0000] {spark_read_mongo_dag.py:509} INFO - Submitting query to Dremio: SHOW TABLES IN "iceberg"...
[2025-12-08T11:50:16.207+0000] {spark_read_mongo_dag.py:526} INFO - Dremio job started: 16c94487-05d8-5194-7a23-03253d4ea700
[2025-12-08T11:50:46.615+0000] {spark_read_mongo_dag.py:567} ERROR - Error executing Dremio query: Timed out waiting for Dremio job 16c94487-05d8-5194-7a23-03253d4ea700 to finish after 30 seconds
[2025-12-08T11:50:46.615+0000] {spark_read_mongo_dag.py:634} WARNING - Query timed out: SHOW TABLES IN "iceberg"
[2025-12-08T11:50:46.616+0000] {spark_read_mongo_dag.py:601} INFO - Executing query: SHOW TABLES IN "iceberg"."ai_segmentation"
[2025-12-08T11:50:46.697+0000] {spark_read_mongo_dag.py:509} INFO - Submitting query to Dremio: SHOW TABLES IN "iceberg"."ai_segmentation"...
[2025-12-08T11:50:46.713+0000] {spark_read_mongo_dag.py:526} INFO - Dremio job started: 16c94469-366b-c971-055f-905b8366ed00
[2025-12-08T11:51:17.133+0000] {spark_read_mongo_dag.py:567} ERROR - Error executing Dremio query: Timed out waiting for Dremio job 16c94469-366b-c971-055f-905b8366ed00 to finish after 30 seconds
[2025-12-08T11:51:17.133+0000] {spark_read_mongo_dag.py:634} WARNING - Query timed out: SHOW TABLES IN "iceberg"."ai_segmentation"
[2025-12-08T11:51:17.134+0000] {spark_read_mongo_dag.py:601} INFO - Executing query: SELECT COUNT(*) as row_count FROM "iceberg"."ai_segmentation"."conversations"
[2025-12-08T11:51:17.210+0000] {spark_read_mongo_dag.py:509} INFO - Submitting query to Dremio: SELECT COUNT(*) as row_count FROM "iceberg"."ai_segmentation"."conversations"...
[2025-12-08T11:51:17.230+0000] {spark_read_mongo_dag.py:526} INFO - Dremio job started: 16c94449-b549-a530-8556-6bb0af05cb00
[2025-12-08T11:51:47.653+0000] {spark_read_mongo_dag.py:567} ERROR - Error executing Dremio query: Timed out waiting for Dremio job 16c94449-b549-a530-8556-6bb0af05cb00 to finish after 30 seconds
[2025-12-08T11:51:47.656+0000] {spark_read_mongo_dag.py:634} WARNING - Query timed out: SELECT COUNT(*) as row_count FROM "iceberg"."ai_segmentation"."conversations"
[2025-12-08T11:51:47.659+0000] {spark_read_mongo_dag.py:601} INFO - Executing query: SELECT * FROM "iceberg"."ai_segmentation"."conversations" LIMIT 5
[2025-12-08T11:51:47.778+0000] {spark_read_mongo_dag.py:509} INFO - Submitting query to Dremio: SELECT * FROM "iceberg"."ai_segmentation"."conversations" LIMIT 5...
[2025-12-08T11:51:47.796+0000] {spark_read_mongo_dag.py:526} INFO - Dremio job started: 16c9442b-a228-940f-d9a2-8b36fdb93a00
[2025-12-08T11:52:18.153+0000] {spark_read_mongo_dag.py:567} ERROR - Error executing Dremio query: Timed out waiting for Dremio job 16c9442b-a228-940f-d9a2-8b36fdb93a00 to finish after 30 seconds
[2025-12-08T11:52:18.154+0000] {spark_read_mongo_dag.py:634} WARNING - Query timed out: SELECT * FROM "iceberg"."ai_segmentation"."conversations" LIMIT 5
[2025-12-08T11:52:18.154+0000] {spark_read_mongo_dag.py:650} INFO - === All Query Attempts Summary ===
[2025-12-08T11:52:18.155+0000] {spark_read_mongo_dag.py:653} INFO - [✗] 1. SHOW SCHEMAS IN "iceberg"
[2025-12-08T11:52:18.155+0000] {spark_read_mongo_dag.py:655} INFO -    Error: Timeout
[2025-12-08T11:52:18.156+0000] {spark_read_mongo_dag.py:653} INFO - [✗] 2. SHOW TABLES IN "iceberg"
[2025-12-08T11:52:18.156+0000] {spark_read_mongo_dag.py:655} INFO -    Error: Timeout
[2025-12-08T11:52:18.156+0000] {spark_read_mongo_dag.py:653} INFO - [✗] 3. SHOW TABLES IN "iceberg"."ai_segmentation"
[2025-12-08T11:52:18.157+0000] {spark_read_mongo_dag.py:655} INFO -    Error: Timeout
[2025-12-08T11:52:18.157+0000] {spark_read_mongo_dag.py:653} INFO - [✗] 4. SELECT COUNT(*) as row_count FROM "iceberg"."ai_segmentation"."conversations"
[2025-12-08T11:52:18.158+0000] {spark_read_mongo_dag.py:655} INFO -    Error: Timeout
[2025-12-08T11:52:18.158+0000] {spark_read_mongo_dag.py:653} INFO - [✗] 5. SELECT * FROM "iceberg"."ai_segmentation"."conversations" LIMIT 5
[2025-12-08T11:52:18.158+0000] {spark_read_mongo_dag.py:655} INFO -    Error: Timeout
[2025-12-08T11:52:18.213+0000] {python.py:237} INFO - Done. Returned value was: {'status': 'partial_success', 'total_queries': 5, 'successful': 0, 'failed': 5, 'results': [{'query': 'SHOW SCHEMAS IN "iceberg"', 'success': False, 'error': 'Timeout', 'message': 'Timed out waiting for Dremio job 16c944a5-875f-463c-eb7f-f34147fe5a00 to finish after 30 seconds'}, {'query': 'SHOW TABLES IN "iceberg"', 'success': False, 'error': 'Timeout', 'message': 'Timed out waiting for Dremio job 16c94487-05d8-5194-7a23-03253d4ea700 to finish after 30 seconds'}, {'query': 'SHOW TABLES IN "iceberg"."ai_segmentation"', 'success': False, 'error': 'Timeout', 'message': 'Timed out waiting for Dremio job 16c94469-366b-c971-055f-905b8366ed00 to finish after 30 seconds'}, {'query': 'SELECT COUNT(*) as row_count FROM "iceberg"."ai_segmentation"."conversations"', 'success': False, 'error': 'Timeout', 'message': 'Timed out waiting for Dremio job 16c94449-b549-a530-8556-6bb0af05cb00 to finish after 30 seconds'}, {'query': 'SELECT * FROM "iceberg"."ai_segmentation"."conversations" LIMIT 5', 'success': False, 'error': 'Timeout', 'message': 'Timed out waiting for Dremio job 16c9442b-a228-940f-d9a2-8b36fdb93a00 to finish after 30 seconds'}]}
[2025-12-08T11:52:18.214+0000] {taskinstance.py:441} INFO - ::group::Post task execution logs
[2025-12-08T11:52:18.336+0000] {taskinstance.py:1206} INFO - Marking task as SUCCESS. dag_id=mongo_iceberg_dremio_dagg, task_id=query_dremio_tables, run_id=manual__2025-12-08T11:33:24.680188+00:00, execution_date=20251208T113324, start_date=20251208T114945, end_date=20251208T115218
[2025-12-08T11:52:18.457+0000] {local_task_job_runner.py:240} INFO - Task exited with return code 0
[2025-12-08T11:52:18.476+0000] {taskinstance.py:3503} INFO - 0 downstream tasks scheduled from follow-on schedule check
[2025-12-08T11:52:18.513+0000] {local_task_job_runner.py:222} INFO - ::endgroup::
