[2025-12-05T11:03:30.957+0000] {local_task_job_runner.py:120} INFO - ::group::Pre task execution logs
[2025-12-05T11:03:31.006+0000] {taskinstance.py:2076} INFO - Dependencies all met for dep_context=non-requeueable deps ti=<TaskInstance: mongo_iceberg_dremio_dag.configure_dremio_source manual__2025-12-05T11:02:56.125600+00:00 [queued]>
[2025-12-05T11:03:31.015+0000] {taskinstance.py:2076} INFO - Dependencies all met for dep_context=requeueable deps ti=<TaskInstance: mongo_iceberg_dremio_dag.configure_dremio_source manual__2025-12-05T11:02:56.125600+00:00 [queued]>
[2025-12-05T11:03:31.024+0000] {taskinstance.py:2306} INFO - Starting attempt 1 of 1
[2025-12-05T11:03:31.113+0000] {taskinstance.py:2330} INFO - Executing <Task(PythonOperator): configure_dremio_source> on 2025-12-05 11:02:56.125600+00:00
[2025-12-05T11:03:31.119+0000] {standard_task_runner.py:63} INFO - Started process 2583 to run task
[2025-12-05T11:03:31.122+0000] {standard_task_runner.py:90} INFO - Running: ['***', 'tasks', 'run', 'mongo_iceberg_dremio_dag', 'configure_dremio_source', 'manual__2025-12-05T11:02:56.125600+00:00', '--job-id', '7', '--raw', '--subdir', 'DAGS_FOLDER/spark_read_mongo_dag.py', '--cfg-path', '/tmp/tmpc256pwky']
[2025-12-05T11:03:31.125+0000] {standard_task_runner.py:91} INFO - Job 7: Subtask configure_dremio_source
[2025-12-05T11:03:31.344+0000] {task_command.py:426} INFO - Running <TaskInstance: mongo_iceberg_dremio_dag.configure_dremio_source manual__2025-12-05T11:02:56.125600+00:00 [running]> on host a40f6ae0e3c1
[2025-12-05T11:03:31.587+0000] {taskinstance.py:2648} INFO - Exporting env vars: AIRFLOW_CTX_DAG_OWNER='deeku' AIRFLOW_CTX_DAG_ID='mongo_iceberg_dremio_dag' AIRFLOW_CTX_TASK_ID='configure_dremio_source' AIRFLOW_CTX_EXECUTION_DATE='2025-12-05T11:02:56.125600+00:00' AIRFLOW_CTX_TRY_NUMBER='1' AIRFLOW_CTX_DAG_RUN_ID='manual__2025-12-05T11:02:56.125600+00:00'
[2025-12-05T11:03:31.590+0000] {taskinstance.py:430} INFO - ::endgroup::
[2025-12-05T11:03:31.702+0000] {spark_read_mongo_dag.py:247} INFO - Configured NESSIE_URI base: http://nessie:19120/api/v2
[2025-12-05T11:03:31.703+0000] {spark_read_mongo_dag.py:314} INFO - Attempting to create Dremio source 'iceberg' with nessieUri=http://nessie:19120
[2025-12-05T11:03:31.801+0000] {spark_read_mongo_dag.py:322} INFO - Dremio responded for candidate http://nessie:19120 -> status=400 body={"errorMessage":"Invalid value found at: nessieUri","moreInfo":"","stackTrace":[]}
[2025-12-05T11:03:31.802+0000] {spark_read_mongo_dag.py:314} INFO - Attempting to create Dremio source 'iceberg' with nessieUri=http://nessie:19120/api/v2
[2025-12-05T11:03:31.897+0000] {spark_read_mongo_dag.py:322} INFO - Dremio responded for candidate http://nessie:19120/api/v2 -> status=400 body={"errorMessage":"Invalid value found at: nessieUri","moreInfo":"","stackTrace":[]}
[2025-12-05T11:03:31.898+0000] {spark_read_mongo_dag.py:314} INFO - Attempting to create Dremio source 'iceberg' with nessieUri=http://nessie:19120/api/v1
[2025-12-05T11:03:31.984+0000] {spark_read_mongo_dag.py:322} INFO - Dremio responded for candidate http://nessie:19120/api/v1 -> status=400 body={"errorMessage":"Invalid value found at: nessieUri","moreInfo":"","stackTrace":[]}
[2025-12-05T11:03:31.985+0000] {spark_read_mongo_dag.py:314} INFO - Attempting to create Dremio source 'iceberg' with nessieUri=http://nessie:19120/tree/main
[2025-12-05T11:03:32.073+0000] {spark_read_mongo_dag.py:322} INFO - Dremio responded for candidate http://nessie:19120/tree/main -> status=400 body={"errorMessage":"Invalid value found at: nessieUri","moreInfo":"","stackTrace":[]}
[2025-12-05T11:03:32.073+0000] {spark_read_mongo_dag.py:314} INFO - Attempting to create Dremio source 'iceberg' with nessieUri=http://nessie:19120/trees/-
[2025-12-05T11:03:32.202+0000] {spark_read_mongo_dag.py:322} INFO - Dremio responded for candidate http://nessie:19120/trees/- -> status=400 body={"errorMessage":"Invalid value found at: nessieUri","moreInfo":"","stackTrace":[]}
[2025-12-05T11:03:32.203+0000] {spark_read_mongo_dag.py:314} INFO - Attempting to create Dremio source 'iceberg' with nessieUri=http://nessie:19120/config
[2025-12-05T11:03:32.296+0000] {spark_read_mongo_dag.py:322} INFO - Dremio responded for candidate http://nessie:19120/config -> status=400 body={"errorMessage":"Invalid value found at: nessieUri","moreInfo":"","stackTrace":[]}
[2025-12-05T11:03:32.297+0000] {spark_read_mongo_dag.py:314} INFO - Attempting to create Dremio source 'iceberg' with nessieUri=http://nessie:19120/
[2025-12-05T11:03:32.394+0000] {spark_read_mongo_dag.py:322} INFO - Dremio responded for candidate http://nessie:19120/ -> status=400 body={"errorMessage":"Invalid value found at: nessieUri","moreInfo":"","stackTrace":[]}
[2025-12-05T11:03:32.394+0000] {spark_read_mongo_dag.py:314} INFO - Attempting to create Dremio source 'iceberg' with nessieUri=http://172.19.0.5:19120
[2025-12-05T11:03:32.489+0000] {spark_read_mongo_dag.py:322} INFO - Dremio responded for candidate http://172.19.0.5:19120 -> status=400 body={"errorMessage":"Invalid value found at: nessieUri","moreInfo":"","stackTrace":[]}
[2025-12-05T11:03:32.490+0000] {spark_read_mongo_dag.py:314} INFO - Attempting to create Dremio source 'iceberg' with nessieUri=http://172.19.0.5:19120/api/v2
[2025-12-05T11:03:32.583+0000] {spark_read_mongo_dag.py:322} INFO - Dremio responded for candidate http://172.19.0.5:19120/api/v2 -> status=400 body={"errorMessage":"Invalid value found at: nessieUri","moreInfo":"","stackTrace":[]}
[2025-12-05T11:03:32.584+0000] {spark_read_mongo_dag.py:344} ERROR - All nessieUri candidates failed. Diagnostics:
candidate=http://nessie:19120 status=400 body={"errorMessage":"Invalid value found at: nessieUri","moreInfo":"","stackTrace":[]}
candidate=http://nessie:19120/api/v2 status=400 body={"errorMessage":"Invalid value found at: nessieUri","moreInfo":"","stackTrace":[]}
candidate=http://nessie:19120/api/v1 status=400 body={"errorMessage":"Invalid value found at: nessieUri","moreInfo":"","stackTrace":[]}
candidate=http://nessie:19120/tree/main status=400 body={"errorMessage":"Invalid value found at: nessieUri","moreInfo":"","stackTrace":[]}
candidate=http://nessie:19120/trees/- status=400 body={"errorMessage":"Invalid value found at: nessieUri","moreInfo":"","stackTrace":[]}
candidate=http://nessie:19120/config status=400 body={"errorMessage":"Invalid value found at: nessieUri","moreInfo":"","stackTrace":[]}
candidate=http://nessie:19120/ status=400 body={"errorMessage":"Invalid value found at: nessieUri","moreInfo":"","stackTrace":[]}
candidate=http://172.19.0.5:19120 status=400 body={"errorMessage":"Invalid value found at: nessieUri","moreInfo":"","stackTrace":[]}
candidate=http://172.19.0.5:19120/api/v2 status=400 body={"errorMessage":"Invalid value found at: nessieUri","moreInfo":"","stackTrace":[]}
[2025-12-05T11:03:32.584+0000] {taskinstance.py:441} INFO - ::group::Post task execution logs
[2025-12-05T11:03:32.585+0000] {taskinstance.py:2905} ERROR - Task failed with exception
Traceback (most recent call last):
  File "/home/airflow/.local/lib/python3.9/site-packages/airflow/models/taskinstance.py", line 465, in _execute_task
    result = _execute_callable(context=context, **execute_callable_kwargs)
  File "/home/airflow/.local/lib/python3.9/site-packages/airflow/models/taskinstance.py", line 432, in _execute_callable
    return execute_callable(context=context, **execute_callable_kwargs)
  File "/home/airflow/.local/lib/python3.9/site-packages/airflow/models/baseoperator.py", line 401, in wrapper
    return func(self, *args, **kwargs)
  File "/home/airflow/.local/lib/python3.9/site-packages/airflow/operators/python.py", line 235, in execute
    return_value = self.execute_callable()
  File "/home/airflow/.local/lib/python3.9/site-packages/airflow/operators/python.py", line 252, in execute_callable
    return self.python_callable(*self.op_args, **self.op_kwargs)
  File "/opt/airflow/dags/spark_read_mongo_dag.py", line 345, in create_dremio_iceberg_source
    raise RuntimeError(f"Failed to create Dremio Nessie source; checked candidates:\n{diag_text}")
RuntimeError: Failed to create Dremio Nessie source; checked candidates:
candidate=http://nessie:19120 status=400 body={"errorMessage":"Invalid value found at: nessieUri","moreInfo":"","stackTrace":[]}
candidate=http://nessie:19120/api/v2 status=400 body={"errorMessage":"Invalid value found at: nessieUri","moreInfo":"","stackTrace":[]}
candidate=http://nessie:19120/api/v1 status=400 body={"errorMessage":"Invalid value found at: nessieUri","moreInfo":"","stackTrace":[]}
candidate=http://nessie:19120/tree/main status=400 body={"errorMessage":"Invalid value found at: nessieUri","moreInfo":"","stackTrace":[]}
candidate=http://nessie:19120/trees/- status=400 body={"errorMessage":"Invalid value found at: nessieUri","moreInfo":"","stackTrace":[]}
candidate=http://nessie:19120/config status=400 body={"errorMessage":"Invalid value found at: nessieUri","moreInfo":"","stackTrace":[]}
candidate=http://nessie:19120/ status=400 body={"errorMessage":"Invalid value found at: nessieUri","moreInfo":"","stackTrace":[]}
candidate=http://172.19.0.5:19120 status=400 body={"errorMessage":"Invalid value found at: nessieUri","moreInfo":"","stackTrace":[]}
candidate=http://172.19.0.5:19120/api/v2 status=400 body={"errorMessage":"Invalid value found at: nessieUri","moreInfo":"","stackTrace":[]}
[2025-12-05T11:03:32.601+0000] {taskinstance.py:1206} INFO - Marking task as FAILED. dag_id=mongo_iceberg_dremio_dag, task_id=configure_dremio_source, run_id=manual__2025-12-05T11:02:56.125600+00:00, execution_date=20251205T110256, start_date=20251205T110331, end_date=20251205T110332
[2025-12-05T11:03:32.642+0000] {standard_task_runner.py:110} ERROR - Failed to execute job 7 for task configure_dremio_source (Failed to create Dremio Nessie source; checked candidates:
candidate=http://nessie:19120 status=400 body={"errorMessage":"Invalid value found at: nessieUri","moreInfo":"","stackTrace":[]}
candidate=http://nessie:19120/api/v2 status=400 body={"errorMessage":"Invalid value found at: nessieUri","moreInfo":"","stackTrace":[]}
candidate=http://nessie:19120/api/v1 status=400 body={"errorMessage":"Invalid value found at: nessieUri","moreInfo":"","stackTrace":[]}
candidate=http://nessie:19120/tree/main status=400 body={"errorMessage":"Invalid value found at: nessieUri","moreInfo":"","stackTrace":[]}
candidate=http://nessie:19120/trees/- status=400 body={"errorMessage":"Invalid value found at: nessieUri","moreInfo":"","stackTrace":[]}
candidate=http://nessie:19120/config status=400 body={"errorMessage":"Invalid value found at: nessieUri","moreInfo":"","stackTrace":[]}
candidate=http://nessie:19120/ status=400 body={"errorMessage":"Invalid value found at: nessieUri","moreInfo":"","stackTrace":[]}
candidate=http://172.19.0.5:19120 status=400 body={"errorMessage":"Invalid value found at: nessieUri","moreInfo":"","stackTrace":[]}
candidate=http://172.19.0.5:19120/api/v2 status=400 body={"errorMessage":"Invalid value found at: nessieUri","moreInfo":"","stackTrace":[]}; 2583)
[2025-12-05T11:03:32.661+0000] {local_task_job_runner.py:240} INFO - Task exited with return code 1
[2025-12-05T11:03:32.689+0000] {taskinstance.py:3503} INFO - 0 downstream tasks scheduled from follow-on schedule check
[2025-12-05T11:03:32.716+0000] {local_task_job_runner.py:222} INFO - ::endgroup::
