[2025-12-09T05:20:17.468+0000] {local_task_job_runner.py:120} INFO - ::group::Pre task execution logs
[2025-12-09T05:20:17.526+0000] {taskinstance.py:2076} INFO - Dependencies all met for dep_context=non-requeueable deps ti=<TaskInstance: mongo_iceberg_dremio_dagg.configure_dremio_source manual__2025-12-09T05:18:53.297318+00:00 [queued]>
[2025-12-09T05:20:17.536+0000] {taskinstance.py:2076} INFO - Dependencies all met for dep_context=requeueable deps ti=<TaskInstance: mongo_iceberg_dremio_dagg.configure_dremio_source manual__2025-12-09T05:18:53.297318+00:00 [queued]>
[2025-12-09T05:20:17.538+0000] {taskinstance.py:2306} INFO - Starting attempt 1 of 2
[2025-12-09T05:20:17.635+0000] {taskinstance.py:2330} INFO - Executing <Task(PythonOperator): configure_dremio_source> on 2025-12-09 05:18:53.297318+00:00
[2025-12-09T05:20:17.641+0000] {standard_task_runner.py:63} INFO - Started process 1006 to run task
[2025-12-09T05:20:17.645+0000] {standard_task_runner.py:90} INFO - Running: ['***', 'tasks', 'run', 'mongo_iceberg_dremio_dagg', 'configure_dremio_source', 'manual__2025-12-09T05:18:53.297318+00:00', '--job-id', '151', '--raw', '--subdir', 'DAGS_FOLDER/spark_read_mongo_dag.py', '--cfg-path', '/tmp/tmpunq586xr']
[2025-12-09T05:20:17.648+0000] {standard_task_runner.py:91} INFO - Job 151: Subtask configure_dremio_source
[2025-12-09T05:20:17.826+0000] {task_command.py:426} INFO - Running <TaskInstance: mongo_iceberg_dremio_dagg.configure_dremio_source manual__2025-12-09T05:18:53.297318+00:00 [running]> on host e0aa762b1237
[2025-12-09T05:20:18.056+0000] {taskinstance.py:2648} INFO - Exporting env vars: AIRFLOW_CTX_DAG_OWNER='deeku' AIRFLOW_CTX_DAG_ID='mongo_iceberg_dremio_dagg' AIRFLOW_CTX_TASK_ID='configure_dremio_source' AIRFLOW_CTX_EXECUTION_DATE='2025-12-09T05:18:53.297318+00:00' AIRFLOW_CTX_TRY_NUMBER='1' AIRFLOW_CTX_DAG_RUN_ID='manual__2025-12-09T05:18:53.297318+00:00'
[2025-12-09T05:20:18.058+0000] {taskinstance.py:430} INFO - ::endgroup::
[2025-12-09T05:20:18.081+0000] {spark_read_mongo_dag.py:241} INFO - create_dremio_iceberg_source: start
[2025-12-09T05:20:18.206+0000] {spark_read_mongo_dag.py:269} INFO - Dremio source exists=False id=None
[2025-12-09T05:20:18.290+0000] {spark_read_mongo_dag.py:277} INFO - Checking available source types...
[2025-12-09T05:20:18.310+0000] {spark_read_mongo_dag.py:283} INFO - Available source types: {
  "data": [
    {
      "sourceType": "MYSQL",
      "label": "MySQL",
      "previewEngineRequired": true,
      "externalQueryAllowed": true
    },
    {
      "sourceType": "DREMIOTODREMIO",
      "label": "Dremio",
      "previewEngineRequired": false,
      "externalQueryAllowed": true
    },
    {
      "sourceType": "ADL",
      "label": "Azure Data Lake Storage Gen1",
      "previewEngineRequired": false,
      "externalQueryAllowed": false
    },
    {
      "sourceType": "SNOWFLAKE",
      "label": "Snowflake",
      "previewEngineRequired": true,
      "externalQueryAllowed": true
    },
    {
      "sourceType": "NAS",
      "label": "",
      "previewEngineRequired": false,
      "externalQueryAllowed": false
    },
    {
      "sourceType": "AZURE_STORAGE",
      "label": "Azure Storage",
      "previewEngineRequired": false,
      "externalQueryAllowed": false
    },
    {
      "sourceType": "MSSQL",
      "label": "Microsoft SQL Server",
      "previewEngineRequired": true,
      "externalQueryAllowed": true
    },
    {
      "sourceType": "ELASTIC",
      "label": "Elasticsearch",
      "previewEngineRequired": false,
      "externalQueryAllowed": false
    },
    {
      "sourceType": "S3",
      "label": "Amazon S3",
      "previewEngineRequired": false,
      "externalQueryAllowed": false
    },
    {
      "sourceType": "DB2",
      "label": "IBM Db2",
      "previewEngineRequired": false,
      "externalQueryAllowed": true
    },
    {
      "sourceType": "GCS",
      "label": "Google Cloud Storage",
      "previewEngineRequired": false,
      "externalQueryAllowed": false
    },
    {
      "sourceType": "SYNAPSE",
      "label": "Microsoft Azure Synapse Analytics",
      "previewEngineRequired": true,
      "externalQueryAllowed": true
    },
    {
      "sourceType": "MONGO",
      "label": "MongoDB",
      "previewEngineRequired": false,
      "externalQueryAllowed": false
    },
    {
      "sourceType": "HIVE",
      "label": "Hive 2.x",
      "previewEngineRequired": false,
      "externalQueryAllowed": false
    },
    {
      "sourceType": "DRUID",
      "label": "Druid",
      "previewEngineRequired": true,
      "externalQueryAllowed": true
    },
    {
      "sourceType": "HIVE3",
      "label": "Hive 3.x",
      "previewEngineRequired": false,
      "externalQueryAllowed": false
    },
    {
      "sourceType": "AWSGLUE",
      "label": "AWS Glue Data Catalog",
      "previewEngineRequired": false,
      "externalQueryAllowed": false
    },
    {
      "sourceType": "AMAZONELASTIC",
      "label": "Amazon OpenSearch Service",
      "previewEngineRequired": false,
      "externalQueryAllowed": false
    },
    {
      "sourceType": "NESSIE",
      "label": "Nessie (Preview)",
      "previewEngineRequired": false,
      "externalQueryAllowed": false
    },
    {
      "sourceType": "REDSHIFT",
      "label": "Amazon Redshift",
      "previewEngineRequired": true,
      "externalQueryAllowed": true
    },
    {
      "sourceType": "POSTGRES",
      "label": "PostgreSQL",
      "previewEngineRequired": true,
      "externalQueryAllowed": true
    },
    {
      "sourceType": "ORACLE",
      "label": "Oracle",
      "previewEngineRequired": true,
      "externalQueryAllowed": true
    },
    {
      "sourceType": "ADX",
      "label": "Microsoft Azure Data Explorer",
      "previewEngineRequired": true,
      "externalQueryAllowed": true
    },
    {
      "sourceType": "HDFS",
      "label": "",
      "previewEngineRequired": false,
      "externalQueryAllowed": false
    }
  ]
}
[2025-12-09T05:20:18.311+0000] {spark_read_mongo_dag.py:389} INFO - === Trying approach 1/10: type=NESSIE ===
[2025-12-09T05:20:18.312+0000] {spark_read_mongo_dag.py:404} INFO - Attempt config (masked): {
  "nessieUri": "http://nessie:19120/api/v2",
  "defaultBranch": "main",
  "warehouse": "s3a://iceberg",
  "propertyList": [
    {
      "name": "fs.s3a.endpoint",
      "value": "minio:9000"
    },
    {
      "name": "fs.s3a.access.key",
      "value": "***MASKED***"
    },
    {
      "name": "fs.s3a.secret.key",
      "value": "***MASKED***"
    },
    {
      "name": "fs.s3a.path.style.access",
      "value": "true"
    },
    {
      "name": "fs.s3a.connection.ssl.enabled",
      "value": "false"
    },
    {
      "name": "fs.s3a.endpoint.region",
      "value": "us-east-1"
    }
  ]
}
[2025-12-09T05:20:18.313+0000] {spark_read_mongo_dag.py:414} INFO - Creating new source
[2025-12-09T05:20:18.323+0000] {spark_read_mongo_dag.py:418} INFO - Response status: 400
[2025-12-09T05:20:18.324+0000] {spark_read_mongo_dag.py:441} INFO - Response error: {"errorMessage":"Invalid value found at: nessieUri","moreInfo":"","stackTrace":[]}
[2025-12-09T05:20:18.325+0000] {spark_read_mongo_dag.py:446} INFO - Validation error details: {
  "errorMessage": "Invalid value found at: nessieUri",
  "moreInfo": "",
  "stackTrace": []
}
[2025-12-09T05:20:18.325+0000] {spark_read_mongo_dag.py:389} INFO - === Trying approach 2/10: type=NESSIE ===
[2025-12-09T05:20:18.326+0000] {spark_read_mongo_dag.py:404} INFO - Attempt config (masked): {
  "nessieUri": "http://nessie:19120/api/v1",
  "defaultBranch": "main",
  "warehouse": "s3a://iceberg",
  "propertyList": [
    {
      "name": "fs.s3a.endpoint",
      "value": "minio:9000"
    },
    {
      "name": "fs.s3a.access.key",
      "value": "***MASKED***"
    },
    {
      "name": "fs.s3a.secret.key",
      "value": "***MASKED***"
    },
    {
      "name": "fs.s3a.path.style.access",
      "value": "true"
    },
    {
      "name": "fs.s3a.connection.ssl.enabled",
      "value": "false"
    },
    {
      "name": "fs.s3a.endpoint.region",
      "value": "us-east-1"
    }
  ]
}
[2025-12-09T05:20:18.326+0000] {spark_read_mongo_dag.py:414} INFO - Creating new source
[2025-12-09T05:20:18.339+0000] {spark_read_mongo_dag.py:418} INFO - Response status: 400
[2025-12-09T05:20:18.343+0000] {spark_read_mongo_dag.py:441} INFO - Response error: {"errorMessage":"Invalid value found at: nessieUri","moreInfo":"","stackTrace":[]}
[2025-12-09T05:20:18.345+0000] {spark_read_mongo_dag.py:446} INFO - Validation error details: {
  "errorMessage": "Invalid value found at: nessieUri",
  "moreInfo": "",
  "stackTrace": []
}
[2025-12-09T05:20:18.347+0000] {spark_read_mongo_dag.py:389} INFO - === Trying approach 3/10: type=NESSIE ===
[2025-12-09T05:20:18.352+0000] {spark_read_mongo_dag.py:404} INFO - Attempt config (masked): {
  "nessieUri": "http://nessie:19120",
  "defaultBranch": "main",
  "warehouse": "s3a://iceberg",
  "propertyList": [
    {
      "name": "fs.s3a.endpoint",
      "value": "minio:9000"
    },
    {
      "name": "fs.s3a.access.key",
      "value": "***MASKED***"
    },
    {
      "name": "fs.s3a.secret.key",
      "value": "***MASKED***"
    },
    {
      "name": "fs.s3a.path.style.access",
      "value": "true"
    },
    {
      "name": "fs.s3a.connection.ssl.enabled",
      "value": "false"
    },
    {
      "name": "fs.s3a.endpoint.region",
      "value": "us-east-1"
    }
  ]
}
[2025-12-09T05:20:18.354+0000] {spark_read_mongo_dag.py:414} INFO - Creating new source
[2025-12-09T05:20:18.363+0000] {spark_read_mongo_dag.py:418} INFO - Response status: 400
[2025-12-09T05:20:18.364+0000] {spark_read_mongo_dag.py:441} INFO - Response error: {"errorMessage":"Invalid value found at: nessieUri","moreInfo":"","stackTrace":[]}
[2025-12-09T05:20:18.364+0000] {spark_read_mongo_dag.py:446} INFO - Validation error details: {
  "errorMessage": "Invalid value found at: nessieUri",
  "moreInfo": "",
  "stackTrace": []
}
[2025-12-09T05:20:18.365+0000] {spark_read_mongo_dag.py:389} INFO - === Trying approach 4/10: type=NESSIE ===
[2025-12-09T05:20:18.366+0000] {spark_read_mongo_dag.py:404} INFO - Attempt config (masked): {
  "nessieUri": "nessie://nessie:19120/api/v2",
  "defaultBranch": "main",
  "warehouse": "s3a://iceberg",
  "propertyList": [
    {
      "name": "fs.s3a.endpoint",
      "value": "minio:9000"
    },
    {
      "name": "fs.s3a.access.key",
      "value": "***MASKED***"
    },
    {
      "name": "fs.s3a.secret.key",
      "value": "***MASKED***"
    },
    {
      "name": "fs.s3a.path.style.access",
      "value": "true"
    },
    {
      "name": "fs.s3a.connection.ssl.enabled",
      "value": "false"
    },
    {
      "name": "fs.s3a.endpoint.region",
      "value": "us-east-1"
    }
  ]
}
[2025-12-09T05:20:18.366+0000] {spark_read_mongo_dag.py:414} INFO - Creating new source
[2025-12-09T05:20:18.373+0000] {spark_read_mongo_dag.py:418} INFO - Response status: 400
[2025-12-09T05:20:18.374+0000] {spark_read_mongo_dag.py:441} INFO - Response error: {"errorMessage":"Invalid value found at: nessieUri","moreInfo":"","stackTrace":[]}
[2025-12-09T05:20:18.374+0000] {spark_read_mongo_dag.py:446} INFO - Validation error details: {
  "errorMessage": "Invalid value found at: nessieUri",
  "moreInfo": "",
  "stackTrace": []
}
[2025-12-09T05:20:18.375+0000] {spark_read_mongo_dag.py:389} INFO - === Trying approach 5/10: type=NESSIE ===
[2025-12-09T05:20:18.375+0000] {spark_read_mongo_dag.py:404} INFO - Attempt config (masked): {
  "nessieUri": "nessie://nessie:19120/api/v1",
  "defaultBranch": "main",
  "warehouse": "s3a://iceberg",
  "propertyList": [
    {
      "name": "fs.s3a.endpoint",
      "value": "minio:9000"
    },
    {
      "name": "fs.s3a.access.key",
      "value": "***MASKED***"
    },
    {
      "name": "fs.s3a.secret.key",
      "value": "***MASKED***"
    },
    {
      "name": "fs.s3a.path.style.access",
      "value": "true"
    },
    {
      "name": "fs.s3a.connection.ssl.enabled",
      "value": "false"
    },
    {
      "name": "fs.s3a.endpoint.region",
      "value": "us-east-1"
    }
  ]
}
[2025-12-09T05:20:18.376+0000] {spark_read_mongo_dag.py:414} INFO - Creating new source
[2025-12-09T05:20:18.382+0000] {spark_read_mongo_dag.py:418} INFO - Response status: 400
[2025-12-09T05:20:18.383+0000] {spark_read_mongo_dag.py:441} INFO - Response error: {"errorMessage":"Invalid value found at: nessieUri","moreInfo":"","stackTrace":[]}
[2025-12-09T05:20:18.386+0000] {spark_read_mongo_dag.py:446} INFO - Validation error details: {
  "errorMessage": "Invalid value found at: nessieUri",
  "moreInfo": "",
  "stackTrace": []
}
[2025-12-09T05:20:18.386+0000] {spark_read_mongo_dag.py:389} INFO - === Trying approach 6/10: type=NESSIE ===
[2025-12-09T05:20:18.387+0000] {spark_read_mongo_dag.py:404} INFO - Attempt config (masked): {
  "nessieUri": "nessie://nessie:19120",
  "defaultBranch": "main",
  "warehouse": "s3a://iceberg",
  "propertyList": [
    {
      "name": "fs.s3a.endpoint",
      "value": "minio:9000"
    },
    {
      "name": "fs.s3a.access.key",
      "value": "***MASKED***"
    },
    {
      "name": "fs.s3a.secret.key",
      "value": "***MASKED***"
    },
    {
      "name": "fs.s3a.path.style.access",
      "value": "true"
    },
    {
      "name": "fs.s3a.connection.ssl.enabled",
      "value": "false"
    },
    {
      "name": "fs.s3a.endpoint.region",
      "value": "us-east-1"
    }
  ]
}
[2025-12-09T05:20:18.388+0000] {spark_read_mongo_dag.py:414} INFO - Creating new source
[2025-12-09T05:20:18.399+0000] {spark_read_mongo_dag.py:418} INFO - Response status: 400
[2025-12-09T05:20:18.400+0000] {spark_read_mongo_dag.py:441} INFO - Response error: {"errorMessage":"Invalid value found at: nessieUri","moreInfo":"","stackTrace":[]}
[2025-12-09T05:20:18.401+0000] {spark_read_mongo_dag.py:446} INFO - Validation error details: {
  "errorMessage": "Invalid value found at: nessieUri",
  "moreInfo": "",
  "stackTrace": []
}
[2025-12-09T05:20:18.401+0000] {spark_read_mongo_dag.py:389} INFO - === Trying approach 7/10: type=NESSIE ===
[2025-12-09T05:20:18.402+0000] {spark_read_mongo_dag.py:404} INFO - Attempt config (masked): {
  "defaultBranch": "main",
  "warehouse": "s3a://iceberg",
  "propertyList": [
    {
      "name": "nessie.uri",
      "value": "http://nessie:19120/api/v2"
    },
    {
      "name": "fs.s3a.endpoint",
      "value": "minio:9000"
    },
    {
      "name": "fs.s3a.access.key",
      "value": "***MASKED***"
    },
    {
      "name": "fs.s3a.secret.key",
      "value": "***MASKED***"
    },
    {
      "name": "fs.s3a.path.style.access",
      "value": "true"
    },
    {
      "name": "fs.s3a.connection.ssl.enabled",
      "value": "false"
    }
  ]
}
[2025-12-09T05:20:18.402+0000] {spark_read_mongo_dag.py:414} INFO - Creating new source
[2025-12-09T05:20:18.411+0000] {spark_read_mongo_dag.py:418} INFO - Response status: 400
[2025-12-09T05:20:18.411+0000] {spark_read_mongo_dag.py:441} INFO - Response error: {"errorMessage":"Invalid value found at: defaultBranch","moreInfo":"","stackTrace":[]}
[2025-12-09T05:20:18.412+0000] {spark_read_mongo_dag.py:446} INFO - Validation error details: {
  "errorMessage": "Invalid value found at: defaultBranch",
  "moreInfo": "",
  "stackTrace": []
}
[2025-12-09T05:20:18.413+0000] {spark_read_mongo_dag.py:389} INFO - === Trying approach 8/10: type=ARCTIC ===
[2025-12-09T05:20:18.413+0000] {spark_read_mongo_dag.py:404} INFO - Attempt config (masked): {
  "nessieUri": "http://nessie:19120/api/v2",
  "defaultBranch": "main",
  "warehouse": "s3a://iceberg",
  "propertyList": [
    {
      "name": "fs.s3a.endpoint",
      "value": "minio:9000"
    },
    {
      "name": "fs.s3a.access.key",
      "value": "***MASKED***"
    },
    {
      "name": "fs.s3a.secret.key",
      "value": "***MASKED***"
    },
    {
      "name": "fs.s3a.path.style.access",
      "value": "true"
    },
    {
      "name": "fs.s3a.connection.ssl.enabled",
      "value": "false"
    }
  ]
}
[2025-12-09T05:20:18.414+0000] {spark_read_mongo_dag.py:414} INFO - Creating new source
[2025-12-09T05:20:18.419+0000] {spark_read_mongo_dag.py:418} INFO - Response status: 400
[2025-12-09T05:20:18.422+0000] {spark_read_mongo_dag.py:441} INFO - Response error: {"errorMessage":"Invalid value","moreInfo":"","stackTrace":[]}
[2025-12-09T05:20:18.423+0000] {spark_read_mongo_dag.py:446} INFO - Validation error details: {
  "errorMessage": "Invalid value",
  "moreInfo": "",
  "stackTrace": []
}
[2025-12-09T05:20:18.423+0000] {spark_read_mongo_dag.py:389} INFO - === Trying approach 9/10: type=DATA_LAKE ===
[2025-12-09T05:20:18.423+0000] {spark_read_mongo_dag.py:404} INFO - Attempt config (masked): {
  "rootPath": "s3a://iceberg",
  "propertyList": [
    {
      "name": "fs.s3a.endpoint",
      "value": "minio:9000"
    },
    {
      "name": "fs.s3a.access.key",
      "value": "***MASKED***"
    },
    {
      "name": "fs.s3a.secret.key",
      "value": "***MASKED***"
    },
    {
      "name": "fs.s3a.path.style.access",
      "value": "true"
    },
    {
      "name": "fs.s3a.connection.ssl.enabled",
      "value": "false"
    },
    {
      "name": "iceberg.catalog.type",
      "value": "nessie"
    },
    {
      "name": "iceberg.catalog.uri",
      "value": "http://nessie:19120/api/v2"
    },
    {
      "name": "iceberg.catalog.ref",
      "value": "main"
    }
  ]
}
[2025-12-09T05:20:18.424+0000] {spark_read_mongo_dag.py:414} INFO - Creating new source
[2025-12-09T05:20:18.431+0000] {spark_read_mongo_dag.py:418} INFO - Response status: 400
[2025-12-09T05:20:18.431+0000] {spark_read_mongo_dag.py:441} INFO - Response error: {"errorMessage":"Invalid value","moreInfo":"","stackTrace":[]}
[2025-12-09T05:20:18.432+0000] {spark_read_mongo_dag.py:446} INFO - Validation error details: {
  "errorMessage": "Invalid value",
  "moreInfo": "",
  "stackTrace": []
}
[2025-12-09T05:20:18.432+0000] {spark_read_mongo_dag.py:389} INFO - === Trying approach 10/10: type=HIVE ===
[2025-12-09T05:20:18.433+0000] {spark_read_mongo_dag.py:404} INFO - Attempt config (masked): {
  "propertyList": [
    {
      "name": "fs.s3a.endpoint",
      "value": "minio:9000"
    },
    {
      "name": "fs.s3a.access.key",
      "value": "***MASKED***"
    },
    {
      "name": "fs.s3a.secret.key",
      "value": "***MASKED***"
    },
    {
      "name": "fs.s3a.path.style.access",
      "value": "true"
    },
    {
      "name": "fs.s3a.connection.ssl.enabled",
      "value": "false"
    },
    {
      "name": "iceberg.enabled",
      "value": "true"
    },
    {
      "name": "iceberg.catalog.type",
      "value": "nessie"
    },
    {
      "name": "iceberg.catalog.uri",
      "value": "http://nessie:19120/api/v2"
    },
    {
      "name": "iceberg.catalog.warehouse",
      "value": "s3a://iceberg"
    },
    {
      "name": "iceberg.catalog.ref",
      "value": "main"
    }
  ]
}
[2025-12-09T05:20:18.433+0000] {spark_read_mongo_dag.py:414} INFO - Creating new source
[2025-12-09T05:20:18.443+0000] {spark_read_mongo_dag.py:418} INFO - Response status: 409
[2025-12-09T05:20:18.444+0000] {spark_read_mongo_dag.py:437} WARNING - Source already exists
[2025-12-09T05:20:18.450+0000] {python.py:237} INFO - Done. Returned value was: {'status': 'exists', 'message': 'Source already exists'}
[2025-12-09T05:20:18.450+0000] {taskinstance.py:441} INFO - ::group::Post task execution logs
[2025-12-09T05:20:18.692+0000] {taskinstance.py:1206} INFO - Marking task as SUCCESS. dag_id=mongo_iceberg_dremio_dagg, task_id=configure_dremio_source, run_id=manual__2025-12-09T05:18:53.297318+00:00, execution_date=20251209T051853, start_date=20251209T052017, end_date=20251209T052018
[2025-12-09T05:20:18.782+0000] {local_task_job_runner.py:240} INFO - Task exited with return code 0
[2025-12-09T05:20:18.870+0000] {taskinstance.py:3503} INFO - 1 downstream tasks scheduled from follow-on schedule check
[2025-12-09T05:20:18.955+0000] {local_task_job_runner.py:222} INFO - ::endgroup::
