[2025-12-06T07:12:24.192+0000] {local_task_job_runner.py:120} INFO - ::group::Pre task execution logs
[2025-12-06T07:12:24.234+0000] {taskinstance.py:2076} INFO - Dependencies all met for dep_context=non-requeueable deps ti=<TaskInstance: mongo_iceberg_dremio_dag.configure_dremio_source manual__2025-12-06T07:11:47.020300+00:00 [queued]>
[2025-12-06T07:12:24.242+0000] {taskinstance.py:2076} INFO - Dependencies all met for dep_context=requeueable deps ti=<TaskInstance: mongo_iceberg_dremio_dag.configure_dremio_source manual__2025-12-06T07:11:47.020300+00:00 [queued]>
[2025-12-06T07:12:24.243+0000] {taskinstance.py:2306} INFO - Starting attempt 1 of 1
[2025-12-06T07:12:24.293+0000] {taskinstance.py:2330} INFO - Executing <Task(PythonOperator): configure_dremio_source> on 2025-12-06 07:11:47.020300+00:00
[2025-12-06T07:12:24.300+0000] {standard_task_runner.py:63} INFO - Started process 1590 to run task
[2025-12-06T07:12:24.304+0000] {standard_task_runner.py:90} INFO - Running: ['***', 'tasks', 'run', 'mongo_iceberg_dremio_dag', 'configure_dremio_source', 'manual__2025-12-06T07:11:47.020300+00:00', '--job-id', '50', '--raw', '--subdir', 'DAGS_FOLDER/spark_read_mongo_dag.py', '--cfg-path', '/tmp/tmpz54ua4b7']
[2025-12-06T07:12:24.308+0000] {standard_task_runner.py:91} INFO - Job 50: Subtask configure_dremio_source
[2025-12-06T07:12:24.407+0000] {task_command.py:426} INFO - Running <TaskInstance: mongo_iceberg_dremio_dag.configure_dremio_source manual__2025-12-06T07:11:47.020300+00:00 [running]> on host 895e81bfa4e0
[2025-12-06T07:12:24.635+0000] {taskinstance.py:2648} INFO - Exporting env vars: AIRFLOW_CTX_DAG_OWNER='deeku' AIRFLOW_CTX_DAG_ID='mongo_iceberg_dremio_dag' AIRFLOW_CTX_TASK_ID='configure_dremio_source' AIRFLOW_CTX_EXECUTION_DATE='2025-12-06T07:11:47.020300+00:00' AIRFLOW_CTX_TRY_NUMBER='1' AIRFLOW_CTX_DAG_RUN_ID='manual__2025-12-06T07:11:47.020300+00:00'
[2025-12-06T07:12:24.636+0000] {taskinstance.py:430} INFO - ::endgroup::
[2025-12-06T07:12:24.652+0000] {spark_read_mongo_dag.py:244} INFO - create_dremio_iceberg_source: start (authType-variant probing)
[2025-12-06T07:12:24.653+0000] {spark_read_mongo_dag.py:279} INFO - Nessie candidates: ['http://nessie:19120/api/v2', 'http://nessie:19120/api/v2/', 'http://nessie:19120/api/v2/trees', 'http://nessie:19120/api/v2/trees/', 'http://nessie:19120/api/v2/refs', 'http://nessie:19120/api/v2/refs/', 'http://nessie:19120', 'http://nessie:19120/']
[2025-12-06T07:12:24.734+0000] {spark_read_mongo_dag.py:315} INFO - Dremio source exists=False id=None
[2025-12-06T07:12:24.814+0000] {spark_read_mongo_dag.py:348} INFO - Trying POST nessieUri=http://nessie:19120/api/v2 authType=None
[2025-12-06T07:12:24.821+0000] {spark_read_mongo_dag.py:355} INFO - Response for (http://nessie:19120/api/v2, None): 400 {"errorMessage":"Invalid value found at: secretPropertyList","moreInfo":"","stackTrace":[]}
[2025-12-06T07:12:24.822+0000] {spark_read_mongo_dag.py:373} WARNING - 400 for (http://nessie:19120/api/v2,None): {"errorMessage":"Invalid value found at: secretPropertyList","moreInfo":"","stackTrace":[]}
[2025-12-06T07:12:24.823+0000] {spark_read_mongo_dag.py:348} INFO - Trying POST nessieUri=http://nessie:19120/api/v2 authType=NO_AUTH
[2025-12-06T07:12:24.829+0000] {spark_read_mongo_dag.py:355} INFO - Response for (http://nessie:19120/api/v2, NO_AUTH): 400 {"errorMessage":"Invalid value found at: secretPropertyList","moreInfo":"","stackTrace":[]}
[2025-12-06T07:12:24.830+0000] {spark_read_mongo_dag.py:373} WARNING - 400 for (http://nessie:19120/api/v2,NO_AUTH): {"errorMessage":"Invalid value found at: secretPropertyList","moreInfo":"","stackTrace":[]}
[2025-12-06T07:12:24.831+0000] {spark_read_mongo_dag.py:348} INFO - Trying POST nessieUri=http://nessie:19120/api/v2 authType=NONE
[2025-12-06T07:12:24.837+0000] {spark_read_mongo_dag.py:355} INFO - Response for (http://nessie:19120/api/v2, NONE): 400 {"errorMessage":"Invalid value found at: secretPropertyList","moreInfo":"","stackTrace":[]}
[2025-12-06T07:12:24.838+0000] {spark_read_mongo_dag.py:373} WARNING - 400 for (http://nessie:19120/api/v2,NONE): {"errorMessage":"Invalid value found at: secretPropertyList","moreInfo":"","stackTrace":[]}
[2025-12-06T07:12:24.838+0000] {spark_read_mongo_dag.py:348} INFO - Trying POST nessieUri=http://nessie:19120/api/v2/ authType=None
[2025-12-06T07:12:24.846+0000] {spark_read_mongo_dag.py:355} INFO - Response for (http://nessie:19120/api/v2/, None): 400 {"errorMessage":"Invalid value found at: secretPropertyList","moreInfo":"","stackTrace":[]}
[2025-12-06T07:12:24.847+0000] {spark_read_mongo_dag.py:373} WARNING - 400 for (http://nessie:19120/api/v2/,None): {"errorMessage":"Invalid value found at: secretPropertyList","moreInfo":"","stackTrace":[]}
[2025-12-06T07:12:24.847+0000] {spark_read_mongo_dag.py:348} INFO - Trying POST nessieUri=http://nessie:19120/api/v2/ authType=NO_AUTH
[2025-12-06T07:12:24.855+0000] {spark_read_mongo_dag.py:355} INFO - Response for (http://nessie:19120/api/v2/, NO_AUTH): 400 {"errorMessage":"Invalid value found at: secretPropertyList","moreInfo":"","stackTrace":[]}
[2025-12-06T07:12:24.856+0000] {spark_read_mongo_dag.py:373} WARNING - 400 for (http://nessie:19120/api/v2/,NO_AUTH): {"errorMessage":"Invalid value found at: secretPropertyList","moreInfo":"","stackTrace":[]}
[2025-12-06T07:12:24.860+0000] {spark_read_mongo_dag.py:348} INFO - Trying POST nessieUri=http://nessie:19120/api/v2/ authType=NONE
[2025-12-06T07:12:24.866+0000] {spark_read_mongo_dag.py:355} INFO - Response for (http://nessie:19120/api/v2/, NONE): 400 {"errorMessage":"Invalid value found at: secretPropertyList","moreInfo":"","stackTrace":[]}
[2025-12-06T07:12:24.867+0000] {spark_read_mongo_dag.py:373} WARNING - 400 for (http://nessie:19120/api/v2/,NONE): {"errorMessage":"Invalid value found at: secretPropertyList","moreInfo":"","stackTrace":[]}
[2025-12-06T07:12:24.869+0000] {spark_read_mongo_dag.py:348} INFO - Trying POST nessieUri=http://nessie:19120/api/v2/trees authType=None
[2025-12-06T07:12:24.876+0000] {spark_read_mongo_dag.py:355} INFO - Response for (http://nessie:19120/api/v2/trees, None): 400 {"errorMessage":"Invalid value found at: secretPropertyList","moreInfo":"","stackTrace":[]}
[2025-12-06T07:12:24.877+0000] {spark_read_mongo_dag.py:373} WARNING - 400 for (http://nessie:19120/api/v2/trees,None): {"errorMessage":"Invalid value found at: secretPropertyList","moreInfo":"","stackTrace":[]}
[2025-12-06T07:12:24.877+0000] {spark_read_mongo_dag.py:348} INFO - Trying POST nessieUri=http://nessie:19120/api/v2/trees authType=NO_AUTH
[2025-12-06T07:12:24.884+0000] {spark_read_mongo_dag.py:355} INFO - Response for (http://nessie:19120/api/v2/trees, NO_AUTH): 400 {"errorMessage":"Invalid value found at: secretPropertyList","moreInfo":"","stackTrace":[]}
[2025-12-06T07:12:24.885+0000] {spark_read_mongo_dag.py:373} WARNING - 400 for (http://nessie:19120/api/v2/trees,NO_AUTH): {"errorMessage":"Invalid value found at: secretPropertyList","moreInfo":"","stackTrace":[]}
[2025-12-06T07:12:24.885+0000] {spark_read_mongo_dag.py:348} INFO - Trying POST nessieUri=http://nessie:19120/api/v2/trees authType=NONE
[2025-12-06T07:12:24.891+0000] {spark_read_mongo_dag.py:355} INFO - Response for (http://nessie:19120/api/v2/trees, NONE): 400 {"errorMessage":"Invalid value found at: secretPropertyList","moreInfo":"","stackTrace":[]}
[2025-12-06T07:12:24.891+0000] {spark_read_mongo_dag.py:373} WARNING - 400 for (http://nessie:19120/api/v2/trees,NONE): {"errorMessage":"Invalid value found at: secretPropertyList","moreInfo":"","stackTrace":[]}
[2025-12-06T07:12:24.892+0000] {spark_read_mongo_dag.py:348} INFO - Trying POST nessieUri=http://nessie:19120/api/v2/trees/ authType=None
[2025-12-06T07:12:24.899+0000] {spark_read_mongo_dag.py:355} INFO - Response for (http://nessie:19120/api/v2/trees/, None): 400 {"errorMessage":"Invalid value found at: secretPropertyList","moreInfo":"","stackTrace":[]}
[2025-12-06T07:12:24.900+0000] {spark_read_mongo_dag.py:373} WARNING - 400 for (http://nessie:19120/api/v2/trees/,None): {"errorMessage":"Invalid value found at: secretPropertyList","moreInfo":"","stackTrace":[]}
[2025-12-06T07:12:24.901+0000] {spark_read_mongo_dag.py:348} INFO - Trying POST nessieUri=http://nessie:19120/api/v2/trees/ authType=NO_AUTH
[2025-12-06T07:12:24.906+0000] {spark_read_mongo_dag.py:355} INFO - Response for (http://nessie:19120/api/v2/trees/, NO_AUTH): 400 {"errorMessage":"Invalid value found at: secretPropertyList","moreInfo":"","stackTrace":[]}
[2025-12-06T07:12:24.907+0000] {spark_read_mongo_dag.py:373} WARNING - 400 for (http://nessie:19120/api/v2/trees/,NO_AUTH): {"errorMessage":"Invalid value found at: secretPropertyList","moreInfo":"","stackTrace":[]}
[2025-12-06T07:12:24.907+0000] {spark_read_mongo_dag.py:348} INFO - Trying POST nessieUri=http://nessie:19120/api/v2/trees/ authType=NONE
[2025-12-06T07:12:24.913+0000] {spark_read_mongo_dag.py:355} INFO - Response for (http://nessie:19120/api/v2/trees/, NONE): 400 {"errorMessage":"Invalid value found at: secretPropertyList","moreInfo":"","stackTrace":[]}
[2025-12-06T07:12:24.913+0000] {spark_read_mongo_dag.py:373} WARNING - 400 for (http://nessie:19120/api/v2/trees/,NONE): {"errorMessage":"Invalid value found at: secretPropertyList","moreInfo":"","stackTrace":[]}
[2025-12-06T07:12:24.914+0000] {spark_read_mongo_dag.py:348} INFO - Trying POST nessieUri=http://nessie:19120/api/v2/refs authType=None
[2025-12-06T07:12:24.920+0000] {spark_read_mongo_dag.py:355} INFO - Response for (http://nessie:19120/api/v2/refs, None): 400 {"errorMessage":"Invalid value found at: secretPropertyList","moreInfo":"","stackTrace":[]}
[2025-12-06T07:12:24.920+0000] {spark_read_mongo_dag.py:373} WARNING - 400 for (http://nessie:19120/api/v2/refs,None): {"errorMessage":"Invalid value found at: secretPropertyList","moreInfo":"","stackTrace":[]}
[2025-12-06T07:12:24.921+0000] {spark_read_mongo_dag.py:348} INFO - Trying POST nessieUri=http://nessie:19120/api/v2/refs authType=NO_AUTH
[2025-12-06T07:12:24.926+0000] {spark_read_mongo_dag.py:355} INFO - Response for (http://nessie:19120/api/v2/refs, NO_AUTH): 400 {"errorMessage":"Invalid value found at: secretPropertyList","moreInfo":"","stackTrace":[]}
[2025-12-06T07:12:24.927+0000] {spark_read_mongo_dag.py:373} WARNING - 400 for (http://nessie:19120/api/v2/refs,NO_AUTH): {"errorMessage":"Invalid value found at: secretPropertyList","moreInfo":"","stackTrace":[]}
[2025-12-06T07:12:24.927+0000] {spark_read_mongo_dag.py:348} INFO - Trying POST nessieUri=http://nessie:19120/api/v2/refs authType=NONE
[2025-12-06T07:12:24.933+0000] {spark_read_mongo_dag.py:355} INFO - Response for (http://nessie:19120/api/v2/refs, NONE): 400 {"errorMessage":"Invalid value found at: secretPropertyList","moreInfo":"","stackTrace":[]}
[2025-12-06T07:12:24.934+0000] {spark_read_mongo_dag.py:373} WARNING - 400 for (http://nessie:19120/api/v2/refs,NONE): {"errorMessage":"Invalid value found at: secretPropertyList","moreInfo":"","stackTrace":[]}
[2025-12-06T07:12:24.935+0000] {spark_read_mongo_dag.py:348} INFO - Trying POST nessieUri=http://nessie:19120/api/v2/refs/ authType=None
[2025-12-06T07:12:24.941+0000] {spark_read_mongo_dag.py:355} INFO - Response for (http://nessie:19120/api/v2/refs/, None): 400 {"errorMessage":"Invalid value found at: secretPropertyList","moreInfo":"","stackTrace":[]}
[2025-12-06T07:12:24.942+0000] {spark_read_mongo_dag.py:373} WARNING - 400 for (http://nessie:19120/api/v2/refs/,None): {"errorMessage":"Invalid value found at: secretPropertyList","moreInfo":"","stackTrace":[]}
[2025-12-06T07:12:24.942+0000] {spark_read_mongo_dag.py:348} INFO - Trying POST nessieUri=http://nessie:19120/api/v2/refs/ authType=NO_AUTH
[2025-12-06T07:12:24.949+0000] {spark_read_mongo_dag.py:355} INFO - Response for (http://nessie:19120/api/v2/refs/, NO_AUTH): 400 {"errorMessage":"Invalid value found at: secretPropertyList","moreInfo":"","stackTrace":[]}
[2025-12-06T07:12:24.950+0000] {spark_read_mongo_dag.py:373} WARNING - 400 for (http://nessie:19120/api/v2/refs/,NO_AUTH): {"errorMessage":"Invalid value found at: secretPropertyList","moreInfo":"","stackTrace":[]}
[2025-12-06T07:12:24.951+0000] {spark_read_mongo_dag.py:348} INFO - Trying POST nessieUri=http://nessie:19120/api/v2/refs/ authType=NONE
[2025-12-06T07:12:24.956+0000] {spark_read_mongo_dag.py:355} INFO - Response for (http://nessie:19120/api/v2/refs/, NONE): 400 {"errorMessage":"Invalid value found at: secretPropertyList","moreInfo":"","stackTrace":[]}
[2025-12-06T07:12:24.957+0000] {spark_read_mongo_dag.py:373} WARNING - 400 for (http://nessie:19120/api/v2/refs/,NONE): {"errorMessage":"Invalid value found at: secretPropertyList","moreInfo":"","stackTrace":[]}
[2025-12-06T07:12:24.958+0000] {spark_read_mongo_dag.py:348} INFO - Trying POST nessieUri=http://nessie:19120 authType=None
[2025-12-06T07:12:24.964+0000] {spark_read_mongo_dag.py:355} INFO - Response for (http://nessie:19120, None): 400 {"errorMessage":"Invalid value found at: secretPropertyList","moreInfo":"","stackTrace":[]}
[2025-12-06T07:12:24.965+0000] {spark_read_mongo_dag.py:373} WARNING - 400 for (http://nessie:19120,None): {"errorMessage":"Invalid value found at: secretPropertyList","moreInfo":"","stackTrace":[]}
[2025-12-06T07:12:24.965+0000] {spark_read_mongo_dag.py:348} INFO - Trying POST nessieUri=http://nessie:19120 authType=NO_AUTH
[2025-12-06T07:12:24.971+0000] {spark_read_mongo_dag.py:355} INFO - Response for (http://nessie:19120, NO_AUTH): 400 {"errorMessage":"Invalid value found at: secretPropertyList","moreInfo":"","stackTrace":[]}
[2025-12-06T07:12:24.972+0000] {spark_read_mongo_dag.py:373} WARNING - 400 for (http://nessie:19120,NO_AUTH): {"errorMessage":"Invalid value found at: secretPropertyList","moreInfo":"","stackTrace":[]}
[2025-12-06T07:12:24.972+0000] {spark_read_mongo_dag.py:348} INFO - Trying POST nessieUri=http://nessie:19120 authType=NONE
[2025-12-06T07:12:24.978+0000] {spark_read_mongo_dag.py:355} INFO - Response for (http://nessie:19120, NONE): 400 {"errorMessage":"Invalid value found at: secretPropertyList","moreInfo":"","stackTrace":[]}
[2025-12-06T07:12:24.979+0000] {spark_read_mongo_dag.py:373} WARNING - 400 for (http://nessie:19120,NONE): {"errorMessage":"Invalid value found at: secretPropertyList","moreInfo":"","stackTrace":[]}
[2025-12-06T07:12:24.980+0000] {spark_read_mongo_dag.py:348} INFO - Trying POST nessieUri=http://nessie:19120/ authType=None
[2025-12-06T07:12:24.986+0000] {spark_read_mongo_dag.py:355} INFO - Response for (http://nessie:19120/, None): 400 {"errorMessage":"Invalid value found at: secretPropertyList","moreInfo":"","stackTrace":[]}
[2025-12-06T07:12:24.987+0000] {spark_read_mongo_dag.py:373} WARNING - 400 for (http://nessie:19120/,None): {"errorMessage":"Invalid value found at: secretPropertyList","moreInfo":"","stackTrace":[]}
[2025-12-06T07:12:24.987+0000] {spark_read_mongo_dag.py:348} INFO - Trying POST nessieUri=http://nessie:19120/ authType=NO_AUTH
[2025-12-06T07:12:24.993+0000] {spark_read_mongo_dag.py:355} INFO - Response for (http://nessie:19120/, NO_AUTH): 400 {"errorMessage":"Invalid value found at: secretPropertyList","moreInfo":"","stackTrace":[]}
[2025-12-06T07:12:24.994+0000] {spark_read_mongo_dag.py:373} WARNING - 400 for (http://nessie:19120/,NO_AUTH): {"errorMessage":"Invalid value found at: secretPropertyList","moreInfo":"","stackTrace":[]}
[2025-12-06T07:12:24.995+0000] {spark_read_mongo_dag.py:348} INFO - Trying POST nessieUri=http://nessie:19120/ authType=NONE
[2025-12-06T07:12:25.002+0000] {spark_read_mongo_dag.py:355} INFO - Response for (http://nessie:19120/, NONE): 400 {"errorMessage":"Invalid value found at: secretPropertyList","moreInfo":"","stackTrace":[]}
[2025-12-06T07:12:25.003+0000] {spark_read_mongo_dag.py:373} WARNING - 400 for (http://nessie:19120/,NONE): {"errorMessage":"Invalid value found at: secretPropertyList","moreInfo":"","stackTrace":[]}
[2025-12-06T07:12:25.004+0000] {spark_read_mongo_dag.py:384} ERROR - Exhausted all candidates/auth variants. Last error: {"errorMessage":"Invalid value found at: secretPropertyList","moreInfo":"","stackTrace":[]}
[2025-12-06T07:12:25.005+0000] {taskinstance.py:441} INFO - ::group::Post task execution logs
[2025-12-06T07:12:25.006+0000] {taskinstance.py:2905} ERROR - Task failed with exception
Traceback (most recent call last):
  File "/home/airflow/.local/lib/python3.9/site-packages/airflow/models/taskinstance.py", line 465, in _execute_task
    result = _execute_callable(context=context, **execute_callable_kwargs)
  File "/home/airflow/.local/lib/python3.9/site-packages/airflow/models/taskinstance.py", line 432, in _execute_callable
    return execute_callable(context=context, **execute_callable_kwargs)
  File "/home/airflow/.local/lib/python3.9/site-packages/airflow/models/baseoperator.py", line 401, in wrapper
    return func(self, *args, **kwargs)
  File "/home/airflow/.local/lib/python3.9/site-packages/airflow/operators/python.py", line 235, in execute
    return_value = self.execute_callable()
  File "/home/airflow/.local/lib/python3.9/site-packages/airflow/operators/python.py", line 252, in execute_callable
    return self.python_callable(*self.op_args, **self.op_kwargs)
  File "/opt/airflow/dags/spark_read_mongo_dag.py", line 385, in create_dremio_iceberg_source
    raise RuntimeError(f"Failed creating/updating Dremio source (exhausted). Last error: {last_error}")
RuntimeError: Failed creating/updating Dremio source (exhausted). Last error: {"errorMessage":"Invalid value found at: secretPropertyList","moreInfo":"","stackTrace":[]}
[2025-12-06T07:12:25.026+0000] {taskinstance.py:1206} INFO - Marking task as FAILED. dag_id=mongo_iceberg_dremio_dag, task_id=configure_dremio_source, run_id=manual__2025-12-06T07:11:47.020300+00:00, execution_date=20251206T071147, start_date=20251206T071224, end_date=20251206T071225
[2025-12-06T07:12:25.066+0000] {standard_task_runner.py:110} ERROR - Failed to execute job 50 for task configure_dremio_source (Failed creating/updating Dremio source (exhausted). Last error: {"errorMessage":"Invalid value found at: secretPropertyList","moreInfo":"","stackTrace":[]}; 1590)
[2025-12-06T07:12:25.080+0000] {local_task_job_runner.py:240} INFO - Task exited with return code 1
[2025-12-06T07:12:25.115+0000] {taskinstance.py:3503} INFO - 0 downstream tasks scheduled from follow-on schedule check
[2025-12-06T07:12:25.151+0000] {local_task_job_runner.py:222} INFO - ::endgroup::
