[2025-12-03T06:25:44.730+0000] {local_task_job_runner.py:120} INFO - ::group::Pre task execution logs
[2025-12-03T06:25:44.797+0000] {taskinstance.py:2076} INFO - Dependencies all met for dep_context=non-requeueable deps ti=<TaskInstance: mongo_iceberg_dag.run_mongo_to_iceberg manual__2025-12-03T06:25:43.489021+00:00 [queued]>
[2025-12-03T06:25:44.804+0000] {taskinstance.py:2076} INFO - Dependencies all met for dep_context=requeueable deps ti=<TaskInstance: mongo_iceberg_dag.run_mongo_to_iceberg manual__2025-12-03T06:25:43.489021+00:00 [queued]>
[2025-12-03T06:25:44.806+0000] {taskinstance.py:2306} INFO - Starting attempt 1 of 1
[2025-12-03T06:25:44.862+0000] {taskinstance.py:2330} INFO - Executing <Task(PythonOperator): run_mongo_to_iceberg> on 2025-12-03 06:25:43.489021+00:00
[2025-12-03T06:25:44.867+0000] {standard_task_runner.py:63} INFO - Started process 977 to run task
[2025-12-03T06:25:44.870+0000] {standard_task_runner.py:90} INFO - Running: ['***', 'tasks', 'run', 'mongo_iceberg_dag', 'run_mongo_to_iceberg', 'manual__2025-12-03T06:25:43.489021+00:00', '--job-id', '31', '--raw', '--subdir', 'DAGS_FOLDER/spark_read_mongo_dag.py', '--cfg-path', '/tmp/tmptdg32frt']
[2025-12-03T06:25:44.873+0000] {standard_task_runner.py:91} INFO - Job 31: Subtask run_mongo_to_iceberg
[2025-12-03T06:25:44.976+0000] {task_command.py:426} INFO - Running <TaskInstance: mongo_iceberg_dag.run_mongo_to_iceberg manual__2025-12-03T06:25:43.489021+00:00 [running]> on host cb8e7c19f994
[2025-12-03T06:25:45.147+0000] {taskinstance.py:2648} INFO - Exporting env vars: AIRFLOW_CTX_DAG_OWNER='deeku' AIRFLOW_CTX_DAG_ID='mongo_iceberg_dag' AIRFLOW_CTX_TASK_ID='run_mongo_to_iceberg' AIRFLOW_CTX_EXECUTION_DATE='2025-12-03T06:25:43.489021+00:00' AIRFLOW_CTX_TRY_NUMBER='1' AIRFLOW_CTX_DAG_RUN_ID='manual__2025-12-03T06:25:43.489021+00:00'
[2025-12-03T06:25:45.148+0000] {taskinstance.py:430} INFO - ::endgroup::
[2025-12-03T06:25:45.162+0000] {spark_read_mongo_dag.py:28} INFO - START run_spark_job
[2025-12-03T06:25:45.164+0000] {spark_read_mongo_dag.py:30} INFO - Checking path: /opt/***/spark_jobs/mongo_pyspark.py exists=True
[2025-12-03T06:25:45.164+0000] {spark_read_mongo_dag.py:30} INFO - Checking path: /opt/***/jars exists=True
[2025-12-03T06:25:45.167+0000] {spark_read_mongo_dag.py:34} INFO - Jar check: /opt/***/jars/mongo-spark-connector_2.12-10.1.1.jar exists=True size=156368
[2025-12-03T06:25:45.169+0000] {spark_read_mongo_dag.py:34} INFO - Jar check: /opt/***/jars/bson-4.11.2.jar exists=True size=511356
[2025-12-03T06:25:45.171+0000] {spark_read_mongo_dag.py:34} INFO - Jar check: /opt/***/jars/mongodb-driver-core-4.11.2.jar exists=True size=1670650
[2025-12-03T06:25:45.174+0000] {spark_read_mongo_dag.py:34} INFO - Jar check: /opt/***/jars/mongodb-driver-sync-4.11.2.jar exists=True size=151808
[2025-12-03T06:25:45.176+0000] {spark_read_mongo_dag.py:34} INFO - Jar check: /opt/***/jars/iceberg-spark-runtime-3.5_2.12-1.5.2.jar exists=True size=41604737
[2025-12-03T06:25:45.178+0000] {spark_read_mongo_dag.py:34} INFO - Jar check: /opt/***/jars/hadoop-aws-3.3.4.jar exists=True size=962685
[2025-12-03T06:25:45.180+0000] {spark_read_mongo_dag.py:34} INFO - Jar check: /opt/***/jars/aws-java-sdk-bundle-1.12.772.jar exists=True size=388405806
[2025-12-03T06:25:45.180+0000] {spark_read_mongo_dag.py:36} INFO - which spark-submit -> /home/***/.local/bin/spark-submit
[2025-12-03T06:25:45.181+0000] {spark_read_mongo_dag.py:45} INFO - ENV SPARK_HOME=/opt/spark/spark-3.4.1-bin-hadoop3 JAVA_HOME=/usr/lib/jvm/java-17-openjdk-amd64
[2025-12-03T06:25:45.181+0000] {spark_read_mongo_dag.py:46} INFO - Env PATH head: ['/opt/spark/spark-3.4.1-bin-hadoop3/bin', '/usr/lib/jvm/java-17-openjdk-amd64/bin', '/opt/spark/bin', '/usr/lib/jvm/java-17-openjdk-amd64/bin', '/root/bin']
[2025-12-03T06:25:45.182+0000] {spark_read_mongo_dag.py:49} INFO - Running command: spark-submit --jars /opt/***/jars/mongo-spark-connector_2.12-10.1.1.jar,/opt/***/jars/bson-4.11.2.jar,/opt/***/jars/mongodb-driver-core-4.11.2.jar,/opt/***/jars/mongodb-driver-sync-4.11.2.jar,/opt/***/jars/iceberg-spark-runtime-3.5_2.12-1.5.2.jar,/opt/***/jars/hadoop-aws-3.3.4.jar,/opt/***/jars/aws-java-sdk-bundle-1.12.772.jar /opt/***/spark_jobs/mongo_pyspark.py
[2025-12-03T06:26:34.418+0000] {spark_read_mongo_dag.py:51} INFO - Process finished. returncode=1
[2025-12-03T06:26:34.419+0000] {spark_read_mongo_dag.py:54} INFO - spark-submit stdout | 2025-12-03 06:25:48,473 INFO mongo_to_iceberg - START main at 2025-12-03 06:25:48
[2025-12-03T06:26:34.419+0000] {spark_read_mongo_dag.py:54} INFO - spark-submit stdout | 2025-12-03 06:25:48,473 INFO mongo_to_iceberg - Checking required JARs under /opt/***/jars
[2025-12-03T06:26:34.419+0000] {spark_read_mongo_dag.py:54} INFO - spark-submit stdout | 2025-12-03 06:25:48,474 INFO mongo_to_iceberg - JAR: /opt/***/jars/mongo-spark-connector_2.12-10.1.1.jar exists=True size=156368
[2025-12-03T06:26:34.420+0000] {spark_read_mongo_dag.py:54} INFO - spark-submit stdout | 2025-12-03 06:25:48,476 INFO mongo_to_iceberg - JAR: /opt/***/jars/bson-4.11.2.jar exists=True size=511356
[2025-12-03T06:26:34.420+0000] {spark_read_mongo_dag.py:54} INFO - spark-submit stdout | 2025-12-03 06:25:48,478 INFO mongo_to_iceberg - JAR: /opt/***/jars/mongodb-driver-core-4.11.2.jar exists=True size=1670650
[2025-12-03T06:26:34.421+0000] {spark_read_mongo_dag.py:54} INFO - spark-submit stdout | 2025-12-03 06:25:48,479 INFO mongo_to_iceberg - JAR: /opt/***/jars/mongodb-driver-sync-4.11.2.jar exists=True size=151808
[2025-12-03T06:26:34.421+0000] {spark_read_mongo_dag.py:54} INFO - spark-submit stdout | 2025-12-03 06:25:48,481 INFO mongo_to_iceberg - JAR: /opt/***/jars/iceberg-spark-runtime-3.5_2.12-1.5.2.jar exists=True size=41604737
[2025-12-03T06:26:34.421+0000] {spark_read_mongo_dag.py:54} INFO - spark-submit stdout | 2025-12-03 06:25:48,482 INFO mongo_to_iceberg - JAR: /opt/***/jars/hadoop-aws-3.3.4.jar exists=True size=962685
[2025-12-03T06:26:34.422+0000] {spark_read_mongo_dag.py:54} INFO - spark-submit stdout | 2025-12-03 06:25:48,483 INFO mongo_to_iceberg - JAR: /opt/***/jars/aws-java-sdk-bundle-1.12.772.jar exists=True size=388405806
[2025-12-03T06:26:34.422+0000] {spark_read_mongo_dag.py:54} INFO - spark-submit stdout | 2025-12-03 06:25:48,483 INFO mongo_to_iceberg - Mongo URI (masked): mongodb://172.168.168.206:27017/ai_segmentation.conversations
[2025-12-03T06:26:34.422+0000] {spark_read_mongo_dag.py:54} INFO - spark-submit stdout | 2025-12-03 06:25:48,483 INFO mongo_to_iceberg - Using Iceberg warehouse (must be s3a://): s3a://iceberg/
[2025-12-03T06:26:34.423+0000] {spark_read_mongo_dag.py:54} INFO - spark-submit stdout | 2025-12-03 06:25:48,483 INFO mongo_to_iceberg - S3 endpoint=http://minio:9000 path_style=true ssl_enabled=false
[2025-12-03T06:26:34.423+0000] {spark_read_mongo_dag.py:54} INFO - spark-submit stdout | 2025-12-03 06:25:48,483 INFO mongo_to_iceberg - Creating SparkSession...
[2025-12-03T06:26:34.423+0000] {spark_read_mongo_dag.py:54} INFO - spark-submit stdout | 2025-12-03 06:26:02,553 INFO mongo_to_iceberg - SparkSession created. Spark version=3.4.1
[2025-12-03T06:26:34.424+0000] {spark_read_mongo_dag.py:54} INFO - spark-submit stdout | 2025-12-03 06:26:03,158 INFO mongo_to_iceberg - spark.jars config=/opt/***/jars/mongo-spark-connector_2.12-10.1.1.jar,/opt/***/jars/bson-4.11.2.jar,/opt/***/jars/mongodb-driver-core-4.11.2.jar,/opt/***/jars/mongodb-driver-sync-4.11.2.jar,/opt/***/jars/iceberg-spark-runtime-3.5_2.12-1.5.2.jar,/opt/***/jars/hadoop-aws-3.3.4.jar,/opt/***/jars/aws-java-sdk-bundle-1.12.772.jar
[2025-12-03T06:26:34.424+0000] {spark_read_mongo_dag.py:54} INFO - spark-submit stdout | 2025-12-03 06:26:03,160 INFO mongo_to_iceberg - spark.mongodb.read.connection.uri=mongodb://172.168.168.206:27017/ai_segmentation.conversations
[2025-12-03T06:26:34.424+0000] {spark_read_mongo_dag.py:54} INFO - spark-submit stdout | 2025-12-03 06:26:03,160 INFO mongo_to_iceberg - spark.sql.catalog.iceberg_catalog.warehouse=s3a://iceberg/
[2025-12-03T06:26:34.425+0000] {spark_read_mongo_dag.py:54} INFO - spark-submit stdout | 2025-12-03 06:26:03,160 INFO mongo_to_iceberg - Starting read from MongoDB collection ai_segmentation.conversations
[2025-12-03T06:26:34.425+0000] {spark_read_mongo_dag.py:54} INFO - spark-submit stdout | 2025-12-03 06:26:33,822 ERROR mongo_to_iceberg - Exception during job: An error occurred while calling o62.load.
[2025-12-03T06:26:34.425+0000] {spark_read_mongo_dag.py:54} INFO - spark-submit stdout | : com.mongodb.MongoTimeoutException: Timed out after 30000 ms while waiting for a server that matches ReadPreferenceServerSelector{readPreference=primary}. Client view of cluster state is {type=UNKNOWN, servers=[{address=172.168.168.206:27017, type=UNKNOWN, state=CONNECTING, exception={com.mongodb.MongoSocketOpenException: Exception opening socket}, caused by {java.net.SocketTimeoutException: Connect timed out}}]
[2025-12-03T06:26:34.426+0000] {spark_read_mongo_dag.py:54} INFO - spark-submit stdout | 	at com.mongodb.internal.connection.BaseCluster.createTimeoutException(BaseCluster.java:380)
[2025-12-03T06:26:34.426+0000] {spark_read_mongo_dag.py:54} INFO - spark-submit stdout | 	at com.mongodb.internal.connection.BaseCluster.selectServer(BaseCluster.java:125)
[2025-12-03T06:26:34.426+0000] {spark_read_mongo_dag.py:54} INFO - spark-submit stdout | 	at com.mongodb.internal.connection.SingleServerCluster.selectServer(SingleServerCluster.java:46)
[2025-12-03T06:26:34.426+0000] {spark_read_mongo_dag.py:54} INFO - spark-submit stdout | 	at com.mongodb.internal.binding.ClusterBinding.getReadConnectionSource(ClusterBinding.java:116)
[2025-12-03T06:26:34.427+0000] {spark_read_mongo_dag.py:54} INFO - spark-submit stdout | 	at com.mongodb.client.internal.ClientSessionBinding.getConnectionSource(ClientSessionBinding.java:128)
[2025-12-03T06:26:34.427+0000] {spark_read_mongo_dag.py:54} INFO - spark-submit stdout | 	at com.mongodb.client.internal.ClientSessionBinding.getReadConnectionSource(ClientSessionBinding.java:92)
[2025-12-03T06:26:34.428+0000] {spark_read_mongo_dag.py:54} INFO - spark-submit stdout | 	at com.mongodb.internal.operation.SyncOperationHelper.withSuppliedResource(SyncOperationHelper.java:144)
[2025-12-03T06:26:34.428+0000] {spark_read_mongo_dag.py:54} INFO - spark-submit stdout | 	at com.mongodb.internal.operation.SyncOperationHelper.withSourceAndConnection(SyncOperationHelper.java:125)
[2025-12-03T06:26:34.429+0000] {spark_read_mongo_dag.py:54} INFO - spark-submit stdout | 	at com.mongodb.internal.operation.SyncOperationHelper.lambda$executeRetryableRead$4(SyncOperationHelper.java:189)
[2025-12-03T06:26:34.429+0000] {spark_read_mongo_dag.py:54} INFO - spark-submit stdout | 	at com.mongodb.internal.operation.SyncOperationHelper.lambda$decorateReadWithRetries$12(SyncOperationHelper.java:292)
[2025-12-03T06:26:34.429+0000] {spark_read_mongo_dag.py:54} INFO - spark-submit stdout | 	at com.mongodb.internal.async.function.RetryingSyncSupplier.get(RetryingSyncSupplier.java:67)
[2025-12-03T06:26:34.430+0000] {spark_read_mongo_dag.py:54} INFO - spark-submit stdout | 	at com.mongodb.internal.operation.SyncOperationHelper.executeRetryableRead(SyncOperationHelper.java:194)
[2025-12-03T06:26:34.430+0000] {spark_read_mongo_dag.py:54} INFO - spark-submit stdout | 	at com.mongodb.internal.operation.SyncOperationHelper.executeRetryableRead(SyncOperationHelper.java:176)
[2025-12-03T06:26:34.430+0000] {spark_read_mongo_dag.py:54} INFO - spark-submit stdout | 	at com.mongodb.internal.operation.AggregateOperationImpl.execute(AggregateOperationImpl.java:193)
[2025-12-03T06:26:34.431+0000] {spark_read_mongo_dag.py:54} INFO - spark-submit stdout | 	at com.mongodb.internal.operation.AggregateOperation.execute(AggregateOperation.java:153)
[2025-12-03T06:26:34.431+0000] {spark_read_mongo_dag.py:54} INFO - spark-submit stdout | 	at com.mongodb.internal.operation.AggregateOperation.execute(AggregateOperation.java:44)
[2025-12-03T06:26:34.431+0000] {spark_read_mongo_dag.py:54} INFO - spark-submit stdout | 	at com.mongodb.client.internal.MongoClientDelegate$DelegateOperationExecutor.execute(MongoClientDelegate.java:153)
[2025-12-03T06:26:34.431+0000] {spark_read_mongo_dag.py:54} INFO - spark-submit stdout | 	at com.mongodb.client.internal.MongoIterableImpl.execute(MongoIterableImpl.java:130)
[2025-12-03T06:26:34.432+0000] {spark_read_mongo_dag.py:54} INFO - spark-submit stdout | 	at com.mongodb.client.internal.MongoIterableImpl.iterator(MongoIterableImpl.java:90)
[2025-12-03T06:26:34.432+0000] {spark_read_mongo_dag.py:54} INFO - spark-submit stdout | 	at com.mongodb.client.internal.MongoIterableImpl.forEach(MongoIterableImpl.java:116)
[2025-12-03T06:26:34.432+0000] {spark_read_mongo_dag.py:54} INFO - spark-submit stdout | 	at com.mongodb.client.internal.MongoIterableImpl.into(MongoIterableImpl.java:125)
[2025-12-03T06:26:34.433+0000] {spark_read_mongo_dag.py:54} INFO - spark-submit stdout | 	at com.mongodb.spark.sql.connector.schema.InferSchema.lambda$inferSchema$0(InferSchema.java:86)
[2025-12-03T06:26:34.433+0000] {spark_read_mongo_dag.py:54} INFO - spark-submit stdout | 	at com.mongodb.spark.sql.connector.config.AbstractMongoConfig.withCollection(AbstractMongoConfig.java:173)
[2025-12-03T06:26:34.433+0000] {spark_read_mongo_dag.py:54} INFO - spark-submit stdout | 	at com.mongodb.spark.sql.connector.config.ReadConfig.withCollection(ReadConfig.java:45)
[2025-12-03T06:26:34.434+0000] {spark_read_mongo_dag.py:54} INFO - spark-submit stdout | 	at com.mongodb.spark.sql.connector.schema.InferSchema.inferSchema(InferSchema.java:82)
[2025-12-03T06:26:34.434+0000] {spark_read_mongo_dag.py:54} INFO - spark-submit stdout | 	at com.mongodb.spark.sql.connector.MongoTableProvider.inferSchema(MongoTableProvider.java:62)
[2025-12-03T06:26:34.434+0000] {spark_read_mongo_dag.py:54} INFO - spark-submit stdout | 	at org.apache.spark.sql.execution.datasources.v2.DataSourceV2Utils$.getTableFromProvider(DataSourceV2Utils.scala:90)
[2025-12-03T06:26:34.435+0000] {spark_read_mongo_dag.py:54} INFO - spark-submit stdout | 	at org.apache.spark.sql.execution.datasources.v2.DataSourceV2Utils$.loadV2Source(DataSourceV2Utils.scala:140)
[2025-12-03T06:26:34.435+0000] {spark_read_mongo_dag.py:54} INFO - spark-submit stdout | 	at org.apache.spark.sql.DataFrameReader.$anonfun$load$1(DataFrameReader.scala:210)
[2025-12-03T06:26:34.435+0000] {spark_read_mongo_dag.py:54} INFO - spark-submit stdout | 	at scala.Option.flatMap(Option.scala:271)
[2025-12-03T06:26:34.435+0000] {spark_read_mongo_dag.py:54} INFO - spark-submit stdout | 	at org.apache.spark.sql.DataFrameReader.load(DataFrameReader.scala:208)
[2025-12-03T06:26:34.436+0000] {spark_read_mongo_dag.py:54} INFO - spark-submit stdout | 	at org.apache.spark.sql.DataFrameReader.load(DataFrameReader.scala:172)
[2025-12-03T06:26:34.436+0000] {spark_read_mongo_dag.py:54} INFO - spark-submit stdout | 	at java.base/jdk.internal.reflect.NativeMethodAccessorImpl.invoke0(Native Method)
[2025-12-03T06:26:34.436+0000] {spark_read_mongo_dag.py:54} INFO - spark-submit stdout | 	at java.base/jdk.internal.reflect.NativeMethodAccessorImpl.invoke(NativeMethodAccessorImpl.java:77)
[2025-12-03T06:26:34.437+0000] {spark_read_mongo_dag.py:54} INFO - spark-submit stdout | 	at java.base/jdk.internal.reflect.DelegatingMethodAccessorImpl.invoke(DelegatingMethodAccessorImpl.java:43)
[2025-12-03T06:26:34.437+0000] {spark_read_mongo_dag.py:54} INFO - spark-submit stdout | 	at java.base/java.lang.reflect.Method.invoke(Method.java:569)
[2025-12-03T06:26:34.437+0000] {spark_read_mongo_dag.py:54} INFO - spark-submit stdout | 	at py4j.reflection.MethodInvoker.invoke(MethodInvoker.java:244)
[2025-12-03T06:26:34.438+0000] {spark_read_mongo_dag.py:54} INFO - spark-submit stdout | 	at py4j.reflection.ReflectionEngine.invoke(ReflectionEngine.java:374)
[2025-12-03T06:26:34.438+0000] {spark_read_mongo_dag.py:54} INFO - spark-submit stdout | 	at py4j.Gateway.invoke(Gateway.java:282)
[2025-12-03T06:26:34.438+0000] {spark_read_mongo_dag.py:54} INFO - spark-submit stdout | 	at py4j.commands.AbstractCommand.invokeMethod(AbstractCommand.java:132)
[2025-12-03T06:26:34.439+0000] {spark_read_mongo_dag.py:54} INFO - spark-submit stdout | 	at py4j.commands.CallCommand.execute(CallCommand.java:79)
[2025-12-03T06:26:34.439+0000] {spark_read_mongo_dag.py:54} INFO - spark-submit stdout | 	at py4j.ClientServerConnection.waitForCommands(ClientServerConnection.java:182)
[2025-12-03T06:26:34.439+0000] {spark_read_mongo_dag.py:54} INFO - spark-submit stdout | 	at py4j.ClientServerConnection.run(ClientServerConnection.java:106)
[2025-12-03T06:26:34.440+0000] {spark_read_mongo_dag.py:54} INFO - spark-submit stdout | 	at java.base/java.lang.Thread.run(Thread.java:840)
[2025-12-03T06:26:34.440+0000] {spark_read_mongo_dag.py:54} INFO - spark-submit stdout | 
[2025-12-03T06:26:34.440+0000] {spark_read_mongo_dag.py:54} INFO - spark-submit stdout | 2025-12-03 06:26:33,829 ERROR mongo_to_iceberg - Traceback:
[2025-12-03T06:26:34.440+0000] {spark_read_mongo_dag.py:54} INFO - spark-submit stdout | Traceback (most recent call last):
[2025-12-03T06:26:34.441+0000] {spark_read_mongo_dag.py:54} INFO - spark-submit stdout |   File "/opt/***/spark_jobs/mongo_pyspark.py", line 526, in main
[2025-12-03T06:26:34.441+0000] {spark_read_mongo_dag.py:54} INFO - spark-submit stdout |     spark.read
[2025-12-03T06:26:34.441+0000] {spark_read_mongo_dag.py:54} INFO - spark-submit stdout |   File "/opt/spark/spark-3.4.1-bin-hadoop3/python/lib/pyspark.zip/pyspark/sql/readwriter.py", line 307, in load
[2025-12-03T06:26:34.442+0000] {spark_read_mongo_dag.py:54} INFO - spark-submit stdout |     return self._df(self._jreader.load())
[2025-12-03T06:26:34.442+0000] {spark_read_mongo_dag.py:54} INFO - spark-submit stdout |   File "/opt/spark/spark-3.4.1-bin-hadoop3/python/lib/py4j-0.10.9.7-src.zip/py4j/java_gateway.py", line 1322, in __call__
[2025-12-03T06:26:34.442+0000] {spark_read_mongo_dag.py:54} INFO - spark-submit stdout |     return_value = get_return_value(
[2025-12-03T06:26:34.443+0000] {spark_read_mongo_dag.py:54} INFO - spark-submit stdout |   File "/opt/spark/spark-3.4.1-bin-hadoop3/python/lib/pyspark.zip/pyspark/errors/exceptions/captured.py", line 169, in deco
[2025-12-03T06:26:34.443+0000] {spark_read_mongo_dag.py:54} INFO - spark-submit stdout |     return f(*a, **kw)
[2025-12-03T06:26:34.444+0000] {spark_read_mongo_dag.py:54} INFO - spark-submit stdout |   File "/opt/spark/spark-3.4.1-bin-hadoop3/python/lib/py4j-0.10.9.7-src.zip/py4j/protocol.py", line 326, in get_return_value
[2025-12-03T06:26:34.444+0000] {spark_read_mongo_dag.py:54} INFO - spark-submit stdout |     raise Py4JJavaError(
[2025-12-03T06:26:34.445+0000] {spark_read_mongo_dag.py:54} INFO - spark-submit stdout | py4j.protocol.Py4JJavaError: An error occurred while calling o62.load.
[2025-12-03T06:26:34.445+0000] {spark_read_mongo_dag.py:54} INFO - spark-submit stdout | : com.mongodb.MongoTimeoutException: Timed out after 30000 ms while waiting for a server that matches ReadPreferenceServerSelector{readPreference=primary}. Client view of cluster state is {type=UNKNOWN, servers=[{address=172.168.168.206:27017, type=UNKNOWN, state=CONNECTING, exception={com.mongodb.MongoSocketOpenException: Exception opening socket}, caused by {java.net.SocketTimeoutException: Connect timed out}}]
[2025-12-03T06:26:34.446+0000] {spark_read_mongo_dag.py:54} INFO - spark-submit stdout | 	at com.mongodb.internal.connection.BaseCluster.createTimeoutException(BaseCluster.java:380)
[2025-12-03T06:26:34.446+0000] {spark_read_mongo_dag.py:54} INFO - spark-submit stdout | 	at com.mongodb.internal.connection.BaseCluster.selectServer(BaseCluster.java:125)
[2025-12-03T06:26:34.446+0000] {spark_read_mongo_dag.py:54} INFO - spark-submit stdout | 	at com.mongodb.internal.connection.SingleServerCluster.selectServer(SingleServerCluster.java:46)
[2025-12-03T06:26:34.447+0000] {spark_read_mongo_dag.py:54} INFO - spark-submit stdout | 	at com.mongodb.internal.binding.ClusterBinding.getReadConnectionSource(ClusterBinding.java:116)
[2025-12-03T06:26:34.447+0000] {spark_read_mongo_dag.py:54} INFO - spark-submit stdout | 	at com.mongodb.client.internal.ClientSessionBinding.getConnectionSource(ClientSessionBinding.java:128)
[2025-12-03T06:26:34.447+0000] {spark_read_mongo_dag.py:54} INFO - spark-submit stdout | 	at com.mongodb.client.internal.ClientSessionBinding.getReadConnectionSource(ClientSessionBinding.java:92)
[2025-12-03T06:26:34.448+0000] {spark_read_mongo_dag.py:54} INFO - spark-submit stdout | 	at com.mongodb.internal.operation.SyncOperationHelper.withSuppliedResource(SyncOperationHelper.java:144)
[2025-12-03T06:26:34.448+0000] {spark_read_mongo_dag.py:54} INFO - spark-submit stdout | 	at com.mongodb.internal.operation.SyncOperationHelper.withSourceAndConnection(SyncOperationHelper.java:125)
[2025-12-03T06:26:34.448+0000] {spark_read_mongo_dag.py:54} INFO - spark-submit stdout | 	at com.mongodb.internal.operation.SyncOperationHelper.lambda$executeRetryableRead$4(SyncOperationHelper.java:189)
[2025-12-03T06:26:34.449+0000] {spark_read_mongo_dag.py:54} INFO - spark-submit stdout | 	at com.mongodb.internal.operation.SyncOperationHelper.lambda$decorateReadWithRetries$12(SyncOperationHelper.java:292)
[2025-12-03T06:26:34.449+0000] {spark_read_mongo_dag.py:54} INFO - spark-submit stdout | 	at com.mongodb.internal.async.function.RetryingSyncSupplier.get(RetryingSyncSupplier.java:67)
[2025-12-03T06:26:34.449+0000] {spark_read_mongo_dag.py:54} INFO - spark-submit stdout | 	at com.mongodb.internal.operation.SyncOperationHelper.executeRetryableRead(SyncOperationHelper.java:194)
[2025-12-03T06:26:34.450+0000] {spark_read_mongo_dag.py:54} INFO - spark-submit stdout | 	at com.mongodb.internal.operation.SyncOperationHelper.executeRetryableRead(SyncOperationHelper.java:176)
[2025-12-03T06:26:34.450+0000] {spark_read_mongo_dag.py:54} INFO - spark-submit stdout | 	at com.mongodb.internal.operation.AggregateOperationImpl.execute(AggregateOperationImpl.java:193)
[2025-12-03T06:26:34.450+0000] {spark_read_mongo_dag.py:54} INFO - spark-submit stdout | 	at com.mongodb.internal.operation.AggregateOperation.execute(AggregateOperation.java:153)
[2025-12-03T06:26:34.451+0000] {spark_read_mongo_dag.py:54} INFO - spark-submit stdout | 	at com.mongodb.internal.operation.AggregateOperation.execute(AggregateOperation.java:44)
[2025-12-03T06:26:34.451+0000] {spark_read_mongo_dag.py:54} INFO - spark-submit stdout | 	at com.mongodb.client.internal.MongoClientDelegate$DelegateOperationExecutor.execute(MongoClientDelegate.java:153)
[2025-12-03T06:26:34.451+0000] {spark_read_mongo_dag.py:54} INFO - spark-submit stdout | 	at com.mongodb.client.internal.MongoIterableImpl.execute(MongoIterableImpl.java:130)
[2025-12-03T06:26:34.451+0000] {spark_read_mongo_dag.py:54} INFO - spark-submit stdout | 	at com.mongodb.client.internal.MongoIterableImpl.iterator(MongoIterableImpl.java:90)
[2025-12-03T06:26:34.452+0000] {spark_read_mongo_dag.py:54} INFO - spark-submit stdout | 	at com.mongodb.client.internal.MongoIterableImpl.forEach(MongoIterableImpl.java:116)
[2025-12-03T06:26:34.452+0000] {spark_read_mongo_dag.py:54} INFO - spark-submit stdout | 	at com.mongodb.client.internal.MongoIterableImpl.into(MongoIterableImpl.java:125)
[2025-12-03T06:26:34.453+0000] {spark_read_mongo_dag.py:54} INFO - spark-submit stdout | 	at com.mongodb.spark.sql.connector.schema.InferSchema.lambda$inferSchema$0(InferSchema.java:86)
[2025-12-03T06:26:34.453+0000] {spark_read_mongo_dag.py:54} INFO - spark-submit stdout | 	at com.mongodb.spark.sql.connector.config.AbstractMongoConfig.withCollection(AbstractMongoConfig.java:173)
[2025-12-03T06:26:34.453+0000] {spark_read_mongo_dag.py:54} INFO - spark-submit stdout | 	at com.mongodb.spark.sql.connector.config.ReadConfig.withCollection(ReadConfig.java:45)
[2025-12-03T06:26:34.453+0000] {spark_read_mongo_dag.py:54} INFO - spark-submit stdout | 	at com.mongodb.spark.sql.connector.schema.InferSchema.inferSchema(InferSchema.java:82)
[2025-12-03T06:26:34.454+0000] {spark_read_mongo_dag.py:54} INFO - spark-submit stdout | 	at com.mongodb.spark.sql.connector.MongoTableProvider.inferSchema(MongoTableProvider.java:62)
[2025-12-03T06:26:34.454+0000] {spark_read_mongo_dag.py:54} INFO - spark-submit stdout | 	at org.apache.spark.sql.execution.datasources.v2.DataSourceV2Utils$.getTableFromProvider(DataSourceV2Utils.scala:90)
[2025-12-03T06:26:34.454+0000] {spark_read_mongo_dag.py:54} INFO - spark-submit stdout | 	at org.apache.spark.sql.execution.datasources.v2.DataSourceV2Utils$.loadV2Source(DataSourceV2Utils.scala:140)
[2025-12-03T06:26:34.455+0000] {spark_read_mongo_dag.py:54} INFO - spark-submit stdout | 	at org.apache.spark.sql.DataFrameReader.$anonfun$load$1(DataFrameReader.scala:210)
[2025-12-03T06:26:34.455+0000] {spark_read_mongo_dag.py:54} INFO - spark-submit stdout | 	at scala.Option.flatMap(Option.scala:271)
[2025-12-03T06:26:34.455+0000] {spark_read_mongo_dag.py:54} INFO - spark-submit stdout | 	at org.apache.spark.sql.DataFrameReader.load(DataFrameReader.scala:208)
[2025-12-03T06:26:34.456+0000] {spark_read_mongo_dag.py:54} INFO - spark-submit stdout | 	at org.apache.spark.sql.DataFrameReader.load(DataFrameReader.scala:172)
[2025-12-03T06:26:34.456+0000] {spark_read_mongo_dag.py:54} INFO - spark-submit stdout | 	at java.base/jdk.internal.reflect.NativeMethodAccessorImpl.invoke0(Native Method)
[2025-12-03T06:26:34.456+0000] {spark_read_mongo_dag.py:54} INFO - spark-submit stdout | 	at java.base/jdk.internal.reflect.NativeMethodAccessorImpl.invoke(NativeMethodAccessorImpl.java:77)
[2025-12-03T06:26:34.457+0000] {spark_read_mongo_dag.py:54} INFO - spark-submit stdout | 	at java.base/jdk.internal.reflect.DelegatingMethodAccessorImpl.invoke(DelegatingMethodAccessorImpl.java:43)
[2025-12-03T06:26:34.457+0000] {spark_read_mongo_dag.py:54} INFO - spark-submit stdout | 	at java.base/java.lang.reflect.Method.invoke(Method.java:569)
[2025-12-03T06:26:34.457+0000] {spark_read_mongo_dag.py:54} INFO - spark-submit stdout | 	at py4j.reflection.MethodInvoker.invoke(MethodInvoker.java:244)
[2025-12-03T06:26:34.458+0000] {spark_read_mongo_dag.py:54} INFO - spark-submit stdout | 	at py4j.reflection.ReflectionEngine.invoke(ReflectionEngine.java:374)
[2025-12-03T06:26:34.458+0000] {spark_read_mongo_dag.py:54} INFO - spark-submit stdout | 	at py4j.Gateway.invoke(Gateway.java:282)
[2025-12-03T06:26:34.458+0000] {spark_read_mongo_dag.py:54} INFO - spark-submit stdout | 	at py4j.commands.AbstractCommand.invokeMethod(AbstractCommand.java:132)
[2025-12-03T06:26:34.458+0000] {spark_read_mongo_dag.py:54} INFO - spark-submit stdout | 	at py4j.commands.CallCommand.execute(CallCommand.java:79)
[2025-12-03T06:26:34.459+0000] {spark_read_mongo_dag.py:54} INFO - spark-submit stdout | 	at py4j.ClientServerConnection.waitForCommands(ClientServerConnection.java:182)
[2025-12-03T06:26:34.459+0000] {spark_read_mongo_dag.py:54} INFO - spark-submit stdout | 	at py4j.ClientServerConnection.run(ClientServerConnection.java:106)
[2025-12-03T06:26:34.459+0000] {spark_read_mongo_dag.py:54} INFO - spark-submit stdout | 	at java.base/java.lang.Thread.run(Thread.java:840)
[2025-12-03T06:26:34.459+0000] {spark_read_mongo_dag.py:54} INFO - spark-submit stdout | 
[2025-12-03T06:26:34.460+0000] {spark_read_mongo_dag.py:54} INFO - spark-submit stdout | 
[2025-12-03T06:26:34.460+0000] {spark_read_mongo_dag.py:54} INFO - spark-submit stdout | 2025-12-03 06:26:33,829 ERROR mongo_to_iceberg - HINTS: - Ensure Mongo credentials are correct and authSource is right.
[2025-12-03T06:26:34.461+0000] {spark_read_mongo_dag.py:54} INFO - spark-submit stdout | 2025-12-03 06:26:33,829 ERROR mongo_to_iceberg -        - Verify mongo container user/password (MONGO_INITDB_ROOT_USERNAME/PASSWORD).
[2025-12-03T06:26:34.461+0000] {spark_read_mongo_dag.py:54} INFO - spark-submit stdout | 2025-12-03 06:26:33,829 ERROR mongo_to_iceberg -        - If using docker-compose, ensure 'mongo' and 'minio' hostnames resolve from Spark executors.
[2025-12-03T06:26:34.461+0000] {spark_read_mongo_dag.py:54} INFO - spark-submit stdout | 2025-12-03 06:26:33,829 ERROR mongo_to_iceberg -        - Ensure ICEBERG_WAREHOUSE uses s3a:// and that hadoop-aws + aws-java-sdk + iceberg-spark-runtime jars are present.
[2025-12-03T06:26:34.462+0000] {spark_read_mongo_dag.py:54} INFO - spark-submit stdout | Traceback (most recent call last):
[2025-12-03T06:26:34.462+0000] {spark_read_mongo_dag.py:54} INFO - spark-submit stdout |   File "/opt/***/spark_jobs/mongo_pyspark.py", line 648, in <module>
[2025-12-03T06:26:34.463+0000] {spark_read_mongo_dag.py:54} INFO - spark-submit stdout |     main()
[2025-12-03T06:26:34.463+0000] {spark_read_mongo_dag.py:54} INFO - spark-submit stdout |   File "/opt/***/spark_jobs/mongo_pyspark.py", line 526, in main
[2025-12-03T06:26:34.463+0000] {spark_read_mongo_dag.py:54} INFO - spark-submit stdout |     spark.read
[2025-12-03T06:26:34.464+0000] {spark_read_mongo_dag.py:54} INFO - spark-submit stdout |   File "/opt/spark/spark-3.4.1-bin-hadoop3/python/lib/pyspark.zip/pyspark/sql/readwriter.py", line 307, in load
[2025-12-03T06:26:34.464+0000] {spark_read_mongo_dag.py:54} INFO - spark-submit stdout |   File "/opt/spark/spark-3.4.1-bin-hadoop3/python/lib/py4j-0.10.9.7-src.zip/py4j/java_gateway.py", line 1322, in __call__
[2025-12-03T06:26:34.464+0000] {spark_read_mongo_dag.py:54} INFO - spark-submit stdout |   File "/opt/spark/spark-3.4.1-bin-hadoop3/python/lib/pyspark.zip/pyspark/errors/exceptions/captured.py", line 169, in deco
[2025-12-03T06:26:34.465+0000] {spark_read_mongo_dag.py:54} INFO - spark-submit stdout |   File "/opt/spark/spark-3.4.1-bin-hadoop3/python/lib/py4j-0.10.9.7-src.zip/py4j/protocol.py", line 326, in get_return_value
[2025-12-03T06:26:34.465+0000] {spark_read_mongo_dag.py:54} INFO - spark-submit stdout | py4j.protocol.Py4JJavaError: An error occurred while calling o62.load.
[2025-12-03T06:26:34.465+0000] {spark_read_mongo_dag.py:54} INFO - spark-submit stdout | : com.mongodb.MongoTimeoutException: Timed out after 30000 ms while waiting for a server that matches ReadPreferenceServerSelector{readPreference=primary}. Client view of cluster state is {type=UNKNOWN, servers=[{address=172.168.168.206:27017, type=UNKNOWN, state=CONNECTING, exception={com.mongodb.MongoSocketOpenException: Exception opening socket}, caused by {java.net.SocketTimeoutException: Connect timed out}}]
[2025-12-03T06:26:34.466+0000] {spark_read_mongo_dag.py:54} INFO - spark-submit stdout | 	at com.mongodb.internal.connection.BaseCluster.createTimeoutException(BaseCluster.java:380)
[2025-12-03T06:26:34.466+0000] {spark_read_mongo_dag.py:54} INFO - spark-submit stdout | 	at com.mongodb.internal.connection.BaseCluster.selectServer(BaseCluster.java:125)
[2025-12-03T06:26:34.467+0000] {spark_read_mongo_dag.py:54} INFO - spark-submit stdout | 	at com.mongodb.internal.connection.SingleServerCluster.selectServer(SingleServerCluster.java:46)
[2025-12-03T06:26:34.467+0000] {spark_read_mongo_dag.py:54} INFO - spark-submit stdout | 	at com.mongodb.internal.binding.ClusterBinding.getReadConnectionSource(ClusterBinding.java:116)
[2025-12-03T06:26:34.468+0000] {spark_read_mongo_dag.py:54} INFO - spark-submit stdout | 	at com.mongodb.client.internal.ClientSessionBinding.getConnectionSource(ClientSessionBinding.java:128)
[2025-12-03T06:26:34.468+0000] {spark_read_mongo_dag.py:54} INFO - spark-submit stdout | 	at com.mongodb.client.internal.ClientSessionBinding.getReadConnectionSource(ClientSessionBinding.java:92)
[2025-12-03T06:26:34.468+0000] {spark_read_mongo_dag.py:54} INFO - spark-submit stdout | 	at com.mongodb.internal.operation.SyncOperationHelper.withSuppliedResource(SyncOperationHelper.java:144)
[2025-12-03T06:26:34.469+0000] {spark_read_mongo_dag.py:54} INFO - spark-submit stdout | 	at com.mongodb.internal.operation.SyncOperationHelper.withSourceAndConnection(SyncOperationHelper.java:125)
[2025-12-03T06:26:34.469+0000] {spark_read_mongo_dag.py:54} INFO - spark-submit stdout | 	at com.mongodb.internal.operation.SyncOperationHelper.lambda$executeRetryableRead$4(SyncOperationHelper.java:189)
[2025-12-03T06:26:34.469+0000] {spark_read_mongo_dag.py:54} INFO - spark-submit stdout | 	at com.mongodb.internal.operation.SyncOperationHelper.lambda$decorateReadWithRetries$12(SyncOperationHelper.java:292)
[2025-12-03T06:26:34.470+0000] {spark_read_mongo_dag.py:54} INFO - spark-submit stdout | 	at com.mongodb.internal.async.function.RetryingSyncSupplier.get(RetryingSyncSupplier.java:67)
[2025-12-03T06:26:34.470+0000] {spark_read_mongo_dag.py:54} INFO - spark-submit stdout | 	at com.mongodb.internal.operation.SyncOperationHelper.executeRetryableRead(SyncOperationHelper.java:194)
[2025-12-03T06:26:34.471+0000] {spark_read_mongo_dag.py:54} INFO - spark-submit stdout | 	at com.mongodb.internal.operation.SyncOperationHelper.executeRetryableRead(SyncOperationHelper.java:176)
[2025-12-03T06:26:34.471+0000] {spark_read_mongo_dag.py:54} INFO - spark-submit stdout | 	at com.mongodb.internal.operation.AggregateOperationImpl.execute(AggregateOperationImpl.java:193)
[2025-12-03T06:26:34.471+0000] {spark_read_mongo_dag.py:54} INFO - spark-submit stdout | 	at com.mongodb.internal.operation.AggregateOperation.execute(AggregateOperation.java:153)
[2025-12-03T06:26:34.472+0000] {spark_read_mongo_dag.py:54} INFO - spark-submit stdout | 	at com.mongodb.internal.operation.AggregateOperation.execute(AggregateOperation.java:44)
[2025-12-03T06:26:34.472+0000] {spark_read_mongo_dag.py:54} INFO - spark-submit stdout | 	at com.mongodb.client.internal.MongoClientDelegate$DelegateOperationExecutor.execute(MongoClientDelegate.java:153)
[2025-12-03T06:26:34.472+0000] {spark_read_mongo_dag.py:54} INFO - spark-submit stdout | 	at com.mongodb.client.internal.MongoIterableImpl.execute(MongoIterableImpl.java:130)
[2025-12-03T06:26:34.473+0000] {spark_read_mongo_dag.py:54} INFO - spark-submit stdout | 	at com.mongodb.client.internal.MongoIterableImpl.iterator(MongoIterableImpl.java:90)
[2025-12-03T06:26:34.473+0000] {spark_read_mongo_dag.py:54} INFO - spark-submit stdout | 	at com.mongodb.client.internal.MongoIterableImpl.forEach(MongoIterableImpl.java:116)
[2025-12-03T06:26:34.473+0000] {spark_read_mongo_dag.py:54} INFO - spark-submit stdout | 	at com.mongodb.client.internal.MongoIterableImpl.into(MongoIterableImpl.java:125)
[2025-12-03T06:26:34.474+0000] {spark_read_mongo_dag.py:54} INFO - spark-submit stdout | 	at com.mongodb.spark.sql.connector.schema.InferSchema.lambda$inferSchema$0(InferSchema.java:86)
[2025-12-03T06:26:34.474+0000] {spark_read_mongo_dag.py:54} INFO - spark-submit stdout | 	at com.mongodb.spark.sql.connector.config.AbstractMongoConfig.withCollection(AbstractMongoConfig.java:173)
[2025-12-03T06:26:34.474+0000] {spark_read_mongo_dag.py:54} INFO - spark-submit stdout | 	at com.mongodb.spark.sql.connector.config.ReadConfig.withCollection(ReadConfig.java:45)
[2025-12-03T06:26:34.474+0000] {spark_read_mongo_dag.py:54} INFO - spark-submit stdout | 	at com.mongodb.spark.sql.connector.schema.InferSchema.inferSchema(InferSchema.java:82)
[2025-12-03T06:26:34.475+0000] {spark_read_mongo_dag.py:54} INFO - spark-submit stdout | 	at com.mongodb.spark.sql.connector.MongoTableProvider.inferSchema(MongoTableProvider.java:62)
[2025-12-03T06:26:34.475+0000] {spark_read_mongo_dag.py:54} INFO - spark-submit stdout | 	at org.apache.spark.sql.execution.datasources.v2.DataSourceV2Utils$.getTableFromProvider(DataSourceV2Utils.scala:90)
[2025-12-03T06:26:34.475+0000] {spark_read_mongo_dag.py:54} INFO - spark-submit stdout | 	at org.apache.spark.sql.execution.datasources.v2.DataSourceV2Utils$.loadV2Source(DataSourceV2Utils.scala:140)
[2025-12-03T06:26:34.476+0000] {spark_read_mongo_dag.py:54} INFO - spark-submit stdout | 	at org.apache.spark.sql.DataFrameReader.$anonfun$load$1(DataFrameReader.scala:210)
[2025-12-03T06:26:34.476+0000] {spark_read_mongo_dag.py:54} INFO - spark-submit stdout | 	at scala.Option.flatMap(Option.scala:271)
[2025-12-03T06:26:34.476+0000] {spark_read_mongo_dag.py:54} INFO - spark-submit stdout | 	at org.apache.spark.sql.DataFrameReader.load(DataFrameReader.scala:208)
[2025-12-03T06:26:34.477+0000] {spark_read_mongo_dag.py:54} INFO - spark-submit stdout | 	at org.apache.spark.sql.DataFrameReader.load(DataFrameReader.scala:172)
[2025-12-03T06:26:34.478+0000] {spark_read_mongo_dag.py:54} INFO - spark-submit stdout | 	at java.base/jdk.internal.reflect.NativeMethodAccessorImpl.invoke0(Native Method)
[2025-12-03T06:26:34.478+0000] {spark_read_mongo_dag.py:54} INFO - spark-submit stdout | 	at java.base/jdk.internal.reflect.NativeMethodAccessorImpl.invoke(NativeMethodAccessorImpl.java:77)
[2025-12-03T06:26:34.479+0000] {spark_read_mongo_dag.py:54} INFO - spark-submit stdout | 	at java.base/jdk.internal.reflect.DelegatingMethodAccessorImpl.invoke(DelegatingMethodAccessorImpl.java:43)
[2025-12-03T06:26:34.479+0000] {spark_read_mongo_dag.py:54} INFO - spark-submit stdout | 	at java.base/java.lang.reflect.Method.invoke(Method.java:569)
[2025-12-03T06:26:34.479+0000] {spark_read_mongo_dag.py:54} INFO - spark-submit stdout | 	at py4j.reflection.MethodInvoker.invoke(MethodInvoker.java:244)
[2025-12-03T06:26:34.480+0000] {spark_read_mongo_dag.py:54} INFO - spark-submit stdout | 	at py4j.reflection.ReflectionEngine.invoke(ReflectionEngine.java:374)
[2025-12-03T06:26:34.480+0000] {spark_read_mongo_dag.py:54} INFO - spark-submit stdout | 	at py4j.Gateway.invoke(Gateway.java:282)
[2025-12-03T06:26:34.480+0000] {spark_read_mongo_dag.py:54} INFO - spark-submit stdout | 	at py4j.commands.AbstractCommand.invokeMethod(AbstractCommand.java:132)
[2025-12-03T06:26:34.481+0000] {spark_read_mongo_dag.py:54} INFO - spark-submit stdout | 	at py4j.commands.CallCommand.execute(CallCommand.java:79)
[2025-12-03T06:26:34.481+0000] {spark_read_mongo_dag.py:54} INFO - spark-submit stdout | 	at py4j.ClientServerConnection.waitForCommands(ClientServerConnection.java:182)
[2025-12-03T06:26:34.481+0000] {spark_read_mongo_dag.py:54} INFO - spark-submit stdout | 	at py4j.ClientServerConnection.run(ClientServerConnection.java:106)
[2025-12-03T06:26:34.482+0000] {spark_read_mongo_dag.py:54} INFO - spark-submit stdout | 	at java.base/java.lang.Thread.run(Thread.java:840)
[2025-12-03T06:26:34.482+0000] {spark_read_mongo_dag.py:54} INFO - spark-submit stdout | 
[2025-12-03T06:26:34.482+0000] {spark_read_mongo_dag.py:54} INFO - spark-submit stdout | 2025-12-03 06:26:33,838 INFO py4j.clientserver - Closing down clientserver connection
[2025-12-03T06:26:34.483+0000] {spark_read_mongo_dag.py:57} ERROR - spark-submit stderr | 25/12/03 06:25:46 WARN NativeCodeLoader: Unable to load native-hadoop library for your platform... using builtin-java classes where applicable
[2025-12-03T06:26:34.483+0000] {spark_read_mongo_dag.py:57} ERROR - spark-submit stderr | 25/12/03 06:25:49 INFO SparkContext: Running Spark version 3.4.1
[2025-12-03T06:26:34.483+0000] {spark_read_mongo_dag.py:57} ERROR - spark-submit stderr | 25/12/03 06:25:49 INFO ResourceUtils: ==============================================================
[2025-12-03T06:26:34.483+0000] {spark_read_mongo_dag.py:57} ERROR - spark-submit stderr | 25/12/03 06:25:49 INFO ResourceUtils: No custom resources configured for spark.driver.
[2025-12-03T06:26:34.484+0000] {spark_read_mongo_dag.py:57} ERROR - spark-submit stderr | 25/12/03 06:25:49 INFO ResourceUtils: ==============================================================
[2025-12-03T06:26:34.484+0000] {spark_read_mongo_dag.py:57} ERROR - spark-submit stderr | 25/12/03 06:25:49 INFO SparkContext: Submitted application: MongoToIceberg
[2025-12-03T06:26:34.484+0000] {spark_read_mongo_dag.py:57} ERROR - spark-submit stderr | 25/12/03 06:25:49 INFO ResourceProfile: Default ResourceProfile created, executor resources: Map(cores -> name: cores, amount: 1, script: , vendor: , memory -> name: memory, amount: 1024, script: , vendor: , offHeap -> name: offHeap, amount: 0, script: , vendor: ), task resources: Map(cpus -> name: cpus, amount: 1.0)
[2025-12-03T06:26:34.485+0000] {spark_read_mongo_dag.py:57} ERROR - spark-submit stderr | 25/12/03 06:25:49 INFO ResourceProfile: Limiting resource is cpu
[2025-12-03T06:26:34.485+0000] {spark_read_mongo_dag.py:57} ERROR - spark-submit stderr | 25/12/03 06:25:49 INFO ResourceProfileManager: Added ResourceProfile id: 0
[2025-12-03T06:26:34.485+0000] {spark_read_mongo_dag.py:57} ERROR - spark-submit stderr | 25/12/03 06:25:49 INFO SecurityManager: Changing view acls to: ***
[2025-12-03T06:26:34.485+0000] {spark_read_mongo_dag.py:57} ERROR - spark-submit stderr | 25/12/03 06:25:49 INFO SecurityManager: Changing modify acls to: ***
[2025-12-03T06:26:34.486+0000] {spark_read_mongo_dag.py:57} ERROR - spark-submit stderr | 25/12/03 06:25:49 INFO SecurityManager: Changing view acls groups to: 
[2025-12-03T06:26:34.486+0000] {spark_read_mongo_dag.py:57} ERROR - spark-submit stderr | 25/12/03 06:25:49 INFO SecurityManager: Changing modify acls groups to: 
[2025-12-03T06:26:34.486+0000] {spark_read_mongo_dag.py:57} ERROR - spark-submit stderr | 25/12/03 06:25:49 INFO SecurityManager: SecurityManager: authentication disabled; ui acls disabled; users with view permissions: ***; groups with view permissions: EMPTY; users with modify permissions: ***; groups with modify permissions: EMPTY
[2025-12-03T06:26:34.487+0000] {spark_read_mongo_dag.py:57} ERROR - spark-submit stderr | 25/12/03 06:25:49 INFO Utils: Successfully started service 'sparkDriver' on port 41053.
[2025-12-03T06:26:34.487+0000] {spark_read_mongo_dag.py:57} ERROR - spark-submit stderr | 25/12/03 06:25:49 INFO SparkEnv: Registering MapOutputTracker
[2025-12-03T06:26:34.487+0000] {spark_read_mongo_dag.py:57} ERROR - spark-submit stderr | 25/12/03 06:25:49 INFO SparkEnv: Registering BlockManagerMaster
[2025-12-03T06:26:34.487+0000] {spark_read_mongo_dag.py:57} ERROR - spark-submit stderr | 25/12/03 06:25:49 INFO BlockManagerMasterEndpoint: Using org.apache.spark.storage.DefaultTopologyMapper for getting topology information
[2025-12-03T06:26:34.488+0000] {spark_read_mongo_dag.py:57} ERROR - spark-submit stderr | 25/12/03 06:25:49 INFO BlockManagerMasterEndpoint: BlockManagerMasterEndpoint up
[2025-12-03T06:26:34.488+0000] {spark_read_mongo_dag.py:57} ERROR - spark-submit stderr | 25/12/03 06:25:49 INFO SparkEnv: Registering BlockManagerMasterHeartbeat
[2025-12-03T06:26:34.488+0000] {spark_read_mongo_dag.py:57} ERROR - spark-submit stderr | 25/12/03 06:25:49 INFO DiskBlockManager: Created local directory at /tmp/blockmgr-2a636536-d3be-4dc0-b48a-7b8c6eee5d66
[2025-12-03T06:26:34.489+0000] {spark_read_mongo_dag.py:57} ERROR - spark-submit stderr | 25/12/03 06:25:50 INFO MemoryStore: MemoryStore started with capacity 434.4 MiB
[2025-12-03T06:26:34.489+0000] {spark_read_mongo_dag.py:57} ERROR - spark-submit stderr | 25/12/03 06:25:50 INFO SparkEnv: Registering OutputCommitCoordinator
[2025-12-03T06:26:34.489+0000] {spark_read_mongo_dag.py:57} ERROR - spark-submit stderr | 25/12/03 06:25:50 INFO JettyUtils: Start Jetty 0.0.0.0:4040 for SparkUI
[2025-12-03T06:26:34.489+0000] {spark_read_mongo_dag.py:57} ERROR - spark-submit stderr | 25/12/03 06:25:50 INFO Utils: Successfully started service 'SparkUI' on port 4040.
[2025-12-03T06:26:34.490+0000] {spark_read_mongo_dag.py:57} ERROR - spark-submit stderr | 25/12/03 06:25:50 INFO SparkContext: Added JAR /opt/***/jars/mongo-spark-connector_2.12-10.1.1.jar at spark://cb8e7c19f994:41053/jars/mongo-spark-connector_2.12-10.1.1.jar with timestamp 1764743149217
[2025-12-03T06:26:34.490+0000] {spark_read_mongo_dag.py:57} ERROR - spark-submit stderr | 25/12/03 06:25:50 INFO SparkContext: Added JAR /opt/***/jars/bson-4.11.2.jar at spark://cb8e7c19f994:41053/jars/bson-4.11.2.jar with timestamp 1764743149217
[2025-12-03T06:26:34.490+0000] {spark_read_mongo_dag.py:57} ERROR - spark-submit stderr | 25/12/03 06:25:50 INFO SparkContext: Added JAR /opt/***/jars/mongodb-driver-core-4.11.2.jar at spark://cb8e7c19f994:41053/jars/mongodb-driver-core-4.11.2.jar with timestamp 1764743149217
[2025-12-03T06:26:34.491+0000] {spark_read_mongo_dag.py:57} ERROR - spark-submit stderr | 25/12/03 06:25:50 INFO SparkContext: Added JAR /opt/***/jars/mongodb-driver-sync-4.11.2.jar at spark://cb8e7c19f994:41053/jars/mongodb-driver-sync-4.11.2.jar with timestamp 1764743149217
[2025-12-03T06:26:34.491+0000] {spark_read_mongo_dag.py:57} ERROR - spark-submit stderr | 25/12/03 06:25:50 INFO SparkContext: Added JAR /opt/***/jars/iceberg-spark-runtime-3.5_2.12-1.5.2.jar at spark://cb8e7c19f994:41053/jars/iceberg-spark-runtime-3.5_2.12-1.5.2.jar with timestamp 1764743149217
[2025-12-03T06:26:34.491+0000] {spark_read_mongo_dag.py:57} ERROR - spark-submit stderr | 25/12/03 06:25:50 INFO SparkContext: Added JAR /opt/***/jars/hadoop-aws-3.3.4.jar at spark://cb8e7c19f994:41053/jars/hadoop-aws-3.3.4.jar with timestamp 1764743149217
[2025-12-03T06:26:34.492+0000] {spark_read_mongo_dag.py:57} ERROR - spark-submit stderr | 25/12/03 06:25:50 INFO SparkContext: Added JAR /opt/***/jars/aws-java-sdk-bundle-1.12.772.jar at spark://cb8e7c19f994:41053/jars/aws-java-sdk-bundle-1.12.772.jar with timestamp 1764743149217
[2025-12-03T06:26:34.492+0000] {spark_read_mongo_dag.py:57} ERROR - spark-submit stderr | 25/12/03 06:25:50 INFO Executor: Starting executor ID driver on host cb8e7c19f994
[2025-12-03T06:26:34.492+0000] {spark_read_mongo_dag.py:57} ERROR - spark-submit stderr | 25/12/03 06:25:50 INFO Executor: Starting executor with user classpath (userClassPathFirst = false): ''
[2025-12-03T06:26:34.493+0000] {spark_read_mongo_dag.py:57} ERROR - spark-submit stderr | 25/12/03 06:25:50 INFO Executor: Fetching spark://cb8e7c19f994:41053/jars/iceberg-spark-runtime-3.5_2.12-1.5.2.jar with timestamp 1764743149217
[2025-12-03T06:26:34.493+0000] {spark_read_mongo_dag.py:57} ERROR - spark-submit stderr | 25/12/03 06:25:50 INFO TransportClientFactory: Successfully created connection to cb8e7c19f994/172.19.0.11:41053 after 18 ms (0 ms spent in bootstraps)
[2025-12-03T06:26:34.493+0000] {spark_read_mongo_dag.py:57} ERROR - spark-submit stderr | 25/12/03 06:25:50 INFO Utils: Fetching spark://cb8e7c19f994:41053/jars/iceberg-spark-runtime-3.5_2.12-1.5.2.jar to /tmp/spark-c05bbdab-1974-4274-9e12-1f5f54697943/userFiles-4ee67419-1b88-464c-9fe0-b3e737ce340e/fetchFileTemp15641530465552312244.tmp
[2025-12-03T06:26:34.494+0000] {spark_read_mongo_dag.py:57} ERROR - spark-submit stderr | 25/12/03 06:25:51 INFO Executor: Adding file:/tmp/spark-c05bbdab-1974-4274-9e12-1f5f54697943/userFiles-4ee67419-1b88-464c-9fe0-b3e737ce340e/iceberg-spark-runtime-3.5_2.12-1.5.2.jar to class loader
[2025-12-03T06:26:34.494+0000] {spark_read_mongo_dag.py:57} ERROR - spark-submit stderr | 25/12/03 06:25:51 INFO Executor: Fetching spark://cb8e7c19f994:41053/jars/mongodb-driver-core-4.11.2.jar with timestamp 1764743149217
[2025-12-03T06:26:34.495+0000] {spark_read_mongo_dag.py:57} ERROR - spark-submit stderr | 25/12/03 06:25:51 INFO Utils: Fetching spark://cb8e7c19f994:41053/jars/mongodb-driver-core-4.11.2.jar to /tmp/spark-c05bbdab-1974-4274-9e12-1f5f54697943/userFiles-4ee67419-1b88-464c-9fe0-b3e737ce340e/fetchFileTemp17167603099471290537.tmp
[2025-12-03T06:26:34.495+0000] {spark_read_mongo_dag.py:57} ERROR - spark-submit stderr | 25/12/03 06:25:51 INFO Executor: Adding file:/tmp/spark-c05bbdab-1974-4274-9e12-1f5f54697943/userFiles-4ee67419-1b88-464c-9fe0-b3e737ce340e/mongodb-driver-core-4.11.2.jar to class loader
[2025-12-03T06:26:34.495+0000] {spark_read_mongo_dag.py:57} ERROR - spark-submit stderr | 25/12/03 06:25:51 INFO Executor: Fetching spark://cb8e7c19f994:41053/jars/mongodb-driver-sync-4.11.2.jar with timestamp 1764743149217
[2025-12-03T06:26:34.495+0000] {spark_read_mongo_dag.py:57} ERROR - spark-submit stderr | 25/12/03 06:25:51 INFO Utils: Fetching spark://cb8e7c19f994:41053/jars/mongodb-driver-sync-4.11.2.jar to /tmp/spark-c05bbdab-1974-4274-9e12-1f5f54697943/userFiles-4ee67419-1b88-464c-9fe0-b3e737ce340e/fetchFileTemp303075133147761331.tmp
[2025-12-03T06:26:34.496+0000] {spark_read_mongo_dag.py:57} ERROR - spark-submit stderr | 25/12/03 06:25:51 INFO Executor: Adding file:/tmp/spark-c05bbdab-1974-4274-9e12-1f5f54697943/userFiles-4ee67419-1b88-464c-9fe0-b3e737ce340e/mongodb-driver-sync-4.11.2.jar to class loader
[2025-12-03T06:26:34.496+0000] {spark_read_mongo_dag.py:57} ERROR - spark-submit stderr | 25/12/03 06:25:51 INFO Executor: Fetching spark://cb8e7c19f994:41053/jars/bson-4.11.2.jar with timestamp 1764743149217
[2025-12-03T06:26:34.496+0000] {spark_read_mongo_dag.py:57} ERROR - spark-submit stderr | 25/12/03 06:25:51 INFO Utils: Fetching spark://cb8e7c19f994:41053/jars/bson-4.11.2.jar to /tmp/spark-c05bbdab-1974-4274-9e12-1f5f54697943/userFiles-4ee67419-1b88-464c-9fe0-b3e737ce340e/fetchFileTemp6775329574508050294.tmp
[2025-12-03T06:26:34.497+0000] {spark_read_mongo_dag.py:57} ERROR - spark-submit stderr | 25/12/03 06:25:51 INFO Executor: Adding file:/tmp/spark-c05bbdab-1974-4274-9e12-1f5f54697943/userFiles-4ee67419-1b88-464c-9fe0-b3e737ce340e/bson-4.11.2.jar to class loader
[2025-12-03T06:26:34.497+0000] {spark_read_mongo_dag.py:57} ERROR - spark-submit stderr | 25/12/03 06:25:51 INFO Executor: Fetching spark://cb8e7c19f994:41053/jars/hadoop-aws-3.3.4.jar with timestamp 1764743149217
[2025-12-03T06:26:34.497+0000] {spark_read_mongo_dag.py:57} ERROR - spark-submit stderr | 25/12/03 06:25:51 INFO Utils: Fetching spark://cb8e7c19f994:41053/jars/hadoop-aws-3.3.4.jar to /tmp/spark-c05bbdab-1974-4274-9e12-1f5f54697943/userFiles-4ee67419-1b88-464c-9fe0-b3e737ce340e/fetchFileTemp14426188551429340087.tmp
[2025-12-03T06:26:34.497+0000] {spark_read_mongo_dag.py:57} ERROR - spark-submit stderr | 25/12/03 06:25:51 INFO Executor: Adding file:/tmp/spark-c05bbdab-1974-4274-9e12-1f5f54697943/userFiles-4ee67419-1b88-464c-9fe0-b3e737ce340e/hadoop-aws-3.3.4.jar to class loader
[2025-12-03T06:26:34.498+0000] {spark_read_mongo_dag.py:57} ERROR - spark-submit stderr | 25/12/03 06:25:51 INFO Executor: Fetching spark://cb8e7c19f994:41053/jars/mongo-spark-connector_2.12-10.1.1.jar with timestamp 1764743149217
[2025-12-03T06:26:34.498+0000] {spark_read_mongo_dag.py:57} ERROR - spark-submit stderr | 25/12/03 06:25:51 INFO Utils: Fetching spark://cb8e7c19f994:41053/jars/mongo-spark-connector_2.12-10.1.1.jar to /tmp/spark-c05bbdab-1974-4274-9e12-1f5f54697943/userFiles-4ee67419-1b88-464c-9fe0-b3e737ce340e/fetchFileTemp1273893266158327126.tmp
[2025-12-03T06:26:34.498+0000] {spark_read_mongo_dag.py:57} ERROR - spark-submit stderr | 25/12/03 06:25:51 INFO Executor: Adding file:/tmp/spark-c05bbdab-1974-4274-9e12-1f5f54697943/userFiles-4ee67419-1b88-464c-9fe0-b3e737ce340e/mongo-spark-connector_2.12-10.1.1.jar to class loader
[2025-12-03T06:26:34.499+0000] {spark_read_mongo_dag.py:57} ERROR - spark-submit stderr | 25/12/03 06:25:51 INFO Executor: Fetching spark://cb8e7c19f994:41053/jars/aws-java-sdk-bundle-1.12.772.jar with timestamp 1764743149217
[2025-12-03T06:26:34.499+0000] {spark_read_mongo_dag.py:57} ERROR - spark-submit stderr | 25/12/03 06:25:51 INFO Utils: Fetching spark://cb8e7c19f994:41053/jars/aws-java-sdk-bundle-1.12.772.jar to /tmp/spark-c05bbdab-1974-4274-9e12-1f5f54697943/userFiles-4ee67419-1b88-464c-9fe0-b3e737ce340e/fetchFileTemp8245692929129710290.tmp
[2025-12-03T06:26:34.499+0000] {spark_read_mongo_dag.py:57} ERROR - spark-submit stderr | 25/12/03 06:26:02 INFO Executor: Adding file:/tmp/spark-c05bbdab-1974-4274-9e12-1f5f54697943/userFiles-4ee67419-1b88-464c-9fe0-b3e737ce340e/aws-java-sdk-bundle-1.12.772.jar to class loader
[2025-12-03T06:26:34.500+0000] {spark_read_mongo_dag.py:57} ERROR - spark-submit stderr | 25/12/03 06:26:02 INFO Utils: Successfully started service 'org.apache.spark.network.netty.NettyBlockTransferService' on port 36065.
[2025-12-03T06:26:34.500+0000] {spark_read_mongo_dag.py:57} ERROR - spark-submit stderr | 25/12/03 06:26:02 INFO NettyBlockTransferService: Server created on cb8e7c19f994:36065
[2025-12-03T06:26:34.500+0000] {spark_read_mongo_dag.py:57} ERROR - spark-submit stderr | 25/12/03 06:26:02 INFO BlockManager: Using org.apache.spark.storage.RandomBlockReplicationPolicy for block replication policy
[2025-12-03T06:26:34.500+0000] {spark_read_mongo_dag.py:57} ERROR - spark-submit stderr | 25/12/03 06:26:02 INFO BlockManagerMaster: Registering BlockManager BlockManagerId(driver, cb8e7c19f994, 36065, None)
[2025-12-03T06:26:34.501+0000] {spark_read_mongo_dag.py:57} ERROR - spark-submit stderr | 25/12/03 06:26:02 INFO BlockManagerMasterEndpoint: Registering block manager cb8e7c19f994:36065 with 434.4 MiB RAM, BlockManagerId(driver, cb8e7c19f994, 36065, None)
[2025-12-03T06:26:34.501+0000] {spark_read_mongo_dag.py:57} ERROR - spark-submit stderr | 25/12/03 06:26:02 INFO BlockManagerMaster: Registered BlockManager BlockManagerId(driver, cb8e7c19f994, 36065, None)
[2025-12-03T06:26:34.501+0000] {spark_read_mongo_dag.py:57} ERROR - spark-submit stderr | 25/12/03 06:26:02 INFO BlockManager: Initialized BlockManager: BlockManagerId(driver, cb8e7c19f994, 36065, None)
[2025-12-03T06:26:34.502+0000] {spark_read_mongo_dag.py:57} ERROR - spark-submit stderr | 25/12/03 06:26:02 INFO SharedState: Setting hive.metastore.warehouse.dir ('null') to the value of spark.sql.warehouse.dir.
[2025-12-03T06:26:34.502+0000] {spark_read_mongo_dag.py:57} ERROR - spark-submit stderr | 25/12/03 06:26:02 INFO SharedState: Warehouse path is 'file:/opt/***/spark-warehouse'.
[2025-12-03T06:26:34.502+0000] {spark_read_mongo_dag.py:57} ERROR - spark-submit stderr | 25/12/03 06:26:03 INFO client: MongoClient with metadata {"driver": {"name": "mongo-java-driver|sync|mongo-spark-connector|source", "version": "4.11.2|10.1.1"}, "os": {"type": "Linux", "name": "Linux", "architecture": "amd64", "version": "6.6.87.2-microsoft-standard-WSL2"}, "platform": "Java/Debian/17.0.17+10-Debian-1deb12u1|Scala/2.12.17/Spark/3.4.1"} created with settings MongoClientSettings{readPreference=primary, writeConcern=WriteConcern{w=null, wTimeout=null ms, journal=null}, retryWrites=true, retryReads=true, readConcern=ReadConcern{level=null}, credential=null, transportSettings=null, streamFactoryFactory=null, commandListeners=[], codecRegistry=ProvidersCodecRegistry{codecProviders=[ValueCodecProvider{}, BsonValueCodecProvider{}, DBRefCodecProvider{}, DBObjectCodecProvider{}, DocumentCodecProvider{}, CollectionCodecProvider{}, IterableCodecProvider{}, MapCodecProvider{}, GeoJsonCodecProvider{}, GridFSFileCodecProvider{}, Jsr310CodecProvider{}, JsonObjectCodecProvider{}, BsonCodecProvider{}, EnumCodecProvider{}, com.mongodb.client.model.mql.ExpressionCodecProvider@28a5aa37, com.mongodb.Jep395RecordCodecProvider@c3f2096, com.mongodb.KotlinCodecProvider@41fa44db]}, loggerSettings=LoggerSettings{maxDocumentLength=1000}, clusterSettings={hosts=[172.168.168.206:27017], srvServiceName=mongodb, mode=SINGLE, requiredClusterType=UNKNOWN, requiredReplicaSetName='null', serverSelector='null', clusterListeners='[]', serverSelectionTimeout='30000 ms', localThreshold='15 ms'}, socketSettings=SocketSettings{connectTimeoutMS=10000, readTimeoutMS=0, receiveBufferSize=0, proxySettings=ProxySettings{host=null, port=null, username=null, password=null}}, heartbeatSocketSettings=SocketSettings{connectTimeoutMS=10000, readTimeoutMS=10000, receiveBufferSize=0, proxySettings=ProxySettings{host=null, port=null, username=null, password=null}}, connectionPoolSettings=ConnectionPoolSettings{maxSize=100, minSize=0, maxWaitTimeMS=120000, maxConnectionLifeTimeMS=0, maxConnectionIdleTimeMS=0, maintenanceInitialDelayMS=0, maintenanceFrequencyMS=60000, connectionPoolListeners=[], maxConnecting=2}, serverSettings=ServerSettings{heartbeatFrequencyMS=10000, minHeartbeatFrequencyMS=500, serverListeners='[]', serverMonitorListeners='[]'}, sslSettings=SslSettings{enabled=false, invalidHostNameAllowed=false, context=null}, applicationName='null', compressorList=[], uuidRepresentation=UNSPECIFIED, serverApi=null, autoEncryptionSettings=null, dnsClient=null, inetAddressResolver=null, contextProvider=null}
[2025-12-03T06:26:34.502+0000] {spark_read_mongo_dag.py:57} ERROR - spark-submit stderr | 25/12/03 06:26:03 INFO cluster: No server chosen by ReadPreferenceServerSelector{readPreference=primary} from cluster description ClusterDescription{type=UNKNOWN, connectionMode=SINGLE, serverDescriptions=[ServerDescription{address=172.168.168.206:27017, type=UNKNOWN, state=CONNECTING}]}. Waiting for 30000 ms before timing out
[2025-12-03T06:26:34.503+0000] {spark_read_mongo_dag.py:57} ERROR - spark-submit stderr | 25/12/03 06:26:13 INFO cluster: Exception in monitor thread while connecting to server 172.168.168.206:27017
[2025-12-03T06:26:34.503+0000] {spark_read_mongo_dag.py:57} ERROR - spark-submit stderr | com.mongodb.MongoSocketOpenException: Exception opening socket
[2025-12-03T06:26:34.503+0000] {spark_read_mongo_dag.py:57} ERROR - spark-submit stderr | 	at com.mongodb.internal.connection.SocketStream.lambda$open$0(SocketStream.java:84)
[2025-12-03T06:26:34.504+0000] {spark_read_mongo_dag.py:57} ERROR - spark-submit stderr | 	at java.base/java.util.Optional.orElseThrow(Optional.java:403)
[2025-12-03T06:26:34.504+0000] {spark_read_mongo_dag.py:57} ERROR - spark-submit stderr | 	at com.mongodb.internal.connection.SocketStream.open(SocketStream.java:84)
[2025-12-03T06:26:34.504+0000] {spark_read_mongo_dag.py:57} ERROR - spark-submit stderr | 	at com.mongodb.internal.connection.InternalStreamConnection.open(InternalStreamConnection.java:211)
[2025-12-03T06:26:34.504+0000] {spark_read_mongo_dag.py:57} ERROR - spark-submit stderr | 	at com.mongodb.internal.connection.DefaultServerMonitor$ServerMonitorRunnable.lookupServerDescription(DefaultServerMonitor.java:193)
[2025-12-03T06:26:34.505+0000] {spark_read_mongo_dag.py:57} ERROR - spark-submit stderr | 	at com.mongodb.internal.connection.DefaultServerMonitor$ServerMonitorRunnable.run(DefaultServerMonitor.java:153)
[2025-12-03T06:26:34.505+0000] {spark_read_mongo_dag.py:57} ERROR - spark-submit stderr | 	at java.base/java.lang.Thread.run(Thread.java:840)
[2025-12-03T06:26:34.505+0000] {spark_read_mongo_dag.py:57} ERROR - spark-submit stderr | Caused by: java.net.SocketTimeoutException: Connect timed out
[2025-12-03T06:26:34.506+0000] {spark_read_mongo_dag.py:57} ERROR - spark-submit stderr | 	at java.base/sun.nio.ch.NioSocketImpl.timedFinishConnect(NioSocketImpl.java:551)
[2025-12-03T06:26:34.506+0000] {spark_read_mongo_dag.py:57} ERROR - spark-submit stderr | 	at java.base/sun.nio.ch.NioSocketImpl.connect(NioSocketImpl.java:602)
[2025-12-03T06:26:34.506+0000] {spark_read_mongo_dag.py:57} ERROR - spark-submit stderr | 	at java.base/java.net.SocksSocketImpl.connect(SocksSocketImpl.java:327)
[2025-12-03T06:26:34.506+0000] {spark_read_mongo_dag.py:57} ERROR - spark-submit stderr | 	at java.base/java.net.Socket.connect(Socket.java:633)
[2025-12-03T06:26:34.507+0000] {spark_read_mongo_dag.py:57} ERROR - spark-submit stderr | 	at com.mongodb.internal.connection.SocketStreamHelper.initialize(SocketStreamHelper.java:76)
[2025-12-03T06:26:34.507+0000] {spark_read_mongo_dag.py:57} ERROR - spark-submit stderr | 	at com.mongodb.internal.connection.SocketStream.initializeSocket(SocketStream.java:104)
[2025-12-03T06:26:34.507+0000] {spark_read_mongo_dag.py:57} ERROR - spark-submit stderr | 	at com.mongodb.internal.connection.SocketStream.open(SocketStream.java:78)
[2025-12-03T06:26:34.507+0000] {spark_read_mongo_dag.py:57} ERROR - spark-submit stderr | 	... 4 more
[2025-12-03T06:26:34.508+0000] {spark_read_mongo_dag.py:57} ERROR - spark-submit stderr | 25/12/03 06:26:33 INFO SparkContext: Invoking stop() from shutdown hook
[2025-12-03T06:26:34.508+0000] {spark_read_mongo_dag.py:57} ERROR - spark-submit stderr | 25/12/03 06:26:33 INFO SparkContext: SparkContext is stopping with exitCode 0.
[2025-12-03T06:26:34.508+0000] {spark_read_mongo_dag.py:57} ERROR - spark-submit stderr | 25/12/03 06:26:33 INFO SparkUI: Stopped Spark web UI at http://cb8e7c19f994:4040
[2025-12-03T06:26:34.509+0000] {spark_read_mongo_dag.py:57} ERROR - spark-submit stderr | 25/12/03 06:26:33 INFO MapOutputTrackerMasterEndpoint: MapOutputTrackerMasterEndpoint stopped!
[2025-12-03T06:26:34.509+0000] {spark_read_mongo_dag.py:57} ERROR - spark-submit stderr | 25/12/03 06:26:33 INFO MemoryStore: MemoryStore cleared
[2025-12-03T06:26:34.509+0000] {spark_read_mongo_dag.py:57} ERROR - spark-submit stderr | 25/12/03 06:26:33 INFO BlockManager: BlockManager stopped
[2025-12-03T06:26:34.510+0000] {spark_read_mongo_dag.py:57} ERROR - spark-submit stderr | 25/12/03 06:26:33 INFO BlockManagerMaster: BlockManagerMaster stopped
[2025-12-03T06:26:34.510+0000] {spark_read_mongo_dag.py:57} ERROR - spark-submit stderr | 25/12/03 06:26:33 INFO OutputCommitCoordinator$OutputCommitCoordinatorEndpoint: OutputCommitCoordinator stopped!
[2025-12-03T06:26:34.511+0000] {spark_read_mongo_dag.py:57} ERROR - spark-submit stderr | 25/12/03 06:26:34 INFO SparkContext: Successfully stopped SparkContext
[2025-12-03T06:26:34.511+0000] {spark_read_mongo_dag.py:57} ERROR - spark-submit stderr | 25/12/03 06:26:34 INFO ShutdownHookManager: Shutdown hook called
[2025-12-03T06:26:34.511+0000] {spark_read_mongo_dag.py:57} ERROR - spark-submit stderr | 25/12/03 06:26:34 INFO ShutdownHookManager: Deleting directory /tmp/spark-70aaa89a-2e15-486e-9c7d-479485da7ead
[2025-12-03T06:26:34.512+0000] {spark_read_mongo_dag.py:57} ERROR - spark-submit stderr | 25/12/03 06:26:34 INFO ShutdownHookManager: Deleting directory /tmp/spark-c05bbdab-1974-4274-9e12-1f5f54697943
[2025-12-03T06:26:34.512+0000] {spark_read_mongo_dag.py:57} ERROR - spark-submit stderr | 25/12/03 06:26:34 INFO ShutdownHookManager: Deleting directory /tmp/spark-c05bbdab-1974-4274-9e12-1f5f54697943/pyspark-dec9ae59-e6b0-4ed7-9204-982f5d9dc979
[2025-12-03T06:26:34.515+0000] {spark_read_mongo_dag.py:63} ERROR - Exception in run_spark_job: spark-submit failed with exit 1
[2025-12-03T06:26:34.515+0000] {spark_read_mongo_dag.py:64} ERROR - Traceback:
Traceback (most recent call last):
  File "/opt/***/dags/spark_read_mongo_dag.py", line 59, in run_spark_job
    raise RuntimeError(f"spark-submit failed with exit {proc.returncode}")
RuntimeError: spark-submit failed with exit 1

[2025-12-03T06:26:34.515+0000] {taskinstance.py:441} INFO - ::group::Post task execution logs
[2025-12-03T06:26:34.516+0000] {taskinstance.py:2905} ERROR - Task failed with exception
Traceback (most recent call last):
  File "/home/airflow/.local/lib/python3.9/site-packages/airflow/models/taskinstance.py", line 465, in _execute_task
    result = _execute_callable(context=context, **execute_callable_kwargs)
  File "/home/airflow/.local/lib/python3.9/site-packages/airflow/models/taskinstance.py", line 432, in _execute_callable
    return execute_callable(context=context, **execute_callable_kwargs)
  File "/home/airflow/.local/lib/python3.9/site-packages/airflow/models/baseoperator.py", line 401, in wrapper
    return func(self, *args, **kwargs)
  File "/home/airflow/.local/lib/python3.9/site-packages/airflow/operators/python.py", line 235, in execute
    return_value = self.execute_callable()
  File "/home/airflow/.local/lib/python3.9/site-packages/airflow/operators/python.py", line 252, in execute_callable
    return self.python_callable(*self.op_args, **self.op_kwargs)
  File "/opt/airflow/dags/spark_read_mongo_dag.py", line 59, in run_spark_job
    raise RuntimeError(f"spark-submit failed with exit {proc.returncode}")
RuntimeError: spark-submit failed with exit 1
[2025-12-03T06:26:34.533+0000] {taskinstance.py:1206} INFO - Marking task as FAILED. dag_id=mongo_iceberg_dag, task_id=run_mongo_to_iceberg, run_id=manual__2025-12-03T06:25:43.489021+00:00, execution_date=20251203T062543, start_date=20251203T062544, end_date=20251203T062634
[2025-12-03T06:26:34.583+0000] {standard_task_runner.py:110} ERROR - Failed to execute job 31 for task run_mongo_to_iceberg (spark-submit failed with exit 1; 977)
[2025-12-03T06:26:34.610+0000] {local_task_job_runner.py:240} INFO - Task exited with return code 1
[2025-12-03T06:26:34.629+0000] {taskinstance.py:3503} INFO - 0 downstream tasks scheduled from follow-on schedule check
[2025-12-03T06:26:34.724+0000] {local_task_job_runner.py:222} INFO - ::endgroup::
