[2025-12-09T06:44:51.198+0000] {local_task_job_runner.py:120} INFO - ::group::Pre task execution logs
[2025-12-09T06:44:51.237+0000] {taskinstance.py:2076} INFO - Dependencies all met for dep_context=non-requeueable deps ti=<TaskInstance: mongo_iceberg_dremio_dagg.configure_dremio_source manual__2025-12-09T06:44:20.263914+00:00 [queued]>
[2025-12-09T06:44:51.247+0000] {taskinstance.py:2076} INFO - Dependencies all met for dep_context=requeueable deps ti=<TaskInstance: mongo_iceberg_dremio_dagg.configure_dremio_source manual__2025-12-09T06:44:20.263914+00:00 [queued]>
[2025-12-09T06:44:51.269+0000] {taskinstance.py:2306} INFO - Starting attempt 1 of 2
[2025-12-09T06:44:51.319+0000] {taskinstance.py:2330} INFO - Executing <Task(PythonOperator): configure_dremio_source> on 2025-12-09 06:44:20.263914+00:00
[2025-12-09T06:44:51.326+0000] {standard_task_runner.py:63} INFO - Started process 3815 to run task
[2025-12-09T06:44:51.330+0000] {standard_task_runner.py:90} INFO - Running: ['***', 'tasks', 'run', 'mongo_iceberg_dremio_dagg', 'configure_dremio_source', 'manual__2025-12-09T06:44:20.263914+00:00', '--job-id', '163', '--raw', '--subdir', 'DAGS_FOLDER/spark_read_mongo_dag.py', '--cfg-path', '/tmp/tmpf37yq775']
[2025-12-09T06:44:51.332+0000] {standard_task_runner.py:91} INFO - Job 163: Subtask configure_dremio_source
[2025-12-09T06:44:51.543+0000] {task_command.py:426} INFO - Running <TaskInstance: mongo_iceberg_dremio_dagg.configure_dremio_source manual__2025-12-09T06:44:20.263914+00:00 [running]> on host e0aa762b1237
[2025-12-09T06:44:51.694+0000] {taskinstance.py:2648} INFO - Exporting env vars: AIRFLOW_CTX_DAG_OWNER='deeku' AIRFLOW_CTX_DAG_ID='mongo_iceberg_dremio_dagg' AIRFLOW_CTX_TASK_ID='configure_dremio_source' AIRFLOW_CTX_EXECUTION_DATE='2025-12-09T06:44:20.263914+00:00' AIRFLOW_CTX_TRY_NUMBER='1' AIRFLOW_CTX_DAG_RUN_ID='manual__2025-12-09T06:44:20.263914+00:00'
[2025-12-09T06:44:51.695+0000] {taskinstance.py:430} INFO - ::endgroup::
[2025-12-09T06:44:51.706+0000] {spark_read_mongo_dag.py:241} INFO - create_dremio_iceberg_source: start
[2025-12-09T06:44:51.798+0000] {spark_read_mongo_dag.py:269} INFO - Dremio source exists=False id=None
[2025-12-09T06:44:51.877+0000] {spark_read_mongo_dag.py:277} INFO - Checking available source types...
[2025-12-09T06:44:51.912+0000] {spark_read_mongo_dag.py:283} INFO - Available source types: {
  "data": [
    {
      "sourceType": "MYSQL",
      "label": "MySQL",
      "previewEngineRequired": true,
      "externalQueryAllowed": true
    },
    {
      "sourceType": "DREMIOTODREMIO",
      "label": "Dremio",
      "previewEngineRequired": false,
      "externalQueryAllowed": true
    },
    {
      "sourceType": "ADL",
      "label": "Azure Data Lake Storage Gen1",
      "previewEngineRequired": false,
      "externalQueryAllowed": false
    },
    {
      "sourceType": "SNOWFLAKE",
      "label": "Snowflake",
      "previewEngineRequired": true,
      "externalQueryAllowed": true
    },
    {
      "sourceType": "NAS",
      "label": "",
      "previewEngineRequired": false,
      "externalQueryAllowed": false
    },
    {
      "sourceType": "AZURE_STORAGE",
      "label": "Azure Storage",
      "previewEngineRequired": false,
      "externalQueryAllowed": false
    },
    {
      "sourceType": "MSSQL",
      "label": "Microsoft SQL Server",
      "previewEngineRequired": true,
      "externalQueryAllowed": true
    },
    {
      "sourceType": "ELASTIC",
      "label": "Elasticsearch",
      "previewEngineRequired": false,
      "externalQueryAllowed": false
    },
    {
      "sourceType": "S3",
      "label": "Amazon S3",
      "previewEngineRequired": false,
      "externalQueryAllowed": false
    },
    {
      "sourceType": "DB2",
      "label": "IBM Db2",
      "previewEngineRequired": false,
      "externalQueryAllowed": true
    },
    {
      "sourceType": "GCS",
      "label": "Google Cloud Storage",
      "previewEngineRequired": false,
      "externalQueryAllowed": false
    },
    {
      "sourceType": "SYNAPSE",
      "label": "Microsoft Azure Synapse Analytics",
      "previewEngineRequired": true,
      "externalQueryAllowed": true
    },
    {
      "sourceType": "MONGO",
      "label": "MongoDB",
      "previewEngineRequired": false,
      "externalQueryAllowed": false
    },
    {
      "sourceType": "HIVE",
      "label": "Hive 2.x",
      "previewEngineRequired": false,
      "externalQueryAllowed": false
    },
    {
      "sourceType": "DRUID",
      "label": "Druid",
      "previewEngineRequired": true,
      "externalQueryAllowed": true
    },
    {
      "sourceType": "HIVE3",
      "label": "Hive 3.x",
      "previewEngineRequired": false,
      "externalQueryAllowed": false
    },
    {
      "sourceType": "AWSGLUE",
      "label": "AWS Glue Data Catalog",
      "previewEngineRequired": false,
      "externalQueryAllowed": false
    },
    {
      "sourceType": "AMAZONELASTIC",
      "label": "Amazon OpenSearch Service",
      "previewEngineRequired": false,
      "externalQueryAllowed": false
    },
    {
      "sourceType": "NESSIE",
      "label": "Nessie (Preview)",
      "previewEngineRequired": false,
      "externalQueryAllowed": false
    },
    {
      "sourceType": "REDSHIFT",
      "label": "Amazon Redshift",
      "previewEngineRequired": true,
      "externalQueryAllowed": true
    },
    {
      "sourceType": "POSTGRES",
      "label": "PostgreSQL",
      "previewEngineRequired": true,
      "externalQueryAllowed": true
    },
    {
      "sourceType": "ORACLE",
      "label": "Oracle",
      "previewEngineRequired": true,
      "externalQueryAllowed": true
    },
    {
      "sourceType": "ADX",
      "label": "Microsoft Azure Data Explorer",
      "previewEngineRequired": true,
      "externalQueryAllowed": true
    },
    {
      "sourceType": "HDFS",
      "label": "",
      "previewEngineRequired": false,
      "externalQueryAllowed": false
    }
  ]
}
[2025-12-09T06:44:51.912+0000] {spark_read_mongo_dag.py:389} INFO - === Trying approach 1/10: type=NESSIE ===
[2025-12-09T06:44:51.913+0000] {spark_read_mongo_dag.py:404} INFO - Attempt config (masked): {
  "nessieUri": "http://nessie:19120/api/v2",
  "defaultBranch": "main",
  "warehouse": "s3a://iceberg",
  "propertyList": [
    {
      "name": "fs.s3a.endpoint",
      "value": "minio:9000"
    },
    {
      "name": "fs.s3a.access.key",
      "value": "***MASKED***"
    },
    {
      "name": "fs.s3a.secret.key",
      "value": "***MASKED***"
    },
    {
      "name": "fs.s3a.path.style.access",
      "value": "true"
    },
    {
      "name": "fs.s3a.connection.ssl.enabled",
      "value": "false"
    },
    {
      "name": "fs.s3a.endpoint.region",
      "value": "us-east-1"
    }
  ]
}
[2025-12-09T06:44:51.914+0000] {spark_read_mongo_dag.py:414} INFO - Creating new source
[2025-12-09T06:44:51.920+0000] {spark_read_mongo_dag.py:418} INFO - Response status: 400
[2025-12-09T06:44:51.921+0000] {spark_read_mongo_dag.py:441} INFO - Response error: {"errorMessage":"Invalid value found at: nessieUri","moreInfo":"","stackTrace":[]}
[2025-12-09T06:44:51.921+0000] {spark_read_mongo_dag.py:446} INFO - Validation error details: {
  "errorMessage": "Invalid value found at: nessieUri",
  "moreInfo": "",
  "stackTrace": []
}
[2025-12-09T06:44:51.923+0000] {spark_read_mongo_dag.py:389} INFO - === Trying approach 2/10: type=NESSIE ===
[2025-12-09T06:44:51.925+0000] {spark_read_mongo_dag.py:404} INFO - Attempt config (masked): {
  "nessieUri": "http://nessie:19120/api/v1",
  "defaultBranch": "main",
  "warehouse": "s3a://iceberg",
  "propertyList": [
    {
      "name": "fs.s3a.endpoint",
      "value": "minio:9000"
    },
    {
      "name": "fs.s3a.access.key",
      "value": "***MASKED***"
    },
    {
      "name": "fs.s3a.secret.key",
      "value": "***MASKED***"
    },
    {
      "name": "fs.s3a.path.style.access",
      "value": "true"
    },
    {
      "name": "fs.s3a.connection.ssl.enabled",
      "value": "false"
    },
    {
      "name": "fs.s3a.endpoint.region",
      "value": "us-east-1"
    }
  ]
}
[2025-12-09T06:44:51.925+0000] {spark_read_mongo_dag.py:414} INFO - Creating new source
[2025-12-09T06:44:51.931+0000] {spark_read_mongo_dag.py:418} INFO - Response status: 400
[2025-12-09T06:44:51.932+0000] {spark_read_mongo_dag.py:441} INFO - Response error: {"errorMessage":"Invalid value found at: nessieUri","moreInfo":"","stackTrace":[]}
[2025-12-09T06:44:51.933+0000] {spark_read_mongo_dag.py:446} INFO - Validation error details: {
  "errorMessage": "Invalid value found at: nessieUri",
  "moreInfo": "",
  "stackTrace": []
}
[2025-12-09T06:44:51.933+0000] {spark_read_mongo_dag.py:389} INFO - === Trying approach 3/10: type=NESSIE ===
[2025-12-09T06:44:51.934+0000] {spark_read_mongo_dag.py:404} INFO - Attempt config (masked): {
  "nessieUri": "http://nessie:19120",
  "defaultBranch": "main",
  "warehouse": "s3a://iceberg",
  "propertyList": [
    {
      "name": "fs.s3a.endpoint",
      "value": "minio:9000"
    },
    {
      "name": "fs.s3a.access.key",
      "value": "***MASKED***"
    },
    {
      "name": "fs.s3a.secret.key",
      "value": "***MASKED***"
    },
    {
      "name": "fs.s3a.path.style.access",
      "value": "true"
    },
    {
      "name": "fs.s3a.connection.ssl.enabled",
      "value": "false"
    },
    {
      "name": "fs.s3a.endpoint.region",
      "value": "us-east-1"
    }
  ]
}
[2025-12-09T06:44:51.934+0000] {spark_read_mongo_dag.py:414} INFO - Creating new source
[2025-12-09T06:44:51.940+0000] {spark_read_mongo_dag.py:418} INFO - Response status: 400
[2025-12-09T06:44:51.940+0000] {spark_read_mongo_dag.py:441} INFO - Response error: {"errorMessage":"Invalid value found at: nessieUri","moreInfo":"","stackTrace":[]}
[2025-12-09T06:44:51.941+0000] {spark_read_mongo_dag.py:446} INFO - Validation error details: {
  "errorMessage": "Invalid value found at: nessieUri",
  "moreInfo": "",
  "stackTrace": []
}
[2025-12-09T06:44:51.942+0000] {spark_read_mongo_dag.py:389} INFO - === Trying approach 4/10: type=NESSIE ===
[2025-12-09T06:44:51.942+0000] {spark_read_mongo_dag.py:404} INFO - Attempt config (masked): {
  "nessieUri": "nessie://nessie:19120/api/v2",
  "defaultBranch": "main",
  "warehouse": "s3a://iceberg",
  "propertyList": [
    {
      "name": "fs.s3a.endpoint",
      "value": "minio:9000"
    },
    {
      "name": "fs.s3a.access.key",
      "value": "***MASKED***"
    },
    {
      "name": "fs.s3a.secret.key",
      "value": "***MASKED***"
    },
    {
      "name": "fs.s3a.path.style.access",
      "value": "true"
    },
    {
      "name": "fs.s3a.connection.ssl.enabled",
      "value": "false"
    },
    {
      "name": "fs.s3a.endpoint.region",
      "value": "us-east-1"
    }
  ]
}
[2025-12-09T06:44:51.943+0000] {spark_read_mongo_dag.py:414} INFO - Creating new source
[2025-12-09T06:44:51.949+0000] {spark_read_mongo_dag.py:418} INFO - Response status: 400
[2025-12-09T06:44:51.949+0000] {spark_read_mongo_dag.py:441} INFO - Response error: {"errorMessage":"Invalid value found at: nessieUri","moreInfo":"","stackTrace":[]}
[2025-12-09T06:44:51.950+0000] {spark_read_mongo_dag.py:446} INFO - Validation error details: {
  "errorMessage": "Invalid value found at: nessieUri",
  "moreInfo": "",
  "stackTrace": []
}
[2025-12-09T06:44:51.950+0000] {spark_read_mongo_dag.py:389} INFO - === Trying approach 5/10: type=NESSIE ===
[2025-12-09T06:44:51.951+0000] {spark_read_mongo_dag.py:404} INFO - Attempt config (masked): {
  "nessieUri": "nessie://nessie:19120/api/v1",
  "defaultBranch": "main",
  "warehouse": "s3a://iceberg",
  "propertyList": [
    {
      "name": "fs.s3a.endpoint",
      "value": "minio:9000"
    },
    {
      "name": "fs.s3a.access.key",
      "value": "***MASKED***"
    },
    {
      "name": "fs.s3a.secret.key",
      "value": "***MASKED***"
    },
    {
      "name": "fs.s3a.path.style.access",
      "value": "true"
    },
    {
      "name": "fs.s3a.connection.ssl.enabled",
      "value": "false"
    },
    {
      "name": "fs.s3a.endpoint.region",
      "value": "us-east-1"
    }
  ]
}
[2025-12-09T06:44:51.951+0000] {spark_read_mongo_dag.py:414} INFO - Creating new source
[2025-12-09T06:44:51.957+0000] {spark_read_mongo_dag.py:418} INFO - Response status: 400
[2025-12-09T06:44:51.960+0000] {spark_read_mongo_dag.py:441} INFO - Response error: {"errorMessage":"Invalid value found at: nessieUri","moreInfo":"","stackTrace":[]}
[2025-12-09T06:44:51.961+0000] {spark_read_mongo_dag.py:446} INFO - Validation error details: {
  "errorMessage": "Invalid value found at: nessieUri",
  "moreInfo": "",
  "stackTrace": []
}
[2025-12-09T06:44:51.962+0000] {spark_read_mongo_dag.py:389} INFO - === Trying approach 6/10: type=NESSIE ===
[2025-12-09T06:44:51.962+0000] {spark_read_mongo_dag.py:404} INFO - Attempt config (masked): {
  "nessieUri": "nessie://nessie:19120",
  "defaultBranch": "main",
  "warehouse": "s3a://iceberg",
  "propertyList": [
    {
      "name": "fs.s3a.endpoint",
      "value": "minio:9000"
    },
    {
      "name": "fs.s3a.access.key",
      "value": "***MASKED***"
    },
    {
      "name": "fs.s3a.secret.key",
      "value": "***MASKED***"
    },
    {
      "name": "fs.s3a.path.style.access",
      "value": "true"
    },
    {
      "name": "fs.s3a.connection.ssl.enabled",
      "value": "false"
    },
    {
      "name": "fs.s3a.endpoint.region",
      "value": "us-east-1"
    }
  ]
}
[2025-12-09T06:44:51.964+0000] {spark_read_mongo_dag.py:414} INFO - Creating new source
[2025-12-09T06:44:51.971+0000] {spark_read_mongo_dag.py:418} INFO - Response status: 400
[2025-12-09T06:44:51.972+0000] {spark_read_mongo_dag.py:441} INFO - Response error: {"errorMessage":"Invalid value found at: nessieUri","moreInfo":"","stackTrace":[]}
[2025-12-09T06:44:51.972+0000] {spark_read_mongo_dag.py:446} INFO - Validation error details: {
  "errorMessage": "Invalid value found at: nessieUri",
  "moreInfo": "",
  "stackTrace": []
}
[2025-12-09T06:44:51.973+0000] {spark_read_mongo_dag.py:389} INFO - === Trying approach 7/10: type=NESSIE ===
[2025-12-09T06:44:51.973+0000] {spark_read_mongo_dag.py:404} INFO - Attempt config (masked): {
  "defaultBranch": "main",
  "warehouse": "s3a://iceberg",
  "propertyList": [
    {
      "name": "nessie.uri",
      "value": "http://nessie:19120/api/v2"
    },
    {
      "name": "fs.s3a.endpoint",
      "value": "minio:9000"
    },
    {
      "name": "fs.s3a.access.key",
      "value": "***MASKED***"
    },
    {
      "name": "fs.s3a.secret.key",
      "value": "***MASKED***"
    },
    {
      "name": "fs.s3a.path.style.access",
      "value": "true"
    },
    {
      "name": "fs.s3a.connection.ssl.enabled",
      "value": "false"
    }
  ]
}
[2025-12-09T06:44:51.974+0000] {spark_read_mongo_dag.py:414} INFO - Creating new source
[2025-12-09T06:44:51.980+0000] {spark_read_mongo_dag.py:418} INFO - Response status: 400
[2025-12-09T06:44:51.980+0000] {spark_read_mongo_dag.py:441} INFO - Response error: {"errorMessage":"Invalid value found at: defaultBranch","moreInfo":"","stackTrace":[]}
[2025-12-09T06:44:51.981+0000] {spark_read_mongo_dag.py:446} INFO - Validation error details: {
  "errorMessage": "Invalid value found at: defaultBranch",
  "moreInfo": "",
  "stackTrace": []
}
[2025-12-09T06:44:51.981+0000] {spark_read_mongo_dag.py:389} INFO - === Trying approach 8/10: type=ARCTIC ===
[2025-12-09T06:44:51.982+0000] {spark_read_mongo_dag.py:404} INFO - Attempt config (masked): {
  "nessieUri": "http://nessie:19120/api/v2",
  "defaultBranch": "main",
  "warehouse": "s3a://iceberg",
  "propertyList": [
    {
      "name": "fs.s3a.endpoint",
      "value": "minio:9000"
    },
    {
      "name": "fs.s3a.access.key",
      "value": "***MASKED***"
    },
    {
      "name": "fs.s3a.secret.key",
      "value": "***MASKED***"
    },
    {
      "name": "fs.s3a.path.style.access",
      "value": "true"
    },
    {
      "name": "fs.s3a.connection.ssl.enabled",
      "value": "false"
    }
  ]
}
[2025-12-09T06:44:51.983+0000] {spark_read_mongo_dag.py:414} INFO - Creating new source
[2025-12-09T06:44:51.988+0000] {spark_read_mongo_dag.py:418} INFO - Response status: 400
[2025-12-09T06:44:51.989+0000] {spark_read_mongo_dag.py:441} INFO - Response error: {"errorMessage":"Invalid value","moreInfo":"","stackTrace":[]}
[2025-12-09T06:44:51.990+0000] {spark_read_mongo_dag.py:446} INFO - Validation error details: {
  "errorMessage": "Invalid value",
  "moreInfo": "",
  "stackTrace": []
}
[2025-12-09T06:44:51.990+0000] {spark_read_mongo_dag.py:389} INFO - === Trying approach 9/10: type=DATA_LAKE ===
[2025-12-09T06:44:51.991+0000] {spark_read_mongo_dag.py:404} INFO - Attempt config (masked): {
  "rootPath": "s3a://iceberg",
  "propertyList": [
    {
      "name": "fs.s3a.endpoint",
      "value": "minio:9000"
    },
    {
      "name": "fs.s3a.access.key",
      "value": "***MASKED***"
    },
    {
      "name": "fs.s3a.secret.key",
      "value": "***MASKED***"
    },
    {
      "name": "fs.s3a.path.style.access",
      "value": "true"
    },
    {
      "name": "fs.s3a.connection.ssl.enabled",
      "value": "false"
    },
    {
      "name": "iceberg.catalog.type",
      "value": "nessie"
    },
    {
      "name": "iceberg.catalog.uri",
      "value": "http://nessie:19120/api/v2"
    },
    {
      "name": "iceberg.catalog.ref",
      "value": "main"
    }
  ]
}
[2025-12-09T06:44:51.991+0000] {spark_read_mongo_dag.py:414} INFO - Creating new source
[2025-12-09T06:44:51.997+0000] {spark_read_mongo_dag.py:418} INFO - Response status: 400
[2025-12-09T06:44:51.998+0000] {spark_read_mongo_dag.py:441} INFO - Response error: {"errorMessage":"Invalid value","moreInfo":"","stackTrace":[]}
[2025-12-09T06:44:51.999+0000] {spark_read_mongo_dag.py:446} INFO - Validation error details: {
  "errorMessage": "Invalid value",
  "moreInfo": "",
  "stackTrace": []
}
[2025-12-09T06:44:51.999+0000] {spark_read_mongo_dag.py:389} INFO - === Trying approach 10/10: type=NESSIE ===
[2025-12-09T06:44:52.000+0000] {spark_read_mongo_dag.py:404} INFO - Attempt config (masked): {
  "propertyList": [
    {
      "name": "fs.s3a.endpoint",
      "value": "minio:9000"
    },
    {
      "name": "fs.s3a.access.key",
      "value": "***MASKED***"
    },
    {
      "name": "fs.s3a.secret.key",
      "value": "***MASKED***"
    },
    {
      "name": "fs.s3a.path.style.access",
      "value": "true"
    },
    {
      "name": "fs.s3a.connection.ssl.enabled",
      "value": "false"
    },
    {
      "name": "iceberg.enabled",
      "value": "true"
    },
    {
      "name": "iceberg.catalog.type",
      "value": "nessie"
    },
    {
      "name": "iceberg.catalog.uri",
      "value": "http://nessie:19120/api/v2"
    },
    {
      "name": "iceberg.catalog.warehouse",
      "value": "s3a://iceberg"
    },
    {
      "name": "iceberg.catalog.ref",
      "value": "main"
    }
  ]
}
[2025-12-09T06:44:52.000+0000] {spark_read_mongo_dag.py:414} INFO - Creating new source
[2025-12-09T06:44:52.076+0000] {spark_read_mongo_dag.py:418} INFO - Response status: 409
[2025-12-09T06:44:52.077+0000] {spark_read_mongo_dag.py:437} WARNING - Source already exists
[2025-12-09T06:44:52.078+0000] {python.py:237} INFO - Done. Returned value was: {'status': 'exists', 'message': 'Source already exists'}
[2025-12-09T06:44:52.083+0000] {taskinstance.py:441} INFO - ::group::Post task execution logs
[2025-12-09T06:44:52.149+0000] {taskinstance.py:1206} INFO - Marking task as SUCCESS. dag_id=mongo_iceberg_dremio_dagg, task_id=configure_dremio_source, run_id=manual__2025-12-09T06:44:20.263914+00:00, execution_date=20251209T064420, start_date=20251209T064451, end_date=20251209T064452
[2025-12-09T06:44:52.229+0000] {local_task_job_runner.py:240} INFO - Task exited with return code 0
[2025-12-09T06:44:52.255+0000] {taskinstance.py:3503} INFO - 1 downstream tasks scheduled from follow-on schedule check
[2025-12-09T06:44:52.286+0000] {local_task_job_runner.py:222} INFO - ::endgroup::
